[2023-10-13T23:09:59.227+0000] {processor.py:157} INFO - Started process (PID=62) to work on /home/airflow/.local/lib/python3.8/site-packages/airflow/example_dags/example_kubernetes_executor.py
[2023-10-13T23:09:59.228+0000] {processor.py:829} INFO - Processing file /home/airflow/.local/lib/python3.8/site-packages/airflow/example_dags/example_kubernetes_executor.py for tasks to queue
[2023-10-13T23:09:59.230+0000] {logging_mixin.py:151} INFO - [2023-10-13T23:09:59.230+0000] {dagbag.py:536} INFO - Filling up the DagBag from /home/airflow/.local/lib/python3.8/site-packages/airflow/example_dags/example_kubernetes_executor.py
[2023-10-13T23:09:59.244+0000] {processor.py:839} INFO - DAG(s) dict_keys(['example_kubernetes_executor']) retrieved from /home/airflow/.local/lib/python3.8/site-packages/airflow/example_dags/example_kubernetes_executor.py
[2023-10-13T23:09:59.254+0000] {logging_mixin.py:151} INFO - [2023-10-13T23:09:59.254+0000] {dag.py:2941} INFO - Sync 1 DAGs
[2023-10-13T23:09:59.267+0000] {logging_mixin.py:151} INFO - [2023-10-13T23:09:59.267+0000] {dag.py:3722} INFO - Setting next_dagrun for example_kubernetes_executor to None, run_after=None
[2023-10-13T23:09:59.279+0000] {processor.py:179} INFO - Processing /home/airflow/.local/lib/python3.8/site-packages/airflow/example_dags/example_kubernetes_executor.py took 0.054 seconds
[2023-10-13T23:11:23.591+0000] {processor.py:157} INFO - Started process (PID=61) to work on /home/airflow/.local/lib/python3.8/site-packages/airflow/example_dags/example_kubernetes_executor.py
[2023-10-13T23:11:23.592+0000] {processor.py:829} INFO - Processing file /home/airflow/.local/lib/python3.8/site-packages/airflow/example_dags/example_kubernetes_executor.py for tasks to queue
[2023-10-13T23:11:23.594+0000] {logging_mixin.py:151} INFO - [2023-10-13T23:11:23.594+0000] {dagbag.py:536} INFO - Filling up the DagBag from /home/airflow/.local/lib/python3.8/site-packages/airflow/example_dags/example_kubernetes_executor.py
[2023-10-13T23:11:23.606+0000] {processor.py:839} INFO - DAG(s) dict_keys(['example_kubernetes_executor']) retrieved from /home/airflow/.local/lib/python3.8/site-packages/airflow/example_dags/example_kubernetes_executor.py
[2023-10-13T23:11:23.622+0000] {logging_mixin.py:151} INFO - [2023-10-13T23:11:23.622+0000] {dag.py:2941} INFO - Sync 1 DAGs
[2023-10-13T23:11:23.640+0000] {logging_mixin.py:151} INFO - [2023-10-13T23:11:23.639+0000] {dag.py:3722} INFO - Setting next_dagrun for example_kubernetes_executor to None, run_after=None
[2023-10-13T23:11:23.658+0000] {processor.py:179} INFO - Processing /home/airflow/.local/lib/python3.8/site-packages/airflow/example_dags/example_kubernetes_executor.py took 0.070 seconds
[2023-10-13T23:11:53.948+0000] {processor.py:157} INFO - Started process (PID=115) to work on /home/airflow/.local/lib/python3.8/site-packages/airflow/example_dags/example_kubernetes_executor.py
[2023-10-13T23:11:53.949+0000] {processor.py:829} INFO - Processing file /home/airflow/.local/lib/python3.8/site-packages/airflow/example_dags/example_kubernetes_executor.py for tasks to queue
[2023-10-13T23:11:53.951+0000] {logging_mixin.py:151} INFO - [2023-10-13T23:11:53.950+0000] {dagbag.py:536} INFO - Filling up the DagBag from /home/airflow/.local/lib/python3.8/site-packages/airflow/example_dags/example_kubernetes_executor.py
[2023-10-13T23:11:53.962+0000] {processor.py:839} INFO - DAG(s) dict_keys(['example_kubernetes_executor']) retrieved from /home/airflow/.local/lib/python3.8/site-packages/airflow/example_dags/example_kubernetes_executor.py
[2023-10-13T23:11:53.990+0000] {logging_mixin.py:151} INFO - [2023-10-13T23:11:53.990+0000] {dag.py:2941} INFO - Sync 1 DAGs
[2023-10-13T23:11:53.998+0000] {logging_mixin.py:151} INFO - [2023-10-13T23:11:53.998+0000] {dag.py:3722} INFO - Setting next_dagrun for example_kubernetes_executor to None, run_after=None
[2023-10-13T23:11:54.012+0000] {processor.py:179} INFO - Processing /home/airflow/.local/lib/python3.8/site-packages/airflow/example_dags/example_kubernetes_executor.py took 0.068 seconds
[2023-10-13T23:12:24.201+0000] {processor.py:157} INFO - Started process (PID=169) to work on /home/airflow/.local/lib/python3.8/site-packages/airflow/example_dags/example_kubernetes_executor.py
[2023-10-13T23:12:24.202+0000] {processor.py:829} INFO - Processing file /home/airflow/.local/lib/python3.8/site-packages/airflow/example_dags/example_kubernetes_executor.py for tasks to queue
[2023-10-13T23:12:24.204+0000] {logging_mixin.py:151} INFO - [2023-10-13T23:12:24.204+0000] {dagbag.py:536} INFO - Filling up the DagBag from /home/airflow/.local/lib/python3.8/site-packages/airflow/example_dags/example_kubernetes_executor.py
[2023-10-13T23:12:24.214+0000] {processor.py:839} INFO - DAG(s) dict_keys(['example_kubernetes_executor']) retrieved from /home/airflow/.local/lib/python3.8/site-packages/airflow/example_dags/example_kubernetes_executor.py
[2023-10-13T23:12:24.244+0000] {logging_mixin.py:151} INFO - [2023-10-13T23:12:24.244+0000] {dag.py:2941} INFO - Sync 1 DAGs
[2023-10-13T23:12:24.252+0000] {logging_mixin.py:151} INFO - [2023-10-13T23:12:24.252+0000] {dag.py:3722} INFO - Setting next_dagrun for example_kubernetes_executor to None, run_after=None
[2023-10-13T23:12:24.265+0000] {processor.py:179} INFO - Processing /home/airflow/.local/lib/python3.8/site-packages/airflow/example_dags/example_kubernetes_executor.py took 0.067 seconds
[2023-10-13T23:12:55.126+0000] {processor.py:157} INFO - Started process (PID=223) to work on /home/airflow/.local/lib/python3.8/site-packages/airflow/example_dags/example_kubernetes_executor.py
[2023-10-13T23:12:55.127+0000] {processor.py:829} INFO - Processing file /home/airflow/.local/lib/python3.8/site-packages/airflow/example_dags/example_kubernetes_executor.py for tasks to queue
[2023-10-13T23:12:55.128+0000] {logging_mixin.py:151} INFO - [2023-10-13T23:12:55.128+0000] {dagbag.py:536} INFO - Filling up the DagBag from /home/airflow/.local/lib/python3.8/site-packages/airflow/example_dags/example_kubernetes_executor.py
[2023-10-13T23:12:55.137+0000] {processor.py:839} INFO - DAG(s) dict_keys(['example_kubernetes_executor']) retrieved from /home/airflow/.local/lib/python3.8/site-packages/airflow/example_dags/example_kubernetes_executor.py
[2023-10-13T23:12:55.161+0000] {logging_mixin.py:151} INFO - [2023-10-13T23:12:55.161+0000] {dag.py:2941} INFO - Sync 1 DAGs
[2023-10-13T23:12:55.169+0000] {logging_mixin.py:151} INFO - [2023-10-13T23:12:55.169+0000] {dag.py:3722} INFO - Setting next_dagrun for example_kubernetes_executor to None, run_after=None
[2023-10-13T23:12:55.180+0000] {processor.py:179} INFO - Processing /home/airflow/.local/lib/python3.8/site-packages/airflow/example_dags/example_kubernetes_executor.py took 0.056 seconds
[2023-10-13T23:13:25.382+0000] {processor.py:157} INFO - Started process (PID=277) to work on /home/airflow/.local/lib/python3.8/site-packages/airflow/example_dags/example_kubernetes_executor.py
[2023-10-13T23:13:25.383+0000] {processor.py:829} INFO - Processing file /home/airflow/.local/lib/python3.8/site-packages/airflow/example_dags/example_kubernetes_executor.py for tasks to queue
[2023-10-13T23:13:25.385+0000] {logging_mixin.py:151} INFO - [2023-10-13T23:13:25.384+0000] {dagbag.py:536} INFO - Filling up the DagBag from /home/airflow/.local/lib/python3.8/site-packages/airflow/example_dags/example_kubernetes_executor.py
[2023-10-13T23:13:25.393+0000] {processor.py:839} INFO - DAG(s) dict_keys(['example_kubernetes_executor']) retrieved from /home/airflow/.local/lib/python3.8/site-packages/airflow/example_dags/example_kubernetes_executor.py
[2023-10-13T23:13:25.417+0000] {logging_mixin.py:151} INFO - [2023-10-13T23:13:25.417+0000] {dag.py:2941} INFO - Sync 1 DAGs
[2023-10-13T23:13:25.425+0000] {logging_mixin.py:151} INFO - [2023-10-13T23:13:25.425+0000] {dag.py:3722} INFO - Setting next_dagrun for example_kubernetes_executor to None, run_after=None
[2023-10-13T23:13:25.436+0000] {processor.py:179} INFO - Processing /home/airflow/.local/lib/python3.8/site-packages/airflow/example_dags/example_kubernetes_executor.py took 0.056 seconds
[2023-10-13T23:13:55.577+0000] {processor.py:157} INFO - Started process (PID=331) to work on /home/airflow/.local/lib/python3.8/site-packages/airflow/example_dags/example_kubernetes_executor.py
[2023-10-13T23:13:55.578+0000] {processor.py:829} INFO - Processing file /home/airflow/.local/lib/python3.8/site-packages/airflow/example_dags/example_kubernetes_executor.py for tasks to queue
[2023-10-13T23:13:55.579+0000] {logging_mixin.py:151} INFO - [2023-10-13T23:13:55.579+0000] {dagbag.py:536} INFO - Filling up the DagBag from /home/airflow/.local/lib/python3.8/site-packages/airflow/example_dags/example_kubernetes_executor.py
[2023-10-13T23:13:55.588+0000] {processor.py:839} INFO - DAG(s) dict_keys(['example_kubernetes_executor']) retrieved from /home/airflow/.local/lib/python3.8/site-packages/airflow/example_dags/example_kubernetes_executor.py
[2023-10-13T23:13:55.611+0000] {logging_mixin.py:151} INFO - [2023-10-13T23:13:55.611+0000] {dag.py:2941} INFO - Sync 1 DAGs
[2023-10-13T23:13:55.618+0000] {logging_mixin.py:151} INFO - [2023-10-13T23:13:55.618+0000] {dag.py:3722} INFO - Setting next_dagrun for example_kubernetes_executor to None, run_after=None
[2023-10-13T23:13:55.628+0000] {processor.py:179} INFO - Processing /home/airflow/.local/lib/python3.8/site-packages/airflow/example_dags/example_kubernetes_executor.py took 0.054 seconds
[2023-10-13T23:14:25.773+0000] {processor.py:157} INFO - Started process (PID=385) to work on /home/airflow/.local/lib/python3.8/site-packages/airflow/example_dags/example_kubernetes_executor.py
[2023-10-13T23:14:25.774+0000] {processor.py:829} INFO - Processing file /home/airflow/.local/lib/python3.8/site-packages/airflow/example_dags/example_kubernetes_executor.py for tasks to queue
[2023-10-13T23:14:25.775+0000] {logging_mixin.py:151} INFO - [2023-10-13T23:14:25.775+0000] {dagbag.py:536} INFO - Filling up the DagBag from /home/airflow/.local/lib/python3.8/site-packages/airflow/example_dags/example_kubernetes_executor.py
[2023-10-13T23:14:25.784+0000] {processor.py:839} INFO - DAG(s) dict_keys(['example_kubernetes_executor']) retrieved from /home/airflow/.local/lib/python3.8/site-packages/airflow/example_dags/example_kubernetes_executor.py
[2023-10-13T23:14:25.808+0000] {logging_mixin.py:151} INFO - [2023-10-13T23:14:25.808+0000] {dag.py:2941} INFO - Sync 1 DAGs
[2023-10-13T23:14:25.815+0000] {logging_mixin.py:151} INFO - [2023-10-13T23:14:25.815+0000] {dag.py:3722} INFO - Setting next_dagrun for example_kubernetes_executor to None, run_after=None
[2023-10-13T23:14:25.829+0000] {processor.py:179} INFO - Processing /home/airflow/.local/lib/python3.8/site-packages/airflow/example_dags/example_kubernetes_executor.py took 0.058 seconds
[2023-10-13T23:14:55.969+0000] {processor.py:157} INFO - Started process (PID=439) to work on /home/airflow/.local/lib/python3.8/site-packages/airflow/example_dags/example_kubernetes_executor.py
[2023-10-13T23:14:55.970+0000] {processor.py:829} INFO - Processing file /home/airflow/.local/lib/python3.8/site-packages/airflow/example_dags/example_kubernetes_executor.py for tasks to queue
[2023-10-13T23:14:55.972+0000] {logging_mixin.py:151} INFO - [2023-10-13T23:14:55.972+0000] {dagbag.py:536} INFO - Filling up the DagBag from /home/airflow/.local/lib/python3.8/site-packages/airflow/example_dags/example_kubernetes_executor.py
[2023-10-13T23:14:55.981+0000] {processor.py:839} INFO - DAG(s) dict_keys(['example_kubernetes_executor']) retrieved from /home/airflow/.local/lib/python3.8/site-packages/airflow/example_dags/example_kubernetes_executor.py
[2023-10-13T23:14:56.010+0000] {logging_mixin.py:151} INFO - [2023-10-13T23:14:56.010+0000] {dag.py:2941} INFO - Sync 1 DAGs
[2023-10-13T23:14:56.018+0000] {logging_mixin.py:151} INFO - [2023-10-13T23:14:56.017+0000] {dag.py:3722} INFO - Setting next_dagrun for example_kubernetes_executor to None, run_after=None
[2023-10-13T23:14:56.031+0000] {processor.py:179} INFO - Processing /home/airflow/.local/lib/python3.8/site-packages/airflow/example_dags/example_kubernetes_executor.py took 0.064 seconds
[2023-10-13T23:15:26.178+0000] {processor.py:157} INFO - Started process (PID=493) to work on /home/airflow/.local/lib/python3.8/site-packages/airflow/example_dags/example_kubernetes_executor.py
[2023-10-13T23:15:26.179+0000] {processor.py:829} INFO - Processing file /home/airflow/.local/lib/python3.8/site-packages/airflow/example_dags/example_kubernetes_executor.py for tasks to queue
[2023-10-13T23:15:26.181+0000] {logging_mixin.py:151} INFO - [2023-10-13T23:15:26.180+0000] {dagbag.py:536} INFO - Filling up the DagBag from /home/airflow/.local/lib/python3.8/site-packages/airflow/example_dags/example_kubernetes_executor.py
[2023-10-13T23:15:26.190+0000] {processor.py:839} INFO - DAG(s) dict_keys(['example_kubernetes_executor']) retrieved from /home/airflow/.local/lib/python3.8/site-packages/airflow/example_dags/example_kubernetes_executor.py
[2023-10-13T23:15:26.214+0000] {logging_mixin.py:151} INFO - [2023-10-13T23:15:26.214+0000] {dag.py:2941} INFO - Sync 1 DAGs
[2023-10-13T23:15:26.222+0000] {logging_mixin.py:151} INFO - [2023-10-13T23:15:26.221+0000] {dag.py:3722} INFO - Setting next_dagrun for example_kubernetes_executor to None, run_after=None
[2023-10-13T23:15:26.232+0000] {processor.py:179} INFO - Processing /home/airflow/.local/lib/python3.8/site-packages/airflow/example_dags/example_kubernetes_executor.py took 0.056 seconds
[2023-10-13T23:15:56.362+0000] {processor.py:157} INFO - Started process (PID=547) to work on /home/airflow/.local/lib/python3.8/site-packages/airflow/example_dags/example_kubernetes_executor.py
[2023-10-13T23:15:56.362+0000] {processor.py:829} INFO - Processing file /home/airflow/.local/lib/python3.8/site-packages/airflow/example_dags/example_kubernetes_executor.py for tasks to queue
[2023-10-13T23:15:56.364+0000] {logging_mixin.py:151} INFO - [2023-10-13T23:15:56.364+0000] {dagbag.py:536} INFO - Filling up the DagBag from /home/airflow/.local/lib/python3.8/site-packages/airflow/example_dags/example_kubernetes_executor.py
[2023-10-13T23:15:56.374+0000] {processor.py:839} INFO - DAG(s) dict_keys(['example_kubernetes_executor']) retrieved from /home/airflow/.local/lib/python3.8/site-packages/airflow/example_dags/example_kubernetes_executor.py
[2023-10-13T23:15:56.398+0000] {logging_mixin.py:151} INFO - [2023-10-13T23:15:56.398+0000] {dag.py:2941} INFO - Sync 1 DAGs
[2023-10-13T23:15:56.405+0000] {logging_mixin.py:151} INFO - [2023-10-13T23:15:56.405+0000] {dag.py:3722} INFO - Setting next_dagrun for example_kubernetes_executor to None, run_after=None
[2023-10-13T23:15:56.416+0000] {processor.py:179} INFO - Processing /home/airflow/.local/lib/python3.8/site-packages/airflow/example_dags/example_kubernetes_executor.py took 0.057 seconds
[2023-10-13T23:16:27.264+0000] {processor.py:157} INFO - Started process (PID=601) to work on /home/airflow/.local/lib/python3.8/site-packages/airflow/example_dags/example_kubernetes_executor.py
[2023-10-13T23:16:27.264+0000] {processor.py:829} INFO - Processing file /home/airflow/.local/lib/python3.8/site-packages/airflow/example_dags/example_kubernetes_executor.py for tasks to queue
[2023-10-13T23:16:27.266+0000] {logging_mixin.py:151} INFO - [2023-10-13T23:16:27.266+0000] {dagbag.py:536} INFO - Filling up the DagBag from /home/airflow/.local/lib/python3.8/site-packages/airflow/example_dags/example_kubernetes_executor.py
[2023-10-13T23:16:27.274+0000] {processor.py:839} INFO - DAG(s) dict_keys(['example_kubernetes_executor']) retrieved from /home/airflow/.local/lib/python3.8/site-packages/airflow/example_dags/example_kubernetes_executor.py
[2023-10-13T23:16:27.298+0000] {logging_mixin.py:151} INFO - [2023-10-13T23:16:27.298+0000] {dag.py:2941} INFO - Sync 1 DAGs
[2023-10-13T23:16:27.307+0000] {logging_mixin.py:151} INFO - [2023-10-13T23:16:27.307+0000] {dag.py:3722} INFO - Setting next_dagrun for example_kubernetes_executor to None, run_after=None
[2023-10-13T23:16:27.320+0000] {processor.py:179} INFO - Processing /home/airflow/.local/lib/python3.8/site-packages/airflow/example_dags/example_kubernetes_executor.py took 0.058 seconds
[2023-10-13T23:16:57.563+0000] {processor.py:157} INFO - Started process (PID=655) to work on /home/airflow/.local/lib/python3.8/site-packages/airflow/example_dags/example_kubernetes_executor.py
[2023-10-13T23:16:57.564+0000] {processor.py:829} INFO - Processing file /home/airflow/.local/lib/python3.8/site-packages/airflow/example_dags/example_kubernetes_executor.py for tasks to queue
[2023-10-13T23:16:57.566+0000] {logging_mixin.py:151} INFO - [2023-10-13T23:16:57.565+0000] {dagbag.py:536} INFO - Filling up the DagBag from /home/airflow/.local/lib/python3.8/site-packages/airflow/example_dags/example_kubernetes_executor.py
[2023-10-13T23:16:57.574+0000] {processor.py:839} INFO - DAG(s) dict_keys(['example_kubernetes_executor']) retrieved from /home/airflow/.local/lib/python3.8/site-packages/airflow/example_dags/example_kubernetes_executor.py
[2023-10-13T23:16:57.598+0000] {logging_mixin.py:151} INFO - [2023-10-13T23:16:57.598+0000] {dag.py:2941} INFO - Sync 1 DAGs
[2023-10-13T23:16:57.605+0000] {logging_mixin.py:151} INFO - [2023-10-13T23:16:57.605+0000] {dag.py:3722} INFO - Setting next_dagrun for example_kubernetes_executor to None, run_after=None
[2023-10-13T23:16:57.615+0000] {processor.py:179} INFO - Processing /home/airflow/.local/lib/python3.8/site-packages/airflow/example_dags/example_kubernetes_executor.py took 0.055 seconds
[2023-10-13T23:17:28.572+0000] {processor.py:157} INFO - Started process (PID=709) to work on /home/airflow/.local/lib/python3.8/site-packages/airflow/example_dags/example_kubernetes_executor.py
[2023-10-13T23:17:28.573+0000] {processor.py:829} INFO - Processing file /home/airflow/.local/lib/python3.8/site-packages/airflow/example_dags/example_kubernetes_executor.py for tasks to queue
[2023-10-13T23:17:28.574+0000] {logging_mixin.py:151} INFO - [2023-10-13T23:17:28.574+0000] {dagbag.py:536} INFO - Filling up the DagBag from /home/airflow/.local/lib/python3.8/site-packages/airflow/example_dags/example_kubernetes_executor.py
[2023-10-13T23:17:28.582+0000] {processor.py:839} INFO - DAG(s) dict_keys(['example_kubernetes_executor']) retrieved from /home/airflow/.local/lib/python3.8/site-packages/airflow/example_dags/example_kubernetes_executor.py
[2023-10-13T23:17:28.606+0000] {logging_mixin.py:151} INFO - [2023-10-13T23:17:28.606+0000] {dag.py:2941} INFO - Sync 1 DAGs
[2023-10-13T23:17:28.614+0000] {logging_mixin.py:151} INFO - [2023-10-13T23:17:28.613+0000] {dag.py:3722} INFO - Setting next_dagrun for example_kubernetes_executor to None, run_after=None
[2023-10-13T23:17:28.623+0000] {processor.py:179} INFO - Processing /home/airflow/.local/lib/python3.8/site-packages/airflow/example_dags/example_kubernetes_executor.py took 0.054 seconds
[2023-10-13T23:17:59.537+0000] {processor.py:157} INFO - Started process (PID=763) to work on /home/airflow/.local/lib/python3.8/site-packages/airflow/example_dags/example_kubernetes_executor.py
[2023-10-13T23:17:59.538+0000] {processor.py:829} INFO - Processing file /home/airflow/.local/lib/python3.8/site-packages/airflow/example_dags/example_kubernetes_executor.py for tasks to queue
[2023-10-13T23:17:59.539+0000] {logging_mixin.py:151} INFO - [2023-10-13T23:17:59.539+0000] {dagbag.py:536} INFO - Filling up the DagBag from /home/airflow/.local/lib/python3.8/site-packages/airflow/example_dags/example_kubernetes_executor.py
[2023-10-13T23:17:59.548+0000] {processor.py:839} INFO - DAG(s) dict_keys(['example_kubernetes_executor']) retrieved from /home/airflow/.local/lib/python3.8/site-packages/airflow/example_dags/example_kubernetes_executor.py
[2023-10-13T23:17:59.571+0000] {logging_mixin.py:151} INFO - [2023-10-13T23:17:59.571+0000] {dag.py:2941} INFO - Sync 1 DAGs
[2023-10-13T23:17:59.578+0000] {logging_mixin.py:151} INFO - [2023-10-13T23:17:59.578+0000] {dag.py:3722} INFO - Setting next_dagrun for example_kubernetes_executor to None, run_after=None
[2023-10-13T23:17:59.588+0000] {processor.py:179} INFO - Processing /home/airflow/.local/lib/python3.8/site-packages/airflow/example_dags/example_kubernetes_executor.py took 0.053 seconds
[2023-10-13T23:18:29.652+0000] {processor.py:157} INFO - Started process (PID=817) to work on /home/airflow/.local/lib/python3.8/site-packages/airflow/example_dags/example_kubernetes_executor.py
[2023-10-13T23:18:29.653+0000] {processor.py:829} INFO - Processing file /home/airflow/.local/lib/python3.8/site-packages/airflow/example_dags/example_kubernetes_executor.py for tasks to queue
[2023-10-13T23:18:29.654+0000] {logging_mixin.py:151} INFO - [2023-10-13T23:18:29.654+0000] {dagbag.py:536} INFO - Filling up the DagBag from /home/airflow/.local/lib/python3.8/site-packages/airflow/example_dags/example_kubernetes_executor.py
[2023-10-13T23:18:29.662+0000] {processor.py:839} INFO - DAG(s) dict_keys(['example_kubernetes_executor']) retrieved from /home/airflow/.local/lib/python3.8/site-packages/airflow/example_dags/example_kubernetes_executor.py
[2023-10-13T23:18:29.684+0000] {logging_mixin.py:151} INFO - [2023-10-13T23:18:29.684+0000] {dag.py:2941} INFO - Sync 1 DAGs
[2023-10-13T23:18:29.691+0000] {logging_mixin.py:151} INFO - [2023-10-13T23:18:29.691+0000] {dag.py:3722} INFO - Setting next_dagrun for example_kubernetes_executor to None, run_after=None
[2023-10-13T23:18:29.700+0000] {processor.py:179} INFO - Processing /home/airflow/.local/lib/python3.8/site-packages/airflow/example_dags/example_kubernetes_executor.py took 0.050 seconds
[2023-10-13T23:18:59.862+0000] {processor.py:157} INFO - Started process (PID=871) to work on /home/airflow/.local/lib/python3.8/site-packages/airflow/example_dags/example_kubernetes_executor.py
[2023-10-13T23:18:59.863+0000] {processor.py:829} INFO - Processing file /home/airflow/.local/lib/python3.8/site-packages/airflow/example_dags/example_kubernetes_executor.py for tasks to queue
[2023-10-13T23:18:59.864+0000] {logging_mixin.py:151} INFO - [2023-10-13T23:18:59.864+0000] {dagbag.py:536} INFO - Filling up the DagBag from /home/airflow/.local/lib/python3.8/site-packages/airflow/example_dags/example_kubernetes_executor.py
[2023-10-13T23:18:59.872+0000] {processor.py:839} INFO - DAG(s) dict_keys(['example_kubernetes_executor']) retrieved from /home/airflow/.local/lib/python3.8/site-packages/airflow/example_dags/example_kubernetes_executor.py
[2023-10-13T23:18:59.895+0000] {logging_mixin.py:151} INFO - [2023-10-13T23:18:59.895+0000] {dag.py:2941} INFO - Sync 1 DAGs
[2023-10-13T23:18:59.903+0000] {logging_mixin.py:151} INFO - [2023-10-13T23:18:59.903+0000] {dag.py:3722} INFO - Setting next_dagrun for example_kubernetes_executor to None, run_after=None
[2023-10-13T23:18:59.912+0000] {processor.py:179} INFO - Processing /home/airflow/.local/lib/python3.8/site-packages/airflow/example_dags/example_kubernetes_executor.py took 0.052 seconds
[2023-10-13T23:19:30.012+0000] {processor.py:157} INFO - Started process (PID=925) to work on /home/airflow/.local/lib/python3.8/site-packages/airflow/example_dags/example_kubernetes_executor.py
[2023-10-13T23:19:30.013+0000] {processor.py:829} INFO - Processing file /home/airflow/.local/lib/python3.8/site-packages/airflow/example_dags/example_kubernetes_executor.py for tasks to queue
[2023-10-13T23:19:30.014+0000] {logging_mixin.py:151} INFO - [2023-10-13T23:19:30.014+0000] {dagbag.py:536} INFO - Filling up the DagBag from /home/airflow/.local/lib/python3.8/site-packages/airflow/example_dags/example_kubernetes_executor.py
[2023-10-13T23:19:30.022+0000] {processor.py:839} INFO - DAG(s) dict_keys(['example_kubernetes_executor']) retrieved from /home/airflow/.local/lib/python3.8/site-packages/airflow/example_dags/example_kubernetes_executor.py
[2023-10-13T23:19:30.044+0000] {logging_mixin.py:151} INFO - [2023-10-13T23:19:30.043+0000] {dag.py:2941} INFO - Sync 1 DAGs
[2023-10-13T23:19:30.050+0000] {logging_mixin.py:151} INFO - [2023-10-13T23:19:30.050+0000] {dag.py:3722} INFO - Setting next_dagrun for example_kubernetes_executor to None, run_after=None
[2023-10-13T23:19:30.059+0000] {processor.py:179} INFO - Processing /home/airflow/.local/lib/python3.8/site-packages/airflow/example_dags/example_kubernetes_executor.py took 0.049 seconds
