[2023-10-13T23:09:58.052+0000] {processor.py:157} INFO - Started process (PID=40) to work on /home/airflow/.local/lib/python3.8/site-packages/airflow/example_dags/example_branch_python_dop_operator_3.py
[2023-10-13T23:09:58.053+0000] {processor.py:829} INFO - Processing file /home/airflow/.local/lib/python3.8/site-packages/airflow/example_dags/example_branch_python_dop_operator_3.py for tasks to queue
[2023-10-13T23:09:58.055+0000] {logging_mixin.py:151} INFO - [2023-10-13T23:09:58.055+0000] {dagbag.py:536} INFO - Filling up the DagBag from /home/airflow/.local/lib/python3.8/site-packages/airflow/example_dags/example_branch_python_dop_operator_3.py
[2023-10-13T23:09:58.065+0000] {processor.py:839} INFO - DAG(s) dict_keys(['example_branch_dop_operator_v3']) retrieved from /home/airflow/.local/lib/python3.8/site-packages/airflow/example_dags/example_branch_python_dop_operator_3.py
[2023-10-13T23:09:58.075+0000] {logging_mixin.py:151} INFO - [2023-10-13T23:09:58.075+0000] {dag.py:2941} INFO - Sync 1 DAGs
[2023-10-13T23:09:58.091+0000] {logging_mixin.py:151} INFO - [2023-10-13T23:09:58.091+0000] {dag.py:3722} INFO - Setting next_dagrun for example_branch_dop_operator_v3 to 2023-10-13T23:08:00+00:00, run_after=2023-10-13T23:09:00+00:00
[2023-10-13T23:09:58.102+0000] {processor.py:179} INFO - Processing /home/airflow/.local/lib/python3.8/site-packages/airflow/example_dags/example_branch_python_dop_operator_3.py took 0.053 seconds
[2023-10-13T23:11:22.385+0000] {processor.py:157} INFO - Started process (PID=39) to work on /home/airflow/.local/lib/python3.8/site-packages/airflow/example_dags/example_branch_python_dop_operator_3.py
[2023-10-13T23:11:22.386+0000] {processor.py:829} INFO - Processing file /home/airflow/.local/lib/python3.8/site-packages/airflow/example_dags/example_branch_python_dop_operator_3.py for tasks to queue
[2023-10-13T23:11:22.389+0000] {logging_mixin.py:151} INFO - [2023-10-13T23:11:22.388+0000] {dagbag.py:536} INFO - Filling up the DagBag from /home/airflow/.local/lib/python3.8/site-packages/airflow/example_dags/example_branch_python_dop_operator_3.py
[2023-10-13T23:11:22.396+0000] {processor.py:839} INFO - DAG(s) dict_keys(['example_branch_dop_operator_v3']) retrieved from /home/airflow/.local/lib/python3.8/site-packages/airflow/example_dags/example_branch_python_dop_operator_3.py
[2023-10-13T23:11:22.419+0000] {logging_mixin.py:151} INFO - [2023-10-13T23:11:22.419+0000] {dag.py:2941} INFO - Sync 1 DAGs
[2023-10-13T23:11:22.455+0000] {logging_mixin.py:151} INFO - [2023-10-13T23:11:22.455+0000] {dag.py:3722} INFO - Setting next_dagrun for example_branch_dop_operator_v3 to 2023-10-13T23:10:00+00:00, run_after=2023-10-13T23:11:00+00:00
[2023-10-13T23:11:22.475+0000] {processor.py:179} INFO - Processing /home/airflow/.local/lib/python3.8/site-packages/airflow/example_dags/example_branch_python_dop_operator_3.py took 0.093 seconds
[2023-10-13T23:11:52.949+0000] {processor.py:157} INFO - Started process (PID=93) to work on /home/airflow/.local/lib/python3.8/site-packages/airflow/example_dags/example_branch_python_dop_operator_3.py
[2023-10-13T23:11:52.950+0000] {processor.py:829} INFO - Processing file /home/airflow/.local/lib/python3.8/site-packages/airflow/example_dags/example_branch_python_dop_operator_3.py for tasks to queue
[2023-10-13T23:11:52.951+0000] {logging_mixin.py:151} INFO - [2023-10-13T23:11:52.951+0000] {dagbag.py:536} INFO - Filling up the DagBag from /home/airflow/.local/lib/python3.8/site-packages/airflow/example_dags/example_branch_python_dop_operator_3.py
[2023-10-13T23:11:52.958+0000] {processor.py:839} INFO - DAG(s) dict_keys(['example_branch_dop_operator_v3']) retrieved from /home/airflow/.local/lib/python3.8/site-packages/airflow/example_dags/example_branch_python_dop_operator_3.py
[2023-10-13T23:11:52.974+0000] {logging_mixin.py:151} INFO - [2023-10-13T23:11:52.973+0000] {dag.py:2941} INFO - Sync 1 DAGs
[2023-10-13T23:11:52.989+0000] {logging_mixin.py:151} INFO - [2023-10-13T23:11:52.988+0000] {dag.py:3722} INFO - Setting next_dagrun for example_branch_dop_operator_v3 to 2023-10-13T23:10:00+00:00, run_after=2023-10-13T23:11:00+00:00
[2023-10-13T23:11:53.000+0000] {processor.py:179} INFO - Processing /home/airflow/.local/lib/python3.8/site-packages/airflow/example_dags/example_branch_python_dop_operator_3.py took 0.053 seconds
[2023-10-13T23:12:23.086+0000] {processor.py:157} INFO - Started process (PID=147) to work on /home/airflow/.local/lib/python3.8/site-packages/airflow/example_dags/example_branch_python_dop_operator_3.py
[2023-10-13T23:12:23.087+0000] {processor.py:829} INFO - Processing file /home/airflow/.local/lib/python3.8/site-packages/airflow/example_dags/example_branch_python_dop_operator_3.py for tasks to queue
[2023-10-13T23:12:23.089+0000] {logging_mixin.py:151} INFO - [2023-10-13T23:12:23.089+0000] {dagbag.py:536} INFO - Filling up the DagBag from /home/airflow/.local/lib/python3.8/site-packages/airflow/example_dags/example_branch_python_dop_operator_3.py
[2023-10-13T23:12:23.095+0000] {processor.py:839} INFO - DAG(s) dict_keys(['example_branch_dop_operator_v3']) retrieved from /home/airflow/.local/lib/python3.8/site-packages/airflow/example_dags/example_branch_python_dop_operator_3.py
[2023-10-13T23:12:23.110+0000] {logging_mixin.py:151} INFO - [2023-10-13T23:12:23.109+0000] {dag.py:2941} INFO - Sync 1 DAGs
[2023-10-13T23:12:23.126+0000] {logging_mixin.py:151} INFO - [2023-10-13T23:12:23.126+0000] {dag.py:3722} INFO - Setting next_dagrun for example_branch_dop_operator_v3 to 2023-10-13T23:11:00+00:00, run_after=2023-10-13T23:12:00+00:00
[2023-10-13T23:12:23.137+0000] {processor.py:179} INFO - Processing /home/airflow/.local/lib/python3.8/site-packages/airflow/example_dags/example_branch_python_dop_operator_3.py took 0.053 seconds
[2023-10-13T23:12:53.324+0000] {processor.py:157} INFO - Started process (PID=201) to work on /home/airflow/.local/lib/python3.8/site-packages/airflow/example_dags/example_branch_python_dop_operator_3.py
[2023-10-13T23:12:53.324+0000] {processor.py:829} INFO - Processing file /home/airflow/.local/lib/python3.8/site-packages/airflow/example_dags/example_branch_python_dop_operator_3.py for tasks to queue
[2023-10-13T23:12:53.326+0000] {logging_mixin.py:151} INFO - [2023-10-13T23:12:53.326+0000] {dagbag.py:536} INFO - Filling up the DagBag from /home/airflow/.local/lib/python3.8/site-packages/airflow/example_dags/example_branch_python_dop_operator_3.py
[2023-10-13T23:12:53.332+0000] {processor.py:839} INFO - DAG(s) dict_keys(['example_branch_dop_operator_v3']) retrieved from /home/airflow/.local/lib/python3.8/site-packages/airflow/example_dags/example_branch_python_dop_operator_3.py
[2023-10-13T23:12:53.345+0000] {logging_mixin.py:151} INFO - [2023-10-13T23:12:53.345+0000] {dag.py:2941} INFO - Sync 1 DAGs
[2023-10-13T23:12:53.359+0000] {logging_mixin.py:151} INFO - [2023-10-13T23:12:53.359+0000] {dag.py:3722} INFO - Setting next_dagrun for example_branch_dop_operator_v3 to 2023-10-13T23:11:00+00:00, run_after=2023-10-13T23:12:00+00:00
[2023-10-13T23:12:53.369+0000] {processor.py:179} INFO - Processing /home/airflow/.local/lib/python3.8/site-packages/airflow/example_dags/example_branch_python_dop_operator_3.py took 0.047 seconds
[2023-10-13T23:13:23.518+0000] {processor.py:157} INFO - Started process (PID=255) to work on /home/airflow/.local/lib/python3.8/site-packages/airflow/example_dags/example_branch_python_dop_operator_3.py
[2023-10-13T23:13:23.519+0000] {processor.py:829} INFO - Processing file /home/airflow/.local/lib/python3.8/site-packages/airflow/example_dags/example_branch_python_dop_operator_3.py for tasks to queue
[2023-10-13T23:13:23.521+0000] {logging_mixin.py:151} INFO - [2023-10-13T23:13:23.520+0000] {dagbag.py:536} INFO - Filling up the DagBag from /home/airflow/.local/lib/python3.8/site-packages/airflow/example_dags/example_branch_python_dop_operator_3.py
[2023-10-13T23:13:23.526+0000] {processor.py:839} INFO - DAG(s) dict_keys(['example_branch_dop_operator_v3']) retrieved from /home/airflow/.local/lib/python3.8/site-packages/airflow/example_dags/example_branch_python_dop_operator_3.py
[2023-10-13T23:13:23.541+0000] {logging_mixin.py:151} INFO - [2023-10-13T23:13:23.541+0000] {dag.py:2941} INFO - Sync 1 DAGs
[2023-10-13T23:13:23.557+0000] {logging_mixin.py:151} INFO - [2023-10-13T23:13:23.557+0000] {dag.py:3722} INFO - Setting next_dagrun for example_branch_dop_operator_v3 to 2023-10-13T23:12:00+00:00, run_after=2023-10-13T23:13:00+00:00
[2023-10-13T23:13:23.567+0000] {processor.py:179} INFO - Processing /home/airflow/.local/lib/python3.8/site-packages/airflow/example_dags/example_branch_python_dop_operator_3.py took 0.052 seconds
[2023-10-13T23:13:53.733+0000] {processor.py:157} INFO - Started process (PID=309) to work on /home/airflow/.local/lib/python3.8/site-packages/airflow/example_dags/example_branch_python_dop_operator_3.py
[2023-10-13T23:13:53.734+0000] {processor.py:829} INFO - Processing file /home/airflow/.local/lib/python3.8/site-packages/airflow/example_dags/example_branch_python_dop_operator_3.py for tasks to queue
[2023-10-13T23:13:53.735+0000] {logging_mixin.py:151} INFO - [2023-10-13T23:13:53.735+0000] {dagbag.py:536} INFO - Filling up the DagBag from /home/airflow/.local/lib/python3.8/site-packages/airflow/example_dags/example_branch_python_dop_operator_3.py
[2023-10-13T23:13:53.741+0000] {processor.py:839} INFO - DAG(s) dict_keys(['example_branch_dop_operator_v3']) retrieved from /home/airflow/.local/lib/python3.8/site-packages/airflow/example_dags/example_branch_python_dop_operator_3.py
[2023-10-13T23:13:53.755+0000] {logging_mixin.py:151} INFO - [2023-10-13T23:13:53.754+0000] {dag.py:2941} INFO - Sync 1 DAGs
[2023-10-13T23:13:53.769+0000] {logging_mixin.py:151} INFO - [2023-10-13T23:13:53.769+0000] {dag.py:3722} INFO - Setting next_dagrun for example_branch_dop_operator_v3 to 2023-10-13T23:12:00+00:00, run_after=2023-10-13T23:13:00+00:00
[2023-10-13T23:13:53.780+0000] {processor.py:179} INFO - Processing /home/airflow/.local/lib/python3.8/site-packages/airflow/example_dags/example_branch_python_dop_operator_3.py took 0.049 seconds
[2023-10-13T23:14:23.826+0000] {processor.py:157} INFO - Started process (PID=363) to work on /home/airflow/.local/lib/python3.8/site-packages/airflow/example_dags/example_branch_python_dop_operator_3.py
[2023-10-13T23:14:23.827+0000] {processor.py:829} INFO - Processing file /home/airflow/.local/lib/python3.8/site-packages/airflow/example_dags/example_branch_python_dop_operator_3.py for tasks to queue
[2023-10-13T23:14:23.829+0000] {logging_mixin.py:151} INFO - [2023-10-13T23:14:23.829+0000] {dagbag.py:536} INFO - Filling up the DagBag from /home/airflow/.local/lib/python3.8/site-packages/airflow/example_dags/example_branch_python_dop_operator_3.py
[2023-10-13T23:14:23.836+0000] {processor.py:839} INFO - DAG(s) dict_keys(['example_branch_dop_operator_v3']) retrieved from /home/airflow/.local/lib/python3.8/site-packages/airflow/example_dags/example_branch_python_dop_operator_3.py
[2023-10-13T23:14:23.850+0000] {logging_mixin.py:151} INFO - [2023-10-13T23:14:23.850+0000] {dag.py:2941} INFO - Sync 1 DAGs
[2023-10-13T23:14:23.864+0000] {logging_mixin.py:151} INFO - [2023-10-13T23:14:23.864+0000] {dag.py:3722} INFO - Setting next_dagrun for example_branch_dop_operator_v3 to 2023-10-13T23:13:00+00:00, run_after=2023-10-13T23:14:00+00:00
[2023-10-13T23:14:23.875+0000] {processor.py:179} INFO - Processing /home/airflow/.local/lib/python3.8/site-packages/airflow/example_dags/example_branch_python_dop_operator_3.py took 0.051 seconds
[2023-10-13T23:14:54.104+0000] {processor.py:157} INFO - Started process (PID=417) to work on /home/airflow/.local/lib/python3.8/site-packages/airflow/example_dags/example_branch_python_dop_operator_3.py
[2023-10-13T23:14:54.105+0000] {processor.py:829} INFO - Processing file /home/airflow/.local/lib/python3.8/site-packages/airflow/example_dags/example_branch_python_dop_operator_3.py for tasks to queue
[2023-10-13T23:14:54.107+0000] {logging_mixin.py:151} INFO - [2023-10-13T23:14:54.107+0000] {dagbag.py:536} INFO - Filling up the DagBag from /home/airflow/.local/lib/python3.8/site-packages/airflow/example_dags/example_branch_python_dop_operator_3.py
[2023-10-13T23:14:54.113+0000] {processor.py:839} INFO - DAG(s) dict_keys(['example_branch_dop_operator_v3']) retrieved from /home/airflow/.local/lib/python3.8/site-packages/airflow/example_dags/example_branch_python_dop_operator_3.py
[2023-10-13T23:14:54.128+0000] {logging_mixin.py:151} INFO - [2023-10-13T23:14:54.127+0000] {dag.py:2941} INFO - Sync 1 DAGs
[2023-10-13T23:14:54.144+0000] {logging_mixin.py:151} INFO - [2023-10-13T23:14:54.144+0000] {dag.py:3722} INFO - Setting next_dagrun for example_branch_dop_operator_v3 to 2023-10-13T23:13:00+00:00, run_after=2023-10-13T23:14:00+00:00
[2023-10-13T23:14:54.157+0000] {processor.py:179} INFO - Processing /home/airflow/.local/lib/python3.8/site-packages/airflow/example_dags/example_branch_python_dop_operator_3.py took 0.055 seconds
[2023-10-13T23:15:24.338+0000] {processor.py:157} INFO - Started process (PID=471) to work on /home/airflow/.local/lib/python3.8/site-packages/airflow/example_dags/example_branch_python_dop_operator_3.py
[2023-10-13T23:15:24.339+0000] {processor.py:829} INFO - Processing file /home/airflow/.local/lib/python3.8/site-packages/airflow/example_dags/example_branch_python_dop_operator_3.py for tasks to queue
[2023-10-13T23:15:24.341+0000] {logging_mixin.py:151} INFO - [2023-10-13T23:15:24.340+0000] {dagbag.py:536} INFO - Filling up the DagBag from /home/airflow/.local/lib/python3.8/site-packages/airflow/example_dags/example_branch_python_dop_operator_3.py
[2023-10-13T23:15:24.346+0000] {processor.py:839} INFO - DAG(s) dict_keys(['example_branch_dop_operator_v3']) retrieved from /home/airflow/.local/lib/python3.8/site-packages/airflow/example_dags/example_branch_python_dop_operator_3.py
[2023-10-13T23:15:24.359+0000] {logging_mixin.py:151} INFO - [2023-10-13T23:15:24.359+0000] {dag.py:2941} INFO - Sync 1 DAGs
[2023-10-13T23:15:24.374+0000] {logging_mixin.py:151} INFO - [2023-10-13T23:15:24.373+0000] {dag.py:3722} INFO - Setting next_dagrun for example_branch_dop_operator_v3 to 2023-10-13T23:14:00+00:00, run_after=2023-10-13T23:15:00+00:00
[2023-10-13T23:15:24.384+0000] {processor.py:179} INFO - Processing /home/airflow/.local/lib/python3.8/site-packages/airflow/example_dags/example_branch_python_dop_operator_3.py took 0.048 seconds
[2023-10-13T23:15:54.580+0000] {processor.py:157} INFO - Started process (PID=525) to work on /home/airflow/.local/lib/python3.8/site-packages/airflow/example_dags/example_branch_python_dop_operator_3.py
[2023-10-13T23:15:54.581+0000] {processor.py:829} INFO - Processing file /home/airflow/.local/lib/python3.8/site-packages/airflow/example_dags/example_branch_python_dop_operator_3.py for tasks to queue
[2023-10-13T23:15:54.582+0000] {logging_mixin.py:151} INFO - [2023-10-13T23:15:54.582+0000] {dagbag.py:536} INFO - Filling up the DagBag from /home/airflow/.local/lib/python3.8/site-packages/airflow/example_dags/example_branch_python_dop_operator_3.py
[2023-10-13T23:15:54.588+0000] {processor.py:839} INFO - DAG(s) dict_keys(['example_branch_dop_operator_v3']) retrieved from /home/airflow/.local/lib/python3.8/site-packages/airflow/example_dags/example_branch_python_dop_operator_3.py
[2023-10-13T23:15:54.601+0000] {logging_mixin.py:151} INFO - [2023-10-13T23:15:54.601+0000] {dag.py:2941} INFO - Sync 1 DAGs
[2023-10-13T23:15:54.614+0000] {logging_mixin.py:151} INFO - [2023-10-13T23:15:54.614+0000] {dag.py:3722} INFO - Setting next_dagrun for example_branch_dop_operator_v3 to 2023-10-13T23:14:00+00:00, run_after=2023-10-13T23:15:00+00:00
[2023-10-13T23:15:54.623+0000] {processor.py:179} INFO - Processing /home/airflow/.local/lib/python3.8/site-packages/airflow/example_dags/example_branch_python_dop_operator_3.py took 0.045 seconds
[2023-10-13T23:16:25.472+0000] {processor.py:157} INFO - Started process (PID=579) to work on /home/airflow/.local/lib/python3.8/site-packages/airflow/example_dags/example_branch_python_dop_operator_3.py
[2023-10-13T23:16:25.473+0000] {processor.py:829} INFO - Processing file /home/airflow/.local/lib/python3.8/site-packages/airflow/example_dags/example_branch_python_dop_operator_3.py for tasks to queue
[2023-10-13T23:16:25.474+0000] {logging_mixin.py:151} INFO - [2023-10-13T23:16:25.474+0000] {dagbag.py:536} INFO - Filling up the DagBag from /home/airflow/.local/lib/python3.8/site-packages/airflow/example_dags/example_branch_python_dop_operator_3.py
[2023-10-13T23:16:25.480+0000] {processor.py:839} INFO - DAG(s) dict_keys(['example_branch_dop_operator_v3']) retrieved from /home/airflow/.local/lib/python3.8/site-packages/airflow/example_dags/example_branch_python_dop_operator_3.py
[2023-10-13T23:16:25.493+0000] {logging_mixin.py:151} INFO - [2023-10-13T23:16:25.493+0000] {dag.py:2941} INFO - Sync 1 DAGs
[2023-10-13T23:16:25.507+0000] {logging_mixin.py:151} INFO - [2023-10-13T23:16:25.507+0000] {dag.py:3722} INFO - Setting next_dagrun for example_branch_dop_operator_v3 to 2023-10-13T23:15:00+00:00, run_after=2023-10-13T23:16:00+00:00
[2023-10-13T23:16:25.517+0000] {processor.py:179} INFO - Processing /home/airflow/.local/lib/python3.8/site-packages/airflow/example_dags/example_branch_python_dop_operator_3.py took 0.047 seconds
[2023-10-13T23:16:55.621+0000] {processor.py:157} INFO - Started process (PID=633) to work on /home/airflow/.local/lib/python3.8/site-packages/airflow/example_dags/example_branch_python_dop_operator_3.py
[2023-10-13T23:16:55.622+0000] {processor.py:829} INFO - Processing file /home/airflow/.local/lib/python3.8/site-packages/airflow/example_dags/example_branch_python_dop_operator_3.py for tasks to queue
[2023-10-13T23:16:55.624+0000] {logging_mixin.py:151} INFO - [2023-10-13T23:16:55.624+0000] {dagbag.py:536} INFO - Filling up the DagBag from /home/airflow/.local/lib/python3.8/site-packages/airflow/example_dags/example_branch_python_dop_operator_3.py
[2023-10-13T23:16:55.629+0000] {processor.py:839} INFO - DAG(s) dict_keys(['example_branch_dop_operator_v3']) retrieved from /home/airflow/.local/lib/python3.8/site-packages/airflow/example_dags/example_branch_python_dop_operator_3.py
[2023-10-13T23:16:55.641+0000] {logging_mixin.py:151} INFO - [2023-10-13T23:16:55.640+0000] {dag.py:2941} INFO - Sync 1 DAGs
[2023-10-13T23:16:55.653+0000] {logging_mixin.py:151} INFO - [2023-10-13T23:16:55.653+0000] {dag.py:3722} INFO - Setting next_dagrun for example_branch_dop_operator_v3 to 2023-10-13T23:15:00+00:00, run_after=2023-10-13T23:16:00+00:00
[2023-10-13T23:16:55.663+0000] {processor.py:179} INFO - Processing /home/airflow/.local/lib/python3.8/site-packages/airflow/example_dags/example_branch_python_dop_operator_3.py took 0.044 seconds
[2023-10-13T23:17:25.777+0000] {processor.py:157} INFO - Started process (PID=687) to work on /home/airflow/.local/lib/python3.8/site-packages/airflow/example_dags/example_branch_python_dop_operator_3.py
[2023-10-13T23:17:25.778+0000] {processor.py:829} INFO - Processing file /home/airflow/.local/lib/python3.8/site-packages/airflow/example_dags/example_branch_python_dop_operator_3.py for tasks to queue
[2023-10-13T23:17:25.780+0000] {logging_mixin.py:151} INFO - [2023-10-13T23:17:25.780+0000] {dagbag.py:536} INFO - Filling up the DagBag from /home/airflow/.local/lib/python3.8/site-packages/airflow/example_dags/example_branch_python_dop_operator_3.py
[2023-10-13T23:17:25.784+0000] {processor.py:839} INFO - DAG(s) dict_keys(['example_branch_dop_operator_v3']) retrieved from /home/airflow/.local/lib/python3.8/site-packages/airflow/example_dags/example_branch_python_dop_operator_3.py
[2023-10-13T23:17:25.796+0000] {logging_mixin.py:151} INFO - [2023-10-13T23:17:25.796+0000] {dag.py:2941} INFO - Sync 1 DAGs
[2023-10-13T23:17:25.809+0000] {logging_mixin.py:151} INFO - [2023-10-13T23:17:25.809+0000] {dag.py:3722} INFO - Setting next_dagrun for example_branch_dop_operator_v3 to 2023-10-13T23:16:00+00:00, run_after=2023-10-13T23:17:00+00:00
[2023-10-13T23:17:25.817+0000] {processor.py:179} INFO - Processing /home/airflow/.local/lib/python3.8/site-packages/airflow/example_dags/example_branch_python_dop_operator_3.py took 0.042 seconds
[2023-10-13T23:17:56.648+0000] {processor.py:157} INFO - Started process (PID=741) to work on /home/airflow/.local/lib/python3.8/site-packages/airflow/example_dags/example_branch_python_dop_operator_3.py
[2023-10-13T23:17:56.649+0000] {processor.py:829} INFO - Processing file /home/airflow/.local/lib/python3.8/site-packages/airflow/example_dags/example_branch_python_dop_operator_3.py for tasks to queue
[2023-10-13T23:17:56.651+0000] {logging_mixin.py:151} INFO - [2023-10-13T23:17:56.651+0000] {dagbag.py:536} INFO - Filling up the DagBag from /home/airflow/.local/lib/python3.8/site-packages/airflow/example_dags/example_branch_python_dop_operator_3.py
[2023-10-13T23:17:56.656+0000] {processor.py:839} INFO - DAG(s) dict_keys(['example_branch_dop_operator_v3']) retrieved from /home/airflow/.local/lib/python3.8/site-packages/airflow/example_dags/example_branch_python_dop_operator_3.py
[2023-10-13T23:17:56.667+0000] {logging_mixin.py:151} INFO - [2023-10-13T23:17:56.667+0000] {dag.py:2941} INFO - Sync 1 DAGs
[2023-10-13T23:17:56.680+0000] {logging_mixin.py:151} INFO - [2023-10-13T23:17:56.680+0000] {dag.py:3722} INFO - Setting next_dagrun for example_branch_dop_operator_v3 to 2023-10-13T23:16:00+00:00, run_after=2023-10-13T23:17:00+00:00
[2023-10-13T23:17:56.689+0000] {processor.py:179} INFO - Processing /home/airflow/.local/lib/python3.8/site-packages/airflow/example_dags/example_branch_python_dop_operator_3.py took 0.042 seconds
[2023-10-13T23:18:26.891+0000] {processor.py:157} INFO - Started process (PID=795) to work on /home/airflow/.local/lib/python3.8/site-packages/airflow/example_dags/example_branch_python_dop_operator_3.py
[2023-10-13T23:18:26.892+0000] {processor.py:829} INFO - Processing file /home/airflow/.local/lib/python3.8/site-packages/airflow/example_dags/example_branch_python_dop_operator_3.py for tasks to queue
[2023-10-13T23:18:26.893+0000] {logging_mixin.py:151} INFO - [2023-10-13T23:18:26.893+0000] {dagbag.py:536} INFO - Filling up the DagBag from /home/airflow/.local/lib/python3.8/site-packages/airflow/example_dags/example_branch_python_dop_operator_3.py
[2023-10-13T23:18:26.899+0000] {processor.py:839} INFO - DAG(s) dict_keys(['example_branch_dop_operator_v3']) retrieved from /home/airflow/.local/lib/python3.8/site-packages/airflow/example_dags/example_branch_python_dop_operator_3.py
[2023-10-13T23:18:26.911+0000] {logging_mixin.py:151} INFO - [2023-10-13T23:18:26.911+0000] {dag.py:2941} INFO - Sync 1 DAGs
[2023-10-13T23:18:26.924+0000] {logging_mixin.py:151} INFO - [2023-10-13T23:18:26.924+0000] {dag.py:3722} INFO - Setting next_dagrun for example_branch_dop_operator_v3 to 2023-10-13T23:17:00+00:00, run_after=2023-10-13T23:18:00+00:00
[2023-10-13T23:18:26.934+0000] {processor.py:179} INFO - Processing /home/airflow/.local/lib/python3.8/site-packages/airflow/example_dags/example_branch_python_dop_operator_3.py took 0.046 seconds
[2023-10-13T23:18:57.025+0000] {processor.py:157} INFO - Started process (PID=849) to work on /home/airflow/.local/lib/python3.8/site-packages/airflow/example_dags/example_branch_python_dop_operator_3.py
[2023-10-13T23:18:57.026+0000] {processor.py:829} INFO - Processing file /home/airflow/.local/lib/python3.8/site-packages/airflow/example_dags/example_branch_python_dop_operator_3.py for tasks to queue
[2023-10-13T23:18:57.028+0000] {logging_mixin.py:151} INFO - [2023-10-13T23:18:57.028+0000] {dagbag.py:536} INFO - Filling up the DagBag from /home/airflow/.local/lib/python3.8/site-packages/airflow/example_dags/example_branch_python_dop_operator_3.py
[2023-10-13T23:18:57.033+0000] {processor.py:839} INFO - DAG(s) dict_keys(['example_branch_dop_operator_v3']) retrieved from /home/airflow/.local/lib/python3.8/site-packages/airflow/example_dags/example_branch_python_dop_operator_3.py
[2023-10-13T23:18:57.044+0000] {logging_mixin.py:151} INFO - [2023-10-13T23:18:57.044+0000] {dag.py:2941} INFO - Sync 1 DAGs
[2023-10-13T23:18:57.056+0000] {logging_mixin.py:151} INFO - [2023-10-13T23:18:57.056+0000] {dag.py:3722} INFO - Setting next_dagrun for example_branch_dop_operator_v3 to 2023-10-13T23:17:00+00:00, run_after=2023-10-13T23:18:00+00:00
[2023-10-13T23:18:57.064+0000] {processor.py:179} INFO - Processing /home/airflow/.local/lib/python3.8/site-packages/airflow/example_dags/example_branch_python_dop_operator_3.py took 0.041 seconds
[2023-10-13T23:19:27.180+0000] {processor.py:157} INFO - Started process (PID=903) to work on /home/airflow/.local/lib/python3.8/site-packages/airflow/example_dags/example_branch_python_dop_operator_3.py
[2023-10-13T23:19:27.180+0000] {processor.py:829} INFO - Processing file /home/airflow/.local/lib/python3.8/site-packages/airflow/example_dags/example_branch_python_dop_operator_3.py for tasks to queue
[2023-10-13T23:19:27.182+0000] {logging_mixin.py:151} INFO - [2023-10-13T23:19:27.182+0000] {dagbag.py:536} INFO - Filling up the DagBag from /home/airflow/.local/lib/python3.8/site-packages/airflow/example_dags/example_branch_python_dop_operator_3.py
[2023-10-13T23:19:27.187+0000] {processor.py:839} INFO - DAG(s) dict_keys(['example_branch_dop_operator_v3']) retrieved from /home/airflow/.local/lib/python3.8/site-packages/airflow/example_dags/example_branch_python_dop_operator_3.py
[2023-10-13T23:19:27.200+0000] {logging_mixin.py:151} INFO - [2023-10-13T23:19:27.200+0000] {dag.py:2941} INFO - Sync 1 DAGs
[2023-10-13T23:19:27.212+0000] {logging_mixin.py:151} INFO - [2023-10-13T23:19:27.212+0000] {dag.py:3722} INFO - Setting next_dagrun for example_branch_dop_operator_v3 to 2023-10-13T23:18:00+00:00, run_after=2023-10-13T23:19:00+00:00
[2023-10-13T23:19:27.220+0000] {processor.py:179} INFO - Processing /home/airflow/.local/lib/python3.8/site-packages/airflow/example_dags/example_branch_python_dop_operator_3.py took 0.042 seconds
