[2023-10-13T23:09:58.812+0000] {processor.py:157} INFO - Started process (PID=52) to work on /home/airflow/.local/lib/python3.8/site-packages/airflow/example_dags/example_local_kubernetes_executor.py
[2023-10-13T23:09:58.813+0000] {processor.py:829} INFO - Processing file /home/airflow/.local/lib/python3.8/site-packages/airflow/example_dags/example_local_kubernetes_executor.py for tasks to queue
[2023-10-13T23:09:58.816+0000] {logging_mixin.py:151} INFO - [2023-10-13T23:09:58.816+0000] {dagbag.py:536} INFO - Filling up the DagBag from /home/airflow/.local/lib/python3.8/site-packages/airflow/example_dags/example_local_kubernetes_executor.py
[2023-10-13T23:09:58.829+0000] {processor.py:839} INFO - DAG(s) dict_keys(['example_local_kubernetes_executor']) retrieved from /home/airflow/.local/lib/python3.8/site-packages/airflow/example_dags/example_local_kubernetes_executor.py
[2023-10-13T23:09:58.844+0000] {logging_mixin.py:151} INFO - [2023-10-13T23:09:58.844+0000] {dag.py:2941} INFO - Sync 1 DAGs
[2023-10-13T23:09:58.857+0000] {logging_mixin.py:151} INFO - [2023-10-13T23:09:58.857+0000] {dag.py:3722} INFO - Setting next_dagrun for example_local_kubernetes_executor to None, run_after=None
[2023-10-13T23:09:58.872+0000] {processor.py:179} INFO - Processing /home/airflow/.local/lib/python3.8/site-packages/airflow/example_dags/example_local_kubernetes_executor.py took 0.065 seconds
[2023-10-13T23:11:23.081+0000] {processor.py:157} INFO - Started process (PID=51) to work on /home/airflow/.local/lib/python3.8/site-packages/airflow/example_dags/example_local_kubernetes_executor.py
[2023-10-13T23:11:23.083+0000] {processor.py:829} INFO - Processing file /home/airflow/.local/lib/python3.8/site-packages/airflow/example_dags/example_local_kubernetes_executor.py for tasks to queue
[2023-10-13T23:11:23.085+0000] {logging_mixin.py:151} INFO - [2023-10-13T23:11:23.085+0000] {dagbag.py:536} INFO - Filling up the DagBag from /home/airflow/.local/lib/python3.8/site-packages/airflow/example_dags/example_local_kubernetes_executor.py
[2023-10-13T23:11:23.102+0000] {processor.py:839} INFO - DAG(s) dict_keys(['example_local_kubernetes_executor']) retrieved from /home/airflow/.local/lib/python3.8/site-packages/airflow/example_dags/example_local_kubernetes_executor.py
[2023-10-13T23:11:23.116+0000] {logging_mixin.py:151} INFO - [2023-10-13T23:11:23.115+0000] {dag.py:2941} INFO - Sync 1 DAGs
[2023-10-13T23:11:23.126+0000] {logging_mixin.py:151} INFO - [2023-10-13T23:11:23.126+0000] {dag.py:3722} INFO - Setting next_dagrun for example_local_kubernetes_executor to None, run_after=None
[2023-10-13T23:11:23.144+0000] {processor.py:179} INFO - Processing /home/airflow/.local/lib/python3.8/site-packages/airflow/example_dags/example_local_kubernetes_executor.py took 0.067 seconds
[2023-10-13T23:11:53.539+0000] {processor.py:157} INFO - Started process (PID=105) to work on /home/airflow/.local/lib/python3.8/site-packages/airflow/example_dags/example_local_kubernetes_executor.py
[2023-10-13T23:11:53.540+0000] {processor.py:829} INFO - Processing file /home/airflow/.local/lib/python3.8/site-packages/airflow/example_dags/example_local_kubernetes_executor.py for tasks to queue
[2023-10-13T23:11:53.542+0000] {logging_mixin.py:151} INFO - [2023-10-13T23:11:53.542+0000] {dagbag.py:536} INFO - Filling up the DagBag from /home/airflow/.local/lib/python3.8/site-packages/airflow/example_dags/example_local_kubernetes_executor.py
[2023-10-13T23:11:53.548+0000] {processor.py:839} INFO - DAG(s) dict_keys(['example_local_kubernetes_executor']) retrieved from /home/airflow/.local/lib/python3.8/site-packages/airflow/example_dags/example_local_kubernetes_executor.py
[2023-10-13T23:11:53.576+0000] {logging_mixin.py:151} INFO - [2023-10-13T23:11:53.576+0000] {dag.py:2941} INFO - Sync 1 DAGs
[2023-10-13T23:11:53.584+0000] {logging_mixin.py:151} INFO - [2023-10-13T23:11:53.584+0000] {dag.py:3722} INFO - Setting next_dagrun for example_local_kubernetes_executor to None, run_after=None
[2023-10-13T23:11:53.595+0000] {processor.py:179} INFO - Processing /home/airflow/.local/lib/python3.8/site-packages/airflow/example_dags/example_local_kubernetes_executor.py took 0.058 seconds
[2023-10-13T23:12:23.730+0000] {processor.py:157} INFO - Started process (PID=159) to work on /home/airflow/.local/lib/python3.8/site-packages/airflow/example_dags/example_local_kubernetes_executor.py
[2023-10-13T23:12:23.731+0000] {processor.py:829} INFO - Processing file /home/airflow/.local/lib/python3.8/site-packages/airflow/example_dags/example_local_kubernetes_executor.py for tasks to queue
[2023-10-13T23:12:23.733+0000] {logging_mixin.py:151} INFO - [2023-10-13T23:12:23.732+0000] {dagbag.py:536} INFO - Filling up the DagBag from /home/airflow/.local/lib/python3.8/site-packages/airflow/example_dags/example_local_kubernetes_executor.py
[2023-10-13T23:12:23.739+0000] {processor.py:839} INFO - DAG(s) dict_keys(['example_local_kubernetes_executor']) retrieved from /home/airflow/.local/lib/python3.8/site-packages/airflow/example_dags/example_local_kubernetes_executor.py
[2023-10-13T23:12:23.764+0000] {logging_mixin.py:151} INFO - [2023-10-13T23:12:23.763+0000] {dag.py:2941} INFO - Sync 1 DAGs
[2023-10-13T23:12:23.772+0000] {logging_mixin.py:151} INFO - [2023-10-13T23:12:23.772+0000] {dag.py:3722} INFO - Setting next_dagrun for example_local_kubernetes_executor to None, run_after=None
[2023-10-13T23:12:23.784+0000] {processor.py:179} INFO - Processing /home/airflow/.local/lib/python3.8/site-packages/airflow/example_dags/example_local_kubernetes_executor.py took 0.057 seconds
[2023-10-13T23:12:53.832+0000] {processor.py:157} INFO - Started process (PID=213) to work on /home/airflow/.local/lib/python3.8/site-packages/airflow/example_dags/example_local_kubernetes_executor.py
[2023-10-13T23:12:53.833+0000] {processor.py:829} INFO - Processing file /home/airflow/.local/lib/python3.8/site-packages/airflow/example_dags/example_local_kubernetes_executor.py for tasks to queue
[2023-10-13T23:12:53.835+0000] {logging_mixin.py:151} INFO - [2023-10-13T23:12:53.834+0000] {dagbag.py:536} INFO - Filling up the DagBag from /home/airflow/.local/lib/python3.8/site-packages/airflow/example_dags/example_local_kubernetes_executor.py
[2023-10-13T23:12:53.841+0000] {processor.py:839} INFO - DAG(s) dict_keys(['example_local_kubernetes_executor']) retrieved from /home/airflow/.local/lib/python3.8/site-packages/airflow/example_dags/example_local_kubernetes_executor.py
[2023-10-13T23:12:53.864+0000] {logging_mixin.py:151} INFO - [2023-10-13T23:12:53.864+0000] {dag.py:2941} INFO - Sync 1 DAGs
[2023-10-13T23:12:53.871+0000] {logging_mixin.py:151} INFO - [2023-10-13T23:12:53.870+0000] {dag.py:3722} INFO - Setting next_dagrun for example_local_kubernetes_executor to None, run_after=None
[2023-10-13T23:12:53.882+0000] {processor.py:179} INFO - Processing /home/airflow/.local/lib/python3.8/site-packages/airflow/example_dags/example_local_kubernetes_executor.py took 0.052 seconds
[2023-10-13T23:13:23.997+0000] {processor.py:157} INFO - Started process (PID=267) to work on /home/airflow/.local/lib/python3.8/site-packages/airflow/example_dags/example_local_kubernetes_executor.py
[2023-10-13T23:13:23.997+0000] {processor.py:829} INFO - Processing file /home/airflow/.local/lib/python3.8/site-packages/airflow/example_dags/example_local_kubernetes_executor.py for tasks to queue
[2023-10-13T23:13:23.999+0000] {logging_mixin.py:151} INFO - [2023-10-13T23:13:23.999+0000] {dagbag.py:536} INFO - Filling up the DagBag from /home/airflow/.local/lib/python3.8/site-packages/airflow/example_dags/example_local_kubernetes_executor.py
[2023-10-13T23:13:24.005+0000] {processor.py:839} INFO - DAG(s) dict_keys(['example_local_kubernetes_executor']) retrieved from /home/airflow/.local/lib/python3.8/site-packages/airflow/example_dags/example_local_kubernetes_executor.py
[2023-10-13T23:13:24.028+0000] {logging_mixin.py:151} INFO - [2023-10-13T23:13:24.028+0000] {dag.py:2941} INFO - Sync 1 DAGs
[2023-10-13T23:13:24.036+0000] {logging_mixin.py:151} INFO - [2023-10-13T23:13:24.036+0000] {dag.py:3722} INFO - Setting next_dagrun for example_local_kubernetes_executor to None, run_after=None
[2023-10-13T23:13:24.046+0000] {processor.py:179} INFO - Processing /home/airflow/.local/lib/python3.8/site-packages/airflow/example_dags/example_local_kubernetes_executor.py took 0.052 seconds
[2023-10-13T23:13:54.160+0000] {processor.py:157} INFO - Started process (PID=321) to work on /home/airflow/.local/lib/python3.8/site-packages/airflow/example_dags/example_local_kubernetes_executor.py
[2023-10-13T23:13:54.161+0000] {processor.py:829} INFO - Processing file /home/airflow/.local/lib/python3.8/site-packages/airflow/example_dags/example_local_kubernetes_executor.py for tasks to queue
[2023-10-13T23:13:54.162+0000] {logging_mixin.py:151} INFO - [2023-10-13T23:13:54.162+0000] {dagbag.py:536} INFO - Filling up the DagBag from /home/airflow/.local/lib/python3.8/site-packages/airflow/example_dags/example_local_kubernetes_executor.py
[2023-10-13T23:13:54.168+0000] {processor.py:839} INFO - DAG(s) dict_keys(['example_local_kubernetes_executor']) retrieved from /home/airflow/.local/lib/python3.8/site-packages/airflow/example_dags/example_local_kubernetes_executor.py
[2023-10-13T23:13:54.191+0000] {logging_mixin.py:151} INFO - [2023-10-13T23:13:54.191+0000] {dag.py:2941} INFO - Sync 1 DAGs
[2023-10-13T23:13:54.199+0000] {logging_mixin.py:151} INFO - [2023-10-13T23:13:54.199+0000] {dag.py:3722} INFO - Setting next_dagrun for example_local_kubernetes_executor to None, run_after=None
[2023-10-13T23:13:54.209+0000] {processor.py:179} INFO - Processing /home/airflow/.local/lib/python3.8/site-packages/airflow/example_dags/example_local_kubernetes_executor.py took 0.051 seconds
[2023-10-13T23:14:24.397+0000] {processor.py:157} INFO - Started process (PID=375) to work on /home/airflow/.local/lib/python3.8/site-packages/airflow/example_dags/example_local_kubernetes_executor.py
[2023-10-13T23:14:24.398+0000] {processor.py:829} INFO - Processing file /home/airflow/.local/lib/python3.8/site-packages/airflow/example_dags/example_local_kubernetes_executor.py for tasks to queue
[2023-10-13T23:14:24.400+0000] {logging_mixin.py:151} INFO - [2023-10-13T23:14:24.400+0000] {dagbag.py:536} INFO - Filling up the DagBag from /home/airflow/.local/lib/python3.8/site-packages/airflow/example_dags/example_local_kubernetes_executor.py
[2023-10-13T23:14:24.410+0000] {processor.py:839} INFO - DAG(s) dict_keys(['example_local_kubernetes_executor']) retrieved from /home/airflow/.local/lib/python3.8/site-packages/airflow/example_dags/example_local_kubernetes_executor.py
[2023-10-13T23:14:24.433+0000] {logging_mixin.py:151} INFO - [2023-10-13T23:14:24.433+0000] {dag.py:2941} INFO - Sync 1 DAGs
[2023-10-13T23:14:24.442+0000] {logging_mixin.py:151} INFO - [2023-10-13T23:14:24.442+0000] {dag.py:3722} INFO - Setting next_dagrun for example_local_kubernetes_executor to None, run_after=None
[2023-10-13T23:14:24.453+0000] {processor.py:179} INFO - Processing /home/airflow/.local/lib/python3.8/site-packages/airflow/example_dags/example_local_kubernetes_executor.py took 0.059 seconds
[2023-10-13T23:14:54.575+0000] {processor.py:157} INFO - Started process (PID=429) to work on /home/airflow/.local/lib/python3.8/site-packages/airflow/example_dags/example_local_kubernetes_executor.py
[2023-10-13T23:14:54.576+0000] {processor.py:829} INFO - Processing file /home/airflow/.local/lib/python3.8/site-packages/airflow/example_dags/example_local_kubernetes_executor.py for tasks to queue
[2023-10-13T23:14:54.578+0000] {logging_mixin.py:151} INFO - [2023-10-13T23:14:54.577+0000] {dagbag.py:536} INFO - Filling up the DagBag from /home/airflow/.local/lib/python3.8/site-packages/airflow/example_dags/example_local_kubernetes_executor.py
[2023-10-13T23:14:54.583+0000] {processor.py:839} INFO - DAG(s) dict_keys(['example_local_kubernetes_executor']) retrieved from /home/airflow/.local/lib/python3.8/site-packages/airflow/example_dags/example_local_kubernetes_executor.py
[2023-10-13T23:14:54.609+0000] {logging_mixin.py:151} INFO - [2023-10-13T23:14:54.609+0000] {dag.py:2941} INFO - Sync 1 DAGs
[2023-10-13T23:14:54.617+0000] {logging_mixin.py:151} INFO - [2023-10-13T23:14:54.617+0000] {dag.py:3722} INFO - Setting next_dagrun for example_local_kubernetes_executor to None, run_after=None
[2023-10-13T23:14:54.629+0000] {processor.py:179} INFO - Processing /home/airflow/.local/lib/python3.8/site-packages/airflow/example_dags/example_local_kubernetes_executor.py took 0.057 seconds
[2023-10-13T23:15:24.880+0000] {processor.py:157} INFO - Started process (PID=483) to work on /home/airflow/.local/lib/python3.8/site-packages/airflow/example_dags/example_local_kubernetes_executor.py
[2023-10-13T23:15:24.881+0000] {processor.py:829} INFO - Processing file /home/airflow/.local/lib/python3.8/site-packages/airflow/example_dags/example_local_kubernetes_executor.py for tasks to queue
[2023-10-13T23:15:24.883+0000] {logging_mixin.py:151} INFO - [2023-10-13T23:15:24.882+0000] {dagbag.py:536} INFO - Filling up the DagBag from /home/airflow/.local/lib/python3.8/site-packages/airflow/example_dags/example_local_kubernetes_executor.py
[2023-10-13T23:15:24.893+0000] {processor.py:839} INFO - DAG(s) dict_keys(['example_local_kubernetes_executor']) retrieved from /home/airflow/.local/lib/python3.8/site-packages/airflow/example_dags/example_local_kubernetes_executor.py
[2023-10-13T23:15:24.919+0000] {logging_mixin.py:151} INFO - [2023-10-13T23:15:24.919+0000] {dag.py:2941} INFO - Sync 1 DAGs
[2023-10-13T23:15:24.929+0000] {logging_mixin.py:151} INFO - [2023-10-13T23:15:24.929+0000] {dag.py:3722} INFO - Setting next_dagrun for example_local_kubernetes_executor to None, run_after=None
[2023-10-13T23:15:24.949+0000] {processor.py:179} INFO - Processing /home/airflow/.local/lib/python3.8/site-packages/airflow/example_dags/example_local_kubernetes_executor.py took 0.072 seconds
[2023-10-13T23:15:55.040+0000] {processor.py:157} INFO - Started process (PID=537) to work on /home/airflow/.local/lib/python3.8/site-packages/airflow/example_dags/example_local_kubernetes_executor.py
[2023-10-13T23:15:55.040+0000] {processor.py:829} INFO - Processing file /home/airflow/.local/lib/python3.8/site-packages/airflow/example_dags/example_local_kubernetes_executor.py for tasks to queue
[2023-10-13T23:15:55.042+0000] {logging_mixin.py:151} INFO - [2023-10-13T23:15:55.042+0000] {dagbag.py:536} INFO - Filling up the DagBag from /home/airflow/.local/lib/python3.8/site-packages/airflow/example_dags/example_local_kubernetes_executor.py
[2023-10-13T23:15:55.047+0000] {processor.py:839} INFO - DAG(s) dict_keys(['example_local_kubernetes_executor']) retrieved from /home/airflow/.local/lib/python3.8/site-packages/airflow/example_dags/example_local_kubernetes_executor.py
[2023-10-13T23:15:55.068+0000] {logging_mixin.py:151} INFO - [2023-10-13T23:15:55.068+0000] {dag.py:2941} INFO - Sync 1 DAGs
[2023-10-13T23:15:55.074+0000] {logging_mixin.py:151} INFO - [2023-10-13T23:15:55.074+0000] {dag.py:3722} INFO - Setting next_dagrun for example_local_kubernetes_executor to None, run_after=None
[2023-10-13T23:15:55.083+0000] {processor.py:179} INFO - Processing /home/airflow/.local/lib/python3.8/site-packages/airflow/example_dags/example_local_kubernetes_executor.py took 0.045 seconds
[2023-10-13T23:16:25.924+0000] {processor.py:157} INFO - Started process (PID=591) to work on /home/airflow/.local/lib/python3.8/site-packages/airflow/example_dags/example_local_kubernetes_executor.py
[2023-10-13T23:16:25.925+0000] {processor.py:829} INFO - Processing file /home/airflow/.local/lib/python3.8/site-packages/airflow/example_dags/example_local_kubernetes_executor.py for tasks to queue
[2023-10-13T23:16:25.927+0000] {logging_mixin.py:151} INFO - [2023-10-13T23:16:25.926+0000] {dagbag.py:536} INFO - Filling up the DagBag from /home/airflow/.local/lib/python3.8/site-packages/airflow/example_dags/example_local_kubernetes_executor.py
[2023-10-13T23:16:25.932+0000] {processor.py:839} INFO - DAG(s) dict_keys(['example_local_kubernetes_executor']) retrieved from /home/airflow/.local/lib/python3.8/site-packages/airflow/example_dags/example_local_kubernetes_executor.py
[2023-10-13T23:16:25.954+0000] {logging_mixin.py:151} INFO - [2023-10-13T23:16:25.954+0000] {dag.py:2941} INFO - Sync 1 DAGs
[2023-10-13T23:16:25.962+0000] {logging_mixin.py:151} INFO - [2023-10-13T23:16:25.962+0000] {dag.py:3722} INFO - Setting next_dagrun for example_local_kubernetes_executor to None, run_after=None
[2023-10-13T23:16:25.972+0000] {processor.py:179} INFO - Processing /home/airflow/.local/lib/python3.8/site-packages/airflow/example_dags/example_local_kubernetes_executor.py took 0.050 seconds
[2023-10-13T23:16:56.234+0000] {processor.py:157} INFO - Started process (PID=645) to work on /home/airflow/.local/lib/python3.8/site-packages/airflow/example_dags/example_local_kubernetes_executor.py
[2023-10-13T23:16:56.235+0000] {processor.py:829} INFO - Processing file /home/airflow/.local/lib/python3.8/site-packages/airflow/example_dags/example_local_kubernetes_executor.py for tasks to queue
[2023-10-13T23:16:56.236+0000] {logging_mixin.py:151} INFO - [2023-10-13T23:16:56.236+0000] {dagbag.py:536} INFO - Filling up the DagBag from /home/airflow/.local/lib/python3.8/site-packages/airflow/example_dags/example_local_kubernetes_executor.py
[2023-10-13T23:16:56.242+0000] {processor.py:839} INFO - DAG(s) dict_keys(['example_local_kubernetes_executor']) retrieved from /home/airflow/.local/lib/python3.8/site-packages/airflow/example_dags/example_local_kubernetes_executor.py
[2023-10-13T23:16:56.263+0000] {logging_mixin.py:151} INFO - [2023-10-13T23:16:56.263+0000] {dag.py:2941} INFO - Sync 1 DAGs
[2023-10-13T23:16:56.270+0000] {logging_mixin.py:151} INFO - [2023-10-13T23:16:56.270+0000] {dag.py:3722} INFO - Setting next_dagrun for example_local_kubernetes_executor to None, run_after=None
[2023-10-13T23:16:56.279+0000] {processor.py:179} INFO - Processing /home/airflow/.local/lib/python3.8/site-packages/airflow/example_dags/example_local_kubernetes_executor.py took 0.048 seconds
[2023-10-13T23:17:27.253+0000] {processor.py:157} INFO - Started process (PID=699) to work on /home/airflow/.local/lib/python3.8/site-packages/airflow/example_dags/example_local_kubernetes_executor.py
[2023-10-13T23:17:27.253+0000] {processor.py:829} INFO - Processing file /home/airflow/.local/lib/python3.8/site-packages/airflow/example_dags/example_local_kubernetes_executor.py for tasks to queue
[2023-10-13T23:17:27.255+0000] {logging_mixin.py:151} INFO - [2023-10-13T23:17:27.255+0000] {dagbag.py:536} INFO - Filling up the DagBag from /home/airflow/.local/lib/python3.8/site-packages/airflow/example_dags/example_local_kubernetes_executor.py
[2023-10-13T23:17:27.260+0000] {processor.py:839} INFO - DAG(s) dict_keys(['example_local_kubernetes_executor']) retrieved from /home/airflow/.local/lib/python3.8/site-packages/airflow/example_dags/example_local_kubernetes_executor.py
[2023-10-13T23:17:27.281+0000] {logging_mixin.py:151} INFO - [2023-10-13T23:17:27.280+0000] {dag.py:2941} INFO - Sync 1 DAGs
[2023-10-13T23:17:27.287+0000] {logging_mixin.py:151} INFO - [2023-10-13T23:17:27.287+0000] {dag.py:3722} INFO - Setting next_dagrun for example_local_kubernetes_executor to None, run_after=None
[2023-10-13T23:17:27.295+0000] {processor.py:179} INFO - Processing /home/airflow/.local/lib/python3.8/site-packages/airflow/example_dags/example_local_kubernetes_executor.py took 0.045 seconds
[2023-10-13T23:17:58.176+0000] {processor.py:157} INFO - Started process (PID=753) to work on /home/airflow/.local/lib/python3.8/site-packages/airflow/example_dags/example_local_kubernetes_executor.py
[2023-10-13T23:17:58.177+0000] {processor.py:829} INFO - Processing file /home/airflow/.local/lib/python3.8/site-packages/airflow/example_dags/example_local_kubernetes_executor.py for tasks to queue
[2023-10-13T23:17:58.180+0000] {logging_mixin.py:151} INFO - [2023-10-13T23:17:58.179+0000] {dagbag.py:536} INFO - Filling up the DagBag from /home/airflow/.local/lib/python3.8/site-packages/airflow/example_dags/example_local_kubernetes_executor.py
[2023-10-13T23:17:58.190+0000] {processor.py:839} INFO - DAG(s) dict_keys(['example_local_kubernetes_executor']) retrieved from /home/airflow/.local/lib/python3.8/site-packages/airflow/example_dags/example_local_kubernetes_executor.py
[2023-10-13T23:17:58.216+0000] {logging_mixin.py:151} INFO - [2023-10-13T23:17:58.216+0000] {dag.py:2941} INFO - Sync 1 DAGs
[2023-10-13T23:17:58.224+0000] {logging_mixin.py:151} INFO - [2023-10-13T23:17:58.224+0000] {dag.py:3722} INFO - Setting next_dagrun for example_local_kubernetes_executor to None, run_after=None
[2023-10-13T23:17:58.236+0000] {processor.py:179} INFO - Processing /home/airflow/.local/lib/python3.8/site-packages/airflow/example_dags/example_local_kubernetes_executor.py took 0.063 seconds
[2023-10-13T23:18:28.309+0000] {processor.py:157} INFO - Started process (PID=807) to work on /home/airflow/.local/lib/python3.8/site-packages/airflow/example_dags/example_local_kubernetes_executor.py
[2023-10-13T23:18:28.309+0000] {processor.py:829} INFO - Processing file /home/airflow/.local/lib/python3.8/site-packages/airflow/example_dags/example_local_kubernetes_executor.py for tasks to queue
[2023-10-13T23:18:28.311+0000] {logging_mixin.py:151} INFO - [2023-10-13T23:18:28.311+0000] {dagbag.py:536} INFO - Filling up the DagBag from /home/airflow/.local/lib/python3.8/site-packages/airflow/example_dags/example_local_kubernetes_executor.py
[2023-10-13T23:18:28.316+0000] {processor.py:839} INFO - DAG(s) dict_keys(['example_local_kubernetes_executor']) retrieved from /home/airflow/.local/lib/python3.8/site-packages/airflow/example_dags/example_local_kubernetes_executor.py
[2023-10-13T23:18:28.338+0000] {logging_mixin.py:151} INFO - [2023-10-13T23:18:28.338+0000] {dag.py:2941} INFO - Sync 1 DAGs
[2023-10-13T23:18:28.346+0000] {logging_mixin.py:151} INFO - [2023-10-13T23:18:28.346+0000] {dag.py:3722} INFO - Setting next_dagrun for example_local_kubernetes_executor to None, run_after=None
[2023-10-13T23:18:28.356+0000] {processor.py:179} INFO - Processing /home/airflow/.local/lib/python3.8/site-packages/airflow/example_dags/example_local_kubernetes_executor.py took 0.050 seconds
[2023-10-13T23:18:58.467+0000] {processor.py:157} INFO - Started process (PID=861) to work on /home/airflow/.local/lib/python3.8/site-packages/airflow/example_dags/example_local_kubernetes_executor.py
[2023-10-13T23:18:58.468+0000] {processor.py:829} INFO - Processing file /home/airflow/.local/lib/python3.8/site-packages/airflow/example_dags/example_local_kubernetes_executor.py for tasks to queue
[2023-10-13T23:18:58.469+0000] {logging_mixin.py:151} INFO - [2023-10-13T23:18:58.469+0000] {dagbag.py:536} INFO - Filling up the DagBag from /home/airflow/.local/lib/python3.8/site-packages/airflow/example_dags/example_local_kubernetes_executor.py
[2023-10-13T23:18:58.474+0000] {processor.py:839} INFO - DAG(s) dict_keys(['example_local_kubernetes_executor']) retrieved from /home/airflow/.local/lib/python3.8/site-packages/airflow/example_dags/example_local_kubernetes_executor.py
[2023-10-13T23:18:58.495+0000] {logging_mixin.py:151} INFO - [2023-10-13T23:18:58.495+0000] {dag.py:2941} INFO - Sync 1 DAGs
[2023-10-13T23:18:58.502+0000] {logging_mixin.py:151} INFO - [2023-10-13T23:18:58.502+0000] {dag.py:3722} INFO - Setting next_dagrun for example_local_kubernetes_executor to None, run_after=None
[2023-10-13T23:18:58.512+0000] {processor.py:179} INFO - Processing /home/airflow/.local/lib/python3.8/site-packages/airflow/example_dags/example_local_kubernetes_executor.py took 0.046 seconds
[2023-10-13T23:19:28.577+0000] {processor.py:157} INFO - Started process (PID=914) to work on /home/airflow/.local/lib/python3.8/site-packages/airflow/example_dags/example_local_kubernetes_executor.py
[2023-10-13T23:19:28.578+0000] {processor.py:829} INFO - Processing file /home/airflow/.local/lib/python3.8/site-packages/airflow/example_dags/example_local_kubernetes_executor.py for tasks to queue
[2023-10-13T23:19:28.579+0000] {logging_mixin.py:151} INFO - [2023-10-13T23:19:28.579+0000] {dagbag.py:536} INFO - Filling up the DagBag from /home/airflow/.local/lib/python3.8/site-packages/airflow/example_dags/example_local_kubernetes_executor.py
[2023-10-13T23:19:28.584+0000] {processor.py:839} INFO - DAG(s) dict_keys(['example_local_kubernetes_executor']) retrieved from /home/airflow/.local/lib/python3.8/site-packages/airflow/example_dags/example_local_kubernetes_executor.py
[2023-10-13T23:19:28.605+0000] {logging_mixin.py:151} INFO - [2023-10-13T23:19:28.605+0000] {dag.py:2941} INFO - Sync 1 DAGs
[2023-10-13T23:19:28.611+0000] {logging_mixin.py:151} INFO - [2023-10-13T23:19:28.611+0000] {dag.py:3722} INFO - Setting next_dagrun for example_local_kubernetes_executor to None, run_after=None
[2023-10-13T23:19:28.619+0000] {processor.py:179} INFO - Processing /home/airflow/.local/lib/python3.8/site-packages/airflow/example_dags/example_local_kubernetes_executor.py took 0.044 seconds
