[2023-10-13T23:09:58.559+0000] {processor.py:157} INFO - Started process (PID=48) to work on /home/airflow/.local/lib/python3.8/site-packages/airflow/example_dags/example_nested_branch_dag.py
[2023-10-13T23:09:58.560+0000] {processor.py:829} INFO - Processing file /home/airflow/.local/lib/python3.8/site-packages/airflow/example_dags/example_nested_branch_dag.py for tasks to queue
[2023-10-13T23:09:58.563+0000] {logging_mixin.py:151} INFO - [2023-10-13T23:09:58.563+0000] {dagbag.py:536} INFO - Filling up the DagBag from /home/airflow/.local/lib/python3.8/site-packages/airflow/example_dags/example_nested_branch_dag.py
[2023-10-13T23:09:58.571+0000] {processor.py:839} INFO - DAG(s) dict_keys(['example_nested_branch_dag']) retrieved from /home/airflow/.local/lib/python3.8/site-packages/airflow/example_dags/example_nested_branch_dag.py
[2023-10-13T23:09:58.580+0000] {logging_mixin.py:151} INFO - [2023-10-13T23:09:58.580+0000] {dag.py:2941} INFO - Sync 1 DAGs
[2023-10-13T23:09:58.604+0000] {logging_mixin.py:151} INFO - [2023-10-13T23:09:58.604+0000] {dag.py:3722} INFO - Setting next_dagrun for example_nested_branch_dag to 2023-10-12T00:00:00+00:00, run_after=2023-10-13T00:00:00+00:00
[2023-10-13T23:09:58.615+0000] {processor.py:179} INFO - Processing /home/airflow/.local/lib/python3.8/site-packages/airflow/example_dags/example_nested_branch_dag.py took 0.061 seconds
[2023-10-13T23:11:22.898+0000] {processor.py:157} INFO - Started process (PID=47) to work on /home/airflow/.local/lib/python3.8/site-packages/airflow/example_dags/example_nested_branch_dag.py
[2023-10-13T23:11:22.899+0000] {processor.py:829} INFO - Processing file /home/airflow/.local/lib/python3.8/site-packages/airflow/example_dags/example_nested_branch_dag.py for tasks to queue
[2023-10-13T23:11:22.902+0000] {logging_mixin.py:151} INFO - [2023-10-13T23:11:22.901+0000] {dagbag.py:536} INFO - Filling up the DagBag from /home/airflow/.local/lib/python3.8/site-packages/airflow/example_dags/example_nested_branch_dag.py
[2023-10-13T23:11:22.913+0000] {processor.py:839} INFO - DAG(s) dict_keys(['example_nested_branch_dag']) retrieved from /home/airflow/.local/lib/python3.8/site-packages/airflow/example_dags/example_nested_branch_dag.py
[2023-10-13T23:11:22.930+0000] {logging_mixin.py:151} INFO - [2023-10-13T23:11:22.930+0000] {dag.py:2941} INFO - Sync 1 DAGs
[2023-10-13T23:11:22.955+0000] {logging_mixin.py:151} INFO - [2023-10-13T23:11:22.954+0000] {dag.py:3722} INFO - Setting next_dagrun for example_nested_branch_dag to 2023-10-12T00:00:00+00:00, run_after=2023-10-13T00:00:00+00:00
[2023-10-13T23:11:22.970+0000] {processor.py:179} INFO - Processing /home/airflow/.local/lib/python3.8/site-packages/airflow/example_dags/example_nested_branch_dag.py took 0.075 seconds
[2023-10-13T23:11:53.328+0000] {processor.py:157} INFO - Started process (PID=101) to work on /home/airflow/.local/lib/python3.8/site-packages/airflow/example_dags/example_nested_branch_dag.py
[2023-10-13T23:11:53.329+0000] {processor.py:829} INFO - Processing file /home/airflow/.local/lib/python3.8/site-packages/airflow/example_dags/example_nested_branch_dag.py for tasks to queue
[2023-10-13T23:11:53.331+0000] {logging_mixin.py:151} INFO - [2023-10-13T23:11:53.331+0000] {dagbag.py:536} INFO - Filling up the DagBag from /home/airflow/.local/lib/python3.8/site-packages/airflow/example_dags/example_nested_branch_dag.py
[2023-10-13T23:11:53.338+0000] {processor.py:839} INFO - DAG(s) dict_keys(['example_nested_branch_dag']) retrieved from /home/airflow/.local/lib/python3.8/site-packages/airflow/example_dags/example_nested_branch_dag.py
[2023-10-13T23:11:53.354+0000] {logging_mixin.py:151} INFO - [2023-10-13T23:11:53.354+0000] {dag.py:2941} INFO - Sync 1 DAGs
[2023-10-13T23:11:53.369+0000] {logging_mixin.py:151} INFO - [2023-10-13T23:11:53.368+0000] {dag.py:3722} INFO - Setting next_dagrun for example_nested_branch_dag to 2023-10-12T00:00:00+00:00, run_after=2023-10-13T00:00:00+00:00
[2023-10-13T23:11:53.379+0000] {processor.py:179} INFO - Processing /home/airflow/.local/lib/python3.8/site-packages/airflow/example_dags/example_nested_branch_dag.py took 0.054 seconds
[2023-10-13T23:12:23.443+0000] {processor.py:157} INFO - Started process (PID=155) to work on /home/airflow/.local/lib/python3.8/site-packages/airflow/example_dags/example_nested_branch_dag.py
[2023-10-13T23:12:23.444+0000] {processor.py:829} INFO - Processing file /home/airflow/.local/lib/python3.8/site-packages/airflow/example_dags/example_nested_branch_dag.py for tasks to queue
[2023-10-13T23:12:23.446+0000] {logging_mixin.py:151} INFO - [2023-10-13T23:12:23.446+0000] {dagbag.py:536} INFO - Filling up the DagBag from /home/airflow/.local/lib/python3.8/site-packages/airflow/example_dags/example_nested_branch_dag.py
[2023-10-13T23:12:23.455+0000] {processor.py:839} INFO - DAG(s) dict_keys(['example_nested_branch_dag']) retrieved from /home/airflow/.local/lib/python3.8/site-packages/airflow/example_dags/example_nested_branch_dag.py
[2023-10-13T23:12:23.482+0000] {logging_mixin.py:151} INFO - [2023-10-13T23:12:23.482+0000] {dag.py:2941} INFO - Sync 1 DAGs
[2023-10-13T23:12:23.497+0000] {logging_mixin.py:151} INFO - [2023-10-13T23:12:23.497+0000] {dag.py:3722} INFO - Setting next_dagrun for example_nested_branch_dag to 2023-10-12T00:00:00+00:00, run_after=2023-10-13T00:00:00+00:00
[2023-10-13T23:12:23.509+0000] {processor.py:179} INFO - Processing /home/airflow/.local/lib/python3.8/site-packages/airflow/example_dags/example_nested_branch_dag.py took 0.069 seconds
[2023-10-13T23:12:53.591+0000] {processor.py:157} INFO - Started process (PID=208) to work on /home/airflow/.local/lib/python3.8/site-packages/airflow/example_dags/example_nested_branch_dag.py
[2023-10-13T23:12:53.592+0000] {processor.py:829} INFO - Processing file /home/airflow/.local/lib/python3.8/site-packages/airflow/example_dags/example_nested_branch_dag.py for tasks to queue
[2023-10-13T23:12:53.593+0000] {logging_mixin.py:151} INFO - [2023-10-13T23:12:53.593+0000] {dagbag.py:536} INFO - Filling up the DagBag from /home/airflow/.local/lib/python3.8/site-packages/airflow/example_dags/example_nested_branch_dag.py
[2023-10-13T23:12:53.599+0000] {processor.py:839} INFO - DAG(s) dict_keys(['example_nested_branch_dag']) retrieved from /home/airflow/.local/lib/python3.8/site-packages/airflow/example_dags/example_nested_branch_dag.py
[2023-10-13T23:12:53.614+0000] {logging_mixin.py:151} INFO - [2023-10-13T23:12:53.614+0000] {dag.py:2941} INFO - Sync 1 DAGs
[2023-10-13T23:12:53.627+0000] {logging_mixin.py:151} INFO - [2023-10-13T23:12:53.627+0000] {dag.py:3722} INFO - Setting next_dagrun for example_nested_branch_dag to 2023-10-12T00:00:00+00:00, run_after=2023-10-13T00:00:00+00:00
[2023-10-13T23:12:53.639+0000] {processor.py:179} INFO - Processing /home/airflow/.local/lib/python3.8/site-packages/airflow/example_dags/example_nested_branch_dag.py took 0.051 seconds
[2023-10-13T23:13:23.838+0000] {processor.py:157} INFO - Started process (PID=263) to work on /home/airflow/.local/lib/python3.8/site-packages/airflow/example_dags/example_nested_branch_dag.py
[2023-10-13T23:13:23.839+0000] {processor.py:829} INFO - Processing file /home/airflow/.local/lib/python3.8/site-packages/airflow/example_dags/example_nested_branch_dag.py for tasks to queue
[2023-10-13T23:13:23.840+0000] {logging_mixin.py:151} INFO - [2023-10-13T23:13:23.840+0000] {dagbag.py:536} INFO - Filling up the DagBag from /home/airflow/.local/lib/python3.8/site-packages/airflow/example_dags/example_nested_branch_dag.py
[2023-10-13T23:13:23.846+0000] {processor.py:839} INFO - DAG(s) dict_keys(['example_nested_branch_dag']) retrieved from /home/airflow/.local/lib/python3.8/site-packages/airflow/example_dags/example_nested_branch_dag.py
[2023-10-13T23:13:23.861+0000] {logging_mixin.py:151} INFO - [2023-10-13T23:13:23.861+0000] {dag.py:2941} INFO - Sync 1 DAGs
[2023-10-13T23:13:23.874+0000] {logging_mixin.py:151} INFO - [2023-10-13T23:13:23.874+0000] {dag.py:3722} INFO - Setting next_dagrun for example_nested_branch_dag to 2023-10-12T00:00:00+00:00, run_after=2023-10-13T00:00:00+00:00
[2023-10-13T23:13:23.885+0000] {processor.py:179} INFO - Processing /home/airflow/.local/lib/python3.8/site-packages/airflow/example_dags/example_nested_branch_dag.py took 0.050 seconds
[2023-10-13T23:13:54.029+0000] {processor.py:157} INFO - Started process (PID=317) to work on /home/airflow/.local/lib/python3.8/site-packages/airflow/example_dags/example_nested_branch_dag.py
[2023-10-13T23:13:54.030+0000] {processor.py:829} INFO - Processing file /home/airflow/.local/lib/python3.8/site-packages/airflow/example_dags/example_nested_branch_dag.py for tasks to queue
[2023-10-13T23:13:54.032+0000] {logging_mixin.py:151} INFO - [2023-10-13T23:13:54.031+0000] {dagbag.py:536} INFO - Filling up the DagBag from /home/airflow/.local/lib/python3.8/site-packages/airflow/example_dags/example_nested_branch_dag.py
[2023-10-13T23:13:54.038+0000] {processor.py:839} INFO - DAG(s) dict_keys(['example_nested_branch_dag']) retrieved from /home/airflow/.local/lib/python3.8/site-packages/airflow/example_dags/example_nested_branch_dag.py
[2023-10-13T23:13:54.053+0000] {logging_mixin.py:151} INFO - [2023-10-13T23:13:54.052+0000] {dag.py:2941} INFO - Sync 1 DAGs
[2023-10-13T23:13:54.067+0000] {logging_mixin.py:151} INFO - [2023-10-13T23:13:54.066+0000] {dag.py:3722} INFO - Setting next_dagrun for example_nested_branch_dag to 2023-10-12T00:00:00+00:00, run_after=2023-10-13T00:00:00+00:00
[2023-10-13T23:13:54.078+0000] {processor.py:179} INFO - Processing /home/airflow/.local/lib/python3.8/site-packages/airflow/example_dags/example_nested_branch_dag.py took 0.051 seconds
[2023-10-13T23:14:24.254+0000] {processor.py:157} INFO - Started process (PID=371) to work on /home/airflow/.local/lib/python3.8/site-packages/airflow/example_dags/example_nested_branch_dag.py
[2023-10-13T23:14:24.255+0000] {processor.py:829} INFO - Processing file /home/airflow/.local/lib/python3.8/site-packages/airflow/example_dags/example_nested_branch_dag.py for tasks to queue
[2023-10-13T23:14:24.257+0000] {logging_mixin.py:151} INFO - [2023-10-13T23:14:24.257+0000] {dagbag.py:536} INFO - Filling up the DagBag from /home/airflow/.local/lib/python3.8/site-packages/airflow/example_dags/example_nested_branch_dag.py
[2023-10-13T23:14:24.265+0000] {processor.py:839} INFO - DAG(s) dict_keys(['example_nested_branch_dag']) retrieved from /home/airflow/.local/lib/python3.8/site-packages/airflow/example_dags/example_nested_branch_dag.py
[2023-10-13T23:14:24.281+0000] {logging_mixin.py:151} INFO - [2023-10-13T23:14:24.280+0000] {dag.py:2941} INFO - Sync 1 DAGs
[2023-10-13T23:14:24.296+0000] {logging_mixin.py:151} INFO - [2023-10-13T23:14:24.296+0000] {dag.py:3722} INFO - Setting next_dagrun for example_nested_branch_dag to 2023-10-12T00:00:00+00:00, run_after=2023-10-13T00:00:00+00:00
[2023-10-13T23:14:24.308+0000] {processor.py:179} INFO - Processing /home/airflow/.local/lib/python3.8/site-packages/airflow/example_dags/example_nested_branch_dag.py took 0.059 seconds
[2023-10-13T23:14:54.423+0000] {processor.py:157} INFO - Started process (PID=425) to work on /home/airflow/.local/lib/python3.8/site-packages/airflow/example_dags/example_nested_branch_dag.py
[2023-10-13T23:14:54.424+0000] {processor.py:829} INFO - Processing file /home/airflow/.local/lib/python3.8/site-packages/airflow/example_dags/example_nested_branch_dag.py for tasks to queue
[2023-10-13T23:14:54.425+0000] {logging_mixin.py:151} INFO - [2023-10-13T23:14:54.425+0000] {dagbag.py:536} INFO - Filling up the DagBag from /home/airflow/.local/lib/python3.8/site-packages/airflow/example_dags/example_nested_branch_dag.py
[2023-10-13T23:14:54.432+0000] {processor.py:839} INFO - DAG(s) dict_keys(['example_nested_branch_dag']) retrieved from /home/airflow/.local/lib/python3.8/site-packages/airflow/example_dags/example_nested_branch_dag.py
[2023-10-13T23:14:54.447+0000] {logging_mixin.py:151} INFO - [2023-10-13T23:14:54.446+0000] {dag.py:2941} INFO - Sync 1 DAGs
[2023-10-13T23:14:54.462+0000] {logging_mixin.py:151} INFO - [2023-10-13T23:14:54.462+0000] {dag.py:3722} INFO - Setting next_dagrun for example_nested_branch_dag to 2023-10-12T00:00:00+00:00, run_after=2023-10-13T00:00:00+00:00
[2023-10-13T23:14:54.472+0000] {processor.py:179} INFO - Processing /home/airflow/.local/lib/python3.8/site-packages/airflow/example_dags/example_nested_branch_dag.py took 0.052 seconds
[2023-10-13T23:15:24.659+0000] {processor.py:157} INFO - Started process (PID=479) to work on /home/airflow/.local/lib/python3.8/site-packages/airflow/example_dags/example_nested_branch_dag.py
[2023-10-13T23:15:24.659+0000] {processor.py:829} INFO - Processing file /home/airflow/.local/lib/python3.8/site-packages/airflow/example_dags/example_nested_branch_dag.py for tasks to queue
[2023-10-13T23:15:24.661+0000] {logging_mixin.py:151} INFO - [2023-10-13T23:15:24.660+0000] {dagbag.py:536} INFO - Filling up the DagBag from /home/airflow/.local/lib/python3.8/site-packages/airflow/example_dags/example_nested_branch_dag.py
[2023-10-13T23:15:24.667+0000] {processor.py:839} INFO - DAG(s) dict_keys(['example_nested_branch_dag']) retrieved from /home/airflow/.local/lib/python3.8/site-packages/airflow/example_dags/example_nested_branch_dag.py
[2023-10-13T23:15:24.682+0000] {logging_mixin.py:151} INFO - [2023-10-13T23:15:24.682+0000] {dag.py:2941} INFO - Sync 1 DAGs
[2023-10-13T23:15:24.695+0000] {logging_mixin.py:151} INFO - [2023-10-13T23:15:24.695+0000] {dag.py:3722} INFO - Setting next_dagrun for example_nested_branch_dag to 2023-10-12T00:00:00+00:00, run_after=2023-10-13T00:00:00+00:00
[2023-10-13T23:15:24.707+0000] {processor.py:179} INFO - Processing /home/airflow/.local/lib/python3.8/site-packages/airflow/example_dags/example_nested_branch_dag.py took 0.050 seconds
[2023-10-13T23:15:54.804+0000] {processor.py:157} INFO - Started process (PID=532) to work on /home/airflow/.local/lib/python3.8/site-packages/airflow/example_dags/example_nested_branch_dag.py
[2023-10-13T23:15:54.804+0000] {processor.py:829} INFO - Processing file /home/airflow/.local/lib/python3.8/site-packages/airflow/example_dags/example_nested_branch_dag.py for tasks to queue
[2023-10-13T23:15:54.806+0000] {logging_mixin.py:151} INFO - [2023-10-13T23:15:54.806+0000] {dagbag.py:536} INFO - Filling up the DagBag from /home/airflow/.local/lib/python3.8/site-packages/airflow/example_dags/example_nested_branch_dag.py
[2023-10-13T23:15:54.812+0000] {processor.py:839} INFO - DAG(s) dict_keys(['example_nested_branch_dag']) retrieved from /home/airflow/.local/lib/python3.8/site-packages/airflow/example_dags/example_nested_branch_dag.py
[2023-10-13T23:15:54.825+0000] {logging_mixin.py:151} INFO - [2023-10-13T23:15:54.825+0000] {dag.py:2941} INFO - Sync 1 DAGs
[2023-10-13T23:15:54.837+0000] {logging_mixin.py:151} INFO - [2023-10-13T23:15:54.837+0000] {dag.py:3722} INFO - Setting next_dagrun for example_nested_branch_dag to 2023-10-12T00:00:00+00:00, run_after=2023-10-13T00:00:00+00:00
[2023-10-13T23:15:54.846+0000] {processor.py:179} INFO - Processing /home/airflow/.local/lib/python3.8/site-packages/airflow/example_dags/example_nested_branch_dag.py took 0.044 seconds
[2023-10-13T23:16:25.779+0000] {processor.py:157} INFO - Started process (PID=587) to work on /home/airflow/.local/lib/python3.8/site-packages/airflow/example_dags/example_nested_branch_dag.py
[2023-10-13T23:16:25.779+0000] {processor.py:829} INFO - Processing file /home/airflow/.local/lib/python3.8/site-packages/airflow/example_dags/example_nested_branch_dag.py for tasks to queue
[2023-10-13T23:16:25.781+0000] {logging_mixin.py:151} INFO - [2023-10-13T23:16:25.781+0000] {dagbag.py:536} INFO - Filling up the DagBag from /home/airflow/.local/lib/python3.8/site-packages/airflow/example_dags/example_nested_branch_dag.py
[2023-10-13T23:16:25.789+0000] {processor.py:839} INFO - DAG(s) dict_keys(['example_nested_branch_dag']) retrieved from /home/airflow/.local/lib/python3.8/site-packages/airflow/example_dags/example_nested_branch_dag.py
[2023-10-13T23:16:25.805+0000] {logging_mixin.py:151} INFO - [2023-10-13T23:16:25.805+0000] {dag.py:2941} INFO - Sync 1 DAGs
[2023-10-13T23:16:25.819+0000] {logging_mixin.py:151} INFO - [2023-10-13T23:16:25.819+0000] {dag.py:3722} INFO - Setting next_dagrun for example_nested_branch_dag to 2023-10-12T00:00:00+00:00, run_after=2023-10-13T00:00:00+00:00
[2023-10-13T23:16:25.835+0000] {processor.py:179} INFO - Processing /home/airflow/.local/lib/python3.8/site-packages/airflow/example_dags/example_nested_branch_dag.py took 0.059 seconds
[2023-10-13T23:16:55.977+0000] {processor.py:157} INFO - Started process (PID=641) to work on /home/airflow/.local/lib/python3.8/site-packages/airflow/example_dags/example_nested_branch_dag.py
[2023-10-13T23:16:55.977+0000] {processor.py:829} INFO - Processing file /home/airflow/.local/lib/python3.8/site-packages/airflow/example_dags/example_nested_branch_dag.py for tasks to queue
[2023-10-13T23:16:55.979+0000] {logging_mixin.py:151} INFO - [2023-10-13T23:16:55.979+0000] {dagbag.py:536} INFO - Filling up the DagBag from /home/airflow/.local/lib/python3.8/site-packages/airflow/example_dags/example_nested_branch_dag.py
[2023-10-13T23:16:55.985+0000] {processor.py:839} INFO - DAG(s) dict_keys(['example_nested_branch_dag']) retrieved from /home/airflow/.local/lib/python3.8/site-packages/airflow/example_dags/example_nested_branch_dag.py
[2023-10-13T23:16:55.999+0000] {logging_mixin.py:151} INFO - [2023-10-13T23:16:55.999+0000] {dag.py:2941} INFO - Sync 1 DAGs
[2023-10-13T23:16:56.013+0000] {logging_mixin.py:151} INFO - [2023-10-13T23:16:56.013+0000] {dag.py:3722} INFO - Setting next_dagrun for example_nested_branch_dag to 2023-10-12T00:00:00+00:00, run_after=2023-10-13T00:00:00+00:00
[2023-10-13T23:16:56.024+0000] {processor.py:179} INFO - Processing /home/airflow/.local/lib/python3.8/site-packages/airflow/example_dags/example_nested_branch_dag.py took 0.049 seconds
[2023-10-13T23:17:26.047+0000] {processor.py:157} INFO - Started process (PID=694) to work on /home/airflow/.local/lib/python3.8/site-packages/airflow/example_dags/example_nested_branch_dag.py
[2023-10-13T23:17:26.048+0000] {processor.py:829} INFO - Processing file /home/airflow/.local/lib/python3.8/site-packages/airflow/example_dags/example_nested_branch_dag.py for tasks to queue
[2023-10-13T23:17:26.049+0000] {logging_mixin.py:151} INFO - [2023-10-13T23:17:26.049+0000] {dagbag.py:536} INFO - Filling up the DagBag from /home/airflow/.local/lib/python3.8/site-packages/airflow/example_dags/example_nested_branch_dag.py
[2023-10-13T23:17:26.055+0000] {processor.py:839} INFO - DAG(s) dict_keys(['example_nested_branch_dag']) retrieved from /home/airflow/.local/lib/python3.8/site-packages/airflow/example_dags/example_nested_branch_dag.py
[2023-10-13T23:17:26.067+0000] {logging_mixin.py:151} INFO - [2023-10-13T23:17:26.067+0000] {dag.py:2941} INFO - Sync 1 DAGs
[2023-10-13T23:17:26.077+0000] {logging_mixin.py:151} INFO - [2023-10-13T23:17:26.077+0000] {dag.py:3722} INFO - Setting next_dagrun for example_nested_branch_dag to 2023-10-12T00:00:00+00:00, run_after=2023-10-13T00:00:00+00:00
[2023-10-13T23:17:26.085+0000] {processor.py:179} INFO - Processing /home/airflow/.local/lib/python3.8/site-packages/airflow/example_dags/example_nested_branch_dag.py took 0.040 seconds
[2023-10-13T23:17:56.886+0000] {processor.py:157} INFO - Started process (PID=748) to work on /home/airflow/.local/lib/python3.8/site-packages/airflow/example_dags/example_nested_branch_dag.py
[2023-10-13T23:17:56.887+0000] {processor.py:829} INFO - Processing file /home/airflow/.local/lib/python3.8/site-packages/airflow/example_dags/example_nested_branch_dag.py for tasks to queue
[2023-10-13T23:17:56.888+0000] {logging_mixin.py:151} INFO - [2023-10-13T23:17:56.888+0000] {dagbag.py:536} INFO - Filling up the DagBag from /home/airflow/.local/lib/python3.8/site-packages/airflow/example_dags/example_nested_branch_dag.py
[2023-10-13T23:17:56.895+0000] {processor.py:839} INFO - DAG(s) dict_keys(['example_nested_branch_dag']) retrieved from /home/airflow/.local/lib/python3.8/site-packages/airflow/example_dags/example_nested_branch_dag.py
[2023-10-13T23:17:56.908+0000] {logging_mixin.py:151} INFO - [2023-10-13T23:17:56.907+0000] {dag.py:2941} INFO - Sync 1 DAGs
[2023-10-13T23:17:56.919+0000] {logging_mixin.py:151} INFO - [2023-10-13T23:17:56.919+0000] {dag.py:3722} INFO - Setting next_dagrun for example_nested_branch_dag to 2023-10-12T00:00:00+00:00, run_after=2023-10-13T00:00:00+00:00
[2023-10-13T23:17:56.928+0000] {processor.py:179} INFO - Processing /home/airflow/.local/lib/python3.8/site-packages/airflow/example_dags/example_nested_branch_dag.py took 0.044 seconds
[2023-10-13T23:18:27.131+0000] {processor.py:157} INFO - Started process (PID=802) to work on /home/airflow/.local/lib/python3.8/site-packages/airflow/example_dags/example_nested_branch_dag.py
[2023-10-13T23:18:27.131+0000] {processor.py:829} INFO - Processing file /home/airflow/.local/lib/python3.8/site-packages/airflow/example_dags/example_nested_branch_dag.py for tasks to queue
[2023-10-13T23:18:27.133+0000] {logging_mixin.py:151} INFO - [2023-10-13T23:18:27.133+0000] {dagbag.py:536} INFO - Filling up the DagBag from /home/airflow/.local/lib/python3.8/site-packages/airflow/example_dags/example_nested_branch_dag.py
[2023-10-13T23:18:27.140+0000] {processor.py:839} INFO - DAG(s) dict_keys(['example_nested_branch_dag']) retrieved from /home/airflow/.local/lib/python3.8/site-packages/airflow/example_dags/example_nested_branch_dag.py
[2023-10-13T23:18:27.154+0000] {logging_mixin.py:151} INFO - [2023-10-13T23:18:27.154+0000] {dag.py:2941} INFO - Sync 1 DAGs
[2023-10-13T23:18:27.166+0000] {logging_mixin.py:151} INFO - [2023-10-13T23:18:27.166+0000] {dag.py:3722} INFO - Setting next_dagrun for example_nested_branch_dag to 2023-10-12T00:00:00+00:00, run_after=2023-10-13T00:00:00+00:00
[2023-10-13T23:18:27.176+0000] {processor.py:179} INFO - Processing /home/airflow/.local/lib/python3.8/site-packages/airflow/example_dags/example_nested_branch_dag.py took 0.047 seconds
[2023-10-13T23:18:57.295+0000] {processor.py:157} INFO - Started process (PID=856) to work on /home/airflow/.local/lib/python3.8/site-packages/airflow/example_dags/example_nested_branch_dag.py
[2023-10-13T23:18:57.295+0000] {processor.py:829} INFO - Processing file /home/airflow/.local/lib/python3.8/site-packages/airflow/example_dags/example_nested_branch_dag.py for tasks to queue
[2023-10-13T23:18:57.297+0000] {logging_mixin.py:151} INFO - [2023-10-13T23:18:57.297+0000] {dagbag.py:536} INFO - Filling up the DagBag from /home/airflow/.local/lib/python3.8/site-packages/airflow/example_dags/example_nested_branch_dag.py
[2023-10-13T23:18:57.302+0000] {processor.py:839} INFO - DAG(s) dict_keys(['example_nested_branch_dag']) retrieved from /home/airflow/.local/lib/python3.8/site-packages/airflow/example_dags/example_nested_branch_dag.py
[2023-10-13T23:18:57.316+0000] {logging_mixin.py:151} INFO - [2023-10-13T23:18:57.316+0000] {dag.py:2941} INFO - Sync 1 DAGs
[2023-10-13T23:18:57.329+0000] {logging_mixin.py:151} INFO - [2023-10-13T23:18:57.329+0000] {dag.py:3722} INFO - Setting next_dagrun for example_nested_branch_dag to 2023-10-12T00:00:00+00:00, run_after=2023-10-13T00:00:00+00:00
[2023-10-13T23:18:57.338+0000] {processor.py:179} INFO - Processing /home/airflow/.local/lib/python3.8/site-packages/airflow/example_dags/example_nested_branch_dag.py took 0.046 seconds
[2023-10-13T23:19:27.407+0000] {processor.py:157} INFO - Started process (PID=910) to work on /home/airflow/.local/lib/python3.8/site-packages/airflow/example_dags/example_nested_branch_dag.py
[2023-10-13T23:19:27.408+0000] {processor.py:829} INFO - Processing file /home/airflow/.local/lib/python3.8/site-packages/airflow/example_dags/example_nested_branch_dag.py for tasks to queue
[2023-10-13T23:19:27.409+0000] {logging_mixin.py:151} INFO - [2023-10-13T23:19:27.409+0000] {dagbag.py:536} INFO - Filling up the DagBag from /home/airflow/.local/lib/python3.8/site-packages/airflow/example_dags/example_nested_branch_dag.py
[2023-10-13T23:19:27.415+0000] {processor.py:839} INFO - DAG(s) dict_keys(['example_nested_branch_dag']) retrieved from /home/airflow/.local/lib/python3.8/site-packages/airflow/example_dags/example_nested_branch_dag.py
[2023-10-13T23:19:27.427+0000] {logging_mixin.py:151} INFO - [2023-10-13T23:19:27.427+0000] {dag.py:2941} INFO - Sync 1 DAGs
[2023-10-13T23:19:27.439+0000] {logging_mixin.py:151} INFO - [2023-10-13T23:19:27.438+0000] {dag.py:3722} INFO - Setting next_dagrun for example_nested_branch_dag to 2023-10-12T00:00:00+00:00, run_after=2023-10-13T00:00:00+00:00
[2023-10-13T23:19:27.448+0000] {processor.py:179} INFO - Processing /home/airflow/.local/lib/python3.8/site-packages/airflow/example_dags/example_nested_branch_dag.py took 0.043 seconds
