[2023-10-13T23:09:58.207+0000] {processor.py:157} INFO - Started process (PID=44) to work on /home/airflow/.local/lib/python3.8/site-packages/airflow/example_dags/example_branch_datetime_operator.py
[2023-10-13T23:09:58.209+0000] {processor.py:829} INFO - Processing file /home/airflow/.local/lib/python3.8/site-packages/airflow/example_dags/example_branch_datetime_operator.py for tasks to queue
[2023-10-13T23:09:58.211+0000] {logging_mixin.py:151} INFO - [2023-10-13T23:09:58.211+0000] {dagbag.py:536} INFO - Filling up the DagBag from /home/airflow/.local/lib/python3.8/site-packages/airflow/example_dags/example_branch_datetime_operator.py
[2023-10-13T23:09:58.227+0000] {processor.py:839} INFO - DAG(s) dict_keys(['example_branch_datetime_operator_3', 'example_branch_datetime_operator_2', 'example_branch_datetime_operator']) retrieved from /home/airflow/.local/lib/python3.8/site-packages/airflow/example_dags/example_branch_datetime_operator.py
[2023-10-13T23:09:58.245+0000] {logging_mixin.py:151} INFO - [2023-10-13T23:09:58.245+0000] {dag.py:2941} INFO - Sync 3 DAGs
[2023-10-13T23:09:58.267+0000] {logging_mixin.py:151} INFO - [2023-10-13T23:09:58.267+0000] {dag.py:3722} INFO - Setting next_dagrun for example_branch_datetime_operator to 2023-10-12T00:00:00+00:00, run_after=2023-10-13T00:00:00+00:00
[2023-10-13T23:09:58.273+0000] {logging_mixin.py:151} INFO - [2023-10-13T23:09:58.272+0000] {dag.py:3722} INFO - Setting next_dagrun for example_branch_datetime_operator_2 to 2023-10-12T00:00:00+00:00, run_after=2023-10-13T00:00:00+00:00
[2023-10-13T23:09:58.275+0000] {logging_mixin.py:151} INFO - [2023-10-13T23:09:58.275+0000] {dag.py:3722} INFO - Setting next_dagrun for example_branch_datetime_operator_3 to 2023-10-12T00:00:00+00:00, run_after=2023-10-13T00:00:00+00:00
[2023-10-13T23:09:58.289+0000] {processor.py:179} INFO - Processing /home/airflow/.local/lib/python3.8/site-packages/airflow/example_dags/example_branch_datetime_operator.py took 0.087 seconds
[2023-10-13T23:11:22.600+0000] {processor.py:157} INFO - Started process (PID=43) to work on /home/airflow/.local/lib/python3.8/site-packages/airflow/example_dags/example_branch_datetime_operator.py
[2023-10-13T23:11:22.601+0000] {processor.py:829} INFO - Processing file /home/airflow/.local/lib/python3.8/site-packages/airflow/example_dags/example_branch_datetime_operator.py for tasks to queue
[2023-10-13T23:11:22.604+0000] {logging_mixin.py:151} INFO - [2023-10-13T23:11:22.603+0000] {dagbag.py:536} INFO - Filling up the DagBag from /home/airflow/.local/lib/python3.8/site-packages/airflow/example_dags/example_branch_datetime_operator.py
[2023-10-13T23:11:22.620+0000] {processor.py:839} INFO - DAG(s) dict_keys(['example_branch_datetime_operator_3', 'example_branch_datetime_operator_2', 'example_branch_datetime_operator']) retrieved from /home/airflow/.local/lib/python3.8/site-packages/airflow/example_dags/example_branch_datetime_operator.py
[2023-10-13T23:11:22.646+0000] {logging_mixin.py:151} INFO - [2023-10-13T23:11:22.646+0000] {dag.py:2941} INFO - Sync 3 DAGs
[2023-10-13T23:11:22.674+0000] {logging_mixin.py:151} INFO - [2023-10-13T23:11:22.674+0000] {dag.py:3722} INFO - Setting next_dagrun for example_branch_datetime_operator to 2023-10-12T00:00:00+00:00, run_after=2023-10-13T00:00:00+00:00
[2023-10-13T23:11:22.685+0000] {logging_mixin.py:151} INFO - [2023-10-13T23:11:22.685+0000] {dag.py:3722} INFO - Setting next_dagrun for example_branch_datetime_operator_2 to 2023-10-12T00:00:00+00:00, run_after=2023-10-13T00:00:00+00:00
[2023-10-13T23:11:22.687+0000] {logging_mixin.py:151} INFO - [2023-10-13T23:11:22.687+0000] {dag.py:3722} INFO - Setting next_dagrun for example_branch_datetime_operator_3 to 2023-10-12T00:00:00+00:00, run_after=2023-10-13T00:00:00+00:00
[2023-10-13T23:11:22.702+0000] {processor.py:179} INFO - Processing /home/airflow/.local/lib/python3.8/site-packages/airflow/example_dags/example_branch_datetime_operator.py took 0.107 seconds
[2023-10-13T23:11:53.111+0000] {processor.py:157} INFO - Started process (PID=97) to work on /home/airflow/.local/lib/python3.8/site-packages/airflow/example_dags/example_branch_datetime_operator.py
[2023-10-13T23:11:53.112+0000] {processor.py:829} INFO - Processing file /home/airflow/.local/lib/python3.8/site-packages/airflow/example_dags/example_branch_datetime_operator.py for tasks to queue
[2023-10-13T23:11:53.115+0000] {logging_mixin.py:151} INFO - [2023-10-13T23:11:53.115+0000] {dagbag.py:536} INFO - Filling up the DagBag from /home/airflow/.local/lib/python3.8/site-packages/airflow/example_dags/example_branch_datetime_operator.py
[2023-10-13T23:11:53.123+0000] {processor.py:839} INFO - DAG(s) dict_keys(['example_branch_datetime_operator', 'example_branch_datetime_operator_2', 'example_branch_datetime_operator_3']) retrieved from /home/airflow/.local/lib/python3.8/site-packages/airflow/example_dags/example_branch_datetime_operator.py
[2023-10-13T23:11:53.144+0000] {logging_mixin.py:151} INFO - [2023-10-13T23:11:53.144+0000] {dag.py:2941} INFO - Sync 3 DAGs
[2023-10-13T23:11:53.160+0000] {logging_mixin.py:151} INFO - [2023-10-13T23:11:53.160+0000] {dag.py:3722} INFO - Setting next_dagrun for example_branch_datetime_operator to 2023-10-12T00:00:00+00:00, run_after=2023-10-13T00:00:00+00:00
[2023-10-13T23:11:53.165+0000] {logging_mixin.py:151} INFO - [2023-10-13T23:11:53.164+0000] {dag.py:3722} INFO - Setting next_dagrun for example_branch_datetime_operator_2 to 2023-10-12T00:00:00+00:00, run_after=2023-10-13T00:00:00+00:00
[2023-10-13T23:11:53.166+0000] {logging_mixin.py:151} INFO - [2023-10-13T23:11:53.166+0000] {dag.py:3722} INFO - Setting next_dagrun for example_branch_datetime_operator_3 to 2023-10-12T00:00:00+00:00, run_after=2023-10-13T00:00:00+00:00
[2023-10-13T23:11:53.177+0000] {processor.py:179} INFO - Processing /home/airflow/.local/lib/python3.8/site-packages/airflow/example_dags/example_branch_datetime_operator.py took 0.070 seconds
[2023-10-13T23:12:23.220+0000] {processor.py:157} INFO - Started process (PID=151) to work on /home/airflow/.local/lib/python3.8/site-packages/airflow/example_dags/example_branch_datetime_operator.py
[2023-10-13T23:12:23.221+0000] {processor.py:829} INFO - Processing file /home/airflow/.local/lib/python3.8/site-packages/airflow/example_dags/example_branch_datetime_operator.py for tasks to queue
[2023-10-13T23:12:23.223+0000] {logging_mixin.py:151} INFO - [2023-10-13T23:12:23.223+0000] {dagbag.py:536} INFO - Filling up the DagBag from /home/airflow/.local/lib/python3.8/site-packages/airflow/example_dags/example_branch_datetime_operator.py
[2023-10-13T23:12:23.230+0000] {processor.py:839} INFO - DAG(s) dict_keys(['example_branch_datetime_operator_2', 'example_branch_datetime_operator', 'example_branch_datetime_operator_3']) retrieved from /home/airflow/.local/lib/python3.8/site-packages/airflow/example_dags/example_branch_datetime_operator.py
[2023-10-13T23:12:23.250+0000] {logging_mixin.py:151} INFO - [2023-10-13T23:12:23.250+0000] {dag.py:2941} INFO - Sync 3 DAGs
[2023-10-13T23:12:23.265+0000] {logging_mixin.py:151} INFO - [2023-10-13T23:12:23.264+0000] {dag.py:3722} INFO - Setting next_dagrun for example_branch_datetime_operator to 2023-10-12T00:00:00+00:00, run_after=2023-10-13T00:00:00+00:00
[2023-10-13T23:12:23.268+0000] {logging_mixin.py:151} INFO - [2023-10-13T23:12:23.268+0000] {dag.py:3722} INFO - Setting next_dagrun for example_branch_datetime_operator_2 to 2023-10-12T00:00:00+00:00, run_after=2023-10-13T00:00:00+00:00
[2023-10-13T23:12:23.270+0000] {logging_mixin.py:151} INFO - [2023-10-13T23:12:23.270+0000] {dag.py:3722} INFO - Setting next_dagrun for example_branch_datetime_operator_3 to 2023-10-12T00:00:00+00:00, run_after=2023-10-13T00:00:00+00:00
[2023-10-13T23:12:23.280+0000] {processor.py:179} INFO - Processing /home/airflow/.local/lib/python3.8/site-packages/airflow/example_dags/example_branch_datetime_operator.py took 0.063 seconds
[2023-10-13T23:12:53.501+0000] {processor.py:157} INFO - Started process (PID=205) to work on /home/airflow/.local/lib/python3.8/site-packages/airflow/example_dags/example_branch_datetime_operator.py
[2023-10-13T23:12:53.502+0000] {processor.py:829} INFO - Processing file /home/airflow/.local/lib/python3.8/site-packages/airflow/example_dags/example_branch_datetime_operator.py for tasks to queue
[2023-10-13T23:12:53.504+0000] {logging_mixin.py:151} INFO - [2023-10-13T23:12:53.503+0000] {dagbag.py:536} INFO - Filling up the DagBag from /home/airflow/.local/lib/python3.8/site-packages/airflow/example_dags/example_branch_datetime_operator.py
[2023-10-13T23:12:53.510+0000] {processor.py:839} INFO - DAG(s) dict_keys(['example_branch_datetime_operator_3', 'example_branch_datetime_operator', 'example_branch_datetime_operator_2']) retrieved from /home/airflow/.local/lib/python3.8/site-packages/airflow/example_dags/example_branch_datetime_operator.py
[2023-10-13T23:12:53.529+0000] {logging_mixin.py:151} INFO - [2023-10-13T23:12:53.529+0000] {dag.py:2941} INFO - Sync 3 DAGs
[2023-10-13T23:12:53.543+0000] {logging_mixin.py:151} INFO - [2023-10-13T23:12:53.543+0000] {dag.py:3722} INFO - Setting next_dagrun for example_branch_datetime_operator to 2023-10-12T00:00:00+00:00, run_after=2023-10-13T00:00:00+00:00
[2023-10-13T23:12:53.546+0000] {logging_mixin.py:151} INFO - [2023-10-13T23:12:53.546+0000] {dag.py:3722} INFO - Setting next_dagrun for example_branch_datetime_operator_2 to 2023-10-12T00:00:00+00:00, run_after=2023-10-13T00:00:00+00:00
[2023-10-13T23:12:53.547+0000] {logging_mixin.py:151} INFO - [2023-10-13T23:12:53.547+0000] {dag.py:3722} INFO - Setting next_dagrun for example_branch_datetime_operator_3 to 2023-10-12T00:00:00+00:00, run_after=2023-10-13T00:00:00+00:00
[2023-10-13T23:12:53.558+0000] {processor.py:179} INFO - Processing /home/airflow/.local/lib/python3.8/site-packages/airflow/example_dags/example_branch_datetime_operator.py took 0.059 seconds
[2023-10-13T23:13:23.703+0000] {processor.py:157} INFO - Started process (PID=259) to work on /home/airflow/.local/lib/python3.8/site-packages/airflow/example_dags/example_branch_datetime_operator.py
[2023-10-13T23:13:23.704+0000] {processor.py:829} INFO - Processing file /home/airflow/.local/lib/python3.8/site-packages/airflow/example_dags/example_branch_datetime_operator.py for tasks to queue
[2023-10-13T23:13:23.706+0000] {logging_mixin.py:151} INFO - [2023-10-13T23:13:23.706+0000] {dagbag.py:536} INFO - Filling up the DagBag from /home/airflow/.local/lib/python3.8/site-packages/airflow/example_dags/example_branch_datetime_operator.py
[2023-10-13T23:13:23.712+0000] {processor.py:839} INFO - DAG(s) dict_keys(['example_branch_datetime_operator', 'example_branch_datetime_operator_3', 'example_branch_datetime_operator_2']) retrieved from /home/airflow/.local/lib/python3.8/site-packages/airflow/example_dags/example_branch_datetime_operator.py
[2023-10-13T23:13:23.730+0000] {logging_mixin.py:151} INFO - [2023-10-13T23:13:23.730+0000] {dag.py:2941} INFO - Sync 3 DAGs
[2023-10-13T23:13:23.745+0000] {logging_mixin.py:151} INFO - [2023-10-13T23:13:23.745+0000] {dag.py:3722} INFO - Setting next_dagrun for example_branch_datetime_operator to 2023-10-12T00:00:00+00:00, run_after=2023-10-13T00:00:00+00:00
[2023-10-13T23:13:23.748+0000] {logging_mixin.py:151} INFO - [2023-10-13T23:13:23.748+0000] {dag.py:3722} INFO - Setting next_dagrun for example_branch_datetime_operator_2 to 2023-10-12T00:00:00+00:00, run_after=2023-10-13T00:00:00+00:00
[2023-10-13T23:13:23.749+0000] {logging_mixin.py:151} INFO - [2023-10-13T23:13:23.749+0000] {dag.py:3722} INFO - Setting next_dagrun for example_branch_datetime_operator_3 to 2023-10-12T00:00:00+00:00, run_after=2023-10-13T00:00:00+00:00
[2023-10-13T23:13:23.759+0000] {processor.py:179} INFO - Processing /home/airflow/.local/lib/python3.8/site-packages/airflow/example_dags/example_branch_datetime_operator.py took 0.058 seconds
[2023-10-13T23:13:53.860+0000] {processor.py:157} INFO - Started process (PID=313) to work on /home/airflow/.local/lib/python3.8/site-packages/airflow/example_dags/example_branch_datetime_operator.py
[2023-10-13T23:13:53.861+0000] {processor.py:829} INFO - Processing file /home/airflow/.local/lib/python3.8/site-packages/airflow/example_dags/example_branch_datetime_operator.py for tasks to queue
[2023-10-13T23:13:53.863+0000] {logging_mixin.py:151} INFO - [2023-10-13T23:13:53.862+0000] {dagbag.py:536} INFO - Filling up the DagBag from /home/airflow/.local/lib/python3.8/site-packages/airflow/example_dags/example_branch_datetime_operator.py
[2023-10-13T23:13:53.868+0000] {processor.py:839} INFO - DAG(s) dict_keys(['example_branch_datetime_operator', 'example_branch_datetime_operator_3', 'example_branch_datetime_operator_2']) retrieved from /home/airflow/.local/lib/python3.8/site-packages/airflow/example_dags/example_branch_datetime_operator.py
[2023-10-13T23:13:53.887+0000] {logging_mixin.py:151} INFO - [2023-10-13T23:13:53.887+0000] {dag.py:2941} INFO - Sync 3 DAGs
[2023-10-13T23:13:53.900+0000] {logging_mixin.py:151} INFO - [2023-10-13T23:13:53.899+0000] {dag.py:3722} INFO - Setting next_dagrun for example_branch_datetime_operator to 2023-10-12T00:00:00+00:00, run_after=2023-10-13T00:00:00+00:00
[2023-10-13T23:13:53.902+0000] {logging_mixin.py:151} INFO - [2023-10-13T23:13:53.902+0000] {dag.py:3722} INFO - Setting next_dagrun for example_branch_datetime_operator_2 to 2023-10-12T00:00:00+00:00, run_after=2023-10-13T00:00:00+00:00
[2023-10-13T23:13:53.903+0000] {logging_mixin.py:151} INFO - [2023-10-13T23:13:53.903+0000] {dag.py:3722} INFO - Setting next_dagrun for example_branch_datetime_operator_3 to 2023-10-12T00:00:00+00:00, run_after=2023-10-13T00:00:00+00:00
[2023-10-13T23:13:53.914+0000] {processor.py:179} INFO - Processing /home/airflow/.local/lib/python3.8/site-packages/airflow/example_dags/example_branch_datetime_operator.py took 0.056 seconds
[2023-10-13T23:14:24.038+0000] {processor.py:157} INFO - Started process (PID=367) to work on /home/airflow/.local/lib/python3.8/site-packages/airflow/example_dags/example_branch_datetime_operator.py
[2023-10-13T23:14:24.039+0000] {processor.py:829} INFO - Processing file /home/airflow/.local/lib/python3.8/site-packages/airflow/example_dags/example_branch_datetime_operator.py for tasks to queue
[2023-10-13T23:14:24.041+0000] {logging_mixin.py:151} INFO - [2023-10-13T23:14:24.041+0000] {dagbag.py:536} INFO - Filling up the DagBag from /home/airflow/.local/lib/python3.8/site-packages/airflow/example_dags/example_branch_datetime_operator.py
[2023-10-13T23:14:24.047+0000] {processor.py:839} INFO - DAG(s) dict_keys(['example_branch_datetime_operator_2', 'example_branch_datetime_operator_3', 'example_branch_datetime_operator']) retrieved from /home/airflow/.local/lib/python3.8/site-packages/airflow/example_dags/example_branch_datetime_operator.py
[2023-10-13T23:14:24.065+0000] {logging_mixin.py:151} INFO - [2023-10-13T23:14:24.065+0000] {dag.py:2941} INFO - Sync 3 DAGs
[2023-10-13T23:14:24.080+0000] {logging_mixin.py:151} INFO - [2023-10-13T23:14:24.079+0000] {dag.py:3722} INFO - Setting next_dagrun for example_branch_datetime_operator to 2023-10-12T00:00:00+00:00, run_after=2023-10-13T00:00:00+00:00
[2023-10-13T23:14:24.083+0000] {logging_mixin.py:151} INFO - [2023-10-13T23:14:24.083+0000] {dag.py:3722} INFO - Setting next_dagrun for example_branch_datetime_operator_2 to 2023-10-12T00:00:00+00:00, run_after=2023-10-13T00:00:00+00:00
[2023-10-13T23:14:24.084+0000] {logging_mixin.py:151} INFO - [2023-10-13T23:14:24.084+0000] {dag.py:3722} INFO - Setting next_dagrun for example_branch_datetime_operator_3 to 2023-10-12T00:00:00+00:00, run_after=2023-10-13T00:00:00+00:00
[2023-10-13T23:14:24.094+0000] {processor.py:179} INFO - Processing /home/airflow/.local/lib/python3.8/site-packages/airflow/example_dags/example_branch_datetime_operator.py took 0.059 seconds
[2023-10-13T23:14:54.234+0000] {processor.py:157} INFO - Started process (PID=421) to work on /home/airflow/.local/lib/python3.8/site-packages/airflow/example_dags/example_branch_datetime_operator.py
[2023-10-13T23:14:54.234+0000] {processor.py:829} INFO - Processing file /home/airflow/.local/lib/python3.8/site-packages/airflow/example_dags/example_branch_datetime_operator.py for tasks to queue
[2023-10-13T23:14:54.236+0000] {logging_mixin.py:151} INFO - [2023-10-13T23:14:54.236+0000] {dagbag.py:536} INFO - Filling up the DagBag from /home/airflow/.local/lib/python3.8/site-packages/airflow/example_dags/example_branch_datetime_operator.py
[2023-10-13T23:14:54.242+0000] {processor.py:839} INFO - DAG(s) dict_keys(['example_branch_datetime_operator_2', 'example_branch_datetime_operator_3', 'example_branch_datetime_operator']) retrieved from /home/airflow/.local/lib/python3.8/site-packages/airflow/example_dags/example_branch_datetime_operator.py
[2023-10-13T23:14:54.260+0000] {logging_mixin.py:151} INFO - [2023-10-13T23:14:54.260+0000] {dag.py:2941} INFO - Sync 3 DAGs
[2023-10-13T23:14:54.275+0000] {logging_mixin.py:151} INFO - [2023-10-13T23:14:54.275+0000] {dag.py:3722} INFO - Setting next_dagrun for example_branch_datetime_operator to 2023-10-12T00:00:00+00:00, run_after=2023-10-13T00:00:00+00:00
[2023-10-13T23:14:54.278+0000] {logging_mixin.py:151} INFO - [2023-10-13T23:14:54.278+0000] {dag.py:3722} INFO - Setting next_dagrun for example_branch_datetime_operator_2 to 2023-10-12T00:00:00+00:00, run_after=2023-10-13T00:00:00+00:00
[2023-10-13T23:14:54.280+0000] {logging_mixin.py:151} INFO - [2023-10-13T23:14:54.280+0000] {dag.py:3722} INFO - Setting next_dagrun for example_branch_datetime_operator_3 to 2023-10-12T00:00:00+00:00, run_after=2023-10-13T00:00:00+00:00
[2023-10-13T23:14:54.290+0000] {processor.py:179} INFO - Processing /home/airflow/.local/lib/python3.8/site-packages/airflow/example_dags/example_branch_datetime_operator.py took 0.060 seconds
[2023-10-13T23:15:24.460+0000] {processor.py:157} INFO - Started process (PID=475) to work on /home/airflow/.local/lib/python3.8/site-packages/airflow/example_dags/example_branch_datetime_operator.py
[2023-10-13T23:15:24.461+0000] {processor.py:829} INFO - Processing file /home/airflow/.local/lib/python3.8/site-packages/airflow/example_dags/example_branch_datetime_operator.py for tasks to queue
[2023-10-13T23:15:24.463+0000] {logging_mixin.py:151} INFO - [2023-10-13T23:15:24.463+0000] {dagbag.py:536} INFO - Filling up the DagBag from /home/airflow/.local/lib/python3.8/site-packages/airflow/example_dags/example_branch_datetime_operator.py
[2023-10-13T23:15:24.469+0000] {processor.py:839} INFO - DAG(s) dict_keys(['example_branch_datetime_operator_2', 'example_branch_datetime_operator', 'example_branch_datetime_operator_3']) retrieved from /home/airflow/.local/lib/python3.8/site-packages/airflow/example_dags/example_branch_datetime_operator.py
[2023-10-13T23:15:24.486+0000] {logging_mixin.py:151} INFO - [2023-10-13T23:15:24.486+0000] {dag.py:2941} INFO - Sync 3 DAGs
[2023-10-13T23:15:24.499+0000] {logging_mixin.py:151} INFO - [2023-10-13T23:15:24.499+0000] {dag.py:3722} INFO - Setting next_dagrun for example_branch_datetime_operator to 2023-10-12T00:00:00+00:00, run_after=2023-10-13T00:00:00+00:00
[2023-10-13T23:15:24.502+0000] {logging_mixin.py:151} INFO - [2023-10-13T23:15:24.502+0000] {dag.py:3722} INFO - Setting next_dagrun for example_branch_datetime_operator_2 to 2023-10-12T00:00:00+00:00, run_after=2023-10-13T00:00:00+00:00
[2023-10-13T23:15:24.504+0000] {logging_mixin.py:151} INFO - [2023-10-13T23:15:24.504+0000] {dag.py:3722} INFO - Setting next_dagrun for example_branch_datetime_operator_3 to 2023-10-12T00:00:00+00:00, run_after=2023-10-13T00:00:00+00:00
[2023-10-13T23:15:24.514+0000] {processor.py:179} INFO - Processing /home/airflow/.local/lib/python3.8/site-packages/airflow/example_dags/example_branch_datetime_operator.py took 0.056 seconds
[2023-10-13T23:15:54.689+0000] {processor.py:157} INFO - Started process (PID=529) to work on /home/airflow/.local/lib/python3.8/site-packages/airflow/example_dags/example_branch_datetime_operator.py
[2023-10-13T23:15:54.690+0000] {processor.py:829} INFO - Processing file /home/airflow/.local/lib/python3.8/site-packages/airflow/example_dags/example_branch_datetime_operator.py for tasks to queue
[2023-10-13T23:15:54.691+0000] {logging_mixin.py:151} INFO - [2023-10-13T23:15:54.691+0000] {dagbag.py:536} INFO - Filling up the DagBag from /home/airflow/.local/lib/python3.8/site-packages/airflow/example_dags/example_branch_datetime_operator.py
[2023-10-13T23:15:54.697+0000] {processor.py:839} INFO - DAG(s) dict_keys(['example_branch_datetime_operator_2', 'example_branch_datetime_operator', 'example_branch_datetime_operator_3']) retrieved from /home/airflow/.local/lib/python3.8/site-packages/airflow/example_dags/example_branch_datetime_operator.py
[2023-10-13T23:15:54.713+0000] {logging_mixin.py:151} INFO - [2023-10-13T23:15:54.713+0000] {dag.py:2941} INFO - Sync 3 DAGs
[2023-10-13T23:15:54.725+0000] {logging_mixin.py:151} INFO - [2023-10-13T23:15:54.724+0000] {dag.py:3722} INFO - Setting next_dagrun for example_branch_datetime_operator to 2023-10-12T00:00:00+00:00, run_after=2023-10-13T00:00:00+00:00
[2023-10-13T23:15:54.727+0000] {logging_mixin.py:151} INFO - [2023-10-13T23:15:54.727+0000] {dag.py:3722} INFO - Setting next_dagrun for example_branch_datetime_operator_2 to 2023-10-12T00:00:00+00:00, run_after=2023-10-13T00:00:00+00:00
[2023-10-13T23:15:54.728+0000] {logging_mixin.py:151} INFO - [2023-10-13T23:15:54.728+0000] {dag.py:3722} INFO - Setting next_dagrun for example_branch_datetime_operator_3 to 2023-10-12T00:00:00+00:00, run_after=2023-10-13T00:00:00+00:00
[2023-10-13T23:15:54.736+0000] {processor.py:179} INFO - Processing /home/airflow/.local/lib/python3.8/site-packages/airflow/example_dags/example_branch_datetime_operator.py took 0.049 seconds
[2023-10-13T23:16:25.591+0000] {processor.py:157} INFO - Started process (PID=583) to work on /home/airflow/.local/lib/python3.8/site-packages/airflow/example_dags/example_branch_datetime_operator.py
[2023-10-13T23:16:25.591+0000] {processor.py:829} INFO - Processing file /home/airflow/.local/lib/python3.8/site-packages/airflow/example_dags/example_branch_datetime_operator.py for tasks to queue
[2023-10-13T23:16:25.593+0000] {logging_mixin.py:151} INFO - [2023-10-13T23:16:25.593+0000] {dagbag.py:536} INFO - Filling up the DagBag from /home/airflow/.local/lib/python3.8/site-packages/airflow/example_dags/example_branch_datetime_operator.py
[2023-10-13T23:16:25.599+0000] {processor.py:839} INFO - DAG(s) dict_keys(['example_branch_datetime_operator', 'example_branch_datetime_operator_2', 'example_branch_datetime_operator_3']) retrieved from /home/airflow/.local/lib/python3.8/site-packages/airflow/example_dags/example_branch_datetime_operator.py
[2023-10-13T23:16:25.615+0000] {logging_mixin.py:151} INFO - [2023-10-13T23:16:25.615+0000] {dag.py:2941} INFO - Sync 3 DAGs
[2023-10-13T23:16:25.626+0000] {logging_mixin.py:151} INFO - [2023-10-13T23:16:25.626+0000] {dag.py:3722} INFO - Setting next_dagrun for example_branch_datetime_operator to 2023-10-12T00:00:00+00:00, run_after=2023-10-13T00:00:00+00:00
[2023-10-13T23:16:25.630+0000] {logging_mixin.py:151} INFO - [2023-10-13T23:16:25.629+0000] {dag.py:3722} INFO - Setting next_dagrun for example_branch_datetime_operator_2 to 2023-10-12T00:00:00+00:00, run_after=2023-10-13T00:00:00+00:00
[2023-10-13T23:16:25.631+0000] {logging_mixin.py:151} INFO - [2023-10-13T23:16:25.631+0000] {dag.py:3722} INFO - Setting next_dagrun for example_branch_datetime_operator_3 to 2023-10-12T00:00:00+00:00, run_after=2023-10-13T00:00:00+00:00
[2023-10-13T23:16:25.641+0000] {processor.py:179} INFO - Processing /home/airflow/.local/lib/python3.8/site-packages/airflow/example_dags/example_branch_datetime_operator.py took 0.052 seconds
[2023-10-13T23:16:55.789+0000] {processor.py:157} INFO - Started process (PID=637) to work on /home/airflow/.local/lib/python3.8/site-packages/airflow/example_dags/example_branch_datetime_operator.py
[2023-10-13T23:16:55.790+0000] {processor.py:829} INFO - Processing file /home/airflow/.local/lib/python3.8/site-packages/airflow/example_dags/example_branch_datetime_operator.py for tasks to queue
[2023-10-13T23:16:55.791+0000] {logging_mixin.py:151} INFO - [2023-10-13T23:16:55.791+0000] {dagbag.py:536} INFO - Filling up the DagBag from /home/airflow/.local/lib/python3.8/site-packages/airflow/example_dags/example_branch_datetime_operator.py
[2023-10-13T23:16:55.797+0000] {processor.py:839} INFO - DAG(s) dict_keys(['example_branch_datetime_operator', 'example_branch_datetime_operator_3', 'example_branch_datetime_operator_2']) retrieved from /home/airflow/.local/lib/python3.8/site-packages/airflow/example_dags/example_branch_datetime_operator.py
[2023-10-13T23:16:55.814+0000] {logging_mixin.py:151} INFO - [2023-10-13T23:16:55.814+0000] {dag.py:2941} INFO - Sync 3 DAGs
[2023-10-13T23:16:55.827+0000] {logging_mixin.py:151} INFO - [2023-10-13T23:16:55.827+0000] {dag.py:3722} INFO - Setting next_dagrun for example_branch_datetime_operator to 2023-10-12T00:00:00+00:00, run_after=2023-10-13T00:00:00+00:00
[2023-10-13T23:16:55.830+0000] {logging_mixin.py:151} INFO - [2023-10-13T23:16:55.830+0000] {dag.py:3722} INFO - Setting next_dagrun for example_branch_datetime_operator_2 to 2023-10-12T00:00:00+00:00, run_after=2023-10-13T00:00:00+00:00
[2023-10-13T23:16:55.831+0000] {logging_mixin.py:151} INFO - [2023-10-13T23:16:55.831+0000] {dag.py:3722} INFO - Setting next_dagrun for example_branch_datetime_operator_3 to 2023-10-12T00:00:00+00:00, run_after=2023-10-13T00:00:00+00:00
[2023-10-13T23:16:55.849+0000] {processor.py:179} INFO - Processing /home/airflow/.local/lib/python3.8/site-packages/airflow/example_dags/example_branch_datetime_operator.py took 0.061 seconds
[2023-10-13T23:17:25.932+0000] {processor.py:157} INFO - Started process (PID=691) to work on /home/airflow/.local/lib/python3.8/site-packages/airflow/example_dags/example_branch_datetime_operator.py
[2023-10-13T23:17:25.933+0000] {processor.py:829} INFO - Processing file /home/airflow/.local/lib/python3.8/site-packages/airflow/example_dags/example_branch_datetime_operator.py for tasks to queue
[2023-10-13T23:17:25.934+0000] {logging_mixin.py:151} INFO - [2023-10-13T23:17:25.934+0000] {dagbag.py:536} INFO - Filling up the DagBag from /home/airflow/.local/lib/python3.8/site-packages/airflow/example_dags/example_branch_datetime_operator.py
[2023-10-13T23:17:25.939+0000] {processor.py:839} INFO - DAG(s) dict_keys(['example_branch_datetime_operator_2', 'example_branch_datetime_operator', 'example_branch_datetime_operator_3']) retrieved from /home/airflow/.local/lib/python3.8/site-packages/airflow/example_dags/example_branch_datetime_operator.py
[2023-10-13T23:17:25.956+0000] {logging_mixin.py:151} INFO - [2023-10-13T23:17:25.956+0000] {dag.py:2941} INFO - Sync 3 DAGs
[2023-10-13T23:17:25.968+0000] {logging_mixin.py:151} INFO - [2023-10-13T23:17:25.967+0000] {dag.py:3722} INFO - Setting next_dagrun for example_branch_datetime_operator to 2023-10-12T00:00:00+00:00, run_after=2023-10-13T00:00:00+00:00
[2023-10-13T23:17:25.970+0000] {logging_mixin.py:151} INFO - [2023-10-13T23:17:25.970+0000] {dag.py:3722} INFO - Setting next_dagrun for example_branch_datetime_operator_2 to 2023-10-12T00:00:00+00:00, run_after=2023-10-13T00:00:00+00:00
[2023-10-13T23:17:25.971+0000] {logging_mixin.py:151} INFO - [2023-10-13T23:17:25.971+0000] {dag.py:3722} INFO - Setting next_dagrun for example_branch_datetime_operator_3 to 2023-10-12T00:00:00+00:00, run_after=2023-10-13T00:00:00+00:00
[2023-10-13T23:17:25.980+0000] {processor.py:179} INFO - Processing /home/airflow/.local/lib/python3.8/site-packages/airflow/example_dags/example_branch_datetime_operator.py took 0.051 seconds
[2023-10-13T23:17:56.806+0000] {processor.py:157} INFO - Started process (PID=745) to work on /home/airflow/.local/lib/python3.8/site-packages/airflow/example_dags/example_branch_datetime_operator.py
[2023-10-13T23:17:56.806+0000] {processor.py:829} INFO - Processing file /home/airflow/.local/lib/python3.8/site-packages/airflow/example_dags/example_branch_datetime_operator.py for tasks to queue
[2023-10-13T23:17:56.808+0000] {logging_mixin.py:151} INFO - [2023-10-13T23:17:56.808+0000] {dagbag.py:536} INFO - Filling up the DagBag from /home/airflow/.local/lib/python3.8/site-packages/airflow/example_dags/example_branch_datetime_operator.py
[2023-10-13T23:17:56.814+0000] {processor.py:839} INFO - DAG(s) dict_keys(['example_branch_datetime_operator_2', 'example_branch_datetime_operator_3', 'example_branch_datetime_operator']) retrieved from /home/airflow/.local/lib/python3.8/site-packages/airflow/example_dags/example_branch_datetime_operator.py
[2023-10-13T23:17:56.829+0000] {logging_mixin.py:151} INFO - [2023-10-13T23:17:56.829+0000] {dag.py:2941} INFO - Sync 3 DAGs
[2023-10-13T23:17:56.842+0000] {logging_mixin.py:151} INFO - [2023-10-13T23:17:56.842+0000] {dag.py:3722} INFO - Setting next_dagrun for example_branch_datetime_operator to 2023-10-12T00:00:00+00:00, run_after=2023-10-13T00:00:00+00:00
[2023-10-13T23:17:56.845+0000] {logging_mixin.py:151} INFO - [2023-10-13T23:17:56.845+0000] {dag.py:3722} INFO - Setting next_dagrun for example_branch_datetime_operator_2 to 2023-10-12T00:00:00+00:00, run_after=2023-10-13T00:00:00+00:00
[2023-10-13T23:17:56.846+0000] {logging_mixin.py:151} INFO - [2023-10-13T23:17:56.846+0000] {dag.py:3722} INFO - Setting next_dagrun for example_branch_datetime_operator_3 to 2023-10-12T00:00:00+00:00, run_after=2023-10-13T00:00:00+00:00
[2023-10-13T23:17:56.854+0000] {processor.py:179} INFO - Processing /home/airflow/.local/lib/python3.8/site-packages/airflow/example_dags/example_branch_datetime_operator.py took 0.050 seconds
[2023-10-13T23:18:27.009+0000] {processor.py:157} INFO - Started process (PID=799) to work on /home/airflow/.local/lib/python3.8/site-packages/airflow/example_dags/example_branch_datetime_operator.py
[2023-10-13T23:18:27.010+0000] {processor.py:829} INFO - Processing file /home/airflow/.local/lib/python3.8/site-packages/airflow/example_dags/example_branch_datetime_operator.py for tasks to queue
[2023-10-13T23:18:27.011+0000] {logging_mixin.py:151} INFO - [2023-10-13T23:18:27.011+0000] {dagbag.py:536} INFO - Filling up the DagBag from /home/airflow/.local/lib/python3.8/site-packages/airflow/example_dags/example_branch_datetime_operator.py
[2023-10-13T23:18:27.017+0000] {processor.py:839} INFO - DAG(s) dict_keys(['example_branch_datetime_operator', 'example_branch_datetime_operator_2', 'example_branch_datetime_operator_3']) retrieved from /home/airflow/.local/lib/python3.8/site-packages/airflow/example_dags/example_branch_datetime_operator.py
[2023-10-13T23:18:27.034+0000] {logging_mixin.py:151} INFO - [2023-10-13T23:18:27.034+0000] {dag.py:2941} INFO - Sync 3 DAGs
[2023-10-13T23:18:27.046+0000] {logging_mixin.py:151} INFO - [2023-10-13T23:18:27.046+0000] {dag.py:3722} INFO - Setting next_dagrun for example_branch_datetime_operator to 2023-10-12T00:00:00+00:00, run_after=2023-10-13T00:00:00+00:00
[2023-10-13T23:18:27.049+0000] {logging_mixin.py:151} INFO - [2023-10-13T23:18:27.049+0000] {dag.py:3722} INFO - Setting next_dagrun for example_branch_datetime_operator_2 to 2023-10-12T00:00:00+00:00, run_after=2023-10-13T00:00:00+00:00
[2023-10-13T23:18:27.051+0000] {logging_mixin.py:151} INFO - [2023-10-13T23:18:27.051+0000] {dag.py:3722} INFO - Setting next_dagrun for example_branch_datetime_operator_3 to 2023-10-12T00:00:00+00:00, run_after=2023-10-13T00:00:00+00:00
[2023-10-13T23:18:27.060+0000] {processor.py:179} INFO - Processing /home/airflow/.local/lib/python3.8/site-packages/airflow/example_dags/example_branch_datetime_operator.py took 0.053 seconds
[2023-10-13T23:18:57.181+0000] {processor.py:157} INFO - Started process (PID=853) to work on /home/airflow/.local/lib/python3.8/site-packages/airflow/example_dags/example_branch_datetime_operator.py
[2023-10-13T23:18:57.182+0000] {processor.py:829} INFO - Processing file /home/airflow/.local/lib/python3.8/site-packages/airflow/example_dags/example_branch_datetime_operator.py for tasks to queue
[2023-10-13T23:18:57.183+0000] {logging_mixin.py:151} INFO - [2023-10-13T23:18:57.183+0000] {dagbag.py:536} INFO - Filling up the DagBag from /home/airflow/.local/lib/python3.8/site-packages/airflow/example_dags/example_branch_datetime_operator.py
[2023-10-13T23:18:57.188+0000] {processor.py:839} INFO - DAG(s) dict_keys(['example_branch_datetime_operator_2', 'example_branch_datetime_operator', 'example_branch_datetime_operator_3']) retrieved from /home/airflow/.local/lib/python3.8/site-packages/airflow/example_dags/example_branch_datetime_operator.py
[2023-10-13T23:18:57.204+0000] {logging_mixin.py:151} INFO - [2023-10-13T23:18:57.204+0000] {dag.py:2941} INFO - Sync 3 DAGs
[2023-10-13T23:18:57.215+0000] {logging_mixin.py:151} INFO - [2023-10-13T23:18:57.215+0000] {dag.py:3722} INFO - Setting next_dagrun for example_branch_datetime_operator to 2023-10-12T00:00:00+00:00, run_after=2023-10-13T00:00:00+00:00
[2023-10-13T23:18:57.217+0000] {logging_mixin.py:151} INFO - [2023-10-13T23:18:57.217+0000] {dag.py:3722} INFO - Setting next_dagrun for example_branch_datetime_operator_2 to 2023-10-12T00:00:00+00:00, run_after=2023-10-13T00:00:00+00:00
[2023-10-13T23:18:57.219+0000] {logging_mixin.py:151} INFO - [2023-10-13T23:18:57.218+0000] {dag.py:3722} INFO - Setting next_dagrun for example_branch_datetime_operator_3 to 2023-10-12T00:00:00+00:00, run_after=2023-10-13T00:00:00+00:00
[2023-10-13T23:18:57.227+0000] {processor.py:179} INFO - Processing /home/airflow/.local/lib/python3.8/site-packages/airflow/example_dags/example_branch_datetime_operator.py took 0.048 seconds
[2023-10-13T23:19:27.291+0000] {processor.py:157} INFO - Started process (PID=907) to work on /home/airflow/.local/lib/python3.8/site-packages/airflow/example_dags/example_branch_datetime_operator.py
[2023-10-13T23:19:27.292+0000] {processor.py:829} INFO - Processing file /home/airflow/.local/lib/python3.8/site-packages/airflow/example_dags/example_branch_datetime_operator.py for tasks to queue
[2023-10-13T23:19:27.293+0000] {logging_mixin.py:151} INFO - [2023-10-13T23:19:27.293+0000] {dagbag.py:536} INFO - Filling up the DagBag from /home/airflow/.local/lib/python3.8/site-packages/airflow/example_dags/example_branch_datetime_operator.py
[2023-10-13T23:19:27.298+0000] {processor.py:839} INFO - DAG(s) dict_keys(['example_branch_datetime_operator_2', 'example_branch_datetime_operator', 'example_branch_datetime_operator_3']) retrieved from /home/airflow/.local/lib/python3.8/site-packages/airflow/example_dags/example_branch_datetime_operator.py
[2023-10-13T23:19:27.314+0000] {logging_mixin.py:151} INFO - [2023-10-13T23:19:27.314+0000] {dag.py:2941} INFO - Sync 3 DAGs
[2023-10-13T23:19:27.326+0000] {logging_mixin.py:151} INFO - [2023-10-13T23:19:27.326+0000] {dag.py:3722} INFO - Setting next_dagrun for example_branch_datetime_operator to 2023-10-12T00:00:00+00:00, run_after=2023-10-13T00:00:00+00:00
[2023-10-13T23:19:27.328+0000] {logging_mixin.py:151} INFO - [2023-10-13T23:19:27.328+0000] {dag.py:3722} INFO - Setting next_dagrun for example_branch_datetime_operator_2 to 2023-10-12T00:00:00+00:00, run_after=2023-10-13T00:00:00+00:00
[2023-10-13T23:19:27.329+0000] {logging_mixin.py:151} INFO - [2023-10-13T23:19:27.329+0000] {dag.py:3722} INFO - Setting next_dagrun for example_branch_datetime_operator_3 to 2023-10-12T00:00:00+00:00, run_after=2023-10-13T00:00:00+00:00
[2023-10-13T23:19:27.337+0000] {processor.py:179} INFO - Processing /home/airflow/.local/lib/python3.8/site-packages/airflow/example_dags/example_branch_datetime_operator.py took 0.048 seconds
