[2023-10-13T23:09:59.139+0000] {processor.py:157} INFO - Started process (PID=60) to work on /home/airflow/.local/lib/python3.8/site-packages/airflow/example_dags/example_branch_labels.py
[2023-10-13T23:09:59.140+0000] {processor.py:829} INFO - Processing file /home/airflow/.local/lib/python3.8/site-packages/airflow/example_dags/example_branch_labels.py for tasks to queue
[2023-10-13T23:09:59.143+0000] {logging_mixin.py:151} INFO - [2023-10-13T23:09:59.142+0000] {dagbag.py:536} INFO - Filling up the DagBag from /home/airflow/.local/lib/python3.8/site-packages/airflow/example_dags/example_branch_labels.py
[2023-10-13T23:09:59.152+0000] {processor.py:839} INFO - DAG(s) dict_keys(['example_branch_labels']) retrieved from /home/airflow/.local/lib/python3.8/site-packages/airflow/example_dags/example_branch_labels.py
[2023-10-13T23:09:59.169+0000] {logging_mixin.py:151} INFO - [2023-10-13T23:09:59.169+0000] {dag.py:2941} INFO - Sync 1 DAGs
[2023-10-13T23:09:59.188+0000] {logging_mixin.py:151} INFO - [2023-10-13T23:09:59.188+0000] {dag.py:3722} INFO - Setting next_dagrun for example_branch_labels to 2023-10-12T00:00:00+00:00, run_after=2023-10-13T00:00:00+00:00
[2023-10-13T23:09:59.200+0000] {processor.py:179} INFO - Processing /home/airflow/.local/lib/python3.8/site-packages/airflow/example_dags/example_branch_labels.py took 0.065 seconds
[2023-10-13T23:11:23.505+0000] {processor.py:157} INFO - Started process (PID=59) to work on /home/airflow/.local/lib/python3.8/site-packages/airflow/example_dags/example_branch_labels.py
[2023-10-13T23:11:23.507+0000] {processor.py:829} INFO - Processing file /home/airflow/.local/lib/python3.8/site-packages/airflow/example_dags/example_branch_labels.py for tasks to queue
[2023-10-13T23:11:23.509+0000] {logging_mixin.py:151} INFO - [2023-10-13T23:11:23.509+0000] {dagbag.py:536} INFO - Filling up the DagBag from /home/airflow/.local/lib/python3.8/site-packages/airflow/example_dags/example_branch_labels.py
[2023-10-13T23:11:23.520+0000] {processor.py:839} INFO - DAG(s) dict_keys(['example_branch_labels']) retrieved from /home/airflow/.local/lib/python3.8/site-packages/airflow/example_dags/example_branch_labels.py
[2023-10-13T23:11:23.532+0000] {logging_mixin.py:151} INFO - [2023-10-13T23:11:23.532+0000] {dag.py:2941} INFO - Sync 1 DAGs
[2023-10-13T23:11:23.551+0000] {logging_mixin.py:151} INFO - [2023-10-13T23:11:23.551+0000] {dag.py:3722} INFO - Setting next_dagrun for example_branch_labels to 2023-10-12T00:00:00+00:00, run_after=2023-10-13T00:00:00+00:00
[2023-10-13T23:11:23.563+0000] {processor.py:179} INFO - Processing /home/airflow/.local/lib/python3.8/site-packages/airflow/example_dags/example_branch_labels.py took 0.062 seconds
[2023-10-13T23:11:53.861+0000] {processor.py:157} INFO - Started process (PID=113) to work on /home/airflow/.local/lib/python3.8/site-packages/airflow/example_dags/example_branch_labels.py
[2023-10-13T23:11:53.862+0000] {processor.py:829} INFO - Processing file /home/airflow/.local/lib/python3.8/site-packages/airflow/example_dags/example_branch_labels.py for tasks to queue
[2023-10-13T23:11:53.864+0000] {logging_mixin.py:151} INFO - [2023-10-13T23:11:53.864+0000] {dagbag.py:536} INFO - Filling up the DagBag from /home/airflow/.local/lib/python3.8/site-packages/airflow/example_dags/example_branch_labels.py
[2023-10-13T23:11:53.869+0000] {processor.py:839} INFO - DAG(s) dict_keys(['example_branch_labels']) retrieved from /home/airflow/.local/lib/python3.8/site-packages/airflow/example_dags/example_branch_labels.py
[2023-10-13T23:11:53.885+0000] {logging_mixin.py:151} INFO - [2023-10-13T23:11:53.884+0000] {dag.py:2941} INFO - Sync 1 DAGs
[2023-10-13T23:11:53.899+0000] {logging_mixin.py:151} INFO - [2023-10-13T23:11:53.899+0000] {dag.py:3722} INFO - Setting next_dagrun for example_branch_labels to 2023-10-12T00:00:00+00:00, run_after=2023-10-13T00:00:00+00:00
[2023-10-13T23:11:53.910+0000] {processor.py:179} INFO - Processing /home/airflow/.local/lib/python3.8/site-packages/airflow/example_dags/example_branch_labels.py took 0.052 seconds
[2023-10-13T23:12:24.115+0000] {processor.py:157} INFO - Started process (PID=167) to work on /home/airflow/.local/lib/python3.8/site-packages/airflow/example_dags/example_branch_labels.py
[2023-10-13T23:12:24.116+0000] {processor.py:829} INFO - Processing file /home/airflow/.local/lib/python3.8/site-packages/airflow/example_dags/example_branch_labels.py for tasks to queue
[2023-10-13T23:12:24.118+0000] {logging_mixin.py:151} INFO - [2023-10-13T23:12:24.118+0000] {dagbag.py:536} INFO - Filling up the DagBag from /home/airflow/.local/lib/python3.8/site-packages/airflow/example_dags/example_branch_labels.py
[2023-10-13T23:12:24.123+0000] {processor.py:839} INFO - DAG(s) dict_keys(['example_branch_labels']) retrieved from /home/airflow/.local/lib/python3.8/site-packages/airflow/example_dags/example_branch_labels.py
[2023-10-13T23:12:24.136+0000] {logging_mixin.py:151} INFO - [2023-10-13T23:12:24.136+0000] {dag.py:2941} INFO - Sync 1 DAGs
[2023-10-13T23:12:24.149+0000] {logging_mixin.py:151} INFO - [2023-10-13T23:12:24.149+0000] {dag.py:3722} INFO - Setting next_dagrun for example_branch_labels to 2023-10-12T00:00:00+00:00, run_after=2023-10-13T00:00:00+00:00
[2023-10-13T23:12:24.160+0000] {processor.py:179} INFO - Processing /home/airflow/.local/lib/python3.8/site-packages/airflow/example_dags/example_branch_labels.py took 0.047 seconds
[2023-10-13T23:12:55.054+0000] {processor.py:157} INFO - Started process (PID=221) to work on /home/airflow/.local/lib/python3.8/site-packages/airflow/example_dags/example_branch_labels.py
[2023-10-13T23:12:55.054+0000] {processor.py:829} INFO - Processing file /home/airflow/.local/lib/python3.8/site-packages/airflow/example_dags/example_branch_labels.py for tasks to queue
[2023-10-13T23:12:55.056+0000] {logging_mixin.py:151} INFO - [2023-10-13T23:12:55.056+0000] {dagbag.py:536} INFO - Filling up the DagBag from /home/airflow/.local/lib/python3.8/site-packages/airflow/example_dags/example_branch_labels.py
[2023-10-13T23:12:55.061+0000] {processor.py:839} INFO - DAG(s) dict_keys(['example_branch_labels']) retrieved from /home/airflow/.local/lib/python3.8/site-packages/airflow/example_dags/example_branch_labels.py
[2023-10-13T23:12:55.074+0000] {logging_mixin.py:151} INFO - [2023-10-13T23:12:55.074+0000] {dag.py:2941} INFO - Sync 1 DAGs
[2023-10-13T23:12:55.087+0000] {logging_mixin.py:151} INFO - [2023-10-13T23:12:55.087+0000] {dag.py:3722} INFO - Setting next_dagrun for example_branch_labels to 2023-10-12T00:00:00+00:00, run_after=2023-10-13T00:00:00+00:00
[2023-10-13T23:12:55.098+0000] {processor.py:179} INFO - Processing /home/airflow/.local/lib/python3.8/site-packages/airflow/example_dags/example_branch_labels.py took 0.047 seconds
[2023-10-13T23:13:25.302+0000] {processor.py:157} INFO - Started process (PID=275) to work on /home/airflow/.local/lib/python3.8/site-packages/airflow/example_dags/example_branch_labels.py
[2023-10-13T23:13:25.302+0000] {processor.py:829} INFO - Processing file /home/airflow/.local/lib/python3.8/site-packages/airflow/example_dags/example_branch_labels.py for tasks to queue
[2023-10-13T23:13:25.303+0000] {logging_mixin.py:151} INFO - [2023-10-13T23:13:25.303+0000] {dagbag.py:536} INFO - Filling up the DagBag from /home/airflow/.local/lib/python3.8/site-packages/airflow/example_dags/example_branch_labels.py
[2023-10-13T23:13:25.308+0000] {processor.py:839} INFO - DAG(s) dict_keys(['example_branch_labels']) retrieved from /home/airflow/.local/lib/python3.8/site-packages/airflow/example_dags/example_branch_labels.py
[2023-10-13T23:13:25.322+0000] {logging_mixin.py:151} INFO - [2023-10-13T23:13:25.322+0000] {dag.py:2941} INFO - Sync 1 DAGs
[2023-10-13T23:13:25.334+0000] {logging_mixin.py:151} INFO - [2023-10-13T23:13:25.334+0000] {dag.py:3722} INFO - Setting next_dagrun for example_branch_labels to 2023-10-12T00:00:00+00:00, run_after=2023-10-13T00:00:00+00:00
[2023-10-13T23:13:25.346+0000] {processor.py:179} INFO - Processing /home/airflow/.local/lib/python3.8/site-packages/airflow/example_dags/example_branch_labels.py took 0.046 seconds
[2023-10-13T23:13:55.381+0000] {processor.py:157} INFO - Started process (PID=328) to work on /home/airflow/.local/lib/python3.8/site-packages/airflow/example_dags/example_branch_labels.py
[2023-10-13T23:13:55.382+0000] {processor.py:829} INFO - Processing file /home/airflow/.local/lib/python3.8/site-packages/airflow/example_dags/example_branch_labels.py for tasks to queue
[2023-10-13T23:13:55.383+0000] {logging_mixin.py:151} INFO - [2023-10-13T23:13:55.383+0000] {dagbag.py:536} INFO - Filling up the DagBag from /home/airflow/.local/lib/python3.8/site-packages/airflow/example_dags/example_branch_labels.py
[2023-10-13T23:13:55.388+0000] {processor.py:839} INFO - DAG(s) dict_keys(['example_branch_labels']) retrieved from /home/airflow/.local/lib/python3.8/site-packages/airflow/example_dags/example_branch_labels.py
[2023-10-13T23:13:55.401+0000] {logging_mixin.py:151} INFO - [2023-10-13T23:13:55.400+0000] {dag.py:2941} INFO - Sync 1 DAGs
[2023-10-13T23:13:55.414+0000] {logging_mixin.py:151} INFO - [2023-10-13T23:13:55.413+0000] {dag.py:3722} INFO - Setting next_dagrun for example_branch_labels to 2023-10-12T00:00:00+00:00, run_after=2023-10-13T00:00:00+00:00
[2023-10-13T23:13:55.424+0000] {processor.py:179} INFO - Processing /home/airflow/.local/lib/python3.8/site-packages/airflow/example_dags/example_branch_labels.py took 0.045 seconds
[2023-10-13T23:14:25.623+0000] {processor.py:157} INFO - Started process (PID=382) to work on /home/airflow/.local/lib/python3.8/site-packages/airflow/example_dags/example_branch_labels.py
[2023-10-13T23:14:25.624+0000] {processor.py:829} INFO - Processing file /home/airflow/.local/lib/python3.8/site-packages/airflow/example_dags/example_branch_labels.py for tasks to queue
[2023-10-13T23:14:25.625+0000] {logging_mixin.py:151} INFO - [2023-10-13T23:14:25.625+0000] {dagbag.py:536} INFO - Filling up the DagBag from /home/airflow/.local/lib/python3.8/site-packages/airflow/example_dags/example_branch_labels.py
[2023-10-13T23:14:25.630+0000] {processor.py:839} INFO - DAG(s) dict_keys(['example_branch_labels']) retrieved from /home/airflow/.local/lib/python3.8/site-packages/airflow/example_dags/example_branch_labels.py
[2023-10-13T23:14:25.644+0000] {logging_mixin.py:151} INFO - [2023-10-13T23:14:25.644+0000] {dag.py:2941} INFO - Sync 1 DAGs
[2023-10-13T23:14:25.657+0000] {logging_mixin.py:151} INFO - [2023-10-13T23:14:25.657+0000] {dag.py:3722} INFO - Setting next_dagrun for example_branch_labels to 2023-10-12T00:00:00+00:00, run_after=2023-10-13T00:00:00+00:00
[2023-10-13T23:14:25.667+0000] {processor.py:179} INFO - Processing /home/airflow/.local/lib/python3.8/site-packages/airflow/example_dags/example_branch_labels.py took 0.046 seconds
[2023-10-13T23:14:55.822+0000] {processor.py:157} INFO - Started process (PID=436) to work on /home/airflow/.local/lib/python3.8/site-packages/airflow/example_dags/example_branch_labels.py
[2023-10-13T23:14:55.823+0000] {processor.py:829} INFO - Processing file /home/airflow/.local/lib/python3.8/site-packages/airflow/example_dags/example_branch_labels.py for tasks to queue
[2023-10-13T23:14:55.824+0000] {logging_mixin.py:151} INFO - [2023-10-13T23:14:55.824+0000] {dagbag.py:536} INFO - Filling up the DagBag from /home/airflow/.local/lib/python3.8/site-packages/airflow/example_dags/example_branch_labels.py
[2023-10-13T23:14:55.829+0000] {processor.py:839} INFO - DAG(s) dict_keys(['example_branch_labels']) retrieved from /home/airflow/.local/lib/python3.8/site-packages/airflow/example_dags/example_branch_labels.py
[2023-10-13T23:14:55.844+0000] {logging_mixin.py:151} INFO - [2023-10-13T23:14:55.844+0000] {dag.py:2941} INFO - Sync 1 DAGs
[2023-10-13T23:14:55.858+0000] {logging_mixin.py:151} INFO - [2023-10-13T23:14:55.858+0000] {dag.py:3722} INFO - Setting next_dagrun for example_branch_labels to 2023-10-12T00:00:00+00:00, run_after=2023-10-13T00:00:00+00:00
[2023-10-13T23:14:55.868+0000] {processor.py:179} INFO - Processing /home/airflow/.local/lib/python3.8/site-packages/airflow/example_dags/example_branch_labels.py took 0.049 seconds
[2023-10-13T23:15:26.099+0000] {processor.py:157} INFO - Started process (PID=491) to work on /home/airflow/.local/lib/python3.8/site-packages/airflow/example_dags/example_branch_labels.py
[2023-10-13T23:15:26.100+0000] {processor.py:829} INFO - Processing file /home/airflow/.local/lib/python3.8/site-packages/airflow/example_dags/example_branch_labels.py for tasks to queue
[2023-10-13T23:15:26.101+0000] {logging_mixin.py:151} INFO - [2023-10-13T23:15:26.101+0000] {dagbag.py:536} INFO - Filling up the DagBag from /home/airflow/.local/lib/python3.8/site-packages/airflow/example_dags/example_branch_labels.py
[2023-10-13T23:15:26.109+0000] {processor.py:839} INFO - DAG(s) dict_keys(['example_branch_labels']) retrieved from /home/airflow/.local/lib/python3.8/site-packages/airflow/example_dags/example_branch_labels.py
[2023-10-13T23:15:26.127+0000] {logging_mixin.py:151} INFO - [2023-10-13T23:15:26.127+0000] {dag.py:2941} INFO - Sync 1 DAGs
[2023-10-13T23:15:26.139+0000] {logging_mixin.py:151} INFO - [2023-10-13T23:15:26.139+0000] {dag.py:3722} INFO - Setting next_dagrun for example_branch_labels to 2023-10-12T00:00:00+00:00, run_after=2023-10-13T00:00:00+00:00
[2023-10-13T23:15:26.151+0000] {processor.py:179} INFO - Processing /home/airflow/.local/lib/python3.8/site-packages/airflow/example_dags/example_branch_labels.py took 0.054 seconds
[2023-10-13T23:15:56.292+0000] {processor.py:157} INFO - Started process (PID=545) to work on /home/airflow/.local/lib/python3.8/site-packages/airflow/example_dags/example_branch_labels.py
[2023-10-13T23:15:56.292+0000] {processor.py:829} INFO - Processing file /home/airflow/.local/lib/python3.8/site-packages/airflow/example_dags/example_branch_labels.py for tasks to queue
[2023-10-13T23:15:56.294+0000] {logging_mixin.py:151} INFO - [2023-10-13T23:15:56.294+0000] {dagbag.py:536} INFO - Filling up the DagBag from /home/airflow/.local/lib/python3.8/site-packages/airflow/example_dags/example_branch_labels.py
[2023-10-13T23:15:56.299+0000] {processor.py:839} INFO - DAG(s) dict_keys(['example_branch_labels']) retrieved from /home/airflow/.local/lib/python3.8/site-packages/airflow/example_dags/example_branch_labels.py
[2023-10-13T23:15:56.312+0000] {logging_mixin.py:151} INFO - [2023-10-13T23:15:56.312+0000] {dag.py:2941} INFO - Sync 1 DAGs
[2023-10-13T23:15:56.325+0000] {logging_mixin.py:151} INFO - [2023-10-13T23:15:56.325+0000] {dag.py:3722} INFO - Setting next_dagrun for example_branch_labels to 2023-10-12T00:00:00+00:00, run_after=2023-10-13T00:00:00+00:00
[2023-10-13T23:15:56.335+0000] {processor.py:179} INFO - Processing /home/airflow/.local/lib/python3.8/site-packages/airflow/example_dags/example_branch_labels.py took 0.046 seconds
[2023-10-13T23:16:27.203+0000] {processor.py:157} INFO - Started process (PID=599) to work on /home/airflow/.local/lib/python3.8/site-packages/airflow/example_dags/example_branch_labels.py
[2023-10-13T23:16:27.203+0000] {processor.py:829} INFO - Processing file /home/airflow/.local/lib/python3.8/site-packages/airflow/example_dags/example_branch_labels.py for tasks to queue
[2023-10-13T23:16:27.205+0000] {logging_mixin.py:151} INFO - [2023-10-13T23:16:27.205+0000] {dagbag.py:536} INFO - Filling up the DagBag from /home/airflow/.local/lib/python3.8/site-packages/airflow/example_dags/example_branch_labels.py
[2023-10-13T23:16:27.210+0000] {processor.py:839} INFO - DAG(s) dict_keys(['example_branch_labels']) retrieved from /home/airflow/.local/lib/python3.8/site-packages/airflow/example_dags/example_branch_labels.py
[2023-10-13T23:16:27.224+0000] {logging_mixin.py:151} INFO - [2023-10-13T23:16:27.224+0000] {dag.py:2941} INFO - Sync 1 DAGs
[2023-10-13T23:16:27.237+0000] {logging_mixin.py:151} INFO - [2023-10-13T23:16:27.237+0000] {dag.py:3722} INFO - Setting next_dagrun for example_branch_labels to 2023-10-12T00:00:00+00:00, run_after=2023-10-13T00:00:00+00:00
[2023-10-13T23:16:27.246+0000] {processor.py:179} INFO - Processing /home/airflow/.local/lib/python3.8/site-packages/airflow/example_dags/example_branch_labels.py took 0.046 seconds
[2023-10-13T23:16:57.501+0000] {processor.py:157} INFO - Started process (PID=653) to work on /home/airflow/.local/lib/python3.8/site-packages/airflow/example_dags/example_branch_labels.py
[2023-10-13T23:16:57.502+0000] {processor.py:829} INFO - Processing file /home/airflow/.local/lib/python3.8/site-packages/airflow/example_dags/example_branch_labels.py for tasks to queue
[2023-10-13T23:16:57.504+0000] {logging_mixin.py:151} INFO - [2023-10-13T23:16:57.504+0000] {dagbag.py:536} INFO - Filling up the DagBag from /home/airflow/.local/lib/python3.8/site-packages/airflow/example_dags/example_branch_labels.py
[2023-10-13T23:16:57.509+0000] {processor.py:839} INFO - DAG(s) dict_keys(['example_branch_labels']) retrieved from /home/airflow/.local/lib/python3.8/site-packages/airflow/example_dags/example_branch_labels.py
[2023-10-13T23:16:57.523+0000] {logging_mixin.py:151} INFO - [2023-10-13T23:16:57.523+0000] {dag.py:2941} INFO - Sync 1 DAGs
[2023-10-13T23:16:57.536+0000] {logging_mixin.py:151} INFO - [2023-10-13T23:16:57.536+0000] {dag.py:3722} INFO - Setting next_dagrun for example_branch_labels to 2023-10-12T00:00:00+00:00, run_after=2023-10-13T00:00:00+00:00
[2023-10-13T23:16:57.545+0000] {processor.py:179} INFO - Processing /home/airflow/.local/lib/python3.8/site-packages/airflow/example_dags/example_branch_labels.py took 0.047 seconds
[2023-10-13T23:17:28.512+0000] {processor.py:157} INFO - Started process (PID=707) to work on /home/airflow/.local/lib/python3.8/site-packages/airflow/example_dags/example_branch_labels.py
[2023-10-13T23:17:28.513+0000] {processor.py:829} INFO - Processing file /home/airflow/.local/lib/python3.8/site-packages/airflow/example_dags/example_branch_labels.py for tasks to queue
[2023-10-13T23:17:28.514+0000] {logging_mixin.py:151} INFO - [2023-10-13T23:17:28.514+0000] {dagbag.py:536} INFO - Filling up the DagBag from /home/airflow/.local/lib/python3.8/site-packages/airflow/example_dags/example_branch_labels.py
[2023-10-13T23:17:28.519+0000] {processor.py:839} INFO - DAG(s) dict_keys(['example_branch_labels']) retrieved from /home/airflow/.local/lib/python3.8/site-packages/airflow/example_dags/example_branch_labels.py
[2023-10-13T23:17:28.533+0000] {logging_mixin.py:151} INFO - [2023-10-13T23:17:28.532+0000] {dag.py:2941} INFO - Sync 1 DAGs
[2023-10-13T23:17:28.545+0000] {logging_mixin.py:151} INFO - [2023-10-13T23:17:28.545+0000] {dag.py:3722} INFO - Setting next_dagrun for example_branch_labels to 2023-10-12T00:00:00+00:00, run_after=2023-10-13T00:00:00+00:00
[2023-10-13T23:17:28.555+0000] {processor.py:179} INFO - Processing /home/airflow/.local/lib/python3.8/site-packages/airflow/example_dags/example_branch_labels.py took 0.045 seconds
[2023-10-13T23:17:59.468+0000] {processor.py:157} INFO - Started process (PID=761) to work on /home/airflow/.local/lib/python3.8/site-packages/airflow/example_dags/example_branch_labels.py
[2023-10-13T23:17:59.469+0000] {processor.py:829} INFO - Processing file /home/airflow/.local/lib/python3.8/site-packages/airflow/example_dags/example_branch_labels.py for tasks to queue
[2023-10-13T23:17:59.470+0000] {logging_mixin.py:151} INFO - [2023-10-13T23:17:59.470+0000] {dagbag.py:536} INFO - Filling up the DagBag from /home/airflow/.local/lib/python3.8/site-packages/airflow/example_dags/example_branch_labels.py
[2023-10-13T23:17:59.475+0000] {processor.py:839} INFO - DAG(s) dict_keys(['example_branch_labels']) retrieved from /home/airflow/.local/lib/python3.8/site-packages/airflow/example_dags/example_branch_labels.py
[2023-10-13T23:17:59.489+0000] {logging_mixin.py:151} INFO - [2023-10-13T23:17:59.489+0000] {dag.py:2941} INFO - Sync 1 DAGs
[2023-10-13T23:17:59.500+0000] {logging_mixin.py:151} INFO - [2023-10-13T23:17:59.500+0000] {dag.py:3722} INFO - Setting next_dagrun for example_branch_labels to 2023-10-12T00:00:00+00:00, run_after=2023-10-13T00:00:00+00:00
[2023-10-13T23:17:59.509+0000] {processor.py:179} INFO - Processing /home/airflow/.local/lib/python3.8/site-packages/airflow/example_dags/example_branch_labels.py took 0.043 seconds
[2023-10-13T23:18:29.588+0000] {processor.py:157} INFO - Started process (PID=815) to work on /home/airflow/.local/lib/python3.8/site-packages/airflow/example_dags/example_branch_labels.py
[2023-10-13T23:18:29.589+0000] {processor.py:829} INFO - Processing file /home/airflow/.local/lib/python3.8/site-packages/airflow/example_dags/example_branch_labels.py for tasks to queue
[2023-10-13T23:18:29.591+0000] {logging_mixin.py:151} INFO - [2023-10-13T23:18:29.590+0000] {dagbag.py:536} INFO - Filling up the DagBag from /home/airflow/.local/lib/python3.8/site-packages/airflow/example_dags/example_branch_labels.py
[2023-10-13T23:18:29.595+0000] {processor.py:839} INFO - DAG(s) dict_keys(['example_branch_labels']) retrieved from /home/airflow/.local/lib/python3.8/site-packages/airflow/example_dags/example_branch_labels.py
[2023-10-13T23:18:29.608+0000] {logging_mixin.py:151} INFO - [2023-10-13T23:18:29.608+0000] {dag.py:2941} INFO - Sync 1 DAGs
[2023-10-13T23:18:29.619+0000] {logging_mixin.py:151} INFO - [2023-10-13T23:18:29.619+0000] {dag.py:3722} INFO - Setting next_dagrun for example_branch_labels to 2023-10-12T00:00:00+00:00, run_after=2023-10-13T00:00:00+00:00
[2023-10-13T23:18:29.627+0000] {processor.py:179} INFO - Processing /home/airflow/.local/lib/python3.8/site-packages/airflow/example_dags/example_branch_labels.py took 0.041 seconds
[2023-10-13T23:18:59.790+0000] {processor.py:157} INFO - Started process (PID=869) to work on /home/airflow/.local/lib/python3.8/site-packages/airflow/example_dags/example_branch_labels.py
[2023-10-13T23:18:59.791+0000] {processor.py:829} INFO - Processing file /home/airflow/.local/lib/python3.8/site-packages/airflow/example_dags/example_branch_labels.py for tasks to queue
[2023-10-13T23:18:59.792+0000] {logging_mixin.py:151} INFO - [2023-10-13T23:18:59.792+0000] {dagbag.py:536} INFO - Filling up the DagBag from /home/airflow/.local/lib/python3.8/site-packages/airflow/example_dags/example_branch_labels.py
[2023-10-13T23:18:59.797+0000] {processor.py:839} INFO - DAG(s) dict_keys(['example_branch_labels']) retrieved from /home/airflow/.local/lib/python3.8/site-packages/airflow/example_dags/example_branch_labels.py
[2023-10-13T23:18:59.808+0000] {logging_mixin.py:151} INFO - [2023-10-13T23:18:59.808+0000] {dag.py:2941} INFO - Sync 1 DAGs
[2023-10-13T23:18:59.820+0000] {logging_mixin.py:151} INFO - [2023-10-13T23:18:59.820+0000] {dag.py:3722} INFO - Setting next_dagrun for example_branch_labels to 2023-10-12T00:00:00+00:00, run_after=2023-10-13T00:00:00+00:00
[2023-10-13T23:18:59.828+0000] {processor.py:179} INFO - Processing /home/airflow/.local/lib/python3.8/site-packages/airflow/example_dags/example_branch_labels.py took 0.040 seconds
[2023-10-13T23:19:29.955+0000] {processor.py:157} INFO - Started process (PID=923) to work on /home/airflow/.local/lib/python3.8/site-packages/airflow/example_dags/example_branch_labels.py
[2023-10-13T23:19:29.956+0000] {processor.py:829} INFO - Processing file /home/airflow/.local/lib/python3.8/site-packages/airflow/example_dags/example_branch_labels.py for tasks to queue
[2023-10-13T23:19:29.958+0000] {logging_mixin.py:151} INFO - [2023-10-13T23:19:29.958+0000] {dagbag.py:536} INFO - Filling up the DagBag from /home/airflow/.local/lib/python3.8/site-packages/airflow/example_dags/example_branch_labels.py
[2023-10-13T23:19:29.963+0000] {processor.py:839} INFO - DAG(s) dict_keys(['example_branch_labels']) retrieved from /home/airflow/.local/lib/python3.8/site-packages/airflow/example_dags/example_branch_labels.py
[2023-10-13T23:19:29.976+0000] {logging_mixin.py:151} INFO - [2023-10-13T23:19:29.975+0000] {dag.py:2941} INFO - Sync 1 DAGs
[2023-10-13T23:19:29.987+0000] {logging_mixin.py:151} INFO - [2023-10-13T23:19:29.987+0000] {dag.py:3722} INFO - Setting next_dagrun for example_branch_labels to 2023-10-12T00:00:00+00:00, run_after=2023-10-13T00:00:00+00:00
[2023-10-13T23:19:29.996+0000] {processor.py:179} INFO - Processing /home/airflow/.local/lib/python3.8/site-packages/airflow/example_dags/example_branch_labels.py took 0.043 seconds
