[2023-10-13T23:09:57.905+0000] {processor.py:157} INFO - Started process (PID=35) to work on /home/airflow/.local/lib/python3.8/site-packages/airflow/example_dags/example_external_task_marker_dag.py
[2023-10-13T23:09:57.906+0000] {processor.py:829} INFO - Processing file /home/airflow/.local/lib/python3.8/site-packages/airflow/example_dags/example_external_task_marker_dag.py for tasks to queue
[2023-10-13T23:09:57.908+0000] {logging_mixin.py:151} INFO - [2023-10-13T23:09:57.907+0000] {dagbag.py:536} INFO - Filling up the DagBag from /home/airflow/.local/lib/python3.8/site-packages/airflow/example_dags/example_external_task_marker_dag.py
[2023-10-13T23:09:57.914+0000] {processor.py:839} INFO - DAG(s) dict_keys(['example_external_task_marker_child', 'example_external_task_marker_parent']) retrieved from /home/airflow/.local/lib/python3.8/site-packages/airflow/example_dags/example_external_task_marker_dag.py
[2023-10-13T23:09:57.922+0000] {logging_mixin.py:151} INFO - [2023-10-13T23:09:57.922+0000] {dag.py:2941} INFO - Sync 2 DAGs
[2023-10-13T23:09:57.930+0000] {logging_mixin.py:151} INFO - [2023-10-13T23:09:57.930+0000] {dag.py:3722} INFO - Setting next_dagrun for example_external_task_marker_child to None, run_after=None
[2023-10-13T23:09:57.933+0000] {logging_mixin.py:151} INFO - [2023-10-13T23:09:57.932+0000] {dag.py:3722} INFO - Setting next_dagrun for example_external_task_marker_parent to None, run_after=None
[2023-10-13T23:09:57.942+0000] {processor.py:179} INFO - Processing /home/airflow/.local/lib/python3.8/site-packages/airflow/example_dags/example_external_task_marker_dag.py took 0.039 seconds
[2023-10-13T23:11:22.160+0000] {processor.py:157} INFO - Started process (PID=34) to work on /home/airflow/.local/lib/python3.8/site-packages/airflow/example_dags/example_external_task_marker_dag.py
[2023-10-13T23:11:22.160+0000] {processor.py:829} INFO - Processing file /home/airflow/.local/lib/python3.8/site-packages/airflow/example_dags/example_external_task_marker_dag.py for tasks to queue
[2023-10-13T23:11:22.162+0000] {logging_mixin.py:151} INFO - [2023-10-13T23:11:22.162+0000] {dagbag.py:536} INFO - Filling up the DagBag from /home/airflow/.local/lib/python3.8/site-packages/airflow/example_dags/example_external_task_marker_dag.py
[2023-10-13T23:11:22.168+0000] {processor.py:839} INFO - DAG(s) dict_keys(['example_external_task_marker_parent', 'example_external_task_marker_child']) retrieved from /home/airflow/.local/lib/python3.8/site-packages/airflow/example_dags/example_external_task_marker_dag.py
[2023-10-13T23:11:22.180+0000] {logging_mixin.py:151} INFO - [2023-10-13T23:11:22.180+0000] {dag.py:2941} INFO - Sync 2 DAGs
[2023-10-13T23:11:22.190+0000] {logging_mixin.py:151} INFO - [2023-10-13T23:11:22.190+0000] {dag.py:3722} INFO - Setting next_dagrun for example_external_task_marker_child to None, run_after=None
[2023-10-13T23:11:22.194+0000] {logging_mixin.py:151} INFO - [2023-10-13T23:11:22.194+0000] {dag.py:3722} INFO - Setting next_dagrun for example_external_task_marker_parent to None, run_after=None
[2023-10-13T23:11:22.209+0000] {processor.py:179} INFO - Processing /home/airflow/.local/lib/python3.8/site-packages/airflow/example_dags/example_external_task_marker_dag.py took 0.052 seconds
[2023-10-13T23:11:52.810+0000] {processor.py:157} INFO - Started process (PID=88) to work on /home/airflow/.local/lib/python3.8/site-packages/airflow/example_dags/example_external_task_marker_dag.py
[2023-10-13T23:11:52.811+0000] {processor.py:829} INFO - Processing file /home/airflow/.local/lib/python3.8/site-packages/airflow/example_dags/example_external_task_marker_dag.py for tasks to queue
[2023-10-13T23:11:52.813+0000] {logging_mixin.py:151} INFO - [2023-10-13T23:11:52.812+0000] {dagbag.py:536} INFO - Filling up the DagBag from /home/airflow/.local/lib/python3.8/site-packages/airflow/example_dags/example_external_task_marker_dag.py
[2023-10-13T23:11:52.817+0000] {processor.py:839} INFO - DAG(s) dict_keys(['example_external_task_marker_child', 'example_external_task_marker_parent']) retrieved from /home/airflow/.local/lib/python3.8/site-packages/airflow/example_dags/example_external_task_marker_dag.py
[2023-10-13T23:11:52.836+0000] {logging_mixin.py:151} INFO - [2023-10-13T23:11:52.836+0000] {dag.py:2941} INFO - Sync 2 DAGs
[2023-10-13T23:11:52.844+0000] {logging_mixin.py:151} INFO - [2023-10-13T23:11:52.844+0000] {dag.py:3722} INFO - Setting next_dagrun for example_external_task_marker_child to None, run_after=None
[2023-10-13T23:11:52.846+0000] {logging_mixin.py:151} INFO - [2023-10-13T23:11:52.846+0000] {dag.py:3722} INFO - Setting next_dagrun for example_external_task_marker_parent to None, run_after=None
[2023-10-13T23:11:52.856+0000] {processor.py:179} INFO - Processing /home/airflow/.local/lib/python3.8/site-packages/airflow/example_dags/example_external_task_marker_dag.py took 0.049 seconds
[2023-10-13T23:12:22.900+0000] {processor.py:157} INFO - Started process (PID=142) to work on /home/airflow/.local/lib/python3.8/site-packages/airflow/example_dags/example_external_task_marker_dag.py
[2023-10-13T23:12:22.901+0000] {processor.py:829} INFO - Processing file /home/airflow/.local/lib/python3.8/site-packages/airflow/example_dags/example_external_task_marker_dag.py for tasks to queue
[2023-10-13T23:12:22.903+0000] {logging_mixin.py:151} INFO - [2023-10-13T23:12:22.902+0000] {dagbag.py:536} INFO - Filling up the DagBag from /home/airflow/.local/lib/python3.8/site-packages/airflow/example_dags/example_external_task_marker_dag.py
[2023-10-13T23:12:22.907+0000] {processor.py:839} INFO - DAG(s) dict_keys(['example_external_task_marker_child', 'example_external_task_marker_parent']) retrieved from /home/airflow/.local/lib/python3.8/site-packages/airflow/example_dags/example_external_task_marker_dag.py
[2023-10-13T23:12:22.923+0000] {logging_mixin.py:151} INFO - [2023-10-13T23:12:22.923+0000] {dag.py:2941} INFO - Sync 2 DAGs
[2023-10-13T23:12:22.933+0000] {logging_mixin.py:151} INFO - [2023-10-13T23:12:22.933+0000] {dag.py:3722} INFO - Setting next_dagrun for example_external_task_marker_child to None, run_after=None
[2023-10-13T23:12:22.935+0000] {logging_mixin.py:151} INFO - [2023-10-13T23:12:22.935+0000] {dag.py:3722} INFO - Setting next_dagrun for example_external_task_marker_parent to None, run_after=None
[2023-10-13T23:12:22.947+0000] {processor.py:179} INFO - Processing /home/airflow/.local/lib/python3.8/site-packages/airflow/example_dags/example_external_task_marker_dag.py took 0.050 seconds
[2023-10-13T23:12:53.135+0000] {processor.py:157} INFO - Started process (PID=196) to work on /home/airflow/.local/lib/python3.8/site-packages/airflow/example_dags/example_external_task_marker_dag.py
[2023-10-13T23:12:53.136+0000] {processor.py:829} INFO - Processing file /home/airflow/.local/lib/python3.8/site-packages/airflow/example_dags/example_external_task_marker_dag.py for tasks to queue
[2023-10-13T23:12:53.137+0000] {logging_mixin.py:151} INFO - [2023-10-13T23:12:53.137+0000] {dagbag.py:536} INFO - Filling up the DagBag from /home/airflow/.local/lib/python3.8/site-packages/airflow/example_dags/example_external_task_marker_dag.py
[2023-10-13T23:12:53.141+0000] {processor.py:839} INFO - DAG(s) dict_keys(['example_external_task_marker_parent', 'example_external_task_marker_child']) retrieved from /home/airflow/.local/lib/python3.8/site-packages/airflow/example_dags/example_external_task_marker_dag.py
[2023-10-13T23:12:53.158+0000] {logging_mixin.py:151} INFO - [2023-10-13T23:12:53.158+0000] {dag.py:2941} INFO - Sync 2 DAGs
[2023-10-13T23:12:53.166+0000] {logging_mixin.py:151} INFO - [2023-10-13T23:12:53.166+0000] {dag.py:3722} INFO - Setting next_dagrun for example_external_task_marker_child to None, run_after=None
[2023-10-13T23:12:53.168+0000] {logging_mixin.py:151} INFO - [2023-10-13T23:12:53.168+0000] {dag.py:3722} INFO - Setting next_dagrun for example_external_task_marker_parent to None, run_after=None
[2023-10-13T23:12:53.176+0000] {processor.py:179} INFO - Processing /home/airflow/.local/lib/python3.8/site-packages/airflow/example_dags/example_external_task_marker_dag.py took 0.044 seconds
[2023-10-13T23:13:23.308+0000] {processor.py:157} INFO - Started process (PID=250) to work on /home/airflow/.local/lib/python3.8/site-packages/airflow/example_dags/example_external_task_marker_dag.py
[2023-10-13T23:13:23.309+0000] {processor.py:829} INFO - Processing file /home/airflow/.local/lib/python3.8/site-packages/airflow/example_dags/example_external_task_marker_dag.py for tasks to queue
[2023-10-13T23:13:23.311+0000] {logging_mixin.py:151} INFO - [2023-10-13T23:13:23.311+0000] {dagbag.py:536} INFO - Filling up the DagBag from /home/airflow/.local/lib/python3.8/site-packages/airflow/example_dags/example_external_task_marker_dag.py
[2023-10-13T23:13:23.316+0000] {processor.py:839} INFO - DAG(s) dict_keys(['example_external_task_marker_parent', 'example_external_task_marker_child']) retrieved from /home/airflow/.local/lib/python3.8/site-packages/airflow/example_dags/example_external_task_marker_dag.py
[2023-10-13T23:13:23.335+0000] {logging_mixin.py:151} INFO - [2023-10-13T23:13:23.335+0000] {dag.py:2941} INFO - Sync 2 DAGs
[2023-10-13T23:13:23.345+0000] {logging_mixin.py:151} INFO - [2023-10-13T23:13:23.344+0000] {dag.py:3722} INFO - Setting next_dagrun for example_external_task_marker_child to None, run_after=None
[2023-10-13T23:13:23.347+0000] {logging_mixin.py:151} INFO - [2023-10-13T23:13:23.347+0000] {dag.py:3722} INFO - Setting next_dagrun for example_external_task_marker_parent to None, run_after=None
[2023-10-13T23:13:23.357+0000] {processor.py:179} INFO - Processing /home/airflow/.local/lib/python3.8/site-packages/airflow/example_dags/example_external_task_marker_dag.py took 0.052 seconds
[2023-10-13T23:13:53.494+0000] {processor.py:157} INFO - Started process (PID=304) to work on /home/airflow/.local/lib/python3.8/site-packages/airflow/example_dags/example_external_task_marker_dag.py
[2023-10-13T23:13:53.495+0000] {processor.py:829} INFO - Processing file /home/airflow/.local/lib/python3.8/site-packages/airflow/example_dags/example_external_task_marker_dag.py for tasks to queue
[2023-10-13T23:13:53.497+0000] {logging_mixin.py:151} INFO - [2023-10-13T23:13:53.497+0000] {dagbag.py:536} INFO - Filling up the DagBag from /home/airflow/.local/lib/python3.8/site-packages/airflow/example_dags/example_external_task_marker_dag.py
[2023-10-13T23:13:53.501+0000] {processor.py:839} INFO - DAG(s) dict_keys(['example_external_task_marker_child', 'example_external_task_marker_parent']) retrieved from /home/airflow/.local/lib/python3.8/site-packages/airflow/example_dags/example_external_task_marker_dag.py
[2023-10-13T23:13:53.519+0000] {logging_mixin.py:151} INFO - [2023-10-13T23:13:53.519+0000] {dag.py:2941} INFO - Sync 2 DAGs
[2023-10-13T23:13:53.527+0000] {logging_mixin.py:151} INFO - [2023-10-13T23:13:53.527+0000] {dag.py:3722} INFO - Setting next_dagrun for example_external_task_marker_child to None, run_after=None
[2023-10-13T23:13:53.529+0000] {logging_mixin.py:151} INFO - [2023-10-13T23:13:53.529+0000] {dag.py:3722} INFO - Setting next_dagrun for example_external_task_marker_parent to None, run_after=None
[2023-10-13T23:13:53.538+0000] {processor.py:179} INFO - Processing /home/airflow/.local/lib/python3.8/site-packages/airflow/example_dags/example_external_task_marker_dag.py took 0.045 seconds
[2023-10-13T23:14:23.640+0000] {processor.py:157} INFO - Started process (PID=358) to work on /home/airflow/.local/lib/python3.8/site-packages/airflow/example_dags/example_external_task_marker_dag.py
[2023-10-13T23:14:23.641+0000] {processor.py:829} INFO - Processing file /home/airflow/.local/lib/python3.8/site-packages/airflow/example_dags/example_external_task_marker_dag.py for tasks to queue
[2023-10-13T23:14:23.643+0000] {logging_mixin.py:151} INFO - [2023-10-13T23:14:23.643+0000] {dagbag.py:536} INFO - Filling up the DagBag from /home/airflow/.local/lib/python3.8/site-packages/airflow/example_dags/example_external_task_marker_dag.py
[2023-10-13T23:14:23.647+0000] {processor.py:839} INFO - DAG(s) dict_keys(['example_external_task_marker_parent', 'example_external_task_marker_child']) retrieved from /home/airflow/.local/lib/python3.8/site-packages/airflow/example_dags/example_external_task_marker_dag.py
[2023-10-13T23:14:23.664+0000] {logging_mixin.py:151} INFO - [2023-10-13T23:14:23.664+0000] {dag.py:2941} INFO - Sync 2 DAGs
[2023-10-13T23:14:23.672+0000] {logging_mixin.py:151} INFO - [2023-10-13T23:14:23.672+0000] {dag.py:3722} INFO - Setting next_dagrun for example_external_task_marker_child to None, run_after=None
[2023-10-13T23:14:23.674+0000] {logging_mixin.py:151} INFO - [2023-10-13T23:14:23.674+0000] {dag.py:3722} INFO - Setting next_dagrun for example_external_task_marker_parent to None, run_after=None
[2023-10-13T23:14:23.684+0000] {processor.py:179} INFO - Processing /home/airflow/.local/lib/python3.8/site-packages/airflow/example_dags/example_external_task_marker_dag.py took 0.046 seconds
[2023-10-13T23:14:53.960+0000] {processor.py:157} INFO - Started process (PID=412) to work on /home/airflow/.local/lib/python3.8/site-packages/airflow/example_dags/example_external_task_marker_dag.py
[2023-10-13T23:14:53.961+0000] {processor.py:829} INFO - Processing file /home/airflow/.local/lib/python3.8/site-packages/airflow/example_dags/example_external_task_marker_dag.py for tasks to queue
[2023-10-13T23:14:53.962+0000] {logging_mixin.py:151} INFO - [2023-10-13T23:14:53.962+0000] {dagbag.py:536} INFO - Filling up the DagBag from /home/airflow/.local/lib/python3.8/site-packages/airflow/example_dags/example_external_task_marker_dag.py
[2023-10-13T23:14:53.967+0000] {processor.py:839} INFO - DAG(s) dict_keys(['example_external_task_marker_child', 'example_external_task_marker_parent']) retrieved from /home/airflow/.local/lib/python3.8/site-packages/airflow/example_dags/example_external_task_marker_dag.py
[2023-10-13T23:14:53.985+0000] {logging_mixin.py:151} INFO - [2023-10-13T23:14:53.985+0000] {dag.py:2941} INFO - Sync 2 DAGs
[2023-10-13T23:14:53.994+0000] {logging_mixin.py:151} INFO - [2023-10-13T23:14:53.993+0000] {dag.py:3722} INFO - Setting next_dagrun for example_external_task_marker_child to None, run_after=None
[2023-10-13T23:14:53.996+0000] {logging_mixin.py:151} INFO - [2023-10-13T23:14:53.996+0000] {dag.py:3722} INFO - Setting next_dagrun for example_external_task_marker_parent to None, run_after=None
[2023-10-13T23:14:54.007+0000] {processor.py:179} INFO - Processing /home/airflow/.local/lib/python3.8/site-packages/airflow/example_dags/example_external_task_marker_dag.py took 0.049 seconds
[2023-10-13T23:15:24.205+0000] {processor.py:157} INFO - Started process (PID=466) to work on /home/airflow/.local/lib/python3.8/site-packages/airflow/example_dags/example_external_task_marker_dag.py
[2023-10-13T23:15:24.206+0000] {processor.py:829} INFO - Processing file /home/airflow/.local/lib/python3.8/site-packages/airflow/example_dags/example_external_task_marker_dag.py for tasks to queue
[2023-10-13T23:15:24.208+0000] {logging_mixin.py:151} INFO - [2023-10-13T23:15:24.208+0000] {dagbag.py:536} INFO - Filling up the DagBag from /home/airflow/.local/lib/python3.8/site-packages/airflow/example_dags/example_external_task_marker_dag.py
[2023-10-13T23:15:24.212+0000] {processor.py:839} INFO - DAG(s) dict_keys(['example_external_task_marker_parent', 'example_external_task_marker_child']) retrieved from /home/airflow/.local/lib/python3.8/site-packages/airflow/example_dags/example_external_task_marker_dag.py
[2023-10-13T23:15:24.228+0000] {logging_mixin.py:151} INFO - [2023-10-13T23:15:24.228+0000] {dag.py:2941} INFO - Sync 2 DAGs
[2023-10-13T23:15:24.236+0000] {logging_mixin.py:151} INFO - [2023-10-13T23:15:24.236+0000] {dag.py:3722} INFO - Setting next_dagrun for example_external_task_marker_child to None, run_after=None
[2023-10-13T23:15:24.238+0000] {logging_mixin.py:151} INFO - [2023-10-13T23:15:24.238+0000] {dag.py:3722} INFO - Setting next_dagrun for example_external_task_marker_parent to None, run_after=None
[2023-10-13T23:15:24.249+0000] {processor.py:179} INFO - Processing /home/airflow/.local/lib/python3.8/site-packages/airflow/example_dags/example_external_task_marker_dag.py took 0.046 seconds
[2023-10-13T23:15:54.418+0000] {processor.py:157} INFO - Started process (PID=520) to work on /home/airflow/.local/lib/python3.8/site-packages/airflow/example_dags/example_external_task_marker_dag.py
[2023-10-13T23:15:54.419+0000] {processor.py:829} INFO - Processing file /home/airflow/.local/lib/python3.8/site-packages/airflow/example_dags/example_external_task_marker_dag.py for tasks to queue
[2023-10-13T23:15:54.421+0000] {logging_mixin.py:151} INFO - [2023-10-13T23:15:54.421+0000] {dagbag.py:536} INFO - Filling up the DagBag from /home/airflow/.local/lib/python3.8/site-packages/airflow/example_dags/example_external_task_marker_dag.py
[2023-10-13T23:15:54.425+0000] {processor.py:839} INFO - DAG(s) dict_keys(['example_external_task_marker_parent', 'example_external_task_marker_child']) retrieved from /home/airflow/.local/lib/python3.8/site-packages/airflow/example_dags/example_external_task_marker_dag.py
[2023-10-13T23:15:54.441+0000] {logging_mixin.py:151} INFO - [2023-10-13T23:15:54.440+0000] {dag.py:2941} INFO - Sync 2 DAGs
[2023-10-13T23:15:54.448+0000] {logging_mixin.py:151} INFO - [2023-10-13T23:15:54.447+0000] {dag.py:3722} INFO - Setting next_dagrun for example_external_task_marker_child to None, run_after=None
[2023-10-13T23:15:54.449+0000] {logging_mixin.py:151} INFO - [2023-10-13T23:15:54.449+0000] {dag.py:3722} INFO - Setting next_dagrun for example_external_task_marker_parent to None, run_after=None
[2023-10-13T23:15:54.458+0000] {processor.py:179} INFO - Processing /home/airflow/.local/lib/python3.8/site-packages/airflow/example_dags/example_external_task_marker_dag.py took 0.041 seconds
[2023-10-13T23:16:25.349+0000] {processor.py:157} INFO - Started process (PID=574) to work on /home/airflow/.local/lib/python3.8/site-packages/airflow/example_dags/example_external_task_marker_dag.py
[2023-10-13T23:16:25.350+0000] {processor.py:829} INFO - Processing file /home/airflow/.local/lib/python3.8/site-packages/airflow/example_dags/example_external_task_marker_dag.py for tasks to queue
[2023-10-13T23:16:25.351+0000] {logging_mixin.py:151} INFO - [2023-10-13T23:16:25.351+0000] {dagbag.py:536} INFO - Filling up the DagBag from /home/airflow/.local/lib/python3.8/site-packages/airflow/example_dags/example_external_task_marker_dag.py
[2023-10-13T23:16:25.356+0000] {processor.py:839} INFO - DAG(s) dict_keys(['example_external_task_marker_parent', 'example_external_task_marker_child']) retrieved from /home/airflow/.local/lib/python3.8/site-packages/airflow/example_dags/example_external_task_marker_dag.py
[2023-10-13T23:16:25.371+0000] {logging_mixin.py:151} INFO - [2023-10-13T23:16:25.371+0000] {dag.py:2941} INFO - Sync 2 DAGs
[2023-10-13T23:16:25.379+0000] {logging_mixin.py:151} INFO - [2023-10-13T23:16:25.379+0000] {dag.py:3722} INFO - Setting next_dagrun for example_external_task_marker_child to None, run_after=None
[2023-10-13T23:16:25.381+0000] {logging_mixin.py:151} INFO - [2023-10-13T23:16:25.381+0000] {dag.py:3722} INFO - Setting next_dagrun for example_external_task_marker_parent to None, run_after=None
[2023-10-13T23:16:25.390+0000] {processor.py:179} INFO - Processing /home/airflow/.local/lib/python3.8/site-packages/airflow/example_dags/example_external_task_marker_dag.py took 0.043 seconds
[2023-10-13T23:16:55.454+0000] {processor.py:157} INFO - Started process (PID=628) to work on /home/airflow/.local/lib/python3.8/site-packages/airflow/example_dags/example_external_task_marker_dag.py
[2023-10-13T23:16:55.455+0000] {processor.py:829} INFO - Processing file /home/airflow/.local/lib/python3.8/site-packages/airflow/example_dags/example_external_task_marker_dag.py for tasks to queue
[2023-10-13T23:16:55.456+0000] {logging_mixin.py:151} INFO - [2023-10-13T23:16:55.456+0000] {dagbag.py:536} INFO - Filling up the DagBag from /home/airflow/.local/lib/python3.8/site-packages/airflow/example_dags/example_external_task_marker_dag.py
[2023-10-13T23:16:55.460+0000] {processor.py:839} INFO - DAG(s) dict_keys(['example_external_task_marker_parent', 'example_external_task_marker_child']) retrieved from /home/airflow/.local/lib/python3.8/site-packages/airflow/example_dags/example_external_task_marker_dag.py
[2023-10-13T23:16:55.474+0000] {logging_mixin.py:151} INFO - [2023-10-13T23:16:55.474+0000] {dag.py:2941} INFO - Sync 2 DAGs
[2023-10-13T23:16:55.481+0000] {logging_mixin.py:151} INFO - [2023-10-13T23:16:55.481+0000] {dag.py:3722} INFO - Setting next_dagrun for example_external_task_marker_child to None, run_after=None
[2023-10-13T23:16:55.483+0000] {logging_mixin.py:151} INFO - [2023-10-13T23:16:55.483+0000] {dag.py:3722} INFO - Setting next_dagrun for example_external_task_marker_parent to None, run_after=None
[2023-10-13T23:16:55.492+0000] {processor.py:179} INFO - Processing /home/airflow/.local/lib/python3.8/site-packages/airflow/example_dags/example_external_task_marker_dag.py took 0.040 seconds
[2023-10-13T23:17:25.615+0000] {processor.py:157} INFO - Started process (PID=682) to work on /home/airflow/.local/lib/python3.8/site-packages/airflow/example_dags/example_external_task_marker_dag.py
[2023-10-13T23:17:25.616+0000] {processor.py:829} INFO - Processing file /home/airflow/.local/lib/python3.8/site-packages/airflow/example_dags/example_external_task_marker_dag.py for tasks to queue
[2023-10-13T23:17:25.617+0000] {logging_mixin.py:151} INFO - [2023-10-13T23:17:25.617+0000] {dagbag.py:536} INFO - Filling up the DagBag from /home/airflow/.local/lib/python3.8/site-packages/airflow/example_dags/example_external_task_marker_dag.py
[2023-10-13T23:17:25.621+0000] {processor.py:839} INFO - DAG(s) dict_keys(['example_external_task_marker_child', 'example_external_task_marker_parent']) retrieved from /home/airflow/.local/lib/python3.8/site-packages/airflow/example_dags/example_external_task_marker_dag.py
[2023-10-13T23:17:25.636+0000] {logging_mixin.py:151} INFO - [2023-10-13T23:17:25.636+0000] {dag.py:2941} INFO - Sync 2 DAGs
[2023-10-13T23:17:25.642+0000] {logging_mixin.py:151} INFO - [2023-10-13T23:17:25.642+0000] {dag.py:3722} INFO - Setting next_dagrun for example_external_task_marker_child to None, run_after=None
[2023-10-13T23:17:25.644+0000] {logging_mixin.py:151} INFO - [2023-10-13T23:17:25.644+0000] {dag.py:3722} INFO - Setting next_dagrun for example_external_task_marker_parent to None, run_after=None
[2023-10-13T23:17:25.652+0000] {processor.py:179} INFO - Processing /home/airflow/.local/lib/python3.8/site-packages/airflow/example_dags/example_external_task_marker_dag.py took 0.040 seconds
[2023-10-13T23:17:56.483+0000] {processor.py:157} INFO - Started process (PID=736) to work on /home/airflow/.local/lib/python3.8/site-packages/airflow/example_dags/example_external_task_marker_dag.py
[2023-10-13T23:17:56.484+0000] {processor.py:829} INFO - Processing file /home/airflow/.local/lib/python3.8/site-packages/airflow/example_dags/example_external_task_marker_dag.py for tasks to queue
[2023-10-13T23:17:56.486+0000] {logging_mixin.py:151} INFO - [2023-10-13T23:17:56.485+0000] {dagbag.py:536} INFO - Filling up the DagBag from /home/airflow/.local/lib/python3.8/site-packages/airflow/example_dags/example_external_task_marker_dag.py
[2023-10-13T23:17:56.489+0000] {processor.py:839} INFO - DAG(s) dict_keys(['example_external_task_marker_child', 'example_external_task_marker_parent']) retrieved from /home/airflow/.local/lib/python3.8/site-packages/airflow/example_dags/example_external_task_marker_dag.py
[2023-10-13T23:17:56.504+0000] {logging_mixin.py:151} INFO - [2023-10-13T23:17:56.504+0000] {dag.py:2941} INFO - Sync 2 DAGs
[2023-10-13T23:17:56.511+0000] {logging_mixin.py:151} INFO - [2023-10-13T23:17:56.511+0000] {dag.py:3722} INFO - Setting next_dagrun for example_external_task_marker_child to None, run_after=None
[2023-10-13T23:17:56.513+0000] {logging_mixin.py:151} INFO - [2023-10-13T23:17:56.513+0000] {dag.py:3722} INFO - Setting next_dagrun for example_external_task_marker_parent to None, run_after=None
[2023-10-13T23:17:56.522+0000] {processor.py:179} INFO - Processing /home/airflow/.local/lib/python3.8/site-packages/airflow/example_dags/example_external_task_marker_dag.py took 0.041 seconds
[2023-10-13T23:18:26.767+0000] {processor.py:157} INFO - Started process (PID=790) to work on /home/airflow/.local/lib/python3.8/site-packages/airflow/example_dags/example_external_task_marker_dag.py
[2023-10-13T23:18:26.768+0000] {processor.py:829} INFO - Processing file /home/airflow/.local/lib/python3.8/site-packages/airflow/example_dags/example_external_task_marker_dag.py for tasks to queue
[2023-10-13T23:18:26.770+0000] {logging_mixin.py:151} INFO - [2023-10-13T23:18:26.769+0000] {dagbag.py:536} INFO - Filling up the DagBag from /home/airflow/.local/lib/python3.8/site-packages/airflow/example_dags/example_external_task_marker_dag.py
[2023-10-13T23:18:26.773+0000] {processor.py:839} INFO - DAG(s) dict_keys(['example_external_task_marker_parent', 'example_external_task_marker_child']) retrieved from /home/airflow/.local/lib/python3.8/site-packages/airflow/example_dags/example_external_task_marker_dag.py
[2023-10-13T23:18:26.789+0000] {logging_mixin.py:151} INFO - [2023-10-13T23:18:26.789+0000] {dag.py:2941} INFO - Sync 2 DAGs
[2023-10-13T23:18:26.797+0000] {logging_mixin.py:151} INFO - [2023-10-13T23:18:26.796+0000] {dag.py:3722} INFO - Setting next_dagrun for example_external_task_marker_child to None, run_after=None
[2023-10-13T23:18:26.798+0000] {logging_mixin.py:151} INFO - [2023-10-13T23:18:26.798+0000] {dag.py:3722} INFO - Setting next_dagrun for example_external_task_marker_parent to None, run_after=None
[2023-10-13T23:18:26.807+0000] {processor.py:179} INFO - Processing /home/airflow/.local/lib/python3.8/site-packages/airflow/example_dags/example_external_task_marker_dag.py took 0.042 seconds
[2023-10-13T23:18:56.863+0000] {processor.py:157} INFO - Started process (PID=844) to work on /home/airflow/.local/lib/python3.8/site-packages/airflow/example_dags/example_external_task_marker_dag.py
[2023-10-13T23:18:56.863+0000] {processor.py:829} INFO - Processing file /home/airflow/.local/lib/python3.8/site-packages/airflow/example_dags/example_external_task_marker_dag.py for tasks to queue
[2023-10-13T23:18:56.865+0000] {logging_mixin.py:151} INFO - [2023-10-13T23:18:56.865+0000] {dagbag.py:536} INFO - Filling up the DagBag from /home/airflow/.local/lib/python3.8/site-packages/airflow/example_dags/example_external_task_marker_dag.py
[2023-10-13T23:18:56.869+0000] {processor.py:839} INFO - DAG(s) dict_keys(['example_external_task_marker_parent', 'example_external_task_marker_child']) retrieved from /home/airflow/.local/lib/python3.8/site-packages/airflow/example_dags/example_external_task_marker_dag.py
[2023-10-13T23:18:56.883+0000] {logging_mixin.py:151} INFO - [2023-10-13T23:18:56.883+0000] {dag.py:2941} INFO - Sync 2 DAGs
[2023-10-13T23:18:56.890+0000] {logging_mixin.py:151} INFO - [2023-10-13T23:18:56.890+0000] {dag.py:3722} INFO - Setting next_dagrun for example_external_task_marker_child to None, run_after=None
[2023-10-13T23:18:56.892+0000] {logging_mixin.py:151} INFO - [2023-10-13T23:18:56.892+0000] {dag.py:3722} INFO - Setting next_dagrun for example_external_task_marker_parent to None, run_after=None
[2023-10-13T23:18:56.900+0000] {processor.py:179} INFO - Processing /home/airflow/.local/lib/python3.8/site-packages/airflow/example_dags/example_external_task_marker_dag.py took 0.039 seconds
[2023-10-13T23:19:27.019+0000] {processor.py:157} INFO - Started process (PID=898) to work on /home/airflow/.local/lib/python3.8/site-packages/airflow/example_dags/example_external_task_marker_dag.py
[2023-10-13T23:19:27.020+0000] {processor.py:829} INFO - Processing file /home/airflow/.local/lib/python3.8/site-packages/airflow/example_dags/example_external_task_marker_dag.py for tasks to queue
[2023-10-13T23:19:27.021+0000] {logging_mixin.py:151} INFO - [2023-10-13T23:19:27.021+0000] {dagbag.py:536} INFO - Filling up the DagBag from /home/airflow/.local/lib/python3.8/site-packages/airflow/example_dags/example_external_task_marker_dag.py
[2023-10-13T23:19:27.025+0000] {processor.py:839} INFO - DAG(s) dict_keys(['example_external_task_marker_child', 'example_external_task_marker_parent']) retrieved from /home/airflow/.local/lib/python3.8/site-packages/airflow/example_dags/example_external_task_marker_dag.py
[2023-10-13T23:19:27.039+0000] {logging_mixin.py:151} INFO - [2023-10-13T23:19:27.039+0000] {dag.py:2941} INFO - Sync 2 DAGs
[2023-10-13T23:19:27.046+0000] {logging_mixin.py:151} INFO - [2023-10-13T23:19:27.046+0000] {dag.py:3722} INFO - Setting next_dagrun for example_external_task_marker_child to None, run_after=None
[2023-10-13T23:19:27.048+0000] {logging_mixin.py:151} INFO - [2023-10-13T23:19:27.048+0000] {dag.py:3722} INFO - Setting next_dagrun for example_external_task_marker_parent to None, run_after=None
[2023-10-13T23:19:27.056+0000] {processor.py:179} INFO - Processing /home/airflow/.local/lib/python3.8/site-packages/airflow/example_dags/example_external_task_marker_dag.py took 0.040 seconds
