[2023-10-13T23:09:59.074+0000] {processor.py:157} INFO - Started process (PID=59) to work on /home/airflow/.local/lib/python3.8/site-packages/airflow/example_dags/example_datasets.py
[2023-10-13T23:09:59.075+0000] {processor.py:829} INFO - Processing file /home/airflow/.local/lib/python3.8/site-packages/airflow/example_dags/example_datasets.py for tasks to queue
[2023-10-13T23:09:59.077+0000] {logging_mixin.py:151} INFO - [2023-10-13T23:09:59.077+0000] {dagbag.py:536} INFO - Filling up the DagBag from /home/airflow/.local/lib/python3.8/site-packages/airflow/example_dags/example_datasets.py
[2023-10-13T23:09:59.091+0000] {processor.py:839} INFO - DAG(s) dict_keys(['dataset_consumes_1_never_scheduled', 'dataset_consumes_unknown_never_scheduled', 'dataset_consumes_1_and_2', 'dataset_consumes_1', 'dataset_produces_2', 'dataset_produces_1']) retrieved from /home/airflow/.local/lib/python3.8/site-packages/airflow/example_dags/example_datasets.py
[2023-10-13T23:09:59.105+0000] {logging_mixin.py:151} INFO - [2023-10-13T23:09:59.105+0000] {dag.py:2941} INFO - Sync 6 DAGs
[2023-10-13T23:09:59.124+0000] {logging_mixin.py:151} INFO - [2023-10-13T23:09:59.124+0000] {dag.py:3722} INFO - Setting next_dagrun for dataset_consumes_1 to None, run_after=None
[2023-10-13T23:09:59.126+0000] {logging_mixin.py:151} INFO - [2023-10-13T23:09:59.126+0000] {dag.py:3722} INFO - Setting next_dagrun for dataset_consumes_1_and_2 to None, run_after=None
[2023-10-13T23:09:59.127+0000] {logging_mixin.py:151} INFO - [2023-10-13T23:09:59.127+0000] {dag.py:3722} INFO - Setting next_dagrun for dataset_consumes_1_never_scheduled to None, run_after=None
[2023-10-13T23:09:59.128+0000] {logging_mixin.py:151} INFO - [2023-10-13T23:09:59.128+0000] {dag.py:3722} INFO - Setting next_dagrun for dataset_consumes_unknown_never_scheduled to None, run_after=None
[2023-10-13T23:09:59.130+0000] {logging_mixin.py:151} INFO - [2023-10-13T23:09:59.130+0000] {dag.py:3722} INFO - Setting next_dagrun for dataset_produces_1 to 2023-10-12T00:00:00+00:00, run_after=2023-10-13T00:00:00+00:00
[2023-10-13T23:09:59.130+0000] {logging_mixin.py:151} INFO - [2023-10-13T23:09:59.130+0000] {dag.py:3722} INFO - Setting next_dagrun for dataset_produces_2 to None, run_after=None
[2023-10-13T23:09:59.147+0000] {processor.py:179} INFO - Processing /home/airflow/.local/lib/python3.8/site-packages/airflow/example_dags/example_datasets.py took 0.075 seconds
[2023-10-13T23:11:23.498+0000] {processor.py:157} INFO - Started process (PID=58) to work on /home/airflow/.local/lib/python3.8/site-packages/airflow/example_dags/example_datasets.py
[2023-10-13T23:11:23.499+0000] {processor.py:829} INFO - Processing file /home/airflow/.local/lib/python3.8/site-packages/airflow/example_dags/example_datasets.py for tasks to queue
[2023-10-13T23:11:23.501+0000] {logging_mixin.py:151} INFO - [2023-10-13T23:11:23.501+0000] {dagbag.py:536} INFO - Filling up the DagBag from /home/airflow/.local/lib/python3.8/site-packages/airflow/example_dags/example_datasets.py
[2023-10-13T23:11:23.512+0000] {processor.py:839} INFO - DAG(s) dict_keys(['dataset_produces_2', 'dataset_consumes_1', 'dataset_consumes_unknown_never_scheduled', 'dataset_produces_1', 'dataset_consumes_1_and_2', 'dataset_consumes_1_never_scheduled']) retrieved from /home/airflow/.local/lib/python3.8/site-packages/airflow/example_dags/example_datasets.py
[2023-10-13T23:11:23.526+0000] {logging_mixin.py:151} INFO - [2023-10-13T23:11:23.526+0000] {dag.py:2941} INFO - Sync 6 DAGs
[2023-10-13T23:11:23.543+0000] {logging_mixin.py:151} INFO - [2023-10-13T23:11:23.543+0000] {dag.py:3722} INFO - Setting next_dagrun for dataset_consumes_1 to None, run_after=None
[2023-10-13T23:11:23.546+0000] {logging_mixin.py:151} INFO - [2023-10-13T23:11:23.546+0000] {dag.py:3722} INFO - Setting next_dagrun for dataset_consumes_1_and_2 to None, run_after=None
[2023-10-13T23:11:23.547+0000] {logging_mixin.py:151} INFO - [2023-10-13T23:11:23.547+0000] {dag.py:3722} INFO - Setting next_dagrun for dataset_consumes_1_never_scheduled to None, run_after=None
[2023-10-13T23:11:23.548+0000] {logging_mixin.py:151} INFO - [2023-10-13T23:11:23.548+0000] {dag.py:3722} INFO - Setting next_dagrun for dataset_consumes_unknown_never_scheduled to None, run_after=None
[2023-10-13T23:11:23.550+0000] {logging_mixin.py:151} INFO - [2023-10-13T23:11:23.550+0000] {dag.py:3722} INFO - Setting next_dagrun for dataset_produces_1 to 2023-10-12T00:00:00+00:00, run_after=2023-10-13T00:00:00+00:00
[2023-10-13T23:11:23.551+0000] {logging_mixin.py:151} INFO - [2023-10-13T23:11:23.551+0000] {dag.py:3722} INFO - Setting next_dagrun for dataset_produces_2 to None, run_after=None
[2023-10-13T23:11:23.569+0000] {processor.py:179} INFO - Processing /home/airflow/.local/lib/python3.8/site-packages/airflow/example_dags/example_datasets.py took 0.076 seconds
[2023-10-13T23:11:53.848+0000] {processor.py:157} INFO - Started process (PID=112) to work on /home/airflow/.local/lib/python3.8/site-packages/airflow/example_dags/example_datasets.py
[2023-10-13T23:11:53.849+0000] {processor.py:829} INFO - Processing file /home/airflow/.local/lib/python3.8/site-packages/airflow/example_dags/example_datasets.py for tasks to queue
[2023-10-13T23:11:53.850+0000] {logging_mixin.py:151} INFO - [2023-10-13T23:11:53.850+0000] {dagbag.py:536} INFO - Filling up the DagBag from /home/airflow/.local/lib/python3.8/site-packages/airflow/example_dags/example_datasets.py
[2023-10-13T23:11:53.857+0000] {processor.py:839} INFO - DAG(s) dict_keys(['dataset_produces_1', 'dataset_consumes_1_and_2', 'dataset_consumes_1_never_scheduled', 'dataset_consumes_1', 'dataset_produces_2', 'dataset_consumes_unknown_never_scheduled']) retrieved from /home/airflow/.local/lib/python3.8/site-packages/airflow/example_dags/example_datasets.py
[2023-10-13T23:11:53.882+0000] {logging_mixin.py:151} INFO - [2023-10-13T23:11:53.882+0000] {dag.py:2941} INFO - Sync 6 DAGs
[2023-10-13T23:11:53.898+0000] {logging_mixin.py:151} INFO - [2023-10-13T23:11:53.897+0000] {dag.py:3722} INFO - Setting next_dagrun for dataset_consumes_1 to None, run_after=None
[2023-10-13T23:11:53.900+0000] {logging_mixin.py:151} INFO - [2023-10-13T23:11:53.900+0000] {dag.py:3722} INFO - Setting next_dagrun for dataset_consumes_1_and_2 to None, run_after=None
[2023-10-13T23:11:53.901+0000] {logging_mixin.py:151} INFO - [2023-10-13T23:11:53.901+0000] {dag.py:3722} INFO - Setting next_dagrun for dataset_consumes_1_never_scheduled to None, run_after=None
[2023-10-13T23:11:53.902+0000] {logging_mixin.py:151} INFO - [2023-10-13T23:11:53.902+0000] {dag.py:3722} INFO - Setting next_dagrun for dataset_consumes_unknown_never_scheduled to None, run_after=None
[2023-10-13T23:11:53.904+0000] {logging_mixin.py:151} INFO - [2023-10-13T23:11:53.904+0000] {dag.py:3722} INFO - Setting next_dagrun for dataset_produces_1 to 2023-10-12T00:00:00+00:00, run_after=2023-10-13T00:00:00+00:00
[2023-10-13T23:11:53.905+0000] {logging_mixin.py:151} INFO - [2023-10-13T23:11:53.905+0000] {dag.py:3722} INFO - Setting next_dagrun for dataset_produces_2 to None, run_after=None
[2023-10-13T23:11:53.923+0000] {processor.py:179} INFO - Processing /home/airflow/.local/lib/python3.8/site-packages/airflow/example_dags/example_datasets.py took 0.078 seconds
[2023-10-13T23:12:24.111+0000] {processor.py:157} INFO - Started process (PID=166) to work on /home/airflow/.local/lib/python3.8/site-packages/airflow/example_dags/example_datasets.py
[2023-10-13T23:12:24.112+0000] {processor.py:829} INFO - Processing file /home/airflow/.local/lib/python3.8/site-packages/airflow/example_dags/example_datasets.py for tasks to queue
[2023-10-13T23:12:24.114+0000] {logging_mixin.py:151} INFO - [2023-10-13T23:12:24.113+0000] {dagbag.py:536} INFO - Filling up the DagBag from /home/airflow/.local/lib/python3.8/site-packages/airflow/example_dags/example_datasets.py
[2023-10-13T23:12:24.121+0000] {processor.py:839} INFO - DAG(s) dict_keys(['dataset_consumes_1_and_2', 'dataset_produces_2', 'dataset_consumes_unknown_never_scheduled', 'dataset_produces_1', 'dataset_consumes_1', 'dataset_consumes_1_never_scheduled']) retrieved from /home/airflow/.local/lib/python3.8/site-packages/airflow/example_dags/example_datasets.py
[2023-10-13T23:12:24.143+0000] {logging_mixin.py:151} INFO - [2023-10-13T23:12:24.143+0000] {dag.py:2941} INFO - Sync 6 DAGs
[2023-10-13T23:12:24.156+0000] {logging_mixin.py:151} INFO - [2023-10-13T23:12:24.155+0000] {dag.py:3722} INFO - Setting next_dagrun for dataset_consumes_1 to None, run_after=None
[2023-10-13T23:12:24.158+0000] {logging_mixin.py:151} INFO - [2023-10-13T23:12:24.158+0000] {dag.py:3722} INFO - Setting next_dagrun for dataset_consumes_1_and_2 to None, run_after=None
[2023-10-13T23:12:24.159+0000] {logging_mixin.py:151} INFO - [2023-10-13T23:12:24.159+0000] {dag.py:3722} INFO - Setting next_dagrun for dataset_consumes_1_never_scheduled to None, run_after=None
[2023-10-13T23:12:24.160+0000] {logging_mixin.py:151} INFO - [2023-10-13T23:12:24.160+0000] {dag.py:3722} INFO - Setting next_dagrun for dataset_consumes_unknown_never_scheduled to None, run_after=None
[2023-10-13T23:12:24.162+0000] {logging_mixin.py:151} INFO - [2023-10-13T23:12:24.162+0000] {dag.py:3722} INFO - Setting next_dagrun for dataset_produces_1 to 2023-10-12T00:00:00+00:00, run_after=2023-10-13T00:00:00+00:00
[2023-10-13T23:12:24.163+0000] {logging_mixin.py:151} INFO - [2023-10-13T23:12:24.163+0000] {dag.py:3722} INFO - Setting next_dagrun for dataset_produces_2 to None, run_after=None
[2023-10-13T23:12:24.183+0000] {processor.py:179} INFO - Processing /home/airflow/.local/lib/python3.8/site-packages/airflow/example_dags/example_datasets.py took 0.075 seconds
[2023-10-13T23:12:55.042+0000] {processor.py:157} INFO - Started process (PID=220) to work on /home/airflow/.local/lib/python3.8/site-packages/airflow/example_dags/example_datasets.py
[2023-10-13T23:12:55.043+0000] {processor.py:829} INFO - Processing file /home/airflow/.local/lib/python3.8/site-packages/airflow/example_dags/example_datasets.py for tasks to queue
[2023-10-13T23:12:55.044+0000] {logging_mixin.py:151} INFO - [2023-10-13T23:12:55.044+0000] {dagbag.py:536} INFO - Filling up the DagBag from /home/airflow/.local/lib/python3.8/site-packages/airflow/example_dags/example_datasets.py
[2023-10-13T23:12:55.050+0000] {processor.py:839} INFO - DAG(s) dict_keys(['dataset_consumes_unknown_never_scheduled', 'dataset_consumes_1_and_2', 'dataset_produces_2', 'dataset_consumes_1_never_scheduled', 'dataset_produces_1', 'dataset_consumes_1']) retrieved from /home/airflow/.local/lib/python3.8/site-packages/airflow/example_dags/example_datasets.py
[2023-10-13T23:12:55.071+0000] {logging_mixin.py:151} INFO - [2023-10-13T23:12:55.071+0000] {dag.py:2941} INFO - Sync 6 DAGs
[2023-10-13T23:12:55.085+0000] {logging_mixin.py:151} INFO - [2023-10-13T23:12:55.085+0000] {dag.py:3722} INFO - Setting next_dagrun for dataset_consumes_1 to None, run_after=None
[2023-10-13T23:12:55.087+0000] {logging_mixin.py:151} INFO - [2023-10-13T23:12:55.087+0000] {dag.py:3722} INFO - Setting next_dagrun for dataset_consumes_1_and_2 to None, run_after=None
[2023-10-13T23:12:55.088+0000] {logging_mixin.py:151} INFO - [2023-10-13T23:12:55.087+0000] {dag.py:3722} INFO - Setting next_dagrun for dataset_consumes_1_never_scheduled to None, run_after=None
[2023-10-13T23:12:55.088+0000] {logging_mixin.py:151} INFO - [2023-10-13T23:12:55.088+0000] {dag.py:3722} INFO - Setting next_dagrun for dataset_consumes_unknown_never_scheduled to None, run_after=None
[2023-10-13T23:12:55.090+0000] {logging_mixin.py:151} INFO - [2023-10-13T23:12:55.090+0000] {dag.py:3722} INFO - Setting next_dagrun for dataset_produces_1 to 2023-10-12T00:00:00+00:00, run_after=2023-10-13T00:00:00+00:00
[2023-10-13T23:12:55.091+0000] {logging_mixin.py:151} INFO - [2023-10-13T23:12:55.091+0000] {dag.py:3722} INFO - Setting next_dagrun for dataset_produces_2 to None, run_after=None
[2023-10-13T23:12:55.108+0000] {processor.py:179} INFO - Processing /home/airflow/.local/lib/python3.8/site-packages/airflow/example_dags/example_datasets.py took 0.069 seconds
[2023-10-13T23:13:25.298+0000] {processor.py:157} INFO - Started process (PID=274) to work on /home/airflow/.local/lib/python3.8/site-packages/airflow/example_dags/example_datasets.py
[2023-10-13T23:13:25.299+0000] {processor.py:829} INFO - Processing file /home/airflow/.local/lib/python3.8/site-packages/airflow/example_dags/example_datasets.py for tasks to queue
[2023-10-13T23:13:25.300+0000] {logging_mixin.py:151} INFO - [2023-10-13T23:13:25.300+0000] {dagbag.py:536} INFO - Filling up the DagBag from /home/airflow/.local/lib/python3.8/site-packages/airflow/example_dags/example_datasets.py
[2023-10-13T23:13:25.306+0000] {processor.py:839} INFO - DAG(s) dict_keys(['dataset_produces_1', 'dataset_consumes_1_and_2', 'dataset_consumes_unknown_never_scheduled', 'dataset_produces_2', 'dataset_consumes_1', 'dataset_consumes_1_never_scheduled']) retrieved from /home/airflow/.local/lib/python3.8/site-packages/airflow/example_dags/example_datasets.py
[2023-10-13T23:13:25.328+0000] {logging_mixin.py:151} INFO - [2023-10-13T23:13:25.327+0000] {dag.py:2941} INFO - Sync 6 DAGs
[2023-10-13T23:13:25.341+0000] {logging_mixin.py:151} INFO - [2023-10-13T23:13:25.341+0000] {dag.py:3722} INFO - Setting next_dagrun for dataset_consumes_1 to None, run_after=None
[2023-10-13T23:13:25.343+0000] {logging_mixin.py:151} INFO - [2023-10-13T23:13:25.343+0000] {dag.py:3722} INFO - Setting next_dagrun for dataset_consumes_1_and_2 to None, run_after=None
[2023-10-13T23:13:25.344+0000] {logging_mixin.py:151} INFO - [2023-10-13T23:13:25.344+0000] {dag.py:3722} INFO - Setting next_dagrun for dataset_consumes_1_never_scheduled to None, run_after=None
[2023-10-13T23:13:25.344+0000] {logging_mixin.py:151} INFO - [2023-10-13T23:13:25.344+0000] {dag.py:3722} INFO - Setting next_dagrun for dataset_consumes_unknown_never_scheduled to None, run_after=None
[2023-10-13T23:13:25.346+0000] {logging_mixin.py:151} INFO - [2023-10-13T23:13:25.346+0000] {dag.py:3722} INFO - Setting next_dagrun for dataset_produces_1 to 2023-10-12T00:00:00+00:00, run_after=2023-10-13T00:00:00+00:00
[2023-10-13T23:13:25.347+0000] {logging_mixin.py:151} INFO - [2023-10-13T23:13:25.347+0000] {dag.py:3722} INFO - Setting next_dagrun for dataset_produces_2 to None, run_after=None
[2023-10-13T23:13:25.365+0000] {processor.py:179} INFO - Processing /home/airflow/.local/lib/python3.8/site-packages/airflow/example_dags/example_datasets.py took 0.070 seconds
[2023-10-13T23:13:55.437+0000] {processor.py:157} INFO - Started process (PID=329) to work on /home/airflow/.local/lib/python3.8/site-packages/airflow/example_dags/example_datasets.py
[2023-10-13T23:13:55.438+0000] {processor.py:829} INFO - Processing file /home/airflow/.local/lib/python3.8/site-packages/airflow/example_dags/example_datasets.py for tasks to queue
[2023-10-13T23:13:55.439+0000] {logging_mixin.py:151} INFO - [2023-10-13T23:13:55.439+0000] {dagbag.py:536} INFO - Filling up the DagBag from /home/airflow/.local/lib/python3.8/site-packages/airflow/example_dags/example_datasets.py
[2023-10-13T23:13:55.445+0000] {processor.py:839} INFO - DAG(s) dict_keys(['dataset_consumes_1', 'dataset_produces_2', 'dataset_consumes_unknown_never_scheduled', 'dataset_produces_1', 'dataset_consumes_1_never_scheduled', 'dataset_consumes_1_and_2']) retrieved from /home/airflow/.local/lib/python3.8/site-packages/airflow/example_dags/example_datasets.py
[2023-10-13T23:13:55.468+0000] {logging_mixin.py:151} INFO - [2023-10-13T23:13:55.468+0000] {dag.py:2941} INFO - Sync 6 DAGs
[2023-10-13T23:13:55.482+0000] {logging_mixin.py:151} INFO - [2023-10-13T23:13:55.482+0000] {dag.py:3722} INFO - Setting next_dagrun for dataset_consumes_1 to None, run_after=None
[2023-10-13T23:13:55.484+0000] {logging_mixin.py:151} INFO - [2023-10-13T23:13:55.484+0000] {dag.py:3722} INFO - Setting next_dagrun for dataset_consumes_1_and_2 to None, run_after=None
[2023-10-13T23:13:55.485+0000] {logging_mixin.py:151} INFO - [2023-10-13T23:13:55.485+0000] {dag.py:3722} INFO - Setting next_dagrun for dataset_consumes_1_never_scheduled to None, run_after=None
[2023-10-13T23:13:55.486+0000] {logging_mixin.py:151} INFO - [2023-10-13T23:13:55.486+0000] {dag.py:3722} INFO - Setting next_dagrun for dataset_consumes_unknown_never_scheduled to None, run_after=None
[2023-10-13T23:13:55.488+0000] {logging_mixin.py:151} INFO - [2023-10-13T23:13:55.488+0000] {dag.py:3722} INFO - Setting next_dagrun for dataset_produces_1 to 2023-10-12T00:00:00+00:00, run_after=2023-10-13T00:00:00+00:00
[2023-10-13T23:13:55.488+0000] {logging_mixin.py:151} INFO - [2023-10-13T23:13:55.488+0000] {dag.py:3722} INFO - Setting next_dagrun for dataset_produces_2 to None, run_after=None
[2023-10-13T23:13:55.505+0000] {processor.py:179} INFO - Processing /home/airflow/.local/lib/python3.8/site-packages/airflow/example_dags/example_datasets.py took 0.071 seconds
[2023-10-13T23:14:25.683+0000] {processor.py:157} INFO - Started process (PID=383) to work on /home/airflow/.local/lib/python3.8/site-packages/airflow/example_dags/example_datasets.py
[2023-10-13T23:14:25.684+0000] {processor.py:829} INFO - Processing file /home/airflow/.local/lib/python3.8/site-packages/airflow/example_dags/example_datasets.py for tasks to queue
[2023-10-13T23:14:25.686+0000] {logging_mixin.py:151} INFO - [2023-10-13T23:14:25.686+0000] {dagbag.py:536} INFO - Filling up the DagBag from /home/airflow/.local/lib/python3.8/site-packages/airflow/example_dags/example_datasets.py
[2023-10-13T23:14:25.692+0000] {processor.py:839} INFO - DAG(s) dict_keys(['dataset_produces_2', 'dataset_produces_1', 'dataset_consumes_unknown_never_scheduled', 'dataset_consumes_1_never_scheduled', 'dataset_consumes_1_and_2', 'dataset_consumes_1']) retrieved from /home/airflow/.local/lib/python3.8/site-packages/airflow/example_dags/example_datasets.py
[2023-10-13T23:14:25.713+0000] {logging_mixin.py:151} INFO - [2023-10-13T23:14:25.713+0000] {dag.py:2941} INFO - Sync 6 DAGs
[2023-10-13T23:14:25.727+0000] {logging_mixin.py:151} INFO - [2023-10-13T23:14:25.726+0000] {dag.py:3722} INFO - Setting next_dagrun for dataset_consumes_1 to None, run_after=None
[2023-10-13T23:14:25.729+0000] {logging_mixin.py:151} INFO - [2023-10-13T23:14:25.729+0000] {dag.py:3722} INFO - Setting next_dagrun for dataset_consumes_1_and_2 to None, run_after=None
[2023-10-13T23:14:25.730+0000] {logging_mixin.py:151} INFO - [2023-10-13T23:14:25.730+0000] {dag.py:3722} INFO - Setting next_dagrun for dataset_consumes_1_never_scheduled to None, run_after=None
[2023-10-13T23:14:25.731+0000] {logging_mixin.py:151} INFO - [2023-10-13T23:14:25.731+0000] {dag.py:3722} INFO - Setting next_dagrun for dataset_consumes_unknown_never_scheduled to None, run_after=None
[2023-10-13T23:14:25.732+0000] {logging_mixin.py:151} INFO - [2023-10-13T23:14:25.732+0000] {dag.py:3722} INFO - Setting next_dagrun for dataset_produces_1 to 2023-10-12T00:00:00+00:00, run_after=2023-10-13T00:00:00+00:00
[2023-10-13T23:14:25.733+0000] {logging_mixin.py:151} INFO - [2023-10-13T23:14:25.733+0000] {dag.py:3722} INFO - Setting next_dagrun for dataset_produces_2 to None, run_after=None
[2023-10-13T23:14:25.752+0000] {processor.py:179} INFO - Processing /home/airflow/.local/lib/python3.8/site-packages/airflow/example_dags/example_datasets.py took 0.072 seconds
[2023-10-13T23:14:55.881+0000] {processor.py:157} INFO - Started process (PID=437) to work on /home/airflow/.local/lib/python3.8/site-packages/airflow/example_dags/example_datasets.py
[2023-10-13T23:14:55.881+0000] {processor.py:829} INFO - Processing file /home/airflow/.local/lib/python3.8/site-packages/airflow/example_dags/example_datasets.py for tasks to queue
[2023-10-13T23:14:55.883+0000] {logging_mixin.py:151} INFO - [2023-10-13T23:14:55.883+0000] {dagbag.py:536} INFO - Filling up the DagBag from /home/airflow/.local/lib/python3.8/site-packages/airflow/example_dags/example_datasets.py
[2023-10-13T23:14:55.890+0000] {processor.py:839} INFO - DAG(s) dict_keys(['dataset_consumes_1_and_2', 'dataset_consumes_1', 'dataset_consumes_unknown_never_scheduled', 'dataset_produces_2', 'dataset_consumes_1_never_scheduled', 'dataset_produces_1']) retrieved from /home/airflow/.local/lib/python3.8/site-packages/airflow/example_dags/example_datasets.py
[2023-10-13T23:14:55.911+0000] {logging_mixin.py:151} INFO - [2023-10-13T23:14:55.911+0000] {dag.py:2941} INFO - Sync 6 DAGs
[2023-10-13T23:14:55.925+0000] {logging_mixin.py:151} INFO - [2023-10-13T23:14:55.925+0000] {dag.py:3722} INFO - Setting next_dagrun for dataset_consumes_1 to None, run_after=None
[2023-10-13T23:14:55.927+0000] {logging_mixin.py:151} INFO - [2023-10-13T23:14:55.927+0000] {dag.py:3722} INFO - Setting next_dagrun for dataset_consumes_1_and_2 to None, run_after=None
[2023-10-13T23:14:55.928+0000] {logging_mixin.py:151} INFO - [2023-10-13T23:14:55.927+0000] {dag.py:3722} INFO - Setting next_dagrun for dataset_consumes_1_never_scheduled to None, run_after=None
[2023-10-13T23:14:55.928+0000] {logging_mixin.py:151} INFO - [2023-10-13T23:14:55.928+0000] {dag.py:3722} INFO - Setting next_dagrun for dataset_consumes_unknown_never_scheduled to None, run_after=None
[2023-10-13T23:14:55.930+0000] {logging_mixin.py:151} INFO - [2023-10-13T23:14:55.930+0000] {dag.py:3722} INFO - Setting next_dagrun for dataset_produces_1 to 2023-10-12T00:00:00+00:00, run_after=2023-10-13T00:00:00+00:00
[2023-10-13T23:14:55.930+0000] {logging_mixin.py:151} INFO - [2023-10-13T23:14:55.930+0000] {dag.py:3722} INFO - Setting next_dagrun for dataset_produces_2 to None, run_after=None
[2023-10-13T23:14:55.946+0000] {processor.py:179} INFO - Processing /home/airflow/.local/lib/python3.8/site-packages/airflow/example_dags/example_datasets.py took 0.068 seconds
[2023-10-13T23:15:26.089+0000] {processor.py:157} INFO - Started process (PID=490) to work on /home/airflow/.local/lib/python3.8/site-packages/airflow/example_dags/example_datasets.py
[2023-10-13T23:15:26.090+0000] {processor.py:829} INFO - Processing file /home/airflow/.local/lib/python3.8/site-packages/airflow/example_dags/example_datasets.py for tasks to queue
[2023-10-13T23:15:26.091+0000] {logging_mixin.py:151} INFO - [2023-10-13T23:15:26.091+0000] {dagbag.py:536} INFO - Filling up the DagBag from /home/airflow/.local/lib/python3.8/site-packages/airflow/example_dags/example_datasets.py
[2023-10-13T23:15:26.097+0000] {processor.py:839} INFO - DAG(s) dict_keys(['dataset_consumes_1', 'dataset_consumes_unknown_never_scheduled', 'dataset_produces_1', 'dataset_produces_2', 'dataset_consumes_1_never_scheduled', 'dataset_consumes_1_and_2']) retrieved from /home/airflow/.local/lib/python3.8/site-packages/airflow/example_dags/example_datasets.py
[2023-10-13T23:15:26.124+0000] {logging_mixin.py:151} INFO - [2023-10-13T23:15:26.123+0000] {dag.py:2941} INFO - Sync 6 DAGs
[2023-10-13T23:15:26.137+0000] {logging_mixin.py:151} INFO - [2023-10-13T23:15:26.137+0000] {dag.py:3722} INFO - Setting next_dagrun for dataset_consumes_1 to None, run_after=None
[2023-10-13T23:15:26.139+0000] {logging_mixin.py:151} INFO - [2023-10-13T23:15:26.139+0000] {dag.py:3722} INFO - Setting next_dagrun for dataset_consumes_1_and_2 to None, run_after=None
[2023-10-13T23:15:26.139+0000] {logging_mixin.py:151} INFO - [2023-10-13T23:15:26.139+0000] {dag.py:3722} INFO - Setting next_dagrun for dataset_consumes_1_never_scheduled to None, run_after=None
[2023-10-13T23:15:26.140+0000] {logging_mixin.py:151} INFO - [2023-10-13T23:15:26.140+0000] {dag.py:3722} INFO - Setting next_dagrun for dataset_consumes_unknown_never_scheduled to None, run_after=None
[2023-10-13T23:15:26.143+0000] {logging_mixin.py:151} INFO - [2023-10-13T23:15:26.142+0000] {dag.py:3722} INFO - Setting next_dagrun for dataset_produces_1 to 2023-10-12T00:00:00+00:00, run_after=2023-10-13T00:00:00+00:00
[2023-10-13T23:15:26.144+0000] {logging_mixin.py:151} INFO - [2023-10-13T23:15:26.144+0000] {dag.py:3722} INFO - Setting next_dagrun for dataset_produces_2 to None, run_after=None
[2023-10-13T23:15:26.161+0000] {processor.py:179} INFO - Processing /home/airflow/.local/lib/python3.8/site-packages/airflow/example_dags/example_datasets.py took 0.074 seconds
[2023-10-13T23:15:56.281+0000] {processor.py:157} INFO - Started process (PID=544) to work on /home/airflow/.local/lib/python3.8/site-packages/airflow/example_dags/example_datasets.py
[2023-10-13T23:15:56.282+0000] {processor.py:829} INFO - Processing file /home/airflow/.local/lib/python3.8/site-packages/airflow/example_dags/example_datasets.py for tasks to queue
[2023-10-13T23:15:56.284+0000] {logging_mixin.py:151} INFO - [2023-10-13T23:15:56.283+0000] {dagbag.py:536} INFO - Filling up the DagBag from /home/airflow/.local/lib/python3.8/site-packages/airflow/example_dags/example_datasets.py
[2023-10-13T23:15:56.289+0000] {processor.py:839} INFO - DAG(s) dict_keys(['dataset_produces_1', 'dataset_consumes_1_and_2', 'dataset_consumes_1_never_scheduled', 'dataset_produces_2', 'dataset_consumes_1', 'dataset_consumes_unknown_never_scheduled']) retrieved from /home/airflow/.local/lib/python3.8/site-packages/airflow/example_dags/example_datasets.py
[2023-10-13T23:15:56.309+0000] {logging_mixin.py:151} INFO - [2023-10-13T23:15:56.309+0000] {dag.py:2941} INFO - Sync 6 DAGs
[2023-10-13T23:15:56.323+0000] {logging_mixin.py:151} INFO - [2023-10-13T23:15:56.323+0000] {dag.py:3722} INFO - Setting next_dagrun for dataset_consumes_1 to None, run_after=None
[2023-10-13T23:15:56.326+0000] {logging_mixin.py:151} INFO - [2023-10-13T23:15:56.325+0000] {dag.py:3722} INFO - Setting next_dagrun for dataset_consumes_1_and_2 to None, run_after=None
[2023-10-13T23:15:56.326+0000] {logging_mixin.py:151} INFO - [2023-10-13T23:15:56.326+0000] {dag.py:3722} INFO - Setting next_dagrun for dataset_consumes_1_never_scheduled to None, run_after=None
[2023-10-13T23:15:56.327+0000] {logging_mixin.py:151} INFO - [2023-10-13T23:15:56.327+0000] {dag.py:3722} INFO - Setting next_dagrun for dataset_consumes_unknown_never_scheduled to None, run_after=None
[2023-10-13T23:15:56.329+0000] {logging_mixin.py:151} INFO - [2023-10-13T23:15:56.329+0000] {dag.py:3722} INFO - Setting next_dagrun for dataset_produces_1 to 2023-10-12T00:00:00+00:00, run_after=2023-10-13T00:00:00+00:00
[2023-10-13T23:15:56.330+0000] {logging_mixin.py:151} INFO - [2023-10-13T23:15:56.330+0000] {dag.py:3722} INFO - Setting next_dagrun for dataset_produces_2 to None, run_after=None
[2023-10-13T23:15:56.346+0000] {processor.py:179} INFO - Processing /home/airflow/.local/lib/python3.8/site-packages/airflow/example_dags/example_datasets.py took 0.067 seconds
[2023-10-13T23:16:27.143+0000] {processor.py:157} INFO - Started process (PID=598) to work on /home/airflow/.local/lib/python3.8/site-packages/airflow/example_dags/example_datasets.py
[2023-10-13T23:16:27.143+0000] {processor.py:829} INFO - Processing file /home/airflow/.local/lib/python3.8/site-packages/airflow/example_dags/example_datasets.py for tasks to queue
[2023-10-13T23:16:27.145+0000] {logging_mixin.py:151} INFO - [2023-10-13T23:16:27.145+0000] {dagbag.py:536} INFO - Filling up the DagBag from /home/airflow/.local/lib/python3.8/site-packages/airflow/example_dags/example_datasets.py
[2023-10-13T23:16:27.150+0000] {processor.py:839} INFO - DAG(s) dict_keys(['dataset_consumes_1', 'dataset_produces_1', 'dataset_consumes_1_and_2', 'dataset_produces_2', 'dataset_consumes_1_never_scheduled', 'dataset_consumes_unknown_never_scheduled']) retrieved from /home/airflow/.local/lib/python3.8/site-packages/airflow/example_dags/example_datasets.py
[2023-10-13T23:16:27.173+0000] {logging_mixin.py:151} INFO - [2023-10-13T23:16:27.173+0000] {dag.py:2941} INFO - Sync 6 DAGs
[2023-10-13T23:16:27.187+0000] {logging_mixin.py:151} INFO - [2023-10-13T23:16:27.187+0000] {dag.py:3722} INFO - Setting next_dagrun for dataset_consumes_1 to None, run_after=None
[2023-10-13T23:16:27.189+0000] {logging_mixin.py:151} INFO - [2023-10-13T23:16:27.189+0000] {dag.py:3722} INFO - Setting next_dagrun for dataset_consumes_1_and_2 to None, run_after=None
[2023-10-13T23:16:27.190+0000] {logging_mixin.py:151} INFO - [2023-10-13T23:16:27.190+0000] {dag.py:3722} INFO - Setting next_dagrun for dataset_consumes_1_never_scheduled to None, run_after=None
[2023-10-13T23:16:27.191+0000] {logging_mixin.py:151} INFO - [2023-10-13T23:16:27.191+0000] {dag.py:3722} INFO - Setting next_dagrun for dataset_consumes_unknown_never_scheduled to None, run_after=None
[2023-10-13T23:16:27.192+0000] {logging_mixin.py:151} INFO - [2023-10-13T23:16:27.192+0000] {dag.py:3722} INFO - Setting next_dagrun for dataset_produces_1 to 2023-10-12T00:00:00+00:00, run_after=2023-10-13T00:00:00+00:00
[2023-10-13T23:16:27.194+0000] {logging_mixin.py:151} INFO - [2023-10-13T23:16:27.193+0000] {dag.py:3722} INFO - Setting next_dagrun for dataset_produces_2 to None, run_after=None
[2023-10-13T23:16:27.212+0000] {processor.py:179} INFO - Processing /home/airflow/.local/lib/python3.8/site-packages/airflow/example_dags/example_datasets.py took 0.071 seconds
[2023-10-13T23:16:57.445+0000] {processor.py:157} INFO - Started process (PID=652) to work on /home/airflow/.local/lib/python3.8/site-packages/airflow/example_dags/example_datasets.py
[2023-10-13T23:16:57.446+0000] {processor.py:829} INFO - Processing file /home/airflow/.local/lib/python3.8/site-packages/airflow/example_dags/example_datasets.py for tasks to queue
[2023-10-13T23:16:57.448+0000] {logging_mixin.py:151} INFO - [2023-10-13T23:16:57.447+0000] {dagbag.py:536} INFO - Filling up the DagBag from /home/airflow/.local/lib/python3.8/site-packages/airflow/example_dags/example_datasets.py
[2023-10-13T23:16:57.453+0000] {processor.py:839} INFO - DAG(s) dict_keys(['dataset_produces_2', 'dataset_consumes_1', 'dataset_consumes_unknown_never_scheduled', 'dataset_consumes_1_never_scheduled', 'dataset_produces_1', 'dataset_consumes_1_and_2']) retrieved from /home/airflow/.local/lib/python3.8/site-packages/airflow/example_dags/example_datasets.py
[2023-10-13T23:16:57.473+0000] {logging_mixin.py:151} INFO - [2023-10-13T23:16:57.473+0000] {dag.py:2941} INFO - Sync 6 DAGs
[2023-10-13T23:16:57.485+0000] {logging_mixin.py:151} INFO - [2023-10-13T23:16:57.485+0000] {dag.py:3722} INFO - Setting next_dagrun for dataset_consumes_1 to None, run_after=None
[2023-10-13T23:16:57.487+0000] {logging_mixin.py:151} INFO - [2023-10-13T23:16:57.487+0000] {dag.py:3722} INFO - Setting next_dagrun for dataset_consumes_1_and_2 to None, run_after=None
[2023-10-13T23:16:57.488+0000] {logging_mixin.py:151} INFO - [2023-10-13T23:16:57.488+0000] {dag.py:3722} INFO - Setting next_dagrun for dataset_consumes_1_never_scheduled to None, run_after=None
[2023-10-13T23:16:57.489+0000] {logging_mixin.py:151} INFO - [2023-10-13T23:16:57.489+0000] {dag.py:3722} INFO - Setting next_dagrun for dataset_consumes_unknown_never_scheduled to None, run_after=None
[2023-10-13T23:16:57.490+0000] {logging_mixin.py:151} INFO - [2023-10-13T23:16:57.490+0000] {dag.py:3722} INFO - Setting next_dagrun for dataset_produces_1 to 2023-10-12T00:00:00+00:00, run_after=2023-10-13T00:00:00+00:00
[2023-10-13T23:16:57.491+0000] {logging_mixin.py:151} INFO - [2023-10-13T23:16:57.491+0000] {dag.py:3722} INFO - Setting next_dagrun for dataset_produces_2 to None, run_after=None
[2023-10-13T23:16:57.507+0000] {processor.py:179} INFO - Processing /home/airflow/.local/lib/python3.8/site-packages/airflow/example_dags/example_datasets.py took 0.064 seconds
[2023-10-13T23:17:28.457+0000] {processor.py:157} INFO - Started process (PID=706) to work on /home/airflow/.local/lib/python3.8/site-packages/airflow/example_dags/example_datasets.py
[2023-10-13T23:17:28.458+0000] {processor.py:829} INFO - Processing file /home/airflow/.local/lib/python3.8/site-packages/airflow/example_dags/example_datasets.py for tasks to queue
[2023-10-13T23:17:28.459+0000] {logging_mixin.py:151} INFO - [2023-10-13T23:17:28.459+0000] {dagbag.py:536} INFO - Filling up the DagBag from /home/airflow/.local/lib/python3.8/site-packages/airflow/example_dags/example_datasets.py
[2023-10-13T23:17:28.465+0000] {processor.py:839} INFO - DAG(s) dict_keys(['dataset_consumes_unknown_never_scheduled', 'dataset_consumes_1_never_scheduled', 'dataset_consumes_1', 'dataset_consumes_1_and_2', 'dataset_produces_2', 'dataset_produces_1']) retrieved from /home/airflow/.local/lib/python3.8/site-packages/airflow/example_dags/example_datasets.py
[2023-10-13T23:17:28.484+0000] {logging_mixin.py:151} INFO - [2023-10-13T23:17:28.484+0000] {dag.py:2941} INFO - Sync 6 DAGs
[2023-10-13T23:17:28.496+0000] {logging_mixin.py:151} INFO - [2023-10-13T23:17:28.496+0000] {dag.py:3722} INFO - Setting next_dagrun for dataset_consumes_1 to None, run_after=None
[2023-10-13T23:17:28.498+0000] {logging_mixin.py:151} INFO - [2023-10-13T23:17:28.498+0000] {dag.py:3722} INFO - Setting next_dagrun for dataset_consumes_1_and_2 to None, run_after=None
[2023-10-13T23:17:28.499+0000] {logging_mixin.py:151} INFO - [2023-10-13T23:17:28.499+0000] {dag.py:3722} INFO - Setting next_dagrun for dataset_consumes_1_never_scheduled to None, run_after=None
[2023-10-13T23:17:28.499+0000] {logging_mixin.py:151} INFO - [2023-10-13T23:17:28.499+0000] {dag.py:3722} INFO - Setting next_dagrun for dataset_consumes_unknown_never_scheduled to None, run_after=None
[2023-10-13T23:17:28.501+0000] {logging_mixin.py:151} INFO - [2023-10-13T23:17:28.501+0000] {dag.py:3722} INFO - Setting next_dagrun for dataset_produces_1 to 2023-10-12T00:00:00+00:00, run_after=2023-10-13T00:00:00+00:00
[2023-10-13T23:17:28.502+0000] {logging_mixin.py:151} INFO - [2023-10-13T23:17:28.502+0000] {dag.py:3722} INFO - Setting next_dagrun for dataset_produces_2 to None, run_after=None
[2023-10-13T23:17:28.519+0000] {processor.py:179} INFO - Processing /home/airflow/.local/lib/python3.8/site-packages/airflow/example_dags/example_datasets.py took 0.064 seconds
[2023-10-13T23:17:59.459+0000] {processor.py:157} INFO - Started process (PID=760) to work on /home/airflow/.local/lib/python3.8/site-packages/airflow/example_dags/example_datasets.py
[2023-10-13T23:17:59.460+0000] {processor.py:829} INFO - Processing file /home/airflow/.local/lib/python3.8/site-packages/airflow/example_dags/example_datasets.py for tasks to queue
[2023-10-13T23:17:59.461+0000] {logging_mixin.py:151} INFO - [2023-10-13T23:17:59.461+0000] {dagbag.py:536} INFO - Filling up the DagBag from /home/airflow/.local/lib/python3.8/site-packages/airflow/example_dags/example_datasets.py
[2023-10-13T23:17:59.466+0000] {processor.py:839} INFO - DAG(s) dict_keys(['dataset_produces_2', 'dataset_consumes_unknown_never_scheduled', 'dataset_consumes_1', 'dataset_consumes_1_and_2', 'dataset_consumes_1_never_scheduled', 'dataset_produces_1']) retrieved from /home/airflow/.local/lib/python3.8/site-packages/airflow/example_dags/example_datasets.py
[2023-10-13T23:17:59.487+0000] {logging_mixin.py:151} INFO - [2023-10-13T23:17:59.486+0000] {dag.py:2941} INFO - Sync 6 DAGs
[2023-10-13T23:17:59.498+0000] {logging_mixin.py:151} INFO - [2023-10-13T23:17:59.498+0000] {dag.py:3722} INFO - Setting next_dagrun for dataset_consumes_1 to None, run_after=None
[2023-10-13T23:17:59.500+0000] {logging_mixin.py:151} INFO - [2023-10-13T23:17:59.500+0000] {dag.py:3722} INFO - Setting next_dagrun for dataset_consumes_1_and_2 to None, run_after=None
[2023-10-13T23:17:59.501+0000] {logging_mixin.py:151} INFO - [2023-10-13T23:17:59.501+0000] {dag.py:3722} INFO - Setting next_dagrun for dataset_consumes_1_never_scheduled to None, run_after=None
[2023-10-13T23:17:59.502+0000] {logging_mixin.py:151} INFO - [2023-10-13T23:17:59.502+0000] {dag.py:3722} INFO - Setting next_dagrun for dataset_consumes_unknown_never_scheduled to None, run_after=None
[2023-10-13T23:17:59.503+0000] {logging_mixin.py:151} INFO - [2023-10-13T23:17:59.503+0000] {dag.py:3722} INFO - Setting next_dagrun for dataset_produces_1 to 2023-10-12T00:00:00+00:00, run_after=2023-10-13T00:00:00+00:00
[2023-10-13T23:17:59.504+0000] {logging_mixin.py:151} INFO - [2023-10-13T23:17:59.504+0000] {dag.py:3722} INFO - Setting next_dagrun for dataset_produces_2 to None, run_after=None
[2023-10-13T23:17:59.519+0000] {processor.py:179} INFO - Processing /home/airflow/.local/lib/python3.8/site-packages/airflow/example_dags/example_datasets.py took 0.062 seconds
[2023-10-13T23:18:29.578+0000] {processor.py:157} INFO - Started process (PID=814) to work on /home/airflow/.local/lib/python3.8/site-packages/airflow/example_dags/example_datasets.py
[2023-10-13T23:18:29.579+0000] {processor.py:829} INFO - Processing file /home/airflow/.local/lib/python3.8/site-packages/airflow/example_dags/example_datasets.py for tasks to queue
[2023-10-13T23:18:29.581+0000] {logging_mixin.py:151} INFO - [2023-10-13T23:18:29.580+0000] {dagbag.py:536} INFO - Filling up the DagBag from /home/airflow/.local/lib/python3.8/site-packages/airflow/example_dags/example_datasets.py
[2023-10-13T23:18:29.586+0000] {processor.py:839} INFO - DAG(s) dict_keys(['dataset_produces_1', 'dataset_produces_2', 'dataset_consumes_unknown_never_scheduled', 'dataset_consumes_1_and_2', 'dataset_consumes_1', 'dataset_consumes_1_never_scheduled']) retrieved from /home/airflow/.local/lib/python3.8/site-packages/airflow/example_dags/example_datasets.py
[2023-10-13T23:18:29.605+0000] {logging_mixin.py:151} INFO - [2023-10-13T23:18:29.605+0000] {dag.py:2941} INFO - Sync 6 DAGs
[2023-10-13T23:18:29.617+0000] {logging_mixin.py:151} INFO - [2023-10-13T23:18:29.617+0000] {dag.py:3722} INFO - Setting next_dagrun for dataset_consumes_1 to None, run_after=None
[2023-10-13T23:18:29.619+0000] {logging_mixin.py:151} INFO - [2023-10-13T23:18:29.619+0000] {dag.py:3722} INFO - Setting next_dagrun for dataset_consumes_1_and_2 to None, run_after=None
[2023-10-13T23:18:29.619+0000] {logging_mixin.py:151} INFO - [2023-10-13T23:18:29.619+0000] {dag.py:3722} INFO - Setting next_dagrun for dataset_consumes_1_never_scheduled to None, run_after=None
[2023-10-13T23:18:29.620+0000] {logging_mixin.py:151} INFO - [2023-10-13T23:18:29.620+0000] {dag.py:3722} INFO - Setting next_dagrun for dataset_consumes_unknown_never_scheduled to None, run_after=None
[2023-10-13T23:18:29.621+0000] {logging_mixin.py:151} INFO - [2023-10-13T23:18:29.621+0000] {dag.py:3722} INFO - Setting next_dagrun for dataset_produces_1 to 2023-10-12T00:00:00+00:00, run_after=2023-10-13T00:00:00+00:00
[2023-10-13T23:18:29.622+0000] {logging_mixin.py:151} INFO - [2023-10-13T23:18:29.622+0000] {dag.py:3722} INFO - Setting next_dagrun for dataset_produces_2 to None, run_after=None
[2023-10-13T23:18:29.635+0000] {processor.py:179} INFO - Processing /home/airflow/.local/lib/python3.8/site-packages/airflow/example_dags/example_datasets.py took 0.059 seconds
[2023-10-13T23:18:59.786+0000] {processor.py:157} INFO - Started process (PID=868) to work on /home/airflow/.local/lib/python3.8/site-packages/airflow/example_dags/example_datasets.py
[2023-10-13T23:18:59.787+0000] {processor.py:829} INFO - Processing file /home/airflow/.local/lib/python3.8/site-packages/airflow/example_dags/example_datasets.py for tasks to queue
[2023-10-13T23:18:59.789+0000] {logging_mixin.py:151} INFO - [2023-10-13T23:18:59.788+0000] {dagbag.py:536} INFO - Filling up the DagBag from /home/airflow/.local/lib/python3.8/site-packages/airflow/example_dags/example_datasets.py
[2023-10-13T23:18:59.794+0000] {processor.py:839} INFO - DAG(s) dict_keys(['dataset_produces_1', 'dataset_consumes_1', 'dataset_consumes_1_and_2', 'dataset_produces_2', 'dataset_consumes_1_never_scheduled', 'dataset_consumes_unknown_never_scheduled']) retrieved from /home/airflow/.local/lib/python3.8/site-packages/airflow/example_dags/example_datasets.py
[2023-10-13T23:18:59.814+0000] {logging_mixin.py:151} INFO - [2023-10-13T23:18:59.813+0000] {dag.py:2941} INFO - Sync 6 DAGs
[2023-10-13T23:18:59.824+0000] {logging_mixin.py:151} INFO - [2023-10-13T23:18:59.824+0000] {dag.py:3722} INFO - Setting next_dagrun for dataset_consumes_1 to None, run_after=None
[2023-10-13T23:18:59.826+0000] {logging_mixin.py:151} INFO - [2023-10-13T23:18:59.826+0000] {dag.py:3722} INFO - Setting next_dagrun for dataset_consumes_1_and_2 to None, run_after=None
[2023-10-13T23:18:59.827+0000] {logging_mixin.py:151} INFO - [2023-10-13T23:18:59.827+0000] {dag.py:3722} INFO - Setting next_dagrun for dataset_consumes_1_never_scheduled to None, run_after=None
[2023-10-13T23:18:59.827+0000] {logging_mixin.py:151} INFO - [2023-10-13T23:18:59.827+0000] {dag.py:3722} INFO - Setting next_dagrun for dataset_consumes_unknown_never_scheduled to None, run_after=None
[2023-10-13T23:18:59.829+0000] {logging_mixin.py:151} INFO - [2023-10-13T23:18:59.828+0000] {dag.py:3722} INFO - Setting next_dagrun for dataset_produces_1 to 2023-10-12T00:00:00+00:00, run_after=2023-10-13T00:00:00+00:00
[2023-10-13T23:18:59.829+0000] {logging_mixin.py:151} INFO - [2023-10-13T23:18:59.829+0000] {dag.py:3722} INFO - Setting next_dagrun for dataset_produces_2 to None, run_after=None
[2023-10-13T23:18:59.846+0000] {processor.py:179} INFO - Processing /home/airflow/.local/lib/python3.8/site-packages/airflow/example_dags/example_datasets.py took 0.062 seconds
[2023-10-13T23:19:29.902+0000] {processor.py:157} INFO - Started process (PID=922) to work on /home/airflow/.local/lib/python3.8/site-packages/airflow/example_dags/example_datasets.py
[2023-10-13T23:19:29.903+0000] {processor.py:829} INFO - Processing file /home/airflow/.local/lib/python3.8/site-packages/airflow/example_dags/example_datasets.py for tasks to queue
[2023-10-13T23:19:29.904+0000] {logging_mixin.py:151} INFO - [2023-10-13T23:19:29.904+0000] {dagbag.py:536} INFO - Filling up the DagBag from /home/airflow/.local/lib/python3.8/site-packages/airflow/example_dags/example_datasets.py
[2023-10-13T23:19:29.910+0000] {processor.py:839} INFO - DAG(s) dict_keys(['dataset_produces_1', 'dataset_consumes_1_and_2', 'dataset_consumes_1', 'dataset_produces_2', 'dataset_consumes_unknown_never_scheduled', 'dataset_consumes_1_never_scheduled']) retrieved from /home/airflow/.local/lib/python3.8/site-packages/airflow/example_dags/example_datasets.py
[2023-10-13T23:19:29.928+0000] {logging_mixin.py:151} INFO - [2023-10-13T23:19:29.928+0000] {dag.py:2941} INFO - Sync 6 DAGs
[2023-10-13T23:19:29.939+0000] {logging_mixin.py:151} INFO - [2023-10-13T23:19:29.939+0000] {dag.py:3722} INFO - Setting next_dagrun for dataset_consumes_1 to None, run_after=None
[2023-10-13T23:19:29.941+0000] {logging_mixin.py:151} INFO - [2023-10-13T23:19:29.941+0000] {dag.py:3722} INFO - Setting next_dagrun for dataset_consumes_1_and_2 to None, run_after=None
[2023-10-13T23:19:29.941+0000] {logging_mixin.py:151} INFO - [2023-10-13T23:19:29.941+0000] {dag.py:3722} INFO - Setting next_dagrun for dataset_consumes_1_never_scheduled to None, run_after=None
[2023-10-13T23:19:29.942+0000] {logging_mixin.py:151} INFO - [2023-10-13T23:19:29.942+0000] {dag.py:3722} INFO - Setting next_dagrun for dataset_consumes_unknown_never_scheduled to None, run_after=None
[2023-10-13T23:19:29.943+0000] {logging_mixin.py:151} INFO - [2023-10-13T23:19:29.943+0000] {dag.py:3722} INFO - Setting next_dagrun for dataset_produces_1 to 2023-10-12T00:00:00+00:00, run_after=2023-10-13T00:00:00+00:00
[2023-10-13T23:19:29.944+0000] {logging_mixin.py:151} INFO - [2023-10-13T23:19:29.944+0000] {dag.py:3722} INFO - Setting next_dagrun for dataset_produces_2 to None, run_after=None
[2023-10-13T23:19:29.958+0000] {processor.py:179} INFO - Processing /home/airflow/.local/lib/python3.8/site-packages/airflow/example_dags/example_datasets.py took 0.057 seconds
