[2023-10-13T23:09:59.305+0000] {processor.py:157} INFO - Started process (PID=64) to work on /home/airflow/.local/lib/python3.8/site-packages/airflow/example_dags/example_sensors.py
[2023-10-13T23:09:59.306+0000] {processor.py:829} INFO - Processing file /home/airflow/.local/lib/python3.8/site-packages/airflow/example_dags/example_sensors.py for tasks to queue
[2023-10-13T23:09:59.309+0000] {logging_mixin.py:151} INFO - [2023-10-13T23:09:59.309+0000] {dagbag.py:536} INFO - Filling up the DagBag from /home/airflow/.local/lib/python3.8/site-packages/airflow/example_dags/example_sensors.py
[2023-10-13T23:09:59.322+0000] {processor.py:839} INFO - DAG(s) dict_keys(['example_sensors']) retrieved from /home/airflow/.local/lib/python3.8/site-packages/airflow/example_dags/example_sensors.py
[2023-10-13T23:09:59.332+0000] {logging_mixin.py:151} INFO - [2023-10-13T23:09:59.332+0000] {dag.py:2941} INFO - Sync 1 DAGs
[2023-10-13T23:09:59.341+0000] {logging_mixin.py:151} INFO - [2023-10-13T23:09:59.341+0000] {dag.py:3722} INFO - Setting next_dagrun for example_sensors to None, run_after=None
[2023-10-13T23:09:59.354+0000] {processor.py:179} INFO - Processing /home/airflow/.local/lib/python3.8/site-packages/airflow/example_dags/example_sensors.py took 0.052 seconds
[2023-10-13T23:11:23.690+0000] {processor.py:157} INFO - Started process (PID=63) to work on /home/airflow/.local/lib/python3.8/site-packages/airflow/example_dags/example_sensors.py
[2023-10-13T23:11:23.691+0000] {processor.py:829} INFO - Processing file /home/airflow/.local/lib/python3.8/site-packages/airflow/example_dags/example_sensors.py for tasks to queue
[2023-10-13T23:11:23.694+0000] {logging_mixin.py:151} INFO - [2023-10-13T23:11:23.694+0000] {dagbag.py:536} INFO - Filling up the DagBag from /home/airflow/.local/lib/python3.8/site-packages/airflow/example_dags/example_sensors.py
[2023-10-13T23:11:23.704+0000] {processor.py:839} INFO - DAG(s) dict_keys(['example_sensors']) retrieved from /home/airflow/.local/lib/python3.8/site-packages/airflow/example_dags/example_sensors.py
[2023-10-13T23:11:23.717+0000] {logging_mixin.py:151} INFO - [2023-10-13T23:11:23.717+0000] {dag.py:2941} INFO - Sync 1 DAGs
[2023-10-13T23:11:23.729+0000] {logging_mixin.py:151} INFO - [2023-10-13T23:11:23.729+0000] {dag.py:3722} INFO - Setting next_dagrun for example_sensors to None, run_after=None
[2023-10-13T23:11:23.744+0000] {processor.py:179} INFO - Processing /home/airflow/.local/lib/python3.8/site-packages/airflow/example_dags/example_sensors.py took 0.058 seconds
[2023-10-13T23:11:54.032+0000] {processor.py:157} INFO - Started process (PID=117) to work on /home/airflow/.local/lib/python3.8/site-packages/airflow/example_dags/example_sensors.py
[2023-10-13T23:11:54.033+0000] {processor.py:829} INFO - Processing file /home/airflow/.local/lib/python3.8/site-packages/airflow/example_dags/example_sensors.py for tasks to queue
[2023-10-13T23:11:54.034+0000] {logging_mixin.py:151} INFO - [2023-10-13T23:11:54.034+0000] {dagbag.py:536} INFO - Filling up the DagBag from /home/airflow/.local/lib/python3.8/site-packages/airflow/example_dags/example_sensors.py
[2023-10-13T23:11:54.041+0000] {processor.py:839} INFO - DAG(s) dict_keys(['example_sensors']) retrieved from /home/airflow/.local/lib/python3.8/site-packages/airflow/example_dags/example_sensors.py
[2023-10-13T23:11:54.057+0000] {logging_mixin.py:151} INFO - [2023-10-13T23:11:54.057+0000] {dag.py:2941} INFO - Sync 1 DAGs
[2023-10-13T23:11:54.065+0000] {logging_mixin.py:151} INFO - [2023-10-13T23:11:54.065+0000] {dag.py:3722} INFO - Setting next_dagrun for example_sensors to None, run_after=None
[2023-10-13T23:11:54.076+0000] {processor.py:179} INFO - Processing /home/airflow/.local/lib/python3.8/site-packages/airflow/example_dags/example_sensors.py took 0.047 seconds
[2023-10-13T23:12:24.284+0000] {processor.py:157} INFO - Started process (PID=171) to work on /home/airflow/.local/lib/python3.8/site-packages/airflow/example_dags/example_sensors.py
[2023-10-13T23:12:24.284+0000] {processor.py:829} INFO - Processing file /home/airflow/.local/lib/python3.8/site-packages/airflow/example_dags/example_sensors.py for tasks to queue
[2023-10-13T23:12:24.286+0000] {logging_mixin.py:151} INFO - [2023-10-13T23:12:24.286+0000] {dagbag.py:536} INFO - Filling up the DagBag from /home/airflow/.local/lib/python3.8/site-packages/airflow/example_dags/example_sensors.py
[2023-10-13T23:12:24.293+0000] {processor.py:839} INFO - DAG(s) dict_keys(['example_sensors']) retrieved from /home/airflow/.local/lib/python3.8/site-packages/airflow/example_dags/example_sensors.py
[2023-10-13T23:12:24.309+0000] {logging_mixin.py:151} INFO - [2023-10-13T23:12:24.309+0000] {dag.py:2941} INFO - Sync 1 DAGs
[2023-10-13T23:12:24.316+0000] {logging_mixin.py:151} INFO - [2023-10-13T23:12:24.316+0000] {dag.py:3722} INFO - Setting next_dagrun for example_sensors to None, run_after=None
[2023-10-13T23:12:24.327+0000] {processor.py:179} INFO - Processing /home/airflow/.local/lib/python3.8/site-packages/airflow/example_dags/example_sensors.py took 0.046 seconds
[2023-10-13T23:12:55.197+0000] {processor.py:157} INFO - Started process (PID=225) to work on /home/airflow/.local/lib/python3.8/site-packages/airflow/example_dags/example_sensors.py
[2023-10-13T23:12:55.197+0000] {processor.py:829} INFO - Processing file /home/airflow/.local/lib/python3.8/site-packages/airflow/example_dags/example_sensors.py for tasks to queue
[2023-10-13T23:12:55.199+0000] {logging_mixin.py:151} INFO - [2023-10-13T23:12:55.199+0000] {dagbag.py:536} INFO - Filling up the DagBag from /home/airflow/.local/lib/python3.8/site-packages/airflow/example_dags/example_sensors.py
[2023-10-13T23:12:55.205+0000] {processor.py:839} INFO - DAG(s) dict_keys(['example_sensors']) retrieved from /home/airflow/.local/lib/python3.8/site-packages/airflow/example_dags/example_sensors.py
[2023-10-13T23:12:55.223+0000] {logging_mixin.py:151} INFO - [2023-10-13T23:12:55.223+0000] {dag.py:2941} INFO - Sync 1 DAGs
[2023-10-13T23:12:55.230+0000] {logging_mixin.py:151} INFO - [2023-10-13T23:12:55.230+0000] {dag.py:3722} INFO - Setting next_dagrun for example_sensors to None, run_after=None
[2023-10-13T23:12:55.241+0000] {processor.py:179} INFO - Processing /home/airflow/.local/lib/python3.8/site-packages/airflow/example_dags/example_sensors.py took 0.047 seconds
[2023-10-13T23:13:25.454+0000] {processor.py:157} INFO - Started process (PID=279) to work on /home/airflow/.local/lib/python3.8/site-packages/airflow/example_dags/example_sensors.py
[2023-10-13T23:13:25.455+0000] {processor.py:829} INFO - Processing file /home/airflow/.local/lib/python3.8/site-packages/airflow/example_dags/example_sensors.py for tasks to queue
[2023-10-13T23:13:25.457+0000] {logging_mixin.py:151} INFO - [2023-10-13T23:13:25.456+0000] {dagbag.py:536} INFO - Filling up the DagBag from /home/airflow/.local/lib/python3.8/site-packages/airflow/example_dags/example_sensors.py
[2023-10-13T23:13:25.462+0000] {processor.py:839} INFO - DAG(s) dict_keys(['example_sensors']) retrieved from /home/airflow/.local/lib/python3.8/site-packages/airflow/example_dags/example_sensors.py
[2023-10-13T23:13:25.478+0000] {logging_mixin.py:151} INFO - [2023-10-13T23:13:25.478+0000] {dag.py:2941} INFO - Sync 1 DAGs
[2023-10-13T23:13:25.486+0000] {logging_mixin.py:151} INFO - [2023-10-13T23:13:25.486+0000] {dag.py:3722} INFO - Setting next_dagrun for example_sensors to None, run_after=None
[2023-10-13T23:13:25.497+0000] {processor.py:179} INFO - Processing /home/airflow/.local/lib/python3.8/site-packages/airflow/example_dags/example_sensors.py took 0.047 seconds
[2023-10-13T23:13:55.641+0000] {processor.py:157} INFO - Started process (PID=333) to work on /home/airflow/.local/lib/python3.8/site-packages/airflow/example_dags/example_sensors.py
[2023-10-13T23:13:55.642+0000] {processor.py:829} INFO - Processing file /home/airflow/.local/lib/python3.8/site-packages/airflow/example_dags/example_sensors.py for tasks to queue
[2023-10-13T23:13:55.644+0000] {logging_mixin.py:151} INFO - [2023-10-13T23:13:55.643+0000] {dagbag.py:536} INFO - Filling up the DagBag from /home/airflow/.local/lib/python3.8/site-packages/airflow/example_dags/example_sensors.py
[2023-10-13T23:13:55.650+0000] {processor.py:839} INFO - DAG(s) dict_keys(['example_sensors']) retrieved from /home/airflow/.local/lib/python3.8/site-packages/airflow/example_dags/example_sensors.py
[2023-10-13T23:13:55.665+0000] {logging_mixin.py:151} INFO - [2023-10-13T23:13:55.665+0000] {dag.py:2941} INFO - Sync 1 DAGs
[2023-10-13T23:13:55.673+0000] {logging_mixin.py:151} INFO - [2023-10-13T23:13:55.672+0000] {dag.py:3722} INFO - Setting next_dagrun for example_sensors to None, run_after=None
[2023-10-13T23:13:55.683+0000] {processor.py:179} INFO - Processing /home/airflow/.local/lib/python3.8/site-packages/airflow/example_dags/example_sensors.py took 0.045 seconds
[2023-10-13T23:14:25.847+0000] {processor.py:157} INFO - Started process (PID=387) to work on /home/airflow/.local/lib/python3.8/site-packages/airflow/example_dags/example_sensors.py
[2023-10-13T23:14:25.848+0000] {processor.py:829} INFO - Processing file /home/airflow/.local/lib/python3.8/site-packages/airflow/example_dags/example_sensors.py for tasks to queue
[2023-10-13T23:14:25.849+0000] {logging_mixin.py:151} INFO - [2023-10-13T23:14:25.849+0000] {dagbag.py:536} INFO - Filling up the DagBag from /home/airflow/.local/lib/python3.8/site-packages/airflow/example_dags/example_sensors.py
[2023-10-13T23:14:25.856+0000] {processor.py:839} INFO - DAG(s) dict_keys(['example_sensors']) retrieved from /home/airflow/.local/lib/python3.8/site-packages/airflow/example_dags/example_sensors.py
[2023-10-13T23:14:25.873+0000] {logging_mixin.py:151} INFO - [2023-10-13T23:14:25.872+0000] {dag.py:2941} INFO - Sync 1 DAGs
[2023-10-13T23:14:25.880+0000] {logging_mixin.py:151} INFO - [2023-10-13T23:14:25.880+0000] {dag.py:3722} INFO - Setting next_dagrun for example_sensors to None, run_after=None
[2023-10-13T23:14:25.892+0000] {processor.py:179} INFO - Processing /home/airflow/.local/lib/python3.8/site-packages/airflow/example_dags/example_sensors.py took 0.047 seconds
[2023-10-13T23:14:56.057+0000] {processor.py:157} INFO - Started process (PID=441) to work on /home/airflow/.local/lib/python3.8/site-packages/airflow/example_dags/example_sensors.py
[2023-10-13T23:14:56.058+0000] {processor.py:829} INFO - Processing file /home/airflow/.local/lib/python3.8/site-packages/airflow/example_dags/example_sensors.py for tasks to queue
[2023-10-13T23:14:56.060+0000] {logging_mixin.py:151} INFO - [2023-10-13T23:14:56.059+0000] {dagbag.py:536} INFO - Filling up the DagBag from /home/airflow/.local/lib/python3.8/site-packages/airflow/example_dags/example_sensors.py
[2023-10-13T23:14:56.066+0000] {processor.py:839} INFO - DAG(s) dict_keys(['example_sensors']) retrieved from /home/airflow/.local/lib/python3.8/site-packages/airflow/example_dags/example_sensors.py
[2023-10-13T23:14:56.084+0000] {logging_mixin.py:151} INFO - [2023-10-13T23:14:56.084+0000] {dag.py:2941} INFO - Sync 1 DAGs
[2023-10-13T23:14:56.092+0000] {logging_mixin.py:151} INFO - [2023-10-13T23:14:56.091+0000] {dag.py:3722} INFO - Setting next_dagrun for example_sensors to None, run_after=None
[2023-10-13T23:14:56.103+0000] {processor.py:179} INFO - Processing /home/airflow/.local/lib/python3.8/site-packages/airflow/example_dags/example_sensors.py took 0.052 seconds
[2023-10-13T23:15:26.249+0000] {processor.py:157} INFO - Started process (PID=495) to work on /home/airflow/.local/lib/python3.8/site-packages/airflow/example_dags/example_sensors.py
[2023-10-13T23:15:26.250+0000] {processor.py:829} INFO - Processing file /home/airflow/.local/lib/python3.8/site-packages/airflow/example_dags/example_sensors.py for tasks to queue
[2023-10-13T23:15:26.251+0000] {logging_mixin.py:151} INFO - [2023-10-13T23:15:26.251+0000] {dagbag.py:536} INFO - Filling up the DagBag from /home/airflow/.local/lib/python3.8/site-packages/airflow/example_dags/example_sensors.py
[2023-10-13T23:15:26.259+0000] {processor.py:839} INFO - DAG(s) dict_keys(['example_sensors']) retrieved from /home/airflow/.local/lib/python3.8/site-packages/airflow/example_dags/example_sensors.py
[2023-10-13T23:15:26.280+0000] {logging_mixin.py:151} INFO - [2023-10-13T23:15:26.280+0000] {dag.py:2941} INFO - Sync 1 DAGs
[2023-10-13T23:15:26.288+0000] {logging_mixin.py:151} INFO - [2023-10-13T23:15:26.288+0000] {dag.py:3722} INFO - Setting next_dagrun for example_sensors to None, run_after=None
[2023-10-13T23:15:26.298+0000] {processor.py:179} INFO - Processing /home/airflow/.local/lib/python3.8/site-packages/airflow/example_dags/example_sensors.py took 0.052 seconds
[2023-10-13T23:15:56.433+0000] {processor.py:157} INFO - Started process (PID=549) to work on /home/airflow/.local/lib/python3.8/site-packages/airflow/example_dags/example_sensors.py
[2023-10-13T23:15:56.433+0000] {processor.py:829} INFO - Processing file /home/airflow/.local/lib/python3.8/site-packages/airflow/example_dags/example_sensors.py for tasks to queue
[2023-10-13T23:15:56.435+0000] {logging_mixin.py:151} INFO - [2023-10-13T23:15:56.434+0000] {dagbag.py:536} INFO - Filling up the DagBag from /home/airflow/.local/lib/python3.8/site-packages/airflow/example_dags/example_sensors.py
[2023-10-13T23:15:56.440+0000] {processor.py:839} INFO - DAG(s) dict_keys(['example_sensors']) retrieved from /home/airflow/.local/lib/python3.8/site-packages/airflow/example_dags/example_sensors.py
[2023-10-13T23:15:56.455+0000] {logging_mixin.py:151} INFO - [2023-10-13T23:15:56.455+0000] {dag.py:2941} INFO - Sync 1 DAGs
[2023-10-13T23:15:56.462+0000] {logging_mixin.py:151} INFO - [2023-10-13T23:15:56.462+0000] {dag.py:3722} INFO - Setting next_dagrun for example_sensors to None, run_after=None
[2023-10-13T23:15:56.479+0000] {processor.py:179} INFO - Processing /home/airflow/.local/lib/python3.8/site-packages/airflow/example_dags/example_sensors.py took 0.048 seconds
[2023-10-13T23:16:27.339+0000] {processor.py:157} INFO - Started process (PID=603) to work on /home/airflow/.local/lib/python3.8/site-packages/airflow/example_dags/example_sensors.py
[2023-10-13T23:16:27.340+0000] {processor.py:829} INFO - Processing file /home/airflow/.local/lib/python3.8/site-packages/airflow/example_dags/example_sensors.py for tasks to queue
[2023-10-13T23:16:27.342+0000] {logging_mixin.py:151} INFO - [2023-10-13T23:16:27.342+0000] {dagbag.py:536} INFO - Filling up the DagBag from /home/airflow/.local/lib/python3.8/site-packages/airflow/example_dags/example_sensors.py
[2023-10-13T23:16:27.349+0000] {processor.py:839} INFO - DAG(s) dict_keys(['example_sensors']) retrieved from /home/airflow/.local/lib/python3.8/site-packages/airflow/example_dags/example_sensors.py
[2023-10-13T23:16:27.366+0000] {logging_mixin.py:151} INFO - [2023-10-13T23:16:27.365+0000] {dag.py:2941} INFO - Sync 1 DAGs
[2023-10-13T23:16:27.373+0000] {logging_mixin.py:151} INFO - [2023-10-13T23:16:27.373+0000] {dag.py:3722} INFO - Setting next_dagrun for example_sensors to None, run_after=None
[2023-10-13T23:16:27.383+0000] {processor.py:179} INFO - Processing /home/airflow/.local/lib/python3.8/site-packages/airflow/example_dags/example_sensors.py took 0.048 seconds
[2023-10-13T23:16:57.630+0000] {processor.py:157} INFO - Started process (PID=657) to work on /home/airflow/.local/lib/python3.8/site-packages/airflow/example_dags/example_sensors.py
[2023-10-13T23:16:57.631+0000] {processor.py:829} INFO - Processing file /home/airflow/.local/lib/python3.8/site-packages/airflow/example_dags/example_sensors.py for tasks to queue
[2023-10-13T23:16:57.632+0000] {logging_mixin.py:151} INFO - [2023-10-13T23:16:57.632+0000] {dagbag.py:536} INFO - Filling up the DagBag from /home/airflow/.local/lib/python3.8/site-packages/airflow/example_dags/example_sensors.py
[2023-10-13T23:16:57.638+0000] {processor.py:839} INFO - DAG(s) dict_keys(['example_sensors']) retrieved from /home/airflow/.local/lib/python3.8/site-packages/airflow/example_dags/example_sensors.py
[2023-10-13T23:16:57.654+0000] {logging_mixin.py:151} INFO - [2023-10-13T23:16:57.654+0000] {dag.py:2941} INFO - Sync 1 DAGs
[2023-10-13T23:16:57.660+0000] {logging_mixin.py:151} INFO - [2023-10-13T23:16:57.660+0000] {dag.py:3722} INFO - Setting next_dagrun for example_sensors to None, run_after=None
[2023-10-13T23:16:57.670+0000] {processor.py:179} INFO - Processing /home/airflow/.local/lib/python3.8/site-packages/airflow/example_dags/example_sensors.py took 0.042 seconds
[2023-10-13T23:17:28.640+0000] {processor.py:157} INFO - Started process (PID=711) to work on /home/airflow/.local/lib/python3.8/site-packages/airflow/example_dags/example_sensors.py
[2023-10-13T23:17:28.640+0000] {processor.py:829} INFO - Processing file /home/airflow/.local/lib/python3.8/site-packages/airflow/example_dags/example_sensors.py for tasks to queue
[2023-10-13T23:17:28.642+0000] {logging_mixin.py:151} INFO - [2023-10-13T23:17:28.642+0000] {dagbag.py:536} INFO - Filling up the DagBag from /home/airflow/.local/lib/python3.8/site-packages/airflow/example_dags/example_sensors.py
[2023-10-13T23:17:28.648+0000] {processor.py:839} INFO - DAG(s) dict_keys(['example_sensors']) retrieved from /home/airflow/.local/lib/python3.8/site-packages/airflow/example_dags/example_sensors.py
[2023-10-13T23:17:28.663+0000] {logging_mixin.py:151} INFO - [2023-10-13T23:17:28.663+0000] {dag.py:2941} INFO - Sync 1 DAGs
[2023-10-13T23:17:28.669+0000] {logging_mixin.py:151} INFO - [2023-10-13T23:17:28.669+0000] {dag.py:3722} INFO - Setting next_dagrun for example_sensors to None, run_after=None
[2023-10-13T23:17:28.680+0000] {processor.py:179} INFO - Processing /home/airflow/.local/lib/python3.8/site-packages/airflow/example_dags/example_sensors.py took 0.043 seconds
[2023-10-13T23:17:59.604+0000] {processor.py:157} INFO - Started process (PID=765) to work on /home/airflow/.local/lib/python3.8/site-packages/airflow/example_dags/example_sensors.py
[2023-10-13T23:17:59.605+0000] {processor.py:829} INFO - Processing file /home/airflow/.local/lib/python3.8/site-packages/airflow/example_dags/example_sensors.py for tasks to queue
[2023-10-13T23:17:59.606+0000] {logging_mixin.py:151} INFO - [2023-10-13T23:17:59.606+0000] {dagbag.py:536} INFO - Filling up the DagBag from /home/airflow/.local/lib/python3.8/site-packages/airflow/example_dags/example_sensors.py
[2023-10-13T23:17:59.612+0000] {processor.py:839} INFO - DAG(s) dict_keys(['example_sensors']) retrieved from /home/airflow/.local/lib/python3.8/site-packages/airflow/example_dags/example_sensors.py
[2023-10-13T23:17:59.626+0000] {logging_mixin.py:151} INFO - [2023-10-13T23:17:59.626+0000] {dag.py:2941} INFO - Sync 1 DAGs
[2023-10-13T23:17:59.633+0000] {logging_mixin.py:151} INFO - [2023-10-13T23:17:59.633+0000] {dag.py:3722} INFO - Setting next_dagrun for example_sensors to None, run_after=None
[2023-10-13T23:17:59.644+0000] {processor.py:179} INFO - Processing /home/airflow/.local/lib/python3.8/site-packages/airflow/example_dags/example_sensors.py took 0.043 seconds
[2023-10-13T23:18:29.715+0000] {processor.py:157} INFO - Started process (PID=819) to work on /home/airflow/.local/lib/python3.8/site-packages/airflow/example_dags/example_sensors.py
[2023-10-13T23:18:29.716+0000] {processor.py:829} INFO - Processing file /home/airflow/.local/lib/python3.8/site-packages/airflow/example_dags/example_sensors.py for tasks to queue
[2023-10-13T23:18:29.717+0000] {logging_mixin.py:151} INFO - [2023-10-13T23:18:29.717+0000] {dagbag.py:536} INFO - Filling up the DagBag from /home/airflow/.local/lib/python3.8/site-packages/airflow/example_dags/example_sensors.py
[2023-10-13T23:18:29.723+0000] {processor.py:839} INFO - DAG(s) dict_keys(['example_sensors']) retrieved from /home/airflow/.local/lib/python3.8/site-packages/airflow/example_dags/example_sensors.py
[2023-10-13T23:18:29.738+0000] {logging_mixin.py:151} INFO - [2023-10-13T23:18:29.738+0000] {dag.py:2941} INFO - Sync 1 DAGs
[2023-10-13T23:18:29.745+0000] {logging_mixin.py:151} INFO - [2023-10-13T23:18:29.745+0000] {dag.py:3722} INFO - Setting next_dagrun for example_sensors to None, run_after=None
[2023-10-13T23:18:29.755+0000] {processor.py:179} INFO - Processing /home/airflow/.local/lib/python3.8/site-packages/airflow/example_dags/example_sensors.py took 0.042 seconds
[2023-10-13T23:18:59.927+0000] {processor.py:157} INFO - Started process (PID=873) to work on /home/airflow/.local/lib/python3.8/site-packages/airflow/example_dags/example_sensors.py
[2023-10-13T23:18:59.928+0000] {processor.py:829} INFO - Processing file /home/airflow/.local/lib/python3.8/site-packages/airflow/example_dags/example_sensors.py for tasks to queue
[2023-10-13T23:18:59.929+0000] {logging_mixin.py:151} INFO - [2023-10-13T23:18:59.929+0000] {dagbag.py:536} INFO - Filling up the DagBag from /home/airflow/.local/lib/python3.8/site-packages/airflow/example_dags/example_sensors.py
[2023-10-13T23:18:59.935+0000] {processor.py:839} INFO - DAG(s) dict_keys(['example_sensors']) retrieved from /home/airflow/.local/lib/python3.8/site-packages/airflow/example_dags/example_sensors.py
[2023-10-13T23:18:59.949+0000] {logging_mixin.py:151} INFO - [2023-10-13T23:18:59.949+0000] {dag.py:2941} INFO - Sync 1 DAGs
[2023-10-13T23:18:59.956+0000] {logging_mixin.py:151} INFO - [2023-10-13T23:18:59.956+0000] {dag.py:3722} INFO - Setting next_dagrun for example_sensors to None, run_after=None
[2023-10-13T23:18:59.966+0000] {processor.py:179} INFO - Processing /home/airflow/.local/lib/python3.8/site-packages/airflow/example_dags/example_sensors.py took 0.041 seconds
[2023-10-13T23:19:30.074+0000] {processor.py:157} INFO - Started process (PID=927) to work on /home/airflow/.local/lib/python3.8/site-packages/airflow/example_dags/example_sensors.py
[2023-10-13T23:19:30.075+0000] {processor.py:829} INFO - Processing file /home/airflow/.local/lib/python3.8/site-packages/airflow/example_dags/example_sensors.py for tasks to queue
[2023-10-13T23:19:30.076+0000] {logging_mixin.py:151} INFO - [2023-10-13T23:19:30.076+0000] {dagbag.py:536} INFO - Filling up the DagBag from /home/airflow/.local/lib/python3.8/site-packages/airflow/example_dags/example_sensors.py
[2023-10-13T23:19:30.082+0000] {processor.py:839} INFO - DAG(s) dict_keys(['example_sensors']) retrieved from /home/airflow/.local/lib/python3.8/site-packages/airflow/example_dags/example_sensors.py
[2023-10-13T23:19:30.095+0000] {logging_mixin.py:151} INFO - [2023-10-13T23:19:30.095+0000] {dag.py:2941} INFO - Sync 1 DAGs
[2023-10-13T23:19:30.101+0000] {logging_mixin.py:151} INFO - [2023-10-13T23:19:30.101+0000] {dag.py:3722} INFO - Setting next_dagrun for example_sensors to None, run_after=None
[2023-10-13T23:19:30.110+0000] {processor.py:179} INFO - Processing /home/airflow/.local/lib/python3.8/site-packages/airflow/example_dags/example_sensors.py took 0.038 seconds
