[2023-10-13T23:09:59.380+0000] {processor.py:157} INFO - Started process (PID=66) to work on /home/airflow/.local/lib/python3.8/site-packages/airflow/example_dags/example_subdag_operator.py
[2023-10-13T23:09:59.381+0000] {processor.py:829} INFO - Processing file /home/airflow/.local/lib/python3.8/site-packages/airflow/example_dags/example_subdag_operator.py for tasks to queue
[2023-10-13T23:09:59.384+0000] {logging_mixin.py:151} INFO - [2023-10-13T23:09:59.384+0000] {dagbag.py:536} INFO - Filling up the DagBag from /home/airflow/.local/lib/python3.8/site-packages/airflow/example_dags/example_subdag_operator.py
[2023-10-13T23:09:59.408+0000] {processor.py:839} INFO - DAG(s) dict_keys(['example_subdag_operator.section-1', 'example_subdag_operator.section-2', 'example_subdag_operator']) retrieved from /home/airflow/.local/lib/python3.8/site-packages/airflow/example_dags/example_subdag_operator.py
[2023-10-13T23:09:59.410+0000] {logging_mixin.py:151} INFO - [2023-10-13T23:09:59.410+0000] {dag.py:2941} INFO - Sync 3 DAGs
[2023-10-13T23:09:59.430+0000] {logging_mixin.py:151} INFO - [2023-10-13T23:09:59.430+0000] {dag.py:3722} INFO - Setting next_dagrun for example_subdag_operator to 2022-01-01T00:00:00+00:00, run_after=2022-01-01T00:00:00+00:00
[2023-10-13T23:09:59.433+0000] {logging_mixin.py:151} INFO - [2023-10-13T23:09:59.432+0000] {dag.py:3722} INFO - Setting next_dagrun for example_subdag_operator.section-1 to None, run_after=None
[2023-10-13T23:09:59.434+0000] {logging_mixin.py:151} INFO - [2023-10-13T23:09:59.433+0000] {dag.py:3722} INFO - Setting next_dagrun for example_subdag_operator.section-2 to None, run_after=None
[2023-10-13T23:09:59.439+0000] {logging_mixin.py:151} INFO - [2023-10-13T23:09:59.439+0000] {dag.py:2941} INFO - Sync 2 DAGs
[2023-10-13T23:09:59.442+0000] {logging_mixin.py:151} INFO - [2023-10-13T23:09:59.442+0000] {dag.py:3722} INFO - Setting next_dagrun for example_subdag_operator.section-1 to None, run_after=None
[2023-10-13T23:09:59.443+0000] {logging_mixin.py:151} INFO - [2023-10-13T23:09:59.443+0000] {dag.py:3722} INFO - Setting next_dagrun for example_subdag_operator.section-2 to None, run_after=None
[2023-10-13T23:09:59.449+0000] {processor.py:179} INFO - Processing /home/airflow/.local/lib/python3.8/site-packages/airflow/example_dags/example_subdag_operator.py took 0.074 seconds
[2023-10-13T23:11:23.767+0000] {processor.py:157} INFO - Started process (PID=65) to work on /home/airflow/.local/lib/python3.8/site-packages/airflow/example_dags/example_subdag_operator.py
[2023-10-13T23:11:23.768+0000] {processor.py:829} INFO - Processing file /home/airflow/.local/lib/python3.8/site-packages/airflow/example_dags/example_subdag_operator.py for tasks to queue
[2023-10-13T23:11:23.771+0000] {logging_mixin.py:151} INFO - [2023-10-13T23:11:23.771+0000] {dagbag.py:536} INFO - Filling up the DagBag from /home/airflow/.local/lib/python3.8/site-packages/airflow/example_dags/example_subdag_operator.py
[2023-10-13T23:11:23.809+0000] {processor.py:839} INFO - DAG(s) dict_keys(['example_subdag_operator.section-1', 'example_subdag_operator.section-2', 'example_subdag_operator']) retrieved from /home/airflow/.local/lib/python3.8/site-packages/airflow/example_dags/example_subdag_operator.py
[2023-10-13T23:11:23.814+0000] {logging_mixin.py:151} INFO - [2023-10-13T23:11:23.814+0000] {dag.py:2941} INFO - Sync 3 DAGs
[2023-10-13T23:11:23.831+0000] {logging_mixin.py:151} INFO - [2023-10-13T23:11:23.831+0000] {dag.py:3722} INFO - Setting next_dagrun for example_subdag_operator to 2022-01-01T00:00:00+00:00, run_after=2022-01-01T00:00:00+00:00
[2023-10-13T23:11:23.834+0000] {logging_mixin.py:151} INFO - [2023-10-13T23:11:23.834+0000] {dag.py:3722} INFO - Setting next_dagrun for example_subdag_operator.section-1 to None, run_after=None
[2023-10-13T23:11:23.835+0000] {logging_mixin.py:151} INFO - [2023-10-13T23:11:23.835+0000] {dag.py:3722} INFO - Setting next_dagrun for example_subdag_operator.section-2 to None, run_after=None
[2023-10-13T23:11:23.841+0000] {logging_mixin.py:151} INFO - [2023-10-13T23:11:23.841+0000] {dag.py:2941} INFO - Sync 2 DAGs
[2023-10-13T23:11:23.845+0000] {logging_mixin.py:151} INFO - [2023-10-13T23:11:23.845+0000] {dag.py:3722} INFO - Setting next_dagrun for example_subdag_operator.section-1 to None, run_after=None
[2023-10-13T23:11:23.845+0000] {logging_mixin.py:151} INFO - [2023-10-13T23:11:23.845+0000] {dag.py:3722} INFO - Setting next_dagrun for example_subdag_operator.section-2 to None, run_after=None
[2023-10-13T23:11:23.852+0000] {processor.py:179} INFO - Processing /home/airflow/.local/lib/python3.8/site-packages/airflow/example_dags/example_subdag_operator.py took 0.090 seconds
[2023-10-13T23:11:54.096+0000] {processor.py:157} INFO - Started process (PID=119) to work on /home/airflow/.local/lib/python3.8/site-packages/airflow/example_dags/example_subdag_operator.py
[2023-10-13T23:11:54.097+0000] {processor.py:829} INFO - Processing file /home/airflow/.local/lib/python3.8/site-packages/airflow/example_dags/example_subdag_operator.py for tasks to queue
[2023-10-13T23:11:54.099+0000] {logging_mixin.py:151} INFO - [2023-10-13T23:11:54.098+0000] {dagbag.py:536} INFO - Filling up the DagBag from /home/airflow/.local/lib/python3.8/site-packages/airflow/example_dags/example_subdag_operator.py
[2023-10-13T23:11:54.116+0000] {processor.py:839} INFO - DAG(s) dict_keys(['example_subdag_operator.section-1', 'example_subdag_operator.section-2', 'example_subdag_operator']) retrieved from /home/airflow/.local/lib/python3.8/site-packages/airflow/example_dags/example_subdag_operator.py
[2023-10-13T23:11:54.126+0000] {logging_mixin.py:151} INFO - [2023-10-13T23:11:54.125+0000] {dag.py:2941} INFO - Sync 3 DAGs
[2023-10-13T23:11:54.139+0000] {logging_mixin.py:151} INFO - [2023-10-13T23:11:54.138+0000] {dag.py:3722} INFO - Setting next_dagrun for example_subdag_operator to 2022-01-01T00:00:00+00:00, run_after=2022-01-01T00:00:00+00:00
[2023-10-13T23:11:54.141+0000] {logging_mixin.py:151} INFO - [2023-10-13T23:11:54.140+0000] {dag.py:3722} INFO - Setting next_dagrun for example_subdag_operator.section-1 to None, run_after=None
[2023-10-13T23:11:54.141+0000] {logging_mixin.py:151} INFO - [2023-10-13T23:11:54.141+0000] {dag.py:3722} INFO - Setting next_dagrun for example_subdag_operator.section-2 to None, run_after=None
[2023-10-13T23:11:54.146+0000] {logging_mixin.py:151} INFO - [2023-10-13T23:11:54.146+0000] {dag.py:2941} INFO - Sync 2 DAGs
[2023-10-13T23:11:54.150+0000] {logging_mixin.py:151} INFO - [2023-10-13T23:11:54.149+0000] {dag.py:3722} INFO - Setting next_dagrun for example_subdag_operator.section-1 to None, run_after=None
[2023-10-13T23:11:54.150+0000] {logging_mixin.py:151} INFO - [2023-10-13T23:11:54.150+0000] {dag.py:3722} INFO - Setting next_dagrun for example_subdag_operator.section-2 to None, run_after=None
[2023-10-13T23:11:54.156+0000] {processor.py:179} INFO - Processing /home/airflow/.local/lib/python3.8/site-packages/airflow/example_dags/example_subdag_operator.py took 0.063 seconds
[2023-10-13T23:12:24.344+0000] {processor.py:157} INFO - Started process (PID=173) to work on /home/airflow/.local/lib/python3.8/site-packages/airflow/example_dags/example_subdag_operator.py
[2023-10-13T23:12:24.345+0000] {processor.py:829} INFO - Processing file /home/airflow/.local/lib/python3.8/site-packages/airflow/example_dags/example_subdag_operator.py for tasks to queue
[2023-10-13T23:12:24.346+0000] {logging_mixin.py:151} INFO - [2023-10-13T23:12:24.346+0000] {dagbag.py:536} INFO - Filling up the DagBag from /home/airflow/.local/lib/python3.8/site-packages/airflow/example_dags/example_subdag_operator.py
[2023-10-13T23:12:24.364+0000] {processor.py:839} INFO - DAG(s) dict_keys(['example_subdag_operator.section-1', 'example_subdag_operator.section-2', 'example_subdag_operator']) retrieved from /home/airflow/.local/lib/python3.8/site-packages/airflow/example_dags/example_subdag_operator.py
[2023-10-13T23:12:24.373+0000] {logging_mixin.py:151} INFO - [2023-10-13T23:12:24.373+0000] {dag.py:2941} INFO - Sync 3 DAGs
[2023-10-13T23:12:24.386+0000] {logging_mixin.py:151} INFO - [2023-10-13T23:12:24.386+0000] {dag.py:3722} INFO - Setting next_dagrun for example_subdag_operator to 2022-01-01T00:00:00+00:00, run_after=2022-01-01T00:00:00+00:00
[2023-10-13T23:12:24.388+0000] {logging_mixin.py:151} INFO - [2023-10-13T23:12:24.388+0000] {dag.py:3722} INFO - Setting next_dagrun for example_subdag_operator.section-1 to None, run_after=None
[2023-10-13T23:12:24.389+0000] {logging_mixin.py:151} INFO - [2023-10-13T23:12:24.389+0000] {dag.py:3722} INFO - Setting next_dagrun for example_subdag_operator.section-2 to None, run_after=None
[2023-10-13T23:12:24.393+0000] {logging_mixin.py:151} INFO - [2023-10-13T23:12:24.393+0000] {dag.py:2941} INFO - Sync 2 DAGs
[2023-10-13T23:12:24.396+0000] {logging_mixin.py:151} INFO - [2023-10-13T23:12:24.396+0000] {dag.py:3722} INFO - Setting next_dagrun for example_subdag_operator.section-1 to None, run_after=None
[2023-10-13T23:12:24.397+0000] {logging_mixin.py:151} INFO - [2023-10-13T23:12:24.397+0000] {dag.py:3722} INFO - Setting next_dagrun for example_subdag_operator.section-2 to None, run_after=None
[2023-10-13T23:12:24.404+0000] {processor.py:179} INFO - Processing /home/airflow/.local/lib/python3.8/site-packages/airflow/example_dags/example_subdag_operator.py took 0.062 seconds
[2023-10-13T23:12:55.258+0000] {processor.py:157} INFO - Started process (PID=227) to work on /home/airflow/.local/lib/python3.8/site-packages/airflow/example_dags/example_subdag_operator.py
[2023-10-13T23:12:55.259+0000] {processor.py:829} INFO - Processing file /home/airflow/.local/lib/python3.8/site-packages/airflow/example_dags/example_subdag_operator.py for tasks to queue
[2023-10-13T23:12:55.261+0000] {logging_mixin.py:151} INFO - [2023-10-13T23:12:55.261+0000] {dagbag.py:536} INFO - Filling up the DagBag from /home/airflow/.local/lib/python3.8/site-packages/airflow/example_dags/example_subdag_operator.py
[2023-10-13T23:12:55.278+0000] {processor.py:839} INFO - DAG(s) dict_keys(['example_subdag_operator.section-1', 'example_subdag_operator.section-2', 'example_subdag_operator']) retrieved from /home/airflow/.local/lib/python3.8/site-packages/airflow/example_dags/example_subdag_operator.py
[2023-10-13T23:12:55.287+0000] {logging_mixin.py:151} INFO - [2023-10-13T23:12:55.287+0000] {dag.py:2941} INFO - Sync 3 DAGs
[2023-10-13T23:12:55.300+0000] {logging_mixin.py:151} INFO - [2023-10-13T23:12:55.300+0000] {dag.py:3722} INFO - Setting next_dagrun for example_subdag_operator to 2022-01-01T00:00:00+00:00, run_after=2022-01-01T00:00:00+00:00
[2023-10-13T23:12:55.303+0000] {logging_mixin.py:151} INFO - [2023-10-13T23:12:55.302+0000] {dag.py:3722} INFO - Setting next_dagrun for example_subdag_operator.section-1 to None, run_after=None
[2023-10-13T23:12:55.304+0000] {logging_mixin.py:151} INFO - [2023-10-13T23:12:55.304+0000] {dag.py:3722} INFO - Setting next_dagrun for example_subdag_operator.section-2 to None, run_after=None
[2023-10-13T23:12:55.308+0000] {logging_mixin.py:151} INFO - [2023-10-13T23:12:55.308+0000] {dag.py:2941} INFO - Sync 2 DAGs
[2023-10-13T23:12:55.312+0000] {logging_mixin.py:151} INFO - [2023-10-13T23:12:55.311+0000] {dag.py:3722} INFO - Setting next_dagrun for example_subdag_operator.section-1 to None, run_after=None
[2023-10-13T23:12:55.312+0000] {logging_mixin.py:151} INFO - [2023-10-13T23:12:55.312+0000] {dag.py:3722} INFO - Setting next_dagrun for example_subdag_operator.section-2 to None, run_after=None
[2023-10-13T23:12:55.319+0000] {processor.py:179} INFO - Processing /home/airflow/.local/lib/python3.8/site-packages/airflow/example_dags/example_subdag_operator.py took 0.063 seconds
[2023-10-13T23:13:25.514+0000] {processor.py:157} INFO - Started process (PID=281) to work on /home/airflow/.local/lib/python3.8/site-packages/airflow/example_dags/example_subdag_operator.py
[2023-10-13T23:13:25.515+0000] {processor.py:829} INFO - Processing file /home/airflow/.local/lib/python3.8/site-packages/airflow/example_dags/example_subdag_operator.py for tasks to queue
[2023-10-13T23:13:25.517+0000] {logging_mixin.py:151} INFO - [2023-10-13T23:13:25.517+0000] {dagbag.py:536} INFO - Filling up the DagBag from /home/airflow/.local/lib/python3.8/site-packages/airflow/example_dags/example_subdag_operator.py
[2023-10-13T23:13:25.533+0000] {processor.py:839} INFO - DAG(s) dict_keys(['example_subdag_operator.section-1', 'example_subdag_operator.section-2', 'example_subdag_operator']) retrieved from /home/airflow/.local/lib/python3.8/site-packages/airflow/example_dags/example_subdag_operator.py
[2023-10-13T23:13:25.542+0000] {logging_mixin.py:151} INFO - [2023-10-13T23:13:25.542+0000] {dag.py:2941} INFO - Sync 3 DAGs
[2023-10-13T23:13:25.555+0000] {logging_mixin.py:151} INFO - [2023-10-13T23:13:25.554+0000] {dag.py:3722} INFO - Setting next_dagrun for example_subdag_operator to 2022-01-01T00:00:00+00:00, run_after=2022-01-01T00:00:00+00:00
[2023-10-13T23:13:25.557+0000] {logging_mixin.py:151} INFO - [2023-10-13T23:13:25.557+0000] {dag.py:3722} INFO - Setting next_dagrun for example_subdag_operator.section-1 to None, run_after=None
[2023-10-13T23:13:25.558+0000] {logging_mixin.py:151} INFO - [2023-10-13T23:13:25.558+0000] {dag.py:3722} INFO - Setting next_dagrun for example_subdag_operator.section-2 to None, run_after=None
[2023-10-13T23:13:25.562+0000] {logging_mixin.py:151} INFO - [2023-10-13T23:13:25.562+0000] {dag.py:2941} INFO - Sync 2 DAGs
[2023-10-13T23:13:25.565+0000] {logging_mixin.py:151} INFO - [2023-10-13T23:13:25.565+0000] {dag.py:3722} INFO - Setting next_dagrun for example_subdag_operator.section-1 to None, run_after=None
[2023-10-13T23:13:25.565+0000] {logging_mixin.py:151} INFO - [2023-10-13T23:13:25.565+0000] {dag.py:3722} INFO - Setting next_dagrun for example_subdag_operator.section-2 to None, run_after=None
[2023-10-13T23:13:25.571+0000] {processor.py:179} INFO - Processing /home/airflow/.local/lib/python3.8/site-packages/airflow/example_dags/example_subdag_operator.py took 0.060 seconds
[2023-10-13T23:13:55.756+0000] {processor.py:157} INFO - Started process (PID=335) to work on /home/airflow/.local/lib/python3.8/site-packages/airflow/example_dags/example_subdag_operator.py
[2023-10-13T23:13:55.757+0000] {processor.py:829} INFO - Processing file /home/airflow/.local/lib/python3.8/site-packages/airflow/example_dags/example_subdag_operator.py for tasks to queue
[2023-10-13T23:13:55.758+0000] {logging_mixin.py:151} INFO - [2023-10-13T23:13:55.758+0000] {dagbag.py:536} INFO - Filling up the DagBag from /home/airflow/.local/lib/python3.8/site-packages/airflow/example_dags/example_subdag_operator.py
[2023-10-13T23:13:55.775+0000] {processor.py:839} INFO - DAG(s) dict_keys(['example_subdag_operator.section-1', 'example_subdag_operator.section-2', 'example_subdag_operator']) retrieved from /home/airflow/.local/lib/python3.8/site-packages/airflow/example_dags/example_subdag_operator.py
[2023-10-13T23:13:55.784+0000] {logging_mixin.py:151} INFO - [2023-10-13T23:13:55.784+0000] {dag.py:2941} INFO - Sync 3 DAGs
[2023-10-13T23:13:55.797+0000] {logging_mixin.py:151} INFO - [2023-10-13T23:13:55.797+0000] {dag.py:3722} INFO - Setting next_dagrun for example_subdag_operator to 2022-01-01T00:00:00+00:00, run_after=2022-01-01T00:00:00+00:00
[2023-10-13T23:13:55.799+0000] {logging_mixin.py:151} INFO - [2023-10-13T23:13:55.799+0000] {dag.py:3722} INFO - Setting next_dagrun for example_subdag_operator.section-1 to None, run_after=None
[2023-10-13T23:13:55.800+0000] {logging_mixin.py:151} INFO - [2023-10-13T23:13:55.800+0000] {dag.py:3722} INFO - Setting next_dagrun for example_subdag_operator.section-2 to None, run_after=None
[2023-10-13T23:13:55.804+0000] {logging_mixin.py:151} INFO - [2023-10-13T23:13:55.804+0000] {dag.py:2941} INFO - Sync 2 DAGs
[2023-10-13T23:13:55.807+0000] {logging_mixin.py:151} INFO - [2023-10-13T23:13:55.807+0000] {dag.py:3722} INFO - Setting next_dagrun for example_subdag_operator.section-1 to None, run_after=None
[2023-10-13T23:13:55.807+0000] {logging_mixin.py:151} INFO - [2023-10-13T23:13:55.807+0000] {dag.py:3722} INFO - Setting next_dagrun for example_subdag_operator.section-2 to None, run_after=None
[2023-10-13T23:13:55.814+0000] {processor.py:179} INFO - Processing /home/airflow/.local/lib/python3.8/site-packages/airflow/example_dags/example_subdag_operator.py took 0.060 seconds
[2023-10-13T23:14:25.909+0000] {processor.py:157} INFO - Started process (PID=389) to work on /home/airflow/.local/lib/python3.8/site-packages/airflow/example_dags/example_subdag_operator.py
[2023-10-13T23:14:25.909+0000] {processor.py:829} INFO - Processing file /home/airflow/.local/lib/python3.8/site-packages/airflow/example_dags/example_subdag_operator.py for tasks to queue
[2023-10-13T23:14:25.911+0000] {logging_mixin.py:151} INFO - [2023-10-13T23:14:25.911+0000] {dagbag.py:536} INFO - Filling up the DagBag from /home/airflow/.local/lib/python3.8/site-packages/airflow/example_dags/example_subdag_operator.py
[2023-10-13T23:14:25.928+0000] {processor.py:839} INFO - DAG(s) dict_keys(['example_subdag_operator.section-1', 'example_subdag_operator.section-2', 'example_subdag_operator']) retrieved from /home/airflow/.local/lib/python3.8/site-packages/airflow/example_dags/example_subdag_operator.py
[2023-10-13T23:14:25.937+0000] {logging_mixin.py:151} INFO - [2023-10-13T23:14:25.936+0000] {dag.py:2941} INFO - Sync 3 DAGs
[2023-10-13T23:14:25.949+0000] {logging_mixin.py:151} INFO - [2023-10-13T23:14:25.948+0000] {dag.py:3722} INFO - Setting next_dagrun for example_subdag_operator to 2022-01-01T00:00:00+00:00, run_after=2022-01-01T00:00:00+00:00
[2023-10-13T23:14:25.951+0000] {logging_mixin.py:151} INFO - [2023-10-13T23:14:25.951+0000] {dag.py:3722} INFO - Setting next_dagrun for example_subdag_operator.section-1 to None, run_after=None
[2023-10-13T23:14:25.952+0000] {logging_mixin.py:151} INFO - [2023-10-13T23:14:25.952+0000] {dag.py:3722} INFO - Setting next_dagrun for example_subdag_operator.section-2 to None, run_after=None
[2023-10-13T23:14:25.956+0000] {logging_mixin.py:151} INFO - [2023-10-13T23:14:25.956+0000] {dag.py:2941} INFO - Sync 2 DAGs
[2023-10-13T23:14:25.960+0000] {logging_mixin.py:151} INFO - [2023-10-13T23:14:25.959+0000] {dag.py:3722} INFO - Setting next_dagrun for example_subdag_operator.section-1 to None, run_after=None
[2023-10-13T23:14:25.960+0000] {logging_mixin.py:151} INFO - [2023-10-13T23:14:25.960+0000] {dag.py:3722} INFO - Setting next_dagrun for example_subdag_operator.section-2 to None, run_after=None
[2023-10-13T23:14:25.967+0000] {processor.py:179} INFO - Processing /home/airflow/.local/lib/python3.8/site-packages/airflow/example_dags/example_subdag_operator.py took 0.060 seconds
[2023-10-13T23:14:56.121+0000] {processor.py:157} INFO - Started process (PID=443) to work on /home/airflow/.local/lib/python3.8/site-packages/airflow/example_dags/example_subdag_operator.py
[2023-10-13T23:14:56.121+0000] {processor.py:829} INFO - Processing file /home/airflow/.local/lib/python3.8/site-packages/airflow/example_dags/example_subdag_operator.py for tasks to queue
[2023-10-13T23:14:56.123+0000] {logging_mixin.py:151} INFO - [2023-10-13T23:14:56.123+0000] {dagbag.py:536} INFO - Filling up the DagBag from /home/airflow/.local/lib/python3.8/site-packages/airflow/example_dags/example_subdag_operator.py
[2023-10-13T23:14:56.141+0000] {processor.py:839} INFO - DAG(s) dict_keys(['example_subdag_operator.section-1', 'example_subdag_operator.section-2', 'example_subdag_operator']) retrieved from /home/airflow/.local/lib/python3.8/site-packages/airflow/example_dags/example_subdag_operator.py
[2023-10-13T23:14:56.150+0000] {logging_mixin.py:151} INFO - [2023-10-13T23:14:56.150+0000] {dag.py:2941} INFO - Sync 3 DAGs
[2023-10-13T23:14:56.162+0000] {logging_mixin.py:151} INFO - [2023-10-13T23:14:56.161+0000] {dag.py:3722} INFO - Setting next_dagrun for example_subdag_operator to 2022-01-01T00:00:00+00:00, run_after=2022-01-01T00:00:00+00:00
[2023-10-13T23:14:56.164+0000] {logging_mixin.py:151} INFO - [2023-10-13T23:14:56.164+0000] {dag.py:3722} INFO - Setting next_dagrun for example_subdag_operator.section-1 to None, run_after=None
[2023-10-13T23:14:56.165+0000] {logging_mixin.py:151} INFO - [2023-10-13T23:14:56.164+0000] {dag.py:3722} INFO - Setting next_dagrun for example_subdag_operator.section-2 to None, run_after=None
[2023-10-13T23:14:56.169+0000] {logging_mixin.py:151} INFO - [2023-10-13T23:14:56.168+0000] {dag.py:2941} INFO - Sync 2 DAGs
[2023-10-13T23:14:56.171+0000] {logging_mixin.py:151} INFO - [2023-10-13T23:14:56.171+0000] {dag.py:3722} INFO - Setting next_dagrun for example_subdag_operator.section-1 to None, run_after=None
[2023-10-13T23:14:56.172+0000] {logging_mixin.py:151} INFO - [2023-10-13T23:14:56.172+0000] {dag.py:3722} INFO - Setting next_dagrun for example_subdag_operator.section-2 to None, run_after=None
[2023-10-13T23:14:56.178+0000] {processor.py:179} INFO - Processing /home/airflow/.local/lib/python3.8/site-packages/airflow/example_dags/example_subdag_operator.py took 0.060 seconds
[2023-10-13T23:15:26.314+0000] {processor.py:157} INFO - Started process (PID=497) to work on /home/airflow/.local/lib/python3.8/site-packages/airflow/example_dags/example_subdag_operator.py
[2023-10-13T23:15:26.315+0000] {processor.py:829} INFO - Processing file /home/airflow/.local/lib/python3.8/site-packages/airflow/example_dags/example_subdag_operator.py for tasks to queue
[2023-10-13T23:15:26.317+0000] {logging_mixin.py:151} INFO - [2023-10-13T23:15:26.316+0000] {dagbag.py:536} INFO - Filling up the DagBag from /home/airflow/.local/lib/python3.8/site-packages/airflow/example_dags/example_subdag_operator.py
[2023-10-13T23:15:26.332+0000] {processor.py:839} INFO - DAG(s) dict_keys(['example_subdag_operator.section-1', 'example_subdag_operator.section-2', 'example_subdag_operator']) retrieved from /home/airflow/.local/lib/python3.8/site-packages/airflow/example_dags/example_subdag_operator.py
[2023-10-13T23:15:26.341+0000] {logging_mixin.py:151} INFO - [2023-10-13T23:15:26.341+0000] {dag.py:2941} INFO - Sync 3 DAGs
[2023-10-13T23:15:26.354+0000] {logging_mixin.py:151} INFO - [2023-10-13T23:15:26.354+0000] {dag.py:3722} INFO - Setting next_dagrun for example_subdag_operator to 2022-01-01T00:00:00+00:00, run_after=2022-01-01T00:00:00+00:00
[2023-10-13T23:15:26.356+0000] {logging_mixin.py:151} INFO - [2023-10-13T23:15:26.356+0000] {dag.py:3722} INFO - Setting next_dagrun for example_subdag_operator.section-1 to None, run_after=None
[2023-10-13T23:15:26.357+0000] {logging_mixin.py:151} INFO - [2023-10-13T23:15:26.357+0000] {dag.py:3722} INFO - Setting next_dagrun for example_subdag_operator.section-2 to None, run_after=None
[2023-10-13T23:15:26.361+0000] {logging_mixin.py:151} INFO - [2023-10-13T23:15:26.361+0000] {dag.py:2941} INFO - Sync 2 DAGs
[2023-10-13T23:15:26.364+0000] {logging_mixin.py:151} INFO - [2023-10-13T23:15:26.364+0000] {dag.py:3722} INFO - Setting next_dagrun for example_subdag_operator.section-1 to None, run_after=None
[2023-10-13T23:15:26.364+0000] {logging_mixin.py:151} INFO - [2023-10-13T23:15:26.364+0000] {dag.py:3722} INFO - Setting next_dagrun for example_subdag_operator.section-2 to None, run_after=None
[2023-10-13T23:15:26.371+0000] {processor.py:179} INFO - Processing /home/airflow/.local/lib/python3.8/site-packages/airflow/example_dags/example_subdag_operator.py took 0.059 seconds
[2023-10-13T23:15:56.495+0000] {processor.py:157} INFO - Started process (PID=551) to work on /home/airflow/.local/lib/python3.8/site-packages/airflow/example_dags/example_subdag_operator.py
[2023-10-13T23:15:56.496+0000] {processor.py:829} INFO - Processing file /home/airflow/.local/lib/python3.8/site-packages/airflow/example_dags/example_subdag_operator.py for tasks to queue
[2023-10-13T23:15:56.497+0000] {logging_mixin.py:151} INFO - [2023-10-13T23:15:56.497+0000] {dagbag.py:536} INFO - Filling up the DagBag from /home/airflow/.local/lib/python3.8/site-packages/airflow/example_dags/example_subdag_operator.py
[2023-10-13T23:15:56.514+0000] {processor.py:839} INFO - DAG(s) dict_keys(['example_subdag_operator.section-1', 'example_subdag_operator.section-2', 'example_subdag_operator']) retrieved from /home/airflow/.local/lib/python3.8/site-packages/airflow/example_dags/example_subdag_operator.py
[2023-10-13T23:15:56.523+0000] {logging_mixin.py:151} INFO - [2023-10-13T23:15:56.523+0000] {dag.py:2941} INFO - Sync 3 DAGs
[2023-10-13T23:15:56.537+0000] {logging_mixin.py:151} INFO - [2023-10-13T23:15:56.537+0000] {dag.py:3722} INFO - Setting next_dagrun for example_subdag_operator to 2022-01-01T00:00:00+00:00, run_after=2022-01-01T00:00:00+00:00
[2023-10-13T23:15:56.540+0000] {logging_mixin.py:151} INFO - [2023-10-13T23:15:56.540+0000] {dag.py:3722} INFO - Setting next_dagrun for example_subdag_operator.section-1 to None, run_after=None
[2023-10-13T23:15:56.541+0000] {logging_mixin.py:151} INFO - [2023-10-13T23:15:56.541+0000] {dag.py:3722} INFO - Setting next_dagrun for example_subdag_operator.section-2 to None, run_after=None
[2023-10-13T23:15:56.545+0000] {logging_mixin.py:151} INFO - [2023-10-13T23:15:56.545+0000] {dag.py:2941} INFO - Sync 2 DAGs
[2023-10-13T23:15:56.548+0000] {logging_mixin.py:151} INFO - [2023-10-13T23:15:56.548+0000] {dag.py:3722} INFO - Setting next_dagrun for example_subdag_operator.section-1 to None, run_after=None
[2023-10-13T23:15:56.548+0000] {logging_mixin.py:151} INFO - [2023-10-13T23:15:56.548+0000] {dag.py:3722} INFO - Setting next_dagrun for example_subdag_operator.section-2 to None, run_after=None
[2023-10-13T23:15:56.555+0000] {processor.py:179} INFO - Processing /home/airflow/.local/lib/python3.8/site-packages/airflow/example_dags/example_subdag_operator.py took 0.062 seconds
[2023-10-13T23:16:27.400+0000] {processor.py:157} INFO - Started process (PID=605) to work on /home/airflow/.local/lib/python3.8/site-packages/airflow/example_dags/example_subdag_operator.py
[2023-10-13T23:16:27.401+0000] {processor.py:829} INFO - Processing file /home/airflow/.local/lib/python3.8/site-packages/airflow/example_dags/example_subdag_operator.py for tasks to queue
[2023-10-13T23:16:27.402+0000] {logging_mixin.py:151} INFO - [2023-10-13T23:16:27.402+0000] {dagbag.py:536} INFO - Filling up the DagBag from /home/airflow/.local/lib/python3.8/site-packages/airflow/example_dags/example_subdag_operator.py
[2023-10-13T23:16:27.419+0000] {processor.py:839} INFO - DAG(s) dict_keys(['example_subdag_operator.section-1', 'example_subdag_operator.section-2', 'example_subdag_operator']) retrieved from /home/airflow/.local/lib/python3.8/site-packages/airflow/example_dags/example_subdag_operator.py
[2023-10-13T23:16:27.427+0000] {logging_mixin.py:151} INFO - [2023-10-13T23:16:27.427+0000] {dag.py:2941} INFO - Sync 3 DAGs
[2023-10-13T23:16:27.438+0000] {logging_mixin.py:151} INFO - [2023-10-13T23:16:27.438+0000] {dag.py:3722} INFO - Setting next_dagrun for example_subdag_operator to 2022-01-01T00:00:00+00:00, run_after=2022-01-01T00:00:00+00:00
[2023-10-13T23:16:27.440+0000] {logging_mixin.py:151} INFO - [2023-10-13T23:16:27.439+0000] {dag.py:3722} INFO - Setting next_dagrun for example_subdag_operator.section-1 to None, run_after=None
[2023-10-13T23:16:27.440+0000] {logging_mixin.py:151} INFO - [2023-10-13T23:16:27.440+0000] {dag.py:3722} INFO - Setting next_dagrun for example_subdag_operator.section-2 to None, run_after=None
[2023-10-13T23:16:27.444+0000] {logging_mixin.py:151} INFO - [2023-10-13T23:16:27.444+0000] {dag.py:2941} INFO - Sync 2 DAGs
[2023-10-13T23:16:27.447+0000] {logging_mixin.py:151} INFO - [2023-10-13T23:16:27.447+0000] {dag.py:3722} INFO - Setting next_dagrun for example_subdag_operator.section-1 to None, run_after=None
[2023-10-13T23:16:27.447+0000] {logging_mixin.py:151} INFO - [2023-10-13T23:16:27.447+0000] {dag.py:3722} INFO - Setting next_dagrun for example_subdag_operator.section-2 to None, run_after=None
[2023-10-13T23:16:27.453+0000] {processor.py:179} INFO - Processing /home/airflow/.local/lib/python3.8/site-packages/airflow/example_dags/example_subdag_operator.py took 0.055 seconds
[2023-10-13T23:16:57.685+0000] {processor.py:157} INFO - Started process (PID=659) to work on /home/airflow/.local/lib/python3.8/site-packages/airflow/example_dags/example_subdag_operator.py
[2023-10-13T23:16:57.686+0000] {processor.py:829} INFO - Processing file /home/airflow/.local/lib/python3.8/site-packages/airflow/example_dags/example_subdag_operator.py for tasks to queue
[2023-10-13T23:16:57.688+0000] {logging_mixin.py:151} INFO - [2023-10-13T23:16:57.687+0000] {dagbag.py:536} INFO - Filling up the DagBag from /home/airflow/.local/lib/python3.8/site-packages/airflow/example_dags/example_subdag_operator.py
[2023-10-13T23:16:57.703+0000] {processor.py:839} INFO - DAG(s) dict_keys(['example_subdag_operator.section-1', 'example_subdag_operator.section-2', 'example_subdag_operator']) retrieved from /home/airflow/.local/lib/python3.8/site-packages/airflow/example_dags/example_subdag_operator.py
[2023-10-13T23:16:57.712+0000] {logging_mixin.py:151} INFO - [2023-10-13T23:16:57.712+0000] {dag.py:2941} INFO - Sync 3 DAGs
[2023-10-13T23:16:57.724+0000] {logging_mixin.py:151} INFO - [2023-10-13T23:16:57.724+0000] {dag.py:3722} INFO - Setting next_dagrun for example_subdag_operator to 2022-01-01T00:00:00+00:00, run_after=2022-01-01T00:00:00+00:00
[2023-10-13T23:16:57.726+0000] {logging_mixin.py:151} INFO - [2023-10-13T23:16:57.726+0000] {dag.py:3722} INFO - Setting next_dagrun for example_subdag_operator.section-1 to None, run_after=None
[2023-10-13T23:16:57.727+0000] {logging_mixin.py:151} INFO - [2023-10-13T23:16:57.727+0000] {dag.py:3722} INFO - Setting next_dagrun for example_subdag_operator.section-2 to None, run_after=None
[2023-10-13T23:16:57.731+0000] {logging_mixin.py:151} INFO - [2023-10-13T23:16:57.731+0000] {dag.py:2941} INFO - Sync 2 DAGs
[2023-10-13T23:16:57.735+0000] {logging_mixin.py:151} INFO - [2023-10-13T23:16:57.735+0000] {dag.py:3722} INFO - Setting next_dagrun for example_subdag_operator.section-1 to None, run_after=None
[2023-10-13T23:16:57.735+0000] {logging_mixin.py:151} INFO - [2023-10-13T23:16:57.735+0000] {dag.py:3722} INFO - Setting next_dagrun for example_subdag_operator.section-2 to None, run_after=None
[2023-10-13T23:16:57.742+0000] {processor.py:179} INFO - Processing /home/airflow/.local/lib/python3.8/site-packages/airflow/example_dags/example_subdag_operator.py took 0.059 seconds
[2023-10-13T23:17:28.698+0000] {processor.py:157} INFO - Started process (PID=713) to work on /home/airflow/.local/lib/python3.8/site-packages/airflow/example_dags/example_subdag_operator.py
[2023-10-13T23:17:28.699+0000] {processor.py:829} INFO - Processing file /home/airflow/.local/lib/python3.8/site-packages/airflow/example_dags/example_subdag_operator.py for tasks to queue
[2023-10-13T23:17:28.701+0000] {logging_mixin.py:151} INFO - [2023-10-13T23:17:28.701+0000] {dagbag.py:536} INFO - Filling up the DagBag from /home/airflow/.local/lib/python3.8/site-packages/airflow/example_dags/example_subdag_operator.py
[2023-10-13T23:17:28.718+0000] {processor.py:839} INFO - DAG(s) dict_keys(['example_subdag_operator.section-1', 'example_subdag_operator.section-2', 'example_subdag_operator']) retrieved from /home/airflow/.local/lib/python3.8/site-packages/airflow/example_dags/example_subdag_operator.py
[2023-10-13T23:17:28.727+0000] {logging_mixin.py:151} INFO - [2023-10-13T23:17:28.727+0000] {dag.py:2941} INFO - Sync 3 DAGs
[2023-10-13T23:17:28.738+0000] {logging_mixin.py:151} INFO - [2023-10-13T23:17:28.738+0000] {dag.py:3722} INFO - Setting next_dagrun for example_subdag_operator to 2022-01-01T00:00:00+00:00, run_after=2022-01-01T00:00:00+00:00
[2023-10-13T23:17:28.740+0000] {logging_mixin.py:151} INFO - [2023-10-13T23:17:28.740+0000] {dag.py:3722} INFO - Setting next_dagrun for example_subdag_operator.section-1 to None, run_after=None
[2023-10-13T23:17:28.740+0000] {logging_mixin.py:151} INFO - [2023-10-13T23:17:28.740+0000] {dag.py:3722} INFO - Setting next_dagrun for example_subdag_operator.section-2 to None, run_after=None
[2023-10-13T23:17:28.745+0000] {logging_mixin.py:151} INFO - [2023-10-13T23:17:28.745+0000] {dag.py:2941} INFO - Sync 2 DAGs
[2023-10-13T23:17:28.748+0000] {logging_mixin.py:151} INFO - [2023-10-13T23:17:28.747+0000] {dag.py:3722} INFO - Setting next_dagrun for example_subdag_operator.section-1 to None, run_after=None
[2023-10-13T23:17:28.748+0000] {logging_mixin.py:151} INFO - [2023-10-13T23:17:28.748+0000] {dag.py:3722} INFO - Setting next_dagrun for example_subdag_operator.section-2 to None, run_after=None
[2023-10-13T23:17:28.753+0000] {processor.py:179} INFO - Processing /home/airflow/.local/lib/python3.8/site-packages/airflow/example_dags/example_subdag_operator.py took 0.058 seconds
[2023-10-13T23:17:59.659+0000] {processor.py:157} INFO - Started process (PID=767) to work on /home/airflow/.local/lib/python3.8/site-packages/airflow/example_dags/example_subdag_operator.py
[2023-10-13T23:17:59.660+0000] {processor.py:829} INFO - Processing file /home/airflow/.local/lib/python3.8/site-packages/airflow/example_dags/example_subdag_operator.py for tasks to queue
[2023-10-13T23:17:59.662+0000] {logging_mixin.py:151} INFO - [2023-10-13T23:17:59.661+0000] {dagbag.py:536} INFO - Filling up the DagBag from /home/airflow/.local/lib/python3.8/site-packages/airflow/example_dags/example_subdag_operator.py
[2023-10-13T23:17:59.676+0000] {processor.py:839} INFO - DAG(s) dict_keys(['example_subdag_operator.section-1', 'example_subdag_operator.section-2', 'example_subdag_operator']) retrieved from /home/airflow/.local/lib/python3.8/site-packages/airflow/example_dags/example_subdag_operator.py
[2023-10-13T23:17:59.685+0000] {logging_mixin.py:151} INFO - [2023-10-13T23:17:59.685+0000] {dag.py:2941} INFO - Sync 3 DAGs
[2023-10-13T23:17:59.697+0000] {logging_mixin.py:151} INFO - [2023-10-13T23:17:59.697+0000] {dag.py:3722} INFO - Setting next_dagrun for example_subdag_operator to 2022-01-01T00:00:00+00:00, run_after=2022-01-01T00:00:00+00:00
[2023-10-13T23:17:59.699+0000] {logging_mixin.py:151} INFO - [2023-10-13T23:17:59.699+0000] {dag.py:3722} INFO - Setting next_dagrun for example_subdag_operator.section-1 to None, run_after=None
[2023-10-13T23:17:59.700+0000] {logging_mixin.py:151} INFO - [2023-10-13T23:17:59.700+0000] {dag.py:3722} INFO - Setting next_dagrun for example_subdag_operator.section-2 to None, run_after=None
[2023-10-13T23:17:59.704+0000] {logging_mixin.py:151} INFO - [2023-10-13T23:17:59.704+0000] {dag.py:2941} INFO - Sync 2 DAGs
[2023-10-13T23:17:59.706+0000] {logging_mixin.py:151} INFO - [2023-10-13T23:17:59.706+0000] {dag.py:3722} INFO - Setting next_dagrun for example_subdag_operator.section-1 to None, run_after=None
[2023-10-13T23:17:59.707+0000] {logging_mixin.py:151} INFO - [2023-10-13T23:17:59.707+0000] {dag.py:3722} INFO - Setting next_dagrun for example_subdag_operator.section-2 to None, run_after=None
[2023-10-13T23:17:59.713+0000] {processor.py:179} INFO - Processing /home/airflow/.local/lib/python3.8/site-packages/airflow/example_dags/example_subdag_operator.py took 0.055 seconds
[2023-10-13T23:18:29.770+0000] {processor.py:157} INFO - Started process (PID=821) to work on /home/airflow/.local/lib/python3.8/site-packages/airflow/example_dags/example_subdag_operator.py
[2023-10-13T23:18:29.771+0000] {processor.py:829} INFO - Processing file /home/airflow/.local/lib/python3.8/site-packages/airflow/example_dags/example_subdag_operator.py for tasks to queue
[2023-10-13T23:18:29.773+0000] {logging_mixin.py:151} INFO - [2023-10-13T23:18:29.772+0000] {dagbag.py:536} INFO - Filling up the DagBag from /home/airflow/.local/lib/python3.8/site-packages/airflow/example_dags/example_subdag_operator.py
[2023-10-13T23:18:29.787+0000] {processor.py:839} INFO - DAG(s) dict_keys(['example_subdag_operator.section-1', 'example_subdag_operator.section-2', 'example_subdag_operator']) retrieved from /home/airflow/.local/lib/python3.8/site-packages/airflow/example_dags/example_subdag_operator.py
[2023-10-13T23:18:29.796+0000] {logging_mixin.py:151} INFO - [2023-10-13T23:18:29.796+0000] {dag.py:2941} INFO - Sync 3 DAGs
[2023-10-13T23:18:29.808+0000] {logging_mixin.py:151} INFO - [2023-10-13T23:18:29.808+0000] {dag.py:3722} INFO - Setting next_dagrun for example_subdag_operator to 2022-01-01T00:00:00+00:00, run_after=2022-01-01T00:00:00+00:00
[2023-10-13T23:18:29.810+0000] {logging_mixin.py:151} INFO - [2023-10-13T23:18:29.810+0000] {dag.py:3722} INFO - Setting next_dagrun for example_subdag_operator.section-1 to None, run_after=None
[2023-10-13T23:18:29.810+0000] {logging_mixin.py:151} INFO - [2023-10-13T23:18:29.810+0000] {dag.py:3722} INFO - Setting next_dagrun for example_subdag_operator.section-2 to None, run_after=None
[2023-10-13T23:18:29.814+0000] {logging_mixin.py:151} INFO - [2023-10-13T23:18:29.814+0000] {dag.py:2941} INFO - Sync 2 DAGs
[2023-10-13T23:18:29.817+0000] {logging_mixin.py:151} INFO - [2023-10-13T23:18:29.817+0000] {dag.py:3722} INFO - Setting next_dagrun for example_subdag_operator.section-1 to None, run_after=None
[2023-10-13T23:18:29.817+0000] {logging_mixin.py:151} INFO - [2023-10-13T23:18:29.817+0000] {dag.py:3722} INFO - Setting next_dagrun for example_subdag_operator.section-2 to None, run_after=None
[2023-10-13T23:18:29.823+0000] {processor.py:179} INFO - Processing /home/airflow/.local/lib/python3.8/site-packages/airflow/example_dags/example_subdag_operator.py took 0.055 seconds
[2023-10-13T23:18:59.982+0000] {processor.py:157} INFO - Started process (PID=875) to work on /home/airflow/.local/lib/python3.8/site-packages/airflow/example_dags/example_subdag_operator.py
[2023-10-13T23:18:59.983+0000] {processor.py:829} INFO - Processing file /home/airflow/.local/lib/python3.8/site-packages/airflow/example_dags/example_subdag_operator.py for tasks to queue
[2023-10-13T23:18:59.985+0000] {logging_mixin.py:151} INFO - [2023-10-13T23:18:59.984+0000] {dagbag.py:536} INFO - Filling up the DagBag from /home/airflow/.local/lib/python3.8/site-packages/airflow/example_dags/example_subdag_operator.py
[2023-10-13T23:19:00.000+0000] {processor.py:839} INFO - DAG(s) dict_keys(['example_subdag_operator.section-1', 'example_subdag_operator.section-2', 'example_subdag_operator']) retrieved from /home/airflow/.local/lib/python3.8/site-packages/airflow/example_dags/example_subdag_operator.py
[2023-10-13T23:19:00.008+0000] {logging_mixin.py:151} INFO - [2023-10-13T23:19:00.008+0000] {dag.py:2941} INFO - Sync 3 DAGs
[2023-10-13T23:19:00.019+0000] {logging_mixin.py:151} INFO - [2023-10-13T23:19:00.019+0000] {dag.py:3722} INFO - Setting next_dagrun for example_subdag_operator to 2022-01-01T00:00:00+00:00, run_after=2022-01-01T00:00:00+00:00
[2023-10-13T23:19:00.021+0000] {logging_mixin.py:151} INFO - [2023-10-13T23:19:00.021+0000] {dag.py:3722} INFO - Setting next_dagrun for example_subdag_operator.section-1 to None, run_after=None
[2023-10-13T23:19:00.022+0000] {logging_mixin.py:151} INFO - [2023-10-13T23:19:00.022+0000] {dag.py:3722} INFO - Setting next_dagrun for example_subdag_operator.section-2 to None, run_after=None
[2023-10-13T23:19:00.026+0000] {logging_mixin.py:151} INFO - [2023-10-13T23:19:00.026+0000] {dag.py:2941} INFO - Sync 2 DAGs
[2023-10-13T23:19:00.028+0000] {logging_mixin.py:151} INFO - [2023-10-13T23:19:00.028+0000] {dag.py:3722} INFO - Setting next_dagrun for example_subdag_operator.section-1 to None, run_after=None
[2023-10-13T23:19:00.029+0000] {logging_mixin.py:151} INFO - [2023-10-13T23:19:00.029+0000] {dag.py:3722} INFO - Setting next_dagrun for example_subdag_operator.section-2 to None, run_after=None
[2023-10-13T23:19:00.034+0000] {processor.py:179} INFO - Processing /home/airflow/.local/lib/python3.8/site-packages/airflow/example_dags/example_subdag_operator.py took 0.054 seconds
[2023-10-13T23:19:30.172+0000] {processor.py:157} INFO - Started process (PID=929) to work on /home/airflow/.local/lib/python3.8/site-packages/airflow/example_dags/example_subdag_operator.py
[2023-10-13T23:19:30.173+0000] {processor.py:829} INFO - Processing file /home/airflow/.local/lib/python3.8/site-packages/airflow/example_dags/example_subdag_operator.py for tasks to queue
[2023-10-13T23:19:30.174+0000] {logging_mixin.py:151} INFO - [2023-10-13T23:19:30.174+0000] {dagbag.py:536} INFO - Filling up the DagBag from /home/airflow/.local/lib/python3.8/site-packages/airflow/example_dags/example_subdag_operator.py
[2023-10-13T23:19:30.189+0000] {processor.py:839} INFO - DAG(s) dict_keys(['example_subdag_operator.section-1', 'example_subdag_operator.section-2', 'example_subdag_operator']) retrieved from /home/airflow/.local/lib/python3.8/site-packages/airflow/example_dags/example_subdag_operator.py
[2023-10-13T23:19:30.197+0000] {logging_mixin.py:151} INFO - [2023-10-13T23:19:30.197+0000] {dag.py:2941} INFO - Sync 3 DAGs
[2023-10-13T23:19:30.207+0000] {logging_mixin.py:151} INFO - [2023-10-13T23:19:30.207+0000] {dag.py:3722} INFO - Setting next_dagrun for example_subdag_operator to 2022-01-01T00:00:00+00:00, run_after=2022-01-01T00:00:00+00:00
[2023-10-13T23:19:30.209+0000] {logging_mixin.py:151} INFO - [2023-10-13T23:19:30.209+0000] {dag.py:3722} INFO - Setting next_dagrun for example_subdag_operator.section-1 to None, run_after=None
[2023-10-13T23:19:30.210+0000] {logging_mixin.py:151} INFO - [2023-10-13T23:19:30.210+0000] {dag.py:3722} INFO - Setting next_dagrun for example_subdag_operator.section-2 to None, run_after=None
[2023-10-13T23:19:30.213+0000] {logging_mixin.py:151} INFO - [2023-10-13T23:19:30.213+0000] {dag.py:2941} INFO - Sync 2 DAGs
[2023-10-13T23:19:30.216+0000] {logging_mixin.py:151} INFO - [2023-10-13T23:19:30.216+0000] {dag.py:3722} INFO - Setting next_dagrun for example_subdag_operator.section-1 to None, run_after=None
[2023-10-13T23:19:30.216+0000] {logging_mixin.py:151} INFO - [2023-10-13T23:19:30.216+0000] {dag.py:3722} INFO - Setting next_dagrun for example_subdag_operator.section-2 to None, run_after=None
[2023-10-13T23:19:30.221+0000] {processor.py:179} INFO - Processing /home/airflow/.local/lib/python3.8/site-packages/airflow/example_dags/example_subdag_operator.py took 0.052 seconds
