[2023-10-13T23:09:58.891+0000] {processor.py:157} INFO - Started process (PID=54) to work on /home/airflow/.local/lib/python3.8/site-packages/airflow/example_dags/example_python_operator.py
[2023-10-13T23:09:58.892+0000] {processor.py:829} INFO - Processing file /home/airflow/.local/lib/python3.8/site-packages/airflow/example_dags/example_python_operator.py for tasks to queue
[2023-10-13T23:09:58.893+0000] {logging_mixin.py:151} INFO - [2023-10-13T23:09:58.893+0000] {dagbag.py:536} INFO - Filling up the DagBag from /home/airflow/.local/lib/python3.8/site-packages/airflow/example_dags/example_python_operator.py
[2023-10-13T23:09:58.902+0000] {processor.py:839} INFO - DAG(s) dict_keys(['example_python_operator']) retrieved from /home/airflow/.local/lib/python3.8/site-packages/airflow/example_dags/example_python_operator.py
[2023-10-13T23:09:58.913+0000] {logging_mixin.py:151} INFO - [2023-10-13T23:09:58.913+0000] {dag.py:2941} INFO - Sync 1 DAGs
[2023-10-13T23:09:58.925+0000] {logging_mixin.py:151} INFO - [2023-10-13T23:09:58.925+0000] {dag.py:3722} INFO - Setting next_dagrun for example_python_operator to None, run_after=None
[2023-10-13T23:09:58.938+0000] {processor.py:179} INFO - Processing /home/airflow/.local/lib/python3.8/site-packages/airflow/example_dags/example_python_operator.py took 0.049 seconds
[2023-10-13T23:11:23.163+0000] {processor.py:157} INFO - Started process (PID=53) to work on /home/airflow/.local/lib/python3.8/site-packages/airflow/example_dags/example_python_operator.py
[2023-10-13T23:11:23.164+0000] {processor.py:829} INFO - Processing file /home/airflow/.local/lib/python3.8/site-packages/airflow/example_dags/example_python_operator.py for tasks to queue
[2023-10-13T23:11:23.166+0000] {logging_mixin.py:151} INFO - [2023-10-13T23:11:23.166+0000] {dagbag.py:536} INFO - Filling up the DagBag from /home/airflow/.local/lib/python3.8/site-packages/airflow/example_dags/example_python_operator.py
[2023-10-13T23:11:23.174+0000] {processor.py:839} INFO - DAG(s) dict_keys(['example_python_operator']) retrieved from /home/airflow/.local/lib/python3.8/site-packages/airflow/example_dags/example_python_operator.py
[2023-10-13T23:11:23.183+0000] {logging_mixin.py:151} INFO - [2023-10-13T23:11:23.183+0000] {dag.py:2941} INFO - Sync 1 DAGs
[2023-10-13T23:11:23.196+0000] {logging_mixin.py:151} INFO - [2023-10-13T23:11:23.196+0000] {dag.py:3722} INFO - Setting next_dagrun for example_python_operator to None, run_after=None
[2023-10-13T23:11:23.212+0000] {processor.py:179} INFO - Processing /home/airflow/.local/lib/python3.8/site-packages/airflow/example_dags/example_python_operator.py took 0.051 seconds
[2023-10-13T23:11:53.613+0000] {processor.py:157} INFO - Started process (PID=107) to work on /home/airflow/.local/lib/python3.8/site-packages/airflow/example_dags/example_python_operator.py
[2023-10-13T23:11:53.614+0000] {processor.py:829} INFO - Processing file /home/airflow/.local/lib/python3.8/site-packages/airflow/example_dags/example_python_operator.py for tasks to queue
[2023-10-13T23:11:53.615+0000] {logging_mixin.py:151} INFO - [2023-10-13T23:11:53.615+0000] {dagbag.py:536} INFO - Filling up the DagBag from /home/airflow/.local/lib/python3.8/site-packages/airflow/example_dags/example_python_operator.py
[2023-10-13T23:11:53.622+0000] {processor.py:839} INFO - DAG(s) dict_keys(['example_python_operator']) retrieved from /home/airflow/.local/lib/python3.8/site-packages/airflow/example_dags/example_python_operator.py
[2023-10-13T23:11:53.685+0000] {logging_mixin.py:151} INFO - [2023-10-13T23:11:53.685+0000] {dag.py:2941} INFO - Sync 1 DAGs
[2023-10-13T23:11:53.692+0000] {logging_mixin.py:151} INFO - [2023-10-13T23:11:53.691+0000] {dag.py:3722} INFO - Setting next_dagrun for example_python_operator to None, run_after=None
[2023-10-13T23:11:53.705+0000] {processor.py:179} INFO - Processing /home/airflow/.local/lib/python3.8/site-packages/airflow/example_dags/example_python_operator.py took 0.094 seconds
[2023-10-13T23:12:23.805+0000] {processor.py:157} INFO - Started process (PID=161) to work on /home/airflow/.local/lib/python3.8/site-packages/airflow/example_dags/example_python_operator.py
[2023-10-13T23:12:23.806+0000] {processor.py:829} INFO - Processing file /home/airflow/.local/lib/python3.8/site-packages/airflow/example_dags/example_python_operator.py for tasks to queue
[2023-10-13T23:12:23.808+0000] {logging_mixin.py:151} INFO - [2023-10-13T23:12:23.807+0000] {dagbag.py:536} INFO - Filling up the DagBag from /home/airflow/.local/lib/python3.8/site-packages/airflow/example_dags/example_python_operator.py
[2023-10-13T23:12:23.820+0000] {processor.py:839} INFO - DAG(s) dict_keys(['example_python_operator']) retrieved from /home/airflow/.local/lib/python3.8/site-packages/airflow/example_dags/example_python_operator.py
[2023-10-13T23:12:23.845+0000] {logging_mixin.py:151} INFO - [2023-10-13T23:12:23.845+0000] {dag.py:2941} INFO - Sync 1 DAGs
[2023-10-13T23:12:23.854+0000] {logging_mixin.py:151} INFO - [2023-10-13T23:12:23.854+0000] {dag.py:3722} INFO - Setting next_dagrun for example_python_operator to None, run_after=None
[2023-10-13T23:12:23.870+0000] {processor.py:179} INFO - Processing /home/airflow/.local/lib/python3.8/site-packages/airflow/example_dags/example_python_operator.py took 0.069 seconds
[2023-10-13T23:12:53.900+0000] {processor.py:157} INFO - Started process (PID=215) to work on /home/airflow/.local/lib/python3.8/site-packages/airflow/example_dags/example_python_operator.py
[2023-10-13T23:12:53.901+0000] {processor.py:829} INFO - Processing file /home/airflow/.local/lib/python3.8/site-packages/airflow/example_dags/example_python_operator.py for tasks to queue
[2023-10-13T23:12:53.902+0000] {logging_mixin.py:151} INFO - [2023-10-13T23:12:53.902+0000] {dagbag.py:536} INFO - Filling up the DagBag from /home/airflow/.local/lib/python3.8/site-packages/airflow/example_dags/example_python_operator.py
[2023-10-13T23:12:53.908+0000] {processor.py:839} INFO - DAG(s) dict_keys(['example_python_operator']) retrieved from /home/airflow/.local/lib/python3.8/site-packages/airflow/example_dags/example_python_operator.py
[2023-10-13T23:12:53.924+0000] {logging_mixin.py:151} INFO - [2023-10-13T23:12:53.923+0000] {dag.py:2941} INFO - Sync 1 DAGs
[2023-10-13T23:12:53.931+0000] {logging_mixin.py:151} INFO - [2023-10-13T23:12:53.931+0000] {dag.py:3722} INFO - Setting next_dagrun for example_python_operator to None, run_after=None
[2023-10-13T23:12:53.943+0000] {processor.py:179} INFO - Processing /home/airflow/.local/lib/python3.8/site-packages/airflow/example_dags/example_python_operator.py took 0.046 seconds
[2023-10-13T23:13:24.064+0000] {processor.py:157} INFO - Started process (PID=269) to work on /home/airflow/.local/lib/python3.8/site-packages/airflow/example_dags/example_python_operator.py
[2023-10-13T23:13:24.065+0000] {processor.py:829} INFO - Processing file /home/airflow/.local/lib/python3.8/site-packages/airflow/example_dags/example_python_operator.py for tasks to queue
[2023-10-13T23:13:24.066+0000] {logging_mixin.py:151} INFO - [2023-10-13T23:13:24.066+0000] {dagbag.py:536} INFO - Filling up the DagBag from /home/airflow/.local/lib/python3.8/site-packages/airflow/example_dags/example_python_operator.py
[2023-10-13T23:13:24.073+0000] {processor.py:839} INFO - DAG(s) dict_keys(['example_python_operator']) retrieved from /home/airflow/.local/lib/python3.8/site-packages/airflow/example_dags/example_python_operator.py
[2023-10-13T23:13:24.088+0000] {logging_mixin.py:151} INFO - [2023-10-13T23:13:24.088+0000] {dag.py:2941} INFO - Sync 1 DAGs
[2023-10-13T23:13:24.095+0000] {logging_mixin.py:151} INFO - [2023-10-13T23:13:24.095+0000] {dag.py:3722} INFO - Setting next_dagrun for example_python_operator to None, run_after=None
[2023-10-13T23:13:24.106+0000] {processor.py:179} INFO - Processing /home/airflow/.local/lib/python3.8/site-packages/airflow/example_dags/example_python_operator.py took 0.044 seconds
[2023-10-13T23:13:54.226+0000] {processor.py:157} INFO - Started process (PID=323) to work on /home/airflow/.local/lib/python3.8/site-packages/airflow/example_dags/example_python_operator.py
[2023-10-13T23:13:54.227+0000] {processor.py:829} INFO - Processing file /home/airflow/.local/lib/python3.8/site-packages/airflow/example_dags/example_python_operator.py for tasks to queue
[2023-10-13T23:13:54.229+0000] {logging_mixin.py:151} INFO - [2023-10-13T23:13:54.229+0000] {dagbag.py:536} INFO - Filling up the DagBag from /home/airflow/.local/lib/python3.8/site-packages/airflow/example_dags/example_python_operator.py
[2023-10-13T23:13:54.235+0000] {processor.py:839} INFO - DAG(s) dict_keys(['example_python_operator']) retrieved from /home/airflow/.local/lib/python3.8/site-packages/airflow/example_dags/example_python_operator.py
[2023-10-13T23:13:54.250+0000] {logging_mixin.py:151} INFO - [2023-10-13T23:13:54.250+0000] {dag.py:2941} INFO - Sync 1 DAGs
[2023-10-13T23:13:54.258+0000] {logging_mixin.py:151} INFO - [2023-10-13T23:13:54.258+0000] {dag.py:3722} INFO - Setting next_dagrun for example_python_operator to None, run_after=None
[2023-10-13T23:13:54.269+0000] {processor.py:179} INFO - Processing /home/airflow/.local/lib/python3.8/site-packages/airflow/example_dags/example_python_operator.py took 0.045 seconds
[2023-10-13T23:14:24.471+0000] {processor.py:157} INFO - Started process (PID=377) to work on /home/airflow/.local/lib/python3.8/site-packages/airflow/example_dags/example_python_operator.py
[2023-10-13T23:14:24.472+0000] {processor.py:829} INFO - Processing file /home/airflow/.local/lib/python3.8/site-packages/airflow/example_dags/example_python_operator.py for tasks to queue
[2023-10-13T23:14:24.473+0000] {logging_mixin.py:151} INFO - [2023-10-13T23:14:24.473+0000] {dagbag.py:536} INFO - Filling up the DagBag from /home/airflow/.local/lib/python3.8/site-packages/airflow/example_dags/example_python_operator.py
[2023-10-13T23:14:24.480+0000] {processor.py:839} INFO - DAG(s) dict_keys(['example_python_operator']) retrieved from /home/airflow/.local/lib/python3.8/site-packages/airflow/example_dags/example_python_operator.py
[2023-10-13T23:14:24.495+0000] {logging_mixin.py:151} INFO - [2023-10-13T23:14:24.495+0000] {dag.py:2941} INFO - Sync 1 DAGs
[2023-10-13T23:14:24.502+0000] {logging_mixin.py:151} INFO - [2023-10-13T23:14:24.502+0000] {dag.py:3722} INFO - Setting next_dagrun for example_python_operator to None, run_after=None
[2023-10-13T23:14:24.512+0000] {processor.py:179} INFO - Processing /home/airflow/.local/lib/python3.8/site-packages/airflow/example_dags/example_python_operator.py took 0.044 seconds
[2023-10-13T23:14:54.651+0000] {processor.py:157} INFO - Started process (PID=431) to work on /home/airflow/.local/lib/python3.8/site-packages/airflow/example_dags/example_python_operator.py
[2023-10-13T23:14:54.657+0000] {processor.py:829} INFO - Processing file /home/airflow/.local/lib/python3.8/site-packages/airflow/example_dags/example_python_operator.py for tasks to queue
[2023-10-13T23:14:54.658+0000] {logging_mixin.py:151} INFO - [2023-10-13T23:14:54.658+0000] {dagbag.py:536} INFO - Filling up the DagBag from /home/airflow/.local/lib/python3.8/site-packages/airflow/example_dags/example_python_operator.py
[2023-10-13T23:14:54.667+0000] {processor.py:839} INFO - DAG(s) dict_keys(['example_python_operator']) retrieved from /home/airflow/.local/lib/python3.8/site-packages/airflow/example_dags/example_python_operator.py
[2023-10-13T23:14:54.684+0000] {logging_mixin.py:151} INFO - [2023-10-13T23:14:54.684+0000] {dag.py:2941} INFO - Sync 1 DAGs
[2023-10-13T23:14:54.691+0000] {logging_mixin.py:151} INFO - [2023-10-13T23:14:54.691+0000] {dag.py:3722} INFO - Setting next_dagrun for example_python_operator to None, run_after=None
[2023-10-13T23:14:54.703+0000] {processor.py:179} INFO - Processing /home/airflow/.local/lib/python3.8/site-packages/airflow/example_dags/example_python_operator.py took 0.055 seconds
[2023-10-13T23:15:24.971+0000] {processor.py:157} INFO - Started process (PID=485) to work on /home/airflow/.local/lib/python3.8/site-packages/airflow/example_dags/example_python_operator.py
[2023-10-13T23:15:24.972+0000] {processor.py:829} INFO - Processing file /home/airflow/.local/lib/python3.8/site-packages/airflow/example_dags/example_python_operator.py for tasks to queue
[2023-10-13T23:15:24.974+0000] {logging_mixin.py:151} INFO - [2023-10-13T23:15:24.973+0000] {dagbag.py:536} INFO - Filling up the DagBag from /home/airflow/.local/lib/python3.8/site-packages/airflow/example_dags/example_python_operator.py
[2023-10-13T23:15:24.981+0000] {processor.py:839} INFO - DAG(s) dict_keys(['example_python_operator']) retrieved from /home/airflow/.local/lib/python3.8/site-packages/airflow/example_dags/example_python_operator.py
[2023-10-13T23:15:24.997+0000] {logging_mixin.py:151} INFO - [2023-10-13T23:15:24.996+0000] {dag.py:2941} INFO - Sync 1 DAGs
[2023-10-13T23:15:25.004+0000] {logging_mixin.py:151} INFO - [2023-10-13T23:15:25.004+0000] {dag.py:3722} INFO - Setting next_dagrun for example_python_operator to None, run_after=None
[2023-10-13T23:15:25.015+0000] {processor.py:179} INFO - Processing /home/airflow/.local/lib/python3.8/site-packages/airflow/example_dags/example_python_operator.py took 0.047 seconds
[2023-10-13T23:15:55.152+0000] {processor.py:157} INFO - Started process (PID=539) to work on /home/airflow/.local/lib/python3.8/site-packages/airflow/example_dags/example_python_operator.py
[2023-10-13T23:15:55.153+0000] {processor.py:829} INFO - Processing file /home/airflow/.local/lib/python3.8/site-packages/airflow/example_dags/example_python_operator.py for tasks to queue
[2023-10-13T23:15:55.155+0000] {logging_mixin.py:151} INFO - [2023-10-13T23:15:55.154+0000] {dagbag.py:536} INFO - Filling up the DagBag from /home/airflow/.local/lib/python3.8/site-packages/airflow/example_dags/example_python_operator.py
[2023-10-13T23:15:55.160+0000] {processor.py:839} INFO - DAG(s) dict_keys(['example_python_operator']) retrieved from /home/airflow/.local/lib/python3.8/site-packages/airflow/example_dags/example_python_operator.py
[2023-10-13T23:15:55.175+0000] {logging_mixin.py:151} INFO - [2023-10-13T23:15:55.175+0000] {dag.py:2941} INFO - Sync 1 DAGs
[2023-10-13T23:15:55.182+0000] {logging_mixin.py:151} INFO - [2023-10-13T23:15:55.181+0000] {dag.py:3722} INFO - Setting next_dagrun for example_python_operator to None, run_after=None
[2023-10-13T23:15:55.191+0000] {processor.py:179} INFO - Processing /home/airflow/.local/lib/python3.8/site-packages/airflow/example_dags/example_python_operator.py took 0.040 seconds
[2023-10-13T23:16:25.988+0000] {processor.py:157} INFO - Started process (PID=593) to work on /home/airflow/.local/lib/python3.8/site-packages/airflow/example_dags/example_python_operator.py
[2023-10-13T23:16:25.988+0000] {processor.py:829} INFO - Processing file /home/airflow/.local/lib/python3.8/site-packages/airflow/example_dags/example_python_operator.py for tasks to queue
[2023-10-13T23:16:25.990+0000] {logging_mixin.py:151} INFO - [2023-10-13T23:16:25.990+0000] {dagbag.py:536} INFO - Filling up the DagBag from /home/airflow/.local/lib/python3.8/site-packages/airflow/example_dags/example_python_operator.py
[2023-10-13T23:16:25.996+0000] {processor.py:839} INFO - DAG(s) dict_keys(['example_python_operator']) retrieved from /home/airflow/.local/lib/python3.8/site-packages/airflow/example_dags/example_python_operator.py
[2023-10-13T23:16:26.009+0000] {logging_mixin.py:151} INFO - [2023-10-13T23:16:26.009+0000] {dag.py:2941} INFO - Sync 1 DAGs
[2023-10-13T23:16:26.016+0000] {logging_mixin.py:151} INFO - [2023-10-13T23:16:26.016+0000] {dag.py:3722} INFO - Setting next_dagrun for example_python_operator to None, run_after=None
[2023-10-13T23:16:26.025+0000] {processor.py:179} INFO - Processing /home/airflow/.local/lib/python3.8/site-packages/airflow/example_dags/example_python_operator.py took 0.039 seconds
[2023-10-13T23:16:56.296+0000] {processor.py:157} INFO - Started process (PID=647) to work on /home/airflow/.local/lib/python3.8/site-packages/airflow/example_dags/example_python_operator.py
[2023-10-13T23:16:56.297+0000] {processor.py:829} INFO - Processing file /home/airflow/.local/lib/python3.8/site-packages/airflow/example_dags/example_python_operator.py for tasks to queue
[2023-10-13T23:16:56.299+0000] {logging_mixin.py:151} INFO - [2023-10-13T23:16:56.298+0000] {dagbag.py:536} INFO - Filling up the DagBag from /home/airflow/.local/lib/python3.8/site-packages/airflow/example_dags/example_python_operator.py
[2023-10-13T23:16:56.305+0000] {processor.py:839} INFO - DAG(s) dict_keys(['example_python_operator']) retrieved from /home/airflow/.local/lib/python3.8/site-packages/airflow/example_dags/example_python_operator.py
[2023-10-13T23:16:56.319+0000] {logging_mixin.py:151} INFO - [2023-10-13T23:16:56.319+0000] {dag.py:2941} INFO - Sync 1 DAGs
[2023-10-13T23:16:56.326+0000] {logging_mixin.py:151} INFO - [2023-10-13T23:16:56.326+0000] {dag.py:3722} INFO - Setting next_dagrun for example_python_operator to None, run_after=None
[2023-10-13T23:16:56.335+0000] {processor.py:179} INFO - Processing /home/airflow/.local/lib/python3.8/site-packages/airflow/example_dags/example_python_operator.py took 0.041 seconds
[2023-10-13T23:17:27.309+0000] {processor.py:157} INFO - Started process (PID=701) to work on /home/airflow/.local/lib/python3.8/site-packages/airflow/example_dags/example_python_operator.py
[2023-10-13T23:17:27.310+0000] {processor.py:829} INFO - Processing file /home/airflow/.local/lib/python3.8/site-packages/airflow/example_dags/example_python_operator.py for tasks to queue
[2023-10-13T23:17:27.311+0000] {logging_mixin.py:151} INFO - [2023-10-13T23:17:27.311+0000] {dagbag.py:536} INFO - Filling up the DagBag from /home/airflow/.local/lib/python3.8/site-packages/airflow/example_dags/example_python_operator.py
[2023-10-13T23:17:27.317+0000] {processor.py:839} INFO - DAG(s) dict_keys(['example_python_operator']) retrieved from /home/airflow/.local/lib/python3.8/site-packages/airflow/example_dags/example_python_operator.py
[2023-10-13T23:17:27.330+0000] {logging_mixin.py:151} INFO - [2023-10-13T23:17:27.330+0000] {dag.py:2941} INFO - Sync 1 DAGs
[2023-10-13T23:17:27.336+0000] {logging_mixin.py:151} INFO - [2023-10-13T23:17:27.336+0000] {dag.py:3722} INFO - Setting next_dagrun for example_python_operator to None, run_after=None
[2023-10-13T23:17:27.344+0000] {processor.py:179} INFO - Processing /home/airflow/.local/lib/python3.8/site-packages/airflow/example_dags/example_python_operator.py took 0.037 seconds
[2023-10-13T23:17:58.257+0000] {processor.py:157} INFO - Started process (PID=755) to work on /home/airflow/.local/lib/python3.8/site-packages/airflow/example_dags/example_python_operator.py
[2023-10-13T23:17:58.258+0000] {processor.py:829} INFO - Processing file /home/airflow/.local/lib/python3.8/site-packages/airflow/example_dags/example_python_operator.py for tasks to queue
[2023-10-13T23:17:58.260+0000] {logging_mixin.py:151} INFO - [2023-10-13T23:17:58.260+0000] {dagbag.py:536} INFO - Filling up the DagBag from /home/airflow/.local/lib/python3.8/site-packages/airflow/example_dags/example_python_operator.py
[2023-10-13T23:17:58.267+0000] {processor.py:839} INFO - DAG(s) dict_keys(['example_python_operator']) retrieved from /home/airflow/.local/lib/python3.8/site-packages/airflow/example_dags/example_python_operator.py
[2023-10-13T23:17:58.283+0000] {logging_mixin.py:151} INFO - [2023-10-13T23:17:58.282+0000] {dag.py:2941} INFO - Sync 1 DAGs
[2023-10-13T23:17:58.289+0000] {logging_mixin.py:151} INFO - [2023-10-13T23:17:58.289+0000] {dag.py:3722} INFO - Setting next_dagrun for example_python_operator to None, run_after=None
[2023-10-13T23:17:58.298+0000] {processor.py:179} INFO - Processing /home/airflow/.local/lib/python3.8/site-packages/airflow/example_dags/example_python_operator.py took 0.044 seconds
[2023-10-13T23:18:28.435+0000] {processor.py:157} INFO - Started process (PID=809) to work on /home/airflow/.local/lib/python3.8/site-packages/airflow/example_dags/example_python_operator.py
[2023-10-13T23:18:28.436+0000] {processor.py:829} INFO - Processing file /home/airflow/.local/lib/python3.8/site-packages/airflow/example_dags/example_python_operator.py for tasks to queue
[2023-10-13T23:18:28.437+0000] {logging_mixin.py:151} INFO - [2023-10-13T23:18:28.437+0000] {dagbag.py:536} INFO - Filling up the DagBag from /home/airflow/.local/lib/python3.8/site-packages/airflow/example_dags/example_python_operator.py
[2023-10-13T23:18:28.444+0000] {processor.py:839} INFO - DAG(s) dict_keys(['example_python_operator']) retrieved from /home/airflow/.local/lib/python3.8/site-packages/airflow/example_dags/example_python_operator.py
[2023-10-13T23:18:28.459+0000] {logging_mixin.py:151} INFO - [2023-10-13T23:18:28.459+0000] {dag.py:2941} INFO - Sync 1 DAGs
[2023-10-13T23:18:28.466+0000] {logging_mixin.py:151} INFO - [2023-10-13T23:18:28.466+0000] {dag.py:3722} INFO - Setting next_dagrun for example_python_operator to None, run_after=None
[2023-10-13T23:18:28.477+0000] {processor.py:179} INFO - Processing /home/airflow/.local/lib/python3.8/site-packages/airflow/example_dags/example_python_operator.py took 0.044 seconds
[2023-10-13T23:18:58.584+0000] {processor.py:157} INFO - Started process (PID=863) to work on /home/airflow/.local/lib/python3.8/site-packages/airflow/example_dags/example_python_operator.py
[2023-10-13T23:18:58.585+0000] {processor.py:829} INFO - Processing file /home/airflow/.local/lib/python3.8/site-packages/airflow/example_dags/example_python_operator.py for tasks to queue
[2023-10-13T23:18:58.586+0000] {logging_mixin.py:151} INFO - [2023-10-13T23:18:58.586+0000] {dagbag.py:536} INFO - Filling up the DagBag from /home/airflow/.local/lib/python3.8/site-packages/airflow/example_dags/example_python_operator.py
[2023-10-13T23:18:58.592+0000] {processor.py:839} INFO - DAG(s) dict_keys(['example_python_operator']) retrieved from /home/airflow/.local/lib/python3.8/site-packages/airflow/example_dags/example_python_operator.py
[2023-10-13T23:18:58.606+0000] {logging_mixin.py:151} INFO - [2023-10-13T23:18:58.606+0000] {dag.py:2941} INFO - Sync 1 DAGs
[2023-10-13T23:18:58.612+0000] {logging_mixin.py:151} INFO - [2023-10-13T23:18:58.612+0000] {dag.py:3722} INFO - Setting next_dagrun for example_python_operator to None, run_after=None
[2023-10-13T23:18:58.621+0000] {processor.py:179} INFO - Processing /home/airflow/.local/lib/python3.8/site-packages/airflow/example_dags/example_python_operator.py took 0.038 seconds
[2023-10-13T23:19:28.693+0000] {processor.py:157} INFO - Started process (PID=917) to work on /home/airflow/.local/lib/python3.8/site-packages/airflow/example_dags/example_python_operator.py
[2023-10-13T23:19:28.693+0000] {processor.py:829} INFO - Processing file /home/airflow/.local/lib/python3.8/site-packages/airflow/example_dags/example_python_operator.py for tasks to queue
[2023-10-13T23:19:28.695+0000] {logging_mixin.py:151} INFO - [2023-10-13T23:19:28.695+0000] {dagbag.py:536} INFO - Filling up the DagBag from /home/airflow/.local/lib/python3.8/site-packages/airflow/example_dags/example_python_operator.py
[2023-10-13T23:19:28.701+0000] {processor.py:839} INFO - DAG(s) dict_keys(['example_python_operator']) retrieved from /home/airflow/.local/lib/python3.8/site-packages/airflow/example_dags/example_python_operator.py
[2023-10-13T23:19:28.716+0000] {logging_mixin.py:151} INFO - [2023-10-13T23:19:28.715+0000] {dag.py:2941} INFO - Sync 1 DAGs
[2023-10-13T23:19:28.722+0000] {logging_mixin.py:151} INFO - [2023-10-13T23:19:28.722+0000] {dag.py:3722} INFO - Setting next_dagrun for example_python_operator to None, run_after=None
[2023-10-13T23:19:28.731+0000] {processor.py:179} INFO - Processing /home/airflow/.local/lib/python3.8/site-packages/airflow/example_dags/example_python_operator.py took 0.041 seconds
