[2023-10-13T23:09:58.305+0000] {processor.py:157} INFO - Started process (PID=45) to work on /home/airflow/.local/lib/python3.8/site-packages/airflow/example_dags/example_dag_decorator.py
[2023-10-13T23:09:58.306+0000] {processor.py:829} INFO - Processing file /home/airflow/.local/lib/python3.8/site-packages/airflow/example_dags/example_dag_decorator.py for tasks to queue
[2023-10-13T23:09:58.307+0000] {logging_mixin.py:151} INFO - [2023-10-13T23:09:58.307+0000] {dagbag.py:536} INFO - Filling up the DagBag from /home/airflow/.local/lib/python3.8/site-packages/airflow/example_dags/example_dag_decorator.py
[2023-10-13T23:09:58.407+0000] {processor.py:839} INFO - DAG(s) dict_keys(['example_dag_decorator']) retrieved from /home/airflow/.local/lib/python3.8/site-packages/airflow/example_dags/example_dag_decorator.py
[2023-10-13T23:09:58.419+0000] {logging_mixin.py:151} INFO - [2023-10-13T23:09:58.418+0000] {dag.py:2941} INFO - Sync 1 DAGs
[2023-10-13T23:09:58.433+0000] {logging_mixin.py:151} INFO - [2023-10-13T23:09:58.432+0000] {dag.py:3722} INFO - Setting next_dagrun for example_dag_decorator to None, run_after=None
[2023-10-13T23:09:58.445+0000] {processor.py:179} INFO - Processing /home/airflow/.local/lib/python3.8/site-packages/airflow/example_dags/example_dag_decorator.py took 0.146 seconds
[2023-10-13T23:11:22.668+0000] {processor.py:157} INFO - Started process (PID=44) to work on /home/airflow/.local/lib/python3.8/site-packages/airflow/example_dags/example_dag_decorator.py
[2023-10-13T23:11:22.670+0000] {processor.py:829} INFO - Processing file /home/airflow/.local/lib/python3.8/site-packages/airflow/example_dags/example_dag_decorator.py for tasks to queue
[2023-10-13T23:11:22.674+0000] {logging_mixin.py:151} INFO - [2023-10-13T23:11:22.673+0000] {dagbag.py:536} INFO - Filling up the DagBag from /home/airflow/.local/lib/python3.8/site-packages/airflow/example_dags/example_dag_decorator.py
[2023-10-13T23:11:22.737+0000] {processor.py:839} INFO - DAG(s) dict_keys(['example_dag_decorator']) retrieved from /home/airflow/.local/lib/python3.8/site-packages/airflow/example_dags/example_dag_decorator.py
[2023-10-13T23:11:22.749+0000] {logging_mixin.py:151} INFO - [2023-10-13T23:11:22.749+0000] {dag.py:2941} INFO - Sync 1 DAGs
[2023-10-13T23:11:22.762+0000] {logging_mixin.py:151} INFO - [2023-10-13T23:11:22.762+0000] {dag.py:3722} INFO - Setting next_dagrun for example_dag_decorator to None, run_after=None
[2023-10-13T23:11:22.786+0000] {processor.py:179} INFO - Processing /home/airflow/.local/lib/python3.8/site-packages/airflow/example_dags/example_dag_decorator.py took 0.124 seconds
[2023-10-13T23:11:53.194+0000] {processor.py:157} INFO - Started process (PID=98) to work on /home/airflow/.local/lib/python3.8/site-packages/airflow/example_dags/example_dag_decorator.py
[2023-10-13T23:11:53.195+0000] {processor.py:829} INFO - Processing file /home/airflow/.local/lib/python3.8/site-packages/airflow/example_dags/example_dag_decorator.py for tasks to queue
[2023-10-13T23:11:53.197+0000] {logging_mixin.py:151} INFO - [2023-10-13T23:11:53.196+0000] {dagbag.py:536} INFO - Filling up the DagBag from /home/airflow/.local/lib/python3.8/site-packages/airflow/example_dags/example_dag_decorator.py
[2023-10-13T23:11:53.244+0000] {processor.py:839} INFO - DAG(s) dict_keys(['example_dag_decorator']) retrieved from /home/airflow/.local/lib/python3.8/site-packages/airflow/example_dags/example_dag_decorator.py
[2023-10-13T23:11:53.366+0000] {logging_mixin.py:151} INFO - [2023-10-13T23:11:53.365+0000] {dag.py:2941} INFO - Sync 1 DAGs
[2023-10-13T23:11:53.372+0000] {logging_mixin.py:151} INFO - [2023-10-13T23:11:53.372+0000] {dag.py:3722} INFO - Setting next_dagrun for example_dag_decorator to None, run_after=None
[2023-10-13T23:11:53.385+0000] {processor.py:179} INFO - Processing /home/airflow/.local/lib/python3.8/site-packages/airflow/example_dags/example_dag_decorator.py took 0.193 seconds
[2023-10-13T23:12:23.438+0000] {processor.py:157} INFO - Started process (PID=154) to work on /home/airflow/.local/lib/python3.8/site-packages/airflow/example_dags/example_dag_decorator.py
[2023-10-13T23:12:23.439+0000] {processor.py:829} INFO - Processing file /home/airflow/.local/lib/python3.8/site-packages/airflow/example_dags/example_dag_decorator.py for tasks to queue
[2023-10-13T23:12:23.441+0000] {logging_mixin.py:151} INFO - [2023-10-13T23:12:23.441+0000] {dagbag.py:536} INFO - Filling up the DagBag from /home/airflow/.local/lib/python3.8/site-packages/airflow/example_dags/example_dag_decorator.py
[2023-10-13T23:12:23.501+0000] {processor.py:839} INFO - DAG(s) dict_keys(['example_dag_decorator']) retrieved from /home/airflow/.local/lib/python3.8/site-packages/airflow/example_dags/example_dag_decorator.py
[2023-10-13T23:12:23.565+0000] {logging_mixin.py:151} INFO - [2023-10-13T23:12:23.565+0000] {dag.py:2941} INFO - Sync 1 DAGs
[2023-10-13T23:12:23.571+0000] {logging_mixin.py:151} INFO - [2023-10-13T23:12:23.571+0000] {dag.py:3722} INFO - Setting next_dagrun for example_dag_decorator to None, run_after=None
[2023-10-13T23:12:23.583+0000] {processor.py:179} INFO - Processing /home/airflow/.local/lib/python3.8/site-packages/airflow/example_dags/example_dag_decorator.py took 0.148 seconds
[2023-10-13T23:12:53.635+0000] {processor.py:157} INFO - Started process (PID=209) to work on /home/airflow/.local/lib/python3.8/site-packages/airflow/example_dags/example_dag_decorator.py
[2023-10-13T23:12:53.636+0000] {processor.py:829} INFO - Processing file /home/airflow/.local/lib/python3.8/site-packages/airflow/example_dags/example_dag_decorator.py for tasks to queue
[2023-10-13T23:12:53.637+0000] {logging_mixin.py:151} INFO - [2023-10-13T23:12:53.637+0000] {dagbag.py:536} INFO - Filling up the DagBag from /home/airflow/.local/lib/python3.8/site-packages/airflow/example_dags/example_dag_decorator.py
[2023-10-13T23:12:53.677+0000] {processor.py:839} INFO - DAG(s) dict_keys(['example_dag_decorator']) retrieved from /home/airflow/.local/lib/python3.8/site-packages/airflow/example_dags/example_dag_decorator.py
[2023-10-13T23:12:53.735+0000] {logging_mixin.py:151} INFO - [2023-10-13T23:12:53.735+0000] {dag.py:2941} INFO - Sync 1 DAGs
[2023-10-13T23:12:53.742+0000] {logging_mixin.py:151} INFO - [2023-10-13T23:12:53.742+0000] {dag.py:3722} INFO - Setting next_dagrun for example_dag_decorator to None, run_after=None
[2023-10-13T23:12:53.754+0000] {processor.py:179} INFO - Processing /home/airflow/.local/lib/python3.8/site-packages/airflow/example_dags/example_dag_decorator.py took 0.121 seconds
[2023-10-13T23:13:23.793+0000] {processor.py:157} INFO - Started process (PID=262) to work on /home/airflow/.local/lib/python3.8/site-packages/airflow/example_dags/example_dag_decorator.py
[2023-10-13T23:13:23.794+0000] {processor.py:829} INFO - Processing file /home/airflow/.local/lib/python3.8/site-packages/airflow/example_dags/example_dag_decorator.py for tasks to queue
[2023-10-13T23:13:23.796+0000] {logging_mixin.py:151} INFO - [2023-10-13T23:13:23.795+0000] {dagbag.py:536} INFO - Filling up the DagBag from /home/airflow/.local/lib/python3.8/site-packages/airflow/example_dags/example_dag_decorator.py
[2023-10-13T23:13:23.837+0000] {processor.py:839} INFO - DAG(s) dict_keys(['example_dag_decorator']) retrieved from /home/airflow/.local/lib/python3.8/site-packages/airflow/example_dags/example_dag_decorator.py
[2023-10-13T23:13:23.893+0000] {logging_mixin.py:151} INFO - [2023-10-13T23:13:23.893+0000] {dag.py:2941} INFO - Sync 1 DAGs
[2023-10-13T23:13:23.900+0000] {logging_mixin.py:151} INFO - [2023-10-13T23:13:23.900+0000] {dag.py:3722} INFO - Setting next_dagrun for example_dag_decorator to None, run_after=None
[2023-10-13T23:13:23.912+0000] {processor.py:179} INFO - Processing /home/airflow/.local/lib/python3.8/site-packages/airflow/example_dags/example_dag_decorator.py took 0.121 seconds
[2023-10-13T23:13:53.939+0000] {processor.py:157} INFO - Started process (PID=315) to work on /home/airflow/.local/lib/python3.8/site-packages/airflow/example_dags/example_dag_decorator.py
[2023-10-13T23:13:53.940+0000] {processor.py:829} INFO - Processing file /home/airflow/.local/lib/python3.8/site-packages/airflow/example_dags/example_dag_decorator.py for tasks to queue
[2023-10-13T23:13:53.942+0000] {logging_mixin.py:151} INFO - [2023-10-13T23:13:53.941+0000] {dagbag.py:536} INFO - Filling up the DagBag from /home/airflow/.local/lib/python3.8/site-packages/airflow/example_dags/example_dag_decorator.py
[2023-10-13T23:13:53.980+0000] {processor.py:839} INFO - DAG(s) dict_keys(['example_dag_decorator']) retrieved from /home/airflow/.local/lib/python3.8/site-packages/airflow/example_dags/example_dag_decorator.py
[2023-10-13T23:13:53.995+0000] {logging_mixin.py:151} INFO - [2023-10-13T23:13:53.995+0000] {dag.py:2941} INFO - Sync 1 DAGs
[2023-10-13T23:13:54.002+0000] {logging_mixin.py:151} INFO - [2023-10-13T23:13:54.002+0000] {dag.py:3722} INFO - Setting next_dagrun for example_dag_decorator to None, run_after=None
[2023-10-13T23:13:54.013+0000] {processor.py:179} INFO - Processing /home/airflow/.local/lib/python3.8/site-packages/airflow/example_dags/example_dag_decorator.py took 0.075 seconds
[2023-10-13T23:14:24.111+0000] {processor.py:157} INFO - Started process (PID=368) to work on /home/airflow/.local/lib/python3.8/site-packages/airflow/example_dags/example_dag_decorator.py
[2023-10-13T23:14:24.112+0000] {processor.py:829} INFO - Processing file /home/airflow/.local/lib/python3.8/site-packages/airflow/example_dags/example_dag_decorator.py for tasks to queue
[2023-10-13T23:14:24.113+0000] {logging_mixin.py:151} INFO - [2023-10-13T23:14:24.113+0000] {dagbag.py:536} INFO - Filling up the DagBag from /home/airflow/.local/lib/python3.8/site-packages/airflow/example_dags/example_dag_decorator.py
[2023-10-13T23:14:24.158+0000] {processor.py:839} INFO - DAG(s) dict_keys(['example_dag_decorator']) retrieved from /home/airflow/.local/lib/python3.8/site-packages/airflow/example_dags/example_dag_decorator.py
[2023-10-13T23:14:24.230+0000] {logging_mixin.py:151} INFO - [2023-10-13T23:14:24.230+0000] {dag.py:2941} INFO - Sync 1 DAGs
[2023-10-13T23:14:24.238+0000] {logging_mixin.py:151} INFO - [2023-10-13T23:14:24.237+0000] {dag.py:3722} INFO - Setting next_dagrun for example_dag_decorator to None, run_after=None
[2023-10-13T23:14:24.250+0000] {processor.py:179} INFO - Processing /home/airflow/.local/lib/python3.8/site-packages/airflow/example_dags/example_dag_decorator.py took 0.142 seconds
[2023-10-13T23:14:54.356+0000] {processor.py:157} INFO - Started process (PID=423) to work on /home/airflow/.local/lib/python3.8/site-packages/airflow/example_dags/example_dag_decorator.py
[2023-10-13T23:14:54.357+0000] {processor.py:829} INFO - Processing file /home/airflow/.local/lib/python3.8/site-packages/airflow/example_dags/example_dag_decorator.py for tasks to queue
[2023-10-13T23:14:54.360+0000] {logging_mixin.py:151} INFO - [2023-10-13T23:14:54.360+0000] {dagbag.py:536} INFO - Filling up the DagBag from /home/airflow/.local/lib/python3.8/site-packages/airflow/example_dags/example_dag_decorator.py
[2023-10-13T23:14:54.407+0000] {processor.py:839} INFO - DAG(s) dict_keys(['example_dag_decorator']) retrieved from /home/airflow/.local/lib/python3.8/site-packages/airflow/example_dags/example_dag_decorator.py
[2023-10-13T23:14:54.468+0000] {logging_mixin.py:151} INFO - [2023-10-13T23:14:54.468+0000] {dag.py:2941} INFO - Sync 1 DAGs
[2023-10-13T23:14:54.475+0000] {logging_mixin.py:151} INFO - [2023-10-13T23:14:54.475+0000] {dag.py:3722} INFO - Setting next_dagrun for example_dag_decorator to None, run_after=None
[2023-10-13T23:14:54.487+0000] {processor.py:179} INFO - Processing /home/airflow/.local/lib/python3.8/site-packages/airflow/example_dags/example_dag_decorator.py took 0.133 seconds
[2023-10-13T23:15:24.655+0000] {processor.py:157} INFO - Started process (PID=478) to work on /home/airflow/.local/lib/python3.8/site-packages/airflow/example_dags/example_dag_decorator.py
[2023-10-13T23:15:24.656+0000] {processor.py:829} INFO - Processing file /home/airflow/.local/lib/python3.8/site-packages/airflow/example_dags/example_dag_decorator.py for tasks to queue
[2023-10-13T23:15:24.657+0000] {logging_mixin.py:151} INFO - [2023-10-13T23:15:24.657+0000] {dagbag.py:536} INFO - Filling up the DagBag from /home/airflow/.local/lib/python3.8/site-packages/airflow/example_dags/example_dag_decorator.py
[2023-10-13T23:15:24.705+0000] {processor.py:839} INFO - DAG(s) dict_keys(['example_dag_decorator']) retrieved from /home/airflow/.local/lib/python3.8/site-packages/airflow/example_dags/example_dag_decorator.py
[2023-10-13T23:15:24.785+0000] {logging_mixin.py:151} INFO - [2023-10-13T23:15:24.784+0000] {dag.py:2941} INFO - Sync 1 DAGs
[2023-10-13T23:15:24.792+0000] {logging_mixin.py:151} INFO - [2023-10-13T23:15:24.792+0000] {dag.py:3722} INFO - Setting next_dagrun for example_dag_decorator to None, run_after=None
[2023-10-13T23:15:24.803+0000] {processor.py:179} INFO - Processing /home/airflow/.local/lib/python3.8/site-packages/airflow/example_dags/example_dag_decorator.py took 0.151 seconds
[2023-10-13T23:15:54.861+0000] {processor.py:157} INFO - Started process (PID=534) to work on /home/airflow/.local/lib/python3.8/site-packages/airflow/example_dags/example_dag_decorator.py
[2023-10-13T23:15:54.862+0000] {processor.py:829} INFO - Processing file /home/airflow/.local/lib/python3.8/site-packages/airflow/example_dags/example_dag_decorator.py for tasks to queue
[2023-10-13T23:15:54.863+0000] {logging_mixin.py:151} INFO - [2023-10-13T23:15:54.863+0000] {dagbag.py:536} INFO - Filling up the DagBag from /home/airflow/.local/lib/python3.8/site-packages/airflow/example_dags/example_dag_decorator.py
[2023-10-13T23:15:54.903+0000] {processor.py:839} INFO - DAG(s) dict_keys(['example_dag_decorator']) retrieved from /home/airflow/.local/lib/python3.8/site-packages/airflow/example_dags/example_dag_decorator.py
[2023-10-13T23:15:54.954+0000] {logging_mixin.py:151} INFO - [2023-10-13T23:15:54.954+0000] {dag.py:2941} INFO - Sync 1 DAGs
[2023-10-13T23:15:54.959+0000] {logging_mixin.py:151} INFO - [2023-10-13T23:15:54.959+0000] {dag.py:3722} INFO - Setting next_dagrun for example_dag_decorator to None, run_after=None
[2023-10-13T23:15:54.967+0000] {processor.py:179} INFO - Processing /home/airflow/.local/lib/python3.8/site-packages/airflow/example_dags/example_dag_decorator.py took 0.108 seconds
[2023-10-13T23:16:25.655+0000] {processor.py:157} INFO - Started process (PID=584) to work on /home/airflow/.local/lib/python3.8/site-packages/airflow/example_dags/example_dag_decorator.py
[2023-10-13T23:16:25.656+0000] {processor.py:829} INFO - Processing file /home/airflow/.local/lib/python3.8/site-packages/airflow/example_dags/example_dag_decorator.py for tasks to queue
[2023-10-13T23:16:25.657+0000] {logging_mixin.py:151} INFO - [2023-10-13T23:16:25.657+0000] {dagbag.py:536} INFO - Filling up the DagBag from /home/airflow/.local/lib/python3.8/site-packages/airflow/example_dags/example_dag_decorator.py
[2023-10-13T23:16:25.698+0000] {processor.py:839} INFO - DAG(s) dict_keys(['example_dag_decorator']) retrieved from /home/airflow/.local/lib/python3.8/site-packages/airflow/example_dags/example_dag_decorator.py
[2023-10-13T23:16:25.760+0000] {logging_mixin.py:151} INFO - [2023-10-13T23:16:25.759+0000] {dag.py:2941} INFO - Sync 1 DAGs
[2023-10-13T23:16:25.767+0000] {logging_mixin.py:151} INFO - [2023-10-13T23:16:25.767+0000] {dag.py:3722} INFO - Setting next_dagrun for example_dag_decorator to None, run_after=None
[2023-10-13T23:16:25.779+0000] {processor.py:179} INFO - Processing /home/airflow/.local/lib/python3.8/site-packages/airflow/example_dags/example_dag_decorator.py took 0.126 seconds
[2023-10-13T23:16:55.972+0000] {processor.py:157} INFO - Started process (PID=640) to work on /home/airflow/.local/lib/python3.8/site-packages/airflow/example_dags/example_dag_decorator.py
[2023-10-13T23:16:55.973+0000] {processor.py:829} INFO - Processing file /home/airflow/.local/lib/python3.8/site-packages/airflow/example_dags/example_dag_decorator.py for tasks to queue
[2023-10-13T23:16:55.974+0000] {logging_mixin.py:151} INFO - [2023-10-13T23:16:55.974+0000] {dagbag.py:536} INFO - Filling up the DagBag from /home/airflow/.local/lib/python3.8/site-packages/airflow/example_dags/example_dag_decorator.py
[2023-10-13T23:16:56.014+0000] {processor.py:839} INFO - DAG(s) dict_keys(['example_dag_decorator']) retrieved from /home/airflow/.local/lib/python3.8/site-packages/airflow/example_dags/example_dag_decorator.py
[2023-10-13T23:16:56.069+0000] {logging_mixin.py:151} INFO - [2023-10-13T23:16:56.069+0000] {dag.py:2941} INFO - Sync 1 DAGs
[2023-10-13T23:16:56.075+0000] {logging_mixin.py:151} INFO - [2023-10-13T23:16:56.075+0000] {dag.py:3722} INFO - Setting next_dagrun for example_dag_decorator to None, run_after=None
[2023-10-13T23:16:56.086+0000] {processor.py:179} INFO - Processing /home/airflow/.local/lib/python3.8/site-packages/airflow/example_dags/example_dag_decorator.py took 0.116 seconds
[2023-10-13T23:17:27.073+0000] {processor.py:157} INFO - Started process (PID=695) to work on /home/airflow/.local/lib/python3.8/site-packages/airflow/example_dags/example_dag_decorator.py
[2023-10-13T23:17:27.074+0000] {processor.py:829} INFO - Processing file /home/airflow/.local/lib/python3.8/site-packages/airflow/example_dags/example_dag_decorator.py for tasks to queue
[2023-10-13T23:17:27.076+0000] {logging_mixin.py:151} INFO - [2023-10-13T23:17:27.075+0000] {dagbag.py:536} INFO - Filling up the DagBag from /home/airflow/.local/lib/python3.8/site-packages/airflow/example_dags/example_dag_decorator.py
[2023-10-13T23:17:27.128+0000] {processor.py:839} INFO - DAG(s) dict_keys(['example_dag_decorator']) retrieved from /home/airflow/.local/lib/python3.8/site-packages/airflow/example_dags/example_dag_decorator.py
[2023-10-13T23:17:27.181+0000] {logging_mixin.py:151} INFO - [2023-10-13T23:17:27.180+0000] {dag.py:2941} INFO - Sync 1 DAGs
[2023-10-13T23:17:27.186+0000] {logging_mixin.py:151} INFO - [2023-10-13T23:17:27.186+0000] {dag.py:3722} INFO - Setting next_dagrun for example_dag_decorator to None, run_after=None
[2023-10-13T23:17:27.195+0000] {processor.py:179} INFO - Processing /home/airflow/.local/lib/python3.8/site-packages/airflow/example_dags/example_dag_decorator.py took 0.124 seconds
[2023-10-13T23:17:57.947+0000] {processor.py:157} INFO - Started process (PID=749) to work on /home/airflow/.local/lib/python3.8/site-packages/airflow/example_dags/example_dag_decorator.py
[2023-10-13T23:17:57.948+0000] {processor.py:829} INFO - Processing file /home/airflow/.local/lib/python3.8/site-packages/airflow/example_dags/example_dag_decorator.py for tasks to queue
[2023-10-13T23:17:57.951+0000] {logging_mixin.py:151} INFO - [2023-10-13T23:17:57.950+0000] {dagbag.py:536} INFO - Filling up the DagBag from /home/airflow/.local/lib/python3.8/site-packages/airflow/example_dags/example_dag_decorator.py
[2023-10-13T23:17:57.998+0000] {processor.py:839} INFO - DAG(s) dict_keys(['example_dag_decorator']) retrieved from /home/airflow/.local/lib/python3.8/site-packages/airflow/example_dags/example_dag_decorator.py
[2023-10-13T23:17:58.070+0000] {logging_mixin.py:151} INFO - [2023-10-13T23:17:58.070+0000] {dag.py:2941} INFO - Sync 1 DAGs
[2023-10-13T23:17:58.077+0000] {logging_mixin.py:151} INFO - [2023-10-13T23:17:58.077+0000] {dag.py:3722} INFO - Setting next_dagrun for example_dag_decorator to None, run_after=None
[2023-10-13T23:17:58.203+0000] {processor.py:179} INFO - Processing /home/airflow/.local/lib/python3.8/site-packages/airflow/example_dags/example_dag_decorator.py took 0.260 seconds
[2023-10-13T23:18:28.304+0000] {processor.py:157} INFO - Started process (PID=806) to work on /home/airflow/.local/lib/python3.8/site-packages/airflow/example_dags/example_dag_decorator.py
[2023-10-13T23:18:28.305+0000] {processor.py:829} INFO - Processing file /home/airflow/.local/lib/python3.8/site-packages/airflow/example_dags/example_dag_decorator.py for tasks to queue
[2023-10-13T23:18:28.307+0000] {logging_mixin.py:151} INFO - [2023-10-13T23:18:28.306+0000] {dagbag.py:536} INFO - Filling up the DagBag from /home/airflow/.local/lib/python3.8/site-packages/airflow/example_dags/example_dag_decorator.py
[2023-10-13T23:18:28.348+0000] {processor.py:839} INFO - DAG(s) dict_keys(['example_dag_decorator']) retrieved from /home/airflow/.local/lib/python3.8/site-packages/airflow/example_dags/example_dag_decorator.py
[2023-10-13T23:18:28.408+0000] {logging_mixin.py:151} INFO - [2023-10-13T23:18:28.408+0000] {dag.py:2941} INFO - Sync 1 DAGs
[2023-10-13T23:18:28.414+0000] {logging_mixin.py:151} INFO - [2023-10-13T23:18:28.414+0000] {dag.py:3722} INFO - Setting next_dagrun for example_dag_decorator to None, run_after=None
[2023-10-13T23:18:28.424+0000] {processor.py:179} INFO - Processing /home/airflow/.local/lib/python3.8/site-packages/airflow/example_dags/example_dag_decorator.py took 0.123 seconds
[2023-10-13T23:18:58.464+0000] {processor.py:157} INFO - Started process (PID=860) to work on /home/airflow/.local/lib/python3.8/site-packages/airflow/example_dags/example_dag_decorator.py
[2023-10-13T23:18:58.465+0000] {processor.py:829} INFO - Processing file /home/airflow/.local/lib/python3.8/site-packages/airflow/example_dags/example_dag_decorator.py for tasks to queue
[2023-10-13T23:18:58.466+0000] {logging_mixin.py:151} INFO - [2023-10-13T23:18:58.466+0000] {dagbag.py:536} INFO - Filling up the DagBag from /home/airflow/.local/lib/python3.8/site-packages/airflow/example_dags/example_dag_decorator.py
[2023-10-13T23:18:58.504+0000] {processor.py:839} INFO - DAG(s) dict_keys(['example_dag_decorator']) retrieved from /home/airflow/.local/lib/python3.8/site-packages/airflow/example_dags/example_dag_decorator.py
[2023-10-13T23:18:58.558+0000] {logging_mixin.py:151} INFO - [2023-10-13T23:18:58.558+0000] {dag.py:2941} INFO - Sync 1 DAGs
[2023-10-13T23:18:58.564+0000] {logging_mixin.py:151} INFO - [2023-10-13T23:18:58.563+0000] {dag.py:3722} INFO - Setting next_dagrun for example_dag_decorator to None, run_after=None
[2023-10-13T23:18:58.572+0000] {processor.py:179} INFO - Processing /home/airflow/.local/lib/python3.8/site-packages/airflow/example_dags/example_dag_decorator.py took 0.111 seconds
[2023-10-13T23:19:28.633+0000] {processor.py:157} INFO - Started process (PID=915) to work on /home/airflow/.local/lib/python3.8/site-packages/airflow/example_dags/example_dag_decorator.py
[2023-10-13T23:19:28.634+0000] {processor.py:829} INFO - Processing file /home/airflow/.local/lib/python3.8/site-packages/airflow/example_dags/example_dag_decorator.py for tasks to queue
[2023-10-13T23:19:28.635+0000] {logging_mixin.py:151} INFO - [2023-10-13T23:19:28.635+0000] {dagbag.py:536} INFO - Filling up the DagBag from /home/airflow/.local/lib/python3.8/site-packages/airflow/example_dags/example_dag_decorator.py
[2023-10-13T23:19:28.673+0000] {processor.py:839} INFO - DAG(s) dict_keys(['example_dag_decorator']) retrieved from /home/airflow/.local/lib/python3.8/site-packages/airflow/example_dags/example_dag_decorator.py
[2023-10-13T23:19:28.729+0000] {logging_mixin.py:151} INFO - [2023-10-13T23:19:28.729+0000] {dag.py:2941} INFO - Sync 1 DAGs
[2023-10-13T23:19:28.735+0000] {logging_mixin.py:151} INFO - [2023-10-13T23:19:28.735+0000] {dag.py:3722} INFO - Setting next_dagrun for example_dag_decorator to None, run_after=None
[2023-10-13T23:19:28.833+0000] {processor.py:179} INFO - Processing /home/airflow/.local/lib/python3.8/site-packages/airflow/example_dags/example_dag_decorator.py took 0.202 seconds
