[2023-10-13T23:09:59.340+0000] {processor.py:157} INFO - Started process (PID=65) to work on /home/airflow/.local/lib/python3.8/site-packages/airflow/example_dags/example_latest_only_with_trigger.py
[2023-10-13T23:09:59.341+0000] {processor.py:829} INFO - Processing file /home/airflow/.local/lib/python3.8/site-packages/airflow/example_dags/example_latest_only_with_trigger.py for tasks to queue
[2023-10-13T23:09:59.343+0000] {logging_mixin.py:151} INFO - [2023-10-13T23:09:59.343+0000] {dagbag.py:536} INFO - Filling up the DagBag from /home/airflow/.local/lib/python3.8/site-packages/airflow/example_dags/example_latest_only_with_trigger.py
[2023-10-13T23:09:59.353+0000] {processor.py:839} INFO - DAG(s) dict_keys(['latest_only_with_trigger']) retrieved from /home/airflow/.local/lib/python3.8/site-packages/airflow/example_dags/example_latest_only_with_trigger.py
[2023-10-13T23:09:59.364+0000] {logging_mixin.py:151} INFO - [2023-10-13T23:09:59.364+0000] {dag.py:2941} INFO - Sync 1 DAGs
[2023-10-13T23:09:59.382+0000] {logging_mixin.py:151} INFO - [2023-10-13T23:09:59.382+0000] {dag.py:3722} INFO - Setting next_dagrun for latest_only_with_trigger to 2023-10-13T19:09:59.382337+00:00, run_after=2023-10-13T23:09:59.382337+00:00
[2023-10-13T23:09:59.394+0000] {processor.py:179} INFO - Processing /home/airflow/.local/lib/python3.8/site-packages/airflow/example_dags/example_latest_only_with_trigger.py took 0.057 seconds
[2023-10-13T23:11:23.751+0000] {processor.py:157} INFO - Started process (PID=64) to work on /home/airflow/.local/lib/python3.8/site-packages/airflow/example_dags/example_latest_only_with_trigger.py
[2023-10-13T23:11:23.751+0000] {processor.py:829} INFO - Processing file /home/airflow/.local/lib/python3.8/site-packages/airflow/example_dags/example_latest_only_with_trigger.py for tasks to queue
[2023-10-13T23:11:23.753+0000] {logging_mixin.py:151} INFO - [2023-10-13T23:11:23.753+0000] {dagbag.py:536} INFO - Filling up the DagBag from /home/airflow/.local/lib/python3.8/site-packages/airflow/example_dags/example_latest_only_with_trigger.py
[2023-10-13T23:11:23.758+0000] {processor.py:839} INFO - DAG(s) dict_keys(['latest_only_with_trigger']) retrieved from /home/airflow/.local/lib/python3.8/site-packages/airflow/example_dags/example_latest_only_with_trigger.py
[2023-10-13T23:11:23.771+0000] {logging_mixin.py:151} INFO - [2023-10-13T23:11:23.771+0000] {dag.py:2941} INFO - Sync 1 DAGs
[2023-10-13T23:11:23.793+0000] {logging_mixin.py:151} INFO - [2023-10-13T23:11:23.793+0000] {dag.py:3722} INFO - Setting next_dagrun for latest_only_with_trigger to 2023-10-13T19:11:23.792983+00:00, run_after=2023-10-13T23:11:23.792983+00:00
[2023-10-13T23:11:23.811+0000] {processor.py:179} INFO - Processing /home/airflow/.local/lib/python3.8/site-packages/airflow/example_dags/example_latest_only_with_trigger.py took 0.067 seconds
[2023-10-13T23:11:54.063+0000] {processor.py:157} INFO - Started process (PID=118) to work on /home/airflow/.local/lib/python3.8/site-packages/airflow/example_dags/example_latest_only_with_trigger.py
[2023-10-13T23:11:54.063+0000] {processor.py:829} INFO - Processing file /home/airflow/.local/lib/python3.8/site-packages/airflow/example_dags/example_latest_only_with_trigger.py for tasks to queue
[2023-10-13T23:11:54.065+0000] {logging_mixin.py:151} INFO - [2023-10-13T23:11:54.065+0000] {dagbag.py:536} INFO - Filling up the DagBag from /home/airflow/.local/lib/python3.8/site-packages/airflow/example_dags/example_latest_only_with_trigger.py
[2023-10-13T23:11:54.069+0000] {processor.py:839} INFO - DAG(s) dict_keys(['latest_only_with_trigger']) retrieved from /home/airflow/.local/lib/python3.8/site-packages/airflow/example_dags/example_latest_only_with_trigger.py
[2023-10-13T23:11:54.084+0000] {logging_mixin.py:151} INFO - [2023-10-13T23:11:54.084+0000] {dag.py:2941} INFO - Sync 1 DAGs
[2023-10-13T23:11:54.100+0000] {logging_mixin.py:151} INFO - [2023-10-13T23:11:54.099+0000] {dag.py:3722} INFO - Setting next_dagrun for latest_only_with_trigger to 2023-10-13T19:11:54.099837+00:00, run_after=2023-10-13T23:11:54.099837+00:00
[2023-10-13T23:11:54.111+0000] {processor.py:179} INFO - Processing /home/airflow/.local/lib/python3.8/site-packages/airflow/example_dags/example_latest_only_with_trigger.py took 0.050 seconds
[2023-10-13T23:12:24.305+0000] {processor.py:157} INFO - Started process (PID=172) to work on /home/airflow/.local/lib/python3.8/site-packages/airflow/example_dags/example_latest_only_with_trigger.py
[2023-10-13T23:12:24.306+0000] {processor.py:829} INFO - Processing file /home/airflow/.local/lib/python3.8/site-packages/airflow/example_dags/example_latest_only_with_trigger.py for tasks to queue
[2023-10-13T23:12:24.307+0000] {logging_mixin.py:151} INFO - [2023-10-13T23:12:24.307+0000] {dagbag.py:536} INFO - Filling up the DagBag from /home/airflow/.local/lib/python3.8/site-packages/airflow/example_dags/example_latest_only_with_trigger.py
[2023-10-13T23:12:24.311+0000] {processor.py:839} INFO - DAG(s) dict_keys(['latest_only_with_trigger']) retrieved from /home/airflow/.local/lib/python3.8/site-packages/airflow/example_dags/example_latest_only_with_trigger.py
[2023-10-13T23:12:24.327+0000] {logging_mixin.py:151} INFO - [2023-10-13T23:12:24.327+0000] {dag.py:2941} INFO - Sync 1 DAGs
[2023-10-13T23:12:24.340+0000] {logging_mixin.py:151} INFO - [2023-10-13T23:12:24.340+0000] {dag.py:3722} INFO - Setting next_dagrun for latest_only_with_trigger to 2023-10-13T19:12:24.340303+00:00, run_after=2023-10-13T23:12:24.340303+00:00
[2023-10-13T23:12:24.352+0000] {processor.py:179} INFO - Processing /home/airflow/.local/lib/python3.8/site-packages/airflow/example_dags/example_latest_only_with_trigger.py took 0.050 seconds
[2023-10-13T23:12:55.237+0000] {processor.py:157} INFO - Started process (PID=226) to work on /home/airflow/.local/lib/python3.8/site-packages/airflow/example_dags/example_latest_only_with_trigger.py
[2023-10-13T23:12:55.238+0000] {processor.py:829} INFO - Processing file /home/airflow/.local/lib/python3.8/site-packages/airflow/example_dags/example_latest_only_with_trigger.py for tasks to queue
[2023-10-13T23:12:55.239+0000] {logging_mixin.py:151} INFO - [2023-10-13T23:12:55.239+0000] {dagbag.py:536} INFO - Filling up the DagBag from /home/airflow/.local/lib/python3.8/site-packages/airflow/example_dags/example_latest_only_with_trigger.py
[2023-10-13T23:12:55.244+0000] {processor.py:839} INFO - DAG(s) dict_keys(['latest_only_with_trigger']) retrieved from /home/airflow/.local/lib/python3.8/site-packages/airflow/example_dags/example_latest_only_with_trigger.py
[2023-10-13T23:12:55.258+0000] {logging_mixin.py:151} INFO - [2023-10-13T23:12:55.258+0000] {dag.py:2941} INFO - Sync 1 DAGs
[2023-10-13T23:12:55.272+0000] {logging_mixin.py:151} INFO - [2023-10-13T23:12:55.272+0000] {dag.py:3722} INFO - Setting next_dagrun for latest_only_with_trigger to 2023-10-13T19:12:55.272541+00:00, run_after=2023-10-13T23:12:55.272541+00:00
[2023-10-13T23:12:55.283+0000] {processor.py:179} INFO - Processing /home/airflow/.local/lib/python3.8/site-packages/airflow/example_dags/example_latest_only_with_trigger.py took 0.048 seconds
[2023-10-13T23:13:25.482+0000] {processor.py:157} INFO - Started process (PID=280) to work on /home/airflow/.local/lib/python3.8/site-packages/airflow/example_dags/example_latest_only_with_trigger.py
[2023-10-13T23:13:25.483+0000] {processor.py:829} INFO - Processing file /home/airflow/.local/lib/python3.8/site-packages/airflow/example_dags/example_latest_only_with_trigger.py for tasks to queue
[2023-10-13T23:13:25.485+0000] {logging_mixin.py:151} INFO - [2023-10-13T23:13:25.485+0000] {dagbag.py:536} INFO - Filling up the DagBag from /home/airflow/.local/lib/python3.8/site-packages/airflow/example_dags/example_latest_only_with_trigger.py
[2023-10-13T23:13:25.488+0000] {processor.py:839} INFO - DAG(s) dict_keys(['latest_only_with_trigger']) retrieved from /home/airflow/.local/lib/python3.8/site-packages/airflow/example_dags/example_latest_only_with_trigger.py
[2023-10-13T23:13:25.503+0000] {logging_mixin.py:151} INFO - [2023-10-13T23:13:25.503+0000] {dag.py:2941} INFO - Sync 1 DAGs
[2023-10-13T23:13:25.516+0000] {logging_mixin.py:151} INFO - [2023-10-13T23:13:25.516+0000] {dag.py:3722} INFO - Setting next_dagrun for latest_only_with_trigger to 2023-10-13T19:13:25.516254+00:00, run_after=2023-10-13T23:13:25.516254+00:00
[2023-10-13T23:13:25.527+0000] {processor.py:179} INFO - Processing /home/airflow/.local/lib/python3.8/site-packages/airflow/example_dags/example_latest_only_with_trigger.py took 0.047 seconds
[2023-10-13T23:13:55.699+0000] {processor.py:157} INFO - Started process (PID=334) to work on /home/airflow/.local/lib/python3.8/site-packages/airflow/example_dags/example_latest_only_with_trigger.py
[2023-10-13T23:13:55.700+0000] {processor.py:829} INFO - Processing file /home/airflow/.local/lib/python3.8/site-packages/airflow/example_dags/example_latest_only_with_trigger.py for tasks to queue
[2023-10-13T23:13:55.701+0000] {logging_mixin.py:151} INFO - [2023-10-13T23:13:55.701+0000] {dagbag.py:536} INFO - Filling up the DagBag from /home/airflow/.local/lib/python3.8/site-packages/airflow/example_dags/example_latest_only_with_trigger.py
[2023-10-13T23:13:55.705+0000] {processor.py:839} INFO - DAG(s) dict_keys(['latest_only_with_trigger']) retrieved from /home/airflow/.local/lib/python3.8/site-packages/airflow/example_dags/example_latest_only_with_trigger.py
[2023-10-13T23:13:55.720+0000] {logging_mixin.py:151} INFO - [2023-10-13T23:13:55.720+0000] {dag.py:2941} INFO - Sync 1 DAGs
[2023-10-13T23:13:55.732+0000] {logging_mixin.py:151} INFO - [2023-10-13T23:13:55.732+0000] {dag.py:3722} INFO - Setting next_dagrun for latest_only_with_trigger to 2023-10-13T19:13:55.731875+00:00, run_after=2023-10-13T23:13:55.731875+00:00
[2023-10-13T23:13:55.741+0000] {processor.py:179} INFO - Processing /home/airflow/.local/lib/python3.8/site-packages/airflow/example_dags/example_latest_only_with_trigger.py took 0.044 seconds
[2023-10-13T23:14:25.890+0000] {processor.py:157} INFO - Started process (PID=388) to work on /home/airflow/.local/lib/python3.8/site-packages/airflow/example_dags/example_latest_only_with_trigger.py
[2023-10-13T23:14:25.891+0000] {processor.py:829} INFO - Processing file /home/airflow/.local/lib/python3.8/site-packages/airflow/example_dags/example_latest_only_with_trigger.py for tasks to queue
[2023-10-13T23:14:25.892+0000] {logging_mixin.py:151} INFO - [2023-10-13T23:14:25.892+0000] {dagbag.py:536} INFO - Filling up the DagBag from /home/airflow/.local/lib/python3.8/site-packages/airflow/example_dags/example_latest_only_with_trigger.py
[2023-10-13T23:14:25.897+0000] {processor.py:839} INFO - DAG(s) dict_keys(['latest_only_with_trigger']) retrieved from /home/airflow/.local/lib/python3.8/site-packages/airflow/example_dags/example_latest_only_with_trigger.py
[2023-10-13T23:14:25.911+0000] {logging_mixin.py:151} INFO - [2023-10-13T23:14:25.911+0000] {dag.py:2941} INFO - Sync 1 DAGs
[2023-10-13T23:14:25.923+0000] {logging_mixin.py:151} INFO - [2023-10-13T23:14:25.923+0000] {dag.py:3722} INFO - Setting next_dagrun for latest_only_with_trigger to 2023-10-13T19:14:25.923680+00:00, run_after=2023-10-13T23:14:25.923680+00:00
[2023-10-13T23:14:25.933+0000] {processor.py:179} INFO - Processing /home/airflow/.local/lib/python3.8/site-packages/airflow/example_dags/example_latest_only_with_trigger.py took 0.045 seconds
[2023-10-13T23:14:56.100+0000] {processor.py:157} INFO - Started process (PID=442) to work on /home/airflow/.local/lib/python3.8/site-packages/airflow/example_dags/example_latest_only_with_trigger.py
[2023-10-13T23:14:56.101+0000] {processor.py:829} INFO - Processing file /home/airflow/.local/lib/python3.8/site-packages/airflow/example_dags/example_latest_only_with_trigger.py for tasks to queue
[2023-10-13T23:14:56.104+0000] {logging_mixin.py:151} INFO - [2023-10-13T23:14:56.104+0000] {dagbag.py:536} INFO - Filling up the DagBag from /home/airflow/.local/lib/python3.8/site-packages/airflow/example_dags/example_latest_only_with_trigger.py
[2023-10-13T23:14:56.108+0000] {processor.py:839} INFO - DAG(s) dict_keys(['latest_only_with_trigger']) retrieved from /home/airflow/.local/lib/python3.8/site-packages/airflow/example_dags/example_latest_only_with_trigger.py
[2023-10-13T23:14:56.123+0000] {logging_mixin.py:151} INFO - [2023-10-13T23:14:56.123+0000] {dag.py:2941} INFO - Sync 1 DAGs
[2023-10-13T23:14:56.136+0000] {logging_mixin.py:151} INFO - [2023-10-13T23:14:56.136+0000] {dag.py:3722} INFO - Setting next_dagrun for latest_only_with_trigger to 2023-10-13T19:14:56.136147+00:00, run_after=2023-10-13T23:14:56.136147+00:00
[2023-10-13T23:14:56.147+0000] {processor.py:179} INFO - Processing /home/airflow/.local/lib/python3.8/site-packages/airflow/example_dags/example_latest_only_with_trigger.py took 0.050 seconds
[2023-10-13T23:15:26.291+0000] {processor.py:157} INFO - Started process (PID=496) to work on /home/airflow/.local/lib/python3.8/site-packages/airflow/example_dags/example_latest_only_with_trigger.py
[2023-10-13T23:15:26.292+0000] {processor.py:829} INFO - Processing file /home/airflow/.local/lib/python3.8/site-packages/airflow/example_dags/example_latest_only_with_trigger.py for tasks to queue
[2023-10-13T23:15:26.293+0000] {logging_mixin.py:151} INFO - [2023-10-13T23:15:26.293+0000] {dagbag.py:536} INFO - Filling up the DagBag from /home/airflow/.local/lib/python3.8/site-packages/airflow/example_dags/example_latest_only_with_trigger.py
[2023-10-13T23:15:26.297+0000] {processor.py:839} INFO - DAG(s) dict_keys(['latest_only_with_trigger']) retrieved from /home/airflow/.local/lib/python3.8/site-packages/airflow/example_dags/example_latest_only_with_trigger.py
[2023-10-13T23:15:26.310+0000] {logging_mixin.py:151} INFO - [2023-10-13T23:15:26.310+0000] {dag.py:2941} INFO - Sync 1 DAGs
[2023-10-13T23:15:26.323+0000] {logging_mixin.py:151} INFO - [2023-10-13T23:15:26.323+0000] {dag.py:3722} INFO - Setting next_dagrun for latest_only_with_trigger to 2023-10-13T19:15:26.323220+00:00, run_after=2023-10-13T23:15:26.323220+00:00
[2023-10-13T23:15:26.333+0000] {processor.py:179} INFO - Processing /home/airflow/.local/lib/python3.8/site-packages/airflow/example_dags/example_latest_only_with_trigger.py took 0.044 seconds
[2023-10-13T23:15:56.463+0000] {processor.py:157} INFO - Started process (PID=550) to work on /home/airflow/.local/lib/python3.8/site-packages/airflow/example_dags/example_latest_only_with_trigger.py
[2023-10-13T23:15:56.469+0000] {processor.py:829} INFO - Processing file /home/airflow/.local/lib/python3.8/site-packages/airflow/example_dags/example_latest_only_with_trigger.py for tasks to queue
[2023-10-13T23:15:56.471+0000] {logging_mixin.py:151} INFO - [2023-10-13T23:15:56.471+0000] {dagbag.py:536} INFO - Filling up the DagBag from /home/airflow/.local/lib/python3.8/site-packages/airflow/example_dags/example_latest_only_with_trigger.py
[2023-10-13T23:15:56.475+0000] {processor.py:839} INFO - DAG(s) dict_keys(['latest_only_with_trigger']) retrieved from /home/airflow/.local/lib/python3.8/site-packages/airflow/example_dags/example_latest_only_with_trigger.py
[2023-10-13T23:15:56.489+0000] {logging_mixin.py:151} INFO - [2023-10-13T23:15:56.488+0000] {dag.py:2941} INFO - Sync 1 DAGs
[2023-10-13T23:15:56.502+0000] {logging_mixin.py:151} INFO - [2023-10-13T23:15:56.502+0000] {dag.py:3722} INFO - Setting next_dagrun for latest_only_with_trigger to 2023-10-13T19:15:56.501984+00:00, run_after=2023-10-13T23:15:56.501984+00:00
[2023-10-13T23:15:56.514+0000] {processor.py:179} INFO - Processing /home/airflow/.local/lib/python3.8/site-packages/airflow/example_dags/example_latest_only_with_trigger.py took 0.053 seconds
[2023-10-13T23:16:27.350+0000] {processor.py:157} INFO - Started process (PID=604) to work on /home/airflow/.local/lib/python3.8/site-packages/airflow/example_dags/example_latest_only_with_trigger.py
[2023-10-13T23:16:27.351+0000] {processor.py:829} INFO - Processing file /home/airflow/.local/lib/python3.8/site-packages/airflow/example_dags/example_latest_only_with_trigger.py for tasks to queue
[2023-10-13T23:16:27.353+0000] {logging_mixin.py:151} INFO - [2023-10-13T23:16:27.353+0000] {dagbag.py:536} INFO - Filling up the DagBag from /home/airflow/.local/lib/python3.8/site-packages/airflow/example_dags/example_latest_only_with_trigger.py
[2023-10-13T23:16:27.358+0000] {processor.py:839} INFO - DAG(s) dict_keys(['latest_only_with_trigger']) retrieved from /home/airflow/.local/lib/python3.8/site-packages/airflow/example_dags/example_latest_only_with_trigger.py
[2023-10-13T23:16:27.371+0000] {logging_mixin.py:151} INFO - [2023-10-13T23:16:27.371+0000] {dag.py:2941} INFO - Sync 1 DAGs
[2023-10-13T23:16:27.385+0000] {logging_mixin.py:151} INFO - [2023-10-13T23:16:27.385+0000] {dag.py:3722} INFO - Setting next_dagrun for latest_only_with_trigger to 2023-10-13T19:16:27.385038+00:00, run_after=2023-10-13T23:16:27.385038+00:00
[2023-10-13T23:16:27.396+0000] {processor.py:179} INFO - Processing /home/airflow/.local/lib/python3.8/site-packages/airflow/example_dags/example_latest_only_with_trigger.py took 0.048 seconds
[2023-10-13T23:16:57.639+0000] {processor.py:157} INFO - Started process (PID=658) to work on /home/airflow/.local/lib/python3.8/site-packages/airflow/example_dags/example_latest_only_with_trigger.py
[2023-10-13T23:16:57.639+0000] {processor.py:829} INFO - Processing file /home/airflow/.local/lib/python3.8/site-packages/airflow/example_dags/example_latest_only_with_trigger.py for tasks to queue
[2023-10-13T23:16:57.641+0000] {logging_mixin.py:151} INFO - [2023-10-13T23:16:57.641+0000] {dagbag.py:536} INFO - Filling up the DagBag from /home/airflow/.local/lib/python3.8/site-packages/airflow/example_dags/example_latest_only_with_trigger.py
[2023-10-13T23:16:57.645+0000] {processor.py:839} INFO - DAG(s) dict_keys(['latest_only_with_trigger']) retrieved from /home/airflow/.local/lib/python3.8/site-packages/airflow/example_dags/example_latest_only_with_trigger.py
[2023-10-13T23:16:57.658+0000] {logging_mixin.py:151} INFO - [2023-10-13T23:16:57.658+0000] {dag.py:2941} INFO - Sync 1 DAGs
[2023-10-13T23:16:57.670+0000] {logging_mixin.py:151} INFO - [2023-10-13T23:16:57.670+0000] {dag.py:3722} INFO - Setting next_dagrun for latest_only_with_trigger to 2023-10-13T19:16:57.670296+00:00, run_after=2023-10-13T23:16:57.670296+00:00
[2023-10-13T23:16:57.680+0000] {processor.py:179} INFO - Processing /home/airflow/.local/lib/python3.8/site-packages/airflow/example_dags/example_latest_only_with_trigger.py took 0.044 seconds
[2023-10-13T23:17:28.648+0000] {processor.py:157} INFO - Started process (PID=712) to work on /home/airflow/.local/lib/python3.8/site-packages/airflow/example_dags/example_latest_only_with_trigger.py
[2023-10-13T23:17:28.648+0000] {processor.py:829} INFO - Processing file /home/airflow/.local/lib/python3.8/site-packages/airflow/example_dags/example_latest_only_with_trigger.py for tasks to queue
[2023-10-13T23:17:28.650+0000] {logging_mixin.py:151} INFO - [2023-10-13T23:17:28.650+0000] {dagbag.py:536} INFO - Filling up the DagBag from /home/airflow/.local/lib/python3.8/site-packages/airflow/example_dags/example_latest_only_with_trigger.py
[2023-10-13T23:17:28.654+0000] {processor.py:839} INFO - DAG(s) dict_keys(['latest_only_with_trigger']) retrieved from /home/airflow/.local/lib/python3.8/site-packages/airflow/example_dags/example_latest_only_with_trigger.py
[2023-10-13T23:17:28.669+0000] {logging_mixin.py:151} INFO - [2023-10-13T23:17:28.668+0000] {dag.py:2941} INFO - Sync 1 DAGs
[2023-10-13T23:17:28.681+0000] {logging_mixin.py:151} INFO - [2023-10-13T23:17:28.681+0000] {dag.py:3722} INFO - Setting next_dagrun for latest_only_with_trigger to 2023-10-13T19:17:28.681678+00:00, run_after=2023-10-13T23:17:28.681678+00:00
[2023-10-13T23:17:28.694+0000] {processor.py:179} INFO - Processing /home/airflow/.local/lib/python3.8/site-packages/airflow/example_dags/example_latest_only_with_trigger.py took 0.048 seconds
[2023-10-13T23:17:59.635+0000] {processor.py:157} INFO - Started process (PID=766) to work on /home/airflow/.local/lib/python3.8/site-packages/airflow/example_dags/example_latest_only_with_trigger.py
[2023-10-13T23:17:59.635+0000] {processor.py:829} INFO - Processing file /home/airflow/.local/lib/python3.8/site-packages/airflow/example_dags/example_latest_only_with_trigger.py for tasks to queue
[2023-10-13T23:17:59.637+0000] {logging_mixin.py:151} INFO - [2023-10-13T23:17:59.637+0000] {dagbag.py:536} INFO - Filling up the DagBag from /home/airflow/.local/lib/python3.8/site-packages/airflow/example_dags/example_latest_only_with_trigger.py
[2023-10-13T23:17:59.641+0000] {processor.py:839} INFO - DAG(s) dict_keys(['latest_only_with_trigger']) retrieved from /home/airflow/.local/lib/python3.8/site-packages/airflow/example_dags/example_latest_only_with_trigger.py
[2023-10-13T23:17:59.654+0000] {logging_mixin.py:151} INFO - [2023-10-13T23:17:59.654+0000] {dag.py:2941} INFO - Sync 1 DAGs
[2023-10-13T23:17:59.666+0000] {logging_mixin.py:151} INFO - [2023-10-13T23:17:59.666+0000] {dag.py:3722} INFO - Setting next_dagrun for latest_only_with_trigger to 2023-10-13T19:17:59.666138+00:00, run_after=2023-10-13T23:17:59.666138+00:00
[2023-10-13T23:17:59.675+0000] {processor.py:179} INFO - Processing /home/airflow/.local/lib/python3.8/site-packages/airflow/example_dags/example_latest_only_with_trigger.py took 0.043 seconds
[2023-10-13T23:18:29.747+0000] {processor.py:157} INFO - Started process (PID=820) to work on /home/airflow/.local/lib/python3.8/site-packages/airflow/example_dags/example_latest_only_with_trigger.py
[2023-10-13T23:18:29.748+0000] {processor.py:829} INFO - Processing file /home/airflow/.local/lib/python3.8/site-packages/airflow/example_dags/example_latest_only_with_trigger.py for tasks to queue
[2023-10-13T23:18:29.749+0000] {logging_mixin.py:151} INFO - [2023-10-13T23:18:29.749+0000] {dagbag.py:536} INFO - Filling up the DagBag from /home/airflow/.local/lib/python3.8/site-packages/airflow/example_dags/example_latest_only_with_trigger.py
[2023-10-13T23:18:29.753+0000] {processor.py:839} INFO - DAG(s) dict_keys(['latest_only_with_trigger']) retrieved from /home/airflow/.local/lib/python3.8/site-packages/airflow/example_dags/example_latest_only_with_trigger.py
[2023-10-13T23:18:29.766+0000] {logging_mixin.py:151} INFO - [2023-10-13T23:18:29.766+0000] {dag.py:2941} INFO - Sync 1 DAGs
[2023-10-13T23:18:29.778+0000] {logging_mixin.py:151} INFO - [2023-10-13T23:18:29.778+0000] {dag.py:3722} INFO - Setting next_dagrun for latest_only_with_trigger to 2023-10-13T19:18:29.777898+00:00, run_after=2023-10-13T23:18:29.777898+00:00
[2023-10-13T23:18:29.787+0000] {processor.py:179} INFO - Processing /home/airflow/.local/lib/python3.8/site-packages/airflow/example_dags/example_latest_only_with_trigger.py took 0.043 seconds
[2023-10-13T23:18:59.951+0000] {processor.py:157} INFO - Started process (PID=874) to work on /home/airflow/.local/lib/python3.8/site-packages/airflow/example_dags/example_latest_only_with_trigger.py
[2023-10-13T23:18:59.952+0000] {processor.py:829} INFO - Processing file /home/airflow/.local/lib/python3.8/site-packages/airflow/example_dags/example_latest_only_with_trigger.py for tasks to queue
[2023-10-13T23:18:59.953+0000] {logging_mixin.py:151} INFO - [2023-10-13T23:18:59.953+0000] {dagbag.py:536} INFO - Filling up the DagBag from /home/airflow/.local/lib/python3.8/site-packages/airflow/example_dags/example_latest_only_with_trigger.py
[2023-10-13T23:18:59.957+0000] {processor.py:839} INFO - DAG(s) dict_keys(['latest_only_with_trigger']) retrieved from /home/airflow/.local/lib/python3.8/site-packages/airflow/example_dags/example_latest_only_with_trigger.py
[2023-10-13T23:18:59.970+0000] {logging_mixin.py:151} INFO - [2023-10-13T23:18:59.970+0000] {dag.py:2941} INFO - Sync 1 DAGs
[2023-10-13T23:18:59.982+0000] {logging_mixin.py:151} INFO - [2023-10-13T23:18:59.982+0000] {dag.py:3722} INFO - Setting next_dagrun for latest_only_with_trigger to 2023-10-13T19:18:59.982097+00:00, run_after=2023-10-13T23:18:59.982097+00:00
[2023-10-13T23:18:59.992+0000] {processor.py:179} INFO - Processing /home/airflow/.local/lib/python3.8/site-packages/airflow/example_dags/example_latest_only_with_trigger.py took 0.043 seconds
[2023-10-13T23:19:30.123+0000] {processor.py:157} INFO - Started process (PID=928) to work on /home/airflow/.local/lib/python3.8/site-packages/airflow/example_dags/example_latest_only_with_trigger.py
[2023-10-13T23:19:30.123+0000] {processor.py:829} INFO - Processing file /home/airflow/.local/lib/python3.8/site-packages/airflow/example_dags/example_latest_only_with_trigger.py for tasks to queue
[2023-10-13T23:19:30.125+0000] {logging_mixin.py:151} INFO - [2023-10-13T23:19:30.125+0000] {dagbag.py:536} INFO - Filling up the DagBag from /home/airflow/.local/lib/python3.8/site-packages/airflow/example_dags/example_latest_only_with_trigger.py
[2023-10-13T23:19:30.128+0000] {processor.py:839} INFO - DAG(s) dict_keys(['latest_only_with_trigger']) retrieved from /home/airflow/.local/lib/python3.8/site-packages/airflow/example_dags/example_latest_only_with_trigger.py
[2023-10-13T23:19:30.140+0000] {logging_mixin.py:151} INFO - [2023-10-13T23:19:30.140+0000] {dag.py:2941} INFO - Sync 1 DAGs
[2023-10-13T23:19:30.150+0000] {logging_mixin.py:151} INFO - [2023-10-13T23:19:30.150+0000] {dag.py:3722} INFO - Setting next_dagrun for latest_only_with_trigger to 2023-10-13T19:19:30.150482+00:00, run_after=2023-10-13T23:19:30.150482+00:00
[2023-10-13T23:19:30.158+0000] {processor.py:179} INFO - Processing /home/airflow/.local/lib/python3.8/site-packages/airflow/example_dags/example_latest_only_with_trigger.py took 0.038 seconds
