[2023-10-13T23:09:59.543+0000] {processor.py:157} INFO - Started process (PID=70) to work on /home/airflow/.local/lib/python3.8/site-packages/airflow/example_dags/example_setup_teardown_taskflow.py
[2023-10-13T23:09:59.544+0000] {processor.py:829} INFO - Processing file /home/airflow/.local/lib/python3.8/site-packages/airflow/example_dags/example_setup_teardown_taskflow.py for tasks to queue
[2023-10-13T23:09:59.547+0000] {logging_mixin.py:151} INFO - [2023-10-13T23:09:59.546+0000] {dagbag.py:536} INFO - Filling up the DagBag from /home/airflow/.local/lib/python3.8/site-packages/airflow/example_dags/example_setup_teardown_taskflow.py
[2023-10-13T23:09:59.555+0000] {processor.py:839} INFO - DAG(s) dict_keys(['example_setup_teardown_taskflow']) retrieved from /home/airflow/.local/lib/python3.8/site-packages/airflow/example_dags/example_setup_teardown_taskflow.py
[2023-10-13T23:09:59.565+0000] {logging_mixin.py:151} INFO - [2023-10-13T23:09:59.565+0000] {dag.py:2941} INFO - Sync 1 DAGs
[2023-10-13T23:09:59.583+0000] {logging_mixin.py:151} INFO - [2023-10-13T23:09:59.583+0000] {dag.py:3722} INFO - Setting next_dagrun for example_setup_teardown_taskflow to 2023-10-12T23:09:59.583266+00:00, run_after=2023-10-13T23:09:59.583266+00:00
[2023-10-13T23:09:59.597+0000] {processor.py:179} INFO - Processing /home/airflow/.local/lib/python3.8/site-packages/airflow/example_dags/example_setup_teardown_taskflow.py took 0.059 seconds
[2023-10-13T23:11:23.961+0000] {processor.py:157} INFO - Started process (PID=69) to work on /home/airflow/.local/lib/python3.8/site-packages/airflow/example_dags/example_setup_teardown_taskflow.py
[2023-10-13T23:11:23.963+0000] {processor.py:829} INFO - Processing file /home/airflow/.local/lib/python3.8/site-packages/airflow/example_dags/example_setup_teardown_taskflow.py for tasks to queue
[2023-10-13T23:11:23.967+0000] {logging_mixin.py:151} INFO - [2023-10-13T23:11:23.967+0000] {dagbag.py:536} INFO - Filling up the DagBag from /home/airflow/.local/lib/python3.8/site-packages/airflow/example_dags/example_setup_teardown_taskflow.py
[2023-10-13T23:11:23.982+0000] {processor.py:839} INFO - DAG(s) dict_keys(['example_setup_teardown_taskflow']) retrieved from /home/airflow/.local/lib/python3.8/site-packages/airflow/example_dags/example_setup_teardown_taskflow.py
[2023-10-13T23:11:23.996+0000] {logging_mixin.py:151} INFO - [2023-10-13T23:11:23.996+0000] {dag.py:2941} INFO - Sync 1 DAGs
[2023-10-13T23:11:24.022+0000] {logging_mixin.py:151} INFO - [2023-10-13T23:11:24.022+0000] {dag.py:3722} INFO - Setting next_dagrun for example_setup_teardown_taskflow to 2023-10-12T23:11:24.021789+00:00, run_after=2023-10-13T23:11:24.021789+00:00
[2023-10-13T23:11:24.036+0000] {processor.py:179} INFO - Processing /home/airflow/.local/lib/python3.8/site-packages/airflow/example_dags/example_setup_teardown_taskflow.py took 0.080 seconds
[2023-10-13T23:11:54.235+0000] {processor.py:157} INFO - Started process (PID=123) to work on /home/airflow/.local/lib/python3.8/site-packages/airflow/example_dags/example_setup_teardown_taskflow.py
[2023-10-13T23:11:54.236+0000] {processor.py:829} INFO - Processing file /home/airflow/.local/lib/python3.8/site-packages/airflow/example_dags/example_setup_teardown_taskflow.py for tasks to queue
[2023-10-13T23:11:54.237+0000] {logging_mixin.py:151} INFO - [2023-10-13T23:11:54.237+0000] {dagbag.py:536} INFO - Filling up the DagBag from /home/airflow/.local/lib/python3.8/site-packages/airflow/example_dags/example_setup_teardown_taskflow.py
[2023-10-13T23:11:54.243+0000] {processor.py:839} INFO - DAG(s) dict_keys(['example_setup_teardown_taskflow']) retrieved from /home/airflow/.local/lib/python3.8/site-packages/airflow/example_dags/example_setup_teardown_taskflow.py
[2023-10-13T23:11:54.259+0000] {logging_mixin.py:151} INFO - [2023-10-13T23:11:54.259+0000] {dag.py:2941} INFO - Sync 1 DAGs
[2023-10-13T23:11:54.273+0000] {logging_mixin.py:151} INFO - [2023-10-13T23:11:54.273+0000] {dag.py:3722} INFO - Setting next_dagrun for example_setup_teardown_taskflow to 2023-10-12T23:11:54.273075+00:00, run_after=2023-10-13T23:11:54.273075+00:00
[2023-10-13T23:11:54.285+0000] {processor.py:179} INFO - Processing /home/airflow/.local/lib/python3.8/site-packages/airflow/example_dags/example_setup_teardown_taskflow.py took 0.052 seconds
[2023-10-13T23:12:24.486+0000] {processor.py:157} INFO - Started process (PID=177) to work on /home/airflow/.local/lib/python3.8/site-packages/airflow/example_dags/example_setup_teardown_taskflow.py
[2023-10-13T23:12:24.487+0000] {processor.py:829} INFO - Processing file /home/airflow/.local/lib/python3.8/site-packages/airflow/example_dags/example_setup_teardown_taskflow.py for tasks to queue
[2023-10-13T23:12:24.489+0000] {logging_mixin.py:151} INFO - [2023-10-13T23:12:24.488+0000] {dagbag.py:536} INFO - Filling up the DagBag from /home/airflow/.local/lib/python3.8/site-packages/airflow/example_dags/example_setup_teardown_taskflow.py
[2023-10-13T23:12:24.495+0000] {processor.py:839} INFO - DAG(s) dict_keys(['example_setup_teardown_taskflow']) retrieved from /home/airflow/.local/lib/python3.8/site-packages/airflow/example_dags/example_setup_teardown_taskflow.py
[2023-10-13T23:12:24.509+0000] {logging_mixin.py:151} INFO - [2023-10-13T23:12:24.509+0000] {dag.py:2941} INFO - Sync 1 DAGs
[2023-10-13T23:12:24.523+0000] {logging_mixin.py:151} INFO - [2023-10-13T23:12:24.522+0000] {dag.py:3722} INFO - Setting next_dagrun for example_setup_teardown_taskflow to 2023-10-12T23:12:24.522732+00:00, run_after=2023-10-13T23:12:24.522732+00:00
[2023-10-13T23:12:24.534+0000] {processor.py:179} INFO - Processing /home/airflow/.local/lib/python3.8/site-packages/airflow/example_dags/example_setup_teardown_taskflow.py took 0.050 seconds
[2023-10-13T23:12:55.399+0000] {processor.py:157} INFO - Started process (PID=231) to work on /home/airflow/.local/lib/python3.8/site-packages/airflow/example_dags/example_setup_teardown_taskflow.py
[2023-10-13T23:12:55.401+0000] {processor.py:829} INFO - Processing file /home/airflow/.local/lib/python3.8/site-packages/airflow/example_dags/example_setup_teardown_taskflow.py for tasks to queue
[2023-10-13T23:12:55.402+0000] {logging_mixin.py:151} INFO - [2023-10-13T23:12:55.402+0000] {dagbag.py:536} INFO - Filling up the DagBag from /home/airflow/.local/lib/python3.8/site-packages/airflow/example_dags/example_setup_teardown_taskflow.py
[2023-10-13T23:12:55.409+0000] {processor.py:839} INFO - DAG(s) dict_keys(['example_setup_teardown_taskflow']) retrieved from /home/airflow/.local/lib/python3.8/site-packages/airflow/example_dags/example_setup_teardown_taskflow.py
[2023-10-13T23:12:55.424+0000] {logging_mixin.py:151} INFO - [2023-10-13T23:12:55.424+0000] {dag.py:2941} INFO - Sync 1 DAGs
[2023-10-13T23:12:55.439+0000] {logging_mixin.py:151} INFO - [2023-10-13T23:12:55.438+0000] {dag.py:3722} INFO - Setting next_dagrun for example_setup_teardown_taskflow to 2023-10-12T23:12:55.438513+00:00, run_after=2023-10-13T23:12:55.438513+00:00
[2023-10-13T23:12:55.451+0000] {processor.py:179} INFO - Processing /home/airflow/.local/lib/python3.8/site-packages/airflow/example_dags/example_setup_teardown_taskflow.py took 0.056 seconds
[2023-10-13T23:13:25.649+0000] {processor.py:157} INFO - Started process (PID=285) to work on /home/airflow/.local/lib/python3.8/site-packages/airflow/example_dags/example_setup_teardown_taskflow.py
[2023-10-13T23:13:25.650+0000] {processor.py:829} INFO - Processing file /home/airflow/.local/lib/python3.8/site-packages/airflow/example_dags/example_setup_teardown_taskflow.py for tasks to queue
[2023-10-13T23:13:25.651+0000] {logging_mixin.py:151} INFO - [2023-10-13T23:13:25.651+0000] {dagbag.py:536} INFO - Filling up the DagBag from /home/airflow/.local/lib/python3.8/site-packages/airflow/example_dags/example_setup_teardown_taskflow.py
[2023-10-13T23:13:25.657+0000] {processor.py:839} INFO - DAG(s) dict_keys(['example_setup_teardown_taskflow']) retrieved from /home/airflow/.local/lib/python3.8/site-packages/airflow/example_dags/example_setup_teardown_taskflow.py
[2023-10-13T23:13:25.670+0000] {logging_mixin.py:151} INFO - [2023-10-13T23:13:25.670+0000] {dag.py:2941} INFO - Sync 1 DAGs
[2023-10-13T23:13:25.684+0000] {logging_mixin.py:151} INFO - [2023-10-13T23:13:25.683+0000] {dag.py:3722} INFO - Setting next_dagrun for example_setup_teardown_taskflow to 2023-10-12T23:13:25.683686+00:00, run_after=2023-10-13T23:13:25.683686+00:00
[2023-10-13T23:13:25.693+0000] {processor.py:179} INFO - Processing /home/airflow/.local/lib/python3.8/site-packages/airflow/example_dags/example_setup_teardown_taskflow.py took 0.047 seconds
[2023-10-13T23:13:55.871+0000] {processor.py:157} INFO - Started process (PID=339) to work on /home/airflow/.local/lib/python3.8/site-packages/airflow/example_dags/example_setup_teardown_taskflow.py
[2023-10-13T23:13:55.872+0000] {processor.py:829} INFO - Processing file /home/airflow/.local/lib/python3.8/site-packages/airflow/example_dags/example_setup_teardown_taskflow.py for tasks to queue
[2023-10-13T23:13:55.874+0000] {logging_mixin.py:151} INFO - [2023-10-13T23:13:55.874+0000] {dagbag.py:536} INFO - Filling up the DagBag from /home/airflow/.local/lib/python3.8/site-packages/airflow/example_dags/example_setup_teardown_taskflow.py
[2023-10-13T23:13:55.880+0000] {processor.py:839} INFO - DAG(s) dict_keys(['example_setup_teardown_taskflow']) retrieved from /home/airflow/.local/lib/python3.8/site-packages/airflow/example_dags/example_setup_teardown_taskflow.py
[2023-10-13T23:13:55.895+0000] {logging_mixin.py:151} INFO - [2023-10-13T23:13:55.895+0000] {dag.py:2941} INFO - Sync 1 DAGs
[2023-10-13T23:13:55.908+0000] {logging_mixin.py:151} INFO - [2023-10-13T23:13:55.908+0000] {dag.py:3722} INFO - Setting next_dagrun for example_setup_teardown_taskflow to 2023-10-12T23:13:55.907890+00:00, run_after=2023-10-13T23:13:55.907890+00:00
[2023-10-13T23:13:55.919+0000] {processor.py:179} INFO - Processing /home/airflow/.local/lib/python3.8/site-packages/airflow/example_dags/example_setup_teardown_taskflow.py took 0.050 seconds
[2023-10-13T23:14:26.048+0000] {processor.py:157} INFO - Started process (PID=393) to work on /home/airflow/.local/lib/python3.8/site-packages/airflow/example_dags/example_setup_teardown_taskflow.py
[2023-10-13T23:14:26.049+0000] {processor.py:829} INFO - Processing file /home/airflow/.local/lib/python3.8/site-packages/airflow/example_dags/example_setup_teardown_taskflow.py for tasks to queue
[2023-10-13T23:14:26.051+0000] {logging_mixin.py:151} INFO - [2023-10-13T23:14:26.051+0000] {dagbag.py:536} INFO - Filling up the DagBag from /home/airflow/.local/lib/python3.8/site-packages/airflow/example_dags/example_setup_teardown_taskflow.py
[2023-10-13T23:14:26.057+0000] {processor.py:839} INFO - DAG(s) dict_keys(['example_setup_teardown_taskflow']) retrieved from /home/airflow/.local/lib/python3.8/site-packages/airflow/example_dags/example_setup_teardown_taskflow.py
[2023-10-13T23:14:26.075+0000] {logging_mixin.py:151} INFO - [2023-10-13T23:14:26.075+0000] {dag.py:2941} INFO - Sync 1 DAGs
[2023-10-13T23:14:26.089+0000] {logging_mixin.py:151} INFO - [2023-10-13T23:14:26.089+0000] {dag.py:3722} INFO - Setting next_dagrun for example_setup_teardown_taskflow to 2023-10-12T23:14:26.089102+00:00, run_after=2023-10-13T23:14:26.089102+00:00
[2023-10-13T23:14:26.101+0000] {processor.py:179} INFO - Processing /home/airflow/.local/lib/python3.8/site-packages/airflow/example_dags/example_setup_teardown_taskflow.py took 0.055 seconds
[2023-10-13T23:14:56.250+0000] {processor.py:157} INFO - Started process (PID=447) to work on /home/airflow/.local/lib/python3.8/site-packages/airflow/example_dags/example_setup_teardown_taskflow.py
[2023-10-13T23:14:56.250+0000] {processor.py:829} INFO - Processing file /home/airflow/.local/lib/python3.8/site-packages/airflow/example_dags/example_setup_teardown_taskflow.py for tasks to queue
[2023-10-13T23:14:56.252+0000] {logging_mixin.py:151} INFO - [2023-10-13T23:14:56.252+0000] {dagbag.py:536} INFO - Filling up the DagBag from /home/airflow/.local/lib/python3.8/site-packages/airflow/example_dags/example_setup_teardown_taskflow.py
[2023-10-13T23:14:56.258+0000] {processor.py:839} INFO - DAG(s) dict_keys(['example_setup_teardown_taskflow']) retrieved from /home/airflow/.local/lib/python3.8/site-packages/airflow/example_dags/example_setup_teardown_taskflow.py
[2023-10-13T23:14:56.271+0000] {logging_mixin.py:151} INFO - [2023-10-13T23:14:56.271+0000] {dag.py:2941} INFO - Sync 1 DAGs
[2023-10-13T23:14:56.284+0000] {logging_mixin.py:151} INFO - [2023-10-13T23:14:56.283+0000] {dag.py:3722} INFO - Setting next_dagrun for example_setup_teardown_taskflow to 2023-10-12T23:14:56.283790+00:00, run_after=2023-10-13T23:14:56.283790+00:00
[2023-10-13T23:14:56.294+0000] {processor.py:179} INFO - Processing /home/airflow/.local/lib/python3.8/site-packages/airflow/example_dags/example_setup_teardown_taskflow.py took 0.047 seconds
[2023-10-13T23:15:26.443+0000] {processor.py:157} INFO - Started process (PID=501) to work on /home/airflow/.local/lib/python3.8/site-packages/airflow/example_dags/example_setup_teardown_taskflow.py
[2023-10-13T23:15:26.444+0000] {processor.py:829} INFO - Processing file /home/airflow/.local/lib/python3.8/site-packages/airflow/example_dags/example_setup_teardown_taskflow.py for tasks to queue
[2023-10-13T23:15:26.446+0000] {logging_mixin.py:151} INFO - [2023-10-13T23:15:26.445+0000] {dagbag.py:536} INFO - Filling up the DagBag from /home/airflow/.local/lib/python3.8/site-packages/airflow/example_dags/example_setup_teardown_taskflow.py
[2023-10-13T23:15:26.451+0000] {processor.py:839} INFO - DAG(s) dict_keys(['example_setup_teardown_taskflow']) retrieved from /home/airflow/.local/lib/python3.8/site-packages/airflow/example_dags/example_setup_teardown_taskflow.py
[2023-10-13T23:15:26.465+0000] {logging_mixin.py:151} INFO - [2023-10-13T23:15:26.465+0000] {dag.py:2941} INFO - Sync 1 DAGs
[2023-10-13T23:15:26.478+0000] {logging_mixin.py:151} INFO - [2023-10-13T23:15:26.477+0000] {dag.py:3722} INFO - Setting next_dagrun for example_setup_teardown_taskflow to 2023-10-12T23:15:26.477806+00:00, run_after=2023-10-13T23:15:26.477806+00:00
[2023-10-13T23:15:26.487+0000] {processor.py:179} INFO - Processing /home/airflow/.local/lib/python3.8/site-packages/airflow/example_dags/example_setup_teardown_taskflow.py took 0.047 seconds
[2023-10-13T23:15:56.633+0000] {processor.py:157} INFO - Started process (PID=555) to work on /home/airflow/.local/lib/python3.8/site-packages/airflow/example_dags/example_setup_teardown_taskflow.py
[2023-10-13T23:15:56.634+0000] {processor.py:829} INFO - Processing file /home/airflow/.local/lib/python3.8/site-packages/airflow/example_dags/example_setup_teardown_taskflow.py for tasks to queue
[2023-10-13T23:15:56.635+0000] {logging_mixin.py:151} INFO - [2023-10-13T23:15:56.635+0000] {dagbag.py:536} INFO - Filling up the DagBag from /home/airflow/.local/lib/python3.8/site-packages/airflow/example_dags/example_setup_teardown_taskflow.py
[2023-10-13T23:15:56.642+0000] {processor.py:839} INFO - DAG(s) dict_keys(['example_setup_teardown_taskflow']) retrieved from /home/airflow/.local/lib/python3.8/site-packages/airflow/example_dags/example_setup_teardown_taskflow.py
[2023-10-13T23:15:56.657+0000] {logging_mixin.py:151} INFO - [2023-10-13T23:15:56.657+0000] {dag.py:2941} INFO - Sync 1 DAGs
[2023-10-13T23:15:56.671+0000] {logging_mixin.py:151} INFO - [2023-10-13T23:15:56.671+0000] {dag.py:3722} INFO - Setting next_dagrun for example_setup_teardown_taskflow to 2023-10-12T23:15:56.671250+00:00, run_after=2023-10-13T23:15:56.671250+00:00
[2023-10-13T23:15:56.682+0000] {processor.py:179} INFO - Processing /home/airflow/.local/lib/python3.8/site-packages/airflow/example_dags/example_setup_teardown_taskflow.py took 0.052 seconds
[2023-10-13T23:16:27.517+0000] {processor.py:157} INFO - Started process (PID=609) to work on /home/airflow/.local/lib/python3.8/site-packages/airflow/example_dags/example_setup_teardown_taskflow.py
[2023-10-13T23:16:27.518+0000] {processor.py:829} INFO - Processing file /home/airflow/.local/lib/python3.8/site-packages/airflow/example_dags/example_setup_teardown_taskflow.py for tasks to queue
[2023-10-13T23:16:27.519+0000] {logging_mixin.py:151} INFO - [2023-10-13T23:16:27.519+0000] {dagbag.py:536} INFO - Filling up the DagBag from /home/airflow/.local/lib/python3.8/site-packages/airflow/example_dags/example_setup_teardown_taskflow.py
[2023-10-13T23:16:27.525+0000] {processor.py:839} INFO - DAG(s) dict_keys(['example_setup_teardown_taskflow']) retrieved from /home/airflow/.local/lib/python3.8/site-packages/airflow/example_dags/example_setup_teardown_taskflow.py
[2023-10-13T23:16:27.538+0000] {logging_mixin.py:151} INFO - [2023-10-13T23:16:27.538+0000] {dag.py:2941} INFO - Sync 1 DAGs
[2023-10-13T23:16:27.550+0000] {logging_mixin.py:151} INFO - [2023-10-13T23:16:27.550+0000] {dag.py:3722} INFO - Setting next_dagrun for example_setup_teardown_taskflow to 2023-10-12T23:16:27.550198+00:00, run_after=2023-10-13T23:16:27.550198+00:00
[2023-10-13T23:16:27.558+0000] {processor.py:179} INFO - Processing /home/airflow/.local/lib/python3.8/site-packages/airflow/example_dags/example_setup_teardown_taskflow.py took 0.043 seconds
[2023-10-13T23:16:57.801+0000] {processor.py:157} INFO - Started process (PID=663) to work on /home/airflow/.local/lib/python3.8/site-packages/airflow/example_dags/example_setup_teardown_taskflow.py
[2023-10-13T23:16:57.802+0000] {processor.py:829} INFO - Processing file /home/airflow/.local/lib/python3.8/site-packages/airflow/example_dags/example_setup_teardown_taskflow.py for tasks to queue
[2023-10-13T23:16:57.803+0000] {logging_mixin.py:151} INFO - [2023-10-13T23:16:57.803+0000] {dagbag.py:536} INFO - Filling up the DagBag from /home/airflow/.local/lib/python3.8/site-packages/airflow/example_dags/example_setup_teardown_taskflow.py
[2023-10-13T23:16:57.809+0000] {processor.py:839} INFO - DAG(s) dict_keys(['example_setup_teardown_taskflow']) retrieved from /home/airflow/.local/lib/python3.8/site-packages/airflow/example_dags/example_setup_teardown_taskflow.py
[2023-10-13T23:16:57.823+0000] {logging_mixin.py:151} INFO - [2023-10-13T23:16:57.823+0000] {dag.py:2941} INFO - Sync 1 DAGs
[2023-10-13T23:16:57.834+0000] {logging_mixin.py:151} INFO - [2023-10-13T23:16:57.834+0000] {dag.py:3722} INFO - Setting next_dagrun for example_setup_teardown_taskflow to 2023-10-12T23:16:57.834284+00:00, run_after=2023-10-13T23:16:57.834284+00:00
[2023-10-13T23:16:57.843+0000] {processor.py:179} INFO - Processing /home/airflow/.local/lib/python3.8/site-packages/airflow/example_dags/example_setup_teardown_taskflow.py took 0.043 seconds
[2023-10-13T23:17:28.814+0000] {processor.py:157} INFO - Started process (PID=717) to work on /home/airflow/.local/lib/python3.8/site-packages/airflow/example_dags/example_setup_teardown_taskflow.py
[2023-10-13T23:17:28.814+0000] {processor.py:829} INFO - Processing file /home/airflow/.local/lib/python3.8/site-packages/airflow/example_dags/example_setup_teardown_taskflow.py for tasks to queue
[2023-10-13T23:17:28.816+0000] {logging_mixin.py:151} INFO - [2023-10-13T23:17:28.815+0000] {dagbag.py:536} INFO - Filling up the DagBag from /home/airflow/.local/lib/python3.8/site-packages/airflow/example_dags/example_setup_teardown_taskflow.py
[2023-10-13T23:17:28.821+0000] {processor.py:839} INFO - DAG(s) dict_keys(['example_setup_teardown_taskflow']) retrieved from /home/airflow/.local/lib/python3.8/site-packages/airflow/example_dags/example_setup_teardown_taskflow.py
[2023-10-13T23:17:28.833+0000] {logging_mixin.py:151} INFO - [2023-10-13T23:17:28.833+0000] {dag.py:2941} INFO - Sync 1 DAGs
[2023-10-13T23:17:28.844+0000] {logging_mixin.py:151} INFO - [2023-10-13T23:17:28.844+0000] {dag.py:3722} INFO - Setting next_dagrun for example_setup_teardown_taskflow to 2023-10-12T23:17:28.844171+00:00, run_after=2023-10-13T23:17:28.844171+00:00
[2023-10-13T23:17:28.852+0000] {processor.py:179} INFO - Processing /home/airflow/.local/lib/python3.8/site-packages/airflow/example_dags/example_setup_teardown_taskflow.py took 0.041 seconds
[2023-10-13T23:17:59.782+0000] {processor.py:157} INFO - Started process (PID=771) to work on /home/airflow/.local/lib/python3.8/site-packages/airflow/example_dags/example_setup_teardown_taskflow.py
[2023-10-13T23:17:59.782+0000] {processor.py:829} INFO - Processing file /home/airflow/.local/lib/python3.8/site-packages/airflow/example_dags/example_setup_teardown_taskflow.py for tasks to queue
[2023-10-13T23:17:59.784+0000] {logging_mixin.py:151} INFO - [2023-10-13T23:17:59.784+0000] {dagbag.py:536} INFO - Filling up the DagBag from /home/airflow/.local/lib/python3.8/site-packages/airflow/example_dags/example_setup_teardown_taskflow.py
[2023-10-13T23:17:59.789+0000] {processor.py:839} INFO - DAG(s) dict_keys(['example_setup_teardown_taskflow']) retrieved from /home/airflow/.local/lib/python3.8/site-packages/airflow/example_dags/example_setup_teardown_taskflow.py
[2023-10-13T23:17:59.803+0000] {logging_mixin.py:151} INFO - [2023-10-13T23:17:59.802+0000] {dag.py:2941} INFO - Sync 1 DAGs
[2023-10-13T23:17:59.814+0000] {logging_mixin.py:151} INFO - [2023-10-13T23:17:59.813+0000] {dag.py:3722} INFO - Setting next_dagrun for example_setup_teardown_taskflow to 2023-10-12T23:17:59.813801+00:00, run_after=2023-10-13T23:17:59.813801+00:00
[2023-10-13T23:17:59.825+0000] {processor.py:179} INFO - Processing /home/airflow/.local/lib/python3.8/site-packages/airflow/example_dags/example_setup_teardown_taskflow.py took 0.045 seconds
[2023-10-13T23:18:29.892+0000] {processor.py:157} INFO - Started process (PID=825) to work on /home/airflow/.local/lib/python3.8/site-packages/airflow/example_dags/example_setup_teardown_taskflow.py
[2023-10-13T23:18:29.892+0000] {processor.py:829} INFO - Processing file /home/airflow/.local/lib/python3.8/site-packages/airflow/example_dags/example_setup_teardown_taskflow.py for tasks to queue
[2023-10-13T23:18:29.894+0000] {logging_mixin.py:151} INFO - [2023-10-13T23:18:29.894+0000] {dagbag.py:536} INFO - Filling up the DagBag from /home/airflow/.local/lib/python3.8/site-packages/airflow/example_dags/example_setup_teardown_taskflow.py
[2023-10-13T23:18:29.899+0000] {processor.py:839} INFO - DAG(s) dict_keys(['example_setup_teardown_taskflow']) retrieved from /home/airflow/.local/lib/python3.8/site-packages/airflow/example_dags/example_setup_teardown_taskflow.py
[2023-10-13T23:18:29.912+0000] {logging_mixin.py:151} INFO - [2023-10-13T23:18:29.912+0000] {dag.py:2941} INFO - Sync 1 DAGs
[2023-10-13T23:18:29.924+0000] {logging_mixin.py:151} INFO - [2023-10-13T23:18:29.924+0000] {dag.py:3722} INFO - Setting next_dagrun for example_setup_teardown_taskflow to 2023-10-12T23:18:29.924288+00:00, run_after=2023-10-13T23:18:29.924288+00:00
[2023-10-13T23:18:29.933+0000] {processor.py:179} INFO - Processing /home/airflow/.local/lib/python3.8/site-packages/airflow/example_dags/example_setup_teardown_taskflow.py took 0.043 seconds
[2023-10-13T23:19:00.101+0000] {processor.py:157} INFO - Started process (PID=879) to work on /home/airflow/.local/lib/python3.8/site-packages/airflow/example_dags/example_setup_teardown_taskflow.py
[2023-10-13T23:19:00.102+0000] {processor.py:829} INFO - Processing file /home/airflow/.local/lib/python3.8/site-packages/airflow/example_dags/example_setup_teardown_taskflow.py for tasks to queue
[2023-10-13T23:19:00.103+0000] {logging_mixin.py:151} INFO - [2023-10-13T23:19:00.103+0000] {dagbag.py:536} INFO - Filling up the DagBag from /home/airflow/.local/lib/python3.8/site-packages/airflow/example_dags/example_setup_teardown_taskflow.py
[2023-10-13T23:19:00.108+0000] {processor.py:839} INFO - DAG(s) dict_keys(['example_setup_teardown_taskflow']) retrieved from /home/airflow/.local/lib/python3.8/site-packages/airflow/example_dags/example_setup_teardown_taskflow.py
[2023-10-13T23:19:00.120+0000] {logging_mixin.py:151} INFO - [2023-10-13T23:19:00.120+0000] {dag.py:2941} INFO - Sync 1 DAGs
[2023-10-13T23:19:00.131+0000] {logging_mixin.py:151} INFO - [2023-10-13T23:19:00.131+0000] {dag.py:3722} INFO - Setting next_dagrun for example_setup_teardown_taskflow to 2023-10-12T23:19:00.130935+00:00, run_after=2023-10-13T23:19:00.130935+00:00
[2023-10-13T23:19:00.139+0000] {processor.py:179} INFO - Processing /home/airflow/.local/lib/python3.8/site-packages/airflow/example_dags/example_setup_teardown_taskflow.py took 0.040 seconds
[2023-10-13T23:19:30.274+0000] {processor.py:157} INFO - Started process (PID=933) to work on /home/airflow/.local/lib/python3.8/site-packages/airflow/example_dags/example_setup_teardown_taskflow.py
[2023-10-13T23:19:30.275+0000] {processor.py:829} INFO - Processing file /home/airflow/.local/lib/python3.8/site-packages/airflow/example_dags/example_setup_teardown_taskflow.py for tasks to queue
[2023-10-13T23:19:30.277+0000] {logging_mixin.py:151} INFO - [2023-10-13T23:19:30.276+0000] {dagbag.py:536} INFO - Filling up the DagBag from /home/airflow/.local/lib/python3.8/site-packages/airflow/example_dags/example_setup_teardown_taskflow.py
[2023-10-13T23:19:30.282+0000] {processor.py:839} INFO - DAG(s) dict_keys(['example_setup_teardown_taskflow']) retrieved from /home/airflow/.local/lib/python3.8/site-packages/airflow/example_dags/example_setup_teardown_taskflow.py
[2023-10-13T23:19:30.295+0000] {logging_mixin.py:151} INFO - [2023-10-13T23:19:30.295+0000] {dag.py:2941} INFO - Sync 1 DAGs
[2023-10-13T23:19:30.306+0000] {logging_mixin.py:151} INFO - [2023-10-13T23:19:30.306+0000] {dag.py:3722} INFO - Setting next_dagrun for example_setup_teardown_taskflow to 2023-10-12T23:19:30.306615+00:00, run_after=2023-10-13T23:19:30.306615+00:00
[2023-10-13T23:19:30.315+0000] {processor.py:179} INFO - Processing /home/airflow/.local/lib/python3.8/site-packages/airflow/example_dags/example_setup_teardown_taskflow.py took 0.043 seconds
