[2023-10-13T23:09:58.820+0000] {processor.py:157} INFO - Started process (PID=53) to work on /home/airflow/.local/lib/python3.8/site-packages/airflow/example_dags/example_short_circuit_operator.py
[2023-10-13T23:09:58.821+0000] {processor.py:829} INFO - Processing file /home/airflow/.local/lib/python3.8/site-packages/airflow/example_dags/example_short_circuit_operator.py for tasks to queue
[2023-10-13T23:09:58.824+0000] {logging_mixin.py:151} INFO - [2023-10-13T23:09:58.823+0000] {dagbag.py:536} INFO - Filling up the DagBag from /home/airflow/.local/lib/python3.8/site-packages/airflow/example_dags/example_short_circuit_operator.py
[2023-10-13T23:09:58.835+0000] {processor.py:839} INFO - DAG(s) dict_keys(['example_short_circuit_operator']) retrieved from /home/airflow/.local/lib/python3.8/site-packages/airflow/example_dags/example_short_circuit_operator.py
[2023-10-13T23:09:58.849+0000] {logging_mixin.py:151} INFO - [2023-10-13T23:09:58.849+0000] {dag.py:2941} INFO - Sync 1 DAGs
[2023-10-13T23:09:58.869+0000] {logging_mixin.py:151} INFO - [2023-10-13T23:09:58.869+0000] {dag.py:3722} INFO - Setting next_dagrun for example_short_circuit_operator to 2023-10-12T23:09:58.869157+00:00, run_after=2023-10-13T23:09:58.869157+00:00
[2023-10-13T23:09:58.882+0000] {processor.py:179} INFO - Processing /home/airflow/.local/lib/python3.8/site-packages/airflow/example_dags/example_short_circuit_operator.py took 0.066 seconds
[2023-10-13T23:11:23.163+0000] {processor.py:157} INFO - Started process (PID=52) to work on /home/airflow/.local/lib/python3.8/site-packages/airflow/example_dags/example_short_circuit_operator.py
[2023-10-13T23:11:23.164+0000] {processor.py:829} INFO - Processing file /home/airflow/.local/lib/python3.8/site-packages/airflow/example_dags/example_short_circuit_operator.py for tasks to queue
[2023-10-13T23:11:23.166+0000] {logging_mixin.py:151} INFO - [2023-10-13T23:11:23.166+0000] {dagbag.py:536} INFO - Filling up the DagBag from /home/airflow/.local/lib/python3.8/site-packages/airflow/example_dags/example_short_circuit_operator.py
[2023-10-13T23:11:23.172+0000] {processor.py:839} INFO - DAG(s) dict_keys(['example_short_circuit_operator']) retrieved from /home/airflow/.local/lib/python3.8/site-packages/airflow/example_dags/example_short_circuit_operator.py
[2023-10-13T23:11:23.181+0000] {logging_mixin.py:151} INFO - [2023-10-13T23:11:23.181+0000] {dag.py:2941} INFO - Sync 1 DAGs
[2023-10-13T23:11:23.201+0000] {logging_mixin.py:151} INFO - [2023-10-13T23:11:23.200+0000] {dag.py:3722} INFO - Setting next_dagrun for example_short_circuit_operator to 2023-10-12T23:11:23.200666+00:00, run_after=2023-10-13T23:11:23.200666+00:00
[2023-10-13T23:11:23.212+0000] {processor.py:179} INFO - Processing /home/airflow/.local/lib/python3.8/site-packages/airflow/example_dags/example_short_circuit_operator.py took 0.051 seconds
[2023-10-13T23:11:53.597+0000] {processor.py:157} INFO - Started process (PID=106) to work on /home/airflow/.local/lib/python3.8/site-packages/airflow/example_dags/example_short_circuit_operator.py
[2023-10-13T23:11:53.598+0000] {processor.py:829} INFO - Processing file /home/airflow/.local/lib/python3.8/site-packages/airflow/example_dags/example_short_circuit_operator.py for tasks to queue
[2023-10-13T23:11:53.600+0000] {logging_mixin.py:151} INFO - [2023-10-13T23:11:53.600+0000] {dagbag.py:536} INFO - Filling up the DagBag from /home/airflow/.local/lib/python3.8/site-packages/airflow/example_dags/example_short_circuit_operator.py
[2023-10-13T23:11:53.605+0000] {processor.py:839} INFO - DAG(s) dict_keys(['example_short_circuit_operator']) retrieved from /home/airflow/.local/lib/python3.8/site-packages/airflow/example_dags/example_short_circuit_operator.py
[2023-10-13T23:11:53.620+0000] {logging_mixin.py:151} INFO - [2023-10-13T23:11:53.620+0000] {dag.py:2941} INFO - Sync 1 DAGs
[2023-10-13T23:11:53.634+0000] {logging_mixin.py:151} INFO - [2023-10-13T23:11:53.634+0000] {dag.py:3722} INFO - Setting next_dagrun for example_short_circuit_operator to 2023-10-12T23:11:53.634175+00:00, run_after=2023-10-13T23:11:53.634175+00:00
[2023-10-13T23:11:53.645+0000] {processor.py:179} INFO - Processing /home/airflow/.local/lib/python3.8/site-packages/airflow/example_dags/example_short_circuit_operator.py took 0.050 seconds
[2023-10-13T23:12:23.734+0000] {processor.py:157} INFO - Started process (PID=160) to work on /home/airflow/.local/lib/python3.8/site-packages/airflow/example_dags/example_short_circuit_operator.py
[2023-10-13T23:12:23.735+0000] {processor.py:829} INFO - Processing file /home/airflow/.local/lib/python3.8/site-packages/airflow/example_dags/example_short_circuit_operator.py for tasks to queue
[2023-10-13T23:12:23.737+0000] {logging_mixin.py:151} INFO - [2023-10-13T23:12:23.737+0000] {dagbag.py:536} INFO - Filling up the DagBag from /home/airflow/.local/lib/python3.8/site-packages/airflow/example_dags/example_short_circuit_operator.py
[2023-10-13T23:12:23.743+0000] {processor.py:839} INFO - DAG(s) dict_keys(['example_short_circuit_operator']) retrieved from /home/airflow/.local/lib/python3.8/site-packages/airflow/example_dags/example_short_circuit_operator.py
[2023-10-13T23:12:23.759+0000] {logging_mixin.py:151} INFO - [2023-10-13T23:12:23.759+0000] {dag.py:2941} INFO - Sync 1 DAGs
[2023-10-13T23:12:23.774+0000] {logging_mixin.py:151} INFO - [2023-10-13T23:12:23.774+0000] {dag.py:3722} INFO - Setting next_dagrun for example_short_circuit_operator to 2023-10-12T23:12:23.774474+00:00, run_after=2023-10-13T23:12:23.774474+00:00
[2023-10-13T23:12:23.786+0000] {processor.py:179} INFO - Processing /home/airflow/.local/lib/python3.8/site-packages/airflow/example_dags/example_short_circuit_operator.py took 0.055 seconds
[2023-10-13T23:12:53.838+0000] {processor.py:157} INFO - Started process (PID=214) to work on /home/airflow/.local/lib/python3.8/site-packages/airflow/example_dags/example_short_circuit_operator.py
[2023-10-13T23:12:53.839+0000] {processor.py:829} INFO - Processing file /home/airflow/.local/lib/python3.8/site-packages/airflow/example_dags/example_short_circuit_operator.py for tasks to queue
[2023-10-13T23:12:53.841+0000] {logging_mixin.py:151} INFO - [2023-10-13T23:12:53.840+0000] {dagbag.py:536} INFO - Filling up the DagBag from /home/airflow/.local/lib/python3.8/site-packages/airflow/example_dags/example_short_circuit_operator.py
[2023-10-13T23:12:53.845+0000] {processor.py:839} INFO - DAG(s) dict_keys(['example_short_circuit_operator']) retrieved from /home/airflow/.local/lib/python3.8/site-packages/airflow/example_dags/example_short_circuit_operator.py
[2023-10-13T23:12:53.860+0000] {logging_mixin.py:151} INFO - [2023-10-13T23:12:53.860+0000] {dag.py:2941} INFO - Sync 1 DAGs
[2023-10-13T23:12:53.873+0000] {logging_mixin.py:151} INFO - [2023-10-13T23:12:53.873+0000] {dag.py:3722} INFO - Setting next_dagrun for example_short_circuit_operator to 2023-10-12T23:12:53.873211+00:00, run_after=2023-10-13T23:12:53.873211+00:00
[2023-10-13T23:12:53.883+0000] {processor.py:179} INFO - Processing /home/airflow/.local/lib/python3.8/site-packages/airflow/example_dags/example_short_circuit_operator.py took 0.048 seconds
[2023-10-13T23:13:24.029+0000] {processor.py:157} INFO - Started process (PID=268) to work on /home/airflow/.local/lib/python3.8/site-packages/airflow/example_dags/example_short_circuit_operator.py
[2023-10-13T23:13:24.030+0000] {processor.py:829} INFO - Processing file /home/airflow/.local/lib/python3.8/site-packages/airflow/example_dags/example_short_circuit_operator.py for tasks to queue
[2023-10-13T23:13:24.032+0000] {logging_mixin.py:151} INFO - [2023-10-13T23:13:24.031+0000] {dagbag.py:536} INFO - Filling up the DagBag from /home/airflow/.local/lib/python3.8/site-packages/airflow/example_dags/example_short_circuit_operator.py
[2023-10-13T23:13:24.036+0000] {processor.py:839} INFO - DAG(s) dict_keys(['example_short_circuit_operator']) retrieved from /home/airflow/.local/lib/python3.8/site-packages/airflow/example_dags/example_short_circuit_operator.py
[2023-10-13T23:13:24.051+0000] {logging_mixin.py:151} INFO - [2023-10-13T23:13:24.050+0000] {dag.py:2941} INFO - Sync 1 DAGs
[2023-10-13T23:13:24.064+0000] {logging_mixin.py:151} INFO - [2023-10-13T23:13:24.064+0000] {dag.py:3722} INFO - Setting next_dagrun for example_short_circuit_operator to 2023-10-12T23:13:24.064164+00:00, run_after=2023-10-13T23:13:24.064164+00:00
[2023-10-13T23:13:24.075+0000] {processor.py:179} INFO - Processing /home/airflow/.local/lib/python3.8/site-packages/airflow/example_dags/example_short_circuit_operator.py took 0.049 seconds
[2023-10-13T23:13:54.179+0000] {processor.py:157} INFO - Started process (PID=322) to work on /home/airflow/.local/lib/python3.8/site-packages/airflow/example_dags/example_short_circuit_operator.py
[2023-10-13T23:13:54.180+0000] {processor.py:829} INFO - Processing file /home/airflow/.local/lib/python3.8/site-packages/airflow/example_dags/example_short_circuit_operator.py for tasks to queue
[2023-10-13T23:13:54.182+0000] {logging_mixin.py:151} INFO - [2023-10-13T23:13:54.181+0000] {dagbag.py:536} INFO - Filling up the DagBag from /home/airflow/.local/lib/python3.8/site-packages/airflow/example_dags/example_short_circuit_operator.py
[2023-10-13T23:13:54.187+0000] {processor.py:839} INFO - DAG(s) dict_keys(['example_short_circuit_operator']) retrieved from /home/airflow/.local/lib/python3.8/site-packages/airflow/example_dags/example_short_circuit_operator.py
[2023-10-13T23:13:54.201+0000] {logging_mixin.py:151} INFO - [2023-10-13T23:13:54.201+0000] {dag.py:2941} INFO - Sync 1 DAGs
[2023-10-13T23:13:54.213+0000] {logging_mixin.py:151} INFO - [2023-10-13T23:13:54.213+0000] {dag.py:3722} INFO - Setting next_dagrun for example_short_circuit_operator to 2023-10-12T23:13:54.213146+00:00, run_after=2023-10-13T23:13:54.213146+00:00
[2023-10-13T23:13:54.224+0000] {processor.py:179} INFO - Processing /home/airflow/.local/lib/python3.8/site-packages/airflow/example_dags/example_short_circuit_operator.py took 0.048 seconds
[2023-10-13T23:14:24.415+0000] {processor.py:157} INFO - Started process (PID=376) to work on /home/airflow/.local/lib/python3.8/site-packages/airflow/example_dags/example_short_circuit_operator.py
[2023-10-13T23:14:24.416+0000] {processor.py:829} INFO - Processing file /home/airflow/.local/lib/python3.8/site-packages/airflow/example_dags/example_short_circuit_operator.py for tasks to queue
[2023-10-13T23:14:24.418+0000] {logging_mixin.py:151} INFO - [2023-10-13T23:14:24.418+0000] {dagbag.py:536} INFO - Filling up the DagBag from /home/airflow/.local/lib/python3.8/site-packages/airflow/example_dags/example_short_circuit_operator.py
[2023-10-13T23:14:24.423+0000] {processor.py:839} INFO - DAG(s) dict_keys(['example_short_circuit_operator']) retrieved from /home/airflow/.local/lib/python3.8/site-packages/airflow/example_dags/example_short_circuit_operator.py
[2023-10-13T23:14:24.439+0000] {logging_mixin.py:151} INFO - [2023-10-13T23:14:24.438+0000] {dag.py:2941} INFO - Sync 1 DAGs
[2023-10-13T23:14:24.453+0000] {logging_mixin.py:151} INFO - [2023-10-13T23:14:24.453+0000] {dag.py:3722} INFO - Setting next_dagrun for example_short_circuit_operator to 2023-10-12T23:14:24.452834+00:00, run_after=2023-10-13T23:14:24.452834+00:00
[2023-10-13T23:14:24.464+0000] {processor.py:179} INFO - Processing /home/airflow/.local/lib/python3.8/site-packages/airflow/example_dags/example_short_circuit_operator.py took 0.052 seconds
[2023-10-13T23:14:54.623+0000] {processor.py:157} INFO - Started process (PID=430) to work on /home/airflow/.local/lib/python3.8/site-packages/airflow/example_dags/example_short_circuit_operator.py
[2023-10-13T23:14:54.624+0000] {processor.py:829} INFO - Processing file /home/airflow/.local/lib/python3.8/site-packages/airflow/example_dags/example_short_circuit_operator.py for tasks to queue
[2023-10-13T23:14:54.626+0000] {logging_mixin.py:151} INFO - [2023-10-13T23:14:54.626+0000] {dagbag.py:536} INFO - Filling up the DagBag from /home/airflow/.local/lib/python3.8/site-packages/airflow/example_dags/example_short_circuit_operator.py
[2023-10-13T23:14:54.631+0000] {processor.py:839} INFO - DAG(s) dict_keys(['example_short_circuit_operator']) retrieved from /home/airflow/.local/lib/python3.8/site-packages/airflow/example_dags/example_short_circuit_operator.py
[2023-10-13T23:14:54.649+0000] {logging_mixin.py:151} INFO - [2023-10-13T23:14:54.649+0000] {dag.py:2941} INFO - Sync 1 DAGs
[2023-10-13T23:14:54.663+0000] {logging_mixin.py:151} INFO - [2023-10-13T23:14:54.663+0000] {dag.py:3722} INFO - Setting next_dagrun for example_short_circuit_operator to 2023-10-12T23:14:54.662899+00:00, run_after=2023-10-13T23:14:54.662899+00:00
[2023-10-13T23:14:54.675+0000] {processor.py:179} INFO - Processing /home/airflow/.local/lib/python3.8/site-packages/airflow/example_dags/example_short_circuit_operator.py took 0.054 seconds
[2023-10-13T23:15:24.892+0000] {processor.py:157} INFO - Started process (PID=484) to work on /home/airflow/.local/lib/python3.8/site-packages/airflow/example_dags/example_short_circuit_operator.py
[2023-10-13T23:15:24.893+0000] {processor.py:829} INFO - Processing file /home/airflow/.local/lib/python3.8/site-packages/airflow/example_dags/example_short_circuit_operator.py for tasks to queue
[2023-10-13T23:15:24.895+0000] {logging_mixin.py:151} INFO - [2023-10-13T23:15:24.895+0000] {dagbag.py:536} INFO - Filling up the DagBag from /home/airflow/.local/lib/python3.8/site-packages/airflow/example_dags/example_short_circuit_operator.py
[2023-10-13T23:15:24.901+0000] {processor.py:839} INFO - DAG(s) dict_keys(['example_short_circuit_operator']) retrieved from /home/airflow/.local/lib/python3.8/site-packages/airflow/example_dags/example_short_circuit_operator.py
[2023-10-13T23:15:24.919+0000] {logging_mixin.py:151} INFO - [2023-10-13T23:15:24.919+0000] {dag.py:2941} INFO - Sync 1 DAGs
[2023-10-13T23:15:24.938+0000] {logging_mixin.py:151} INFO - [2023-10-13T23:15:24.938+0000] {dag.py:3722} INFO - Setting next_dagrun for example_short_circuit_operator to 2023-10-12T23:15:24.938144+00:00, run_after=2023-10-13T23:15:24.938144+00:00
[2023-10-13T23:15:24.953+0000] {processor.py:179} INFO - Processing /home/airflow/.local/lib/python3.8/site-packages/airflow/example_dags/example_short_circuit_operator.py took 0.066 seconds
[2023-10-13T23:15:55.097+0000] {processor.py:157} INFO - Started process (PID=538) to work on /home/airflow/.local/lib/python3.8/site-packages/airflow/example_dags/example_short_circuit_operator.py
[2023-10-13T23:15:55.097+0000] {processor.py:829} INFO - Processing file /home/airflow/.local/lib/python3.8/site-packages/airflow/example_dags/example_short_circuit_operator.py for tasks to queue
[2023-10-13T23:15:55.099+0000] {logging_mixin.py:151} INFO - [2023-10-13T23:15:55.099+0000] {dagbag.py:536} INFO - Filling up the DagBag from /home/airflow/.local/lib/python3.8/site-packages/airflow/example_dags/example_short_circuit_operator.py
[2023-10-13T23:15:55.104+0000] {processor.py:839} INFO - DAG(s) dict_keys(['example_short_circuit_operator']) retrieved from /home/airflow/.local/lib/python3.8/site-packages/airflow/example_dags/example_short_circuit_operator.py
[2023-10-13T23:15:55.118+0000] {logging_mixin.py:151} INFO - [2023-10-13T23:15:55.118+0000] {dag.py:2941} INFO - Sync 1 DAGs
[2023-10-13T23:15:55.129+0000] {logging_mixin.py:151} INFO - [2023-10-13T23:15:55.129+0000] {dag.py:3722} INFO - Setting next_dagrun for example_short_circuit_operator to 2023-10-12T23:15:55.129411+00:00, run_after=2023-10-13T23:15:55.129411+00:00
[2023-10-13T23:15:55.138+0000] {processor.py:179} INFO - Processing /home/airflow/.local/lib/python3.8/site-packages/airflow/example_dags/example_short_circuit_operator.py took 0.044 seconds
[2023-10-13T23:16:25.936+0000] {processor.py:157} INFO - Started process (PID=592) to work on /home/airflow/.local/lib/python3.8/site-packages/airflow/example_dags/example_short_circuit_operator.py
[2023-10-13T23:16:25.937+0000] {processor.py:829} INFO - Processing file /home/airflow/.local/lib/python3.8/site-packages/airflow/example_dags/example_short_circuit_operator.py for tasks to queue
[2023-10-13T23:16:25.939+0000] {logging_mixin.py:151} INFO - [2023-10-13T23:16:25.939+0000] {dagbag.py:536} INFO - Filling up the DagBag from /home/airflow/.local/lib/python3.8/site-packages/airflow/example_dags/example_short_circuit_operator.py
[2023-10-13T23:16:25.944+0000] {processor.py:839} INFO - DAG(s) dict_keys(['example_short_circuit_operator']) retrieved from /home/airflow/.local/lib/python3.8/site-packages/airflow/example_dags/example_short_circuit_operator.py
[2023-10-13T23:16:25.959+0000] {logging_mixin.py:151} INFO - [2023-10-13T23:16:25.959+0000] {dag.py:2941} INFO - Sync 1 DAGs
[2023-10-13T23:16:25.970+0000] {logging_mixin.py:151} INFO - [2023-10-13T23:16:25.970+0000] {dag.py:3722} INFO - Setting next_dagrun for example_short_circuit_operator to 2023-10-12T23:16:25.970457+00:00, run_after=2023-10-13T23:16:25.970457+00:00
[2023-10-13T23:16:25.980+0000] {processor.py:179} INFO - Processing /home/airflow/.local/lib/python3.8/site-packages/airflow/example_dags/example_short_circuit_operator.py took 0.046 seconds
[2023-10-13T23:16:56.238+0000] {processor.py:157} INFO - Started process (PID=646) to work on /home/airflow/.local/lib/python3.8/site-packages/airflow/example_dags/example_short_circuit_operator.py
[2023-10-13T23:16:56.238+0000] {processor.py:829} INFO - Processing file /home/airflow/.local/lib/python3.8/site-packages/airflow/example_dags/example_short_circuit_operator.py for tasks to queue
[2023-10-13T23:16:56.240+0000] {logging_mixin.py:151} INFO - [2023-10-13T23:16:56.240+0000] {dagbag.py:536} INFO - Filling up the DagBag from /home/airflow/.local/lib/python3.8/site-packages/airflow/example_dags/example_short_circuit_operator.py
[2023-10-13T23:16:56.244+0000] {processor.py:839} INFO - DAG(s) dict_keys(['example_short_circuit_operator']) retrieved from /home/airflow/.local/lib/python3.8/site-packages/airflow/example_dags/example_short_circuit_operator.py
[2023-10-13T23:16:56.258+0000] {logging_mixin.py:151} INFO - [2023-10-13T23:16:56.257+0000] {dag.py:2941} INFO - Sync 1 DAGs
[2023-10-13T23:16:56.270+0000] {logging_mixin.py:151} INFO - [2023-10-13T23:16:56.269+0000] {dag.py:3722} INFO - Setting next_dagrun for example_short_circuit_operator to 2023-10-12T23:16:56.269721+00:00, run_after=2023-10-13T23:16:56.269721+00:00
[2023-10-13T23:16:56.279+0000] {processor.py:179} INFO - Processing /home/airflow/.local/lib/python3.8/site-packages/airflow/example_dags/example_short_circuit_operator.py took 0.044 seconds
[2023-10-13T23:17:27.256+0000] {processor.py:157} INFO - Started process (PID=700) to work on /home/airflow/.local/lib/python3.8/site-packages/airflow/example_dags/example_short_circuit_operator.py
[2023-10-13T23:17:27.257+0000] {processor.py:829} INFO - Processing file /home/airflow/.local/lib/python3.8/site-packages/airflow/example_dags/example_short_circuit_operator.py for tasks to queue
[2023-10-13T23:17:27.258+0000] {logging_mixin.py:151} INFO - [2023-10-13T23:17:27.258+0000] {dagbag.py:536} INFO - Filling up the DagBag from /home/airflow/.local/lib/python3.8/site-packages/airflow/example_dags/example_short_circuit_operator.py
[2023-10-13T23:17:27.262+0000] {processor.py:839} INFO - DAG(s) dict_keys(['example_short_circuit_operator']) retrieved from /home/airflow/.local/lib/python3.8/site-packages/airflow/example_dags/example_short_circuit_operator.py
[2023-10-13T23:17:27.275+0000] {logging_mixin.py:151} INFO - [2023-10-13T23:17:27.275+0000] {dag.py:2941} INFO - Sync 1 DAGs
[2023-10-13T23:17:27.286+0000] {logging_mixin.py:151} INFO - [2023-10-13T23:17:27.286+0000] {dag.py:3722} INFO - Setting next_dagrun for example_short_circuit_operator to 2023-10-12T23:17:27.286236+00:00, run_after=2023-10-13T23:17:27.286236+00:00
[2023-10-13T23:17:27.295+0000] {processor.py:179} INFO - Processing /home/airflow/.local/lib/python3.8/site-packages/airflow/example_dags/example_short_circuit_operator.py took 0.041 seconds
[2023-10-13T23:17:58.224+0000] {processor.py:157} INFO - Started process (PID=754) to work on /home/airflow/.local/lib/python3.8/site-packages/airflow/example_dags/example_short_circuit_operator.py
[2023-10-13T23:17:58.225+0000] {processor.py:829} INFO - Processing file /home/airflow/.local/lib/python3.8/site-packages/airflow/example_dags/example_short_circuit_operator.py for tasks to queue
[2023-10-13T23:17:58.227+0000] {logging_mixin.py:151} INFO - [2023-10-13T23:17:58.227+0000] {dagbag.py:536} INFO - Filling up the DagBag from /home/airflow/.local/lib/python3.8/site-packages/airflow/example_dags/example_short_circuit_operator.py
[2023-10-13T23:17:58.232+0000] {processor.py:839} INFO - DAG(s) dict_keys(['example_short_circuit_operator']) retrieved from /home/airflow/.local/lib/python3.8/site-packages/airflow/example_dags/example_short_circuit_operator.py
[2023-10-13T23:17:58.249+0000] {logging_mixin.py:151} INFO - [2023-10-13T23:17:58.249+0000] {dag.py:2941} INFO - Sync 1 DAGs
[2023-10-13T23:17:58.262+0000] {logging_mixin.py:151} INFO - [2023-10-13T23:17:58.262+0000] {dag.py:3722} INFO - Setting next_dagrun for example_short_circuit_operator to 2023-10-12T23:17:58.262562+00:00, run_after=2023-10-13T23:17:58.262562+00:00
[2023-10-13T23:17:58.274+0000] {processor.py:179} INFO - Processing /home/airflow/.local/lib/python3.8/site-packages/airflow/example_dags/example_short_circuit_operator.py took 0.052 seconds
[2023-10-13T23:18:28.374+0000] {processor.py:157} INFO - Started process (PID=808) to work on /home/airflow/.local/lib/python3.8/site-packages/airflow/example_dags/example_short_circuit_operator.py
[2023-10-13T23:18:28.374+0000] {processor.py:829} INFO - Processing file /home/airflow/.local/lib/python3.8/site-packages/airflow/example_dags/example_short_circuit_operator.py for tasks to queue
[2023-10-13T23:18:28.376+0000] {logging_mixin.py:151} INFO - [2023-10-13T23:18:28.376+0000] {dagbag.py:536} INFO - Filling up the DagBag from /home/airflow/.local/lib/python3.8/site-packages/airflow/example_dags/example_short_circuit_operator.py
[2023-10-13T23:18:28.381+0000] {processor.py:839} INFO - DAG(s) dict_keys(['example_short_circuit_operator']) retrieved from /home/airflow/.local/lib/python3.8/site-packages/airflow/example_dags/example_short_circuit_operator.py
[2023-10-13T23:18:28.396+0000] {logging_mixin.py:151} INFO - [2023-10-13T23:18:28.396+0000] {dag.py:2941} INFO - Sync 1 DAGs
[2023-10-13T23:18:28.408+0000] {logging_mixin.py:151} INFO - [2023-10-13T23:18:28.408+0000] {dag.py:3722} INFO - Setting next_dagrun for example_short_circuit_operator to 2023-10-12T23:18:28.408353+00:00, run_after=2023-10-13T23:18:28.408353+00:00
[2023-10-13T23:18:28.419+0000] {processor.py:179} INFO - Processing /home/airflow/.local/lib/python3.8/site-packages/airflow/example_dags/example_short_circuit_operator.py took 0.048 seconds
[2023-10-13T23:18:58.528+0000] {processor.py:157} INFO - Started process (PID=862) to work on /home/airflow/.local/lib/python3.8/site-packages/airflow/example_dags/example_short_circuit_operator.py
[2023-10-13T23:18:58.529+0000] {processor.py:829} INFO - Processing file /home/airflow/.local/lib/python3.8/site-packages/airflow/example_dags/example_short_circuit_operator.py for tasks to queue
[2023-10-13T23:18:58.531+0000] {logging_mixin.py:151} INFO - [2023-10-13T23:18:58.530+0000] {dagbag.py:536} INFO - Filling up the DagBag from /home/airflow/.local/lib/python3.8/site-packages/airflow/example_dags/example_short_circuit_operator.py
[2023-10-13T23:18:58.535+0000] {processor.py:839} INFO - DAG(s) dict_keys(['example_short_circuit_operator']) retrieved from /home/airflow/.local/lib/python3.8/site-packages/airflow/example_dags/example_short_circuit_operator.py
[2023-10-13T23:18:58.549+0000] {logging_mixin.py:151} INFO - [2023-10-13T23:18:58.549+0000] {dag.py:2941} INFO - Sync 1 DAGs
[2023-10-13T23:18:58.560+0000] {logging_mixin.py:151} INFO - [2023-10-13T23:18:58.560+0000] {dag.py:3722} INFO - Setting next_dagrun for example_short_circuit_operator to 2023-10-12T23:18:58.560594+00:00, run_after=2023-10-13T23:18:58.560594+00:00
[2023-10-13T23:18:58.569+0000] {processor.py:179} INFO - Processing /home/airflow/.local/lib/python3.8/site-packages/airflow/example_dags/example_short_circuit_operator.py took 0.043 seconds
[2023-10-13T23:19:28.636+0000] {processor.py:157} INFO - Started process (PID=916) to work on /home/airflow/.local/lib/python3.8/site-packages/airflow/example_dags/example_short_circuit_operator.py
[2023-10-13T23:19:28.637+0000] {processor.py:829} INFO - Processing file /home/airflow/.local/lib/python3.8/site-packages/airflow/example_dags/example_short_circuit_operator.py for tasks to queue
[2023-10-13T23:19:28.639+0000] {logging_mixin.py:151} INFO - [2023-10-13T23:19:28.639+0000] {dagbag.py:536} INFO - Filling up the DagBag from /home/airflow/.local/lib/python3.8/site-packages/airflow/example_dags/example_short_circuit_operator.py
[2023-10-13T23:19:28.643+0000] {processor.py:839} INFO - DAG(s) dict_keys(['example_short_circuit_operator']) retrieved from /home/airflow/.local/lib/python3.8/site-packages/airflow/example_dags/example_short_circuit_operator.py
[2023-10-13T23:19:28.656+0000] {logging_mixin.py:151} INFO - [2023-10-13T23:19:28.656+0000] {dag.py:2941} INFO - Sync 1 DAGs
[2023-10-13T23:19:28.668+0000] {logging_mixin.py:151} INFO - [2023-10-13T23:19:28.667+0000] {dag.py:3722} INFO - Setting next_dagrun for example_short_circuit_operator to 2023-10-12T23:19:28.667791+00:00, run_after=2023-10-13T23:19:28.667791+00:00
[2023-10-13T23:19:28.677+0000] {processor.py:179} INFO - Processing /home/airflow/.local/lib/python3.8/site-packages/airflow/example_dags/example_short_circuit_operator.py took 0.043 seconds
