[2023-10-13T23:09:57.749+0000] {processor.py:157} INFO - Started process (PID=32) to work on /home/airflow/.local/lib/python3.8/site-packages/airflow/example_dags/example_bash_operator.py
[2023-10-13T23:09:57.750+0000] {processor.py:829} INFO - Processing file /home/airflow/.local/lib/python3.8/site-packages/airflow/example_dags/example_bash_operator.py for tasks to queue
[2023-10-13T23:09:57.753+0000] {logging_mixin.py:151} INFO - [2023-10-13T23:09:57.753+0000] {dagbag.py:536} INFO - Filling up the DagBag from /home/airflow/.local/lib/python3.8/site-packages/airflow/example_dags/example_bash_operator.py
[2023-10-13T23:09:57.768+0000] {processor.py:839} INFO - DAG(s) dict_keys(['example_bash_operator']) retrieved from /home/airflow/.local/lib/python3.8/site-packages/airflow/example_dags/example_bash_operator.py
[2023-10-13T23:09:57.793+0000] {logging_mixin.py:151} INFO - [2023-10-13T23:09:57.793+0000] {dag.py:2941} INFO - Sync 1 DAGs
[2023-10-13T23:09:57.810+0000] {logging_mixin.py:151} INFO - [2023-10-13T23:09:57.810+0000] {dag.py:3722} INFO - Setting next_dagrun for example_bash_operator to 2023-10-12T00:00:00+00:00, run_after=2023-10-13T00:00:00+00:00
[2023-10-13T23:09:57.820+0000] {processor.py:179} INFO - Processing /home/airflow/.local/lib/python3.8/site-packages/airflow/example_dags/example_bash_operator.py took 0.074 seconds
[2023-10-13T23:11:22.032+0000] {processor.py:157} INFO - Started process (PID=31) to work on /home/airflow/.local/lib/python3.8/site-packages/airflow/example_dags/example_bash_operator.py
[2023-10-13T23:11:22.034+0000] {processor.py:829} INFO - Processing file /home/airflow/.local/lib/python3.8/site-packages/airflow/example_dags/example_bash_operator.py for tasks to queue
[2023-10-13T23:11:22.036+0000] {logging_mixin.py:151} INFO - [2023-10-13T23:11:22.036+0000] {dagbag.py:536} INFO - Filling up the DagBag from /home/airflow/.local/lib/python3.8/site-packages/airflow/example_dags/example_bash_operator.py
[2023-10-13T23:11:22.050+0000] {processor.py:839} INFO - DAG(s) dict_keys(['example_bash_operator']) retrieved from /home/airflow/.local/lib/python3.8/site-packages/airflow/example_dags/example_bash_operator.py
[2023-10-13T23:11:22.096+0000] {logging_mixin.py:151} INFO - [2023-10-13T23:11:22.096+0000] {dag.py:2941} INFO - Sync 1 DAGs
[2023-10-13T23:11:22.112+0000] {logging_mixin.py:151} INFO - [2023-10-13T23:11:22.112+0000] {dag.py:3722} INFO - Setting next_dagrun for example_bash_operator to 2023-10-12T00:00:00+00:00, run_after=2023-10-13T00:00:00+00:00
[2023-10-13T23:11:22.124+0000] {processor.py:179} INFO - Processing /home/airflow/.local/lib/python3.8/site-packages/airflow/example_dags/example_bash_operator.py took 0.095 seconds
[2023-10-13T23:11:52.656+0000] {processor.py:157} INFO - Started process (PID=85) to work on /home/airflow/.local/lib/python3.8/site-packages/airflow/example_dags/example_bash_operator.py
[2023-10-13T23:11:52.657+0000] {processor.py:829} INFO - Processing file /home/airflow/.local/lib/python3.8/site-packages/airflow/example_dags/example_bash_operator.py for tasks to queue
[2023-10-13T23:11:52.660+0000] {logging_mixin.py:151} INFO - [2023-10-13T23:11:52.660+0000] {dagbag.py:536} INFO - Filling up the DagBag from /home/airflow/.local/lib/python3.8/site-packages/airflow/example_dags/example_bash_operator.py
[2023-10-13T23:11:52.671+0000] {processor.py:839} INFO - DAG(s) dict_keys(['example_bash_operator']) retrieved from /home/airflow/.local/lib/python3.8/site-packages/airflow/example_dags/example_bash_operator.py
[2023-10-13T23:11:52.690+0000] {logging_mixin.py:151} INFO - [2023-10-13T23:11:52.689+0000] {dag.py:2941} INFO - Sync 1 DAGs
[2023-10-13T23:11:52.704+0000] {logging_mixin.py:151} INFO - [2023-10-13T23:11:52.704+0000] {dag.py:3722} INFO - Setting next_dagrun for example_bash_operator to 2023-10-12T00:00:00+00:00, run_after=2023-10-13T00:00:00+00:00
[2023-10-13T23:11:52.715+0000] {processor.py:179} INFO - Processing /home/airflow/.local/lib/python3.8/site-packages/airflow/example_dags/example_bash_operator.py took 0.063 seconds
[2023-10-13T23:12:22.813+0000] {processor.py:157} INFO - Started process (PID=139) to work on /home/airflow/.local/lib/python3.8/site-packages/airflow/example_dags/example_bash_operator.py
[2023-10-13T23:12:22.814+0000] {processor.py:829} INFO - Processing file /home/airflow/.local/lib/python3.8/site-packages/airflow/example_dags/example_bash_operator.py for tasks to queue
[2023-10-13T23:12:22.816+0000] {logging_mixin.py:151} INFO - [2023-10-13T23:12:22.816+0000] {dagbag.py:536} INFO - Filling up the DagBag from /home/airflow/.local/lib/python3.8/site-packages/airflow/example_dags/example_bash_operator.py
[2023-10-13T23:12:22.827+0000] {processor.py:839} INFO - DAG(s) dict_keys(['example_bash_operator']) retrieved from /home/airflow/.local/lib/python3.8/site-packages/airflow/example_dags/example_bash_operator.py
[2023-10-13T23:12:22.850+0000] {logging_mixin.py:151} INFO - [2023-10-13T23:12:22.850+0000] {dag.py:2941} INFO - Sync 1 DAGs
[2023-10-13T23:12:22.865+0000] {logging_mixin.py:151} INFO - [2023-10-13T23:12:22.864+0000] {dag.py:3722} INFO - Setting next_dagrun for example_bash_operator to 2023-10-12T00:00:00+00:00, run_after=2023-10-13T00:00:00+00:00
[2023-10-13T23:12:22.875+0000] {processor.py:179} INFO - Processing /home/airflow/.local/lib/python3.8/site-packages/airflow/example_dags/example_bash_operator.py took 0.066 seconds
[2023-10-13T23:12:53.003+0000] {processor.py:157} INFO - Started process (PID=193) to work on /home/airflow/.local/lib/python3.8/site-packages/airflow/example_dags/example_bash_operator.py
[2023-10-13T23:12:53.004+0000] {processor.py:829} INFO - Processing file /home/airflow/.local/lib/python3.8/site-packages/airflow/example_dags/example_bash_operator.py for tasks to queue
[2023-10-13T23:12:53.006+0000] {logging_mixin.py:151} INFO - [2023-10-13T23:12:53.005+0000] {dagbag.py:536} INFO - Filling up the DagBag from /home/airflow/.local/lib/python3.8/site-packages/airflow/example_dags/example_bash_operator.py
[2023-10-13T23:12:53.013+0000] {processor.py:839} INFO - DAG(s) dict_keys(['example_bash_operator']) retrieved from /home/airflow/.local/lib/python3.8/site-packages/airflow/example_dags/example_bash_operator.py
[2023-10-13T23:12:53.030+0000] {logging_mixin.py:151} INFO - [2023-10-13T23:12:53.030+0000] {dag.py:2941} INFO - Sync 1 DAGs
[2023-10-13T23:12:53.043+0000] {logging_mixin.py:151} INFO - [2023-10-13T23:12:53.042+0000] {dag.py:3722} INFO - Setting next_dagrun for example_bash_operator to 2023-10-12T00:00:00+00:00, run_after=2023-10-13T00:00:00+00:00
[2023-10-13T23:12:53.052+0000] {processor.py:179} INFO - Processing /home/airflow/.local/lib/python3.8/site-packages/airflow/example_dags/example_bash_operator.py took 0.051 seconds
[2023-10-13T23:13:23.163+0000] {processor.py:157} INFO - Started process (PID=247) to work on /home/airflow/.local/lib/python3.8/site-packages/airflow/example_dags/example_bash_operator.py
[2023-10-13T23:13:23.164+0000] {processor.py:829} INFO - Processing file /home/airflow/.local/lib/python3.8/site-packages/airflow/example_dags/example_bash_operator.py for tasks to queue
[2023-10-13T23:13:23.165+0000] {logging_mixin.py:151} INFO - [2023-10-13T23:13:23.165+0000] {dagbag.py:536} INFO - Filling up the DagBag from /home/airflow/.local/lib/python3.8/site-packages/airflow/example_dags/example_bash_operator.py
[2023-10-13T23:13:23.173+0000] {processor.py:839} INFO - DAG(s) dict_keys(['example_bash_operator']) retrieved from /home/airflow/.local/lib/python3.8/site-packages/airflow/example_dags/example_bash_operator.py
[2023-10-13T23:13:23.191+0000] {logging_mixin.py:151} INFO - [2023-10-13T23:13:23.191+0000] {dag.py:2941} INFO - Sync 1 DAGs
[2023-10-13T23:13:23.204+0000] {logging_mixin.py:151} INFO - [2023-10-13T23:13:23.204+0000] {dag.py:3722} INFO - Setting next_dagrun for example_bash_operator to 2023-10-12T00:00:00+00:00, run_after=2023-10-13T00:00:00+00:00
[2023-10-13T23:13:23.214+0000] {processor.py:179} INFO - Processing /home/airflow/.local/lib/python3.8/site-packages/airflow/example_dags/example_bash_operator.py took 0.054 seconds
[2023-10-13T23:13:53.426+0000] {processor.py:157} INFO - Started process (PID=301) to work on /home/airflow/.local/lib/python3.8/site-packages/airflow/example_dags/example_bash_operator.py
[2023-10-13T23:13:53.426+0000] {processor.py:829} INFO - Processing file /home/airflow/.local/lib/python3.8/site-packages/airflow/example_dags/example_bash_operator.py for tasks to queue
[2023-10-13T23:13:53.428+0000] {logging_mixin.py:151} INFO - [2023-10-13T23:13:53.428+0000] {dagbag.py:536} INFO - Filling up the DagBag from /home/airflow/.local/lib/python3.8/site-packages/airflow/example_dags/example_bash_operator.py
[2023-10-13T23:13:53.435+0000] {processor.py:839} INFO - DAG(s) dict_keys(['example_bash_operator']) retrieved from /home/airflow/.local/lib/python3.8/site-packages/airflow/example_dags/example_bash_operator.py
[2023-10-13T23:13:53.453+0000] {logging_mixin.py:151} INFO - [2023-10-13T23:13:53.453+0000] {dag.py:2941} INFO - Sync 1 DAGs
[2023-10-13T23:13:53.465+0000] {logging_mixin.py:151} INFO - [2023-10-13T23:13:53.465+0000] {dag.py:3722} INFO - Setting next_dagrun for example_bash_operator to 2023-10-12T00:00:00+00:00, run_after=2023-10-13T00:00:00+00:00
[2023-10-13T23:13:53.474+0000] {processor.py:179} INFO - Processing /home/airflow/.local/lib/python3.8/site-packages/airflow/example_dags/example_bash_operator.py took 0.051 seconds
[2023-10-13T23:14:23.557+0000] {processor.py:157} INFO - Started process (PID=355) to work on /home/airflow/.local/lib/python3.8/site-packages/airflow/example_dags/example_bash_operator.py
[2023-10-13T23:14:23.558+0000] {processor.py:829} INFO - Processing file /home/airflow/.local/lib/python3.8/site-packages/airflow/example_dags/example_bash_operator.py for tasks to queue
[2023-10-13T23:14:23.561+0000] {logging_mixin.py:151} INFO - [2023-10-13T23:14:23.561+0000] {dagbag.py:536} INFO - Filling up the DagBag from /home/airflow/.local/lib/python3.8/site-packages/airflow/example_dags/example_bash_operator.py
[2023-10-13T23:14:23.571+0000] {processor.py:839} INFO - DAG(s) dict_keys(['example_bash_operator']) retrieved from /home/airflow/.local/lib/python3.8/site-packages/airflow/example_dags/example_bash_operator.py
[2023-10-13T23:14:23.591+0000] {logging_mixin.py:151} INFO - [2023-10-13T23:14:23.591+0000] {dag.py:2941} INFO - Sync 1 DAGs
[2023-10-13T23:14:23.607+0000] {logging_mixin.py:151} INFO - [2023-10-13T23:14:23.607+0000] {dag.py:3722} INFO - Setting next_dagrun for example_bash_operator to 2023-10-12T00:00:00+00:00, run_after=2023-10-13T00:00:00+00:00
[2023-10-13T23:14:23.618+0000] {processor.py:179} INFO - Processing /home/airflow/.local/lib/python3.8/site-packages/airflow/example_dags/example_bash_operator.py took 0.064 seconds
[2023-10-13T23:14:53.816+0000] {processor.py:157} INFO - Started process (PID=409) to work on /home/airflow/.local/lib/python3.8/site-packages/airflow/example_dags/example_bash_operator.py
[2023-10-13T23:14:53.817+0000] {processor.py:829} INFO - Processing file /home/airflow/.local/lib/python3.8/site-packages/airflow/example_dags/example_bash_operator.py for tasks to queue
[2023-10-13T23:14:53.820+0000] {logging_mixin.py:151} INFO - [2023-10-13T23:14:53.820+0000] {dagbag.py:536} INFO - Filling up the DagBag from /home/airflow/.local/lib/python3.8/site-packages/airflow/example_dags/example_bash_operator.py
[2023-10-13T23:14:53.831+0000] {processor.py:839} INFO - DAG(s) dict_keys(['example_bash_operator']) retrieved from /home/airflow/.local/lib/python3.8/site-packages/airflow/example_dags/example_bash_operator.py
[2023-10-13T23:14:53.855+0000] {logging_mixin.py:151} INFO - [2023-10-13T23:14:53.855+0000] {dag.py:2941} INFO - Sync 1 DAGs
[2023-10-13T23:14:53.870+0000] {logging_mixin.py:151} INFO - [2023-10-13T23:14:53.870+0000] {dag.py:3722} INFO - Setting next_dagrun for example_bash_operator to 2023-10-12T00:00:00+00:00, run_after=2023-10-13T00:00:00+00:00
[2023-10-13T23:14:53.880+0000] {processor.py:179} INFO - Processing /home/airflow/.local/lib/python3.8/site-packages/airflow/example_dags/example_bash_operator.py took 0.069 seconds
[2023-10-13T23:15:24.057+0000] {processor.py:157} INFO - Started process (PID=463) to work on /home/airflow/.local/lib/python3.8/site-packages/airflow/example_dags/example_bash_operator.py
[2023-10-13T23:15:24.059+0000] {processor.py:829} INFO - Processing file /home/airflow/.local/lib/python3.8/site-packages/airflow/example_dags/example_bash_operator.py for tasks to queue
[2023-10-13T23:15:24.064+0000] {logging_mixin.py:151} INFO - [2023-10-13T23:15:24.064+0000] {dagbag.py:536} INFO - Filling up the DagBag from /home/airflow/.local/lib/python3.8/site-packages/airflow/example_dags/example_bash_operator.py
[2023-10-13T23:15:24.078+0000] {processor.py:839} INFO - DAG(s) dict_keys(['example_bash_operator']) retrieved from /home/airflow/.local/lib/python3.8/site-packages/airflow/example_dags/example_bash_operator.py
[2023-10-13T23:15:24.109+0000] {logging_mixin.py:151} INFO - [2023-10-13T23:15:24.109+0000] {dag.py:2941} INFO - Sync 1 DAGs
[2023-10-13T23:15:24.128+0000] {logging_mixin.py:151} INFO - [2023-10-13T23:15:24.128+0000] {dag.py:3722} INFO - Setting next_dagrun for example_bash_operator to 2023-10-12T00:00:00+00:00, run_after=2023-10-13T00:00:00+00:00
[2023-10-13T23:15:24.139+0000] {processor.py:179} INFO - Processing /home/airflow/.local/lib/python3.8/site-packages/airflow/example_dags/example_bash_operator.py took 0.088 seconds
[2023-10-13T23:15:54.297+0000] {processor.py:157} INFO - Started process (PID=517) to work on /home/airflow/.local/lib/python3.8/site-packages/airflow/example_dags/example_bash_operator.py
[2023-10-13T23:15:54.298+0000] {processor.py:829} INFO - Processing file /home/airflow/.local/lib/python3.8/site-packages/airflow/example_dags/example_bash_operator.py for tasks to queue
[2023-10-13T23:15:54.302+0000] {logging_mixin.py:151} INFO - [2023-10-13T23:15:54.302+0000] {dagbag.py:536} INFO - Filling up the DagBag from /home/airflow/.local/lib/python3.8/site-packages/airflow/example_dags/example_bash_operator.py
[2023-10-13T23:15:54.315+0000] {processor.py:839} INFO - DAG(s) dict_keys(['example_bash_operator']) retrieved from /home/airflow/.local/lib/python3.8/site-packages/airflow/example_dags/example_bash_operator.py
[2023-10-13T23:15:54.336+0000] {logging_mixin.py:151} INFO - [2023-10-13T23:15:54.336+0000] {dag.py:2941} INFO - Sync 1 DAGs
[2023-10-13T23:15:54.352+0000] {logging_mixin.py:151} INFO - [2023-10-13T23:15:54.352+0000] {dag.py:3722} INFO - Setting next_dagrun for example_bash_operator to 2023-10-12T00:00:00+00:00, run_after=2023-10-13T00:00:00+00:00
[2023-10-13T23:15:54.362+0000] {processor.py:179} INFO - Processing /home/airflow/.local/lib/python3.8/site-packages/airflow/example_dags/example_bash_operator.py took 0.069 seconds
[2023-10-13T23:16:25.232+0000] {processor.py:157} INFO - Started process (PID=571) to work on /home/airflow/.local/lib/python3.8/site-packages/airflow/example_dags/example_bash_operator.py
[2023-10-13T23:16:25.233+0000] {processor.py:829} INFO - Processing file /home/airflow/.local/lib/python3.8/site-packages/airflow/example_dags/example_bash_operator.py for tasks to queue
[2023-10-13T23:16:25.234+0000] {logging_mixin.py:151} INFO - [2023-10-13T23:16:25.234+0000] {dagbag.py:536} INFO - Filling up the DagBag from /home/airflow/.local/lib/python3.8/site-packages/airflow/example_dags/example_bash_operator.py
[2023-10-13T23:16:25.243+0000] {processor.py:839} INFO - DAG(s) dict_keys(['example_bash_operator']) retrieved from /home/airflow/.local/lib/python3.8/site-packages/airflow/example_dags/example_bash_operator.py
[2023-10-13T23:16:25.263+0000] {logging_mixin.py:151} INFO - [2023-10-13T23:16:25.263+0000] {dag.py:2941} INFO - Sync 1 DAGs
[2023-10-13T23:16:25.277+0000] {logging_mixin.py:151} INFO - [2023-10-13T23:16:25.277+0000] {dag.py:3722} INFO - Setting next_dagrun for example_bash_operator to 2023-10-12T00:00:00+00:00, run_after=2023-10-13T00:00:00+00:00
[2023-10-13T23:16:25.288+0000] {processor.py:179} INFO - Processing /home/airflow/.local/lib/python3.8/site-packages/airflow/example_dags/example_bash_operator.py took 0.059 seconds
[2023-10-13T23:16:55.339+0000] {processor.py:157} INFO - Started process (PID=625) to work on /home/airflow/.local/lib/python3.8/site-packages/airflow/example_dags/example_bash_operator.py
[2023-10-13T23:16:55.341+0000] {processor.py:829} INFO - Processing file /home/airflow/.local/lib/python3.8/site-packages/airflow/example_dags/example_bash_operator.py for tasks to queue
[2023-10-13T23:16:55.343+0000] {logging_mixin.py:151} INFO - [2023-10-13T23:16:55.343+0000] {dagbag.py:536} INFO - Filling up the DagBag from /home/airflow/.local/lib/python3.8/site-packages/airflow/example_dags/example_bash_operator.py
[2023-10-13T23:16:55.354+0000] {processor.py:839} INFO - DAG(s) dict_keys(['example_bash_operator']) retrieved from /home/airflow/.local/lib/python3.8/site-packages/airflow/example_dags/example_bash_operator.py
[2023-10-13T23:16:55.375+0000] {logging_mixin.py:151} INFO - [2023-10-13T23:16:55.375+0000] {dag.py:2941} INFO - Sync 1 DAGs
[2023-10-13T23:16:55.387+0000] {logging_mixin.py:151} INFO - [2023-10-13T23:16:55.387+0000] {dag.py:3722} INFO - Setting next_dagrun for example_bash_operator to 2023-10-12T00:00:00+00:00, run_after=2023-10-13T00:00:00+00:00
[2023-10-13T23:16:55.397+0000] {processor.py:179} INFO - Processing /home/airflow/.local/lib/python3.8/site-packages/airflow/example_dags/example_bash_operator.py took 0.062 seconds
[2023-10-13T23:17:25.546+0000] {processor.py:157} INFO - Started process (PID=679) to work on /home/airflow/.local/lib/python3.8/site-packages/airflow/example_dags/example_bash_operator.py
[2023-10-13T23:17:25.547+0000] {processor.py:829} INFO - Processing file /home/airflow/.local/lib/python3.8/site-packages/airflow/example_dags/example_bash_operator.py for tasks to queue
[2023-10-13T23:17:25.549+0000] {logging_mixin.py:151} INFO - [2023-10-13T23:17:25.549+0000] {dagbag.py:536} INFO - Filling up the DagBag from /home/airflow/.local/lib/python3.8/site-packages/airflow/example_dags/example_bash_operator.py
[2023-10-13T23:17:25.558+0000] {processor.py:839} INFO - DAG(s) dict_keys(['example_bash_operator']) retrieved from /home/airflow/.local/lib/python3.8/site-packages/airflow/example_dags/example_bash_operator.py
[2023-10-13T23:17:25.576+0000] {logging_mixin.py:151} INFO - [2023-10-13T23:17:25.576+0000] {dag.py:2941} INFO - Sync 1 DAGs
[2023-10-13T23:17:25.587+0000] {logging_mixin.py:151} INFO - [2023-10-13T23:17:25.587+0000] {dag.py:3722} INFO - Setting next_dagrun for example_bash_operator to 2023-10-12T00:00:00+00:00, run_after=2023-10-13T00:00:00+00:00
[2023-10-13T23:17:25.597+0000] {processor.py:179} INFO - Processing /home/airflow/.local/lib/python3.8/site-packages/airflow/example_dags/example_bash_operator.py took 0.054 seconds
[2023-10-13T23:17:56.394+0000] {processor.py:157} INFO - Started process (PID=733) to work on /home/airflow/.local/lib/python3.8/site-packages/airflow/example_dags/example_bash_operator.py
[2023-10-13T23:17:56.395+0000] {processor.py:829} INFO - Processing file /home/airflow/.local/lib/python3.8/site-packages/airflow/example_dags/example_bash_operator.py for tasks to queue
[2023-10-13T23:17:56.401+0000] {logging_mixin.py:151} INFO - [2023-10-13T23:17:56.400+0000] {dagbag.py:536} INFO - Filling up the DagBag from /home/airflow/.local/lib/python3.8/site-packages/airflow/example_dags/example_bash_operator.py
[2023-10-13T23:17:56.418+0000] {processor.py:839} INFO - DAG(s) dict_keys(['example_bash_operator']) retrieved from /home/airflow/.local/lib/python3.8/site-packages/airflow/example_dags/example_bash_operator.py
[2023-10-13T23:17:56.441+0000] {logging_mixin.py:151} INFO - [2023-10-13T23:17:56.441+0000] {dag.py:2941} INFO - Sync 1 DAGs
[2023-10-13T23:17:56.455+0000] {logging_mixin.py:151} INFO - [2023-10-13T23:17:56.455+0000] {dag.py:3722} INFO - Setting next_dagrun for example_bash_operator to 2023-10-12T00:00:00+00:00, run_after=2023-10-13T00:00:00+00:00
[2023-10-13T23:17:56.466+0000] {processor.py:179} INFO - Processing /home/airflow/.local/lib/python3.8/site-packages/airflow/example_dags/example_bash_operator.py took 0.080 seconds
[2023-10-13T23:18:26.641+0000] {processor.py:157} INFO - Started process (PID=787) to work on /home/airflow/.local/lib/python3.8/site-packages/airflow/example_dags/example_bash_operator.py
[2023-10-13T23:18:26.643+0000] {processor.py:829} INFO - Processing file /home/airflow/.local/lib/python3.8/site-packages/airflow/example_dags/example_bash_operator.py for tasks to queue
[2023-10-13T23:18:26.647+0000] {logging_mixin.py:151} INFO - [2023-10-13T23:18:26.647+0000] {dagbag.py:536} INFO - Filling up the DagBag from /home/airflow/.local/lib/python3.8/site-packages/airflow/example_dags/example_bash_operator.py
[2023-10-13T23:18:26.661+0000] {processor.py:839} INFO - DAG(s) dict_keys(['example_bash_operator']) retrieved from /home/airflow/.local/lib/python3.8/site-packages/airflow/example_dags/example_bash_operator.py
[2023-10-13T23:18:26.684+0000] {logging_mixin.py:151} INFO - [2023-10-13T23:18:26.684+0000] {dag.py:2941} INFO - Sync 1 DAGs
[2023-10-13T23:18:26.697+0000] {logging_mixin.py:151} INFO - [2023-10-13T23:18:26.697+0000] {dag.py:3722} INFO - Setting next_dagrun for example_bash_operator to 2023-10-12T00:00:00+00:00, run_after=2023-10-13T00:00:00+00:00
[2023-10-13T23:18:26.707+0000] {processor.py:179} INFO - Processing /home/airflow/.local/lib/python3.8/site-packages/airflow/example_dags/example_bash_operator.py took 0.072 seconds
[2023-10-13T23:18:56.750+0000] {processor.py:157} INFO - Started process (PID=841) to work on /home/airflow/.local/lib/python3.8/site-packages/airflow/example_dags/example_bash_operator.py
[2023-10-13T23:18:56.751+0000] {processor.py:829} INFO - Processing file /home/airflow/.local/lib/python3.8/site-packages/airflow/example_dags/example_bash_operator.py for tasks to queue
[2023-10-13T23:18:56.754+0000] {logging_mixin.py:151} INFO - [2023-10-13T23:18:56.753+0000] {dagbag.py:536} INFO - Filling up the DagBag from /home/airflow/.local/lib/python3.8/site-packages/airflow/example_dags/example_bash_operator.py
[2023-10-13T23:18:56.765+0000] {processor.py:839} INFO - DAG(s) dict_keys(['example_bash_operator']) retrieved from /home/airflow/.local/lib/python3.8/site-packages/airflow/example_dags/example_bash_operator.py
[2023-10-13T23:18:56.785+0000] {logging_mixin.py:151} INFO - [2023-10-13T23:18:56.785+0000] {dag.py:2941} INFO - Sync 1 DAGs
[2023-10-13T23:18:56.797+0000] {logging_mixin.py:151} INFO - [2023-10-13T23:18:56.797+0000] {dag.py:3722} INFO - Setting next_dagrun for example_bash_operator to 2023-10-12T00:00:00+00:00, run_after=2023-10-13T00:00:00+00:00
[2023-10-13T23:18:56.806+0000] {processor.py:179} INFO - Processing /home/airflow/.local/lib/python3.8/site-packages/airflow/example_dags/example_bash_operator.py took 0.062 seconds
[2023-10-13T23:19:26.903+0000] {processor.py:157} INFO - Started process (PID=895) to work on /home/airflow/.local/lib/python3.8/site-packages/airflow/example_dags/example_bash_operator.py
[2023-10-13T23:19:26.905+0000] {processor.py:829} INFO - Processing file /home/airflow/.local/lib/python3.8/site-packages/airflow/example_dags/example_bash_operator.py for tasks to queue
[2023-10-13T23:19:26.909+0000] {logging_mixin.py:151} INFO - [2023-10-13T23:19:26.908+0000] {dagbag.py:536} INFO - Filling up the DagBag from /home/airflow/.local/lib/python3.8/site-packages/airflow/example_dags/example_bash_operator.py
[2023-10-13T23:19:26.922+0000] {processor.py:839} INFO - DAG(s) dict_keys(['example_bash_operator']) retrieved from /home/airflow/.local/lib/python3.8/site-packages/airflow/example_dags/example_bash_operator.py
[2023-10-13T23:19:26.942+0000] {logging_mixin.py:151} INFO - [2023-10-13T23:19:26.942+0000] {dag.py:2941} INFO - Sync 1 DAGs
[2023-10-13T23:19:26.955+0000] {logging_mixin.py:151} INFO - [2023-10-13T23:19:26.955+0000] {dag.py:3722} INFO - Setting next_dagrun for example_bash_operator to 2023-10-12T00:00:00+00:00, run_after=2023-10-13T00:00:00+00:00
[2023-10-13T23:19:26.964+0000] {processor.py:179} INFO - Processing /home/airflow/.local/lib/python3.8/site-packages/airflow/example_dags/example_bash_operator.py took 0.066 seconds
