[2023-10-13T23:09:58.019+0000] {processor.py:157} INFO - Started process (PID=39) to work on /home/airflow/.local/lib/python3.8/site-packages/airflow/example_dags/example_skip_dag.py
[2023-10-13T23:09:58.020+0000] {processor.py:829} INFO - Processing file /home/airflow/.local/lib/python3.8/site-packages/airflow/example_dags/example_skip_dag.py for tasks to queue
[2023-10-13T23:09:58.022+0000] {logging_mixin.py:151} INFO - [2023-10-13T23:09:58.021+0000] {dagbag.py:536} INFO - Filling up the DagBag from /home/airflow/.local/lib/python3.8/site-packages/airflow/example_dags/example_skip_dag.py
[2023-10-13T23:09:58.029+0000] {processor.py:839} INFO - DAG(s) dict_keys(['example_skip_dag']) retrieved from /home/airflow/.local/lib/python3.8/site-packages/airflow/example_dags/example_skip_dag.py
[2023-10-13T23:09:58.039+0000] {logging_mixin.py:151} INFO - [2023-10-13T23:09:58.039+0000] {dag.py:2941} INFO - Sync 1 DAGs
[2023-10-13T23:09:58.053+0000] {logging_mixin.py:151} INFO - [2023-10-13T23:09:58.053+0000] {dag.py:3722} INFO - Setting next_dagrun for example_skip_dag to 2023-10-12T23:09:58.053475+00:00, run_after=2023-10-13T23:09:58.053475+00:00
[2023-10-13T23:09:58.067+0000] {processor.py:179} INFO - Processing /home/airflow/.local/lib/python3.8/site-packages/airflow/example_dags/example_skip_dag.py took 0.050 seconds
[2023-10-13T23:11:22.316+0000] {processor.py:157} INFO - Started process (PID=38) to work on /home/airflow/.local/lib/python3.8/site-packages/airflow/example_dags/example_skip_dag.py
[2023-10-13T23:11:22.317+0000] {processor.py:829} INFO - Processing file /home/airflow/.local/lib/python3.8/site-packages/airflow/example_dags/example_skip_dag.py for tasks to queue
[2023-10-13T23:11:22.319+0000] {logging_mixin.py:151} INFO - [2023-10-13T23:11:22.319+0000] {dagbag.py:536} INFO - Filling up the DagBag from /home/airflow/.local/lib/python3.8/site-packages/airflow/example_dags/example_skip_dag.py
[2023-10-13T23:11:22.334+0000] {processor.py:839} INFO - DAG(s) dict_keys(['example_skip_dag']) retrieved from /home/airflow/.local/lib/python3.8/site-packages/airflow/example_dags/example_skip_dag.py
[2023-10-13T23:11:22.347+0000] {logging_mixin.py:151} INFO - [2023-10-13T23:11:22.347+0000] {dag.py:2941} INFO - Sync 1 DAGs
[2023-10-13T23:11:22.366+0000] {logging_mixin.py:151} INFO - [2023-10-13T23:11:22.366+0000] {dag.py:3722} INFO - Setting next_dagrun for example_skip_dag to 2023-10-12T23:11:22.365852+00:00, run_after=2023-10-13T23:11:22.365852+00:00
[2023-10-13T23:11:22.379+0000] {processor.py:179} INFO - Processing /home/airflow/.local/lib/python3.8/site-packages/airflow/example_dags/example_skip_dag.py took 0.066 seconds
[2023-10-13T23:11:52.938+0000] {processor.py:157} INFO - Started process (PID=92) to work on /home/airflow/.local/lib/python3.8/site-packages/airflow/example_dags/example_skip_dag.py
[2023-10-13T23:11:52.939+0000] {processor.py:829} INFO - Processing file /home/airflow/.local/lib/python3.8/site-packages/airflow/example_dags/example_skip_dag.py for tasks to queue
[2023-10-13T23:11:52.940+0000] {logging_mixin.py:151} INFO - [2023-10-13T23:11:52.940+0000] {dagbag.py:536} INFO - Filling up the DagBag from /home/airflow/.local/lib/python3.8/site-packages/airflow/example_dags/example_skip_dag.py
[2023-10-13T23:11:52.945+0000] {processor.py:839} INFO - DAG(s) dict_keys(['example_skip_dag']) retrieved from /home/airflow/.local/lib/python3.8/site-packages/airflow/example_dags/example_skip_dag.py
[2023-10-13T23:11:52.960+0000] {logging_mixin.py:151} INFO - [2023-10-13T23:11:52.960+0000] {dag.py:2941} INFO - Sync 1 DAGs
[2023-10-13T23:11:52.973+0000] {logging_mixin.py:151} INFO - [2023-10-13T23:11:52.972+0000] {dag.py:3722} INFO - Setting next_dagrun for example_skip_dag to 2023-10-12T23:11:52.972734+00:00, run_after=2023-10-13T23:11:52.972734+00:00
[2023-10-13T23:11:52.985+0000] {processor.py:179} INFO - Processing /home/airflow/.local/lib/python3.8/site-packages/airflow/example_dags/example_skip_dag.py took 0.049 seconds
[2023-10-13T23:12:23.033+0000] {processor.py:157} INFO - Started process (PID=146) to work on /home/airflow/.local/lib/python3.8/site-packages/airflow/example_dags/example_skip_dag.py
[2023-10-13T23:12:23.034+0000] {processor.py:829} INFO - Processing file /home/airflow/.local/lib/python3.8/site-packages/airflow/example_dags/example_skip_dag.py for tasks to queue
[2023-10-13T23:12:23.036+0000] {logging_mixin.py:151} INFO - [2023-10-13T23:12:23.036+0000] {dagbag.py:536} INFO - Filling up the DagBag from /home/airflow/.local/lib/python3.8/site-packages/airflow/example_dags/example_skip_dag.py
[2023-10-13T23:12:23.040+0000] {processor.py:839} INFO - DAG(s) dict_keys(['example_skip_dag']) retrieved from /home/airflow/.local/lib/python3.8/site-packages/airflow/example_dags/example_skip_dag.py
[2023-10-13T23:12:23.056+0000] {logging_mixin.py:151} INFO - [2023-10-13T23:12:23.055+0000] {dag.py:2941} INFO - Sync 1 DAGs
[2023-10-13T23:12:23.069+0000] {logging_mixin.py:151} INFO - [2023-10-13T23:12:23.069+0000] {dag.py:3722} INFO - Setting next_dagrun for example_skip_dag to 2023-10-12T23:12:23.069201+00:00, run_after=2023-10-13T23:12:23.069201+00:00
[2023-10-13T23:12:23.079+0000] {processor.py:179} INFO - Processing /home/airflow/.local/lib/python3.8/site-packages/airflow/example_dags/example_skip_dag.py took 0.048 seconds
[2023-10-13T23:12:53.320+0000] {processor.py:157} INFO - Started process (PID=200) to work on /home/airflow/.local/lib/python3.8/site-packages/airflow/example_dags/example_skip_dag.py
[2023-10-13T23:12:53.320+0000] {processor.py:829} INFO - Processing file /home/airflow/.local/lib/python3.8/site-packages/airflow/example_dags/example_skip_dag.py for tasks to queue
[2023-10-13T23:12:53.322+0000] {logging_mixin.py:151} INFO - [2023-10-13T23:12:53.322+0000] {dagbag.py:536} INFO - Filling up the DagBag from /home/airflow/.local/lib/python3.8/site-packages/airflow/example_dags/example_skip_dag.py
[2023-10-13T23:12:53.326+0000] {processor.py:839} INFO - DAG(s) dict_keys(['example_skip_dag']) retrieved from /home/airflow/.local/lib/python3.8/site-packages/airflow/example_dags/example_skip_dag.py
[2023-10-13T23:12:53.342+0000] {logging_mixin.py:151} INFO - [2023-10-13T23:12:53.341+0000] {dag.py:2941} INFO - Sync 1 DAGs
[2023-10-13T23:12:53.354+0000] {logging_mixin.py:151} INFO - [2023-10-13T23:12:53.353+0000] {dag.py:3722} INFO - Setting next_dagrun for example_skip_dag to 2023-10-12T23:12:53.353743+00:00, run_after=2023-10-13T23:12:53.353743+00:00
[2023-10-13T23:12:53.364+0000] {processor.py:179} INFO - Processing /home/airflow/.local/lib/python3.8/site-packages/airflow/example_dags/example_skip_dag.py took 0.047 seconds
[2023-10-13T23:13:23.448+0000] {processor.py:157} INFO - Started process (PID=254) to work on /home/airflow/.local/lib/python3.8/site-packages/airflow/example_dags/example_skip_dag.py
[2023-10-13T23:13:23.449+0000] {processor.py:829} INFO - Processing file /home/airflow/.local/lib/python3.8/site-packages/airflow/example_dags/example_skip_dag.py for tasks to queue
[2023-10-13T23:13:23.451+0000] {logging_mixin.py:151} INFO - [2023-10-13T23:13:23.450+0000] {dagbag.py:536} INFO - Filling up the DagBag from /home/airflow/.local/lib/python3.8/site-packages/airflow/example_dags/example_skip_dag.py
[2023-10-13T23:13:23.458+0000] {processor.py:839} INFO - DAG(s) dict_keys(['example_skip_dag']) retrieved from /home/airflow/.local/lib/python3.8/site-packages/airflow/example_dags/example_skip_dag.py
[2023-10-13T23:13:23.474+0000] {logging_mixin.py:151} INFO - [2023-10-13T23:13:23.474+0000] {dag.py:2941} INFO - Sync 1 DAGs
[2023-10-13T23:13:23.488+0000] {logging_mixin.py:151} INFO - [2023-10-13T23:13:23.488+0000] {dag.py:3722} INFO - Setting next_dagrun for example_skip_dag to 2023-10-12T23:13:23.488011+00:00, run_after=2023-10-13T23:13:23.488011+00:00
[2023-10-13T23:13:23.499+0000] {processor.py:179} INFO - Processing /home/airflow/.local/lib/python3.8/site-packages/airflow/example_dags/example_skip_dag.py took 0.054 seconds
[2023-10-13T23:13:53.675+0000] {processor.py:157} INFO - Started process (PID=308) to work on /home/airflow/.local/lib/python3.8/site-packages/airflow/example_dags/example_skip_dag.py
[2023-10-13T23:13:53.675+0000] {processor.py:829} INFO - Processing file /home/airflow/.local/lib/python3.8/site-packages/airflow/example_dags/example_skip_dag.py for tasks to queue
[2023-10-13T23:13:53.677+0000] {logging_mixin.py:151} INFO - [2023-10-13T23:13:53.677+0000] {dagbag.py:536} INFO - Filling up the DagBag from /home/airflow/.local/lib/python3.8/site-packages/airflow/example_dags/example_skip_dag.py
[2023-10-13T23:13:53.681+0000] {processor.py:839} INFO - DAG(s) dict_keys(['example_skip_dag']) retrieved from /home/airflow/.local/lib/python3.8/site-packages/airflow/example_dags/example_skip_dag.py
[2023-10-13T23:13:53.696+0000] {logging_mixin.py:151} INFO - [2023-10-13T23:13:53.696+0000] {dag.py:2941} INFO - Sync 1 DAGs
[2023-10-13T23:13:53.707+0000] {logging_mixin.py:151} INFO - [2023-10-13T23:13:53.707+0000] {dag.py:3722} INFO - Setting next_dagrun for example_skip_dag to 2023-10-12T23:13:53.707548+00:00, run_after=2023-10-13T23:13:53.707548+00:00
[2023-10-13T23:13:53.718+0000] {processor.py:179} INFO - Processing /home/airflow/.local/lib/python3.8/site-packages/airflow/example_dags/example_skip_dag.py took 0.046 seconds
[2023-10-13T23:14:23.776+0000] {processor.py:157} INFO - Started process (PID=362) to work on /home/airflow/.local/lib/python3.8/site-packages/airflow/example_dags/example_skip_dag.py
[2023-10-13T23:14:23.777+0000] {processor.py:829} INFO - Processing file /home/airflow/.local/lib/python3.8/site-packages/airflow/example_dags/example_skip_dag.py for tasks to queue
[2023-10-13T23:14:23.779+0000] {logging_mixin.py:151} INFO - [2023-10-13T23:14:23.778+0000] {dagbag.py:536} INFO - Filling up the DagBag from /home/airflow/.local/lib/python3.8/site-packages/airflow/example_dags/example_skip_dag.py
[2023-10-13T23:14:23.783+0000] {processor.py:839} INFO - DAG(s) dict_keys(['example_skip_dag']) retrieved from /home/airflow/.local/lib/python3.8/site-packages/airflow/example_dags/example_skip_dag.py
[2023-10-13T23:14:23.798+0000] {logging_mixin.py:151} INFO - [2023-10-13T23:14:23.798+0000] {dag.py:2941} INFO - Sync 1 DAGs
[2023-10-13T23:14:23.811+0000] {logging_mixin.py:151} INFO - [2023-10-13T23:14:23.811+0000] {dag.py:3722} INFO - Setting next_dagrun for example_skip_dag to 2023-10-12T23:14:23.811272+00:00, run_after=2023-10-13T23:14:23.811272+00:00
[2023-10-13T23:14:23.823+0000] {processor.py:179} INFO - Processing /home/airflow/.local/lib/python3.8/site-packages/airflow/example_dags/example_skip_dag.py took 0.049 seconds
[2023-10-13T23:14:54.090+0000] {processor.py:157} INFO - Started process (PID=416) to work on /home/airflow/.local/lib/python3.8/site-packages/airflow/example_dags/example_skip_dag.py
[2023-10-13T23:14:54.091+0000] {processor.py:829} INFO - Processing file /home/airflow/.local/lib/python3.8/site-packages/airflow/example_dags/example_skip_dag.py for tasks to queue
[2023-10-13T23:14:54.092+0000] {logging_mixin.py:151} INFO - [2023-10-13T23:14:54.092+0000] {dagbag.py:536} INFO - Filling up the DagBag from /home/airflow/.local/lib/python3.8/site-packages/airflow/example_dags/example_skip_dag.py
[2023-10-13T23:14:54.097+0000] {processor.py:839} INFO - DAG(s) dict_keys(['example_skip_dag']) retrieved from /home/airflow/.local/lib/python3.8/site-packages/airflow/example_dags/example_skip_dag.py
[2023-10-13T23:14:54.112+0000] {logging_mixin.py:151} INFO - [2023-10-13T23:14:54.112+0000] {dag.py:2941} INFO - Sync 1 DAGs
[2023-10-13T23:14:54.125+0000] {logging_mixin.py:151} INFO - [2023-10-13T23:14:54.125+0000] {dag.py:3722} INFO - Setting next_dagrun for example_skip_dag to 2023-10-12T23:14:54.125700+00:00, run_after=2023-10-13T23:14:54.125700+00:00
[2023-10-13T23:14:54.137+0000] {processor.py:179} INFO - Processing /home/airflow/.local/lib/python3.8/site-packages/airflow/example_dags/example_skip_dag.py took 0.050 seconds
[2023-10-13T23:15:24.328+0000] {processor.py:157} INFO - Started process (PID=470) to work on /home/airflow/.local/lib/python3.8/site-packages/airflow/example_dags/example_skip_dag.py
[2023-10-13T23:15:24.329+0000] {processor.py:829} INFO - Processing file /home/airflow/.local/lib/python3.8/site-packages/airflow/example_dags/example_skip_dag.py for tasks to queue
[2023-10-13T23:15:24.331+0000] {logging_mixin.py:151} INFO - [2023-10-13T23:15:24.331+0000] {dagbag.py:536} INFO - Filling up the DagBag from /home/airflow/.local/lib/python3.8/site-packages/airflow/example_dags/example_skip_dag.py
[2023-10-13T23:15:24.335+0000] {processor.py:839} INFO - DAG(s) dict_keys(['example_skip_dag']) retrieved from /home/airflow/.local/lib/python3.8/site-packages/airflow/example_dags/example_skip_dag.py
[2023-10-13T23:15:24.349+0000] {logging_mixin.py:151} INFO - [2023-10-13T23:15:24.349+0000] {dag.py:2941} INFO - Sync 1 DAGs
[2023-10-13T23:15:24.360+0000] {logging_mixin.py:151} INFO - [2023-10-13T23:15:24.360+0000] {dag.py:3722} INFO - Setting next_dagrun for example_skip_dag to 2023-10-12T23:15:24.360249+00:00, run_after=2023-10-13T23:15:24.360249+00:00
[2023-10-13T23:15:24.370+0000] {processor.py:179} INFO - Processing /home/airflow/.local/lib/python3.8/site-packages/airflow/example_dags/example_skip_dag.py took 0.044 seconds
[2023-10-13T23:15:54.528+0000] {processor.py:157} INFO - Started process (PID=524) to work on /home/airflow/.local/lib/python3.8/site-packages/airflow/example_dags/example_skip_dag.py
[2023-10-13T23:15:54.529+0000] {processor.py:829} INFO - Processing file /home/airflow/.local/lib/python3.8/site-packages/airflow/example_dags/example_skip_dag.py for tasks to queue
[2023-10-13T23:15:54.530+0000] {logging_mixin.py:151} INFO - [2023-10-13T23:15:54.530+0000] {dagbag.py:536} INFO - Filling up the DagBag from /home/airflow/.local/lib/python3.8/site-packages/airflow/example_dags/example_skip_dag.py
[2023-10-13T23:15:54.534+0000] {processor.py:839} INFO - DAG(s) dict_keys(['example_skip_dag']) retrieved from /home/airflow/.local/lib/python3.8/site-packages/airflow/example_dags/example_skip_dag.py
[2023-10-13T23:15:54.545+0000] {logging_mixin.py:151} INFO - [2023-10-13T23:15:54.545+0000] {dag.py:2941} INFO - Sync 1 DAGs
[2023-10-13T23:15:54.556+0000] {logging_mixin.py:151} INFO - [2023-10-13T23:15:54.556+0000] {dag.py:3722} INFO - Setting next_dagrun for example_skip_dag to 2023-10-12T23:15:54.556561+00:00, run_after=2023-10-13T23:15:54.556561+00:00
[2023-10-13T23:15:54.566+0000] {processor.py:179} INFO - Processing /home/airflow/.local/lib/python3.8/site-packages/airflow/example_dags/example_skip_dag.py took 0.040 seconds
[2023-10-13T23:16:25.463+0000] {processor.py:157} INFO - Started process (PID=578) to work on /home/airflow/.local/lib/python3.8/site-packages/airflow/example_dags/example_skip_dag.py
[2023-10-13T23:16:25.464+0000] {processor.py:829} INFO - Processing file /home/airflow/.local/lib/python3.8/site-packages/airflow/example_dags/example_skip_dag.py for tasks to queue
[2023-10-13T23:16:25.466+0000] {logging_mixin.py:151} INFO - [2023-10-13T23:16:25.465+0000] {dagbag.py:536} INFO - Filling up the DagBag from /home/airflow/.local/lib/python3.8/site-packages/airflow/example_dags/example_skip_dag.py
[2023-10-13T23:16:25.470+0000] {processor.py:839} INFO - DAG(s) dict_keys(['example_skip_dag']) retrieved from /home/airflow/.local/lib/python3.8/site-packages/airflow/example_dags/example_skip_dag.py
[2023-10-13T23:16:25.483+0000] {logging_mixin.py:151} INFO - [2023-10-13T23:16:25.483+0000] {dag.py:2941} INFO - Sync 1 DAGs
[2023-10-13T23:16:25.495+0000] {logging_mixin.py:151} INFO - [2023-10-13T23:16:25.495+0000] {dag.py:3722} INFO - Setting next_dagrun for example_skip_dag to 2023-10-12T23:16:25.494859+00:00, run_after=2023-10-13T23:16:25.494859+00:00
[2023-10-13T23:16:25.504+0000] {processor.py:179} INFO - Processing /home/airflow/.local/lib/python3.8/site-packages/airflow/example_dags/example_skip_dag.py took 0.044 seconds
[2023-10-13T23:16:55.618+0000] {processor.py:157} INFO - Started process (PID=632) to work on /home/airflow/.local/lib/python3.8/site-packages/airflow/example_dags/example_skip_dag.py
[2023-10-13T23:16:55.619+0000] {processor.py:829} INFO - Processing file /home/airflow/.local/lib/python3.8/site-packages/airflow/example_dags/example_skip_dag.py for tasks to queue
[2023-10-13T23:16:55.621+0000] {logging_mixin.py:151} INFO - [2023-10-13T23:16:55.621+0000] {dagbag.py:536} INFO - Filling up the DagBag from /home/airflow/.local/lib/python3.8/site-packages/airflow/example_dags/example_skip_dag.py
[2023-10-13T23:16:55.625+0000] {processor.py:839} INFO - DAG(s) dict_keys(['example_skip_dag']) retrieved from /home/airflow/.local/lib/python3.8/site-packages/airflow/example_dags/example_skip_dag.py
[2023-10-13T23:16:55.639+0000] {logging_mixin.py:151} INFO - [2023-10-13T23:16:55.639+0000] {dag.py:2941} INFO - Sync 1 DAGs
[2023-10-13T23:16:55.651+0000] {logging_mixin.py:151} INFO - [2023-10-13T23:16:55.651+0000] {dag.py:3722} INFO - Setting next_dagrun for example_skip_dag to 2023-10-12T23:16:55.651462+00:00, run_after=2023-10-13T23:16:55.651462+00:00
[2023-10-13T23:16:55.662+0000] {processor.py:179} INFO - Processing /home/airflow/.local/lib/python3.8/site-packages/airflow/example_dags/example_skip_dag.py took 0.046 seconds
[2023-10-13T23:17:25.774+0000] {processor.py:157} INFO - Started process (PID=686) to work on /home/airflow/.local/lib/python3.8/site-packages/airflow/example_dags/example_skip_dag.py
[2023-10-13T23:17:25.775+0000] {processor.py:829} INFO - Processing file /home/airflow/.local/lib/python3.8/site-packages/airflow/example_dags/example_skip_dag.py for tasks to queue
[2023-10-13T23:17:25.777+0000] {logging_mixin.py:151} INFO - [2023-10-13T23:17:25.777+0000] {dagbag.py:536} INFO - Filling up the DagBag from /home/airflow/.local/lib/python3.8/site-packages/airflow/example_dags/example_skip_dag.py
[2023-10-13T23:17:25.781+0000] {processor.py:839} INFO - DAG(s) dict_keys(['example_skip_dag']) retrieved from /home/airflow/.local/lib/python3.8/site-packages/airflow/example_dags/example_skip_dag.py
[2023-10-13T23:17:25.794+0000] {logging_mixin.py:151} INFO - [2023-10-13T23:17:25.794+0000] {dag.py:2941} INFO - Sync 1 DAGs
[2023-10-13T23:17:25.806+0000] {logging_mixin.py:151} INFO - [2023-10-13T23:17:25.805+0000] {dag.py:3722} INFO - Setting next_dagrun for example_skip_dag to 2023-10-12T23:17:25.805783+00:00, run_after=2023-10-13T23:17:25.805783+00:00
[2023-10-13T23:17:25.815+0000] {processor.py:179} INFO - Processing /home/airflow/.local/lib/python3.8/site-packages/airflow/example_dags/example_skip_dag.py took 0.043 seconds
[2023-10-13T23:17:56.645+0000] {processor.py:157} INFO - Started process (PID=740) to work on /home/airflow/.local/lib/python3.8/site-packages/airflow/example_dags/example_skip_dag.py
[2023-10-13T23:17:56.646+0000] {processor.py:829} INFO - Processing file /home/airflow/.local/lib/python3.8/site-packages/airflow/example_dags/example_skip_dag.py for tasks to queue
[2023-10-13T23:17:56.648+0000] {logging_mixin.py:151} INFO - [2023-10-13T23:17:56.648+0000] {dagbag.py:536} INFO - Filling up the DagBag from /home/airflow/.local/lib/python3.8/site-packages/airflow/example_dags/example_skip_dag.py
[2023-10-13T23:17:56.652+0000] {processor.py:839} INFO - DAG(s) dict_keys(['example_skip_dag']) retrieved from /home/airflow/.local/lib/python3.8/site-packages/airflow/example_dags/example_skip_dag.py
[2023-10-13T23:17:56.665+0000] {logging_mixin.py:151} INFO - [2023-10-13T23:17:56.665+0000] {dag.py:2941} INFO - Sync 1 DAGs
[2023-10-13T23:17:56.676+0000] {logging_mixin.py:151} INFO - [2023-10-13T23:17:56.676+0000] {dag.py:3722} INFO - Setting next_dagrun for example_skip_dag to 2023-10-12T23:17:56.676675+00:00, run_after=2023-10-13T23:17:56.676675+00:00
[2023-10-13T23:17:56.685+0000] {processor.py:179} INFO - Processing /home/airflow/.local/lib/python3.8/site-packages/airflow/example_dags/example_skip_dag.py took 0.042 seconds
[2023-10-13T23:18:26.881+0000] {processor.py:157} INFO - Started process (PID=794) to work on /home/airflow/.local/lib/python3.8/site-packages/airflow/example_dags/example_skip_dag.py
[2023-10-13T23:18:26.882+0000] {processor.py:829} INFO - Processing file /home/airflow/.local/lib/python3.8/site-packages/airflow/example_dags/example_skip_dag.py for tasks to queue
[2023-10-13T23:18:26.884+0000] {logging_mixin.py:151} INFO - [2023-10-13T23:18:26.884+0000] {dagbag.py:536} INFO - Filling up the DagBag from /home/airflow/.local/lib/python3.8/site-packages/airflow/example_dags/example_skip_dag.py
[2023-10-13T23:18:26.888+0000] {processor.py:839} INFO - DAG(s) dict_keys(['example_skip_dag']) retrieved from /home/airflow/.local/lib/python3.8/site-packages/airflow/example_dags/example_skip_dag.py
[2023-10-13T23:18:26.902+0000] {logging_mixin.py:151} INFO - [2023-10-13T23:18:26.902+0000] {dag.py:2941} INFO - Sync 1 DAGs
[2023-10-13T23:18:26.913+0000] {logging_mixin.py:151} INFO - [2023-10-13T23:18:26.913+0000] {dag.py:3722} INFO - Setting next_dagrun for example_skip_dag to 2023-10-12T23:18:26.913219+00:00, run_after=2023-10-13T23:18:26.913219+00:00
[2023-10-13T23:18:26.922+0000] {processor.py:179} INFO - Processing /home/airflow/.local/lib/python3.8/site-packages/airflow/example_dags/example_skip_dag.py took 0.044 seconds
[2023-10-13T23:18:57.022+0000] {processor.py:157} INFO - Started process (PID=848) to work on /home/airflow/.local/lib/python3.8/site-packages/airflow/example_dags/example_skip_dag.py
[2023-10-13T23:18:57.023+0000] {processor.py:829} INFO - Processing file /home/airflow/.local/lib/python3.8/site-packages/airflow/example_dags/example_skip_dag.py for tasks to queue
[2023-10-13T23:18:57.025+0000] {logging_mixin.py:151} INFO - [2023-10-13T23:18:57.024+0000] {dagbag.py:536} INFO - Filling up the DagBag from /home/airflow/.local/lib/python3.8/site-packages/airflow/example_dags/example_skip_dag.py
[2023-10-13T23:18:57.029+0000] {processor.py:839} INFO - DAG(s) dict_keys(['example_skip_dag']) retrieved from /home/airflow/.local/lib/python3.8/site-packages/airflow/example_dags/example_skip_dag.py
[2023-10-13T23:18:57.042+0000] {logging_mixin.py:151} INFO - [2023-10-13T23:18:57.042+0000] {dag.py:2941} INFO - Sync 1 DAGs
[2023-10-13T23:18:57.053+0000] {logging_mixin.py:151} INFO - [2023-10-13T23:18:57.053+0000] {dag.py:3722} INFO - Setting next_dagrun for example_skip_dag to 2023-10-12T23:18:57.053717+00:00, run_after=2023-10-13T23:18:57.053717+00:00
[2023-10-13T23:18:57.062+0000] {processor.py:179} INFO - Processing /home/airflow/.local/lib/python3.8/site-packages/airflow/example_dags/example_skip_dag.py took 0.043 seconds
[2023-10-13T23:19:27.127+0000] {processor.py:157} INFO - Started process (PID=902) to work on /home/airflow/.local/lib/python3.8/site-packages/airflow/example_dags/example_skip_dag.py
[2023-10-13T23:19:27.128+0000] {processor.py:829} INFO - Processing file /home/airflow/.local/lib/python3.8/site-packages/airflow/example_dags/example_skip_dag.py for tasks to queue
[2023-10-13T23:19:27.130+0000] {logging_mixin.py:151} INFO - [2023-10-13T23:19:27.130+0000] {dagbag.py:536} INFO - Filling up the DagBag from /home/airflow/.local/lib/python3.8/site-packages/airflow/example_dags/example_skip_dag.py
[2023-10-13T23:19:27.133+0000] {processor.py:839} INFO - DAG(s) dict_keys(['example_skip_dag']) retrieved from /home/airflow/.local/lib/python3.8/site-packages/airflow/example_dags/example_skip_dag.py
[2023-10-13T23:19:27.145+0000] {logging_mixin.py:151} INFO - [2023-10-13T23:19:27.145+0000] {dag.py:2941} INFO - Sync 1 DAGs
[2023-10-13T23:19:27.156+0000] {logging_mixin.py:151} INFO - [2023-10-13T23:19:27.156+0000] {dag.py:3722} INFO - Setting next_dagrun for example_skip_dag to 2023-10-12T23:19:27.156611+00:00, run_after=2023-10-13T23:19:27.156611+00:00
[2023-10-13T23:19:27.166+0000] {processor.py:179} INFO - Processing /home/airflow/.local/lib/python3.8/site-packages/airflow/example_dags/example_skip_dag.py took 0.040 seconds
