[2023-10-13T23:09:59.470+0000] {processor.py:157} INFO - Started process (PID=68) to work on /home/airflow/.local/lib/python3.8/site-packages/airflow/example_dags/example_xcomargs.py
[2023-10-13T23:09:59.471+0000] {processor.py:829} INFO - Processing file /home/airflow/.local/lib/python3.8/site-packages/airflow/example_dags/example_xcomargs.py for tasks to queue
[2023-10-13T23:09:59.474+0000] {logging_mixin.py:151} INFO - [2023-10-13T23:09:59.474+0000] {dagbag.py:536} INFO - Filling up the DagBag from /home/airflow/.local/lib/python3.8/site-packages/airflow/example_dags/example_xcomargs.py
[2023-10-13T23:09:59.482+0000] {processor.py:839} INFO - DAG(s) dict_keys(['example_xcom_args_with_operators', 'example_xcom_args']) retrieved from /home/airflow/.local/lib/python3.8/site-packages/airflow/example_dags/example_xcomargs.py
[2023-10-13T23:09:59.493+0000] {logging_mixin.py:151} INFO - [2023-10-13T23:09:59.493+0000] {dag.py:2941} INFO - Sync 2 DAGs
[2023-10-13T23:09:59.505+0000] {logging_mixin.py:151} INFO - [2023-10-13T23:09:59.505+0000] {dag.py:3722} INFO - Setting next_dagrun for example_xcom_args to None, run_after=None
[2023-10-13T23:09:59.507+0000] {logging_mixin.py:151} INFO - [2023-10-13T23:09:59.507+0000] {dag.py:3722} INFO - Setting next_dagrun for example_xcom_args_with_operators to None, run_after=None
[2023-10-13T23:09:59.521+0000] {processor.py:179} INFO - Processing /home/airflow/.local/lib/python3.8/site-packages/airflow/example_dags/example_xcomargs.py took 0.054 seconds
[2023-10-13T23:11:23.872+0000] {processor.py:157} INFO - Started process (PID=67) to work on /home/airflow/.local/lib/python3.8/site-packages/airflow/example_dags/example_xcomargs.py
[2023-10-13T23:11:23.873+0000] {processor.py:829} INFO - Processing file /home/airflow/.local/lib/python3.8/site-packages/airflow/example_dags/example_xcomargs.py for tasks to queue
[2023-10-13T23:11:23.875+0000] {logging_mixin.py:151} INFO - [2023-10-13T23:11:23.875+0000] {dagbag.py:536} INFO - Filling up the DagBag from /home/airflow/.local/lib/python3.8/site-packages/airflow/example_dags/example_xcomargs.py
[2023-10-13T23:11:23.885+0000] {processor.py:839} INFO - DAG(s) dict_keys(['example_xcom_args_with_operators', 'example_xcom_args']) retrieved from /home/airflow/.local/lib/python3.8/site-packages/airflow/example_dags/example_xcomargs.py
[2023-10-13T23:11:23.897+0000] {logging_mixin.py:151} INFO - [2023-10-13T23:11:23.897+0000] {dag.py:2941} INFO - Sync 2 DAGs
[2023-10-13T23:11:23.908+0000] {logging_mixin.py:151} INFO - [2023-10-13T23:11:23.908+0000] {dag.py:3722} INFO - Setting next_dagrun for example_xcom_args to None, run_after=None
[2023-10-13T23:11:23.910+0000] {logging_mixin.py:151} INFO - [2023-10-13T23:11:23.910+0000] {dag.py:3722} INFO - Setting next_dagrun for example_xcom_args_with_operators to None, run_after=None
[2023-10-13T23:11:23.924+0000] {processor.py:179} INFO - Processing /home/airflow/.local/lib/python3.8/site-packages/airflow/example_dags/example_xcomargs.py took 0.056 seconds
[2023-10-13T23:11:54.174+0000] {processor.py:157} INFO - Started process (PID=121) to work on /home/airflow/.local/lib/python3.8/site-packages/airflow/example_dags/example_xcomargs.py
[2023-10-13T23:11:54.175+0000] {processor.py:829} INFO - Processing file /home/airflow/.local/lib/python3.8/site-packages/airflow/example_dags/example_xcomargs.py for tasks to queue
[2023-10-13T23:11:54.176+0000] {logging_mixin.py:151} INFO - [2023-10-13T23:11:54.176+0000] {dagbag.py:536} INFO - Filling up the DagBag from /home/airflow/.local/lib/python3.8/site-packages/airflow/example_dags/example_xcomargs.py
[2023-10-13T23:11:54.182+0000] {processor.py:839} INFO - DAG(s) dict_keys(['example_xcom_args', 'example_xcom_args_with_operators']) retrieved from /home/airflow/.local/lib/python3.8/site-packages/airflow/example_dags/example_xcomargs.py
[2023-10-13T23:11:54.198+0000] {logging_mixin.py:151} INFO - [2023-10-13T23:11:54.197+0000] {dag.py:2941} INFO - Sync 2 DAGs
[2023-10-13T23:11:54.205+0000] {logging_mixin.py:151} INFO - [2023-10-13T23:11:54.205+0000] {dag.py:3722} INFO - Setting next_dagrun for example_xcom_args to None, run_after=None
[2023-10-13T23:11:54.207+0000] {logging_mixin.py:151} INFO - [2023-10-13T23:11:54.207+0000] {dag.py:3722} INFO - Setting next_dagrun for example_xcom_args_with_operators to None, run_after=None
[2023-10-13T23:11:54.218+0000] {processor.py:179} INFO - Processing /home/airflow/.local/lib/python3.8/site-packages/airflow/example_dags/example_xcomargs.py took 0.046 seconds
[2023-10-13T23:12:24.420+0000] {processor.py:157} INFO - Started process (PID=175) to work on /home/airflow/.local/lib/python3.8/site-packages/airflow/example_dags/example_xcomargs.py
[2023-10-13T23:12:24.421+0000] {processor.py:829} INFO - Processing file /home/airflow/.local/lib/python3.8/site-packages/airflow/example_dags/example_xcomargs.py for tasks to queue
[2023-10-13T23:12:24.423+0000] {logging_mixin.py:151} INFO - [2023-10-13T23:12:24.422+0000] {dagbag.py:536} INFO - Filling up the DagBag from /home/airflow/.local/lib/python3.8/site-packages/airflow/example_dags/example_xcomargs.py
[2023-10-13T23:12:24.428+0000] {processor.py:839} INFO - DAG(s) dict_keys(['example_xcom_args_with_operators', 'example_xcom_args']) retrieved from /home/airflow/.local/lib/python3.8/site-packages/airflow/example_dags/example_xcomargs.py
[2023-10-13T23:12:24.445+0000] {logging_mixin.py:151} INFO - [2023-10-13T23:12:24.444+0000] {dag.py:2941} INFO - Sync 2 DAGs
[2023-10-13T23:12:24.452+0000] {logging_mixin.py:151} INFO - [2023-10-13T23:12:24.452+0000] {dag.py:3722} INFO - Setting next_dagrun for example_xcom_args to None, run_after=None
[2023-10-13T23:12:24.455+0000] {logging_mixin.py:151} INFO - [2023-10-13T23:12:24.455+0000] {dag.py:3722} INFO - Setting next_dagrun for example_xcom_args_with_operators to None, run_after=None
[2023-10-13T23:12:24.465+0000] {processor.py:179} INFO - Processing /home/airflow/.local/lib/python3.8/site-packages/airflow/example_dags/example_xcomargs.py took 0.048 seconds
[2023-10-13T23:12:55.336+0000] {processor.py:157} INFO - Started process (PID=229) to work on /home/airflow/.local/lib/python3.8/site-packages/airflow/example_dags/example_xcomargs.py
[2023-10-13T23:12:55.337+0000] {processor.py:829} INFO - Processing file /home/airflow/.local/lib/python3.8/site-packages/airflow/example_dags/example_xcomargs.py for tasks to queue
[2023-10-13T23:12:55.338+0000] {logging_mixin.py:151} INFO - [2023-10-13T23:12:55.338+0000] {dagbag.py:536} INFO - Filling up the DagBag from /home/airflow/.local/lib/python3.8/site-packages/airflow/example_dags/example_xcomargs.py
[2023-10-13T23:12:55.344+0000] {processor.py:839} INFO - DAG(s) dict_keys(['example_xcom_args', 'example_xcom_args_with_operators']) retrieved from /home/airflow/.local/lib/python3.8/site-packages/airflow/example_dags/example_xcomargs.py
[2023-10-13T23:12:55.360+0000] {logging_mixin.py:151} INFO - [2023-10-13T23:12:55.360+0000] {dag.py:2941} INFO - Sync 2 DAGs
[2023-10-13T23:12:55.368+0000] {logging_mixin.py:151} INFO - [2023-10-13T23:12:55.368+0000] {dag.py:3722} INFO - Setting next_dagrun for example_xcom_args to None, run_after=None
[2023-10-13T23:12:55.370+0000] {logging_mixin.py:151} INFO - [2023-10-13T23:12:55.370+0000] {dag.py:3722} INFO - Setting next_dagrun for example_xcom_args_with_operators to None, run_after=None
[2023-10-13T23:12:55.380+0000] {processor.py:179} INFO - Processing /home/airflow/.local/lib/python3.8/site-packages/airflow/example_dags/example_xcomargs.py took 0.047 seconds
[2023-10-13T23:13:25.588+0000] {processor.py:157} INFO - Started process (PID=283) to work on /home/airflow/.local/lib/python3.8/site-packages/airflow/example_dags/example_xcomargs.py
[2023-10-13T23:13:25.589+0000] {processor.py:829} INFO - Processing file /home/airflow/.local/lib/python3.8/site-packages/airflow/example_dags/example_xcomargs.py for tasks to queue
[2023-10-13T23:13:25.591+0000] {logging_mixin.py:151} INFO - [2023-10-13T23:13:25.590+0000] {dagbag.py:536} INFO - Filling up the DagBag from /home/airflow/.local/lib/python3.8/site-packages/airflow/example_dags/example_xcomargs.py
[2023-10-13T23:13:25.596+0000] {processor.py:839} INFO - DAG(s) dict_keys(['example_xcom_args', 'example_xcom_args_with_operators']) retrieved from /home/airflow/.local/lib/python3.8/site-packages/airflow/example_dags/example_xcomargs.py
[2023-10-13T23:13:25.612+0000] {logging_mixin.py:151} INFO - [2023-10-13T23:13:25.612+0000] {dag.py:2941} INFO - Sync 2 DAGs
[2023-10-13T23:13:25.620+0000] {logging_mixin.py:151} INFO - [2023-10-13T23:13:25.620+0000] {dag.py:3722} INFO - Setting next_dagrun for example_xcom_args to None, run_after=None
[2023-10-13T23:13:25.622+0000] {logging_mixin.py:151} INFO - [2023-10-13T23:13:25.622+0000] {dag.py:3722} INFO - Setting next_dagrun for example_xcom_args_with_operators to None, run_after=None
[2023-10-13T23:13:25.632+0000] {processor.py:179} INFO - Processing /home/airflow/.local/lib/python3.8/site-packages/airflow/example_dags/example_xcomargs.py took 0.046 seconds
[2023-10-13T23:13:55.812+0000] {processor.py:157} INFO - Started process (PID=337) to work on /home/airflow/.local/lib/python3.8/site-packages/airflow/example_dags/example_xcomargs.py
[2023-10-13T23:13:55.813+0000] {processor.py:829} INFO - Processing file /home/airflow/.local/lib/python3.8/site-packages/airflow/example_dags/example_xcomargs.py for tasks to queue
[2023-10-13T23:13:55.814+0000] {logging_mixin.py:151} INFO - [2023-10-13T23:13:55.814+0000] {dagbag.py:536} INFO - Filling up the DagBag from /home/airflow/.local/lib/python3.8/site-packages/airflow/example_dags/example_xcomargs.py
[2023-10-13T23:13:55.819+0000] {processor.py:839} INFO - DAG(s) dict_keys(['example_xcom_args', 'example_xcom_args_with_operators']) retrieved from /home/airflow/.local/lib/python3.8/site-packages/airflow/example_dags/example_xcomargs.py
[2023-10-13T23:13:55.835+0000] {logging_mixin.py:151} INFO - [2023-10-13T23:13:55.835+0000] {dag.py:2941} INFO - Sync 2 DAGs
[2023-10-13T23:13:55.843+0000] {logging_mixin.py:151} INFO - [2023-10-13T23:13:55.842+0000] {dag.py:3722} INFO - Setting next_dagrun for example_xcom_args to None, run_after=None
[2023-10-13T23:13:55.844+0000] {logging_mixin.py:151} INFO - [2023-10-13T23:13:55.844+0000] {dag.py:3722} INFO - Setting next_dagrun for example_xcom_args_with_operators to None, run_after=None
[2023-10-13T23:13:55.854+0000] {processor.py:179} INFO - Processing /home/airflow/.local/lib/python3.8/site-packages/airflow/example_dags/example_xcomargs.py took 0.044 seconds
[2023-10-13T23:14:25.984+0000] {processor.py:157} INFO - Started process (PID=391) to work on /home/airflow/.local/lib/python3.8/site-packages/airflow/example_dags/example_xcomargs.py
[2023-10-13T23:14:25.985+0000] {processor.py:829} INFO - Processing file /home/airflow/.local/lib/python3.8/site-packages/airflow/example_dags/example_xcomargs.py for tasks to queue
[2023-10-13T23:14:25.987+0000] {logging_mixin.py:151} INFO - [2023-10-13T23:14:25.986+0000] {dagbag.py:536} INFO - Filling up the DagBag from /home/airflow/.local/lib/python3.8/site-packages/airflow/example_dags/example_xcomargs.py
[2023-10-13T23:14:25.992+0000] {processor.py:839} INFO - DAG(s) dict_keys(['example_xcom_args', 'example_xcom_args_with_operators']) retrieved from /home/airflow/.local/lib/python3.8/site-packages/airflow/example_dags/example_xcomargs.py
[2023-10-13T23:14:26.008+0000] {logging_mixin.py:151} INFO - [2023-10-13T23:14:26.008+0000] {dag.py:2941} INFO - Sync 2 DAGs
[2023-10-13T23:14:26.016+0000] {logging_mixin.py:151} INFO - [2023-10-13T23:14:26.016+0000] {dag.py:3722} INFO - Setting next_dagrun for example_xcom_args to None, run_after=None
[2023-10-13T23:14:26.019+0000] {logging_mixin.py:151} INFO - [2023-10-13T23:14:26.019+0000] {dag.py:3722} INFO - Setting next_dagrun for example_xcom_args_with_operators to None, run_after=None
[2023-10-13T23:14:26.030+0000] {processor.py:179} INFO - Processing /home/airflow/.local/lib/python3.8/site-packages/airflow/example_dags/example_xcomargs.py took 0.048 seconds
[2023-10-13T23:14:56.194+0000] {processor.py:157} INFO - Started process (PID=445) to work on /home/airflow/.local/lib/python3.8/site-packages/airflow/example_dags/example_xcomargs.py
[2023-10-13T23:14:56.195+0000] {processor.py:829} INFO - Processing file /home/airflow/.local/lib/python3.8/site-packages/airflow/example_dags/example_xcomargs.py for tasks to queue
[2023-10-13T23:14:56.196+0000] {logging_mixin.py:151} INFO - [2023-10-13T23:14:56.196+0000] {dagbag.py:536} INFO - Filling up the DagBag from /home/airflow/.local/lib/python3.8/site-packages/airflow/example_dags/example_xcomargs.py
[2023-10-13T23:14:56.202+0000] {processor.py:839} INFO - DAG(s) dict_keys(['example_xcom_args', 'example_xcom_args_with_operators']) retrieved from /home/airflow/.local/lib/python3.8/site-packages/airflow/example_dags/example_xcomargs.py
[2023-10-13T23:14:56.216+0000] {logging_mixin.py:151} INFO - [2023-10-13T23:14:56.216+0000] {dag.py:2941} INFO - Sync 2 DAGs
[2023-10-13T23:14:56.224+0000] {logging_mixin.py:151} INFO - [2023-10-13T23:14:56.223+0000] {dag.py:3722} INFO - Setting next_dagrun for example_xcom_args to None, run_after=None
[2023-10-13T23:14:56.226+0000] {logging_mixin.py:151} INFO - [2023-10-13T23:14:56.226+0000] {dag.py:3722} INFO - Setting next_dagrun for example_xcom_args_with_operators to None, run_after=None
[2023-10-13T23:14:56.235+0000] {processor.py:179} INFO - Processing /home/airflow/.local/lib/python3.8/site-packages/airflow/example_dags/example_xcomargs.py took 0.043 seconds
[2023-10-13T23:15:26.387+0000] {processor.py:157} INFO - Started process (PID=499) to work on /home/airflow/.local/lib/python3.8/site-packages/airflow/example_dags/example_xcomargs.py
[2023-10-13T23:15:26.388+0000] {processor.py:829} INFO - Processing file /home/airflow/.local/lib/python3.8/site-packages/airflow/example_dags/example_xcomargs.py for tasks to queue
[2023-10-13T23:15:26.389+0000] {logging_mixin.py:151} INFO - [2023-10-13T23:15:26.389+0000] {dagbag.py:536} INFO - Filling up the DagBag from /home/airflow/.local/lib/python3.8/site-packages/airflow/example_dags/example_xcomargs.py
[2023-10-13T23:15:26.394+0000] {processor.py:839} INFO - DAG(s) dict_keys(['example_xcom_args', 'example_xcom_args_with_operators']) retrieved from /home/airflow/.local/lib/python3.8/site-packages/airflow/example_dags/example_xcomargs.py
[2023-10-13T23:15:26.409+0000] {logging_mixin.py:151} INFO - [2023-10-13T23:15:26.409+0000] {dag.py:2941} INFO - Sync 2 DAGs
[2023-10-13T23:15:26.416+0000] {logging_mixin.py:151} INFO - [2023-10-13T23:15:26.416+0000] {dag.py:3722} INFO - Setting next_dagrun for example_xcom_args to None, run_after=None
[2023-10-13T23:15:26.418+0000] {logging_mixin.py:151} INFO - [2023-10-13T23:15:26.418+0000] {dag.py:3722} INFO - Setting next_dagrun for example_xcom_args_with_operators to None, run_after=None
[2023-10-13T23:15:26.427+0000] {processor.py:179} INFO - Processing /home/airflow/.local/lib/python3.8/site-packages/airflow/example_dags/example_xcomargs.py took 0.043 seconds
[2023-10-13T23:15:56.571+0000] {processor.py:157} INFO - Started process (PID=553) to work on /home/airflow/.local/lib/python3.8/site-packages/airflow/example_dags/example_xcomargs.py
[2023-10-13T23:15:56.572+0000] {processor.py:829} INFO - Processing file /home/airflow/.local/lib/python3.8/site-packages/airflow/example_dags/example_xcomargs.py for tasks to queue
[2023-10-13T23:15:56.574+0000] {logging_mixin.py:151} INFO - [2023-10-13T23:15:56.574+0000] {dagbag.py:536} INFO - Filling up the DagBag from /home/airflow/.local/lib/python3.8/site-packages/airflow/example_dags/example_xcomargs.py
[2023-10-13T23:15:56.579+0000] {processor.py:839} INFO - DAG(s) dict_keys(['example_xcom_args', 'example_xcom_args_with_operators']) retrieved from /home/airflow/.local/lib/python3.8/site-packages/airflow/example_dags/example_xcomargs.py
[2023-10-13T23:15:56.594+0000] {logging_mixin.py:151} INFO - [2023-10-13T23:15:56.594+0000] {dag.py:2941} INFO - Sync 2 DAGs
[2023-10-13T23:15:56.602+0000] {logging_mixin.py:151} INFO - [2023-10-13T23:15:56.602+0000] {dag.py:3722} INFO - Setting next_dagrun for example_xcom_args to None, run_after=None
[2023-10-13T23:15:56.604+0000] {logging_mixin.py:151} INFO - [2023-10-13T23:15:56.604+0000] {dag.py:3722} INFO - Setting next_dagrun for example_xcom_args_with_operators to None, run_after=None
[2023-10-13T23:15:56.616+0000] {processor.py:179} INFO - Processing /home/airflow/.local/lib/python3.8/site-packages/airflow/example_dags/example_xcomargs.py took 0.047 seconds
[2023-10-13T23:16:27.462+0000] {processor.py:157} INFO - Started process (PID=607) to work on /home/airflow/.local/lib/python3.8/site-packages/airflow/example_dags/example_xcomargs.py
[2023-10-13T23:16:27.462+0000] {processor.py:829} INFO - Processing file /home/airflow/.local/lib/python3.8/site-packages/airflow/example_dags/example_xcomargs.py for tasks to queue
[2023-10-13T23:16:27.464+0000] {logging_mixin.py:151} INFO - [2023-10-13T23:16:27.464+0000] {dagbag.py:536} INFO - Filling up the DagBag from /home/airflow/.local/lib/python3.8/site-packages/airflow/example_dags/example_xcomargs.py
[2023-10-13T23:16:27.469+0000] {processor.py:839} INFO - DAG(s) dict_keys(['example_xcom_args_with_operators', 'example_xcom_args']) retrieved from /home/airflow/.local/lib/python3.8/site-packages/airflow/example_dags/example_xcomargs.py
[2023-10-13T23:16:27.483+0000] {logging_mixin.py:151} INFO - [2023-10-13T23:16:27.483+0000] {dag.py:2941} INFO - Sync 2 DAGs
[2023-10-13T23:16:27.491+0000] {logging_mixin.py:151} INFO - [2023-10-13T23:16:27.491+0000] {dag.py:3722} INFO - Setting next_dagrun for example_xcom_args to None, run_after=None
[2023-10-13T23:16:27.493+0000] {logging_mixin.py:151} INFO - [2023-10-13T23:16:27.493+0000] {dag.py:3722} INFO - Setting next_dagrun for example_xcom_args_with_operators to None, run_after=None
[2023-10-13T23:16:27.502+0000] {processor.py:179} INFO - Processing /home/airflow/.local/lib/python3.8/site-packages/airflow/example_dags/example_xcomargs.py took 0.043 seconds
[2023-10-13T23:16:57.748+0000] {processor.py:157} INFO - Started process (PID=661) to work on /home/airflow/.local/lib/python3.8/site-packages/airflow/example_dags/example_xcomargs.py
[2023-10-13T23:16:57.749+0000] {processor.py:829} INFO - Processing file /home/airflow/.local/lib/python3.8/site-packages/airflow/example_dags/example_xcomargs.py for tasks to queue
[2023-10-13T23:16:57.751+0000] {logging_mixin.py:151} INFO - [2023-10-13T23:16:57.751+0000] {dagbag.py:536} INFO - Filling up the DagBag from /home/airflow/.local/lib/python3.8/site-packages/airflow/example_dags/example_xcomargs.py
[2023-10-13T23:16:57.755+0000] {processor.py:839} INFO - DAG(s) dict_keys(['example_xcom_args_with_operators', 'example_xcom_args']) retrieved from /home/airflow/.local/lib/python3.8/site-packages/airflow/example_dags/example_xcomargs.py
[2023-10-13T23:16:57.769+0000] {logging_mixin.py:151} INFO - [2023-10-13T23:16:57.769+0000] {dag.py:2941} INFO - Sync 2 DAGs
[2023-10-13T23:16:57.777+0000] {logging_mixin.py:151} INFO - [2023-10-13T23:16:57.777+0000] {dag.py:3722} INFO - Setting next_dagrun for example_xcom_args to None, run_after=None
[2023-10-13T23:16:57.779+0000] {logging_mixin.py:151} INFO - [2023-10-13T23:16:57.778+0000] {dag.py:3722} INFO - Setting next_dagrun for example_xcom_args_with_operators to None, run_after=None
[2023-10-13T23:16:57.787+0000] {processor.py:179} INFO - Processing /home/airflow/.local/lib/python3.8/site-packages/airflow/example_dags/example_xcomargs.py took 0.041 seconds
[2023-10-13T23:17:28.761+0000] {processor.py:157} INFO - Started process (PID=715) to work on /home/airflow/.local/lib/python3.8/site-packages/airflow/example_dags/example_xcomargs.py
[2023-10-13T23:17:28.761+0000] {processor.py:829} INFO - Processing file /home/airflow/.local/lib/python3.8/site-packages/airflow/example_dags/example_xcomargs.py for tasks to queue
[2023-10-13T23:17:28.763+0000] {logging_mixin.py:151} INFO - [2023-10-13T23:17:28.763+0000] {dagbag.py:536} INFO - Filling up the DagBag from /home/airflow/.local/lib/python3.8/site-packages/airflow/example_dags/example_xcomargs.py
[2023-10-13T23:17:28.768+0000] {processor.py:839} INFO - DAG(s) dict_keys(['example_xcom_args_with_operators', 'example_xcom_args']) retrieved from /home/airflow/.local/lib/python3.8/site-packages/airflow/example_dags/example_xcomargs.py
[2023-10-13T23:17:28.782+0000] {logging_mixin.py:151} INFO - [2023-10-13T23:17:28.782+0000] {dag.py:2941} INFO - Sync 2 DAGs
[2023-10-13T23:17:28.789+0000] {logging_mixin.py:151} INFO - [2023-10-13T23:17:28.789+0000] {dag.py:3722} INFO - Setting next_dagrun for example_xcom_args to None, run_after=None
[2023-10-13T23:17:28.791+0000] {logging_mixin.py:151} INFO - [2023-10-13T23:17:28.791+0000] {dag.py:3722} INFO - Setting next_dagrun for example_xcom_args_with_operators to None, run_after=None
[2023-10-13T23:17:28.799+0000] {processor.py:179} INFO - Processing /home/airflow/.local/lib/python3.8/site-packages/airflow/example_dags/example_xcomargs.py took 0.040 seconds
[2023-10-13T23:17:59.728+0000] {processor.py:157} INFO - Started process (PID=769) to work on /home/airflow/.local/lib/python3.8/site-packages/airflow/example_dags/example_xcomargs.py
[2023-10-13T23:17:59.728+0000] {processor.py:829} INFO - Processing file /home/airflow/.local/lib/python3.8/site-packages/airflow/example_dags/example_xcomargs.py for tasks to queue
[2023-10-13T23:17:59.730+0000] {logging_mixin.py:151} INFO - [2023-10-13T23:17:59.730+0000] {dagbag.py:536} INFO - Filling up the DagBag from /home/airflow/.local/lib/python3.8/site-packages/airflow/example_dags/example_xcomargs.py
[2023-10-13T23:17:59.735+0000] {processor.py:839} INFO - DAG(s) dict_keys(['example_xcom_args_with_operators', 'example_xcom_args']) retrieved from /home/airflow/.local/lib/python3.8/site-packages/airflow/example_dags/example_xcomargs.py
[2023-10-13T23:17:59.750+0000] {logging_mixin.py:151} INFO - [2023-10-13T23:17:59.750+0000] {dag.py:2941} INFO - Sync 2 DAGs
[2023-10-13T23:17:59.757+0000] {logging_mixin.py:151} INFO - [2023-10-13T23:17:59.757+0000] {dag.py:3722} INFO - Setting next_dagrun for example_xcom_args to None, run_after=None
[2023-10-13T23:17:59.760+0000] {logging_mixin.py:151} INFO - [2023-10-13T23:17:59.759+0000] {dag.py:3722} INFO - Setting next_dagrun for example_xcom_args_with_operators to None, run_after=None
[2023-10-13T23:17:59.768+0000] {processor.py:179} INFO - Processing /home/airflow/.local/lib/python3.8/site-packages/airflow/example_dags/example_xcomargs.py took 0.043 seconds
[2023-10-13T23:18:29.837+0000] {processor.py:157} INFO - Started process (PID=823) to work on /home/airflow/.local/lib/python3.8/site-packages/airflow/example_dags/example_xcomargs.py
[2023-10-13T23:18:29.838+0000] {processor.py:829} INFO - Processing file /home/airflow/.local/lib/python3.8/site-packages/airflow/example_dags/example_xcomargs.py for tasks to queue
[2023-10-13T23:18:29.840+0000] {logging_mixin.py:151} INFO - [2023-10-13T23:18:29.839+0000] {dagbag.py:536} INFO - Filling up the DagBag from /home/airflow/.local/lib/python3.8/site-packages/airflow/example_dags/example_xcomargs.py
[2023-10-13T23:18:29.845+0000] {processor.py:839} INFO - DAG(s) dict_keys(['example_xcom_args_with_operators', 'example_xcom_args']) retrieved from /home/airflow/.local/lib/python3.8/site-packages/airflow/example_dags/example_xcomargs.py
[2023-10-13T23:18:29.859+0000] {logging_mixin.py:151} INFO - [2023-10-13T23:18:29.859+0000] {dag.py:2941} INFO - Sync 2 DAGs
[2023-10-13T23:18:29.866+0000] {logging_mixin.py:151} INFO - [2023-10-13T23:18:29.866+0000] {dag.py:3722} INFO - Setting next_dagrun for example_xcom_args to None, run_after=None
[2023-10-13T23:18:29.868+0000] {logging_mixin.py:151} INFO - [2023-10-13T23:18:29.868+0000] {dag.py:3722} INFO - Setting next_dagrun for example_xcom_args_with_operators to None, run_after=None
[2023-10-13T23:18:29.877+0000] {processor.py:179} INFO - Processing /home/airflow/.local/lib/python3.8/site-packages/airflow/example_dags/example_xcomargs.py took 0.042 seconds
[2023-10-13T23:19:00.048+0000] {processor.py:157} INFO - Started process (PID=877) to work on /home/airflow/.local/lib/python3.8/site-packages/airflow/example_dags/example_xcomargs.py
[2023-10-13T23:19:00.049+0000] {processor.py:829} INFO - Processing file /home/airflow/.local/lib/python3.8/site-packages/airflow/example_dags/example_xcomargs.py for tasks to queue
[2023-10-13T23:19:00.051+0000] {logging_mixin.py:151} INFO - [2023-10-13T23:19:00.050+0000] {dagbag.py:536} INFO - Filling up the DagBag from /home/airflow/.local/lib/python3.8/site-packages/airflow/example_dags/example_xcomargs.py
[2023-10-13T23:19:00.055+0000] {processor.py:839} INFO - DAG(s) dict_keys(['example_xcom_args', 'example_xcom_args_with_operators']) retrieved from /home/airflow/.local/lib/python3.8/site-packages/airflow/example_dags/example_xcomargs.py
[2023-10-13T23:19:00.069+0000] {logging_mixin.py:151} INFO - [2023-10-13T23:19:00.069+0000] {dag.py:2941} INFO - Sync 2 DAGs
[2023-10-13T23:19:00.076+0000] {logging_mixin.py:151} INFO - [2023-10-13T23:19:00.076+0000] {dag.py:3722} INFO - Setting next_dagrun for example_xcom_args to None, run_after=None
[2023-10-13T23:19:00.078+0000] {logging_mixin.py:151} INFO - [2023-10-13T23:19:00.078+0000] {dag.py:3722} INFO - Setting next_dagrun for example_xcom_args_with_operators to None, run_after=None
[2023-10-13T23:19:00.087+0000] {processor.py:179} INFO - Processing /home/airflow/.local/lib/python3.8/site-packages/airflow/example_dags/example_xcomargs.py took 0.041 seconds
[2023-10-13T23:19:30.221+0000] {processor.py:157} INFO - Started process (PID=931) to work on /home/airflow/.local/lib/python3.8/site-packages/airflow/example_dags/example_xcomargs.py
[2023-10-13T23:19:30.222+0000] {processor.py:829} INFO - Processing file /home/airflow/.local/lib/python3.8/site-packages/airflow/example_dags/example_xcomargs.py for tasks to queue
[2023-10-13T23:19:30.223+0000] {logging_mixin.py:151} INFO - [2023-10-13T23:19:30.223+0000] {dagbag.py:536} INFO - Filling up the DagBag from /home/airflow/.local/lib/python3.8/site-packages/airflow/example_dags/example_xcomargs.py
[2023-10-13T23:19:30.229+0000] {processor.py:839} INFO - DAG(s) dict_keys(['example_xcom_args', 'example_xcom_args_with_operators']) retrieved from /home/airflow/.local/lib/python3.8/site-packages/airflow/example_dags/example_xcomargs.py
[2023-10-13T23:19:30.243+0000] {logging_mixin.py:151} INFO - [2023-10-13T23:19:30.242+0000] {dag.py:2941} INFO - Sync 2 DAGs
[2023-10-13T23:19:30.249+0000] {logging_mixin.py:151} INFO - [2023-10-13T23:19:30.249+0000] {dag.py:3722} INFO - Setting next_dagrun for example_xcom_args to None, run_after=None
[2023-10-13T23:19:30.251+0000] {logging_mixin.py:151} INFO - [2023-10-13T23:19:30.251+0000] {dag.py:3722} INFO - Setting next_dagrun for example_xcom_args_with_operators to None, run_after=None
[2023-10-13T23:19:30.260+0000] {processor.py:179} INFO - Processing /home/airflow/.local/lib/python3.8/site-packages/airflow/example_dags/example_xcomargs.py took 0.041 seconds
