[2023-10-13T23:09:59.570+0000] {processor.py:157} INFO - Started process (PID=71) to work on /home/airflow/.local/lib/python3.8/site-packages/airflow/example_dags/example_setup_teardown.py
[2023-10-13T23:09:59.571+0000] {processor.py:829} INFO - Processing file /home/airflow/.local/lib/python3.8/site-packages/airflow/example_dags/example_setup_teardown.py for tasks to queue
[2023-10-13T23:09:59.573+0000] {logging_mixin.py:151} INFO - [2023-10-13T23:09:59.573+0000] {dagbag.py:536} INFO - Filling up the DagBag from /home/airflow/.local/lib/python3.8/site-packages/airflow/example_dags/example_setup_teardown.py
[2023-10-13T23:09:59.581+0000] {processor.py:839} INFO - DAG(s) dict_keys(['example_setup_teardown']) retrieved from /home/airflow/.local/lib/python3.8/site-packages/airflow/example_dags/example_setup_teardown.py
[2023-10-13T23:09:59.592+0000] {logging_mixin.py:151} INFO - [2023-10-13T23:09:59.592+0000] {dag.py:2941} INFO - Sync 1 DAGs
[2023-10-13T23:09:59.608+0000] {logging_mixin.py:151} INFO - [2023-10-13T23:09:59.608+0000] {dag.py:3722} INFO - Setting next_dagrun for example_setup_teardown to 2023-10-12T23:09:59.607894+00:00, run_after=2023-10-13T23:09:59.607894+00:00
[2023-10-13T23:09:59.618+0000] {processor.py:179} INFO - Processing /home/airflow/.local/lib/python3.8/site-packages/airflow/example_dags/example_setup_teardown.py took 0.053 seconds
[2023-10-13T23:11:24.009+0000] {processor.py:157} INFO - Started process (PID=70) to work on /home/airflow/.local/lib/python3.8/site-packages/airflow/example_dags/example_setup_teardown.py
[2023-10-13T23:11:24.011+0000] {processor.py:829} INFO - Processing file /home/airflow/.local/lib/python3.8/site-packages/airflow/example_dags/example_setup_teardown.py for tasks to queue
[2023-10-13T23:11:24.014+0000] {logging_mixin.py:151} INFO - [2023-10-13T23:11:24.013+0000] {dagbag.py:536} INFO - Filling up the DagBag from /home/airflow/.local/lib/python3.8/site-packages/airflow/example_dags/example_setup_teardown.py
[2023-10-13T23:11:24.023+0000] {processor.py:839} INFO - DAG(s) dict_keys(['example_setup_teardown']) retrieved from /home/airflow/.local/lib/python3.8/site-packages/airflow/example_dags/example_setup_teardown.py
[2023-10-13T23:11:24.037+0000] {logging_mixin.py:151} INFO - [2023-10-13T23:11:24.036+0000] {dag.py:2941} INFO - Sync 1 DAGs
[2023-10-13T23:11:24.056+0000] {logging_mixin.py:151} INFO - [2023-10-13T23:11:24.056+0000] {dag.py:3722} INFO - Setting next_dagrun for example_setup_teardown to 2023-10-12T23:11:24.055965+00:00, run_after=2023-10-13T23:11:24.055965+00:00
[2023-10-13T23:11:24.068+0000] {processor.py:179} INFO - Processing /home/airflow/.local/lib/python3.8/site-packages/airflow/example_dags/example_setup_teardown.py took 0.065 seconds
[2023-10-13T23:11:54.303+0000] {processor.py:157} INFO - Started process (PID=124) to work on /home/airflow/.local/lib/python3.8/site-packages/airflow/example_dags/example_setup_teardown.py
[2023-10-13T23:11:54.304+0000] {processor.py:829} INFO - Processing file /home/airflow/.local/lib/python3.8/site-packages/airflow/example_dags/example_setup_teardown.py for tasks to queue
[2023-10-13T23:11:54.306+0000] {logging_mixin.py:151} INFO - [2023-10-13T23:11:54.305+0000] {dagbag.py:536} INFO - Filling up the DagBag from /home/airflow/.local/lib/python3.8/site-packages/airflow/example_dags/example_setup_teardown.py
[2023-10-13T23:11:54.311+0000] {processor.py:839} INFO - DAG(s) dict_keys(['example_setup_teardown']) retrieved from /home/airflow/.local/lib/python3.8/site-packages/airflow/example_dags/example_setup_teardown.py
[2023-10-13T23:11:54.327+0000] {logging_mixin.py:151} INFO - [2023-10-13T23:11:54.326+0000] {dag.py:2941} INFO - Sync 1 DAGs
[2023-10-13T23:11:54.342+0000] {logging_mixin.py:151} INFO - [2023-10-13T23:11:54.342+0000] {dag.py:3722} INFO - Setting next_dagrun for example_setup_teardown to 2023-10-12T23:11:54.342280+00:00, run_after=2023-10-13T23:11:54.342280+00:00
[2023-10-13T23:11:54.355+0000] {processor.py:179} INFO - Processing /home/airflow/.local/lib/python3.8/site-packages/airflow/example_dags/example_setup_teardown.py took 0.055 seconds
[2023-10-13T23:12:24.538+0000] {processor.py:157} INFO - Started process (PID=178) to work on /home/airflow/.local/lib/python3.8/site-packages/airflow/example_dags/example_setup_teardown.py
[2023-10-13T23:12:24.539+0000] {processor.py:829} INFO - Processing file /home/airflow/.local/lib/python3.8/site-packages/airflow/example_dags/example_setup_teardown.py for tasks to queue
[2023-10-13T23:12:24.540+0000] {logging_mixin.py:151} INFO - [2023-10-13T23:12:24.540+0000] {dagbag.py:536} INFO - Filling up the DagBag from /home/airflow/.local/lib/python3.8/site-packages/airflow/example_dags/example_setup_teardown.py
[2023-10-13T23:12:24.545+0000] {processor.py:839} INFO - DAG(s) dict_keys(['example_setup_teardown']) retrieved from /home/airflow/.local/lib/python3.8/site-packages/airflow/example_dags/example_setup_teardown.py
[2023-10-13T23:12:24.560+0000] {logging_mixin.py:151} INFO - [2023-10-13T23:12:24.559+0000] {dag.py:2941} INFO - Sync 1 DAGs
[2023-10-13T23:12:24.573+0000] {logging_mixin.py:151} INFO - [2023-10-13T23:12:24.573+0000] {dag.py:3722} INFO - Setting next_dagrun for example_setup_teardown to 2023-10-12T23:12:24.572955+00:00, run_after=2023-10-13T23:12:24.572955+00:00
[2023-10-13T23:12:24.583+0000] {processor.py:179} INFO - Processing /home/airflow/.local/lib/python3.8/site-packages/airflow/example_dags/example_setup_teardown.py took 0.048 seconds
[2023-10-13T23:12:55.415+0000] {processor.py:157} INFO - Started process (PID=232) to work on /home/airflow/.local/lib/python3.8/site-packages/airflow/example_dags/example_setup_teardown.py
[2023-10-13T23:12:55.416+0000] {processor.py:829} INFO - Processing file /home/airflow/.local/lib/python3.8/site-packages/airflow/example_dags/example_setup_teardown.py for tasks to queue
[2023-10-13T23:12:55.417+0000] {logging_mixin.py:151} INFO - [2023-10-13T23:12:55.417+0000] {dagbag.py:536} INFO - Filling up the DagBag from /home/airflow/.local/lib/python3.8/site-packages/airflow/example_dags/example_setup_teardown.py
[2023-10-13T23:12:55.423+0000] {processor.py:839} INFO - DAG(s) dict_keys(['example_setup_teardown']) retrieved from /home/airflow/.local/lib/python3.8/site-packages/airflow/example_dags/example_setup_teardown.py
[2023-10-13T23:12:55.440+0000] {logging_mixin.py:151} INFO - [2023-10-13T23:12:55.440+0000] {dag.py:2941} INFO - Sync 1 DAGs
[2023-10-13T23:12:55.453+0000] {logging_mixin.py:151} INFO - [2023-10-13T23:12:55.453+0000] {dag.py:3722} INFO - Setting next_dagrun for example_setup_teardown to 2023-10-12T23:12:55.453156+00:00, run_after=2023-10-13T23:12:55.453156+00:00
[2023-10-13T23:12:55.464+0000] {processor.py:179} INFO - Processing /home/airflow/.local/lib/python3.8/site-packages/airflow/example_dags/example_setup_teardown.py took 0.052 seconds
[2023-10-13T23:13:25.709+0000] {processor.py:157} INFO - Started process (PID=286) to work on /home/airflow/.local/lib/python3.8/site-packages/airflow/example_dags/example_setup_teardown.py
[2023-10-13T23:13:25.710+0000] {processor.py:829} INFO - Processing file /home/airflow/.local/lib/python3.8/site-packages/airflow/example_dags/example_setup_teardown.py for tasks to queue
[2023-10-13T23:13:25.712+0000] {logging_mixin.py:151} INFO - [2023-10-13T23:13:25.712+0000] {dagbag.py:536} INFO - Filling up the DagBag from /home/airflow/.local/lib/python3.8/site-packages/airflow/example_dags/example_setup_teardown.py
[2023-10-13T23:13:25.717+0000] {processor.py:839} INFO - DAG(s) dict_keys(['example_setup_teardown']) retrieved from /home/airflow/.local/lib/python3.8/site-packages/airflow/example_dags/example_setup_teardown.py
[2023-10-13T23:13:25.731+0000] {logging_mixin.py:151} INFO - [2023-10-13T23:13:25.731+0000] {dag.py:2941} INFO - Sync 1 DAGs
[2023-10-13T23:13:25.745+0000] {logging_mixin.py:151} INFO - [2023-10-13T23:13:25.745+0000] {dag.py:3722} INFO - Setting next_dagrun for example_setup_teardown to 2023-10-12T23:13:25.745085+00:00, run_after=2023-10-13T23:13:25.745085+00:00
[2023-10-13T23:13:25.755+0000] {processor.py:179} INFO - Processing /home/airflow/.local/lib/python3.8/site-packages/airflow/example_dags/example_setup_teardown.py took 0.048 seconds
[2023-10-13T23:13:55.889+0000] {processor.py:157} INFO - Started process (PID=340) to work on /home/airflow/.local/lib/python3.8/site-packages/airflow/example_dags/example_setup_teardown.py
[2023-10-13T23:13:55.890+0000] {processor.py:829} INFO - Processing file /home/airflow/.local/lib/python3.8/site-packages/airflow/example_dags/example_setup_teardown.py for tasks to queue
[2023-10-13T23:13:55.891+0000] {logging_mixin.py:151} INFO - [2023-10-13T23:13:55.891+0000] {dagbag.py:536} INFO - Filling up the DagBag from /home/airflow/.local/lib/python3.8/site-packages/airflow/example_dags/example_setup_teardown.py
[2023-10-13T23:13:55.896+0000] {processor.py:839} INFO - DAG(s) dict_keys(['example_setup_teardown']) retrieved from /home/airflow/.local/lib/python3.8/site-packages/airflow/example_dags/example_setup_teardown.py
[2023-10-13T23:13:55.910+0000] {logging_mixin.py:151} INFO - [2023-10-13T23:13:55.910+0000] {dag.py:2941} INFO - Sync 1 DAGs
[2023-10-13T23:13:55.923+0000] {logging_mixin.py:151} INFO - [2023-10-13T23:13:55.923+0000] {dag.py:3722} INFO - Setting next_dagrun for example_setup_teardown to 2023-10-12T23:13:55.923591+00:00, run_after=2023-10-13T23:13:55.923591+00:00
[2023-10-13T23:13:55.934+0000] {processor.py:179} INFO - Processing /home/airflow/.local/lib/python3.8/site-packages/airflow/example_dags/example_setup_teardown.py took 0.047 seconds
[2023-10-13T23:14:26.067+0000] {processor.py:157} INFO - Started process (PID=394) to work on /home/airflow/.local/lib/python3.8/site-packages/airflow/example_dags/example_setup_teardown.py
[2023-10-13T23:14:26.068+0000] {processor.py:829} INFO - Processing file /home/airflow/.local/lib/python3.8/site-packages/airflow/example_dags/example_setup_teardown.py for tasks to queue
[2023-10-13T23:14:26.071+0000] {logging_mixin.py:151} INFO - [2023-10-13T23:14:26.070+0000] {dagbag.py:536} INFO - Filling up the DagBag from /home/airflow/.local/lib/python3.8/site-packages/airflow/example_dags/example_setup_teardown.py
[2023-10-13T23:14:26.077+0000] {processor.py:839} INFO - DAG(s) dict_keys(['example_setup_teardown']) retrieved from /home/airflow/.local/lib/python3.8/site-packages/airflow/example_dags/example_setup_teardown.py
[2023-10-13T23:14:26.093+0000] {logging_mixin.py:151} INFO - [2023-10-13T23:14:26.092+0000] {dag.py:2941} INFO - Sync 1 DAGs
[2023-10-13T23:14:26.107+0000] {logging_mixin.py:151} INFO - [2023-10-13T23:14:26.107+0000] {dag.py:3722} INFO - Setting next_dagrun for example_setup_teardown to 2023-10-12T23:14:26.107495+00:00, run_after=2023-10-13T23:14:26.107495+00:00
[2023-10-13T23:14:26.119+0000] {processor.py:179} INFO - Processing /home/airflow/.local/lib/python3.8/site-packages/airflow/example_dags/example_setup_teardown.py took 0.055 seconds
[2023-10-13T23:14:56.269+0000] {processor.py:157} INFO - Started process (PID=448) to work on /home/airflow/.local/lib/python3.8/site-packages/airflow/example_dags/example_setup_teardown.py
[2023-10-13T23:14:56.270+0000] {processor.py:829} INFO - Processing file /home/airflow/.local/lib/python3.8/site-packages/airflow/example_dags/example_setup_teardown.py for tasks to queue
[2023-10-13T23:14:56.271+0000] {logging_mixin.py:151} INFO - [2023-10-13T23:14:56.271+0000] {dagbag.py:536} INFO - Filling up the DagBag from /home/airflow/.local/lib/python3.8/site-packages/airflow/example_dags/example_setup_teardown.py
[2023-10-13T23:14:56.276+0000] {processor.py:839} INFO - DAG(s) dict_keys(['example_setup_teardown']) retrieved from /home/airflow/.local/lib/python3.8/site-packages/airflow/example_dags/example_setup_teardown.py
[2023-10-13T23:14:56.290+0000] {logging_mixin.py:151} INFO - [2023-10-13T23:14:56.290+0000] {dag.py:2941} INFO - Sync 1 DAGs
[2023-10-13T23:14:56.302+0000] {logging_mixin.py:151} INFO - [2023-10-13T23:14:56.302+0000] {dag.py:3722} INFO - Setting next_dagrun for example_setup_teardown to 2023-10-12T23:14:56.302292+00:00, run_after=2023-10-13T23:14:56.302292+00:00
[2023-10-13T23:14:56.313+0000] {processor.py:179} INFO - Processing /home/airflow/.local/lib/python3.8/site-packages/airflow/example_dags/example_setup_teardown.py took 0.046 seconds
[2023-10-13T23:15:26.453+0000] {processor.py:157} INFO - Started process (PID=502) to work on /home/airflow/.local/lib/python3.8/site-packages/airflow/example_dags/example_setup_teardown.py
[2023-10-13T23:15:26.454+0000] {processor.py:829} INFO - Processing file /home/airflow/.local/lib/python3.8/site-packages/airflow/example_dags/example_setup_teardown.py for tasks to queue
[2023-10-13T23:15:26.456+0000] {logging_mixin.py:151} INFO - [2023-10-13T23:15:26.456+0000] {dagbag.py:536} INFO - Filling up the DagBag from /home/airflow/.local/lib/python3.8/site-packages/airflow/example_dags/example_setup_teardown.py
[2023-10-13T23:15:26.460+0000] {processor.py:839} INFO - DAG(s) dict_keys(['example_setup_teardown']) retrieved from /home/airflow/.local/lib/python3.8/site-packages/airflow/example_dags/example_setup_teardown.py
[2023-10-13T23:15:26.475+0000] {logging_mixin.py:151} INFO - [2023-10-13T23:15:26.474+0000] {dag.py:2941} INFO - Sync 1 DAGs
[2023-10-13T23:15:26.487+0000] {logging_mixin.py:151} INFO - [2023-10-13T23:15:26.487+0000] {dag.py:3722} INFO - Setting next_dagrun for example_setup_teardown to 2023-10-12T23:15:26.486885+00:00, run_after=2023-10-13T23:15:26.486885+00:00
[2023-10-13T23:15:26.496+0000] {processor.py:179} INFO - Processing /home/airflow/.local/lib/python3.8/site-packages/airflow/example_dags/example_setup_teardown.py took 0.045 seconds
[2023-10-13T23:15:56.643+0000] {processor.py:157} INFO - Started process (PID=556) to work on /home/airflow/.local/lib/python3.8/site-packages/airflow/example_dags/example_setup_teardown.py
[2023-10-13T23:15:56.644+0000] {processor.py:829} INFO - Processing file /home/airflow/.local/lib/python3.8/site-packages/airflow/example_dags/example_setup_teardown.py for tasks to queue
[2023-10-13T23:15:56.645+0000] {logging_mixin.py:151} INFO - [2023-10-13T23:15:56.645+0000] {dagbag.py:536} INFO - Filling up the DagBag from /home/airflow/.local/lib/python3.8/site-packages/airflow/example_dags/example_setup_teardown.py
[2023-10-13T23:15:56.650+0000] {processor.py:839} INFO - DAG(s) dict_keys(['example_setup_teardown']) retrieved from /home/airflow/.local/lib/python3.8/site-packages/airflow/example_dags/example_setup_teardown.py
[2023-10-13T23:15:56.665+0000] {logging_mixin.py:151} INFO - [2023-10-13T23:15:56.665+0000] {dag.py:2941} INFO - Sync 1 DAGs
[2023-10-13T23:15:56.678+0000] {logging_mixin.py:151} INFO - [2023-10-13T23:15:56.678+0000] {dag.py:3722} INFO - Setting next_dagrun for example_setup_teardown to 2023-10-12T23:15:56.678548+00:00, run_after=2023-10-13T23:15:56.678548+00:00
[2023-10-13T23:15:56.689+0000] {processor.py:179} INFO - Processing /home/airflow/.local/lib/python3.8/site-packages/airflow/example_dags/example_setup_teardown.py took 0.049 seconds
[2023-10-13T23:16:27.572+0000] {processor.py:157} INFO - Started process (PID=610) to work on /home/airflow/.local/lib/python3.8/site-packages/airflow/example_dags/example_setup_teardown.py
[2023-10-13T23:16:27.573+0000] {processor.py:829} INFO - Processing file /home/airflow/.local/lib/python3.8/site-packages/airflow/example_dags/example_setup_teardown.py for tasks to queue
[2023-10-13T23:16:27.574+0000] {logging_mixin.py:151} INFO - [2023-10-13T23:16:27.574+0000] {dagbag.py:536} INFO - Filling up the DagBag from /home/airflow/.local/lib/python3.8/site-packages/airflow/example_dags/example_setup_teardown.py
[2023-10-13T23:16:27.579+0000] {processor.py:839} INFO - DAG(s) dict_keys(['example_setup_teardown']) retrieved from /home/airflow/.local/lib/python3.8/site-packages/airflow/example_dags/example_setup_teardown.py
[2023-10-13T23:16:27.593+0000] {logging_mixin.py:151} INFO - [2023-10-13T23:16:27.592+0000] {dag.py:2941} INFO - Sync 1 DAGs
[2023-10-13T23:16:27.604+0000] {logging_mixin.py:151} INFO - [2023-10-13T23:16:27.604+0000] {dag.py:3722} INFO - Setting next_dagrun for example_setup_teardown to 2023-10-12T23:16:27.604575+00:00, run_after=2023-10-13T23:16:27.604575+00:00
[2023-10-13T23:16:27.614+0000] {processor.py:179} INFO - Processing /home/airflow/.local/lib/python3.8/site-packages/airflow/example_dags/example_setup_teardown.py took 0.044 seconds
[2023-10-13T23:16:57.857+0000] {processor.py:157} INFO - Started process (PID=664) to work on /home/airflow/.local/lib/python3.8/site-packages/airflow/example_dags/example_setup_teardown.py
[2023-10-13T23:16:57.857+0000] {processor.py:829} INFO - Processing file /home/airflow/.local/lib/python3.8/site-packages/airflow/example_dags/example_setup_teardown.py for tasks to queue
[2023-10-13T23:16:57.859+0000] {logging_mixin.py:151} INFO - [2023-10-13T23:16:57.859+0000] {dagbag.py:536} INFO - Filling up the DagBag from /home/airflow/.local/lib/python3.8/site-packages/airflow/example_dags/example_setup_teardown.py
[2023-10-13T23:16:57.863+0000] {processor.py:839} INFO - DAG(s) dict_keys(['example_setup_teardown']) retrieved from /home/airflow/.local/lib/python3.8/site-packages/airflow/example_dags/example_setup_teardown.py
[2023-10-13T23:16:57.876+0000] {logging_mixin.py:151} INFO - [2023-10-13T23:16:57.876+0000] {dag.py:2941} INFO - Sync 1 DAGs
[2023-10-13T23:16:57.888+0000] {logging_mixin.py:151} INFO - [2023-10-13T23:16:57.888+0000] {dag.py:3722} INFO - Setting next_dagrun for example_setup_teardown to 2023-10-12T23:16:57.888690+00:00, run_after=2023-10-13T23:16:57.888690+00:00
[2023-10-13T23:16:57.900+0000] {processor.py:179} INFO - Processing /home/airflow/.local/lib/python3.8/site-packages/airflow/example_dags/example_setup_teardown.py took 0.045 seconds
[2023-10-13T23:17:28.866+0000] {processor.py:157} INFO - Started process (PID=718) to work on /home/airflow/.local/lib/python3.8/site-packages/airflow/example_dags/example_setup_teardown.py
[2023-10-13T23:17:28.867+0000] {processor.py:829} INFO - Processing file /home/airflow/.local/lib/python3.8/site-packages/airflow/example_dags/example_setup_teardown.py for tasks to queue
[2023-10-13T23:17:28.868+0000] {logging_mixin.py:151} INFO - [2023-10-13T23:17:28.868+0000] {dagbag.py:536} INFO - Filling up the DagBag from /home/airflow/.local/lib/python3.8/site-packages/airflow/example_dags/example_setup_teardown.py
[2023-10-13T23:17:28.872+0000] {processor.py:839} INFO - DAG(s) dict_keys(['example_setup_teardown']) retrieved from /home/airflow/.local/lib/python3.8/site-packages/airflow/example_dags/example_setup_teardown.py
[2023-10-13T23:17:28.885+0000] {logging_mixin.py:151} INFO - [2023-10-13T23:17:28.885+0000] {dag.py:2941} INFO - Sync 1 DAGs
[2023-10-13T23:17:28.896+0000] {logging_mixin.py:151} INFO - [2023-10-13T23:17:28.896+0000] {dag.py:3722} INFO - Setting next_dagrun for example_setup_teardown to 2023-10-12T23:17:28.896502+00:00, run_after=2023-10-13T23:17:28.896502+00:00
[2023-10-13T23:17:28.906+0000] {processor.py:179} INFO - Processing /home/airflow/.local/lib/python3.8/site-packages/airflow/example_dags/example_setup_teardown.py took 0.042 seconds
[2023-10-13T23:17:59.789+0000] {processor.py:157} INFO - Started process (PID=772) to work on /home/airflow/.local/lib/python3.8/site-packages/airflow/example_dags/example_setup_teardown.py
[2023-10-13T23:17:59.789+0000] {processor.py:829} INFO - Processing file /home/airflow/.local/lib/python3.8/site-packages/airflow/example_dags/example_setup_teardown.py for tasks to queue
[2023-10-13T23:17:59.791+0000] {logging_mixin.py:151} INFO - [2023-10-13T23:17:59.791+0000] {dagbag.py:536} INFO - Filling up the DagBag from /home/airflow/.local/lib/python3.8/site-packages/airflow/example_dags/example_setup_teardown.py
[2023-10-13T23:17:59.795+0000] {processor.py:839} INFO - DAG(s) dict_keys(['example_setup_teardown']) retrieved from /home/airflow/.local/lib/python3.8/site-packages/airflow/example_dags/example_setup_teardown.py
[2023-10-13T23:17:59.807+0000] {logging_mixin.py:151} INFO - [2023-10-13T23:17:59.807+0000] {dag.py:2941} INFO - Sync 1 DAGs
[2023-10-13T23:17:59.820+0000] {logging_mixin.py:151} INFO - [2023-10-13T23:17:59.820+0000] {dag.py:3722} INFO - Setting next_dagrun for example_setup_teardown to 2023-10-12T23:17:59.820017+00:00, run_after=2023-10-13T23:17:59.820017+00:00
[2023-10-13T23:17:59.829+0000] {processor.py:179} INFO - Processing /home/airflow/.local/lib/python3.8/site-packages/airflow/example_dags/example_setup_teardown.py took 0.042 seconds
[2023-10-13T23:18:29.901+0000] {processor.py:157} INFO - Started process (PID=826) to work on /home/airflow/.local/lib/python3.8/site-packages/airflow/example_dags/example_setup_teardown.py
[2023-10-13T23:18:29.901+0000] {processor.py:829} INFO - Processing file /home/airflow/.local/lib/python3.8/site-packages/airflow/example_dags/example_setup_teardown.py for tasks to queue
[2023-10-13T23:18:29.903+0000] {logging_mixin.py:151} INFO - [2023-10-13T23:18:29.903+0000] {dagbag.py:536} INFO - Filling up the DagBag from /home/airflow/.local/lib/python3.8/site-packages/airflow/example_dags/example_setup_teardown.py
[2023-10-13T23:18:29.907+0000] {processor.py:839} INFO - DAG(s) dict_keys(['example_setup_teardown']) retrieved from /home/airflow/.local/lib/python3.8/site-packages/airflow/example_dags/example_setup_teardown.py
[2023-10-13T23:18:29.919+0000] {logging_mixin.py:151} INFO - [2023-10-13T23:18:29.919+0000] {dag.py:2941} INFO - Sync 1 DAGs
[2023-10-13T23:18:29.930+0000] {logging_mixin.py:151} INFO - [2023-10-13T23:18:29.930+0000] {dag.py:3722} INFO - Setting next_dagrun for example_setup_teardown to 2023-10-12T23:18:29.930473+00:00, run_after=2023-10-13T23:18:29.930473+00:00
[2023-10-13T23:18:29.938+0000] {processor.py:179} INFO - Processing /home/airflow/.local/lib/python3.8/site-packages/airflow/example_dags/example_setup_teardown.py took 0.040 seconds
[2023-10-13T23:19:00.152+0000] {processor.py:157} INFO - Started process (PID=880) to work on /home/airflow/.local/lib/python3.8/site-packages/airflow/example_dags/example_setup_teardown.py
[2023-10-13T23:19:00.153+0000] {processor.py:829} INFO - Processing file /home/airflow/.local/lib/python3.8/site-packages/airflow/example_dags/example_setup_teardown.py for tasks to queue
[2023-10-13T23:19:00.154+0000] {logging_mixin.py:151} INFO - [2023-10-13T23:19:00.154+0000] {dagbag.py:536} INFO - Filling up the DagBag from /home/airflow/.local/lib/python3.8/site-packages/airflow/example_dags/example_setup_teardown.py
[2023-10-13T23:19:00.159+0000] {processor.py:839} INFO - DAG(s) dict_keys(['example_setup_teardown']) retrieved from /home/airflow/.local/lib/python3.8/site-packages/airflow/example_dags/example_setup_teardown.py
[2023-10-13T23:19:00.171+0000] {logging_mixin.py:151} INFO - [2023-10-13T23:19:00.171+0000] {dag.py:2941} INFO - Sync 1 DAGs
[2023-10-13T23:19:00.182+0000] {logging_mixin.py:151} INFO - [2023-10-13T23:19:00.182+0000] {dag.py:3722} INFO - Setting next_dagrun for example_setup_teardown to 2023-10-12T23:19:00.181885+00:00, run_after=2023-10-13T23:19:00.181885+00:00
[2023-10-13T23:19:00.191+0000] {processor.py:179} INFO - Processing /home/airflow/.local/lib/python3.8/site-packages/airflow/example_dags/example_setup_teardown.py took 0.041 seconds
[2023-10-13T23:19:30.286+0000] {processor.py:157} INFO - Started process (PID=934) to work on /home/airflow/.local/lib/python3.8/site-packages/airflow/example_dags/example_setup_teardown.py
[2023-10-13T23:19:30.287+0000] {processor.py:829} INFO - Processing file /home/airflow/.local/lib/python3.8/site-packages/airflow/example_dags/example_setup_teardown.py for tasks to queue
[2023-10-13T23:19:30.288+0000] {logging_mixin.py:151} INFO - [2023-10-13T23:19:30.288+0000] {dagbag.py:536} INFO - Filling up the DagBag from /home/airflow/.local/lib/python3.8/site-packages/airflow/example_dags/example_setup_teardown.py
[2023-10-13T23:19:30.292+0000] {processor.py:839} INFO - DAG(s) dict_keys(['example_setup_teardown']) retrieved from /home/airflow/.local/lib/python3.8/site-packages/airflow/example_dags/example_setup_teardown.py
[2023-10-13T23:19:30.305+0000] {logging_mixin.py:151} INFO - [2023-10-13T23:19:30.304+0000] {dag.py:2941} INFO - Sync 1 DAGs
[2023-10-13T23:19:30.315+0000] {logging_mixin.py:151} INFO - [2023-10-13T23:19:30.315+0000] {dag.py:3722} INFO - Setting next_dagrun for example_setup_teardown to 2023-10-12T23:19:30.315411+00:00, run_after=2023-10-13T23:19:30.315411+00:00
[2023-10-13T23:19:30.325+0000] {processor.py:179} INFO - Processing /home/airflow/.local/lib/python3.8/site-packages/airflow/example_dags/example_setup_teardown.py took 0.041 seconds
