[2023-10-13T23:09:58.085+0000] {processor.py:157} INFO - Started process (PID=41) to work on /home/airflow/.local/lib/python3.8/site-packages/airflow/example_dags/example_dynamic_task_mapping_with_no_taskflow_operators.py
[2023-10-13T23:09:58.086+0000] {processor.py:829} INFO - Processing file /home/airflow/.local/lib/python3.8/site-packages/airflow/example_dags/example_dynamic_task_mapping_with_no_taskflow_operators.py for tasks to queue
[2023-10-13T23:09:58.088+0000] {logging_mixin.py:151} INFO - [2023-10-13T23:09:58.088+0000] {dagbag.py:536} INFO - Filling up the DagBag from /home/airflow/.local/lib/python3.8/site-packages/airflow/example_dags/example_dynamic_task_mapping_with_no_taskflow_operators.py
[2023-10-13T23:09:58.095+0000] {processor.py:839} INFO - DAG(s) dict_keys(['example_dynamic_task_mapping_with_no_taskflow_operators']) retrieved from /home/airflow/.local/lib/python3.8/site-packages/airflow/example_dags/example_dynamic_task_mapping_with_no_taskflow_operators.py
[2023-10-13T23:09:58.105+0000] {logging_mixin.py:151} INFO - [2023-10-13T23:09:58.105+0000] {dag.py:2941} INFO - Sync 1 DAGs
[2023-10-13T23:09:58.119+0000] {logging_mixin.py:151} INFO - [2023-10-13T23:09:58.119+0000] {dag.py:3722} INFO - Setting next_dagrun for example_dynamic_task_mapping_with_no_taskflow_operators to 2023-10-12T23:09:58.118987+00:00, run_after=2023-10-13T23:09:58.118987+00:00
[2023-10-13T23:09:58.134+0000] {processor.py:179} INFO - Processing /home/airflow/.local/lib/python3.8/site-packages/airflow/example_dags/example_dynamic_task_mapping_with_no_taskflow_operators.py took 0.052 seconds
[2023-10-13T23:11:22.403+0000] {processor.py:157} INFO - Started process (PID=40) to work on /home/airflow/.local/lib/python3.8/site-packages/airflow/example_dags/example_dynamic_task_mapping_with_no_taskflow_operators.py
[2023-10-13T23:11:22.406+0000] {processor.py:829} INFO - Processing file /home/airflow/.local/lib/python3.8/site-packages/airflow/example_dags/example_dynamic_task_mapping_with_no_taskflow_operators.py for tasks to queue
[2023-10-13T23:11:22.417+0000] {logging_mixin.py:151} INFO - [2023-10-13T23:11:22.416+0000] {dagbag.py:536} INFO - Filling up the DagBag from /home/airflow/.local/lib/python3.8/site-packages/airflow/example_dags/example_dynamic_task_mapping_with_no_taskflow_operators.py
[2023-10-13T23:11:22.437+0000] {processor.py:839} INFO - DAG(s) dict_keys(['example_dynamic_task_mapping_with_no_taskflow_operators']) retrieved from /home/airflow/.local/lib/python3.8/site-packages/airflow/example_dags/example_dynamic_task_mapping_with_no_taskflow_operators.py
[2023-10-13T23:11:22.467+0000] {logging_mixin.py:151} INFO - [2023-10-13T23:11:22.467+0000] {dag.py:2941} INFO - Sync 1 DAGs
[2023-10-13T23:11:22.498+0000] {logging_mixin.py:151} INFO - [2023-10-13T23:11:22.498+0000] {dag.py:3722} INFO - Setting next_dagrun for example_dynamic_task_mapping_with_no_taskflow_operators to 2023-10-12T23:11:22.498014+00:00, run_after=2023-10-13T23:11:22.498014+00:00
[2023-10-13T23:11:22.513+0000] {processor.py:179} INFO - Processing /home/airflow/.local/lib/python3.8/site-packages/airflow/example_dags/example_dynamic_task_mapping_with_no_taskflow_operators.py took 0.118 seconds
[2023-10-13T23:11:53.002+0000] {processor.py:157} INFO - Started process (PID=94) to work on /home/airflow/.local/lib/python3.8/site-packages/airflow/example_dags/example_dynamic_task_mapping_with_no_taskflow_operators.py
[2023-10-13T23:11:53.002+0000] {processor.py:829} INFO - Processing file /home/airflow/.local/lib/python3.8/site-packages/airflow/example_dags/example_dynamic_task_mapping_with_no_taskflow_operators.py for tasks to queue
[2023-10-13T23:11:53.004+0000] {logging_mixin.py:151} INFO - [2023-10-13T23:11:53.004+0000] {dagbag.py:536} INFO - Filling up the DagBag from /home/airflow/.local/lib/python3.8/site-packages/airflow/example_dags/example_dynamic_task_mapping_with_no_taskflow_operators.py
[2023-10-13T23:11:53.010+0000] {processor.py:839} INFO - DAG(s) dict_keys(['example_dynamic_task_mapping_with_no_taskflow_operators']) retrieved from /home/airflow/.local/lib/python3.8/site-packages/airflow/example_dags/example_dynamic_task_mapping_with_no_taskflow_operators.py
[2023-10-13T23:11:53.034+0000] {logging_mixin.py:151} INFO - [2023-10-13T23:11:53.034+0000] {dag.py:2941} INFO - Sync 1 DAGs
[2023-10-13T23:11:53.052+0000] {logging_mixin.py:151} INFO - [2023-10-13T23:11:53.051+0000] {dag.py:3722} INFO - Setting next_dagrun for example_dynamic_task_mapping_with_no_taskflow_operators to 2023-10-12T23:11:53.051776+00:00, run_after=2023-10-13T23:11:53.051776+00:00
[2023-10-13T23:11:53.073+0000] {processor.py:179} INFO - Processing /home/airflow/.local/lib/python3.8/site-packages/airflow/example_dags/example_dynamic_task_mapping_with_no_taskflow_operators.py took 0.074 seconds
[2023-10-13T23:12:23.099+0000] {processor.py:157} INFO - Started process (PID=148) to work on /home/airflow/.local/lib/python3.8/site-packages/airflow/example_dags/example_dynamic_task_mapping_with_no_taskflow_operators.py
[2023-10-13T23:12:23.100+0000] {processor.py:829} INFO - Processing file /home/airflow/.local/lib/python3.8/site-packages/airflow/example_dags/example_dynamic_task_mapping_with_no_taskflow_operators.py for tasks to queue
[2023-10-13T23:12:23.102+0000] {logging_mixin.py:151} INFO - [2023-10-13T23:12:23.102+0000] {dagbag.py:536} INFO - Filling up the DagBag from /home/airflow/.local/lib/python3.8/site-packages/airflow/example_dags/example_dynamic_task_mapping_with_no_taskflow_operators.py
[2023-10-13T23:12:23.106+0000] {processor.py:839} INFO - DAG(s) dict_keys(['example_dynamic_task_mapping_with_no_taskflow_operators']) retrieved from /home/airflow/.local/lib/python3.8/site-packages/airflow/example_dags/example_dynamic_task_mapping_with_no_taskflow_operators.py
[2023-10-13T23:12:23.122+0000] {logging_mixin.py:151} INFO - [2023-10-13T23:12:23.122+0000] {dag.py:2941} INFO - Sync 1 DAGs
[2023-10-13T23:12:23.135+0000] {logging_mixin.py:151} INFO - [2023-10-13T23:12:23.135+0000] {dag.py:3722} INFO - Setting next_dagrun for example_dynamic_task_mapping_with_no_taskflow_operators to 2023-10-12T23:12:23.135282+00:00, run_after=2023-10-13T23:12:23.135282+00:00
[2023-10-13T23:12:23.146+0000] {processor.py:179} INFO - Processing /home/airflow/.local/lib/python3.8/site-packages/airflow/example_dags/example_dynamic_task_mapping_with_no_taskflow_operators.py took 0.049 seconds
[2023-10-13T23:12:53.381+0000] {processor.py:157} INFO - Started process (PID=202) to work on /home/airflow/.local/lib/python3.8/site-packages/airflow/example_dags/example_dynamic_task_mapping_with_no_taskflow_operators.py
[2023-10-13T23:12:53.382+0000] {processor.py:829} INFO - Processing file /home/airflow/.local/lib/python3.8/site-packages/airflow/example_dags/example_dynamic_task_mapping_with_no_taskflow_operators.py for tasks to queue
[2023-10-13T23:12:53.383+0000] {logging_mixin.py:151} INFO - [2023-10-13T23:12:53.383+0000] {dagbag.py:536} INFO - Filling up the DagBag from /home/airflow/.local/lib/python3.8/site-packages/airflow/example_dags/example_dynamic_task_mapping_with_no_taskflow_operators.py
[2023-10-13T23:12:53.388+0000] {processor.py:839} INFO - DAG(s) dict_keys(['example_dynamic_task_mapping_with_no_taskflow_operators']) retrieved from /home/airflow/.local/lib/python3.8/site-packages/airflow/example_dags/example_dynamic_task_mapping_with_no_taskflow_operators.py
[2023-10-13T23:12:53.402+0000] {logging_mixin.py:151} INFO - [2023-10-13T23:12:53.402+0000] {dag.py:2941} INFO - Sync 1 DAGs
[2023-10-13T23:12:53.414+0000] {logging_mixin.py:151} INFO - [2023-10-13T23:12:53.414+0000] {dag.py:3722} INFO - Setting next_dagrun for example_dynamic_task_mapping_with_no_taskflow_operators to 2023-10-12T23:12:53.414032+00:00, run_after=2023-10-13T23:12:53.414032+00:00
[2023-10-13T23:12:53.424+0000] {processor.py:179} INFO - Processing /home/airflow/.local/lib/python3.8/site-packages/airflow/example_dags/example_dynamic_task_mapping_with_no_taskflow_operators.py took 0.045 seconds
[2023-10-13T23:13:23.583+0000] {processor.py:157} INFO - Started process (PID=256) to work on /home/airflow/.local/lib/python3.8/site-packages/airflow/example_dags/example_dynamic_task_mapping_with_no_taskflow_operators.py
[2023-10-13T23:13:23.585+0000] {processor.py:829} INFO - Processing file /home/airflow/.local/lib/python3.8/site-packages/airflow/example_dags/example_dynamic_task_mapping_with_no_taskflow_operators.py for tasks to queue
[2023-10-13T23:13:23.586+0000] {logging_mixin.py:151} INFO - [2023-10-13T23:13:23.586+0000] {dagbag.py:536} INFO - Filling up the DagBag from /home/airflow/.local/lib/python3.8/site-packages/airflow/example_dags/example_dynamic_task_mapping_with_no_taskflow_operators.py
[2023-10-13T23:13:23.591+0000] {processor.py:839} INFO - DAG(s) dict_keys(['example_dynamic_task_mapping_with_no_taskflow_operators']) retrieved from /home/airflow/.local/lib/python3.8/site-packages/airflow/example_dags/example_dynamic_task_mapping_with_no_taskflow_operators.py
[2023-10-13T23:13:23.605+0000] {logging_mixin.py:151} INFO - [2023-10-13T23:13:23.605+0000] {dag.py:2941} INFO - Sync 1 DAGs
[2023-10-13T23:13:23.617+0000] {logging_mixin.py:151} INFO - [2023-10-13T23:13:23.617+0000] {dag.py:3722} INFO - Setting next_dagrun for example_dynamic_task_mapping_with_no_taskflow_operators to 2023-10-12T23:13:23.617447+00:00, run_after=2023-10-13T23:13:23.617447+00:00
[2023-10-13T23:13:23.628+0000] {processor.py:179} INFO - Processing /home/airflow/.local/lib/python3.8/site-packages/airflow/example_dags/example_dynamic_task_mapping_with_no_taskflow_operators.py took 0.047 seconds
[2023-10-13T23:13:53.796+0000] {processor.py:157} INFO - Started process (PID=310) to work on /home/airflow/.local/lib/python3.8/site-packages/airflow/example_dags/example_dynamic_task_mapping_with_no_taskflow_operators.py
[2023-10-13T23:13:53.797+0000] {processor.py:829} INFO - Processing file /home/airflow/.local/lib/python3.8/site-packages/airflow/example_dags/example_dynamic_task_mapping_with_no_taskflow_operators.py for tasks to queue
[2023-10-13T23:13:53.799+0000] {logging_mixin.py:151} INFO - [2023-10-13T23:13:53.798+0000] {dagbag.py:536} INFO - Filling up the DagBag from /home/airflow/.local/lib/python3.8/site-packages/airflow/example_dags/example_dynamic_task_mapping_with_no_taskflow_operators.py
[2023-10-13T23:13:53.803+0000] {processor.py:839} INFO - DAG(s) dict_keys(['example_dynamic_task_mapping_with_no_taskflow_operators']) retrieved from /home/airflow/.local/lib/python3.8/site-packages/airflow/example_dags/example_dynamic_task_mapping_with_no_taskflow_operators.py
[2023-10-13T23:13:53.817+0000] {logging_mixin.py:151} INFO - [2023-10-13T23:13:53.817+0000] {dag.py:2941} INFO - Sync 1 DAGs
[2023-10-13T23:13:53.830+0000] {logging_mixin.py:151} INFO - [2023-10-13T23:13:53.829+0000] {dag.py:3722} INFO - Setting next_dagrun for example_dynamic_task_mapping_with_no_taskflow_operators to 2023-10-12T23:13:53.829838+00:00, run_after=2023-10-13T23:13:53.829838+00:00
[2023-10-13T23:13:53.839+0000] {processor.py:179} INFO - Processing /home/airflow/.local/lib/python3.8/site-packages/airflow/example_dags/example_dynamic_task_mapping_with_no_taskflow_operators.py took 0.046 seconds
[2023-10-13T23:14:23.891+0000] {processor.py:157} INFO - Started process (PID=364) to work on /home/airflow/.local/lib/python3.8/site-packages/airflow/example_dags/example_dynamic_task_mapping_with_no_taskflow_operators.py
[2023-10-13T23:14:23.892+0000] {processor.py:829} INFO - Processing file /home/airflow/.local/lib/python3.8/site-packages/airflow/example_dags/example_dynamic_task_mapping_with_no_taskflow_operators.py for tasks to queue
[2023-10-13T23:14:23.893+0000] {logging_mixin.py:151} INFO - [2023-10-13T23:14:23.893+0000] {dagbag.py:536} INFO - Filling up the DagBag from /home/airflow/.local/lib/python3.8/site-packages/airflow/example_dags/example_dynamic_task_mapping_with_no_taskflow_operators.py
[2023-10-13T23:14:23.899+0000] {processor.py:839} INFO - DAG(s) dict_keys(['example_dynamic_task_mapping_with_no_taskflow_operators']) retrieved from /home/airflow/.local/lib/python3.8/site-packages/airflow/example_dags/example_dynamic_task_mapping_with_no_taskflow_operators.py
[2023-10-13T23:14:23.913+0000] {logging_mixin.py:151} INFO - [2023-10-13T23:14:23.912+0000] {dag.py:2941} INFO - Sync 1 DAGs
[2023-10-13T23:14:23.925+0000] {logging_mixin.py:151} INFO - [2023-10-13T23:14:23.925+0000] {dag.py:3722} INFO - Setting next_dagrun for example_dynamic_task_mapping_with_no_taskflow_operators to 2023-10-12T23:14:23.925151+00:00, run_after=2023-10-13T23:14:23.925151+00:00
[2023-10-13T23:14:23.936+0000] {processor.py:179} INFO - Processing /home/airflow/.local/lib/python3.8/site-packages/airflow/example_dags/example_dynamic_task_mapping_with_no_taskflow_operators.py took 0.048 seconds
[2023-10-13T23:14:54.153+0000] {processor.py:157} INFO - Started process (PID=418) to work on /home/airflow/.local/lib/python3.8/site-packages/airflow/example_dags/example_dynamic_task_mapping_with_no_taskflow_operators.py
[2023-10-13T23:14:54.154+0000] {processor.py:829} INFO - Processing file /home/airflow/.local/lib/python3.8/site-packages/airflow/example_dags/example_dynamic_task_mapping_with_no_taskflow_operators.py for tasks to queue
[2023-10-13T23:14:54.156+0000] {logging_mixin.py:151} INFO - [2023-10-13T23:14:54.155+0000] {dagbag.py:536} INFO - Filling up the DagBag from /home/airflow/.local/lib/python3.8/site-packages/airflow/example_dags/example_dynamic_task_mapping_with_no_taskflow_operators.py
[2023-10-13T23:14:54.160+0000] {processor.py:839} INFO - DAG(s) dict_keys(['example_dynamic_task_mapping_with_no_taskflow_operators']) retrieved from /home/airflow/.local/lib/python3.8/site-packages/airflow/example_dags/example_dynamic_task_mapping_with_no_taskflow_operators.py
[2023-10-13T23:14:54.173+0000] {logging_mixin.py:151} INFO - [2023-10-13T23:14:54.173+0000] {dag.py:2941} INFO - Sync 1 DAGs
[2023-10-13T23:14:54.185+0000] {logging_mixin.py:151} INFO - [2023-10-13T23:14:54.185+0000] {dag.py:3722} INFO - Setting next_dagrun for example_dynamic_task_mapping_with_no_taskflow_operators to 2023-10-12T23:14:54.185324+00:00, run_after=2023-10-13T23:14:54.185324+00:00
[2023-10-13T23:14:54.195+0000] {processor.py:179} INFO - Processing /home/airflow/.local/lib/python3.8/site-packages/airflow/example_dags/example_dynamic_task_mapping_with_no_taskflow_operators.py took 0.045 seconds
[2023-10-13T23:15:24.386+0000] {processor.py:157} INFO - Started process (PID=472) to work on /home/airflow/.local/lib/python3.8/site-packages/airflow/example_dags/example_dynamic_task_mapping_with_no_taskflow_operators.py
[2023-10-13T23:15:24.386+0000] {processor.py:829} INFO - Processing file /home/airflow/.local/lib/python3.8/site-packages/airflow/example_dags/example_dynamic_task_mapping_with_no_taskflow_operators.py for tasks to queue
[2023-10-13T23:15:24.388+0000] {logging_mixin.py:151} INFO - [2023-10-13T23:15:24.388+0000] {dagbag.py:536} INFO - Filling up the DagBag from /home/airflow/.local/lib/python3.8/site-packages/airflow/example_dags/example_dynamic_task_mapping_with_no_taskflow_operators.py
[2023-10-13T23:15:24.393+0000] {processor.py:839} INFO - DAG(s) dict_keys(['example_dynamic_task_mapping_with_no_taskflow_operators']) retrieved from /home/airflow/.local/lib/python3.8/site-packages/airflow/example_dags/example_dynamic_task_mapping_with_no_taskflow_operators.py
[2023-10-13T23:15:24.406+0000] {logging_mixin.py:151} INFO - [2023-10-13T23:15:24.406+0000] {dag.py:2941} INFO - Sync 1 DAGs
[2023-10-13T23:15:24.418+0000] {logging_mixin.py:151} INFO - [2023-10-13T23:15:24.418+0000] {dag.py:3722} INFO - Setting next_dagrun for example_dynamic_task_mapping_with_no_taskflow_operators to 2023-10-12T23:15:24.418526+00:00, run_after=2023-10-13T23:15:24.418526+00:00
[2023-10-13T23:15:24.428+0000] {processor.py:179} INFO - Processing /home/airflow/.local/lib/python3.8/site-packages/airflow/example_dags/example_dynamic_task_mapping_with_no_taskflow_operators.py took 0.045 seconds
[2023-10-13T23:15:54.584+0000] {processor.py:157} INFO - Started process (PID=526) to work on /home/airflow/.local/lib/python3.8/site-packages/airflow/example_dags/example_dynamic_task_mapping_with_no_taskflow_operators.py
[2023-10-13T23:15:54.584+0000] {processor.py:829} INFO - Processing file /home/airflow/.local/lib/python3.8/site-packages/airflow/example_dags/example_dynamic_task_mapping_with_no_taskflow_operators.py for tasks to queue
[2023-10-13T23:15:54.586+0000] {logging_mixin.py:151} INFO - [2023-10-13T23:15:54.585+0000] {dagbag.py:536} INFO - Filling up the DagBag from /home/airflow/.local/lib/python3.8/site-packages/airflow/example_dags/example_dynamic_task_mapping_with_no_taskflow_operators.py
[2023-10-13T23:15:54.590+0000] {processor.py:839} INFO - DAG(s) dict_keys(['example_dynamic_task_mapping_with_no_taskflow_operators']) retrieved from /home/airflow/.local/lib/python3.8/site-packages/airflow/example_dags/example_dynamic_task_mapping_with_no_taskflow_operators.py
[2023-10-13T23:15:54.601+0000] {logging_mixin.py:151} INFO - [2023-10-13T23:15:54.601+0000] {dag.py:2941} INFO - Sync 1 DAGs
[2023-10-13T23:15:54.612+0000] {logging_mixin.py:151} INFO - [2023-10-13T23:15:54.612+0000] {dag.py:3722} INFO - Setting next_dagrun for example_dynamic_task_mapping_with_no_taskflow_operators to 2023-10-12T23:15:54.612153+00:00, run_after=2023-10-13T23:15:54.612153+00:00
[2023-10-13T23:15:54.621+0000] {processor.py:179} INFO - Processing /home/airflow/.local/lib/python3.8/site-packages/airflow/example_dags/example_dynamic_task_mapping_with_no_taskflow_operators.py took 0.039 seconds
[2023-10-13T23:16:25.520+0000] {processor.py:157} INFO - Started process (PID=580) to work on /home/airflow/.local/lib/python3.8/site-packages/airflow/example_dags/example_dynamic_task_mapping_with_no_taskflow_operators.py
[2023-10-13T23:16:25.521+0000] {processor.py:829} INFO - Processing file /home/airflow/.local/lib/python3.8/site-packages/airflow/example_dags/example_dynamic_task_mapping_with_no_taskflow_operators.py for tasks to queue
[2023-10-13T23:16:25.523+0000] {logging_mixin.py:151} INFO - [2023-10-13T23:16:25.523+0000] {dagbag.py:536} INFO - Filling up the DagBag from /home/airflow/.local/lib/python3.8/site-packages/airflow/example_dags/example_dynamic_task_mapping_with_no_taskflow_operators.py
[2023-10-13T23:16:25.527+0000] {processor.py:839} INFO - DAG(s) dict_keys(['example_dynamic_task_mapping_with_no_taskflow_operators']) retrieved from /home/airflow/.local/lib/python3.8/site-packages/airflow/example_dags/example_dynamic_task_mapping_with_no_taskflow_operators.py
[2023-10-13T23:16:25.540+0000] {logging_mixin.py:151} INFO - [2023-10-13T23:16:25.539+0000] {dag.py:2941} INFO - Sync 1 DAGs
[2023-10-13T23:16:25.552+0000] {logging_mixin.py:151} INFO - [2023-10-13T23:16:25.551+0000] {dag.py:3722} INFO - Setting next_dagrun for example_dynamic_task_mapping_with_no_taskflow_operators to 2023-10-12T23:16:25.551849+00:00, run_after=2023-10-13T23:16:25.551849+00:00
[2023-10-13T23:16:25.561+0000] {processor.py:179} INFO - Processing /home/airflow/.local/lib/python3.8/site-packages/airflow/example_dags/example_dynamic_task_mapping_with_no_taskflow_operators.py took 0.044 seconds
[2023-10-13T23:16:55.676+0000] {processor.py:157} INFO - Started process (PID=634) to work on /home/airflow/.local/lib/python3.8/site-packages/airflow/example_dags/example_dynamic_task_mapping_with_no_taskflow_operators.py
[2023-10-13T23:16:55.677+0000] {processor.py:829} INFO - Processing file /home/airflow/.local/lib/python3.8/site-packages/airflow/example_dags/example_dynamic_task_mapping_with_no_taskflow_operators.py for tasks to queue
[2023-10-13T23:16:55.679+0000] {logging_mixin.py:151} INFO - [2023-10-13T23:16:55.678+0000] {dagbag.py:536} INFO - Filling up the DagBag from /home/airflow/.local/lib/python3.8/site-packages/airflow/example_dags/example_dynamic_task_mapping_with_no_taskflow_operators.py
[2023-10-13T23:16:55.683+0000] {processor.py:839} INFO - DAG(s) dict_keys(['example_dynamic_task_mapping_with_no_taskflow_operators']) retrieved from /home/airflow/.local/lib/python3.8/site-packages/airflow/example_dags/example_dynamic_task_mapping_with_no_taskflow_operators.py
[2023-10-13T23:16:55.695+0000] {logging_mixin.py:151} INFO - [2023-10-13T23:16:55.694+0000] {dag.py:2941} INFO - Sync 1 DAGs
[2023-10-13T23:16:55.705+0000] {logging_mixin.py:151} INFO - [2023-10-13T23:16:55.704+0000] {dag.py:3722} INFO - Setting next_dagrun for example_dynamic_task_mapping_with_no_taskflow_operators to 2023-10-12T23:16:55.704814+00:00, run_after=2023-10-13T23:16:55.704814+00:00
[2023-10-13T23:16:55.715+0000] {processor.py:179} INFO - Processing /home/airflow/.local/lib/python3.8/site-packages/airflow/example_dags/example_dynamic_task_mapping_with_no_taskflow_operators.py took 0.042 seconds
[2023-10-13T23:17:25.829+0000] {processor.py:157} INFO - Started process (PID=688) to work on /home/airflow/.local/lib/python3.8/site-packages/airflow/example_dags/example_dynamic_task_mapping_with_no_taskflow_operators.py
[2023-10-13T23:17:25.830+0000] {processor.py:829} INFO - Processing file /home/airflow/.local/lib/python3.8/site-packages/airflow/example_dags/example_dynamic_task_mapping_with_no_taskflow_operators.py for tasks to queue
[2023-10-13T23:17:25.832+0000] {logging_mixin.py:151} INFO - [2023-10-13T23:17:25.832+0000] {dagbag.py:536} INFO - Filling up the DagBag from /home/airflow/.local/lib/python3.8/site-packages/airflow/example_dags/example_dynamic_task_mapping_with_no_taskflow_operators.py
[2023-10-13T23:17:25.836+0000] {processor.py:839} INFO - DAG(s) dict_keys(['example_dynamic_task_mapping_with_no_taskflow_operators']) retrieved from /home/airflow/.local/lib/python3.8/site-packages/airflow/example_dags/example_dynamic_task_mapping_with_no_taskflow_operators.py
[2023-10-13T23:17:25.847+0000] {logging_mixin.py:151} INFO - [2023-10-13T23:17:25.847+0000] {dag.py:2941} INFO - Sync 1 DAGs
[2023-10-13T23:17:25.858+0000] {logging_mixin.py:151} INFO - [2023-10-13T23:17:25.858+0000] {dag.py:3722} INFO - Setting next_dagrun for example_dynamic_task_mapping_with_no_taskflow_operators to 2023-10-12T23:17:25.858055+00:00, run_after=2023-10-13T23:17:25.858055+00:00
[2023-10-13T23:17:25.866+0000] {processor.py:179} INFO - Processing /home/airflow/.local/lib/python3.8/site-packages/airflow/example_dags/example_dynamic_task_mapping_with_no_taskflow_operators.py took 0.039 seconds
[2023-10-13T23:17:56.700+0000] {processor.py:157} INFO - Started process (PID=742) to work on /home/airflow/.local/lib/python3.8/site-packages/airflow/example_dags/example_dynamic_task_mapping_with_no_taskflow_operators.py
[2023-10-13T23:17:56.700+0000] {processor.py:829} INFO - Processing file /home/airflow/.local/lib/python3.8/site-packages/airflow/example_dags/example_dynamic_task_mapping_with_no_taskflow_operators.py for tasks to queue
[2023-10-13T23:17:56.702+0000] {logging_mixin.py:151} INFO - [2023-10-13T23:17:56.702+0000] {dagbag.py:536} INFO - Filling up the DagBag from /home/airflow/.local/lib/python3.8/site-packages/airflow/example_dags/example_dynamic_task_mapping_with_no_taskflow_operators.py
[2023-10-13T23:17:56.707+0000] {processor.py:839} INFO - DAG(s) dict_keys(['example_dynamic_task_mapping_with_no_taskflow_operators']) retrieved from /home/airflow/.local/lib/python3.8/site-packages/airflow/example_dags/example_dynamic_task_mapping_with_no_taskflow_operators.py
[2023-10-13T23:17:56.718+0000] {logging_mixin.py:151} INFO - [2023-10-13T23:17:56.718+0000] {dag.py:2941} INFO - Sync 1 DAGs
[2023-10-13T23:17:56.729+0000] {logging_mixin.py:151} INFO - [2023-10-13T23:17:56.729+0000] {dag.py:3722} INFO - Setting next_dagrun for example_dynamic_task_mapping_with_no_taskflow_operators to 2023-10-12T23:17:56.729283+00:00, run_after=2023-10-13T23:17:56.729283+00:00
[2023-10-13T23:17:56.737+0000] {processor.py:179} INFO - Processing /home/airflow/.local/lib/python3.8/site-packages/airflow/example_dags/example_dynamic_task_mapping_with_no_taskflow_operators.py took 0.040 seconds
[2023-10-13T23:18:26.939+0000] {processor.py:157} INFO - Started process (PID=796) to work on /home/airflow/.local/lib/python3.8/site-packages/airflow/example_dags/example_dynamic_task_mapping_with_no_taskflow_operators.py
[2023-10-13T23:18:26.939+0000] {processor.py:829} INFO - Processing file /home/airflow/.local/lib/python3.8/site-packages/airflow/example_dags/example_dynamic_task_mapping_with_no_taskflow_operators.py for tasks to queue
[2023-10-13T23:18:26.941+0000] {logging_mixin.py:151} INFO - [2023-10-13T23:18:26.941+0000] {dagbag.py:536} INFO - Filling up the DagBag from /home/airflow/.local/lib/python3.8/site-packages/airflow/example_dags/example_dynamic_task_mapping_with_no_taskflow_operators.py
[2023-10-13T23:18:26.945+0000] {processor.py:839} INFO - DAG(s) dict_keys(['example_dynamic_task_mapping_with_no_taskflow_operators']) retrieved from /home/airflow/.local/lib/python3.8/site-packages/airflow/example_dags/example_dynamic_task_mapping_with_no_taskflow_operators.py
[2023-10-13T23:18:26.958+0000] {logging_mixin.py:151} INFO - [2023-10-13T23:18:26.958+0000] {dag.py:2941} INFO - Sync 1 DAGs
[2023-10-13T23:18:26.970+0000] {logging_mixin.py:151} INFO - [2023-10-13T23:18:26.970+0000] {dag.py:3722} INFO - Setting next_dagrun for example_dynamic_task_mapping_with_no_taskflow_operators to 2023-10-12T23:18:26.970199+00:00, run_after=2023-10-13T23:18:26.970199+00:00
[2023-10-13T23:18:26.980+0000] {processor.py:179} INFO - Processing /home/airflow/.local/lib/python3.8/site-packages/airflow/example_dags/example_dynamic_task_mapping_with_no_taskflow_operators.py took 0.044 seconds
[2023-10-13T23:18:57.077+0000] {processor.py:157} INFO - Started process (PID=850) to work on /home/airflow/.local/lib/python3.8/site-packages/airflow/example_dags/example_dynamic_task_mapping_with_no_taskflow_operators.py
[2023-10-13T23:18:57.078+0000] {processor.py:829} INFO - Processing file /home/airflow/.local/lib/python3.8/site-packages/airflow/example_dags/example_dynamic_task_mapping_with_no_taskflow_operators.py for tasks to queue
[2023-10-13T23:18:57.080+0000] {logging_mixin.py:151} INFO - [2023-10-13T23:18:57.080+0000] {dagbag.py:536} INFO - Filling up the DagBag from /home/airflow/.local/lib/python3.8/site-packages/airflow/example_dags/example_dynamic_task_mapping_with_no_taskflow_operators.py
[2023-10-13T23:18:57.084+0000] {processor.py:839} INFO - DAG(s) dict_keys(['example_dynamic_task_mapping_with_no_taskflow_operators']) retrieved from /home/airflow/.local/lib/python3.8/site-packages/airflow/example_dags/example_dynamic_task_mapping_with_no_taskflow_operators.py
[2023-10-13T23:18:57.095+0000] {logging_mixin.py:151} INFO - [2023-10-13T23:18:57.095+0000] {dag.py:2941} INFO - Sync 1 DAGs
[2023-10-13T23:18:57.106+0000] {logging_mixin.py:151} INFO - [2023-10-13T23:18:57.106+0000] {dag.py:3722} INFO - Setting next_dagrun for example_dynamic_task_mapping_with_no_taskflow_operators to 2023-10-12T23:18:57.106152+00:00, run_after=2023-10-13T23:18:57.106152+00:00
[2023-10-13T23:18:57.114+0000] {processor.py:179} INFO - Processing /home/airflow/.local/lib/python3.8/site-packages/airflow/example_dags/example_dynamic_task_mapping_with_no_taskflow_operators.py took 0.039 seconds
[2023-10-13T23:19:27.234+0000] {processor.py:157} INFO - Started process (PID=904) to work on /home/airflow/.local/lib/python3.8/site-packages/airflow/example_dags/example_dynamic_task_mapping_with_no_taskflow_operators.py
[2023-10-13T23:19:27.235+0000] {processor.py:829} INFO - Processing file /home/airflow/.local/lib/python3.8/site-packages/airflow/example_dags/example_dynamic_task_mapping_with_no_taskflow_operators.py for tasks to queue
[2023-10-13T23:19:27.236+0000] {logging_mixin.py:151} INFO - [2023-10-13T23:19:27.236+0000] {dagbag.py:536} INFO - Filling up the DagBag from /home/airflow/.local/lib/python3.8/site-packages/airflow/example_dags/example_dynamic_task_mapping_with_no_taskflow_operators.py
[2023-10-13T23:19:27.241+0000] {processor.py:839} INFO - DAG(s) dict_keys(['example_dynamic_task_mapping_with_no_taskflow_operators']) retrieved from /home/airflow/.local/lib/python3.8/site-packages/airflow/example_dags/example_dynamic_task_mapping_with_no_taskflow_operators.py
[2023-10-13T23:19:27.253+0000] {logging_mixin.py:151} INFO - [2023-10-13T23:19:27.253+0000] {dag.py:2941} INFO - Sync 1 DAGs
[2023-10-13T23:19:27.264+0000] {logging_mixin.py:151} INFO - [2023-10-13T23:19:27.264+0000] {dag.py:3722} INFO - Setting next_dagrun for example_dynamic_task_mapping_with_no_taskflow_operators to 2023-10-12T23:19:27.264200+00:00, run_after=2023-10-13T23:19:27.264200+00:00
[2023-10-13T23:19:27.273+0000] {processor.py:179} INFO - Processing /home/airflow/.local/lib/python3.8/site-packages/airflow/example_dags/example_dynamic_task_mapping_with_no_taskflow_operators.py took 0.041 seconds
