[2023-10-13T23:09:57.959+0000] {processor.py:157} INFO - Started process (PID=37) to work on /home/airflow/.local/lib/python3.8/site-packages/airflow/example_dags/example_short_circuit_decorator.py
[2023-10-13T23:09:57.960+0000] {processor.py:829} INFO - Processing file /home/airflow/.local/lib/python3.8/site-packages/airflow/example_dags/example_short_circuit_decorator.py for tasks to queue
[2023-10-13T23:09:57.962+0000] {logging_mixin.py:151} INFO - [2023-10-13T23:09:57.962+0000] {dagbag.py:536} INFO - Filling up the DagBag from /home/airflow/.local/lib/python3.8/site-packages/airflow/example_dags/example_short_circuit_decorator.py
[2023-10-13T23:09:57.970+0000] {processor.py:839} INFO - DAG(s) dict_keys(['example_short_circuit_decorator']) retrieved from /home/airflow/.local/lib/python3.8/site-packages/airflow/example_dags/example_short_circuit_decorator.py
[2023-10-13T23:09:57.979+0000] {logging_mixin.py:151} INFO - [2023-10-13T23:09:57.979+0000] {dag.py:2941} INFO - Sync 1 DAGs
[2023-10-13T23:09:57.992+0000] {logging_mixin.py:151} INFO - [2023-10-13T23:09:57.992+0000] {dag.py:3722} INFO - Setting next_dagrun for example_short_circuit_decorator to 2023-10-12T23:09:57.992201+00:00, run_after=2023-10-13T23:09:57.992201+00:00
[2023-10-13T23:09:58.003+0000] {processor.py:179} INFO - Processing /home/airflow/.local/lib/python3.8/site-packages/airflow/example_dags/example_short_circuit_decorator.py took 0.046 seconds
[2023-10-13T23:11:22.233+0000] {processor.py:157} INFO - Started process (PID=36) to work on /home/airflow/.local/lib/python3.8/site-packages/airflow/example_dags/example_short_circuit_decorator.py
[2023-10-13T23:11:22.234+0000] {processor.py:829} INFO - Processing file /home/airflow/.local/lib/python3.8/site-packages/airflow/example_dags/example_short_circuit_decorator.py for tasks to queue
[2023-10-13T23:11:22.237+0000] {logging_mixin.py:151} INFO - [2023-10-13T23:11:22.237+0000] {dagbag.py:536} INFO - Filling up the DagBag from /home/airflow/.local/lib/python3.8/site-packages/airflow/example_dags/example_short_circuit_decorator.py
[2023-10-13T23:11:22.248+0000] {processor.py:839} INFO - DAG(s) dict_keys(['example_short_circuit_decorator']) retrieved from /home/airflow/.local/lib/python3.8/site-packages/airflow/example_dags/example_short_circuit_decorator.py
[2023-10-13T23:11:22.260+0000] {logging_mixin.py:151} INFO - [2023-10-13T23:11:22.260+0000] {dag.py:2941} INFO - Sync 1 DAGs
[2023-10-13T23:11:22.278+0000] {logging_mixin.py:151} INFO - [2023-10-13T23:11:22.278+0000] {dag.py:3722} INFO - Setting next_dagrun for example_short_circuit_decorator to 2023-10-12T23:11:22.278042+00:00, run_after=2023-10-13T23:11:22.278042+00:00
[2023-10-13T23:11:22.291+0000] {processor.py:179} INFO - Processing /home/airflow/.local/lib/python3.8/site-packages/airflow/example_dags/example_short_circuit_decorator.py took 0.062 seconds
[2023-10-13T23:11:52.873+0000] {processor.py:157} INFO - Started process (PID=90) to work on /home/airflow/.local/lib/python3.8/site-packages/airflow/example_dags/example_short_circuit_decorator.py
[2023-10-13T23:11:52.874+0000] {processor.py:829} INFO - Processing file /home/airflow/.local/lib/python3.8/site-packages/airflow/example_dags/example_short_circuit_decorator.py for tasks to queue
[2023-10-13T23:11:52.875+0000] {logging_mixin.py:151} INFO - [2023-10-13T23:11:52.875+0000] {dagbag.py:536} INFO - Filling up the DagBag from /home/airflow/.local/lib/python3.8/site-packages/airflow/example_dags/example_short_circuit_decorator.py
[2023-10-13T23:11:52.881+0000] {processor.py:839} INFO - DAG(s) dict_keys(['example_short_circuit_decorator']) retrieved from /home/airflow/.local/lib/python3.8/site-packages/airflow/example_dags/example_short_circuit_decorator.py
[2023-10-13T23:11:52.897+0000] {logging_mixin.py:151} INFO - [2023-10-13T23:11:52.897+0000] {dag.py:2941} INFO - Sync 1 DAGs
[2023-10-13T23:11:52.910+0000] {logging_mixin.py:151} INFO - [2023-10-13T23:11:52.910+0000] {dag.py:3722} INFO - Setting next_dagrun for example_short_circuit_decorator to 2023-10-12T23:11:52.910070+00:00, run_after=2023-10-13T23:11:52.910070+00:00
[2023-10-13T23:11:52.921+0000] {processor.py:179} INFO - Processing /home/airflow/.local/lib/python3.8/site-packages/airflow/example_dags/example_short_circuit_decorator.py took 0.051 seconds
[2023-10-13T23:12:22.966+0000] {processor.py:157} INFO - Started process (PID=144) to work on /home/airflow/.local/lib/python3.8/site-packages/airflow/example_dags/example_short_circuit_decorator.py
[2023-10-13T23:12:22.967+0000] {processor.py:829} INFO - Processing file /home/airflow/.local/lib/python3.8/site-packages/airflow/example_dags/example_short_circuit_decorator.py for tasks to queue
[2023-10-13T23:12:22.969+0000] {logging_mixin.py:151} INFO - [2023-10-13T23:12:22.969+0000] {dagbag.py:536} INFO - Filling up the DagBag from /home/airflow/.local/lib/python3.8/site-packages/airflow/example_dags/example_short_circuit_decorator.py
[2023-10-13T23:12:22.976+0000] {processor.py:839} INFO - DAG(s) dict_keys(['example_short_circuit_decorator']) retrieved from /home/airflow/.local/lib/python3.8/site-packages/airflow/example_dags/example_short_circuit_decorator.py
[2023-10-13T23:12:22.990+0000] {logging_mixin.py:151} INFO - [2023-10-13T23:12:22.990+0000] {dag.py:2941} INFO - Sync 1 DAGs
[2023-10-13T23:12:23.003+0000] {logging_mixin.py:151} INFO - [2023-10-13T23:12:23.002+0000] {dag.py:3722} INFO - Setting next_dagrun for example_short_circuit_decorator to 2023-10-12T23:12:23.002700+00:00, run_after=2023-10-13T23:12:23.002700+00:00
[2023-10-13T23:12:23.013+0000] {processor.py:179} INFO - Processing /home/airflow/.local/lib/python3.8/site-packages/airflow/example_dags/example_short_circuit_decorator.py took 0.050 seconds
[2023-10-13T23:12:53.196+0000] {processor.py:157} INFO - Started process (PID=198) to work on /home/airflow/.local/lib/python3.8/site-packages/airflow/example_dags/example_short_circuit_decorator.py
[2023-10-13T23:12:53.197+0000] {processor.py:829} INFO - Processing file /home/airflow/.local/lib/python3.8/site-packages/airflow/example_dags/example_short_circuit_decorator.py for tasks to queue
[2023-10-13T23:12:53.198+0000] {logging_mixin.py:151} INFO - [2023-10-13T23:12:53.198+0000] {dagbag.py:536} INFO - Filling up the DagBag from /home/airflow/.local/lib/python3.8/site-packages/airflow/example_dags/example_short_circuit_decorator.py
[2023-10-13T23:12:53.205+0000] {processor.py:839} INFO - DAG(s) dict_keys(['example_short_circuit_decorator']) retrieved from /home/airflow/.local/lib/python3.8/site-packages/airflow/example_dags/example_short_circuit_decorator.py
[2023-10-13T23:12:53.217+0000] {logging_mixin.py:151} INFO - [2023-10-13T23:12:53.217+0000] {dag.py:2941} INFO - Sync 1 DAGs
[2023-10-13T23:12:53.230+0000] {logging_mixin.py:151} INFO - [2023-10-13T23:12:53.230+0000] {dag.py:3722} INFO - Setting next_dagrun for example_short_circuit_decorator to 2023-10-12T23:12:53.229914+00:00, run_after=2023-10-13T23:12:53.229914+00:00
[2023-10-13T23:12:53.240+0000] {processor.py:179} INFO - Processing /home/airflow/.local/lib/python3.8/site-packages/airflow/example_dags/example_short_circuit_decorator.py took 0.047 seconds
[2023-10-13T23:13:23.375+0000] {processor.py:157} INFO - Started process (PID=252) to work on /home/airflow/.local/lib/python3.8/site-packages/airflow/example_dags/example_short_circuit_decorator.py
[2023-10-13T23:13:23.376+0000] {processor.py:829} INFO - Processing file /home/airflow/.local/lib/python3.8/site-packages/airflow/example_dags/example_short_circuit_decorator.py for tasks to queue
[2023-10-13T23:13:23.377+0000] {logging_mixin.py:151} INFO - [2023-10-13T23:13:23.377+0000] {dagbag.py:536} INFO - Filling up the DagBag from /home/airflow/.local/lib/python3.8/site-packages/airflow/example_dags/example_short_circuit_decorator.py
[2023-10-13T23:13:23.384+0000] {processor.py:839} INFO - DAG(s) dict_keys(['example_short_circuit_decorator']) retrieved from /home/airflow/.local/lib/python3.8/site-packages/airflow/example_dags/example_short_circuit_decorator.py
[2023-10-13T23:13:23.399+0000] {logging_mixin.py:151} INFO - [2023-10-13T23:13:23.399+0000] {dag.py:2941} INFO - Sync 1 DAGs
[2023-10-13T23:13:23.414+0000] {logging_mixin.py:151} INFO - [2023-10-13T23:13:23.413+0000] {dag.py:3722} INFO - Setting next_dagrun for example_short_circuit_decorator to 2023-10-12T23:13:23.413670+00:00, run_after=2023-10-13T23:13:23.413670+00:00
[2023-10-13T23:13:23.425+0000] {processor.py:179} INFO - Processing /home/airflow/.local/lib/python3.8/site-packages/airflow/example_dags/example_short_circuit_decorator.py took 0.053 seconds
[2023-10-13T23:13:53.613+0000] {processor.py:157} INFO - Started process (PID=306) to work on /home/airflow/.local/lib/python3.8/site-packages/airflow/example_dags/example_short_circuit_decorator.py
[2023-10-13T23:13:53.614+0000] {processor.py:829} INFO - Processing file /home/airflow/.local/lib/python3.8/site-packages/airflow/example_dags/example_short_circuit_decorator.py for tasks to queue
[2023-10-13T23:13:53.616+0000] {logging_mixin.py:151} INFO - [2023-10-13T23:13:53.616+0000] {dagbag.py:536} INFO - Filling up the DagBag from /home/airflow/.local/lib/python3.8/site-packages/airflow/example_dags/example_short_circuit_decorator.py
[2023-10-13T23:13:53.621+0000] {processor.py:839} INFO - DAG(s) dict_keys(['example_short_circuit_decorator']) retrieved from /home/airflow/.local/lib/python3.8/site-packages/airflow/example_dags/example_short_circuit_decorator.py
[2023-10-13T23:13:53.636+0000] {logging_mixin.py:151} INFO - [2023-10-13T23:13:53.636+0000] {dag.py:2941} INFO - Sync 1 DAGs
[2023-10-13T23:13:53.648+0000] {logging_mixin.py:151} INFO - [2023-10-13T23:13:53.648+0000] {dag.py:3722} INFO - Setting next_dagrun for example_short_circuit_decorator to 2023-10-12T23:13:53.648632+00:00, run_after=2023-10-13T23:13:53.648632+00:00
[2023-10-13T23:13:53.659+0000] {processor.py:179} INFO - Processing /home/airflow/.local/lib/python3.8/site-packages/airflow/example_dags/example_short_circuit_decorator.py took 0.048 seconds
[2023-10-13T23:14:23.705+0000] {processor.py:157} INFO - Started process (PID=360) to work on /home/airflow/.local/lib/python3.8/site-packages/airflow/example_dags/example_short_circuit_decorator.py
[2023-10-13T23:14:23.706+0000] {processor.py:829} INFO - Processing file /home/airflow/.local/lib/python3.8/site-packages/airflow/example_dags/example_short_circuit_decorator.py for tasks to queue
[2023-10-13T23:14:23.707+0000] {logging_mixin.py:151} INFO - [2023-10-13T23:14:23.707+0000] {dagbag.py:536} INFO - Filling up the DagBag from /home/airflow/.local/lib/python3.8/site-packages/airflow/example_dags/example_short_circuit_decorator.py
[2023-10-13T23:14:23.713+0000] {processor.py:839} INFO - DAG(s) dict_keys(['example_short_circuit_decorator']) retrieved from /home/airflow/.local/lib/python3.8/site-packages/airflow/example_dags/example_short_circuit_decorator.py
[2023-10-13T23:14:23.729+0000] {logging_mixin.py:151} INFO - [2023-10-13T23:14:23.729+0000] {dag.py:2941} INFO - Sync 1 DAGs
[2023-10-13T23:14:23.747+0000] {logging_mixin.py:151} INFO - [2023-10-13T23:14:23.747+0000] {dag.py:3722} INFO - Setting next_dagrun for example_short_circuit_decorator to 2023-10-12T23:14:23.746932+00:00, run_after=2023-10-13T23:14:23.746932+00:00
[2023-10-13T23:14:23.759+0000] {processor.py:179} INFO - Processing /home/airflow/.local/lib/python3.8/site-packages/airflow/example_dags/example_short_circuit_decorator.py took 0.056 seconds
[2023-10-13T23:14:54.023+0000] {processor.py:157} INFO - Started process (PID=414) to work on /home/airflow/.local/lib/python3.8/site-packages/airflow/example_dags/example_short_circuit_decorator.py
[2023-10-13T23:14:54.023+0000] {processor.py:829} INFO - Processing file /home/airflow/.local/lib/python3.8/site-packages/airflow/example_dags/example_short_circuit_decorator.py for tasks to queue
[2023-10-13T23:14:54.025+0000] {logging_mixin.py:151} INFO - [2023-10-13T23:14:54.025+0000] {dagbag.py:536} INFO - Filling up the DagBag from /home/airflow/.local/lib/python3.8/site-packages/airflow/example_dags/example_short_circuit_decorator.py
[2023-10-13T23:14:54.031+0000] {processor.py:839} INFO - DAG(s) dict_keys(['example_short_circuit_decorator']) retrieved from /home/airflow/.local/lib/python3.8/site-packages/airflow/example_dags/example_short_circuit_decorator.py
[2023-10-13T23:14:54.047+0000] {logging_mixin.py:151} INFO - [2023-10-13T23:14:54.047+0000] {dag.py:2941} INFO - Sync 1 DAGs
[2023-10-13T23:14:54.060+0000] {logging_mixin.py:151} INFO - [2023-10-13T23:14:54.060+0000] {dag.py:3722} INFO - Setting next_dagrun for example_short_circuit_decorator to 2023-10-12T23:14:54.060451+00:00, run_after=2023-10-13T23:14:54.060451+00:00
[2023-10-13T23:14:54.072+0000] {processor.py:179} INFO - Processing /home/airflow/.local/lib/python3.8/site-packages/airflow/example_dags/example_short_circuit_decorator.py took 0.052 seconds
[2023-10-13T23:15:24.266+0000] {processor.py:157} INFO - Started process (PID=468) to work on /home/airflow/.local/lib/python3.8/site-packages/airflow/example_dags/example_short_circuit_decorator.py
[2023-10-13T23:15:24.267+0000] {processor.py:829} INFO - Processing file /home/airflow/.local/lib/python3.8/site-packages/airflow/example_dags/example_short_circuit_decorator.py for tasks to queue
[2023-10-13T23:15:24.269+0000] {logging_mixin.py:151} INFO - [2023-10-13T23:15:24.268+0000] {dagbag.py:536} INFO - Filling up the DagBag from /home/airflow/.local/lib/python3.8/site-packages/airflow/example_dags/example_short_circuit_decorator.py
[2023-10-13T23:15:24.274+0000] {processor.py:839} INFO - DAG(s) dict_keys(['example_short_circuit_decorator']) retrieved from /home/airflow/.local/lib/python3.8/site-packages/airflow/example_dags/example_short_circuit_decorator.py
[2023-10-13T23:15:24.289+0000] {logging_mixin.py:151} INFO - [2023-10-13T23:15:24.289+0000] {dag.py:2941} INFO - Sync 1 DAGs
[2023-10-13T23:15:24.301+0000] {logging_mixin.py:151} INFO - [2023-10-13T23:15:24.301+0000] {dag.py:3722} INFO - Setting next_dagrun for example_short_circuit_decorator to 2023-10-12T23:15:24.301240+00:00, run_after=2023-10-13T23:15:24.301240+00:00
[2023-10-13T23:15:24.312+0000] {processor.py:179} INFO - Processing /home/airflow/.local/lib/python3.8/site-packages/airflow/example_dags/example_short_circuit_decorator.py took 0.048 seconds
[2023-10-13T23:15:54.473+0000] {processor.py:157} INFO - Started process (PID=522) to work on /home/airflow/.local/lib/python3.8/site-packages/airflow/example_dags/example_short_circuit_decorator.py
[2023-10-13T23:15:54.473+0000] {processor.py:829} INFO - Processing file /home/airflow/.local/lib/python3.8/site-packages/airflow/example_dags/example_short_circuit_decorator.py for tasks to queue
[2023-10-13T23:15:54.475+0000] {logging_mixin.py:151} INFO - [2023-10-13T23:15:54.475+0000] {dagbag.py:536} INFO - Filling up the DagBag from /home/airflow/.local/lib/python3.8/site-packages/airflow/example_dags/example_short_circuit_decorator.py
[2023-10-13T23:15:54.480+0000] {processor.py:839} INFO - DAG(s) dict_keys(['example_short_circuit_decorator']) retrieved from /home/airflow/.local/lib/python3.8/site-packages/airflow/example_dags/example_short_circuit_decorator.py
[2023-10-13T23:15:54.493+0000] {logging_mixin.py:151} INFO - [2023-10-13T23:15:54.493+0000] {dag.py:2941} INFO - Sync 1 DAGs
[2023-10-13T23:15:54.503+0000] {logging_mixin.py:151} INFO - [2023-10-13T23:15:54.503+0000] {dag.py:3722} INFO - Setting next_dagrun for example_short_circuit_decorator to 2023-10-12T23:15:54.503657+00:00, run_after=2023-10-13T23:15:54.503657+00:00
[2023-10-13T23:15:54.512+0000] {processor.py:179} INFO - Processing /home/airflow/.local/lib/python3.8/site-packages/airflow/example_dags/example_short_circuit_decorator.py took 0.041 seconds
[2023-10-13T23:16:25.404+0000] {processor.py:157} INFO - Started process (PID=576) to work on /home/airflow/.local/lib/python3.8/site-packages/airflow/example_dags/example_short_circuit_decorator.py
[2023-10-13T23:16:25.405+0000] {processor.py:829} INFO - Processing file /home/airflow/.local/lib/python3.8/site-packages/airflow/example_dags/example_short_circuit_decorator.py for tasks to queue
[2023-10-13T23:16:25.407+0000] {logging_mixin.py:151} INFO - [2023-10-13T23:16:25.407+0000] {dagbag.py:536} INFO - Filling up the DagBag from /home/airflow/.local/lib/python3.8/site-packages/airflow/example_dags/example_short_circuit_decorator.py
[2023-10-13T23:16:25.412+0000] {processor.py:839} INFO - DAG(s) dict_keys(['example_short_circuit_decorator']) retrieved from /home/airflow/.local/lib/python3.8/site-packages/airflow/example_dags/example_short_circuit_decorator.py
[2023-10-13T23:16:25.426+0000] {logging_mixin.py:151} INFO - [2023-10-13T23:16:25.426+0000] {dag.py:2941} INFO - Sync 1 DAGs
[2023-10-13T23:16:25.439+0000] {logging_mixin.py:151} INFO - [2023-10-13T23:16:25.438+0000] {dag.py:3722} INFO - Setting next_dagrun for example_short_circuit_decorator to 2023-10-12T23:16:25.438713+00:00, run_after=2023-10-13T23:16:25.438713+00:00
[2023-10-13T23:16:25.448+0000] {processor.py:179} INFO - Processing /home/airflow/.local/lib/python3.8/site-packages/airflow/example_dags/example_short_circuit_decorator.py took 0.045 seconds
[2023-10-13T23:16:55.506+0000] {processor.py:157} INFO - Started process (PID=630) to work on /home/airflow/.local/lib/python3.8/site-packages/airflow/example_dags/example_short_circuit_decorator.py
[2023-10-13T23:16:55.507+0000] {processor.py:829} INFO - Processing file /home/airflow/.local/lib/python3.8/site-packages/airflow/example_dags/example_short_circuit_decorator.py for tasks to queue
[2023-10-13T23:16:55.509+0000] {logging_mixin.py:151} INFO - [2023-10-13T23:16:55.509+0000] {dagbag.py:536} INFO - Filling up the DagBag from /home/airflow/.local/lib/python3.8/site-packages/airflow/example_dags/example_short_circuit_decorator.py
[2023-10-13T23:16:55.514+0000] {processor.py:839} INFO - DAG(s) dict_keys(['example_short_circuit_decorator']) retrieved from /home/airflow/.local/lib/python3.8/site-packages/airflow/example_dags/example_short_circuit_decorator.py
[2023-10-13T23:16:55.527+0000] {logging_mixin.py:151} INFO - [2023-10-13T23:16:55.527+0000] {dag.py:2941} INFO - Sync 1 DAGs
[2023-10-13T23:16:55.537+0000] {logging_mixin.py:151} INFO - [2023-10-13T23:16:55.537+0000] {dag.py:3722} INFO - Setting next_dagrun for example_short_circuit_decorator to 2023-10-12T23:16:55.537497+00:00, run_after=2023-10-13T23:16:55.537497+00:00
[2023-10-13T23:16:55.546+0000] {processor.py:179} INFO - Processing /home/airflow/.local/lib/python3.8/site-packages/airflow/example_dags/example_short_circuit_decorator.py took 0.042 seconds
[2023-10-13T23:17:25.717+0000] {processor.py:157} INFO - Started process (PID=684) to work on /home/airflow/.local/lib/python3.8/site-packages/airflow/example_dags/example_short_circuit_decorator.py
[2023-10-13T23:17:25.718+0000] {processor.py:829} INFO - Processing file /home/airflow/.local/lib/python3.8/site-packages/airflow/example_dags/example_short_circuit_decorator.py for tasks to queue
[2023-10-13T23:17:25.720+0000] {logging_mixin.py:151} INFO - [2023-10-13T23:17:25.719+0000] {dagbag.py:536} INFO - Filling up the DagBag from /home/airflow/.local/lib/python3.8/site-packages/airflow/example_dags/example_short_circuit_decorator.py
[2023-10-13T23:17:25.725+0000] {processor.py:839} INFO - DAG(s) dict_keys(['example_short_circuit_decorator']) retrieved from /home/airflow/.local/lib/python3.8/site-packages/airflow/example_dags/example_short_circuit_decorator.py
[2023-10-13T23:17:25.739+0000] {logging_mixin.py:151} INFO - [2023-10-13T23:17:25.739+0000] {dag.py:2941} INFO - Sync 1 DAGs
[2023-10-13T23:17:25.750+0000] {logging_mixin.py:151} INFO - [2023-10-13T23:17:25.750+0000] {dag.py:3722} INFO - Setting next_dagrun for example_short_circuit_decorator to 2023-10-12T23:17:25.750592+00:00, run_after=2023-10-13T23:17:25.750592+00:00
[2023-10-13T23:17:25.760+0000] {processor.py:179} INFO - Processing /home/airflow/.local/lib/python3.8/site-packages/airflow/example_dags/example_short_circuit_decorator.py took 0.045 seconds
[2023-10-13T23:17:56.588+0000] {processor.py:157} INFO - Started process (PID=738) to work on /home/airflow/.local/lib/python3.8/site-packages/airflow/example_dags/example_short_circuit_decorator.py
[2023-10-13T23:17:56.589+0000] {processor.py:829} INFO - Processing file /home/airflow/.local/lib/python3.8/site-packages/airflow/example_dags/example_short_circuit_decorator.py for tasks to queue
[2023-10-13T23:17:56.591+0000] {logging_mixin.py:151} INFO - [2023-10-13T23:17:56.591+0000] {dagbag.py:536} INFO - Filling up the DagBag from /home/airflow/.local/lib/python3.8/site-packages/airflow/example_dags/example_short_circuit_decorator.py
[2023-10-13T23:17:56.596+0000] {processor.py:839} INFO - DAG(s) dict_keys(['example_short_circuit_decorator']) retrieved from /home/airflow/.local/lib/python3.8/site-packages/airflow/example_dags/example_short_circuit_decorator.py
[2023-10-13T23:17:56.610+0000] {logging_mixin.py:151} INFO - [2023-10-13T23:17:56.610+0000] {dag.py:2941} INFO - Sync 1 DAGs
[2023-10-13T23:17:56.621+0000] {logging_mixin.py:151} INFO - [2023-10-13T23:17:56.621+0000] {dag.py:3722} INFO - Setting next_dagrun for example_short_circuit_decorator to 2023-10-12T23:17:56.621502+00:00, run_after=2023-10-13T23:17:56.621502+00:00
[2023-10-13T23:17:56.630+0000] {processor.py:179} INFO - Processing /home/airflow/.local/lib/python3.8/site-packages/airflow/example_dags/example_short_circuit_decorator.py took 0.044 seconds
[2023-10-13T23:18:26.823+0000] {processor.py:157} INFO - Started process (PID=792) to work on /home/airflow/.local/lib/python3.8/site-packages/airflow/example_dags/example_short_circuit_decorator.py
[2023-10-13T23:18:26.824+0000] {processor.py:829} INFO - Processing file /home/airflow/.local/lib/python3.8/site-packages/airflow/example_dags/example_short_circuit_decorator.py for tasks to queue
[2023-10-13T23:18:26.825+0000] {logging_mixin.py:151} INFO - [2023-10-13T23:18:26.825+0000] {dagbag.py:536} INFO - Filling up the DagBag from /home/airflow/.local/lib/python3.8/site-packages/airflow/example_dags/example_short_circuit_decorator.py
[2023-10-13T23:18:26.830+0000] {processor.py:839} INFO - DAG(s) dict_keys(['example_short_circuit_decorator']) retrieved from /home/airflow/.local/lib/python3.8/site-packages/airflow/example_dags/example_short_circuit_decorator.py
[2023-10-13T23:18:26.845+0000] {logging_mixin.py:151} INFO - [2023-10-13T23:18:26.844+0000] {dag.py:2941} INFO - Sync 1 DAGs
[2023-10-13T23:18:26.857+0000] {logging_mixin.py:151} INFO - [2023-10-13T23:18:26.857+0000] {dag.py:3722} INFO - Setting next_dagrun for example_short_circuit_decorator to 2023-10-12T23:18:26.856844+00:00, run_after=2023-10-13T23:18:26.856844+00:00
[2023-10-13T23:18:26.866+0000] {processor.py:179} INFO - Processing /home/airflow/.local/lib/python3.8/site-packages/airflow/example_dags/example_short_circuit_decorator.py took 0.045 seconds
[2023-10-13T23:18:56.914+0000] {processor.py:157} INFO - Started process (PID=846) to work on /home/airflow/.local/lib/python3.8/site-packages/airflow/example_dags/example_short_circuit_decorator.py
[2023-10-13T23:18:56.915+0000] {processor.py:829} INFO - Processing file /home/airflow/.local/lib/python3.8/site-packages/airflow/example_dags/example_short_circuit_decorator.py for tasks to queue
[2023-10-13T23:18:56.916+0000] {logging_mixin.py:151} INFO - [2023-10-13T23:18:56.916+0000] {dagbag.py:536} INFO - Filling up the DagBag from /home/airflow/.local/lib/python3.8/site-packages/airflow/example_dags/example_short_circuit_decorator.py
[2023-10-13T23:18:56.922+0000] {processor.py:839} INFO - DAG(s) dict_keys(['example_short_circuit_decorator']) retrieved from /home/airflow/.local/lib/python3.8/site-packages/airflow/example_dags/example_short_circuit_decorator.py
[2023-10-13T23:18:56.935+0000] {logging_mixin.py:151} INFO - [2023-10-13T23:18:56.935+0000] {dag.py:2941} INFO - Sync 1 DAGs
[2023-10-13T23:18:56.945+0000] {logging_mixin.py:151} INFO - [2023-10-13T23:18:56.945+0000] {dag.py:3722} INFO - Setting next_dagrun for example_short_circuit_decorator to 2023-10-12T23:18:56.945586+00:00, run_after=2023-10-13T23:18:56.945586+00:00
[2023-10-13T23:18:56.954+0000] {processor.py:179} INFO - Processing /home/airflow/.local/lib/python3.8/site-packages/airflow/example_dags/example_short_circuit_decorator.py took 0.042 seconds
[2023-10-13T23:19:27.071+0000] {processor.py:157} INFO - Started process (PID=900) to work on /home/airflow/.local/lib/python3.8/site-packages/airflow/example_dags/example_short_circuit_decorator.py
[2023-10-13T23:19:27.071+0000] {processor.py:829} INFO - Processing file /home/airflow/.local/lib/python3.8/site-packages/airflow/example_dags/example_short_circuit_decorator.py for tasks to queue
[2023-10-13T23:19:27.073+0000] {logging_mixin.py:151} INFO - [2023-10-13T23:19:27.072+0000] {dagbag.py:536} INFO - Filling up the DagBag from /home/airflow/.local/lib/python3.8/site-packages/airflow/example_dags/example_short_circuit_decorator.py
[2023-10-13T23:19:27.078+0000] {processor.py:839} INFO - DAG(s) dict_keys(['example_short_circuit_decorator']) retrieved from /home/airflow/.local/lib/python3.8/site-packages/airflow/example_dags/example_short_circuit_decorator.py
[2023-10-13T23:19:27.091+0000] {logging_mixin.py:151} INFO - [2023-10-13T23:19:27.091+0000] {dag.py:2941} INFO - Sync 1 DAGs
[2023-10-13T23:19:27.102+0000] {logging_mixin.py:151} INFO - [2023-10-13T23:19:27.101+0000] {dag.py:3722} INFO - Setting next_dagrun for example_short_circuit_decorator to 2023-10-12T23:19:27.101823+00:00, run_after=2023-10-13T23:19:27.101823+00:00
[2023-10-13T23:19:27.110+0000] {processor.py:179} INFO - Processing /home/airflow/.local/lib/python3.8/site-packages/airflow/example_dags/example_short_circuit_decorator.py took 0.042 seconds
