[2023-10-13T23:09:58.632+0000] {processor.py:157} INFO - Started process (PID=49) to work on /home/airflow/.local/lib/python3.8/site-packages/airflow/example_dags/example_task_group_decorator.py
[2023-10-13T23:09:58.633+0000] {processor.py:829} INFO - Processing file /home/airflow/.local/lib/python3.8/site-packages/airflow/example_dags/example_task_group_decorator.py for tasks to queue
[2023-10-13T23:09:58.636+0000] {logging_mixin.py:151} INFO - [2023-10-13T23:09:58.635+0000] {dagbag.py:536} INFO - Filling up the DagBag from /home/airflow/.local/lib/python3.8/site-packages/airflow/example_dags/example_task_group_decorator.py
[2023-10-13T23:09:58.650+0000] {processor.py:839} INFO - DAG(s) dict_keys(['example_task_group_decorator']) retrieved from /home/airflow/.local/lib/python3.8/site-packages/airflow/example_dags/example_task_group_decorator.py
[2023-10-13T23:09:58.663+0000] {logging_mixin.py:151} INFO - [2023-10-13T23:09:58.662+0000] {dag.py:2941} INFO - Sync 1 DAGs
[2023-10-13T23:09:58.683+0000] {logging_mixin.py:151} INFO - [2023-10-13T23:09:58.682+0000] {dag.py:3722} INFO - Setting next_dagrun for example_task_group_decorator to 2023-10-12T23:09:58.682559+00:00, run_after=2023-10-13T23:09:58.682559+00:00
[2023-10-13T23:09:58.696+0000] {processor.py:179} INFO - Processing /home/airflow/.local/lib/python3.8/site-packages/airflow/example_dags/example_task_group_decorator.py took 0.067 seconds
[2023-10-13T23:11:22.905+0000] {processor.py:157} INFO - Started process (PID=48) to work on /home/airflow/.local/lib/python3.8/site-packages/airflow/example_dags/example_task_group_decorator.py
[2023-10-13T23:11:22.907+0000] {processor.py:829} INFO - Processing file /home/airflow/.local/lib/python3.8/site-packages/airflow/example_dags/example_task_group_decorator.py for tasks to queue
[2023-10-13T23:11:22.912+0000] {logging_mixin.py:151} INFO - [2023-10-13T23:11:22.911+0000] {dagbag.py:536} INFO - Filling up the DagBag from /home/airflow/.local/lib/python3.8/site-packages/airflow/example_dags/example_task_group_decorator.py
[2023-10-13T23:11:22.924+0000] {processor.py:839} INFO - DAG(s) dict_keys(['example_task_group_decorator']) retrieved from /home/airflow/.local/lib/python3.8/site-packages/airflow/example_dags/example_task_group_decorator.py
[2023-10-13T23:11:22.937+0000] {logging_mixin.py:151} INFO - [2023-10-13T23:11:22.937+0000] {dag.py:2941} INFO - Sync 1 DAGs
[2023-10-13T23:11:22.964+0000] {logging_mixin.py:151} INFO - [2023-10-13T23:11:22.963+0000] {dag.py:3722} INFO - Setting next_dagrun for example_task_group_decorator to 2023-10-12T23:11:22.963587+00:00, run_after=2023-10-13T23:11:22.963587+00:00
[2023-10-13T23:11:22.976+0000] {processor.py:179} INFO - Processing /home/airflow/.local/lib/python3.8/site-packages/airflow/example_dags/example_task_group_decorator.py took 0.074 seconds
[2023-10-13T23:11:53.397+0000] {processor.py:157} INFO - Started process (PID=102) to work on /home/airflow/.local/lib/python3.8/site-packages/airflow/example_dags/example_task_group_decorator.py
[2023-10-13T23:11:53.397+0000] {processor.py:829} INFO - Processing file /home/airflow/.local/lib/python3.8/site-packages/airflow/example_dags/example_task_group_decorator.py for tasks to queue
[2023-10-13T23:11:53.399+0000] {logging_mixin.py:151} INFO - [2023-10-13T23:11:53.399+0000] {dagbag.py:536} INFO - Filling up the DagBag from /home/airflow/.local/lib/python3.8/site-packages/airflow/example_dags/example_task_group_decorator.py
[2023-10-13T23:11:53.408+0000] {processor.py:839} INFO - DAG(s) dict_keys(['example_task_group_decorator']) retrieved from /home/airflow/.local/lib/python3.8/site-packages/airflow/example_dags/example_task_group_decorator.py
[2023-10-13T23:11:53.424+0000] {logging_mixin.py:151} INFO - [2023-10-13T23:11:53.424+0000] {dag.py:2941} INFO - Sync 1 DAGs
[2023-10-13T23:11:53.438+0000] {logging_mixin.py:151} INFO - [2023-10-13T23:11:53.438+0000] {dag.py:3722} INFO - Setting next_dagrun for example_task_group_decorator to 2023-10-12T23:11:53.438239+00:00, run_after=2023-10-13T23:11:53.438239+00:00
[2023-10-13T23:11:53.449+0000] {processor.py:179} INFO - Processing /home/airflow/.local/lib/python3.8/site-packages/airflow/example_dags/example_task_group_decorator.py took 0.055 seconds
[2023-10-13T23:12:23.528+0000] {processor.py:157} INFO - Started process (PID=156) to work on /home/airflow/.local/lib/python3.8/site-packages/airflow/example_dags/example_task_group_decorator.py
[2023-10-13T23:12:23.529+0000] {processor.py:829} INFO - Processing file /home/airflow/.local/lib/python3.8/site-packages/airflow/example_dags/example_task_group_decorator.py for tasks to queue
[2023-10-13T23:12:23.531+0000] {logging_mixin.py:151} INFO - [2023-10-13T23:12:23.531+0000] {dagbag.py:536} INFO - Filling up the DagBag from /home/airflow/.local/lib/python3.8/site-packages/airflow/example_dags/example_task_group_decorator.py
[2023-10-13T23:12:23.539+0000] {processor.py:839} INFO - DAG(s) dict_keys(['example_task_group_decorator']) retrieved from /home/airflow/.local/lib/python3.8/site-packages/airflow/example_dags/example_task_group_decorator.py
[2023-10-13T23:12:23.556+0000] {logging_mixin.py:151} INFO - [2023-10-13T23:12:23.555+0000] {dag.py:2941} INFO - Sync 1 DAGs
[2023-10-13T23:12:23.569+0000] {logging_mixin.py:151} INFO - [2023-10-13T23:12:23.569+0000] {dag.py:3722} INFO - Setting next_dagrun for example_task_group_decorator to 2023-10-12T23:12:23.568953+00:00, run_after=2023-10-13T23:12:23.568953+00:00
[2023-10-13T23:12:23.580+0000] {processor.py:179} INFO - Processing /home/airflow/.local/lib/python3.8/site-packages/airflow/example_dags/example_task_group_decorator.py took 0.055 seconds
[2023-10-13T23:12:53.656+0000] {processor.py:157} INFO - Started process (PID=210) to work on /home/airflow/.local/lib/python3.8/site-packages/airflow/example_dags/example_task_group_decorator.py
[2023-10-13T23:12:53.657+0000] {processor.py:829} INFO - Processing file /home/airflow/.local/lib/python3.8/site-packages/airflow/example_dags/example_task_group_decorator.py for tasks to queue
[2023-10-13T23:12:53.659+0000] {logging_mixin.py:151} INFO - [2023-10-13T23:12:53.658+0000] {dagbag.py:536} INFO - Filling up the DagBag from /home/airflow/.local/lib/python3.8/site-packages/airflow/example_dags/example_task_group_decorator.py
[2023-10-13T23:12:53.666+0000] {processor.py:839} INFO - DAG(s) dict_keys(['example_task_group_decorator']) retrieved from /home/airflow/.local/lib/python3.8/site-packages/airflow/example_dags/example_task_group_decorator.py
[2023-10-13T23:12:53.682+0000] {logging_mixin.py:151} INFO - [2023-10-13T23:12:53.682+0000] {dag.py:2941} INFO - Sync 1 DAGs
[2023-10-13T23:12:53.695+0000] {logging_mixin.py:151} INFO - [2023-10-13T23:12:53.695+0000] {dag.py:3722} INFO - Setting next_dagrun for example_task_group_decorator to 2023-10-12T23:12:53.694946+00:00, run_after=2023-10-13T23:12:53.694946+00:00
[2023-10-13T23:12:53.706+0000] {processor.py:179} INFO - Processing /home/airflow/.local/lib/python3.8/site-packages/airflow/example_dags/example_task_group_decorator.py took 0.052 seconds
[2023-10-13T23:13:23.901+0000] {processor.py:157} INFO - Started process (PID=264) to work on /home/airflow/.local/lib/python3.8/site-packages/airflow/example_dags/example_task_group_decorator.py
[2023-10-13T23:13:23.902+0000] {processor.py:829} INFO - Processing file /home/airflow/.local/lib/python3.8/site-packages/airflow/example_dags/example_task_group_decorator.py for tasks to queue
[2023-10-13T23:13:23.904+0000] {logging_mixin.py:151} INFO - [2023-10-13T23:13:23.904+0000] {dagbag.py:536} INFO - Filling up the DagBag from /home/airflow/.local/lib/python3.8/site-packages/airflow/example_dags/example_task_group_decorator.py
[2023-10-13T23:13:23.912+0000] {processor.py:839} INFO - DAG(s) dict_keys(['example_task_group_decorator']) retrieved from /home/airflow/.local/lib/python3.8/site-packages/airflow/example_dags/example_task_group_decorator.py
[2023-10-13T23:13:23.927+0000] {logging_mixin.py:151} INFO - [2023-10-13T23:13:23.927+0000] {dag.py:2941} INFO - Sync 1 DAGs
[2023-10-13T23:13:23.940+0000] {logging_mixin.py:151} INFO - [2023-10-13T23:13:23.940+0000] {dag.py:3722} INFO - Setting next_dagrun for example_task_group_decorator to 2023-10-12T23:13:23.940458+00:00, run_after=2023-10-13T23:13:23.940458+00:00
[2023-10-13T23:13:23.951+0000] {processor.py:179} INFO - Processing /home/airflow/.local/lib/python3.8/site-packages/airflow/example_dags/example_task_group_decorator.py took 0.052 seconds
[2023-10-13T23:13:54.050+0000] {processor.py:157} INFO - Started process (PID=318) to work on /home/airflow/.local/lib/python3.8/site-packages/airflow/example_dags/example_task_group_decorator.py
[2023-10-13T23:13:54.051+0000] {processor.py:829} INFO - Processing file /home/airflow/.local/lib/python3.8/site-packages/airflow/example_dags/example_task_group_decorator.py for tasks to queue
[2023-10-13T23:13:54.053+0000] {logging_mixin.py:151} INFO - [2023-10-13T23:13:54.052+0000] {dagbag.py:536} INFO - Filling up the DagBag from /home/airflow/.local/lib/python3.8/site-packages/airflow/example_dags/example_task_group_decorator.py
[2023-10-13T23:13:54.061+0000] {processor.py:839} INFO - DAG(s) dict_keys(['example_task_group_decorator']) retrieved from /home/airflow/.local/lib/python3.8/site-packages/airflow/example_dags/example_task_group_decorator.py
[2023-10-13T23:13:54.076+0000] {logging_mixin.py:151} INFO - [2023-10-13T23:13:54.076+0000] {dag.py:2941} INFO - Sync 1 DAGs
[2023-10-13T23:13:54.089+0000] {logging_mixin.py:151} INFO - [2023-10-13T23:13:54.089+0000] {dag.py:3722} INFO - Setting next_dagrun for example_task_group_decorator to 2023-10-12T23:13:54.089439+00:00, run_after=2023-10-13T23:13:54.089439+00:00
[2023-10-13T23:13:54.101+0000] {processor.py:179} INFO - Processing /home/airflow/.local/lib/python3.8/site-packages/airflow/example_dags/example_task_group_decorator.py took 0.053 seconds
[2023-10-13T23:14:24.271+0000] {processor.py:157} INFO - Started process (PID=372) to work on /home/airflow/.local/lib/python3.8/site-packages/airflow/example_dags/example_task_group_decorator.py
[2023-10-13T23:14:24.272+0000] {processor.py:829} INFO - Processing file /home/airflow/.local/lib/python3.8/site-packages/airflow/example_dags/example_task_group_decorator.py for tasks to queue
[2023-10-13T23:14:24.274+0000] {logging_mixin.py:151} INFO - [2023-10-13T23:14:24.273+0000] {dagbag.py:536} INFO - Filling up the DagBag from /home/airflow/.local/lib/python3.8/site-packages/airflow/example_dags/example_task_group_decorator.py
[2023-10-13T23:14:24.283+0000] {processor.py:839} INFO - DAG(s) dict_keys(['example_task_group_decorator']) retrieved from /home/airflow/.local/lib/python3.8/site-packages/airflow/example_dags/example_task_group_decorator.py
[2023-10-13T23:14:24.302+0000] {logging_mixin.py:151} INFO - [2023-10-13T23:14:24.302+0000] {dag.py:2941} INFO - Sync 1 DAGs
[2023-10-13T23:14:24.316+0000] {logging_mixin.py:151} INFO - [2023-10-13T23:14:24.316+0000] {dag.py:3722} INFO - Setting next_dagrun for example_task_group_decorator to 2023-10-12T23:14:24.316581+00:00, run_after=2023-10-13T23:14:24.316581+00:00
[2023-10-13T23:14:24.329+0000] {processor.py:179} INFO - Processing /home/airflow/.local/lib/python3.8/site-packages/airflow/example_dags/example_task_group_decorator.py took 0.061 seconds
[2023-10-13T23:14:54.490+0000] {processor.py:157} INFO - Started process (PID=426) to work on /home/airflow/.local/lib/python3.8/site-packages/airflow/example_dags/example_task_group_decorator.py
[2023-10-13T23:14:54.491+0000] {processor.py:829} INFO - Processing file /home/airflow/.local/lib/python3.8/site-packages/airflow/example_dags/example_task_group_decorator.py for tasks to queue
[2023-10-13T23:14:54.493+0000] {logging_mixin.py:151} INFO - [2023-10-13T23:14:54.492+0000] {dagbag.py:536} INFO - Filling up the DagBag from /home/airflow/.local/lib/python3.8/site-packages/airflow/example_dags/example_task_group_decorator.py
[2023-10-13T23:14:54.500+0000] {processor.py:839} INFO - DAG(s) dict_keys(['example_task_group_decorator']) retrieved from /home/airflow/.local/lib/python3.8/site-packages/airflow/example_dags/example_task_group_decorator.py
[2023-10-13T23:14:54.517+0000] {logging_mixin.py:151} INFO - [2023-10-13T23:14:54.517+0000] {dag.py:2941} INFO - Sync 1 DAGs
[2023-10-13T23:14:54.531+0000] {logging_mixin.py:151} INFO - [2023-10-13T23:14:54.530+0000] {dag.py:3722} INFO - Setting next_dagrun for example_task_group_decorator to 2023-10-12T23:14:54.530710+00:00, run_after=2023-10-13T23:14:54.530710+00:00
[2023-10-13T23:14:54.543+0000] {processor.py:179} INFO - Processing /home/airflow/.local/lib/python3.8/site-packages/airflow/example_dags/example_task_group_decorator.py took 0.055 seconds
[2023-10-13T23:15:24.722+0000] {processor.py:157} INFO - Started process (PID=480) to work on /home/airflow/.local/lib/python3.8/site-packages/airflow/example_dags/example_task_group_decorator.py
[2023-10-13T23:15:24.723+0000] {processor.py:829} INFO - Processing file /home/airflow/.local/lib/python3.8/site-packages/airflow/example_dags/example_task_group_decorator.py for tasks to queue
[2023-10-13T23:15:24.725+0000] {logging_mixin.py:151} INFO - [2023-10-13T23:15:24.725+0000] {dagbag.py:536} INFO - Filling up the DagBag from /home/airflow/.local/lib/python3.8/site-packages/airflow/example_dags/example_task_group_decorator.py
[2023-10-13T23:15:24.733+0000] {processor.py:839} INFO - DAG(s) dict_keys(['example_task_group_decorator']) retrieved from /home/airflow/.local/lib/python3.8/site-packages/airflow/example_dags/example_task_group_decorator.py
[2023-10-13T23:15:24.751+0000] {logging_mixin.py:151} INFO - [2023-10-13T23:15:24.751+0000] {dag.py:2941} INFO - Sync 1 DAGs
[2023-10-13T23:15:24.774+0000] {logging_mixin.py:151} INFO - [2023-10-13T23:15:24.774+0000] {dag.py:3722} INFO - Setting next_dagrun for example_task_group_decorator to 2023-10-12T23:15:24.773822+00:00, run_after=2023-10-13T23:15:24.773822+00:00
[2023-10-13T23:15:24.791+0000] {processor.py:179} INFO - Processing /home/airflow/.local/lib/python3.8/site-packages/airflow/example_dags/example_task_group_decorator.py took 0.072 seconds
[2023-10-13T23:15:54.815+0000] {processor.py:157} INFO - Started process (PID=533) to work on /home/airflow/.local/lib/python3.8/site-packages/airflow/example_dags/example_task_group_decorator.py
[2023-10-13T23:15:54.816+0000] {processor.py:829} INFO - Processing file /home/airflow/.local/lib/python3.8/site-packages/airflow/example_dags/example_task_group_decorator.py for tasks to queue
[2023-10-13T23:15:54.817+0000] {logging_mixin.py:151} INFO - [2023-10-13T23:15:54.817+0000] {dagbag.py:536} INFO - Filling up the DagBag from /home/airflow/.local/lib/python3.8/site-packages/airflow/example_dags/example_task_group_decorator.py
[2023-10-13T23:15:54.825+0000] {processor.py:839} INFO - DAG(s) dict_keys(['example_task_group_decorator']) retrieved from /home/airflow/.local/lib/python3.8/site-packages/airflow/example_dags/example_task_group_decorator.py
[2023-10-13T23:15:54.838+0000] {logging_mixin.py:151} INFO - [2023-10-13T23:15:54.838+0000] {dag.py:2941} INFO - Sync 1 DAGs
[2023-10-13T23:15:54.849+0000] {logging_mixin.py:151} INFO - [2023-10-13T23:15:54.849+0000] {dag.py:3722} INFO - Setting next_dagrun for example_task_group_decorator to 2023-10-12T23:15:54.849501+00:00, run_after=2023-10-13T23:15:54.849501+00:00
[2023-10-13T23:15:54.858+0000] {processor.py:179} INFO - Processing /home/airflow/.local/lib/python3.8/site-packages/airflow/example_dags/example_task_group_decorator.py took 0.046 seconds
[2023-10-13T23:16:25.802+0000] {processor.py:157} INFO - Started process (PID=588) to work on /home/airflow/.local/lib/python3.8/site-packages/airflow/example_dags/example_task_group_decorator.py
[2023-10-13T23:16:25.802+0000] {processor.py:829} INFO - Processing file /home/airflow/.local/lib/python3.8/site-packages/airflow/example_dags/example_task_group_decorator.py for tasks to queue
[2023-10-13T23:16:25.804+0000] {logging_mixin.py:151} INFO - [2023-10-13T23:16:25.804+0000] {dagbag.py:536} INFO - Filling up the DagBag from /home/airflow/.local/lib/python3.8/site-packages/airflow/example_dags/example_task_group_decorator.py
[2023-10-13T23:16:25.813+0000] {processor.py:839} INFO - DAG(s) dict_keys(['example_task_group_decorator']) retrieved from /home/airflow/.local/lib/python3.8/site-packages/airflow/example_dags/example_task_group_decorator.py
[2023-10-13T23:16:25.828+0000] {logging_mixin.py:151} INFO - [2023-10-13T23:16:25.828+0000] {dag.py:2941} INFO - Sync 1 DAGs
[2023-10-13T23:16:25.843+0000] {logging_mixin.py:151} INFO - [2023-10-13T23:16:25.843+0000] {dag.py:3722} INFO - Setting next_dagrun for example_task_group_decorator to 2023-10-12T23:16:25.842760+00:00, run_after=2023-10-13T23:16:25.842760+00:00
[2023-10-13T23:16:25.860+0000] {processor.py:179} INFO - Processing /home/airflow/.local/lib/python3.8/site-packages/airflow/example_dags/example_task_group_decorator.py took 0.061 seconds
[2023-10-13T23:16:56.040+0000] {processor.py:157} INFO - Started process (PID=642) to work on /home/airflow/.local/lib/python3.8/site-packages/airflow/example_dags/example_task_group_decorator.py
[2023-10-13T23:16:56.041+0000] {processor.py:829} INFO - Processing file /home/airflow/.local/lib/python3.8/site-packages/airflow/example_dags/example_task_group_decorator.py for tasks to queue
[2023-10-13T23:16:56.042+0000] {logging_mixin.py:151} INFO - [2023-10-13T23:16:56.042+0000] {dagbag.py:536} INFO - Filling up the DagBag from /home/airflow/.local/lib/python3.8/site-packages/airflow/example_dags/example_task_group_decorator.py
[2023-10-13T23:16:56.050+0000] {processor.py:839} INFO - DAG(s) dict_keys(['example_task_group_decorator']) retrieved from /home/airflow/.local/lib/python3.8/site-packages/airflow/example_dags/example_task_group_decorator.py
[2023-10-13T23:16:56.064+0000] {logging_mixin.py:151} INFO - [2023-10-13T23:16:56.064+0000] {dag.py:2941} INFO - Sync 1 DAGs
[2023-10-13T23:16:56.077+0000] {logging_mixin.py:151} INFO - [2023-10-13T23:16:56.076+0000] {dag.py:3722} INFO - Setting next_dagrun for example_task_group_decorator to 2023-10-12T23:16:56.076814+00:00, run_after=2023-10-13T23:16:56.076814+00:00
[2023-10-13T23:16:56.086+0000] {processor.py:179} INFO - Processing /home/airflow/.local/lib/python3.8/site-packages/airflow/example_dags/example_task_group_decorator.py took 0.049 seconds
[2023-10-13T23:17:27.075+0000] {processor.py:157} INFO - Started process (PID=696) to work on /home/airflow/.local/lib/python3.8/site-packages/airflow/example_dags/example_task_group_decorator.py
[2023-10-13T23:17:27.076+0000] {processor.py:829} INFO - Processing file /home/airflow/.local/lib/python3.8/site-packages/airflow/example_dags/example_task_group_decorator.py for tasks to queue
[2023-10-13T23:17:27.078+0000] {logging_mixin.py:151} INFO - [2023-10-13T23:17:27.078+0000] {dagbag.py:536} INFO - Filling up the DagBag from /home/airflow/.local/lib/python3.8/site-packages/airflow/example_dags/example_task_group_decorator.py
[2023-10-13T23:17:27.092+0000] {processor.py:839} INFO - DAG(s) dict_keys(['example_task_group_decorator']) retrieved from /home/airflow/.local/lib/python3.8/site-packages/airflow/example_dags/example_task_group_decorator.py
[2023-10-13T23:17:27.110+0000] {logging_mixin.py:151} INFO - [2023-10-13T23:17:27.110+0000] {dag.py:2941} INFO - Sync 1 DAGs
[2023-10-13T23:17:27.124+0000] {logging_mixin.py:151} INFO - [2023-10-13T23:17:27.124+0000] {dag.py:3722} INFO - Setting next_dagrun for example_task_group_decorator to 2023-10-12T23:17:27.124223+00:00, run_after=2023-10-13T23:17:27.124223+00:00
[2023-10-13T23:17:27.134+0000] {processor.py:179} INFO - Processing /home/airflow/.local/lib/python3.8/site-packages/airflow/example_dags/example_task_group_decorator.py took 0.061 seconds
[2023-10-13T23:17:57.950+0000] {processor.py:157} INFO - Started process (PID=750) to work on /home/airflow/.local/lib/python3.8/site-packages/airflow/example_dags/example_task_group_decorator.py
[2023-10-13T23:17:57.951+0000] {processor.py:829} INFO - Processing file /home/airflow/.local/lib/python3.8/site-packages/airflow/example_dags/example_task_group_decorator.py for tasks to queue
[2023-10-13T23:17:57.952+0000] {logging_mixin.py:151} INFO - [2023-10-13T23:17:57.952+0000] {dagbag.py:536} INFO - Filling up the DagBag from /home/airflow/.local/lib/python3.8/site-packages/airflow/example_dags/example_task_group_decorator.py
[2023-10-13T23:17:57.962+0000] {processor.py:839} INFO - DAG(s) dict_keys(['example_task_group_decorator']) retrieved from /home/airflow/.local/lib/python3.8/site-packages/airflow/example_dags/example_task_group_decorator.py
[2023-10-13T23:17:57.981+0000] {logging_mixin.py:151} INFO - [2023-10-13T23:17:57.980+0000] {dag.py:2941} INFO - Sync 1 DAGs
[2023-10-13T23:17:57.995+0000] {logging_mixin.py:151} INFO - [2023-10-13T23:17:57.995+0000] {dag.py:3722} INFO - Setting next_dagrun for example_task_group_decorator to 2023-10-12T23:17:57.995544+00:00, run_after=2023-10-13T23:17:57.995544+00:00
[2023-10-13T23:17:58.007+0000] {processor.py:179} INFO - Processing /home/airflow/.local/lib/python3.8/site-packages/airflow/example_dags/example_task_group_decorator.py took 0.059 seconds
[2023-10-13T23:18:28.172+0000] {processor.py:157} INFO - Started process (PID=803) to work on /home/airflow/.local/lib/python3.8/site-packages/airflow/example_dags/example_task_group_decorator.py
[2023-10-13T23:18:28.174+0000] {processor.py:829} INFO - Processing file /home/airflow/.local/lib/python3.8/site-packages/airflow/example_dags/example_task_group_decorator.py for tasks to queue
[2023-10-13T23:18:28.177+0000] {logging_mixin.py:151} INFO - [2023-10-13T23:18:28.176+0000] {dagbag.py:536} INFO - Filling up the DagBag from /home/airflow/.local/lib/python3.8/site-packages/airflow/example_dags/example_task_group_decorator.py
[2023-10-13T23:18:28.192+0000] {processor.py:839} INFO - DAG(s) dict_keys(['example_task_group_decorator']) retrieved from /home/airflow/.local/lib/python3.8/site-packages/airflow/example_dags/example_task_group_decorator.py
[2023-10-13T23:18:28.209+0000] {logging_mixin.py:151} INFO - [2023-10-13T23:18:28.209+0000] {dag.py:2941} INFO - Sync 1 DAGs
[2023-10-13T23:18:28.222+0000] {logging_mixin.py:151} INFO - [2023-10-13T23:18:28.222+0000] {dag.py:3722} INFO - Setting next_dagrun for example_task_group_decorator to 2023-10-12T23:18:28.222442+00:00, run_after=2023-10-13T23:18:28.222442+00:00
[2023-10-13T23:18:28.233+0000] {processor.py:179} INFO - Processing /home/airflow/.local/lib/python3.8/site-packages/airflow/example_dags/example_task_group_decorator.py took 0.067 seconds
[2023-10-13T23:18:58.337+0000] {processor.py:157} INFO - Started process (PID=857) to work on /home/airflow/.local/lib/python3.8/site-packages/airflow/example_dags/example_task_group_decorator.py
[2023-10-13T23:18:58.339+0000] {processor.py:829} INFO - Processing file /home/airflow/.local/lib/python3.8/site-packages/airflow/example_dags/example_task_group_decorator.py for tasks to queue
[2023-10-13T23:18:58.343+0000] {logging_mixin.py:151} INFO - [2023-10-13T23:18:58.342+0000] {dagbag.py:536} INFO - Filling up the DagBag from /home/airflow/.local/lib/python3.8/site-packages/airflow/example_dags/example_task_group_decorator.py
[2023-10-13T23:18:58.358+0000] {processor.py:839} INFO - DAG(s) dict_keys(['example_task_group_decorator']) retrieved from /home/airflow/.local/lib/python3.8/site-packages/airflow/example_dags/example_task_group_decorator.py
[2023-10-13T23:18:58.376+0000] {logging_mixin.py:151} INFO - [2023-10-13T23:18:58.376+0000] {dag.py:2941} INFO - Sync 1 DAGs
[2023-10-13T23:18:58.388+0000] {logging_mixin.py:151} INFO - [2023-10-13T23:18:58.388+0000] {dag.py:3722} INFO - Setting next_dagrun for example_task_group_decorator to 2023-10-12T23:18:58.388692+00:00, run_after=2023-10-13T23:18:58.388692+00:00
[2023-10-13T23:18:58.399+0000] {processor.py:179} INFO - Processing /home/airflow/.local/lib/python3.8/site-packages/airflow/example_dags/example_task_group_decorator.py took 0.067 seconds
[2023-10-13T23:19:28.457+0000] {processor.py:157} INFO - Started process (PID=911) to work on /home/airflow/.local/lib/python3.8/site-packages/airflow/example_dags/example_task_group_decorator.py
[2023-10-13T23:19:28.459+0000] {processor.py:829} INFO - Processing file /home/airflow/.local/lib/python3.8/site-packages/airflow/example_dags/example_task_group_decorator.py for tasks to queue
[2023-10-13T23:19:28.462+0000] {logging_mixin.py:151} INFO - [2023-10-13T23:19:28.462+0000] {dagbag.py:536} INFO - Filling up the DagBag from /home/airflow/.local/lib/python3.8/site-packages/airflow/example_dags/example_task_group_decorator.py
[2023-10-13T23:19:28.475+0000] {processor.py:839} INFO - DAG(s) dict_keys(['example_task_group_decorator']) retrieved from /home/airflow/.local/lib/python3.8/site-packages/airflow/example_dags/example_task_group_decorator.py
[2023-10-13T23:19:28.493+0000] {logging_mixin.py:151} INFO - [2023-10-13T23:19:28.493+0000] {dag.py:2941} INFO - Sync 1 DAGs
[2023-10-13T23:19:28.505+0000] {logging_mixin.py:151} INFO - [2023-10-13T23:19:28.505+0000] {dag.py:3722} INFO - Setting next_dagrun for example_task_group_decorator to 2023-10-12T23:19:28.505471+00:00, run_after=2023-10-13T23:19:28.505471+00:00
[2023-10-13T23:19:28.515+0000] {processor.py:179} INFO - Processing /home/airflow/.local/lib/python3.8/site-packages/airflow/example_dags/example_task_group_decorator.py took 0.064 seconds
