[2023-10-13T23:09:59.640+0000] {processor.py:157} INFO - Started process (PID=73) to work on /home/airflow/.local/lib/python3.8/site-packages/airflow/example_dags/example_sensor_decorator.py
[2023-10-13T23:09:59.640+0000] {processor.py:829} INFO - Processing file /home/airflow/.local/lib/python3.8/site-packages/airflow/example_dags/example_sensor_decorator.py for tasks to queue
[2023-10-13T23:09:59.643+0000] {logging_mixin.py:151} INFO - [2023-10-13T23:09:59.643+0000] {dagbag.py:536} INFO - Filling up the DagBag from /home/airflow/.local/lib/python3.8/site-packages/airflow/example_dags/example_sensor_decorator.py
[2023-10-13T23:09:59.652+0000] {processor.py:839} INFO - DAG(s) dict_keys(['example_sensor_decorator']) retrieved from /home/airflow/.local/lib/python3.8/site-packages/airflow/example_dags/example_sensor_decorator.py
[2023-10-13T23:09:59.664+0000] {logging_mixin.py:151} INFO - [2023-10-13T23:09:59.664+0000] {dag.py:2941} INFO - Sync 1 DAGs
[2023-10-13T23:09:59.675+0000] {logging_mixin.py:151} INFO - [2023-10-13T23:09:59.675+0000] {dag.py:3722} INFO - Setting next_dagrun for example_sensor_decorator to None, run_after=None
[2023-10-13T23:09:59.686+0000] {processor.py:179} INFO - Processing /home/airflow/.local/lib/python3.8/site-packages/airflow/example_dags/example_sensor_decorator.py took 0.049 seconds
[2023-10-13T23:11:24.115+0000] {processor.py:157} INFO - Started process (PID=72) to work on /home/airflow/.local/lib/python3.8/site-packages/airflow/example_dags/example_sensor_decorator.py
[2023-10-13T23:11:24.119+0000] {processor.py:829} INFO - Processing file /home/airflow/.local/lib/python3.8/site-packages/airflow/example_dags/example_sensor_decorator.py for tasks to queue
[2023-10-13T23:11:24.128+0000] {logging_mixin.py:151} INFO - [2023-10-13T23:11:24.127+0000] {dagbag.py:536} INFO - Filling up the DagBag from /home/airflow/.local/lib/python3.8/site-packages/airflow/example_dags/example_sensor_decorator.py
[2023-10-13T23:11:24.151+0000] {processor.py:839} INFO - DAG(s) dict_keys(['example_sensor_decorator']) retrieved from /home/airflow/.local/lib/python3.8/site-packages/airflow/example_dags/example_sensor_decorator.py
[2023-10-13T23:11:24.163+0000] {logging_mixin.py:151} INFO - [2023-10-13T23:11:24.163+0000] {dag.py:2941} INFO - Sync 1 DAGs
[2023-10-13T23:11:24.173+0000] {logging_mixin.py:151} INFO - [2023-10-13T23:11:24.173+0000] {dag.py:3722} INFO - Setting next_dagrun for example_sensor_decorator to None, run_after=None
[2023-10-13T23:11:24.186+0000] {processor.py:179} INFO - Processing /home/airflow/.local/lib/python3.8/site-packages/airflow/example_dags/example_sensor_decorator.py took 0.081 seconds
[2023-10-13T23:11:54.382+0000] {processor.py:157} INFO - Started process (PID=126) to work on /home/airflow/.local/lib/python3.8/site-packages/airflow/example_dags/example_sensor_decorator.py
[2023-10-13T23:11:54.383+0000] {processor.py:829} INFO - Processing file /home/airflow/.local/lib/python3.8/site-packages/airflow/example_dags/example_sensor_decorator.py for tasks to queue
[2023-10-13T23:11:54.385+0000] {logging_mixin.py:151} INFO - [2023-10-13T23:11:54.385+0000] {dagbag.py:536} INFO - Filling up the DagBag from /home/airflow/.local/lib/python3.8/site-packages/airflow/example_dags/example_sensor_decorator.py
[2023-10-13T23:11:54.390+0000] {processor.py:839} INFO - DAG(s) dict_keys(['example_sensor_decorator']) retrieved from /home/airflow/.local/lib/python3.8/site-packages/airflow/example_dags/example_sensor_decorator.py
[2023-10-13T23:11:54.405+0000] {logging_mixin.py:151} INFO - [2023-10-13T23:11:54.405+0000] {dag.py:2941} INFO - Sync 1 DAGs
[2023-10-13T23:11:54.413+0000] {logging_mixin.py:151} INFO - [2023-10-13T23:11:54.413+0000] {dag.py:3722} INFO - Setting next_dagrun for example_sensor_decorator to None, run_after=None
[2023-10-13T23:11:54.425+0000] {processor.py:179} INFO - Processing /home/airflow/.local/lib/python3.8/site-packages/airflow/example_dags/example_sensor_decorator.py took 0.046 seconds
[2023-10-13T23:12:24.600+0000] {processor.py:157} INFO - Started process (PID=180) to work on /home/airflow/.local/lib/python3.8/site-packages/airflow/example_dags/example_sensor_decorator.py
[2023-10-13T23:12:24.601+0000] {processor.py:829} INFO - Processing file /home/airflow/.local/lib/python3.8/site-packages/airflow/example_dags/example_sensor_decorator.py for tasks to queue
[2023-10-13T23:12:24.602+0000] {logging_mixin.py:151} INFO - [2023-10-13T23:12:24.602+0000] {dagbag.py:536} INFO - Filling up the DagBag from /home/airflow/.local/lib/python3.8/site-packages/airflow/example_dags/example_sensor_decorator.py
[2023-10-13T23:12:24.606+0000] {processor.py:839} INFO - DAG(s) dict_keys(['example_sensor_decorator']) retrieved from /home/airflow/.local/lib/python3.8/site-packages/airflow/example_dags/example_sensor_decorator.py
[2023-10-13T23:12:24.621+0000] {logging_mixin.py:151} INFO - [2023-10-13T23:12:24.621+0000] {dag.py:2941} INFO - Sync 1 DAGs
[2023-10-13T23:12:24.629+0000] {logging_mixin.py:151} INFO - [2023-10-13T23:12:24.628+0000] {dag.py:3722} INFO - Setting next_dagrun for example_sensor_decorator to None, run_after=None
[2023-10-13T23:12:24.640+0000] {processor.py:179} INFO - Processing /home/airflow/.local/lib/python3.8/site-packages/airflow/example_dags/example_sensor_decorator.py took 0.042 seconds
[2023-10-13T23:12:55.483+0000] {processor.py:157} INFO - Started process (PID=234) to work on /home/airflow/.local/lib/python3.8/site-packages/airflow/example_dags/example_sensor_decorator.py
[2023-10-13T23:12:55.484+0000] {processor.py:829} INFO - Processing file /home/airflow/.local/lib/python3.8/site-packages/airflow/example_dags/example_sensor_decorator.py for tasks to queue
[2023-10-13T23:12:55.486+0000] {logging_mixin.py:151} INFO - [2023-10-13T23:12:55.485+0000] {dagbag.py:536} INFO - Filling up the DagBag from /home/airflow/.local/lib/python3.8/site-packages/airflow/example_dags/example_sensor_decorator.py
[2023-10-13T23:12:55.490+0000] {processor.py:839} INFO - DAG(s) dict_keys(['example_sensor_decorator']) retrieved from /home/airflow/.local/lib/python3.8/site-packages/airflow/example_dags/example_sensor_decorator.py
[2023-10-13T23:12:55.504+0000] {logging_mixin.py:151} INFO - [2023-10-13T23:12:55.504+0000] {dag.py:2941} INFO - Sync 1 DAGs
[2023-10-13T23:12:55.511+0000] {logging_mixin.py:151} INFO - [2023-10-13T23:12:55.511+0000] {dag.py:3722} INFO - Setting next_dagrun for example_sensor_decorator to None, run_after=None
[2023-10-13T23:12:55.522+0000] {processor.py:179} INFO - Processing /home/airflow/.local/lib/python3.8/site-packages/airflow/example_dags/example_sensor_decorator.py took 0.041 seconds
[2023-10-13T23:13:25.776+0000] {processor.py:157} INFO - Started process (PID=288) to work on /home/airflow/.local/lib/python3.8/site-packages/airflow/example_dags/example_sensor_decorator.py
[2023-10-13T23:13:25.777+0000] {processor.py:829} INFO - Processing file /home/airflow/.local/lib/python3.8/site-packages/airflow/example_dags/example_sensor_decorator.py for tasks to queue
[2023-10-13T23:13:25.779+0000] {logging_mixin.py:151} INFO - [2023-10-13T23:13:25.778+0000] {dagbag.py:536} INFO - Filling up the DagBag from /home/airflow/.local/lib/python3.8/site-packages/airflow/example_dags/example_sensor_decorator.py
[2023-10-13T23:13:25.783+0000] {processor.py:839} INFO - DAG(s) dict_keys(['example_sensor_decorator']) retrieved from /home/airflow/.local/lib/python3.8/site-packages/airflow/example_dags/example_sensor_decorator.py
[2023-10-13T23:13:25.797+0000] {logging_mixin.py:151} INFO - [2023-10-13T23:13:25.796+0000] {dag.py:2941} INFO - Sync 1 DAGs
[2023-10-13T23:13:25.804+0000] {logging_mixin.py:151} INFO - [2023-10-13T23:13:25.804+0000] {dag.py:3722} INFO - Setting next_dagrun for example_sensor_decorator to None, run_after=None
[2023-10-13T23:13:25.815+0000] {processor.py:179} INFO - Processing /home/airflow/.local/lib/python3.8/site-packages/airflow/example_dags/example_sensor_decorator.py took 0.041 seconds
[2023-10-13T23:13:55.951+0000] {processor.py:157} INFO - Started process (PID=342) to work on /home/airflow/.local/lib/python3.8/site-packages/airflow/example_dags/example_sensor_decorator.py
[2023-10-13T23:13:55.951+0000] {processor.py:829} INFO - Processing file /home/airflow/.local/lib/python3.8/site-packages/airflow/example_dags/example_sensor_decorator.py for tasks to queue
[2023-10-13T23:13:55.953+0000] {logging_mixin.py:151} INFO - [2023-10-13T23:13:55.953+0000] {dagbag.py:536} INFO - Filling up the DagBag from /home/airflow/.local/lib/python3.8/site-packages/airflow/example_dags/example_sensor_decorator.py
[2023-10-13T23:13:55.957+0000] {processor.py:839} INFO - DAG(s) dict_keys(['example_sensor_decorator']) retrieved from /home/airflow/.local/lib/python3.8/site-packages/airflow/example_dags/example_sensor_decorator.py
[2023-10-13T23:13:55.971+0000] {logging_mixin.py:151} INFO - [2023-10-13T23:13:55.970+0000] {dag.py:2941} INFO - Sync 1 DAGs
[2023-10-13T23:13:55.978+0000] {logging_mixin.py:151} INFO - [2023-10-13T23:13:55.978+0000] {dag.py:3722} INFO - Setting next_dagrun for example_sensor_decorator to None, run_after=None
[2023-10-13T23:13:55.990+0000] {processor.py:179} INFO - Processing /home/airflow/.local/lib/python3.8/site-packages/airflow/example_dags/example_sensor_decorator.py took 0.041 seconds
[2023-10-13T23:14:26.137+0000] {processor.py:157} INFO - Started process (PID=396) to work on /home/airflow/.local/lib/python3.8/site-packages/airflow/example_dags/example_sensor_decorator.py
[2023-10-13T23:14:26.138+0000] {processor.py:829} INFO - Processing file /home/airflow/.local/lib/python3.8/site-packages/airflow/example_dags/example_sensor_decorator.py for tasks to queue
[2023-10-13T23:14:26.140+0000] {logging_mixin.py:151} INFO - [2023-10-13T23:14:26.140+0000] {dagbag.py:536} INFO - Filling up the DagBag from /home/airflow/.local/lib/python3.8/site-packages/airflow/example_dags/example_sensor_decorator.py
[2023-10-13T23:14:26.144+0000] {processor.py:839} INFO - DAG(s) dict_keys(['example_sensor_decorator']) retrieved from /home/airflow/.local/lib/python3.8/site-packages/airflow/example_dags/example_sensor_decorator.py
[2023-10-13T23:14:26.158+0000] {logging_mixin.py:151} INFO - [2023-10-13T23:14:26.158+0000] {dag.py:2941} INFO - Sync 1 DAGs
[2023-10-13T23:14:26.165+0000] {logging_mixin.py:151} INFO - [2023-10-13T23:14:26.165+0000] {dag.py:3722} INFO - Setting next_dagrun for example_sensor_decorator to None, run_after=None
[2023-10-13T23:14:26.175+0000] {processor.py:179} INFO - Processing /home/airflow/.local/lib/python3.8/site-packages/airflow/example_dags/example_sensor_decorator.py took 0.040 seconds
[2023-10-13T23:14:56.311+0000] {processor.py:157} INFO - Started process (PID=449) to work on /home/airflow/.local/lib/python3.8/site-packages/airflow/example_dags/example_sensor_decorator.py
[2023-10-13T23:14:56.311+0000] {processor.py:829} INFO - Processing file /home/airflow/.local/lib/python3.8/site-packages/airflow/example_dags/example_sensor_decorator.py for tasks to queue
[2023-10-13T23:14:56.313+0000] {logging_mixin.py:151} INFO - [2023-10-13T23:14:56.313+0000] {dagbag.py:536} INFO - Filling up the DagBag from /home/airflow/.local/lib/python3.8/site-packages/airflow/example_dags/example_sensor_decorator.py
[2023-10-13T23:14:56.317+0000] {processor.py:839} INFO - DAG(s) dict_keys(['example_sensor_decorator']) retrieved from /home/airflow/.local/lib/python3.8/site-packages/airflow/example_dags/example_sensor_decorator.py
[2023-10-13T23:14:56.330+0000] {logging_mixin.py:151} INFO - [2023-10-13T23:14:56.330+0000] {dag.py:2941} INFO - Sync 1 DAGs
[2023-10-13T23:14:56.338+0000] {logging_mixin.py:151} INFO - [2023-10-13T23:14:56.337+0000] {dag.py:3722} INFO - Setting next_dagrun for example_sensor_decorator to None, run_after=None
[2023-10-13T23:14:56.347+0000] {processor.py:179} INFO - Processing /home/airflow/.local/lib/python3.8/site-packages/airflow/example_dags/example_sensor_decorator.py took 0.038 seconds
[2023-10-13T23:15:26.513+0000] {processor.py:157} INFO - Started process (PID=504) to work on /home/airflow/.local/lib/python3.8/site-packages/airflow/example_dags/example_sensor_decorator.py
[2023-10-13T23:15:26.514+0000] {processor.py:829} INFO - Processing file /home/airflow/.local/lib/python3.8/site-packages/airflow/example_dags/example_sensor_decorator.py for tasks to queue
[2023-10-13T23:15:26.515+0000] {logging_mixin.py:151} INFO - [2023-10-13T23:15:26.515+0000] {dagbag.py:536} INFO - Filling up the DagBag from /home/airflow/.local/lib/python3.8/site-packages/airflow/example_dags/example_sensor_decorator.py
[2023-10-13T23:15:26.519+0000] {processor.py:839} INFO - DAG(s) dict_keys(['example_sensor_decorator']) retrieved from /home/airflow/.local/lib/python3.8/site-packages/airflow/example_dags/example_sensor_decorator.py
[2023-10-13T23:15:26.531+0000] {logging_mixin.py:151} INFO - [2023-10-13T23:15:26.531+0000] {dag.py:2941} INFO - Sync 1 DAGs
[2023-10-13T23:15:26.538+0000] {logging_mixin.py:151} INFO - [2023-10-13T23:15:26.538+0000] {dag.py:3722} INFO - Setting next_dagrun for example_sensor_decorator to None, run_after=None
[2023-10-13T23:15:26.548+0000] {processor.py:179} INFO - Processing /home/airflow/.local/lib/python3.8/site-packages/airflow/example_dags/example_sensor_decorator.py took 0.038 seconds
[2023-10-13T23:15:56.697+0000] {processor.py:157} INFO - Started process (PID=557) to work on /home/airflow/.local/lib/python3.8/site-packages/airflow/example_dags/example_sensor_decorator.py
[2023-10-13T23:15:56.698+0000] {processor.py:829} INFO - Processing file /home/airflow/.local/lib/python3.8/site-packages/airflow/example_dags/example_sensor_decorator.py for tasks to queue
[2023-10-13T23:15:56.700+0000] {logging_mixin.py:151} INFO - [2023-10-13T23:15:56.699+0000] {dagbag.py:536} INFO - Filling up the DagBag from /home/airflow/.local/lib/python3.8/site-packages/airflow/example_dags/example_sensor_decorator.py
[2023-10-13T23:15:56.704+0000] {processor.py:839} INFO - DAG(s) dict_keys(['example_sensor_decorator']) retrieved from /home/airflow/.local/lib/python3.8/site-packages/airflow/example_dags/example_sensor_decorator.py
[2023-10-13T23:15:56.717+0000] {logging_mixin.py:151} INFO - [2023-10-13T23:15:56.717+0000] {dag.py:2941} INFO - Sync 1 DAGs
[2023-10-13T23:15:56.725+0000] {logging_mixin.py:151} INFO - [2023-10-13T23:15:56.725+0000] {dag.py:3722} INFO - Setting next_dagrun for example_sensor_decorator to None, run_after=None
[2023-10-13T23:15:56.737+0000] {processor.py:179} INFO - Processing /home/airflow/.local/lib/python3.8/site-packages/airflow/example_dags/example_sensor_decorator.py took 0.042 seconds
[2023-10-13T23:16:27.633+0000] {processor.py:157} INFO - Started process (PID=612) to work on /home/airflow/.local/lib/python3.8/site-packages/airflow/example_dags/example_sensor_decorator.py
[2023-10-13T23:16:27.634+0000] {processor.py:829} INFO - Processing file /home/airflow/.local/lib/python3.8/site-packages/airflow/example_dags/example_sensor_decorator.py for tasks to queue
[2023-10-13T23:16:27.636+0000] {logging_mixin.py:151} INFO - [2023-10-13T23:16:27.636+0000] {dagbag.py:536} INFO - Filling up the DagBag from /home/airflow/.local/lib/python3.8/site-packages/airflow/example_dags/example_sensor_decorator.py
[2023-10-13T23:16:27.640+0000] {processor.py:839} INFO - DAG(s) dict_keys(['example_sensor_decorator']) retrieved from /home/airflow/.local/lib/python3.8/site-packages/airflow/example_dags/example_sensor_decorator.py
[2023-10-13T23:16:27.653+0000] {logging_mixin.py:151} INFO - [2023-10-13T23:16:27.652+0000] {dag.py:2941} INFO - Sync 1 DAGs
[2023-10-13T23:16:27.660+0000] {logging_mixin.py:151} INFO - [2023-10-13T23:16:27.659+0000] {dag.py:3722} INFO - Setting next_dagrun for example_sensor_decorator to None, run_after=None
[2023-10-13T23:16:27.670+0000] {processor.py:179} INFO - Processing /home/airflow/.local/lib/python3.8/site-packages/airflow/example_dags/example_sensor_decorator.py took 0.039 seconds
[2023-10-13T23:16:57.919+0000] {processor.py:157} INFO - Started process (PID=666) to work on /home/airflow/.local/lib/python3.8/site-packages/airflow/example_dags/example_sensor_decorator.py
[2023-10-13T23:16:57.920+0000] {processor.py:829} INFO - Processing file /home/airflow/.local/lib/python3.8/site-packages/airflow/example_dags/example_sensor_decorator.py for tasks to queue
[2023-10-13T23:16:57.922+0000] {logging_mixin.py:151} INFO - [2023-10-13T23:16:57.922+0000] {dagbag.py:536} INFO - Filling up the DagBag from /home/airflow/.local/lib/python3.8/site-packages/airflow/example_dags/example_sensor_decorator.py
[2023-10-13T23:16:57.926+0000] {processor.py:839} INFO - DAG(s) dict_keys(['example_sensor_decorator']) retrieved from /home/airflow/.local/lib/python3.8/site-packages/airflow/example_dags/example_sensor_decorator.py
[2023-10-13T23:16:57.940+0000] {logging_mixin.py:151} INFO - [2023-10-13T23:16:57.940+0000] {dag.py:2941} INFO - Sync 1 DAGs
[2023-10-13T23:16:57.948+0000] {logging_mixin.py:151} INFO - [2023-10-13T23:16:57.948+0000] {dag.py:3722} INFO - Setting next_dagrun for example_sensor_decorator to None, run_after=None
[2023-10-13T23:16:57.960+0000] {processor.py:179} INFO - Processing /home/airflow/.local/lib/python3.8/site-packages/airflow/example_dags/example_sensor_decorator.py took 0.043 seconds
[2023-10-13T23:17:28.920+0000] {processor.py:157} INFO - Started process (PID=720) to work on /home/airflow/.local/lib/python3.8/site-packages/airflow/example_dags/example_sensor_decorator.py
[2023-10-13T23:17:28.921+0000] {processor.py:829} INFO - Processing file /home/airflow/.local/lib/python3.8/site-packages/airflow/example_dags/example_sensor_decorator.py for tasks to queue
[2023-10-13T23:17:28.922+0000] {logging_mixin.py:151} INFO - [2023-10-13T23:17:28.922+0000] {dagbag.py:536} INFO - Filling up the DagBag from /home/airflow/.local/lib/python3.8/site-packages/airflow/example_dags/example_sensor_decorator.py
[2023-10-13T23:17:28.926+0000] {processor.py:839} INFO - DAG(s) dict_keys(['example_sensor_decorator']) retrieved from /home/airflow/.local/lib/python3.8/site-packages/airflow/example_dags/example_sensor_decorator.py
[2023-10-13T23:17:28.939+0000] {logging_mixin.py:151} INFO - [2023-10-13T23:17:28.939+0000] {dag.py:2941} INFO - Sync 1 DAGs
[2023-10-13T23:17:28.946+0000] {logging_mixin.py:151} INFO - [2023-10-13T23:17:28.946+0000] {dag.py:3722} INFO - Setting next_dagrun for example_sensor_decorator to None, run_after=None
[2023-10-13T23:17:28.956+0000] {processor.py:179} INFO - Processing /home/airflow/.local/lib/python3.8/site-packages/airflow/example_dags/example_sensor_decorator.py took 0.038 seconds
[2023-10-13T23:17:59.904+0000] {processor.py:157} INFO - Started process (PID=774) to work on /home/airflow/.local/lib/python3.8/site-packages/airflow/example_dags/example_sensor_decorator.py
[2023-10-13T23:17:59.904+0000] {processor.py:829} INFO - Processing file /home/airflow/.local/lib/python3.8/site-packages/airflow/example_dags/example_sensor_decorator.py for tasks to queue
[2023-10-13T23:17:59.906+0000] {logging_mixin.py:151} INFO - [2023-10-13T23:17:59.906+0000] {dagbag.py:536} INFO - Filling up the DagBag from /home/airflow/.local/lib/python3.8/site-packages/airflow/example_dags/example_sensor_decorator.py
[2023-10-13T23:17:59.910+0000] {processor.py:839} INFO - DAG(s) dict_keys(['example_sensor_decorator']) retrieved from /home/airflow/.local/lib/python3.8/site-packages/airflow/example_dags/example_sensor_decorator.py
[2023-10-13T23:17:59.922+0000] {logging_mixin.py:151} INFO - [2023-10-13T23:17:59.922+0000] {dag.py:2941} INFO - Sync 1 DAGs
[2023-10-13T23:17:59.929+0000] {logging_mixin.py:151} INFO - [2023-10-13T23:17:59.929+0000] {dag.py:3722} INFO - Setting next_dagrun for example_sensor_decorator to None, run_after=None
[2023-10-13T23:17:59.940+0000] {processor.py:179} INFO - Processing /home/airflow/.local/lib/python3.8/site-packages/airflow/example_dags/example_sensor_decorator.py took 0.038 seconds
[2023-10-13T23:18:30.033+0000] {processor.py:157} INFO - Started process (PID=829) to work on /home/airflow/.local/lib/python3.8/site-packages/airflow/example_dags/example_sensor_decorator.py
[2023-10-13T23:18:30.034+0000] {processor.py:829} INFO - Processing file /home/airflow/.local/lib/python3.8/site-packages/airflow/example_dags/example_sensor_decorator.py for tasks to queue
[2023-10-13T23:18:30.035+0000] {logging_mixin.py:151} INFO - [2023-10-13T23:18:30.035+0000] {dagbag.py:536} INFO - Filling up the DagBag from /home/airflow/.local/lib/python3.8/site-packages/airflow/example_dags/example_sensor_decorator.py
[2023-10-13T23:18:30.039+0000] {processor.py:839} INFO - DAG(s) dict_keys(['example_sensor_decorator']) retrieved from /home/airflow/.local/lib/python3.8/site-packages/airflow/example_dags/example_sensor_decorator.py
[2023-10-13T23:18:30.052+0000] {logging_mixin.py:151} INFO - [2023-10-13T23:18:30.051+0000] {dag.py:2941} INFO - Sync 1 DAGs
[2023-10-13T23:18:30.059+0000] {logging_mixin.py:151} INFO - [2023-10-13T23:18:30.059+0000] {dag.py:3722} INFO - Setting next_dagrun for example_sensor_decorator to None, run_after=None
[2023-10-13T23:18:30.071+0000] {processor.py:179} INFO - Processing /home/airflow/.local/lib/python3.8/site-packages/airflow/example_dags/example_sensor_decorator.py took 0.039 seconds
[2023-10-13T23:19:00.205+0000] {processor.py:157} INFO - Started process (PID=882) to work on /home/airflow/.local/lib/python3.8/site-packages/airflow/example_dags/example_sensor_decorator.py
[2023-10-13T23:19:00.205+0000] {processor.py:829} INFO - Processing file /home/airflow/.local/lib/python3.8/site-packages/airflow/example_dags/example_sensor_decorator.py for tasks to queue
[2023-10-13T23:19:00.207+0000] {logging_mixin.py:151} INFO - [2023-10-13T23:19:00.207+0000] {dagbag.py:536} INFO - Filling up the DagBag from /home/airflow/.local/lib/python3.8/site-packages/airflow/example_dags/example_sensor_decorator.py
[2023-10-13T23:19:00.211+0000] {processor.py:839} INFO - DAG(s) dict_keys(['example_sensor_decorator']) retrieved from /home/airflow/.local/lib/python3.8/site-packages/airflow/example_dags/example_sensor_decorator.py
[2023-10-13T23:19:00.223+0000] {logging_mixin.py:151} INFO - [2023-10-13T23:19:00.223+0000] {dag.py:2941} INFO - Sync 1 DAGs
[2023-10-13T23:19:00.230+0000] {logging_mixin.py:151} INFO - [2023-10-13T23:19:00.230+0000] {dag.py:3722} INFO - Setting next_dagrun for example_sensor_decorator to None, run_after=None
[2023-10-13T23:19:00.240+0000] {processor.py:179} INFO - Processing /home/airflow/.local/lib/python3.8/site-packages/airflow/example_dags/example_sensor_decorator.py took 0.038 seconds
[2023-10-13T23:19:30.341+0000] {processor.py:157} INFO - Started process (PID=936) to work on /home/airflow/.local/lib/python3.8/site-packages/airflow/example_dags/example_sensor_decorator.py
[2023-10-13T23:19:30.341+0000] {processor.py:829} INFO - Processing file /home/airflow/.local/lib/python3.8/site-packages/airflow/example_dags/example_sensor_decorator.py for tasks to queue
[2023-10-13T23:19:30.343+0000] {logging_mixin.py:151} INFO - [2023-10-13T23:19:30.343+0000] {dagbag.py:536} INFO - Filling up the DagBag from /home/airflow/.local/lib/python3.8/site-packages/airflow/example_dags/example_sensor_decorator.py
[2023-10-13T23:19:30.347+0000] {processor.py:839} INFO - DAG(s) dict_keys(['example_sensor_decorator']) retrieved from /home/airflow/.local/lib/python3.8/site-packages/airflow/example_dags/example_sensor_decorator.py
[2023-10-13T23:19:30.359+0000] {logging_mixin.py:151} INFO - [2023-10-13T23:19:30.358+0000] {dag.py:2941} INFO - Sync 1 DAGs
[2023-10-13T23:19:30.365+0000] {logging_mixin.py:151} INFO - [2023-10-13T23:19:30.365+0000] {dag.py:3722} INFO - Setting next_dagrun for example_sensor_decorator to None, run_after=None
[2023-10-13T23:19:30.374+0000] {processor.py:179} INFO - Processing /home/airflow/.local/lib/python3.8/site-packages/airflow/example_dags/example_sensor_decorator.py took 0.036 seconds
