[2023-10-13T23:09:57.926+0000] {processor.py:157} INFO - Started process (PID=36) to work on /home/airflow/.local/lib/python3.8/site-packages/airflow/example_dags/example_branch_operator_decorator.py
[2023-10-13T23:09:57.926+0000] {processor.py:829} INFO - Processing file /home/airflow/.local/lib/python3.8/site-packages/airflow/example_dags/example_branch_operator_decorator.py for tasks to queue
[2023-10-13T23:09:57.928+0000] {logging_mixin.py:151} INFO - [2023-10-13T23:09:57.928+0000] {dagbag.py:536} INFO - Filling up the DagBag from /home/airflow/.local/lib/python3.8/site-packages/airflow/example_dags/example_branch_operator_decorator.py
[2023-10-13T23:09:57.937+0000] {processor.py:839} INFO - DAG(s) dict_keys(['example_branch_python_operator_decorator']) retrieved from /home/airflow/.local/lib/python3.8/site-packages/airflow/example_dags/example_branch_operator_decorator.py
[2023-10-13T23:09:57.945+0000] {logging_mixin.py:151} INFO - [2023-10-13T23:09:57.945+0000] {dag.py:2941} INFO - Sync 1 DAGs
[2023-10-13T23:09:57.960+0000] {logging_mixin.py:151} INFO - [2023-10-13T23:09:57.960+0000] {dag.py:3722} INFO - Setting next_dagrun for example_branch_python_operator_decorator to 2023-10-12T00:00:00+00:00, run_after=2023-10-13T00:00:00+00:00
[2023-10-13T23:09:57.973+0000] {processor.py:179} INFO - Processing /home/airflow/.local/lib/python3.8/site-packages/airflow/example_dags/example_branch_operator_decorator.py took 0.050 seconds
[2023-10-13T23:11:22.215+0000] {processor.py:157} INFO - Started process (PID=35) to work on /home/airflow/.local/lib/python3.8/site-packages/airflow/example_dags/example_branch_operator_decorator.py
[2023-10-13T23:11:22.216+0000] {processor.py:829} INFO - Processing file /home/airflow/.local/lib/python3.8/site-packages/airflow/example_dags/example_branch_operator_decorator.py for tasks to queue
[2023-10-13T23:11:22.218+0000] {logging_mixin.py:151} INFO - [2023-10-13T23:11:22.217+0000] {dagbag.py:536} INFO - Filling up the DagBag from /home/airflow/.local/lib/python3.8/site-packages/airflow/example_dags/example_branch_operator_decorator.py
[2023-10-13T23:11:22.230+0000] {processor.py:839} INFO - DAG(s) dict_keys(['example_branch_python_operator_decorator']) retrieved from /home/airflow/.local/lib/python3.8/site-packages/airflow/example_dags/example_branch_operator_decorator.py
[2023-10-13T23:11:22.242+0000] {logging_mixin.py:151} INFO - [2023-10-13T23:11:22.241+0000] {dag.py:2941} INFO - Sync 1 DAGs
[2023-10-13T23:11:22.261+0000] {logging_mixin.py:151} INFO - [2023-10-13T23:11:22.261+0000] {dag.py:3722} INFO - Setting next_dagrun for example_branch_python_operator_decorator to 2023-10-12T00:00:00+00:00, run_after=2023-10-13T00:00:00+00:00
[2023-10-13T23:11:22.275+0000] {processor.py:179} INFO - Processing /home/airflow/.local/lib/python3.8/site-packages/airflow/example_dags/example_branch_operator_decorator.py took 0.064 seconds
[2023-10-13T23:11:52.814+0000] {processor.py:157} INFO - Started process (PID=89) to work on /home/airflow/.local/lib/python3.8/site-packages/airflow/example_dags/example_branch_operator_decorator.py
[2023-10-13T23:11:52.814+0000] {processor.py:829} INFO - Processing file /home/airflow/.local/lib/python3.8/site-packages/airflow/example_dags/example_branch_operator_decorator.py for tasks to queue
[2023-10-13T23:11:52.816+0000] {logging_mixin.py:151} INFO - [2023-10-13T23:11:52.816+0000] {dagbag.py:536} INFO - Filling up the DagBag from /home/airflow/.local/lib/python3.8/site-packages/airflow/example_dags/example_branch_operator_decorator.py
[2023-10-13T23:11:52.823+0000] {processor.py:839} INFO - DAG(s) dict_keys(['example_branch_python_operator_decorator']) retrieved from /home/airflow/.local/lib/python3.8/site-packages/airflow/example_dags/example_branch_operator_decorator.py
[2023-10-13T23:11:52.840+0000] {logging_mixin.py:151} INFO - [2023-10-13T23:11:52.840+0000] {dag.py:2941} INFO - Sync 1 DAGs
[2023-10-13T23:11:52.853+0000] {logging_mixin.py:151} INFO - [2023-10-13T23:11:52.853+0000] {dag.py:3722} INFO - Setting next_dagrun for example_branch_python_operator_decorator to 2023-10-12T00:00:00+00:00, run_after=2023-10-13T00:00:00+00:00
[2023-10-13T23:11:52.864+0000] {processor.py:179} INFO - Processing /home/airflow/.local/lib/python3.8/site-packages/airflow/example_dags/example_branch_operator_decorator.py took 0.053 seconds
[2023-10-13T23:12:22.953+0000] {processor.py:157} INFO - Started process (PID=143) to work on /home/airflow/.local/lib/python3.8/site-packages/airflow/example_dags/example_branch_operator_decorator.py
[2023-10-13T23:12:22.954+0000] {processor.py:829} INFO - Processing file /home/airflow/.local/lib/python3.8/site-packages/airflow/example_dags/example_branch_operator_decorator.py for tasks to queue
[2023-10-13T23:12:22.955+0000] {logging_mixin.py:151} INFO - [2023-10-13T23:12:22.955+0000] {dagbag.py:536} INFO - Filling up the DagBag from /home/airflow/.local/lib/python3.8/site-packages/airflow/example_dags/example_branch_operator_decorator.py
[2023-10-13T23:12:22.963+0000] {processor.py:839} INFO - DAG(s) dict_keys(['example_branch_python_operator_decorator']) retrieved from /home/airflow/.local/lib/python3.8/site-packages/airflow/example_dags/example_branch_operator_decorator.py
[2023-10-13T23:12:22.979+0000] {logging_mixin.py:151} INFO - [2023-10-13T23:12:22.979+0000] {dag.py:2941} INFO - Sync 1 DAGs
[2023-10-13T23:12:22.992+0000] {logging_mixin.py:151} INFO - [2023-10-13T23:12:22.992+0000] {dag.py:3722} INFO - Setting next_dagrun for example_branch_python_operator_decorator to 2023-10-12T00:00:00+00:00, run_after=2023-10-13T00:00:00+00:00
[2023-10-13T23:12:23.003+0000] {processor.py:179} INFO - Processing /home/airflow/.local/lib/python3.8/site-packages/airflow/example_dags/example_branch_operator_decorator.py took 0.053 seconds
[2023-10-13T23:12:53.192+0000] {processor.py:157} INFO - Started process (PID=197) to work on /home/airflow/.local/lib/python3.8/site-packages/airflow/example_dags/example_branch_operator_decorator.py
[2023-10-13T23:12:53.193+0000] {processor.py:829} INFO - Processing file /home/airflow/.local/lib/python3.8/site-packages/airflow/example_dags/example_branch_operator_decorator.py for tasks to queue
[2023-10-13T23:12:53.195+0000] {logging_mixin.py:151} INFO - [2023-10-13T23:12:53.194+0000] {dagbag.py:536} INFO - Filling up the DagBag from /home/airflow/.local/lib/python3.8/site-packages/airflow/example_dags/example_branch_operator_decorator.py
[2023-10-13T23:12:53.202+0000] {processor.py:839} INFO - DAG(s) dict_keys(['example_branch_python_operator_decorator']) retrieved from /home/airflow/.local/lib/python3.8/site-packages/airflow/example_dags/example_branch_operator_decorator.py
[2023-10-13T23:12:53.216+0000] {logging_mixin.py:151} INFO - [2023-10-13T23:12:53.216+0000] {dag.py:2941} INFO - Sync 1 DAGs
[2023-10-13T23:12:53.229+0000] {logging_mixin.py:151} INFO - [2023-10-13T23:12:53.229+0000] {dag.py:3722} INFO - Setting next_dagrun for example_branch_python_operator_decorator to 2023-10-12T00:00:00+00:00, run_after=2023-10-13T00:00:00+00:00
[2023-10-13T23:12:53.240+0000] {processor.py:179} INFO - Processing /home/airflow/.local/lib/python3.8/site-packages/airflow/example_dags/example_branch_operator_decorator.py took 0.050 seconds
[2023-10-13T23:13:23.313+0000] {processor.py:157} INFO - Started process (PID=251) to work on /home/airflow/.local/lib/python3.8/site-packages/airflow/example_dags/example_branch_operator_decorator.py
[2023-10-13T23:13:23.314+0000] {processor.py:829} INFO - Processing file /home/airflow/.local/lib/python3.8/site-packages/airflow/example_dags/example_branch_operator_decorator.py for tasks to queue
[2023-10-13T23:13:23.316+0000] {logging_mixin.py:151} INFO - [2023-10-13T23:13:23.316+0000] {dagbag.py:536} INFO - Filling up the DagBag from /home/airflow/.local/lib/python3.8/site-packages/airflow/example_dags/example_branch_operator_decorator.py
[2023-10-13T23:13:23.324+0000] {processor.py:839} INFO - DAG(s) dict_keys(['example_branch_python_operator_decorator']) retrieved from /home/airflow/.local/lib/python3.8/site-packages/airflow/example_dags/example_branch_operator_decorator.py
[2023-10-13T23:13:23.340+0000] {logging_mixin.py:151} INFO - [2023-10-13T23:13:23.340+0000] {dag.py:2941} INFO - Sync 1 DAGs
[2023-10-13T23:13:23.354+0000] {logging_mixin.py:151} INFO - [2023-10-13T23:13:23.354+0000] {dag.py:3722} INFO - Setting next_dagrun for example_branch_python_operator_decorator to 2023-10-12T00:00:00+00:00, run_after=2023-10-13T00:00:00+00:00
[2023-10-13T23:13:23.364+0000] {processor.py:179} INFO - Processing /home/airflow/.local/lib/python3.8/site-packages/airflow/example_dags/example_branch_operator_decorator.py took 0.054 seconds
[2023-10-13T23:13:53.551+0000] {processor.py:157} INFO - Started process (PID=305) to work on /home/airflow/.local/lib/python3.8/site-packages/airflow/example_dags/example_branch_operator_decorator.py
[2023-10-13T23:13:53.551+0000] {processor.py:829} INFO - Processing file /home/airflow/.local/lib/python3.8/site-packages/airflow/example_dags/example_branch_operator_decorator.py for tasks to queue
[2023-10-13T23:13:53.553+0000] {logging_mixin.py:151} INFO - [2023-10-13T23:13:53.553+0000] {dagbag.py:536} INFO - Filling up the DagBag from /home/airflow/.local/lib/python3.8/site-packages/airflow/example_dags/example_branch_operator_decorator.py
[2023-10-13T23:13:53.560+0000] {processor.py:839} INFO - DAG(s) dict_keys(['example_branch_python_operator_decorator']) retrieved from /home/airflow/.local/lib/python3.8/site-packages/airflow/example_dags/example_branch_operator_decorator.py
[2023-10-13T23:13:53.574+0000] {logging_mixin.py:151} INFO - [2023-10-13T23:13:53.574+0000] {dag.py:2941} INFO - Sync 1 DAGs
[2023-10-13T23:13:53.587+0000] {logging_mixin.py:151} INFO - [2023-10-13T23:13:53.587+0000] {dag.py:3722} INFO - Setting next_dagrun for example_branch_python_operator_decorator to 2023-10-12T00:00:00+00:00, run_after=2023-10-13T00:00:00+00:00
[2023-10-13T23:13:53.598+0000] {processor.py:179} INFO - Processing /home/airflow/.local/lib/python3.8/site-packages/airflow/example_dags/example_branch_operator_decorator.py took 0.049 seconds
[2023-10-13T23:14:23.688+0000] {processor.py:157} INFO - Started process (PID=359) to work on /home/airflow/.local/lib/python3.8/site-packages/airflow/example_dags/example_branch_operator_decorator.py
[2023-10-13T23:14:23.689+0000] {processor.py:829} INFO - Processing file /home/airflow/.local/lib/python3.8/site-packages/airflow/example_dags/example_branch_operator_decorator.py for tasks to queue
[2023-10-13T23:14:23.691+0000] {logging_mixin.py:151} INFO - [2023-10-13T23:14:23.691+0000] {dagbag.py:536} INFO - Filling up the DagBag from /home/airflow/.local/lib/python3.8/site-packages/airflow/example_dags/example_branch_operator_decorator.py
[2023-10-13T23:14:23.700+0000] {processor.py:839} INFO - DAG(s) dict_keys(['example_branch_python_operator_decorator']) retrieved from /home/airflow/.local/lib/python3.8/site-packages/airflow/example_dags/example_branch_operator_decorator.py
[2023-10-13T23:14:23.715+0000] {logging_mixin.py:151} INFO - [2023-10-13T23:14:23.715+0000] {dag.py:2941} INFO - Sync 1 DAGs
[2023-10-13T23:14:23.729+0000] {logging_mixin.py:151} INFO - [2023-10-13T23:14:23.728+0000] {dag.py:3722} INFO - Setting next_dagrun for example_branch_python_operator_decorator to 2023-10-12T00:00:00+00:00, run_after=2023-10-13T00:00:00+00:00
[2023-10-13T23:14:23.742+0000] {processor.py:179} INFO - Processing /home/airflow/.local/lib/python3.8/site-packages/airflow/example_dags/example_branch_operator_decorator.py took 0.057 seconds
[2023-10-13T23:14:53.964+0000] {processor.py:157} INFO - Started process (PID=413) to work on /home/airflow/.local/lib/python3.8/site-packages/airflow/example_dags/example_branch_operator_decorator.py
[2023-10-13T23:14:53.965+0000] {processor.py:829} INFO - Processing file /home/airflow/.local/lib/python3.8/site-packages/airflow/example_dags/example_branch_operator_decorator.py for tasks to queue
[2023-10-13T23:14:53.967+0000] {logging_mixin.py:151} INFO - [2023-10-13T23:14:53.967+0000] {dagbag.py:536} INFO - Filling up the DagBag from /home/airflow/.local/lib/python3.8/site-packages/airflow/example_dags/example_branch_operator_decorator.py
[2023-10-13T23:14:53.974+0000] {processor.py:839} INFO - DAG(s) dict_keys(['example_branch_python_operator_decorator']) retrieved from /home/airflow/.local/lib/python3.8/site-packages/airflow/example_dags/example_branch_operator_decorator.py
[2023-10-13T23:14:53.990+0000] {logging_mixin.py:151} INFO - [2023-10-13T23:14:53.990+0000] {dag.py:2941} INFO - Sync 1 DAGs
[2023-10-13T23:14:54.005+0000] {logging_mixin.py:151} INFO - [2023-10-13T23:14:54.005+0000] {dag.py:3722} INFO - Setting next_dagrun for example_branch_python_operator_decorator to 2023-10-12T00:00:00+00:00, run_after=2023-10-13T00:00:00+00:00
[2023-10-13T23:14:54.017+0000] {processor.py:179} INFO - Processing /home/airflow/.local/lib/python3.8/site-packages/airflow/example_dags/example_branch_operator_decorator.py took 0.055 seconds
[2023-10-13T23:15:24.210+0000] {processor.py:157} INFO - Started process (PID=467) to work on /home/airflow/.local/lib/python3.8/site-packages/airflow/example_dags/example_branch_operator_decorator.py
[2023-10-13T23:15:24.211+0000] {processor.py:829} INFO - Processing file /home/airflow/.local/lib/python3.8/site-packages/airflow/example_dags/example_branch_operator_decorator.py for tasks to queue
[2023-10-13T23:15:24.213+0000] {logging_mixin.py:151} INFO - [2023-10-13T23:15:24.212+0000] {dagbag.py:536} INFO - Filling up the DagBag from /home/airflow/.local/lib/python3.8/site-packages/airflow/example_dags/example_branch_operator_decorator.py
[2023-10-13T23:15:24.219+0000] {processor.py:839} INFO - DAG(s) dict_keys(['example_branch_python_operator_decorator']) retrieved from /home/airflow/.local/lib/python3.8/site-packages/airflow/example_dags/example_branch_operator_decorator.py
[2023-10-13T23:15:24.233+0000] {logging_mixin.py:151} INFO - [2023-10-13T23:15:24.233+0000] {dag.py:2941} INFO - Sync 1 DAGs
[2023-10-13T23:15:24.247+0000] {logging_mixin.py:151} INFO - [2023-10-13T23:15:24.247+0000] {dag.py:3722} INFO - Setting next_dagrun for example_branch_python_operator_decorator to 2023-10-12T00:00:00+00:00, run_after=2023-10-13T00:00:00+00:00
[2023-10-13T23:15:24.258+0000] {processor.py:179} INFO - Processing /home/airflow/.local/lib/python3.8/site-packages/airflow/example_dags/example_branch_operator_decorator.py took 0.051 seconds
[2023-10-13T23:15:54.422+0000] {processor.py:157} INFO - Started process (PID=521) to work on /home/airflow/.local/lib/python3.8/site-packages/airflow/example_dags/example_branch_operator_decorator.py
[2023-10-13T23:15:54.422+0000] {processor.py:829} INFO - Processing file /home/airflow/.local/lib/python3.8/site-packages/airflow/example_dags/example_branch_operator_decorator.py for tasks to queue
[2023-10-13T23:15:54.424+0000] {logging_mixin.py:151} INFO - [2023-10-13T23:15:54.424+0000] {dagbag.py:536} INFO - Filling up the DagBag from /home/airflow/.local/lib/python3.8/site-packages/airflow/example_dags/example_branch_operator_decorator.py
[2023-10-13T23:15:54.430+0000] {processor.py:839} INFO - DAG(s) dict_keys(['example_branch_python_operator_decorator']) retrieved from /home/airflow/.local/lib/python3.8/site-packages/airflow/example_dags/example_branch_operator_decorator.py
[2023-10-13T23:15:54.444+0000] {logging_mixin.py:151} INFO - [2023-10-13T23:15:54.443+0000] {dag.py:2941} INFO - Sync 1 DAGs
[2023-10-13T23:15:54.455+0000] {logging_mixin.py:151} INFO - [2023-10-13T23:15:54.455+0000] {dag.py:3722} INFO - Setting next_dagrun for example_branch_python_operator_decorator to 2023-10-12T00:00:00+00:00, run_after=2023-10-13T00:00:00+00:00
[2023-10-13T23:15:54.464+0000] {processor.py:179} INFO - Processing /home/airflow/.local/lib/python3.8/site-packages/airflow/example_dags/example_branch_operator_decorator.py took 0.044 seconds
[2023-10-13T23:16:25.353+0000] {processor.py:157} INFO - Started process (PID=575) to work on /home/airflow/.local/lib/python3.8/site-packages/airflow/example_dags/example_branch_operator_decorator.py
[2023-10-13T23:16:25.353+0000] {processor.py:829} INFO - Processing file /home/airflow/.local/lib/python3.8/site-packages/airflow/example_dags/example_branch_operator_decorator.py for tasks to queue
[2023-10-13T23:16:25.355+0000] {logging_mixin.py:151} INFO - [2023-10-13T23:16:25.355+0000] {dagbag.py:536} INFO - Filling up the DagBag from /home/airflow/.local/lib/python3.8/site-packages/airflow/example_dags/example_branch_operator_decorator.py
[2023-10-13T23:16:25.361+0000] {processor.py:839} INFO - DAG(s) dict_keys(['example_branch_python_operator_decorator']) retrieved from /home/airflow/.local/lib/python3.8/site-packages/airflow/example_dags/example_branch_operator_decorator.py
[2023-10-13T23:16:25.375+0000] {logging_mixin.py:151} INFO - [2023-10-13T23:16:25.375+0000] {dag.py:2941} INFO - Sync 1 DAGs
[2023-10-13T23:16:25.387+0000] {logging_mixin.py:151} INFO - [2023-10-13T23:16:25.387+0000] {dag.py:3722} INFO - Setting next_dagrun for example_branch_python_operator_decorator to 2023-10-12T00:00:00+00:00, run_after=2023-10-13T00:00:00+00:00
[2023-10-13T23:16:25.397+0000] {processor.py:179} INFO - Processing /home/airflow/.local/lib/python3.8/site-packages/airflow/example_dags/example_branch_operator_decorator.py took 0.046 seconds
[2023-10-13T23:16:55.457+0000] {processor.py:157} INFO - Started process (PID=629) to work on /home/airflow/.local/lib/python3.8/site-packages/airflow/example_dags/example_branch_operator_decorator.py
[2023-10-13T23:16:55.458+0000] {processor.py:829} INFO - Processing file /home/airflow/.local/lib/python3.8/site-packages/airflow/example_dags/example_branch_operator_decorator.py for tasks to queue
[2023-10-13T23:16:55.459+0000] {logging_mixin.py:151} INFO - [2023-10-13T23:16:55.459+0000] {dagbag.py:536} INFO - Filling up the DagBag from /home/airflow/.local/lib/python3.8/site-packages/airflow/example_dags/example_branch_operator_decorator.py
[2023-10-13T23:16:55.465+0000] {processor.py:839} INFO - DAG(s) dict_keys(['example_branch_python_operator_decorator']) retrieved from /home/airflow/.local/lib/python3.8/site-packages/airflow/example_dags/example_branch_operator_decorator.py
[2023-10-13T23:16:55.477+0000] {logging_mixin.py:151} INFO - [2023-10-13T23:16:55.477+0000] {dag.py:2941} INFO - Sync 1 DAGs
[2023-10-13T23:16:55.488+0000] {logging_mixin.py:151} INFO - [2023-10-13T23:16:55.488+0000] {dag.py:3722} INFO - Setting next_dagrun for example_branch_python_operator_decorator to 2023-10-12T00:00:00+00:00, run_after=2023-10-13T00:00:00+00:00
[2023-10-13T23:16:55.498+0000] {processor.py:179} INFO - Processing /home/airflow/.local/lib/python3.8/site-packages/airflow/example_dags/example_branch_operator_decorator.py took 0.043 seconds
[2023-10-13T23:17:25.662+0000] {processor.py:157} INFO - Started process (PID=683) to work on /home/airflow/.local/lib/python3.8/site-packages/airflow/example_dags/example_branch_operator_decorator.py
[2023-10-13T23:17:25.663+0000] {processor.py:829} INFO - Processing file /home/airflow/.local/lib/python3.8/site-packages/airflow/example_dags/example_branch_operator_decorator.py for tasks to queue
[2023-10-13T23:17:25.664+0000] {logging_mixin.py:151} INFO - [2023-10-13T23:17:25.664+0000] {dagbag.py:536} INFO - Filling up the DagBag from /home/airflow/.local/lib/python3.8/site-packages/airflow/example_dags/example_branch_operator_decorator.py
[2023-10-13T23:17:25.670+0000] {processor.py:839} INFO - DAG(s) dict_keys(['example_branch_python_operator_decorator']) retrieved from /home/airflow/.local/lib/python3.8/site-packages/airflow/example_dags/example_branch_operator_decorator.py
[2023-10-13T23:17:25.683+0000] {logging_mixin.py:151} INFO - [2023-10-13T23:17:25.683+0000] {dag.py:2941} INFO - Sync 1 DAGs
[2023-10-13T23:17:25.694+0000] {logging_mixin.py:151} INFO - [2023-10-13T23:17:25.694+0000] {dag.py:3722} INFO - Setting next_dagrun for example_branch_python_operator_decorator to 2023-10-12T00:00:00+00:00, run_after=2023-10-13T00:00:00+00:00
[2023-10-13T23:17:25.703+0000] {processor.py:179} INFO - Processing /home/airflow/.local/lib/python3.8/site-packages/airflow/example_dags/example_branch_operator_decorator.py took 0.043 seconds
[2023-10-13T23:17:56.533+0000] {processor.py:157} INFO - Started process (PID=737) to work on /home/airflow/.local/lib/python3.8/site-packages/airflow/example_dags/example_branch_operator_decorator.py
[2023-10-13T23:17:56.533+0000] {processor.py:829} INFO - Processing file /home/airflow/.local/lib/python3.8/site-packages/airflow/example_dags/example_branch_operator_decorator.py for tasks to queue
[2023-10-13T23:17:56.535+0000] {logging_mixin.py:151} INFO - [2023-10-13T23:17:56.534+0000] {dagbag.py:536} INFO - Filling up the DagBag from /home/airflow/.local/lib/python3.8/site-packages/airflow/example_dags/example_branch_operator_decorator.py
[2023-10-13T23:17:56.541+0000] {processor.py:839} INFO - DAG(s) dict_keys(['example_branch_python_operator_decorator']) retrieved from /home/airflow/.local/lib/python3.8/site-packages/airflow/example_dags/example_branch_operator_decorator.py
[2023-10-13T23:17:56.555+0000] {logging_mixin.py:151} INFO - [2023-10-13T23:17:56.555+0000] {dag.py:2941} INFO - Sync 1 DAGs
[2023-10-13T23:17:56.566+0000] {logging_mixin.py:151} INFO - [2023-10-13T23:17:56.566+0000] {dag.py:3722} INFO - Setting next_dagrun for example_branch_python_operator_decorator to 2023-10-12T00:00:00+00:00, run_after=2023-10-13T00:00:00+00:00
[2023-10-13T23:17:56.574+0000] {processor.py:179} INFO - Processing /home/airflow/.local/lib/python3.8/site-packages/airflow/example_dags/example_branch_operator_decorator.py took 0.044 seconds
[2023-10-13T23:18:26.771+0000] {processor.py:157} INFO - Started process (PID=791) to work on /home/airflow/.local/lib/python3.8/site-packages/airflow/example_dags/example_branch_operator_decorator.py
[2023-10-13T23:18:26.771+0000] {processor.py:829} INFO - Processing file /home/airflow/.local/lib/python3.8/site-packages/airflow/example_dags/example_branch_operator_decorator.py for tasks to queue
[2023-10-13T23:18:26.773+0000] {logging_mixin.py:151} INFO - [2023-10-13T23:18:26.772+0000] {dagbag.py:536} INFO - Filling up the DagBag from /home/airflow/.local/lib/python3.8/site-packages/airflow/example_dags/example_branch_operator_decorator.py
[2023-10-13T23:18:26.779+0000] {processor.py:839} INFO - DAG(s) dict_keys(['example_branch_python_operator_decorator']) retrieved from /home/airflow/.local/lib/python3.8/site-packages/airflow/example_dags/example_branch_operator_decorator.py
[2023-10-13T23:18:26.792+0000] {logging_mixin.py:151} INFO - [2023-10-13T23:18:26.792+0000] {dag.py:2941} INFO - Sync 1 DAGs
[2023-10-13T23:18:26.804+0000] {logging_mixin.py:151} INFO - [2023-10-13T23:18:26.804+0000] {dag.py:3722} INFO - Setting next_dagrun for example_branch_python_operator_decorator to 2023-10-12T00:00:00+00:00, run_after=2023-10-13T00:00:00+00:00
[2023-10-13T23:18:26.814+0000] {processor.py:179} INFO - Processing /home/airflow/.local/lib/python3.8/site-packages/airflow/example_dags/example_branch_operator_decorator.py took 0.046 seconds
[2023-10-13T23:18:56.866+0000] {processor.py:157} INFO - Started process (PID=845) to work on /home/airflow/.local/lib/python3.8/site-packages/airflow/example_dags/example_branch_operator_decorator.py
[2023-10-13T23:18:56.866+0000] {processor.py:829} INFO - Processing file /home/airflow/.local/lib/python3.8/site-packages/airflow/example_dags/example_branch_operator_decorator.py for tasks to queue
[2023-10-13T23:18:56.868+0000] {logging_mixin.py:151} INFO - [2023-10-13T23:18:56.868+0000] {dagbag.py:536} INFO - Filling up the DagBag from /home/airflow/.local/lib/python3.8/site-packages/airflow/example_dags/example_branch_operator_decorator.py
[2023-10-13T23:18:56.873+0000] {processor.py:839} INFO - DAG(s) dict_keys(['example_branch_python_operator_decorator']) retrieved from /home/airflow/.local/lib/python3.8/site-packages/airflow/example_dags/example_branch_operator_decorator.py
[2023-10-13T23:18:56.885+0000] {logging_mixin.py:151} INFO - [2023-10-13T23:18:56.885+0000] {dag.py:2941} INFO - Sync 1 DAGs
[2023-10-13T23:18:56.896+0000] {logging_mixin.py:151} INFO - [2023-10-13T23:18:56.896+0000] {dag.py:3722} INFO - Setting next_dagrun for example_branch_python_operator_decorator to 2023-10-12T00:00:00+00:00, run_after=2023-10-13T00:00:00+00:00
[2023-10-13T23:18:56.905+0000] {processor.py:179} INFO - Processing /home/airflow/.local/lib/python3.8/site-packages/airflow/example_dags/example_branch_operator_decorator.py took 0.042 seconds
[2023-10-13T23:19:27.022+0000] {processor.py:157} INFO - Started process (PID=899) to work on /home/airflow/.local/lib/python3.8/site-packages/airflow/example_dags/example_branch_operator_decorator.py
[2023-10-13T23:19:27.023+0000] {processor.py:829} INFO - Processing file /home/airflow/.local/lib/python3.8/site-packages/airflow/example_dags/example_branch_operator_decorator.py for tasks to queue
[2023-10-13T23:19:27.024+0000] {logging_mixin.py:151} INFO - [2023-10-13T23:19:27.024+0000] {dagbag.py:536} INFO - Filling up the DagBag from /home/airflow/.local/lib/python3.8/site-packages/airflow/example_dags/example_branch_operator_decorator.py
[2023-10-13T23:19:27.030+0000] {processor.py:839} INFO - DAG(s) dict_keys(['example_branch_python_operator_decorator']) retrieved from /home/airflow/.local/lib/python3.8/site-packages/airflow/example_dags/example_branch_operator_decorator.py
[2023-10-13T23:19:27.042+0000] {logging_mixin.py:151} INFO - [2023-10-13T23:19:27.042+0000] {dag.py:2941} INFO - Sync 1 DAGs
[2023-10-13T23:19:27.053+0000] {logging_mixin.py:151} INFO - [2023-10-13T23:19:27.053+0000] {dag.py:3722} INFO - Setting next_dagrun for example_branch_python_operator_decorator to 2023-10-12T00:00:00+00:00, run_after=2023-10-13T00:00:00+00:00
[2023-10-13T23:19:27.062+0000] {processor.py:179} INFO - Processing /home/airflow/.local/lib/python3.8/site-packages/airflow/example_dags/example_branch_operator_decorator.py took 0.042 seconds
