[2023-10-13T23:09:58.900+0000] {processor.py:157} INFO - Started process (PID=55) to work on /home/airflow/.local/lib/python3.8/site-packages/airflow/example_dags/example_task_group.py
[2023-10-13T23:09:58.901+0000] {processor.py:829} INFO - Processing file /home/airflow/.local/lib/python3.8/site-packages/airflow/example_dags/example_task_group.py for tasks to queue
[2023-10-13T23:09:58.902+0000] {logging_mixin.py:151} INFO - [2023-10-13T23:09:58.902+0000] {dagbag.py:536} INFO - Filling up the DagBag from /home/airflow/.local/lib/python3.8/site-packages/airflow/example_dags/example_task_group.py
[2023-10-13T23:09:58.910+0000] {processor.py:839} INFO - DAG(s) dict_keys(['example_task_group']) retrieved from /home/airflow/.local/lib/python3.8/site-packages/airflow/example_dags/example_task_group.py
[2023-10-13T23:09:58.923+0000] {logging_mixin.py:151} INFO - [2023-10-13T23:09:58.923+0000] {dag.py:2941} INFO - Sync 1 DAGs
[2023-10-13T23:09:58.947+0000] {logging_mixin.py:151} INFO - [2023-10-13T23:09:58.946+0000] {dag.py:3722} INFO - Setting next_dagrun for example_task_group to 2023-10-12T23:09:58.946591+00:00, run_after=2023-10-13T23:09:58.946591+00:00
[2023-10-13T23:09:58.967+0000] {processor.py:179} INFO - Processing /home/airflow/.local/lib/python3.8/site-packages/airflow/example_dags/example_task_group.py took 0.069 seconds
[2023-10-13T23:11:23.236+0000] {processor.py:157} INFO - Started process (PID=54) to work on /home/airflow/.local/lib/python3.8/site-packages/airflow/example_dags/example_task_group.py
[2023-10-13T23:11:23.237+0000] {processor.py:829} INFO - Processing file /home/airflow/.local/lib/python3.8/site-packages/airflow/example_dags/example_task_group.py for tasks to queue
[2023-10-13T23:11:23.240+0000] {logging_mixin.py:151} INFO - [2023-10-13T23:11:23.240+0000] {dagbag.py:536} INFO - Filling up the DagBag from /home/airflow/.local/lib/python3.8/site-packages/airflow/example_dags/example_task_group.py
[2023-10-13T23:11:23.251+0000] {processor.py:839} INFO - DAG(s) dict_keys(['example_task_group']) retrieved from /home/airflow/.local/lib/python3.8/site-packages/airflow/example_dags/example_task_group.py
[2023-10-13T23:11:23.263+0000] {logging_mixin.py:151} INFO - [2023-10-13T23:11:23.263+0000] {dag.py:2941} INFO - Sync 1 DAGs
[2023-10-13T23:11:23.286+0000] {logging_mixin.py:151} INFO - [2023-10-13T23:11:23.286+0000] {dag.py:3722} INFO - Setting next_dagrun for example_task_group to 2023-10-12T23:11:23.286028+00:00, run_after=2023-10-13T23:11:23.286028+00:00
[2023-10-13T23:11:23.304+0000] {processor.py:179} INFO - Processing /home/airflow/.local/lib/python3.8/site-packages/airflow/example_dags/example_task_group.py took 0.072 seconds
[2023-10-13T23:11:53.663+0000] {processor.py:157} INFO - Started process (PID=108) to work on /home/airflow/.local/lib/python3.8/site-packages/airflow/example_dags/example_task_group.py
[2023-10-13T23:11:53.664+0000] {processor.py:829} INFO - Processing file /home/airflow/.local/lib/python3.8/site-packages/airflow/example_dags/example_task_group.py for tasks to queue
[2023-10-13T23:11:53.665+0000] {logging_mixin.py:151} INFO - [2023-10-13T23:11:53.665+0000] {dagbag.py:536} INFO - Filling up the DagBag from /home/airflow/.local/lib/python3.8/site-packages/airflow/example_dags/example_task_group.py
[2023-10-13T23:11:53.670+0000] {processor.py:839} INFO - DAG(s) dict_keys(['example_task_group']) retrieved from /home/airflow/.local/lib/python3.8/site-packages/airflow/example_dags/example_task_group.py
[2023-10-13T23:11:53.685+0000] {logging_mixin.py:151} INFO - [2023-10-13T23:11:53.685+0000] {dag.py:2941} INFO - Sync 1 DAGs
[2023-10-13T23:11:53.699+0000] {logging_mixin.py:151} INFO - [2023-10-13T23:11:53.699+0000] {dag.py:3722} INFO - Setting next_dagrun for example_task_group to 2023-10-12T23:11:53.699287+00:00, run_after=2023-10-13T23:11:53.699287+00:00
[2023-10-13T23:11:53.712+0000] {processor.py:179} INFO - Processing /home/airflow/.local/lib/python3.8/site-packages/airflow/example_dags/example_task_group.py took 0.052 seconds
[2023-10-13T23:12:23.888+0000] {processor.py:157} INFO - Started process (PID=162) to work on /home/airflow/.local/lib/python3.8/site-packages/airflow/example_dags/example_task_group.py
[2023-10-13T23:12:23.889+0000] {processor.py:829} INFO - Processing file /home/airflow/.local/lib/python3.8/site-packages/airflow/example_dags/example_task_group.py for tasks to queue
[2023-10-13T23:12:23.891+0000] {logging_mixin.py:151} INFO - [2023-10-13T23:12:23.891+0000] {dagbag.py:536} INFO - Filling up the DagBag from /home/airflow/.local/lib/python3.8/site-packages/airflow/example_dags/example_task_group.py
[2023-10-13T23:12:23.897+0000] {processor.py:839} INFO - DAG(s) dict_keys(['example_task_group']) retrieved from /home/airflow/.local/lib/python3.8/site-packages/airflow/example_dags/example_task_group.py
[2023-10-13T23:12:23.915+0000] {logging_mixin.py:151} INFO - [2023-10-13T23:12:23.915+0000] {dag.py:2941} INFO - Sync 1 DAGs
[2023-10-13T23:12:23.935+0000] {logging_mixin.py:151} INFO - [2023-10-13T23:12:23.935+0000] {dag.py:3722} INFO - Setting next_dagrun for example_task_group to 2023-10-12T23:12:23.934969+00:00, run_after=2023-10-13T23:12:23.934969+00:00
[2023-10-13T23:12:23.951+0000] {processor.py:179} INFO - Processing /home/airflow/.local/lib/python3.8/site-packages/airflow/example_dags/example_task_group.py took 0.065 seconds
[2023-10-13T23:12:54.924+0000] {processor.py:157} INFO - Started process (PID=216) to work on /home/airflow/.local/lib/python3.8/site-packages/airflow/example_dags/example_task_group.py
[2023-10-13T23:12:54.924+0000] {processor.py:829} INFO - Processing file /home/airflow/.local/lib/python3.8/site-packages/airflow/example_dags/example_task_group.py for tasks to queue
[2023-10-13T23:12:54.926+0000] {logging_mixin.py:151} INFO - [2023-10-13T23:12:54.926+0000] {dagbag.py:536} INFO - Filling up the DagBag from /home/airflow/.local/lib/python3.8/site-packages/airflow/example_dags/example_task_group.py
[2023-10-13T23:12:54.931+0000] {processor.py:839} INFO - DAG(s) dict_keys(['example_task_group']) retrieved from /home/airflow/.local/lib/python3.8/site-packages/airflow/example_dags/example_task_group.py
[2023-10-13T23:12:54.945+0000] {logging_mixin.py:151} INFO - [2023-10-13T23:12:54.945+0000] {dag.py:2941} INFO - Sync 1 DAGs
[2023-10-13T23:12:54.958+0000] {logging_mixin.py:151} INFO - [2023-10-13T23:12:54.958+0000] {dag.py:3722} INFO - Setting next_dagrun for example_task_group to 2023-10-12T23:12:54.958226+00:00, run_after=2023-10-13T23:12:54.958226+00:00
[2023-10-13T23:12:54.970+0000] {processor.py:179} INFO - Processing /home/airflow/.local/lib/python3.8/site-packages/airflow/example_dags/example_task_group.py took 0.049 seconds
[2023-10-13T23:13:25.108+0000] {processor.py:157} INFO - Started process (PID=270) to work on /home/airflow/.local/lib/python3.8/site-packages/airflow/example_dags/example_task_group.py
[2023-10-13T23:13:25.109+0000] {processor.py:829} INFO - Processing file /home/airflow/.local/lib/python3.8/site-packages/airflow/example_dags/example_task_group.py for tasks to queue
[2023-10-13T23:13:25.111+0000] {logging_mixin.py:151} INFO - [2023-10-13T23:13:25.110+0000] {dagbag.py:536} INFO - Filling up the DagBag from /home/airflow/.local/lib/python3.8/site-packages/airflow/example_dags/example_task_group.py
[2023-10-13T23:13:25.116+0000] {processor.py:839} INFO - DAG(s) dict_keys(['example_task_group']) retrieved from /home/airflow/.local/lib/python3.8/site-packages/airflow/example_dags/example_task_group.py
[2023-10-13T23:13:25.130+0000] {logging_mixin.py:151} INFO - [2023-10-13T23:13:25.130+0000] {dag.py:2941} INFO - Sync 1 DAGs
[2023-10-13T23:13:25.143+0000] {logging_mixin.py:151} INFO - [2023-10-13T23:13:25.142+0000] {dag.py:3722} INFO - Setting next_dagrun for example_task_group to 2023-10-12T23:13:25.142706+00:00, run_after=2023-10-13T23:13:25.142706+00:00
[2023-10-13T23:13:25.155+0000] {processor.py:179} INFO - Processing /home/airflow/.local/lib/python3.8/site-packages/airflow/example_dags/example_task_group.py took 0.049 seconds
[2023-10-13T23:13:55.264+0000] {processor.py:157} INFO - Started process (PID=324) to work on /home/airflow/.local/lib/python3.8/site-packages/airflow/example_dags/example_task_group.py
[2023-10-13T23:13:55.264+0000] {processor.py:829} INFO - Processing file /home/airflow/.local/lib/python3.8/site-packages/airflow/example_dags/example_task_group.py for tasks to queue
[2023-10-13T23:13:55.266+0000] {logging_mixin.py:151} INFO - [2023-10-13T23:13:55.266+0000] {dagbag.py:536} INFO - Filling up the DagBag from /home/airflow/.local/lib/python3.8/site-packages/airflow/example_dags/example_task_group.py
[2023-10-13T23:13:55.271+0000] {processor.py:839} INFO - DAG(s) dict_keys(['example_task_group']) retrieved from /home/airflow/.local/lib/python3.8/site-packages/airflow/example_dags/example_task_group.py
[2023-10-13T23:13:55.286+0000] {logging_mixin.py:151} INFO - [2023-10-13T23:13:55.285+0000] {dag.py:2941} INFO - Sync 1 DAGs
[2023-10-13T23:13:55.298+0000] {logging_mixin.py:151} INFO - [2023-10-13T23:13:55.298+0000] {dag.py:3722} INFO - Setting next_dagrun for example_task_group to 2023-10-12T23:13:55.297904+00:00, run_after=2023-10-13T23:13:55.297904+00:00
[2023-10-13T23:13:55.308+0000] {processor.py:179} INFO - Processing /home/airflow/.local/lib/python3.8/site-packages/airflow/example_dags/example_task_group.py took 0.047 seconds
[2023-10-13T23:14:25.500+0000] {processor.py:157} INFO - Started process (PID=378) to work on /home/airflow/.local/lib/python3.8/site-packages/airflow/example_dags/example_task_group.py
[2023-10-13T23:14:25.501+0000] {processor.py:829} INFO - Processing file /home/airflow/.local/lib/python3.8/site-packages/airflow/example_dags/example_task_group.py for tasks to queue
[2023-10-13T23:14:25.502+0000] {logging_mixin.py:151} INFO - [2023-10-13T23:14:25.502+0000] {dagbag.py:536} INFO - Filling up the DagBag from /home/airflow/.local/lib/python3.8/site-packages/airflow/example_dags/example_task_group.py
[2023-10-13T23:14:25.507+0000] {processor.py:839} INFO - DAG(s) dict_keys(['example_task_group']) retrieved from /home/airflow/.local/lib/python3.8/site-packages/airflow/example_dags/example_task_group.py
[2023-10-13T23:14:25.521+0000] {logging_mixin.py:151} INFO - [2023-10-13T23:14:25.521+0000] {dag.py:2941} INFO - Sync 1 DAGs
[2023-10-13T23:14:25.534+0000] {logging_mixin.py:151} INFO - [2023-10-13T23:14:25.534+0000] {dag.py:3722} INFO - Setting next_dagrun for example_task_group to 2023-10-12T23:14:25.534409+00:00, run_after=2023-10-13T23:14:25.534409+00:00
[2023-10-13T23:14:25.545+0000] {processor.py:179} INFO - Processing /home/airflow/.local/lib/python3.8/site-packages/airflow/example_dags/example_task_group.py took 0.049 seconds
[2023-10-13T23:14:55.695+0000] {processor.py:157} INFO - Started process (PID=432) to work on /home/airflow/.local/lib/python3.8/site-packages/airflow/example_dags/example_task_group.py
[2023-10-13T23:14:55.696+0000] {processor.py:829} INFO - Processing file /home/airflow/.local/lib/python3.8/site-packages/airflow/example_dags/example_task_group.py for tasks to queue
[2023-10-13T23:14:55.698+0000] {logging_mixin.py:151} INFO - [2023-10-13T23:14:55.698+0000] {dagbag.py:536} INFO - Filling up the DagBag from /home/airflow/.local/lib/python3.8/site-packages/airflow/example_dags/example_task_group.py
[2023-10-13T23:14:55.703+0000] {processor.py:839} INFO - DAG(s) dict_keys(['example_task_group']) retrieved from /home/airflow/.local/lib/python3.8/site-packages/airflow/example_dags/example_task_group.py
[2023-10-13T23:14:55.719+0000] {logging_mixin.py:151} INFO - [2023-10-13T23:14:55.719+0000] {dag.py:2941} INFO - Sync 1 DAGs
[2023-10-13T23:14:55.732+0000] {logging_mixin.py:151} INFO - [2023-10-13T23:14:55.732+0000] {dag.py:3722} INFO - Setting next_dagrun for example_task_group to 2023-10-12T23:14:55.732514+00:00, run_after=2023-10-13T23:14:55.732514+00:00
[2023-10-13T23:14:55.744+0000] {processor.py:179} INFO - Processing /home/airflow/.local/lib/python3.8/site-packages/airflow/example_dags/example_task_group.py took 0.052 seconds
[2023-10-13T23:15:25.979+0000] {processor.py:157} INFO - Started process (PID=486) to work on /home/airflow/.local/lib/python3.8/site-packages/airflow/example_dags/example_task_group.py
[2023-10-13T23:15:25.981+0000] {processor.py:829} INFO - Processing file /home/airflow/.local/lib/python3.8/site-packages/airflow/example_dags/example_task_group.py for tasks to queue
[2023-10-13T23:15:25.982+0000] {logging_mixin.py:151} INFO - [2023-10-13T23:15:25.982+0000] {dagbag.py:536} INFO - Filling up the DagBag from /home/airflow/.local/lib/python3.8/site-packages/airflow/example_dags/example_task_group.py
[2023-10-13T23:15:25.987+0000] {processor.py:839} INFO - DAG(s) dict_keys(['example_task_group']) retrieved from /home/airflow/.local/lib/python3.8/site-packages/airflow/example_dags/example_task_group.py
[2023-10-13T23:15:26.001+0000] {logging_mixin.py:151} INFO - [2023-10-13T23:15:26.001+0000] {dag.py:2941} INFO - Sync 1 DAGs
[2023-10-13T23:15:26.013+0000] {logging_mixin.py:151} INFO - [2023-10-13T23:15:26.012+0000] {dag.py:3722} INFO - Setting next_dagrun for example_task_group to 2023-10-12T23:15:26.012767+00:00, run_after=2023-10-13T23:15:26.012767+00:00
[2023-10-13T23:15:26.023+0000] {processor.py:179} INFO - Processing /home/airflow/.local/lib/python3.8/site-packages/airflow/example_dags/example_task_group.py took 0.047 seconds
[2023-10-13T23:15:56.162+0000] {processor.py:157} INFO - Started process (PID=540) to work on /home/airflow/.local/lib/python3.8/site-packages/airflow/example_dags/example_task_group.py
[2023-10-13T23:15:56.163+0000] {processor.py:829} INFO - Processing file /home/airflow/.local/lib/python3.8/site-packages/airflow/example_dags/example_task_group.py for tasks to queue
[2023-10-13T23:15:56.164+0000] {logging_mixin.py:151} INFO - [2023-10-13T23:15:56.164+0000] {dagbag.py:536} INFO - Filling up the DagBag from /home/airflow/.local/lib/python3.8/site-packages/airflow/example_dags/example_task_group.py
[2023-10-13T23:15:56.169+0000] {processor.py:839} INFO - DAG(s) dict_keys(['example_task_group']) retrieved from /home/airflow/.local/lib/python3.8/site-packages/airflow/example_dags/example_task_group.py
[2023-10-13T23:15:56.186+0000] {logging_mixin.py:151} INFO - [2023-10-13T23:15:56.186+0000] {dag.py:2941} INFO - Sync 1 DAGs
[2023-10-13T23:15:56.200+0000] {logging_mixin.py:151} INFO - [2023-10-13T23:15:56.200+0000] {dag.py:3722} INFO - Setting next_dagrun for example_task_group to 2023-10-12T23:15:56.200169+00:00, run_after=2023-10-13T23:15:56.200169+00:00
[2023-10-13T23:15:56.212+0000] {processor.py:179} INFO - Processing /home/airflow/.local/lib/python3.8/site-packages/airflow/example_dags/example_task_group.py took 0.053 seconds
[2023-10-13T23:16:27.016+0000] {processor.py:157} INFO - Started process (PID=594) to work on /home/airflow/.local/lib/python3.8/site-packages/airflow/example_dags/example_task_group.py
[2023-10-13T23:16:27.017+0000] {processor.py:829} INFO - Processing file /home/airflow/.local/lib/python3.8/site-packages/airflow/example_dags/example_task_group.py for tasks to queue
[2023-10-13T23:16:27.018+0000] {logging_mixin.py:151} INFO - [2023-10-13T23:16:27.018+0000] {dagbag.py:536} INFO - Filling up the DagBag from /home/airflow/.local/lib/python3.8/site-packages/airflow/example_dags/example_task_group.py
[2023-10-13T23:16:27.023+0000] {processor.py:839} INFO - DAG(s) dict_keys(['example_task_group']) retrieved from /home/airflow/.local/lib/python3.8/site-packages/airflow/example_dags/example_task_group.py
[2023-10-13T23:16:27.039+0000] {logging_mixin.py:151} INFO - [2023-10-13T23:16:27.039+0000] {dag.py:2941} INFO - Sync 1 DAGs
[2023-10-13T23:16:27.051+0000] {logging_mixin.py:151} INFO - [2023-10-13T23:16:27.050+0000] {dag.py:3722} INFO - Setting next_dagrun for example_task_group to 2023-10-12T23:16:27.050843+00:00, run_after=2023-10-13T23:16:27.050843+00:00
[2023-10-13T23:16:27.061+0000] {processor.py:179} INFO - Processing /home/airflow/.local/lib/python3.8/site-packages/airflow/example_dags/example_task_group.py took 0.049 seconds
[2023-10-13T23:16:57.327+0000] {processor.py:157} INFO - Started process (PID=648) to work on /home/airflow/.local/lib/python3.8/site-packages/airflow/example_dags/example_task_group.py
[2023-10-13T23:16:57.328+0000] {processor.py:829} INFO - Processing file /home/airflow/.local/lib/python3.8/site-packages/airflow/example_dags/example_task_group.py for tasks to queue
[2023-10-13T23:16:57.330+0000] {logging_mixin.py:151} INFO - [2023-10-13T23:16:57.330+0000] {dagbag.py:536} INFO - Filling up the DagBag from /home/airflow/.local/lib/python3.8/site-packages/airflow/example_dags/example_task_group.py
[2023-10-13T23:16:57.335+0000] {processor.py:839} INFO - DAG(s) dict_keys(['example_task_group']) retrieved from /home/airflow/.local/lib/python3.8/site-packages/airflow/example_dags/example_task_group.py
[2023-10-13T23:16:57.351+0000] {logging_mixin.py:151} INFO - [2023-10-13T23:16:57.351+0000] {dag.py:2941} INFO - Sync 1 DAGs
[2023-10-13T23:16:57.364+0000] {logging_mixin.py:151} INFO - [2023-10-13T23:16:57.363+0000] {dag.py:3722} INFO - Setting next_dagrun for example_task_group to 2023-10-12T23:16:57.363768+00:00, run_after=2023-10-13T23:16:57.363768+00:00
[2023-10-13T23:16:57.373+0000] {processor.py:179} INFO - Processing /home/airflow/.local/lib/python3.8/site-packages/airflow/example_dags/example_task_group.py took 0.049 seconds
[2023-10-13T23:17:28.332+0000] {processor.py:157} INFO - Started process (PID=702) to work on /home/airflow/.local/lib/python3.8/site-packages/airflow/example_dags/example_task_group.py
[2023-10-13T23:17:28.332+0000] {processor.py:829} INFO - Processing file /home/airflow/.local/lib/python3.8/site-packages/airflow/example_dags/example_task_group.py for tasks to queue
[2023-10-13T23:17:28.334+0000] {logging_mixin.py:151} INFO - [2023-10-13T23:17:28.334+0000] {dagbag.py:536} INFO - Filling up the DagBag from /home/airflow/.local/lib/python3.8/site-packages/airflow/example_dags/example_task_group.py
[2023-10-13T23:17:28.343+0000] {processor.py:839} INFO - DAG(s) dict_keys(['example_task_group']) retrieved from /home/airflow/.local/lib/python3.8/site-packages/airflow/example_dags/example_task_group.py
[2023-10-13T23:17:28.365+0000] {logging_mixin.py:151} INFO - [2023-10-13T23:17:28.365+0000] {dag.py:2941} INFO - Sync 1 DAGs
[2023-10-13T23:17:28.378+0000] {logging_mixin.py:151} INFO - [2023-10-13T23:17:28.378+0000] {dag.py:3722} INFO - Setting next_dagrun for example_task_group to 2023-10-12T23:17:28.377894+00:00, run_after=2023-10-13T23:17:28.377894+00:00
[2023-10-13T23:17:28.388+0000] {processor.py:179} INFO - Processing /home/airflow/.local/lib/python3.8/site-packages/airflow/example_dags/example_task_group.py took 0.058 seconds
[2023-10-13T23:17:59.337+0000] {processor.py:157} INFO - Started process (PID=756) to work on /home/airflow/.local/lib/python3.8/site-packages/airflow/example_dags/example_task_group.py
[2023-10-13T23:17:59.339+0000] {processor.py:829} INFO - Processing file /home/airflow/.local/lib/python3.8/site-packages/airflow/example_dags/example_task_group.py for tasks to queue
[2023-10-13T23:17:59.342+0000] {logging_mixin.py:151} INFO - [2023-10-13T23:17:59.342+0000] {dagbag.py:536} INFO - Filling up the DagBag from /home/airflow/.local/lib/python3.8/site-packages/airflow/example_dags/example_task_group.py
[2023-10-13T23:17:59.352+0000] {processor.py:839} INFO - DAG(s) dict_keys(['example_task_group']) retrieved from /home/airflow/.local/lib/python3.8/site-packages/airflow/example_dags/example_task_group.py
[2023-10-13T23:17:59.371+0000] {logging_mixin.py:151} INFO - [2023-10-13T23:17:59.370+0000] {dag.py:2941} INFO - Sync 1 DAGs
[2023-10-13T23:17:59.384+0000] {logging_mixin.py:151} INFO - [2023-10-13T23:17:59.384+0000] {dag.py:3722} INFO - Setting next_dagrun for example_task_group to 2023-10-12T23:17:59.384141+00:00, run_after=2023-10-13T23:17:59.384141+00:00
[2023-10-13T23:17:59.394+0000] {processor.py:179} INFO - Processing /home/airflow/.local/lib/python3.8/site-packages/airflow/example_dags/example_task_group.py took 0.063 seconds
[2023-10-13T23:18:29.463+0000] {processor.py:157} INFO - Started process (PID=810) to work on /home/airflow/.local/lib/python3.8/site-packages/airflow/example_dags/example_task_group.py
[2023-10-13T23:18:29.464+0000] {processor.py:829} INFO - Processing file /home/airflow/.local/lib/python3.8/site-packages/airflow/example_dags/example_task_group.py for tasks to queue
[2023-10-13T23:18:29.466+0000] {logging_mixin.py:151} INFO - [2023-10-13T23:18:29.466+0000] {dagbag.py:536} INFO - Filling up the DagBag from /home/airflow/.local/lib/python3.8/site-packages/airflow/example_dags/example_task_group.py
[2023-10-13T23:18:29.472+0000] {processor.py:839} INFO - DAG(s) dict_keys(['example_task_group']) retrieved from /home/airflow/.local/lib/python3.8/site-packages/airflow/example_dags/example_task_group.py
[2023-10-13T23:18:29.490+0000] {logging_mixin.py:151} INFO - [2023-10-13T23:18:29.490+0000] {dag.py:2941} INFO - Sync 1 DAGs
[2023-10-13T23:18:29.503+0000] {logging_mixin.py:151} INFO - [2023-10-13T23:18:29.503+0000] {dag.py:3722} INFO - Setting next_dagrun for example_task_group to 2023-10-12T23:18:29.503588+00:00, run_after=2023-10-13T23:18:29.503588+00:00
[2023-10-13T23:18:29.513+0000] {processor.py:179} INFO - Processing /home/airflow/.local/lib/python3.8/site-packages/airflow/example_dags/example_task_group.py took 0.055 seconds
[2023-10-13T23:18:59.608+0000] {processor.py:157} INFO - Started process (PID=864) to work on /home/airflow/.local/lib/python3.8/site-packages/airflow/example_dags/example_task_group.py
[2023-10-13T23:18:59.610+0000] {processor.py:829} INFO - Processing file /home/airflow/.local/lib/python3.8/site-packages/airflow/example_dags/example_task_group.py for tasks to queue
[2023-10-13T23:18:59.612+0000] {logging_mixin.py:151} INFO - [2023-10-13T23:18:59.612+0000] {dagbag.py:536} INFO - Filling up the DagBag from /home/airflow/.local/lib/python3.8/site-packages/airflow/example_dags/example_task_group.py
[2023-10-13T23:18:59.618+0000] {processor.py:839} INFO - DAG(s) dict_keys(['example_task_group']) retrieved from /home/airflow/.local/lib/python3.8/site-packages/airflow/example_dags/example_task_group.py
[2023-10-13T23:18:59.636+0000] {logging_mixin.py:151} INFO - [2023-10-13T23:18:59.636+0000] {dag.py:2941} INFO - Sync 1 DAGs
[2023-10-13T23:18:59.653+0000] {logging_mixin.py:151} INFO - [2023-10-13T23:18:59.652+0000] {dag.py:3722} INFO - Setting next_dagrun for example_task_group to 2023-10-12T23:18:59.652780+00:00, run_after=2023-10-13T23:18:59.652780+00:00
[2023-10-13T23:18:59.665+0000] {processor.py:179} INFO - Processing /home/airflow/.local/lib/python3.8/site-packages/airflow/example_dags/example_task_group.py took 0.059 seconds
[2023-10-13T23:19:29.776+0000] {processor.py:157} INFO - Started process (PID=918) to work on /home/airflow/.local/lib/python3.8/site-packages/airflow/example_dags/example_task_group.py
[2023-10-13T23:19:29.777+0000] {processor.py:829} INFO - Processing file /home/airflow/.local/lib/python3.8/site-packages/airflow/example_dags/example_task_group.py for tasks to queue
[2023-10-13T23:19:29.780+0000] {logging_mixin.py:151} INFO - [2023-10-13T23:19:29.780+0000] {dagbag.py:536} INFO - Filling up the DagBag from /home/airflow/.local/lib/python3.8/site-packages/airflow/example_dags/example_task_group.py
[2023-10-13T23:19:29.789+0000] {processor.py:839} INFO - DAG(s) dict_keys(['example_task_group']) retrieved from /home/airflow/.local/lib/python3.8/site-packages/airflow/example_dags/example_task_group.py
[2023-10-13T23:19:29.810+0000] {logging_mixin.py:151} INFO - [2023-10-13T23:19:29.810+0000] {dag.py:2941} INFO - Sync 1 DAGs
[2023-10-13T23:19:29.825+0000] {logging_mixin.py:151} INFO - [2023-10-13T23:19:29.825+0000] {dag.py:3722} INFO - Setting next_dagrun for example_task_group to 2023-10-12T23:19:29.824912+00:00, run_after=2023-10-13T23:19:29.824912+00:00
[2023-10-13T23:19:29.835+0000] {processor.py:179} INFO - Processing /home/airflow/.local/lib/python3.8/site-packages/airflow/example_dags/example_task_group.py took 0.063 seconds
