[2023-10-13T23:09:59.166+0000] {processor.py:157} INFO - Started process (PID=61) to work on /home/airflow/.local/lib/python3.8/site-packages/airflow/example_dags/tutorial_taskflow_api.py
[2023-10-13T23:09:59.167+0000] {processor.py:829} INFO - Processing file /home/airflow/.local/lib/python3.8/site-packages/airflow/example_dags/tutorial_taskflow_api.py for tasks to queue
[2023-10-13T23:09:59.169+0000] {logging_mixin.py:151} INFO - [2023-10-13T23:09:59.169+0000] {dagbag.py:536} INFO - Filling up the DagBag from /home/airflow/.local/lib/python3.8/site-packages/airflow/example_dags/tutorial_taskflow_api.py
[2023-10-13T23:09:59.178+0000] {processor.py:839} INFO - DAG(s) dict_keys(['tutorial_taskflow_api']) retrieved from /home/airflow/.local/lib/python3.8/site-packages/airflow/example_dags/tutorial_taskflow_api.py
[2023-10-13T23:09:59.190+0000] {logging_mixin.py:151} INFO - [2023-10-13T23:09:59.190+0000] {dag.py:2941} INFO - Sync 1 DAGs
[2023-10-13T23:09:59.202+0000] {logging_mixin.py:151} INFO - [2023-10-13T23:09:59.202+0000] {dag.py:3722} INFO - Setting next_dagrun for tutorial_taskflow_api to None, run_after=None
[2023-10-13T23:09:59.214+0000] {processor.py:179} INFO - Processing /home/airflow/.local/lib/python3.8/site-packages/airflow/example_dags/tutorial_taskflow_api.py took 0.050 seconds
[2023-10-13T23:11:23.580+0000] {processor.py:157} INFO - Started process (PID=60) to work on /home/airflow/.local/lib/python3.8/site-packages/airflow/example_dags/tutorial_taskflow_api.py
[2023-10-13T23:11:23.581+0000] {processor.py:829} INFO - Processing file /home/airflow/.local/lib/python3.8/site-packages/airflow/example_dags/tutorial_taskflow_api.py for tasks to queue
[2023-10-13T23:11:23.583+0000] {logging_mixin.py:151} INFO - [2023-10-13T23:11:23.583+0000] {dagbag.py:536} INFO - Filling up the DagBag from /home/airflow/.local/lib/python3.8/site-packages/airflow/example_dags/tutorial_taskflow_api.py
[2023-10-13T23:11:23.589+0000] {processor.py:839} INFO - DAG(s) dict_keys(['tutorial_taskflow_api']) retrieved from /home/airflow/.local/lib/python3.8/site-packages/airflow/example_dags/tutorial_taskflow_api.py
[2023-10-13T23:11:23.598+0000] {logging_mixin.py:151} INFO - [2023-10-13T23:11:23.598+0000] {dag.py:2941} INFO - Sync 1 DAGs
[2023-10-13T23:11:23.611+0000] {logging_mixin.py:151} INFO - [2023-10-13T23:11:23.611+0000] {dag.py:3722} INFO - Setting next_dagrun for tutorial_taskflow_api to None, run_after=None
[2023-10-13T23:11:23.623+0000] {processor.py:179} INFO - Processing /home/airflow/.local/lib/python3.8/site-packages/airflow/example_dags/tutorial_taskflow_api.py took 0.045 seconds
[2023-10-13T23:11:53.927+0000] {processor.py:157} INFO - Started process (PID=114) to work on /home/airflow/.local/lib/python3.8/site-packages/airflow/example_dags/tutorial_taskflow_api.py
[2023-10-13T23:11:53.928+0000] {processor.py:829} INFO - Processing file /home/airflow/.local/lib/python3.8/site-packages/airflow/example_dags/tutorial_taskflow_api.py for tasks to queue
[2023-10-13T23:11:53.930+0000] {logging_mixin.py:151} INFO - [2023-10-13T23:11:53.930+0000] {dagbag.py:536} INFO - Filling up the DagBag from /home/airflow/.local/lib/python3.8/site-packages/airflow/example_dags/tutorial_taskflow_api.py
[2023-10-13T23:11:53.936+0000] {processor.py:839} INFO - DAG(s) dict_keys(['tutorial_taskflow_api']) retrieved from /home/airflow/.local/lib/python3.8/site-packages/airflow/example_dags/tutorial_taskflow_api.py
[2023-10-13T23:11:53.953+0000] {logging_mixin.py:151} INFO - [2023-10-13T23:11:53.953+0000] {dag.py:2941} INFO - Sync 1 DAGs
[2023-10-13T23:11:53.962+0000] {logging_mixin.py:151} INFO - [2023-10-13T23:11:53.962+0000] {dag.py:3722} INFO - Setting next_dagrun for tutorial_taskflow_api to None, run_after=None
[2023-10-13T23:11:53.975+0000] {processor.py:179} INFO - Processing /home/airflow/.local/lib/python3.8/site-packages/airflow/example_dags/tutorial_taskflow_api.py took 0.050 seconds
[2023-10-13T23:12:24.177+0000] {processor.py:157} INFO - Started process (PID=168) to work on /home/airflow/.local/lib/python3.8/site-packages/airflow/example_dags/tutorial_taskflow_api.py
[2023-10-13T23:12:24.178+0000] {processor.py:829} INFO - Processing file /home/airflow/.local/lib/python3.8/site-packages/airflow/example_dags/tutorial_taskflow_api.py for tasks to queue
[2023-10-13T23:12:24.180+0000] {logging_mixin.py:151} INFO - [2023-10-13T23:12:24.180+0000] {dagbag.py:536} INFO - Filling up the DagBag from /home/airflow/.local/lib/python3.8/site-packages/airflow/example_dags/tutorial_taskflow_api.py
[2023-10-13T23:12:24.184+0000] {processor.py:839} INFO - DAG(s) dict_keys(['tutorial_taskflow_api']) retrieved from /home/airflow/.local/lib/python3.8/site-packages/airflow/example_dags/tutorial_taskflow_api.py
[2023-10-13T23:12:24.198+0000] {logging_mixin.py:151} INFO - [2023-10-13T23:12:24.198+0000] {dag.py:2941} INFO - Sync 1 DAGs
[2023-10-13T23:12:24.207+0000] {logging_mixin.py:151} INFO - [2023-10-13T23:12:24.206+0000] {dag.py:3722} INFO - Setting next_dagrun for tutorial_taskflow_api to None, run_after=None
[2023-10-13T23:12:24.220+0000] {processor.py:179} INFO - Processing /home/airflow/.local/lib/python3.8/site-packages/airflow/example_dags/tutorial_taskflow_api.py took 0.045 seconds
[2023-10-13T23:12:55.114+0000] {processor.py:157} INFO - Started process (PID=222) to work on /home/airflow/.local/lib/python3.8/site-packages/airflow/example_dags/tutorial_taskflow_api.py
[2023-10-13T23:12:55.115+0000] {processor.py:829} INFO - Processing file /home/airflow/.local/lib/python3.8/site-packages/airflow/example_dags/tutorial_taskflow_api.py for tasks to queue
[2023-10-13T23:12:55.117+0000] {logging_mixin.py:151} INFO - [2023-10-13T23:12:55.116+0000] {dagbag.py:536} INFO - Filling up the DagBag from /home/airflow/.local/lib/python3.8/site-packages/airflow/example_dags/tutorial_taskflow_api.py
[2023-10-13T23:12:55.121+0000] {processor.py:839} INFO - DAG(s) dict_keys(['tutorial_taskflow_api']) retrieved from /home/airflow/.local/lib/python3.8/site-packages/airflow/example_dags/tutorial_taskflow_api.py
[2023-10-13T23:12:55.135+0000] {logging_mixin.py:151} INFO - [2023-10-13T23:12:55.135+0000] {dag.py:2941} INFO - Sync 1 DAGs
[2023-10-13T23:12:55.142+0000] {logging_mixin.py:151} INFO - [2023-10-13T23:12:55.142+0000] {dag.py:3722} INFO - Setting next_dagrun for tutorial_taskflow_api to None, run_after=None
[2023-10-13T23:12:55.153+0000] {processor.py:179} INFO - Processing /home/airflow/.local/lib/python3.8/site-packages/airflow/example_dags/tutorial_taskflow_api.py took 0.041 seconds
[2023-10-13T23:13:25.362+0000] {processor.py:157} INFO - Started process (PID=276) to work on /home/airflow/.local/lib/python3.8/site-packages/airflow/example_dags/tutorial_taskflow_api.py
[2023-10-13T23:13:25.363+0000] {processor.py:829} INFO - Processing file /home/airflow/.local/lib/python3.8/site-packages/airflow/example_dags/tutorial_taskflow_api.py for tasks to queue
[2023-10-13T23:13:25.365+0000] {logging_mixin.py:151} INFO - [2023-10-13T23:13:25.364+0000] {dagbag.py:536} INFO - Filling up the DagBag from /home/airflow/.local/lib/python3.8/site-packages/airflow/example_dags/tutorial_taskflow_api.py
[2023-10-13T23:13:25.369+0000] {processor.py:839} INFO - DAG(s) dict_keys(['tutorial_taskflow_api']) retrieved from /home/airflow/.local/lib/python3.8/site-packages/airflow/example_dags/tutorial_taskflow_api.py
[2023-10-13T23:13:25.382+0000] {logging_mixin.py:151} INFO - [2023-10-13T23:13:25.382+0000] {dag.py:2941} INFO - Sync 1 DAGs
[2023-10-13T23:13:25.390+0000] {logging_mixin.py:151} INFO - [2023-10-13T23:13:25.390+0000] {dag.py:3722} INFO - Setting next_dagrun for tutorial_taskflow_api to None, run_after=None
[2023-10-13T23:13:25.401+0000] {processor.py:179} INFO - Processing /home/airflow/.local/lib/python3.8/site-packages/airflow/example_dags/tutorial_taskflow_api.py took 0.042 seconds
[2023-10-13T23:13:55.522+0000] {processor.py:157} INFO - Started process (PID=330) to work on /home/airflow/.local/lib/python3.8/site-packages/airflow/example_dags/tutorial_taskflow_api.py
[2023-10-13T23:13:55.523+0000] {processor.py:829} INFO - Processing file /home/airflow/.local/lib/python3.8/site-packages/airflow/example_dags/tutorial_taskflow_api.py for tasks to queue
[2023-10-13T23:13:55.525+0000] {logging_mixin.py:151} INFO - [2023-10-13T23:13:55.525+0000] {dagbag.py:536} INFO - Filling up the DagBag from /home/airflow/.local/lib/python3.8/site-packages/airflow/example_dags/tutorial_taskflow_api.py
[2023-10-13T23:13:55.529+0000] {processor.py:839} INFO - DAG(s) dict_keys(['tutorial_taskflow_api']) retrieved from /home/airflow/.local/lib/python3.8/site-packages/airflow/example_dags/tutorial_taskflow_api.py
[2023-10-13T23:13:55.542+0000] {logging_mixin.py:151} INFO - [2023-10-13T23:13:55.542+0000] {dag.py:2941} INFO - Sync 1 DAGs
[2023-10-13T23:13:55.549+0000] {logging_mixin.py:151} INFO - [2023-10-13T23:13:55.549+0000] {dag.py:3722} INFO - Setting next_dagrun for tutorial_taskflow_api to None, run_after=None
[2023-10-13T23:13:55.561+0000] {processor.py:179} INFO - Processing /home/airflow/.local/lib/python3.8/site-packages/airflow/example_dags/tutorial_taskflow_api.py took 0.041 seconds
[2023-10-13T23:14:25.767+0000] {processor.py:157} INFO - Started process (PID=384) to work on /home/airflow/.local/lib/python3.8/site-packages/airflow/example_dags/tutorial_taskflow_api.py
[2023-10-13T23:14:25.768+0000] {processor.py:829} INFO - Processing file /home/airflow/.local/lib/python3.8/site-packages/airflow/example_dags/tutorial_taskflow_api.py for tasks to queue
[2023-10-13T23:14:25.770+0000] {logging_mixin.py:151} INFO - [2023-10-13T23:14:25.770+0000] {dagbag.py:536} INFO - Filling up the DagBag from /home/airflow/.local/lib/python3.8/site-packages/airflow/example_dags/tutorial_taskflow_api.py
[2023-10-13T23:14:25.774+0000] {processor.py:839} INFO - DAG(s) dict_keys(['tutorial_taskflow_api']) retrieved from /home/airflow/.local/lib/python3.8/site-packages/airflow/example_dags/tutorial_taskflow_api.py
[2023-10-13T23:14:25.788+0000] {logging_mixin.py:151} INFO - [2023-10-13T23:14:25.788+0000] {dag.py:2941} INFO - Sync 1 DAGs
[2023-10-13T23:14:25.796+0000] {logging_mixin.py:151} INFO - [2023-10-13T23:14:25.795+0000] {dag.py:3722} INFO - Setting next_dagrun for tutorial_taskflow_api to None, run_after=None
[2023-10-13T23:14:25.807+0000] {processor.py:179} INFO - Processing /home/airflow/.local/lib/python3.8/site-packages/airflow/example_dags/tutorial_taskflow_api.py took 0.042 seconds
[2023-10-13T23:14:55.964+0000] {processor.py:157} INFO - Started process (PID=438) to work on /home/airflow/.local/lib/python3.8/site-packages/airflow/example_dags/tutorial_taskflow_api.py
[2023-10-13T23:14:55.965+0000] {processor.py:829} INFO - Processing file /home/airflow/.local/lib/python3.8/site-packages/airflow/example_dags/tutorial_taskflow_api.py for tasks to queue
[2023-10-13T23:14:55.967+0000] {logging_mixin.py:151} INFO - [2023-10-13T23:14:55.967+0000] {dagbag.py:536} INFO - Filling up the DagBag from /home/airflow/.local/lib/python3.8/site-packages/airflow/example_dags/tutorial_taskflow_api.py
[2023-10-13T23:14:55.972+0000] {processor.py:839} INFO - DAG(s) dict_keys(['tutorial_taskflow_api']) retrieved from /home/airflow/.local/lib/python3.8/site-packages/airflow/example_dags/tutorial_taskflow_api.py
[2023-10-13T23:14:55.987+0000] {logging_mixin.py:151} INFO - [2023-10-13T23:14:55.987+0000] {dag.py:2941} INFO - Sync 1 DAGs
[2023-10-13T23:14:55.996+0000] {logging_mixin.py:151} INFO - [2023-10-13T23:14:55.996+0000] {dag.py:3722} INFO - Setting next_dagrun for tutorial_taskflow_api to None, run_after=None
[2023-10-13T23:14:56.009+0000] {processor.py:179} INFO - Processing /home/airflow/.local/lib/python3.8/site-packages/airflow/example_dags/tutorial_taskflow_api.py took 0.049 seconds
[2023-10-13T23:15:26.167+0000] {processor.py:157} INFO - Started process (PID=492) to work on /home/airflow/.local/lib/python3.8/site-packages/airflow/example_dags/tutorial_taskflow_api.py
[2023-10-13T23:15:26.168+0000] {processor.py:829} INFO - Processing file /home/airflow/.local/lib/python3.8/site-packages/airflow/example_dags/tutorial_taskflow_api.py for tasks to queue
[2023-10-13T23:15:26.170+0000] {logging_mixin.py:151} INFO - [2023-10-13T23:15:26.170+0000] {dagbag.py:536} INFO - Filling up the DagBag from /home/airflow/.local/lib/python3.8/site-packages/airflow/example_dags/tutorial_taskflow_api.py
[2023-10-13T23:15:26.174+0000] {processor.py:839} INFO - DAG(s) dict_keys(['tutorial_taskflow_api']) retrieved from /home/airflow/.local/lib/python3.8/site-packages/airflow/example_dags/tutorial_taskflow_api.py
[2023-10-13T23:15:26.187+0000] {logging_mixin.py:151} INFO - [2023-10-13T23:15:26.187+0000] {dag.py:2941} INFO - Sync 1 DAGs
[2023-10-13T23:15:26.195+0000] {logging_mixin.py:151} INFO - [2023-10-13T23:15:26.195+0000] {dag.py:3722} INFO - Setting next_dagrun for tutorial_taskflow_api to None, run_after=None
[2023-10-13T23:15:26.205+0000] {processor.py:179} INFO - Processing /home/airflow/.local/lib/python3.8/site-packages/airflow/example_dags/tutorial_taskflow_api.py took 0.040 seconds
[2023-10-13T23:15:56.351+0000] {processor.py:157} INFO - Started process (PID=546) to work on /home/airflow/.local/lib/python3.8/site-packages/airflow/example_dags/tutorial_taskflow_api.py
[2023-10-13T23:15:56.352+0000] {processor.py:829} INFO - Processing file /home/airflow/.local/lib/python3.8/site-packages/airflow/example_dags/tutorial_taskflow_api.py for tasks to queue
[2023-10-13T23:15:56.353+0000] {logging_mixin.py:151} INFO - [2023-10-13T23:15:56.353+0000] {dagbag.py:536} INFO - Filling up the DagBag from /home/airflow/.local/lib/python3.8/site-packages/airflow/example_dags/tutorial_taskflow_api.py
[2023-10-13T23:15:56.357+0000] {processor.py:839} INFO - DAG(s) dict_keys(['tutorial_taskflow_api']) retrieved from /home/airflow/.local/lib/python3.8/site-packages/airflow/example_dags/tutorial_taskflow_api.py
[2023-10-13T23:15:56.370+0000] {logging_mixin.py:151} INFO - [2023-10-13T23:15:56.370+0000] {dag.py:2941} INFO - Sync 1 DAGs
[2023-10-13T23:15:56.378+0000] {logging_mixin.py:151} INFO - [2023-10-13T23:15:56.378+0000] {dag.py:3722} INFO - Setting next_dagrun for tutorial_taskflow_api to None, run_after=None
[2023-10-13T23:15:56.388+0000] {processor.py:179} INFO - Processing /home/airflow/.local/lib/python3.8/site-packages/airflow/example_dags/tutorial_taskflow_api.py took 0.040 seconds
[2023-10-13T23:16:27.228+0000] {processor.py:157} INFO - Started process (PID=600) to work on /home/airflow/.local/lib/python3.8/site-packages/airflow/example_dags/tutorial_taskflow_api.py
[2023-10-13T23:16:27.228+0000] {processor.py:829} INFO - Processing file /home/airflow/.local/lib/python3.8/site-packages/airflow/example_dags/tutorial_taskflow_api.py for tasks to queue
[2023-10-13T23:16:27.230+0000] {logging_mixin.py:151} INFO - [2023-10-13T23:16:27.230+0000] {dagbag.py:536} INFO - Filling up the DagBag from /home/airflow/.local/lib/python3.8/site-packages/airflow/example_dags/tutorial_taskflow_api.py
[2023-10-13T23:16:27.234+0000] {processor.py:839} INFO - DAG(s) dict_keys(['tutorial_taskflow_api']) retrieved from /home/airflow/.local/lib/python3.8/site-packages/airflow/example_dags/tutorial_taskflow_api.py
[2023-10-13T23:16:27.246+0000] {logging_mixin.py:151} INFO - [2023-10-13T23:16:27.246+0000] {dag.py:2941} INFO - Sync 1 DAGs
[2023-10-13T23:16:27.254+0000] {logging_mixin.py:151} INFO - [2023-10-13T23:16:27.253+0000] {dag.py:3722} INFO - Setting next_dagrun for tutorial_taskflow_api to None, run_after=None
[2023-10-13T23:16:27.263+0000] {processor.py:179} INFO - Processing /home/airflow/.local/lib/python3.8/site-packages/airflow/example_dags/tutorial_taskflow_api.py took 0.038 seconds
[2023-10-13T23:16:57.524+0000] {processor.py:157} INFO - Started process (PID=654) to work on /home/airflow/.local/lib/python3.8/site-packages/airflow/example_dags/tutorial_taskflow_api.py
[2023-10-13T23:16:57.525+0000] {processor.py:829} INFO - Processing file /home/airflow/.local/lib/python3.8/site-packages/airflow/example_dags/tutorial_taskflow_api.py for tasks to queue
[2023-10-13T23:16:57.526+0000] {logging_mixin.py:151} INFO - [2023-10-13T23:16:57.526+0000] {dagbag.py:536} INFO - Filling up the DagBag from /home/airflow/.local/lib/python3.8/site-packages/airflow/example_dags/tutorial_taskflow_api.py
[2023-10-13T23:16:57.530+0000] {processor.py:839} INFO - DAG(s) dict_keys(['tutorial_taskflow_api']) retrieved from /home/airflow/.local/lib/python3.8/site-packages/airflow/example_dags/tutorial_taskflow_api.py
[2023-10-13T23:16:57.543+0000] {logging_mixin.py:151} INFO - [2023-10-13T23:16:57.543+0000] {dag.py:2941} INFO - Sync 1 DAGs
[2023-10-13T23:16:57.550+0000] {logging_mixin.py:151} INFO - [2023-10-13T23:16:57.550+0000] {dag.py:3722} INFO - Setting next_dagrun for tutorial_taskflow_api to None, run_after=None
[2023-10-13T23:16:57.561+0000] {processor.py:179} INFO - Processing /home/airflow/.local/lib/python3.8/site-packages/airflow/example_dags/tutorial_taskflow_api.py took 0.040 seconds
[2023-10-13T23:17:28.535+0000] {processor.py:157} INFO - Started process (PID=708) to work on /home/airflow/.local/lib/python3.8/site-packages/airflow/example_dags/tutorial_taskflow_api.py
[2023-10-13T23:17:28.536+0000] {processor.py:829} INFO - Processing file /home/airflow/.local/lib/python3.8/site-packages/airflow/example_dags/tutorial_taskflow_api.py for tasks to queue
[2023-10-13T23:17:28.537+0000] {logging_mixin.py:151} INFO - [2023-10-13T23:17:28.537+0000] {dagbag.py:536} INFO - Filling up the DagBag from /home/airflow/.local/lib/python3.8/site-packages/airflow/example_dags/tutorial_taskflow_api.py
[2023-10-13T23:17:28.541+0000] {processor.py:839} INFO - DAG(s) dict_keys(['tutorial_taskflow_api']) retrieved from /home/airflow/.local/lib/python3.8/site-packages/airflow/example_dags/tutorial_taskflow_api.py
[2023-10-13T23:17:28.555+0000] {logging_mixin.py:151} INFO - [2023-10-13T23:17:28.555+0000] {dag.py:2941} INFO - Sync 1 DAGs
[2023-10-13T23:17:28.562+0000] {logging_mixin.py:151} INFO - [2023-10-13T23:17:28.562+0000] {dag.py:3722} INFO - Setting next_dagrun for tutorial_taskflow_api to None, run_after=None
[2023-10-13T23:17:28.572+0000] {processor.py:179} INFO - Processing /home/airflow/.local/lib/python3.8/site-packages/airflow/example_dags/tutorial_taskflow_api.py took 0.039 seconds
[2023-10-13T23:17:59.525+0000] {processor.py:157} INFO - Started process (PID=762) to work on /home/airflow/.local/lib/python3.8/site-packages/airflow/example_dags/tutorial_taskflow_api.py
[2023-10-13T23:17:59.525+0000] {processor.py:829} INFO - Processing file /home/airflow/.local/lib/python3.8/site-packages/airflow/example_dags/tutorial_taskflow_api.py for tasks to queue
[2023-10-13T23:17:59.527+0000] {logging_mixin.py:151} INFO - [2023-10-13T23:17:59.527+0000] {dagbag.py:536} INFO - Filling up the DagBag from /home/airflow/.local/lib/python3.8/site-packages/airflow/example_dags/tutorial_taskflow_api.py
[2023-10-13T23:17:59.531+0000] {processor.py:839} INFO - DAG(s) dict_keys(['tutorial_taskflow_api']) retrieved from /home/airflow/.local/lib/python3.8/site-packages/airflow/example_dags/tutorial_taskflow_api.py
[2023-10-13T23:17:59.545+0000] {logging_mixin.py:151} INFO - [2023-10-13T23:17:59.545+0000] {dag.py:2941} INFO - Sync 1 DAGs
[2023-10-13T23:17:59.552+0000] {logging_mixin.py:151} INFO - [2023-10-13T23:17:59.551+0000] {dag.py:3722} INFO - Setting next_dagrun for tutorial_taskflow_api to None, run_after=None
[2023-10-13T23:17:59.561+0000] {processor.py:179} INFO - Processing /home/airflow/.local/lib/python3.8/site-packages/airflow/example_dags/tutorial_taskflow_api.py took 0.039 seconds
[2023-10-13T23:18:29.642+0000] {processor.py:157} INFO - Started process (PID=816) to work on /home/airflow/.local/lib/python3.8/site-packages/airflow/example_dags/tutorial_taskflow_api.py
[2023-10-13T23:18:29.643+0000] {processor.py:829} INFO - Processing file /home/airflow/.local/lib/python3.8/site-packages/airflow/example_dags/tutorial_taskflow_api.py for tasks to queue
[2023-10-13T23:18:29.644+0000] {logging_mixin.py:151} INFO - [2023-10-13T23:18:29.644+0000] {dagbag.py:536} INFO - Filling up the DagBag from /home/airflow/.local/lib/python3.8/site-packages/airflow/example_dags/tutorial_taskflow_api.py
[2023-10-13T23:18:29.648+0000] {processor.py:839} INFO - DAG(s) dict_keys(['tutorial_taskflow_api']) retrieved from /home/airflow/.local/lib/python3.8/site-packages/airflow/example_dags/tutorial_taskflow_api.py
[2023-10-13T23:18:29.660+0000] {logging_mixin.py:151} INFO - [2023-10-13T23:18:29.660+0000] {dag.py:2941} INFO - Sync 1 DAGs
[2023-10-13T23:18:29.667+0000] {logging_mixin.py:151} INFO - [2023-10-13T23:18:29.667+0000] {dag.py:3722} INFO - Setting next_dagrun for tutorial_taskflow_api to None, run_after=None
[2023-10-13T23:18:29.676+0000] {processor.py:179} INFO - Processing /home/airflow/.local/lib/python3.8/site-packages/airflow/example_dags/tutorial_taskflow_api.py took 0.036 seconds
[2023-10-13T23:18:59.844+0000] {processor.py:157} INFO - Started process (PID=870) to work on /home/airflow/.local/lib/python3.8/site-packages/airflow/example_dags/tutorial_taskflow_api.py
[2023-10-13T23:18:59.844+0000] {processor.py:829} INFO - Processing file /home/airflow/.local/lib/python3.8/site-packages/airflow/example_dags/tutorial_taskflow_api.py for tasks to queue
[2023-10-13T23:18:59.846+0000] {logging_mixin.py:151} INFO - [2023-10-13T23:18:59.846+0000] {dagbag.py:536} INFO - Filling up the DagBag from /home/airflow/.local/lib/python3.8/site-packages/airflow/example_dags/tutorial_taskflow_api.py
[2023-10-13T23:18:59.850+0000] {processor.py:839} INFO - DAG(s) dict_keys(['tutorial_taskflow_api']) retrieved from /home/airflow/.local/lib/python3.8/site-packages/airflow/example_dags/tutorial_taskflow_api.py
[2023-10-13T23:18:59.862+0000] {logging_mixin.py:151} INFO - [2023-10-13T23:18:59.862+0000] {dag.py:2941} INFO - Sync 1 DAGs
[2023-10-13T23:18:59.869+0000] {logging_mixin.py:151} INFO - [2023-10-13T23:18:59.869+0000] {dag.py:3722} INFO - Setting next_dagrun for tutorial_taskflow_api to None, run_after=None
[2023-10-13T23:18:59.879+0000] {processor.py:179} INFO - Processing /home/airflow/.local/lib/python3.8/site-packages/airflow/example_dags/tutorial_taskflow_api.py took 0.037 seconds
[2023-10-13T23:19:29.973+0000] {processor.py:157} INFO - Started process (PID=924) to work on /home/airflow/.local/lib/python3.8/site-packages/airflow/example_dags/tutorial_taskflow_api.py
[2023-10-13T23:19:29.974+0000] {processor.py:829} INFO - Processing file /home/airflow/.local/lib/python3.8/site-packages/airflow/example_dags/tutorial_taskflow_api.py for tasks to queue
[2023-10-13T23:19:29.975+0000] {logging_mixin.py:151} INFO - [2023-10-13T23:19:29.975+0000] {dagbag.py:536} INFO - Filling up the DagBag from /home/airflow/.local/lib/python3.8/site-packages/airflow/example_dags/tutorial_taskflow_api.py
[2023-10-13T23:19:29.979+0000] {processor.py:839} INFO - DAG(s) dict_keys(['tutorial_taskflow_api']) retrieved from /home/airflow/.local/lib/python3.8/site-packages/airflow/example_dags/tutorial_taskflow_api.py
[2023-10-13T23:19:29.991+0000] {logging_mixin.py:151} INFO - [2023-10-13T23:19:29.991+0000] {dag.py:2941} INFO - Sync 1 DAGs
[2023-10-13T23:19:29.997+0000] {logging_mixin.py:151} INFO - [2023-10-13T23:19:29.997+0000] {dag.py:3722} INFO - Setting next_dagrun for tutorial_taskflow_api to None, run_after=None
[2023-10-13T23:19:30.006+0000] {processor.py:179} INFO - Processing /home/airflow/.local/lib/python3.8/site-packages/airflow/example_dags/tutorial_taskflow_api.py took 0.035 seconds
