[2023-10-13T23:09:58.125+0000] {processor.py:157} INFO - Started process (PID=42) to work on /home/airflow/.local/lib/python3.8/site-packages/airflow/example_dags/tutorial.py
[2023-10-13T23:09:58.126+0000] {processor.py:829} INFO - Processing file /home/airflow/.local/lib/python3.8/site-packages/airflow/example_dags/tutorial.py for tasks to queue
[2023-10-13T23:09:58.129+0000] {logging_mixin.py:151} INFO - [2023-10-13T23:09:58.129+0000] {dagbag.py:536} INFO - Filling up the DagBag from /home/airflow/.local/lib/python3.8/site-packages/airflow/example_dags/tutorial.py
[2023-10-13T23:09:58.137+0000] {processor.py:839} INFO - DAG(s) dict_keys(['tutorial']) retrieved from /home/airflow/.local/lib/python3.8/site-packages/airflow/example_dags/tutorial.py
[2023-10-13T23:09:58.146+0000] {logging_mixin.py:151} INFO - [2023-10-13T23:09:58.146+0000] {dag.py:2941} INFO - Sync 1 DAGs
[2023-10-13T23:09:58.163+0000] {logging_mixin.py:151} INFO - [2023-10-13T23:09:58.163+0000] {dag.py:3722} INFO - Setting next_dagrun for tutorial to 2023-10-12T23:09:58.163487+00:00, run_after=2023-10-13T23:09:58.163487+00:00
[2023-10-13T23:09:58.178+0000] {processor.py:179} INFO - Processing /home/airflow/.local/lib/python3.8/site-packages/airflow/example_dags/tutorial.py took 0.059 seconds
[2023-10-13T23:11:22.507+0000] {processor.py:157} INFO - Started process (PID=41) to work on /home/airflow/.local/lib/python3.8/site-packages/airflow/example_dags/tutorial.py
[2023-10-13T23:11:22.508+0000] {processor.py:829} INFO - Processing file /home/airflow/.local/lib/python3.8/site-packages/airflow/example_dags/tutorial.py for tasks to queue
[2023-10-13T23:11:22.512+0000] {logging_mixin.py:151} INFO - [2023-10-13T23:11:22.511+0000] {dagbag.py:536} INFO - Filling up the DagBag from /home/airflow/.local/lib/python3.8/site-packages/airflow/example_dags/tutorial.py
[2023-10-13T23:11:22.522+0000] {processor.py:839} INFO - DAG(s) dict_keys(['tutorial']) retrieved from /home/airflow/.local/lib/python3.8/site-packages/airflow/example_dags/tutorial.py
[2023-10-13T23:11:22.532+0000] {logging_mixin.py:151} INFO - [2023-10-13T23:11:22.532+0000] {dag.py:2941} INFO - Sync 1 DAGs
[2023-10-13T23:11:22.548+0000] {logging_mixin.py:151} INFO - [2023-10-13T23:11:22.548+0000] {dag.py:3722} INFO - Setting next_dagrun for tutorial to 2023-10-12T23:11:22.548409+00:00, run_after=2023-10-13T23:11:22.548409+00:00
[2023-10-13T23:11:22.566+0000] {processor.py:179} INFO - Processing /home/airflow/.local/lib/python3.8/site-packages/airflow/example_dags/tutorial.py took 0.063 seconds
[2023-10-13T23:11:53.027+0000] {processor.py:157} INFO - Started process (PID=95) to work on /home/airflow/.local/lib/python3.8/site-packages/airflow/example_dags/tutorial.py
[2023-10-13T23:11:53.029+0000] {processor.py:829} INFO - Processing file /home/airflow/.local/lib/python3.8/site-packages/airflow/example_dags/tutorial.py for tasks to queue
[2023-10-13T23:11:53.031+0000] {logging_mixin.py:151} INFO - [2023-10-13T23:11:53.031+0000] {dagbag.py:536} INFO - Filling up the DagBag from /home/airflow/.local/lib/python3.8/site-packages/airflow/example_dags/tutorial.py
[2023-10-13T23:11:53.038+0000] {processor.py:839} INFO - DAG(s) dict_keys(['tutorial']) retrieved from /home/airflow/.local/lib/python3.8/site-packages/airflow/example_dags/tutorial.py
[2023-10-13T23:11:53.059+0000] {logging_mixin.py:151} INFO - [2023-10-13T23:11:53.059+0000] {dag.py:2941} INFO - Sync 1 DAGs
[2023-10-13T23:11:53.075+0000] {logging_mixin.py:151} INFO - [2023-10-13T23:11:53.075+0000] {dag.py:3722} INFO - Setting next_dagrun for tutorial to 2023-10-12T23:11:53.075238+00:00, run_after=2023-10-13T23:11:53.075238+00:00
[2023-10-13T23:11:53.091+0000] {processor.py:179} INFO - Processing /home/airflow/.local/lib/python3.8/site-packages/airflow/example_dags/tutorial.py took 0.069 seconds
[2023-10-13T23:12:23.154+0000] {processor.py:157} INFO - Started process (PID=149) to work on /home/airflow/.local/lib/python3.8/site-packages/airflow/example_dags/tutorial.py
[2023-10-13T23:12:23.155+0000] {processor.py:829} INFO - Processing file /home/airflow/.local/lib/python3.8/site-packages/airflow/example_dags/tutorial.py for tasks to queue
[2023-10-13T23:12:23.156+0000] {logging_mixin.py:151} INFO - [2023-10-13T23:12:23.156+0000] {dagbag.py:536} INFO - Filling up the DagBag from /home/airflow/.local/lib/python3.8/site-packages/airflow/example_dags/tutorial.py
[2023-10-13T23:12:23.161+0000] {processor.py:839} INFO - DAG(s) dict_keys(['tutorial']) retrieved from /home/airflow/.local/lib/python3.8/site-packages/airflow/example_dags/tutorial.py
[2023-10-13T23:12:23.175+0000] {logging_mixin.py:151} INFO - [2023-10-13T23:12:23.175+0000] {dag.py:2941} INFO - Sync 1 DAGs
[2023-10-13T23:12:23.188+0000] {logging_mixin.py:151} INFO - [2023-10-13T23:12:23.188+0000] {dag.py:3722} INFO - Setting next_dagrun for tutorial to 2023-10-12T23:12:23.187985+00:00, run_after=2023-10-13T23:12:23.187985+00:00
[2023-10-13T23:12:23.199+0000] {processor.py:179} INFO - Processing /home/airflow/.local/lib/python3.8/site-packages/airflow/example_dags/tutorial.py took 0.047 seconds
[2023-10-13T23:12:53.440+0000] {processor.py:157} INFO - Started process (PID=203) to work on /home/airflow/.local/lib/python3.8/site-packages/airflow/example_dags/tutorial.py
[2023-10-13T23:12:53.441+0000] {processor.py:829} INFO - Processing file /home/airflow/.local/lib/python3.8/site-packages/airflow/example_dags/tutorial.py for tasks to queue
[2023-10-13T23:12:53.443+0000] {logging_mixin.py:151} INFO - [2023-10-13T23:12:53.443+0000] {dagbag.py:536} INFO - Filling up the DagBag from /home/airflow/.local/lib/python3.8/site-packages/airflow/example_dags/tutorial.py
[2023-10-13T23:12:53.447+0000] {processor.py:839} INFO - DAG(s) dict_keys(['tutorial']) retrieved from /home/airflow/.local/lib/python3.8/site-packages/airflow/example_dags/tutorial.py
[2023-10-13T23:12:53.460+0000] {logging_mixin.py:151} INFO - [2023-10-13T23:12:53.460+0000] {dag.py:2941} INFO - Sync 1 DAGs
[2023-10-13T23:12:53.473+0000] {logging_mixin.py:151} INFO - [2023-10-13T23:12:53.473+0000] {dag.py:3722} INFO - Setting next_dagrun for tutorial to 2023-10-12T23:12:53.472876+00:00, run_after=2023-10-13T23:12:53.472876+00:00
[2023-10-13T23:12:53.483+0000] {processor.py:179} INFO - Processing /home/airflow/.local/lib/python3.8/site-packages/airflow/example_dags/tutorial.py took 0.046 seconds
[2023-10-13T23:13:23.644+0000] {processor.py:157} INFO - Started process (PID=257) to work on /home/airflow/.local/lib/python3.8/site-packages/airflow/example_dags/tutorial.py
[2023-10-13T23:13:23.645+0000] {processor.py:829} INFO - Processing file /home/airflow/.local/lib/python3.8/site-packages/airflow/example_dags/tutorial.py for tasks to queue
[2023-10-13T23:13:23.647+0000] {logging_mixin.py:151} INFO - [2023-10-13T23:13:23.647+0000] {dagbag.py:536} INFO - Filling up the DagBag from /home/airflow/.local/lib/python3.8/site-packages/airflow/example_dags/tutorial.py
[2023-10-13T23:13:23.651+0000] {processor.py:839} INFO - DAG(s) dict_keys(['tutorial']) retrieved from /home/airflow/.local/lib/python3.8/site-packages/airflow/example_dags/tutorial.py
[2023-10-13T23:13:23.665+0000] {logging_mixin.py:151} INFO - [2023-10-13T23:13:23.665+0000] {dag.py:2941} INFO - Sync 1 DAGs
[2023-10-13T23:13:23.678+0000] {logging_mixin.py:151} INFO - [2023-10-13T23:13:23.678+0000] {dag.py:3722} INFO - Setting next_dagrun for tutorial to 2023-10-12T23:13:23.677975+00:00, run_after=2023-10-13T23:13:23.677975+00:00
[2023-10-13T23:13:23.688+0000] {processor.py:179} INFO - Processing /home/airflow/.local/lib/python3.8/site-packages/airflow/example_dags/tutorial.py took 0.046 seconds
[2023-10-13T23:13:53.800+0000] {processor.py:157} INFO - Started process (PID=311) to work on /home/airflow/.local/lib/python3.8/site-packages/airflow/example_dags/tutorial.py
[2023-10-13T23:13:53.800+0000] {processor.py:829} INFO - Processing file /home/airflow/.local/lib/python3.8/site-packages/airflow/example_dags/tutorial.py for tasks to queue
[2023-10-13T23:13:53.802+0000] {logging_mixin.py:151} INFO - [2023-10-13T23:13:53.801+0000] {dagbag.py:536} INFO - Filling up the DagBag from /home/airflow/.local/lib/python3.8/site-packages/airflow/example_dags/tutorial.py
[2023-10-13T23:13:53.806+0000] {processor.py:839} INFO - DAG(s) dict_keys(['tutorial']) retrieved from /home/airflow/.local/lib/python3.8/site-packages/airflow/example_dags/tutorial.py
[2023-10-13T23:13:53.818+0000] {logging_mixin.py:151} INFO - [2023-10-13T23:13:53.818+0000] {dag.py:2941} INFO - Sync 1 DAGs
[2023-10-13T23:13:53.830+0000] {logging_mixin.py:151} INFO - [2023-10-13T23:13:53.829+0000] {dag.py:3722} INFO - Setting next_dagrun for tutorial to 2023-10-12T23:13:53.829834+00:00, run_after=2023-10-13T23:13:53.829834+00:00
[2023-10-13T23:13:53.839+0000] {processor.py:179} INFO - Processing /home/airflow/.local/lib/python3.8/site-packages/airflow/example_dags/tutorial.py took 0.042 seconds
[2023-10-13T23:14:23.895+0000] {processor.py:157} INFO - Started process (PID=365) to work on /home/airflow/.local/lib/python3.8/site-packages/airflow/example_dags/tutorial.py
[2023-10-13T23:14:23.896+0000] {processor.py:829} INFO - Processing file /home/airflow/.local/lib/python3.8/site-packages/airflow/example_dags/tutorial.py for tasks to queue
[2023-10-13T23:14:23.898+0000] {logging_mixin.py:151} INFO - [2023-10-13T23:14:23.898+0000] {dagbag.py:536} INFO - Filling up the DagBag from /home/airflow/.local/lib/python3.8/site-packages/airflow/example_dags/tutorial.py
[2023-10-13T23:14:23.903+0000] {processor.py:839} INFO - DAG(s) dict_keys(['tutorial']) retrieved from /home/airflow/.local/lib/python3.8/site-packages/airflow/example_dags/tutorial.py
[2023-10-13T23:14:23.917+0000] {logging_mixin.py:151} INFO - [2023-10-13T23:14:23.916+0000] {dag.py:2941} INFO - Sync 1 DAGs
[2023-10-13T23:14:23.928+0000] {logging_mixin.py:151} INFO - [2023-10-13T23:14:23.928+0000] {dag.py:3722} INFO - Setting next_dagrun for tutorial to 2023-10-12T23:14:23.928355+00:00, run_after=2023-10-13T23:14:23.928355+00:00
[2023-10-13T23:14:23.939+0000] {processor.py:179} INFO - Processing /home/airflow/.local/lib/python3.8/site-packages/airflow/example_dags/tutorial.py took 0.046 seconds
[2023-10-13T23:14:54.173+0000] {processor.py:157} INFO - Started process (PID=419) to work on /home/airflow/.local/lib/python3.8/site-packages/airflow/example_dags/tutorial.py
[2023-10-13T23:14:54.174+0000] {processor.py:829} INFO - Processing file /home/airflow/.local/lib/python3.8/site-packages/airflow/example_dags/tutorial.py for tasks to queue
[2023-10-13T23:14:54.175+0000] {logging_mixin.py:151} INFO - [2023-10-13T23:14:54.175+0000] {dagbag.py:536} INFO - Filling up the DagBag from /home/airflow/.local/lib/python3.8/site-packages/airflow/example_dags/tutorial.py
[2023-10-13T23:14:54.179+0000] {processor.py:839} INFO - DAG(s) dict_keys(['tutorial']) retrieved from /home/airflow/.local/lib/python3.8/site-packages/airflow/example_dags/tutorial.py
[2023-10-13T23:14:54.192+0000] {logging_mixin.py:151} INFO - [2023-10-13T23:14:54.192+0000] {dag.py:2941} INFO - Sync 1 DAGs
[2023-10-13T23:14:54.205+0000] {logging_mixin.py:151} INFO - [2023-10-13T23:14:54.205+0000] {dag.py:3722} INFO - Setting next_dagrun for tutorial to 2023-10-12T23:14:54.205303+00:00, run_after=2023-10-13T23:14:54.205303+00:00
[2023-10-13T23:14:54.215+0000] {processor.py:179} INFO - Processing /home/airflow/.local/lib/python3.8/site-packages/airflow/example_dags/tutorial.py took 0.044 seconds
[2023-10-13T23:15:24.401+0000] {processor.py:157} INFO - Started process (PID=473) to work on /home/airflow/.local/lib/python3.8/site-packages/airflow/example_dags/tutorial.py
[2023-10-13T23:15:24.402+0000] {processor.py:829} INFO - Processing file /home/airflow/.local/lib/python3.8/site-packages/airflow/example_dags/tutorial.py for tasks to queue
[2023-10-13T23:15:24.403+0000] {logging_mixin.py:151} INFO - [2023-10-13T23:15:24.403+0000] {dagbag.py:536} INFO - Filling up the DagBag from /home/airflow/.local/lib/python3.8/site-packages/airflow/example_dags/tutorial.py
[2023-10-13T23:15:24.407+0000] {processor.py:839} INFO - DAG(s) dict_keys(['tutorial']) retrieved from /home/airflow/.local/lib/python3.8/site-packages/airflow/example_dags/tutorial.py
[2023-10-13T23:15:24.421+0000] {logging_mixin.py:151} INFO - [2023-10-13T23:15:24.421+0000] {dag.py:2941} INFO - Sync 1 DAGs
[2023-10-13T23:15:24.433+0000] {logging_mixin.py:151} INFO - [2023-10-13T23:15:24.433+0000] {dag.py:3722} INFO - Setting next_dagrun for tutorial to 2023-10-12T23:15:24.433167+00:00, run_after=2023-10-13T23:15:24.433167+00:00
[2023-10-13T23:15:24.443+0000] {processor.py:179} INFO - Processing /home/airflow/.local/lib/python3.8/site-packages/airflow/example_dags/tutorial.py took 0.045 seconds
[2023-10-13T23:15:54.636+0000] {processor.py:157} INFO - Started process (PID=527) to work on /home/airflow/.local/lib/python3.8/site-packages/airflow/example_dags/tutorial.py
[2023-10-13T23:15:54.636+0000] {processor.py:829} INFO - Processing file /home/airflow/.local/lib/python3.8/site-packages/airflow/example_dags/tutorial.py for tasks to queue
[2023-10-13T23:15:54.638+0000] {logging_mixin.py:151} INFO - [2023-10-13T23:15:54.638+0000] {dagbag.py:536} INFO - Filling up the DagBag from /home/airflow/.local/lib/python3.8/site-packages/airflow/example_dags/tutorial.py
[2023-10-13T23:15:54.642+0000] {processor.py:839} INFO - DAG(s) dict_keys(['tutorial']) retrieved from /home/airflow/.local/lib/python3.8/site-packages/airflow/example_dags/tutorial.py
[2023-10-13T23:15:54.653+0000] {logging_mixin.py:151} INFO - [2023-10-13T23:15:54.653+0000] {dag.py:2941} INFO - Sync 1 DAGs
[2023-10-13T23:15:54.664+0000] {logging_mixin.py:151} INFO - [2023-10-13T23:15:54.663+0000] {dag.py:3722} INFO - Setting next_dagrun for tutorial to 2023-10-12T23:15:54.663848+00:00, run_after=2023-10-13T23:15:54.663848+00:00
[2023-10-13T23:15:54.672+0000] {processor.py:179} INFO - Processing /home/airflow/.local/lib/python3.8/site-packages/airflow/example_dags/tutorial.py took 0.039 seconds
[2023-10-13T23:16:25.533+0000] {processor.py:157} INFO - Started process (PID=581) to work on /home/airflow/.local/lib/python3.8/site-packages/airflow/example_dags/tutorial.py
[2023-10-13T23:16:25.534+0000] {processor.py:829} INFO - Processing file /home/airflow/.local/lib/python3.8/site-packages/airflow/example_dags/tutorial.py for tasks to queue
[2023-10-13T23:16:25.536+0000] {logging_mixin.py:151} INFO - [2023-10-13T23:16:25.536+0000] {dagbag.py:536} INFO - Filling up the DagBag from /home/airflow/.local/lib/python3.8/site-packages/airflow/example_dags/tutorial.py
[2023-10-13T23:16:25.540+0000] {processor.py:839} INFO - DAG(s) dict_keys(['tutorial']) retrieved from /home/airflow/.local/lib/python3.8/site-packages/airflow/example_dags/tutorial.py
[2023-10-13T23:16:25.552+0000] {logging_mixin.py:151} INFO - [2023-10-13T23:16:25.552+0000] {dag.py:2941} INFO - Sync 1 DAGs
[2023-10-13T23:16:25.564+0000] {logging_mixin.py:151} INFO - [2023-10-13T23:16:25.564+0000] {dag.py:3722} INFO - Setting next_dagrun for tutorial to 2023-10-12T23:16:25.564558+00:00, run_after=2023-10-13T23:16:25.564558+00:00
[2023-10-13T23:16:25.574+0000] {processor.py:179} INFO - Processing /home/airflow/.local/lib/python3.8/site-packages/airflow/example_dags/tutorial.py took 0.044 seconds
[2023-10-13T23:16:55.730+0000] {processor.py:157} INFO - Started process (PID=635) to work on /home/airflow/.local/lib/python3.8/site-packages/airflow/example_dags/tutorial.py
[2023-10-13T23:16:55.731+0000] {processor.py:829} INFO - Processing file /home/airflow/.local/lib/python3.8/site-packages/airflow/example_dags/tutorial.py for tasks to queue
[2023-10-13T23:16:55.733+0000] {logging_mixin.py:151} INFO - [2023-10-13T23:16:55.732+0000] {dagbag.py:536} INFO - Filling up the DagBag from /home/airflow/.local/lib/python3.8/site-packages/airflow/example_dags/tutorial.py
[2023-10-13T23:16:55.736+0000] {processor.py:839} INFO - DAG(s) dict_keys(['tutorial']) retrieved from /home/airflow/.local/lib/python3.8/site-packages/airflow/example_dags/tutorial.py
[2023-10-13T23:16:55.748+0000] {logging_mixin.py:151} INFO - [2023-10-13T23:16:55.748+0000] {dag.py:2941} INFO - Sync 1 DAGs
[2023-10-13T23:16:55.760+0000] {logging_mixin.py:151} INFO - [2023-10-13T23:16:55.760+0000] {dag.py:3722} INFO - Setting next_dagrun for tutorial to 2023-10-12T23:16:55.759868+00:00, run_after=2023-10-13T23:16:55.759868+00:00
[2023-10-13T23:16:55.770+0000] {processor.py:179} INFO - Processing /home/airflow/.local/lib/python3.8/site-packages/airflow/example_dags/tutorial.py took 0.042 seconds
[2023-10-13T23:17:25.879+0000] {processor.py:157} INFO - Started process (PID=689) to work on /home/airflow/.local/lib/python3.8/site-packages/airflow/example_dags/tutorial.py
[2023-10-13T23:17:25.879+0000] {processor.py:829} INFO - Processing file /home/airflow/.local/lib/python3.8/site-packages/airflow/example_dags/tutorial.py for tasks to queue
[2023-10-13T23:17:25.881+0000] {logging_mixin.py:151} INFO - [2023-10-13T23:17:25.881+0000] {dagbag.py:536} INFO - Filling up the DagBag from /home/airflow/.local/lib/python3.8/site-packages/airflow/example_dags/tutorial.py
[2023-10-13T23:17:25.884+0000] {processor.py:839} INFO - DAG(s) dict_keys(['tutorial']) retrieved from /home/airflow/.local/lib/python3.8/site-packages/airflow/example_dags/tutorial.py
[2023-10-13T23:17:25.896+0000] {logging_mixin.py:151} INFO - [2023-10-13T23:17:25.896+0000] {dag.py:2941} INFO - Sync 1 DAGs
[2023-10-13T23:17:25.906+0000] {logging_mixin.py:151} INFO - [2023-10-13T23:17:25.906+0000] {dag.py:3722} INFO - Setting next_dagrun for tutorial to 2023-10-12T23:17:25.906466+00:00, run_after=2023-10-13T23:17:25.906466+00:00
[2023-10-13T23:17:25.914+0000] {processor.py:179} INFO - Processing /home/airflow/.local/lib/python3.8/site-packages/airflow/example_dags/tutorial.py took 0.037 seconds
[2023-10-13T23:17:56.751+0000] {processor.py:157} INFO - Started process (PID=743) to work on /home/airflow/.local/lib/python3.8/site-packages/airflow/example_dags/tutorial.py
[2023-10-13T23:17:56.751+0000] {processor.py:829} INFO - Processing file /home/airflow/.local/lib/python3.8/site-packages/airflow/example_dags/tutorial.py for tasks to queue
[2023-10-13T23:17:56.753+0000] {logging_mixin.py:151} INFO - [2023-10-13T23:17:56.753+0000] {dagbag.py:536} INFO - Filling up the DagBag from /home/airflow/.local/lib/python3.8/site-packages/airflow/example_dags/tutorial.py
[2023-10-13T23:17:56.757+0000] {processor.py:839} INFO - DAG(s) dict_keys(['tutorial']) retrieved from /home/airflow/.local/lib/python3.8/site-packages/airflow/example_dags/tutorial.py
[2023-10-13T23:17:56.770+0000] {logging_mixin.py:151} INFO - [2023-10-13T23:17:56.770+0000] {dag.py:2941} INFO - Sync 1 DAGs
[2023-10-13T23:17:56.782+0000] {logging_mixin.py:151} INFO - [2023-10-13T23:17:56.782+0000] {dag.py:3722} INFO - Setting next_dagrun for tutorial to 2023-10-12T23:17:56.782041+00:00, run_after=2023-10-13T23:17:56.782041+00:00
[2023-10-13T23:17:56.791+0000] {processor.py:179} INFO - Processing /home/airflow/.local/lib/python3.8/site-packages/airflow/example_dags/tutorial.py took 0.042 seconds
[2023-10-13T23:18:26.950+0000] {processor.py:157} INFO - Started process (PID=797) to work on /home/airflow/.local/lib/python3.8/site-packages/airflow/example_dags/tutorial.py
[2023-10-13T23:18:26.951+0000] {processor.py:829} INFO - Processing file /home/airflow/.local/lib/python3.8/site-packages/airflow/example_dags/tutorial.py for tasks to queue
[2023-10-13T23:18:26.953+0000] {logging_mixin.py:151} INFO - [2023-10-13T23:18:26.953+0000] {dagbag.py:536} INFO - Filling up the DagBag from /home/airflow/.local/lib/python3.8/site-packages/airflow/example_dags/tutorial.py
[2023-10-13T23:18:26.957+0000] {processor.py:839} INFO - DAG(s) dict_keys(['tutorial']) retrieved from /home/airflow/.local/lib/python3.8/site-packages/airflow/example_dags/tutorial.py
[2023-10-13T23:18:26.970+0000] {logging_mixin.py:151} INFO - [2023-10-13T23:18:26.970+0000] {dag.py:2941} INFO - Sync 1 DAGs
[2023-10-13T23:18:26.982+0000] {logging_mixin.py:151} INFO - [2023-10-13T23:18:26.981+0000] {dag.py:3722} INFO - Setting next_dagrun for tutorial to 2023-10-12T23:18:26.981802+00:00, run_after=2023-10-13T23:18:26.981802+00:00
[2023-10-13T23:18:26.992+0000] {processor.py:179} INFO - Processing /home/airflow/.local/lib/python3.8/site-packages/airflow/example_dags/tutorial.py took 0.044 seconds
[2023-10-13T23:18:57.127+0000] {processor.py:157} INFO - Started process (PID=851) to work on /home/airflow/.local/lib/python3.8/site-packages/airflow/example_dags/tutorial.py
[2023-10-13T23:18:57.128+0000] {processor.py:829} INFO - Processing file /home/airflow/.local/lib/python3.8/site-packages/airflow/example_dags/tutorial.py for tasks to queue
[2023-10-13T23:18:57.129+0000] {logging_mixin.py:151} INFO - [2023-10-13T23:18:57.129+0000] {dagbag.py:536} INFO - Filling up the DagBag from /home/airflow/.local/lib/python3.8/site-packages/airflow/example_dags/tutorial.py
[2023-10-13T23:18:57.133+0000] {processor.py:839} INFO - DAG(s) dict_keys(['tutorial']) retrieved from /home/airflow/.local/lib/python3.8/site-packages/airflow/example_dags/tutorial.py
[2023-10-13T23:18:57.145+0000] {logging_mixin.py:151} INFO - [2023-10-13T23:18:57.145+0000] {dag.py:2941} INFO - Sync 1 DAGs
[2023-10-13T23:18:57.155+0000] {logging_mixin.py:151} INFO - [2023-10-13T23:18:57.155+0000] {dag.py:3722} INFO - Setting next_dagrun for tutorial to 2023-10-12T23:18:57.155353+00:00, run_after=2023-10-13T23:18:57.155353+00:00
[2023-10-13T23:18:57.163+0000] {processor.py:179} INFO - Processing /home/airflow/.local/lib/python3.8/site-packages/airflow/example_dags/tutorial.py took 0.038 seconds
[2023-10-13T23:19:27.237+0000] {processor.py:157} INFO - Started process (PID=905) to work on /home/airflow/.local/lib/python3.8/site-packages/airflow/example_dags/tutorial.py
[2023-10-13T23:19:27.238+0000] {processor.py:829} INFO - Processing file /home/airflow/.local/lib/python3.8/site-packages/airflow/example_dags/tutorial.py for tasks to queue
[2023-10-13T23:19:27.239+0000] {logging_mixin.py:151} INFO - [2023-10-13T23:19:27.239+0000] {dagbag.py:536} INFO - Filling up the DagBag from /home/airflow/.local/lib/python3.8/site-packages/airflow/example_dags/tutorial.py
[2023-10-13T23:19:27.243+0000] {processor.py:839} INFO - DAG(s) dict_keys(['tutorial']) retrieved from /home/airflow/.local/lib/python3.8/site-packages/airflow/example_dags/tutorial.py
[2023-10-13T23:19:27.253+0000] {logging_mixin.py:151} INFO - [2023-10-13T23:19:27.253+0000] {dag.py:2941} INFO - Sync 1 DAGs
[2023-10-13T23:19:27.264+0000] {logging_mixin.py:151} INFO - [2023-10-13T23:19:27.264+0000] {dag.py:3722} INFO - Setting next_dagrun for tutorial to 2023-10-12T23:19:27.264200+00:00, run_after=2023-10-13T23:19:27.264200+00:00
[2023-10-13T23:19:27.273+0000] {processor.py:179} INFO - Processing /home/airflow/.local/lib/python3.8/site-packages/airflow/example_dags/tutorial.py took 0.038 seconds
