[2023-10-14T10:55:16.630+0000] {processor.py:157} INFO - Started process (PID=65) to work on /home/airflow/.local/lib/python3.8/site-packages/airflow/example_dags/example_latest_only_with_trigger.py
[2023-10-14T10:55:16.634+0000] {processor.py:829} INFO - Processing file /home/airflow/.local/lib/python3.8/site-packages/airflow/example_dags/example_latest_only_with_trigger.py for tasks to queue
[2023-10-14T10:55:16.641+0000] {logging_mixin.py:151} INFO - [2023-10-14T10:55:16.641+0000] {dagbag.py:536} INFO - Filling up the DagBag from /home/airflow/.local/lib/python3.8/site-packages/airflow/example_dags/example_latest_only_with_trigger.py
[2023-10-14T10:55:16.654+0000] {processor.py:839} INFO - DAG(s) dict_keys(['latest_only_with_trigger']) retrieved from /home/airflow/.local/lib/python3.8/site-packages/airflow/example_dags/example_latest_only_with_trigger.py
[2023-10-14T10:55:16.672+0000] {logging_mixin.py:151} INFO - [2023-10-14T10:55:16.672+0000] {dag.py:2941} INFO - Sync 1 DAGs
[2023-10-14T10:55:16.708+0000] {logging_mixin.py:151} INFO - [2023-10-14T10:55:16.708+0000] {dag.py:3722} INFO - Setting next_dagrun for latest_only_with_trigger to 2023-10-14T06:55:16.707912+00:00, run_after=2023-10-14T10:55:16.707912+00:00
[2023-10-14T10:55:16.740+0000] {processor.py:179} INFO - Processing /home/airflow/.local/lib/python3.8/site-packages/airflow/example_dags/example_latest_only_with_trigger.py took 0.112 seconds
[2023-10-14T10:55:46.911+0000] {processor.py:157} INFO - Started process (PID=120) to work on /home/airflow/.local/lib/python3.8/site-packages/airflow/example_dags/example_latest_only_with_trigger.py
[2023-10-14T10:55:46.912+0000] {processor.py:829} INFO - Processing file /home/airflow/.local/lib/python3.8/site-packages/airflow/example_dags/example_latest_only_with_trigger.py for tasks to queue
[2023-10-14T10:55:46.913+0000] {logging_mixin.py:151} INFO - [2023-10-14T10:55:46.913+0000] {dagbag.py:536} INFO - Filling up the DagBag from /home/airflow/.local/lib/python3.8/site-packages/airflow/example_dags/example_latest_only_with_trigger.py
[2023-10-14T10:55:46.917+0000] {processor.py:839} INFO - DAG(s) dict_keys(['latest_only_with_trigger']) retrieved from /home/airflow/.local/lib/python3.8/site-packages/airflow/example_dags/example_latest_only_with_trigger.py
[2023-10-14T10:55:46.930+0000] {logging_mixin.py:151} INFO - [2023-10-14T10:55:46.930+0000] {dag.py:2941} INFO - Sync 1 DAGs
[2023-10-14T10:55:46.942+0000] {logging_mixin.py:151} INFO - [2023-10-14T10:55:46.942+0000] {dag.py:3722} INFO - Setting next_dagrun for latest_only_with_trigger to 2023-10-14T06:55:46.942435+00:00, run_after=2023-10-14T10:55:46.942435+00:00
[2023-10-14T10:55:46.952+0000] {processor.py:179} INFO - Processing /home/airflow/.local/lib/python3.8/site-packages/airflow/example_dags/example_latest_only_with_trigger.py took 0.043 seconds
[2023-10-14T10:56:17.419+0000] {processor.py:157} INFO - Started process (PID=175) to work on /home/airflow/.local/lib/python3.8/site-packages/airflow/example_dags/example_latest_only_with_trigger.py
[2023-10-14T10:56:17.420+0000] {processor.py:829} INFO - Processing file /home/airflow/.local/lib/python3.8/site-packages/airflow/example_dags/example_latest_only_with_trigger.py for tasks to queue
[2023-10-14T10:56:17.422+0000] {logging_mixin.py:151} INFO - [2023-10-14T10:56:17.422+0000] {dagbag.py:536} INFO - Filling up the DagBag from /home/airflow/.local/lib/python3.8/site-packages/airflow/example_dags/example_latest_only_with_trigger.py
[2023-10-14T10:56:17.426+0000] {processor.py:839} INFO - DAG(s) dict_keys(['latest_only_with_trigger']) retrieved from /home/airflow/.local/lib/python3.8/site-packages/airflow/example_dags/example_latest_only_with_trigger.py
[2023-10-14T10:56:17.439+0000] {logging_mixin.py:151} INFO - [2023-10-14T10:56:17.439+0000] {dag.py:2941} INFO - Sync 1 DAGs
[2023-10-14T10:56:17.450+0000] {logging_mixin.py:151} INFO - [2023-10-14T10:56:17.450+0000] {dag.py:3722} INFO - Setting next_dagrun for latest_only_with_trigger to 2023-10-14T06:56:17.450655+00:00, run_after=2023-10-14T10:56:17.450655+00:00
[2023-10-14T10:56:17.460+0000] {processor.py:179} INFO - Processing /home/airflow/.local/lib/python3.8/site-packages/airflow/example_dags/example_latest_only_with_trigger.py took 0.043 seconds
[2023-10-14T10:56:47.756+0000] {processor.py:157} INFO - Started process (PID=230) to work on /home/airflow/.local/lib/python3.8/site-packages/airflow/example_dags/example_latest_only_with_trigger.py
[2023-10-14T10:56:47.757+0000] {processor.py:829} INFO - Processing file /home/airflow/.local/lib/python3.8/site-packages/airflow/example_dags/example_latest_only_with_trigger.py for tasks to queue
[2023-10-14T10:56:47.758+0000] {logging_mixin.py:151} INFO - [2023-10-14T10:56:47.758+0000] {dagbag.py:536} INFO - Filling up the DagBag from /home/airflow/.local/lib/python3.8/site-packages/airflow/example_dags/example_latest_only_with_trigger.py
[2023-10-14T10:56:47.762+0000] {processor.py:839} INFO - DAG(s) dict_keys(['latest_only_with_trigger']) retrieved from /home/airflow/.local/lib/python3.8/site-packages/airflow/example_dags/example_latest_only_with_trigger.py
[2023-10-14T10:56:47.776+0000] {logging_mixin.py:151} INFO - [2023-10-14T10:56:47.776+0000] {dag.py:2941} INFO - Sync 1 DAGs
[2023-10-14T10:56:47.788+0000] {logging_mixin.py:151} INFO - [2023-10-14T10:56:47.788+0000] {dag.py:3722} INFO - Setting next_dagrun for latest_only_with_trigger to 2023-10-14T06:56:47.788166+00:00, run_after=2023-10-14T10:56:47.788166+00:00
[2023-10-14T10:56:47.797+0000] {processor.py:179} INFO - Processing /home/airflow/.local/lib/python3.8/site-packages/airflow/example_dags/example_latest_only_with_trigger.py took 0.044 seconds
[2023-10-14T10:57:18.087+0000] {processor.py:157} INFO - Started process (PID=285) to work on /home/airflow/.local/lib/python3.8/site-packages/airflow/example_dags/example_latest_only_with_trigger.py
[2023-10-14T10:57:18.087+0000] {processor.py:829} INFO - Processing file /home/airflow/.local/lib/python3.8/site-packages/airflow/example_dags/example_latest_only_with_trigger.py for tasks to queue
[2023-10-14T10:57:18.089+0000] {logging_mixin.py:151} INFO - [2023-10-14T10:57:18.089+0000] {dagbag.py:536} INFO - Filling up the DagBag from /home/airflow/.local/lib/python3.8/site-packages/airflow/example_dags/example_latest_only_with_trigger.py
[2023-10-14T10:57:18.093+0000] {processor.py:839} INFO - DAG(s) dict_keys(['latest_only_with_trigger']) retrieved from /home/airflow/.local/lib/python3.8/site-packages/airflow/example_dags/example_latest_only_with_trigger.py
[2023-10-14T10:57:18.106+0000] {logging_mixin.py:151} INFO - [2023-10-14T10:57:18.106+0000] {dag.py:2941} INFO - Sync 1 DAGs
[2023-10-14T10:57:18.117+0000] {logging_mixin.py:151} INFO - [2023-10-14T10:57:18.117+0000] {dag.py:3722} INFO - Setting next_dagrun for latest_only_with_trigger to 2023-10-14T06:57:18.117682+00:00, run_after=2023-10-14T10:57:18.117682+00:00
[2023-10-14T10:57:18.126+0000] {processor.py:179} INFO - Processing /home/airflow/.local/lib/python3.8/site-packages/airflow/example_dags/example_latest_only_with_trigger.py took 0.042 seconds
[2023-10-14T10:57:48.277+0000] {processor.py:157} INFO - Started process (PID=340) to work on /home/airflow/.local/lib/python3.8/site-packages/airflow/example_dags/example_latest_only_with_trigger.py
[2023-10-14T10:57:48.278+0000] {processor.py:829} INFO - Processing file /home/airflow/.local/lib/python3.8/site-packages/airflow/example_dags/example_latest_only_with_trigger.py for tasks to queue
[2023-10-14T10:57:48.279+0000] {logging_mixin.py:151} INFO - [2023-10-14T10:57:48.279+0000] {dagbag.py:536} INFO - Filling up the DagBag from /home/airflow/.local/lib/python3.8/site-packages/airflow/example_dags/example_latest_only_with_trigger.py
[2023-10-14T10:57:48.282+0000] {processor.py:839} INFO - DAG(s) dict_keys(['latest_only_with_trigger']) retrieved from /home/airflow/.local/lib/python3.8/site-packages/airflow/example_dags/example_latest_only_with_trigger.py
[2023-10-14T10:57:48.295+0000] {logging_mixin.py:151} INFO - [2023-10-14T10:57:48.295+0000] {dag.py:2941} INFO - Sync 1 DAGs
[2023-10-14T10:57:48.307+0000] {logging_mixin.py:151} INFO - [2023-10-14T10:57:48.306+0000] {dag.py:3722} INFO - Setting next_dagrun for latest_only_with_trigger to 2023-10-14T06:57:48.306744+00:00, run_after=2023-10-14T10:57:48.306744+00:00
[2023-10-14T10:57:48.315+0000] {processor.py:179} INFO - Processing /home/airflow/.local/lib/python3.8/site-packages/airflow/example_dags/example_latest_only_with_trigger.py took 0.041 seconds
[2023-10-14T10:58:18.838+0000] {processor.py:157} INFO - Started process (PID=396) to work on /home/airflow/.local/lib/python3.8/site-packages/airflow/example_dags/example_latest_only_with_trigger.py
[2023-10-14T10:58:18.839+0000] {processor.py:829} INFO - Processing file /home/airflow/.local/lib/python3.8/site-packages/airflow/example_dags/example_latest_only_with_trigger.py for tasks to queue
[2023-10-14T10:58:18.840+0000] {logging_mixin.py:151} INFO - [2023-10-14T10:58:18.840+0000] {dagbag.py:536} INFO - Filling up the DagBag from /home/airflow/.local/lib/python3.8/site-packages/airflow/example_dags/example_latest_only_with_trigger.py
[2023-10-14T10:58:18.844+0000] {processor.py:839} INFO - DAG(s) dict_keys(['latest_only_with_trigger']) retrieved from /home/airflow/.local/lib/python3.8/site-packages/airflow/example_dags/example_latest_only_with_trigger.py
[2023-10-14T10:58:18.856+0000] {logging_mixin.py:151} INFO - [2023-10-14T10:58:18.856+0000] {dag.py:2941} INFO - Sync 1 DAGs
[2023-10-14T10:58:18.866+0000] {logging_mixin.py:151} INFO - [2023-10-14T10:58:18.866+0000] {dag.py:3722} INFO - Setting next_dagrun for latest_only_with_trigger to 2023-10-14T06:58:18.866020+00:00, run_after=2023-10-14T10:58:18.866020+00:00
[2023-10-14T10:58:18.874+0000] {processor.py:179} INFO - Processing /home/airflow/.local/lib/python3.8/site-packages/airflow/example_dags/example_latest_only_with_trigger.py took 0.038 seconds
[2023-10-14T10:58:49.046+0000] {processor.py:157} INFO - Started process (PID=451) to work on /home/airflow/.local/lib/python3.8/site-packages/airflow/example_dags/example_latest_only_with_trigger.py
[2023-10-14T10:58:49.047+0000] {processor.py:829} INFO - Processing file /home/airflow/.local/lib/python3.8/site-packages/airflow/example_dags/example_latest_only_with_trigger.py for tasks to queue
[2023-10-14T10:58:49.049+0000] {logging_mixin.py:151} INFO - [2023-10-14T10:58:49.048+0000] {dagbag.py:536} INFO - Filling up the DagBag from /home/airflow/.local/lib/python3.8/site-packages/airflow/example_dags/example_latest_only_with_trigger.py
[2023-10-14T10:58:49.052+0000] {processor.py:839} INFO - DAG(s) dict_keys(['latest_only_with_trigger']) retrieved from /home/airflow/.local/lib/python3.8/site-packages/airflow/example_dags/example_latest_only_with_trigger.py
[2023-10-14T10:58:49.065+0000] {logging_mixin.py:151} INFO - [2023-10-14T10:58:49.065+0000] {dag.py:2941} INFO - Sync 1 DAGs
[2023-10-14T10:58:49.076+0000] {logging_mixin.py:151} INFO - [2023-10-14T10:58:49.076+0000] {dag.py:3722} INFO - Setting next_dagrun for latest_only_with_trigger to 2023-10-14T06:58:49.075917+00:00, run_after=2023-10-14T10:58:49.075917+00:00
[2023-10-14T10:58:49.085+0000] {processor.py:179} INFO - Processing /home/airflow/.local/lib/python3.8/site-packages/airflow/example_dags/example_latest_only_with_trigger.py took 0.041 seconds
[2023-10-14T10:59:19.548+0000] {processor.py:157} INFO - Started process (PID=505) to work on /home/airflow/.local/lib/python3.8/site-packages/airflow/example_dags/example_latest_only_with_trigger.py
[2023-10-14T10:59:19.549+0000] {processor.py:829} INFO - Processing file /home/airflow/.local/lib/python3.8/site-packages/airflow/example_dags/example_latest_only_with_trigger.py for tasks to queue
[2023-10-14T10:59:19.551+0000] {logging_mixin.py:151} INFO - [2023-10-14T10:59:19.551+0000] {dagbag.py:536} INFO - Filling up the DagBag from /home/airflow/.local/lib/python3.8/site-packages/airflow/example_dags/example_latest_only_with_trigger.py
[2023-10-14T10:59:19.556+0000] {processor.py:839} INFO - DAG(s) dict_keys(['latest_only_with_trigger']) retrieved from /home/airflow/.local/lib/python3.8/site-packages/airflow/example_dags/example_latest_only_with_trigger.py
[2023-10-14T10:59:19.572+0000] {logging_mixin.py:151} INFO - [2023-10-14T10:59:19.572+0000] {dag.py:2941} INFO - Sync 1 DAGs
[2023-10-14T10:59:19.585+0000] {logging_mixin.py:151} INFO - [2023-10-14T10:59:19.585+0000] {dag.py:3722} INFO - Setting next_dagrun for latest_only_with_trigger to 2023-10-14T06:59:19.585636+00:00, run_after=2023-10-14T10:59:19.585636+00:00
[2023-10-14T10:59:19.597+0000] {processor.py:179} INFO - Processing /home/airflow/.local/lib/python3.8/site-packages/airflow/example_dags/example_latest_only_with_trigger.py took 0.052 seconds
[2023-10-14T10:59:50.515+0000] {processor.py:157} INFO - Started process (PID=561) to work on /home/airflow/.local/lib/python3.8/site-packages/airflow/example_dags/example_latest_only_with_trigger.py
[2023-10-14T10:59:50.515+0000] {processor.py:829} INFO - Processing file /home/airflow/.local/lib/python3.8/site-packages/airflow/example_dags/example_latest_only_with_trigger.py for tasks to queue
[2023-10-14T10:59:50.517+0000] {logging_mixin.py:151} INFO - [2023-10-14T10:59:50.517+0000] {dagbag.py:536} INFO - Filling up the DagBag from /home/airflow/.local/lib/python3.8/site-packages/airflow/example_dags/example_latest_only_with_trigger.py
[2023-10-14T10:59:50.520+0000] {processor.py:839} INFO - DAG(s) dict_keys(['latest_only_with_trigger']) retrieved from /home/airflow/.local/lib/python3.8/site-packages/airflow/example_dags/example_latest_only_with_trigger.py
[2023-10-14T10:59:50.533+0000] {logging_mixin.py:151} INFO - [2023-10-14T10:59:50.533+0000] {dag.py:2941} INFO - Sync 1 DAGs
[2023-10-14T10:59:50.545+0000] {logging_mixin.py:151} INFO - [2023-10-14T10:59:50.545+0000] {dag.py:3722} INFO - Setting next_dagrun for latest_only_with_trigger to 2023-10-14T06:59:50.544864+00:00, run_after=2023-10-14T10:59:50.544864+00:00
[2023-10-14T10:59:50.553+0000] {processor.py:179} INFO - Processing /home/airflow/.local/lib/python3.8/site-packages/airflow/example_dags/example_latest_only_with_trigger.py took 0.041 seconds
[2023-10-14T11:00:20.752+0000] {processor.py:157} INFO - Started process (PID=616) to work on /home/airflow/.local/lib/python3.8/site-packages/airflow/example_dags/example_latest_only_with_trigger.py
[2023-10-14T11:00:20.753+0000] {processor.py:829} INFO - Processing file /home/airflow/.local/lib/python3.8/site-packages/airflow/example_dags/example_latest_only_with_trigger.py for tasks to queue
[2023-10-14T11:00:20.755+0000] {logging_mixin.py:151} INFO - [2023-10-14T11:00:20.755+0000] {dagbag.py:536} INFO - Filling up the DagBag from /home/airflow/.local/lib/python3.8/site-packages/airflow/example_dags/example_latest_only_with_trigger.py
[2023-10-14T11:00:20.760+0000] {processor.py:839} INFO - DAG(s) dict_keys(['latest_only_with_trigger']) retrieved from /home/airflow/.local/lib/python3.8/site-packages/airflow/example_dags/example_latest_only_with_trigger.py
[2023-10-14T11:00:20.774+0000] {logging_mixin.py:151} INFO - [2023-10-14T11:00:20.774+0000] {dag.py:2941} INFO - Sync 1 DAGs
[2023-10-14T11:00:20.787+0000] {logging_mixin.py:151} INFO - [2023-10-14T11:00:20.787+0000] {dag.py:3722} INFO - Setting next_dagrun for latest_only_with_trigger to 2023-10-14T07:00:20.787302+00:00, run_after=2023-10-14T11:00:20.787302+00:00
[2023-10-14T11:00:20.797+0000] {processor.py:179} INFO - Processing /home/airflow/.local/lib/python3.8/site-packages/airflow/example_dags/example_latest_only_with_trigger.py took 0.049 seconds
[2023-10-14T11:00:51.022+0000] {processor.py:157} INFO - Started process (PID=671) to work on /home/airflow/.local/lib/python3.8/site-packages/airflow/example_dags/example_latest_only_with_trigger.py
[2023-10-14T11:00:51.022+0000] {processor.py:829} INFO - Processing file /home/airflow/.local/lib/python3.8/site-packages/airflow/example_dags/example_latest_only_with_trigger.py for tasks to queue
[2023-10-14T11:00:51.024+0000] {logging_mixin.py:151} INFO - [2023-10-14T11:00:51.024+0000] {dagbag.py:536} INFO - Filling up the DagBag from /home/airflow/.local/lib/python3.8/site-packages/airflow/example_dags/example_latest_only_with_trigger.py
[2023-10-14T11:00:51.028+0000] {processor.py:839} INFO - DAG(s) dict_keys(['latest_only_with_trigger']) retrieved from /home/airflow/.local/lib/python3.8/site-packages/airflow/example_dags/example_latest_only_with_trigger.py
[2023-10-14T11:00:51.042+0000] {logging_mixin.py:151} INFO - [2023-10-14T11:00:51.042+0000] {dag.py:2941} INFO - Sync 1 DAGs
[2023-10-14T11:00:51.054+0000] {logging_mixin.py:151} INFO - [2023-10-14T11:00:51.053+0000] {dag.py:3722} INFO - Setting next_dagrun for latest_only_with_trigger to 2023-10-14T07:00:51.053795+00:00, run_after=2023-10-14T11:00:51.053795+00:00
[2023-10-14T11:00:51.062+0000] {processor.py:179} INFO - Processing /home/airflow/.local/lib/python3.8/site-packages/airflow/example_dags/example_latest_only_with_trigger.py took 0.043 seconds
[2023-10-14T11:01:21.320+0000] {processor.py:157} INFO - Started process (PID=726) to work on /home/airflow/.local/lib/python3.8/site-packages/airflow/example_dags/example_latest_only_with_trigger.py
[2023-10-14T11:01:21.320+0000] {processor.py:829} INFO - Processing file /home/airflow/.local/lib/python3.8/site-packages/airflow/example_dags/example_latest_only_with_trigger.py for tasks to queue
[2023-10-14T11:01:21.322+0000] {logging_mixin.py:151} INFO - [2023-10-14T11:01:21.321+0000] {dagbag.py:536} INFO - Filling up the DagBag from /home/airflow/.local/lib/python3.8/site-packages/airflow/example_dags/example_latest_only_with_trigger.py
[2023-10-14T11:01:21.325+0000] {processor.py:839} INFO - DAG(s) dict_keys(['latest_only_with_trigger']) retrieved from /home/airflow/.local/lib/python3.8/site-packages/airflow/example_dags/example_latest_only_with_trigger.py
[2023-10-14T11:01:21.337+0000] {logging_mixin.py:151} INFO - [2023-10-14T11:01:21.337+0000] {dag.py:2941} INFO - Sync 1 DAGs
[2023-10-14T11:01:21.347+0000] {logging_mixin.py:151} INFO - [2023-10-14T11:01:21.347+0000] {dag.py:3722} INFO - Setting next_dagrun for latest_only_with_trigger to 2023-10-14T07:01:21.347282+00:00, run_after=2023-10-14T11:01:21.347282+00:00
[2023-10-14T11:01:21.355+0000] {processor.py:179} INFO - Processing /home/airflow/.local/lib/python3.8/site-packages/airflow/example_dags/example_latest_only_with_trigger.py took 0.037 seconds
[2023-10-14T11:01:51.646+0000] {processor.py:157} INFO - Started process (PID=783) to work on /home/airflow/.local/lib/python3.8/site-packages/airflow/example_dags/example_latest_only_with_trigger.py
[2023-10-14T11:01:51.647+0000] {processor.py:829} INFO - Processing file /home/airflow/.local/lib/python3.8/site-packages/airflow/example_dags/example_latest_only_with_trigger.py for tasks to queue
[2023-10-14T11:01:51.648+0000] {logging_mixin.py:151} INFO - [2023-10-14T11:01:51.648+0000] {dagbag.py:536} INFO - Filling up the DagBag from /home/airflow/.local/lib/python3.8/site-packages/airflow/example_dags/example_latest_only_with_trigger.py
[2023-10-14T11:01:51.652+0000] {processor.py:839} INFO - DAG(s) dict_keys(['latest_only_with_trigger']) retrieved from /home/airflow/.local/lib/python3.8/site-packages/airflow/example_dags/example_latest_only_with_trigger.py
[2023-10-14T11:01:51.667+0000] {logging_mixin.py:151} INFO - [2023-10-14T11:01:51.667+0000] {dag.py:2941} INFO - Sync 1 DAGs
[2023-10-14T11:01:51.679+0000] {logging_mixin.py:151} INFO - [2023-10-14T11:01:51.679+0000] {dag.py:3722} INFO - Setting next_dagrun for latest_only_with_trigger to 2023-10-14T07:01:51.679690+00:00, run_after=2023-10-14T11:01:51.679690+00:00
[2023-10-14T11:01:51.690+0000] {processor.py:179} INFO - Processing /home/airflow/.local/lib/python3.8/site-packages/airflow/example_dags/example_latest_only_with_trigger.py took 0.047 seconds
[2023-10-14T11:02:22.359+0000] {processor.py:157} INFO - Started process (PID=839) to work on /home/airflow/.local/lib/python3.8/site-packages/airflow/example_dags/example_latest_only_with_trigger.py
[2023-10-14T11:02:22.360+0000] {processor.py:829} INFO - Processing file /home/airflow/.local/lib/python3.8/site-packages/airflow/example_dags/example_latest_only_with_trigger.py for tasks to queue
[2023-10-14T11:02:22.362+0000] {logging_mixin.py:151} INFO - [2023-10-14T11:02:22.362+0000] {dagbag.py:536} INFO - Filling up the DagBag from /home/airflow/.local/lib/python3.8/site-packages/airflow/example_dags/example_latest_only_with_trigger.py
[2023-10-14T11:02:22.366+0000] {processor.py:839} INFO - DAG(s) dict_keys(['latest_only_with_trigger']) retrieved from /home/airflow/.local/lib/python3.8/site-packages/airflow/example_dags/example_latest_only_with_trigger.py
[2023-10-14T11:02:22.381+0000] {logging_mixin.py:151} INFO - [2023-10-14T11:02:22.381+0000] {dag.py:2941} INFO - Sync 1 DAGs
[2023-10-14T11:02:22.392+0000] {logging_mixin.py:151} INFO - [2023-10-14T11:02:22.392+0000] {dag.py:3722} INFO - Setting next_dagrun for latest_only_with_trigger to 2023-10-14T07:02:22.392119+00:00, run_after=2023-10-14T11:02:22.392119+00:00
[2023-10-14T11:02:22.403+0000] {processor.py:179} INFO - Processing /home/airflow/.local/lib/python3.8/site-packages/airflow/example_dags/example_latest_only_with_trigger.py took 0.046 seconds
[2023-10-14T11:02:52.637+0000] {processor.py:157} INFO - Started process (PID=894) to work on /home/airflow/.local/lib/python3.8/site-packages/airflow/example_dags/example_latest_only_with_trigger.py
[2023-10-14T11:02:52.638+0000] {processor.py:829} INFO - Processing file /home/airflow/.local/lib/python3.8/site-packages/airflow/example_dags/example_latest_only_with_trigger.py for tasks to queue
[2023-10-14T11:02:52.640+0000] {logging_mixin.py:151} INFO - [2023-10-14T11:02:52.640+0000] {dagbag.py:536} INFO - Filling up the DagBag from /home/airflow/.local/lib/python3.8/site-packages/airflow/example_dags/example_latest_only_with_trigger.py
[2023-10-14T11:02:52.644+0000] {processor.py:839} INFO - DAG(s) dict_keys(['latest_only_with_trigger']) retrieved from /home/airflow/.local/lib/python3.8/site-packages/airflow/example_dags/example_latest_only_with_trigger.py
[2023-10-14T11:02:52.659+0000] {logging_mixin.py:151} INFO - [2023-10-14T11:02:52.659+0000] {dag.py:2941} INFO - Sync 1 DAGs
[2023-10-14T11:02:52.672+0000] {logging_mixin.py:151} INFO - [2023-10-14T11:02:52.672+0000] {dag.py:3722} INFO - Setting next_dagrun for latest_only_with_trigger to 2023-10-14T07:02:52.672576+00:00, run_after=2023-10-14T11:02:52.672576+00:00
[2023-10-14T11:02:52.683+0000] {processor.py:179} INFO - Processing /home/airflow/.local/lib/python3.8/site-packages/airflow/example_dags/example_latest_only_with_trigger.py took 0.048 seconds
[2023-10-14T11:03:23.151+0000] {processor.py:157} INFO - Started process (PID=950) to work on /home/airflow/.local/lib/python3.8/site-packages/airflow/example_dags/example_latest_only_with_trigger.py
[2023-10-14T11:03:23.152+0000] {processor.py:829} INFO - Processing file /home/airflow/.local/lib/python3.8/site-packages/airflow/example_dags/example_latest_only_with_trigger.py for tasks to queue
[2023-10-14T11:03:23.154+0000] {logging_mixin.py:151} INFO - [2023-10-14T11:03:23.154+0000] {dagbag.py:536} INFO - Filling up the DagBag from /home/airflow/.local/lib/python3.8/site-packages/airflow/example_dags/example_latest_only_with_trigger.py
[2023-10-14T11:03:23.158+0000] {processor.py:839} INFO - DAG(s) dict_keys(['latest_only_with_trigger']) retrieved from /home/airflow/.local/lib/python3.8/site-packages/airflow/example_dags/example_latest_only_with_trigger.py
[2023-10-14T11:03:23.173+0000] {logging_mixin.py:151} INFO - [2023-10-14T11:03:23.173+0000] {dag.py:2941} INFO - Sync 1 DAGs
[2023-10-14T11:03:23.185+0000] {logging_mixin.py:151} INFO - [2023-10-14T11:03:23.185+0000] {dag.py:3722} INFO - Setting next_dagrun for latest_only_with_trigger to 2023-10-14T07:03:23.184856+00:00, run_after=2023-10-14T11:03:23.184856+00:00
[2023-10-14T11:03:23.195+0000] {processor.py:179} INFO - Processing /home/airflow/.local/lib/python3.8/site-packages/airflow/example_dags/example_latest_only_with_trigger.py took 0.046 seconds
[2023-10-14T11:03:53.493+0000] {processor.py:157} INFO - Started process (PID=1005) to work on /home/airflow/.local/lib/python3.8/site-packages/airflow/example_dags/example_latest_only_with_trigger.py
[2023-10-14T11:03:53.493+0000] {processor.py:829} INFO - Processing file /home/airflow/.local/lib/python3.8/site-packages/airflow/example_dags/example_latest_only_with_trigger.py for tasks to queue
[2023-10-14T11:03:53.495+0000] {logging_mixin.py:151} INFO - [2023-10-14T11:03:53.495+0000] {dagbag.py:536} INFO - Filling up the DagBag from /home/airflow/.local/lib/python3.8/site-packages/airflow/example_dags/example_latest_only_with_trigger.py
[2023-10-14T11:03:53.499+0000] {processor.py:839} INFO - DAG(s) dict_keys(['latest_only_with_trigger']) retrieved from /home/airflow/.local/lib/python3.8/site-packages/airflow/example_dags/example_latest_only_with_trigger.py
[2023-10-14T11:03:53.511+0000] {logging_mixin.py:151} INFO - [2023-10-14T11:03:53.511+0000] {dag.py:2941} INFO - Sync 1 DAGs
[2023-10-14T11:03:53.523+0000] {logging_mixin.py:151} INFO - [2023-10-14T11:03:53.523+0000] {dag.py:3722} INFO - Setting next_dagrun for latest_only_with_trigger to 2023-10-14T07:03:53.522974+00:00, run_after=2023-10-14T11:03:53.522974+00:00
[2023-10-14T11:03:53.532+0000] {processor.py:179} INFO - Processing /home/airflow/.local/lib/python3.8/site-packages/airflow/example_dags/example_latest_only_with_trigger.py took 0.041 seconds
[2023-10-14T11:04:24.035+0000] {processor.py:157} INFO - Started process (PID=1061) to work on /home/airflow/.local/lib/python3.8/site-packages/airflow/example_dags/example_latest_only_with_trigger.py
[2023-10-14T11:04:24.036+0000] {processor.py:829} INFO - Processing file /home/airflow/.local/lib/python3.8/site-packages/airflow/example_dags/example_latest_only_with_trigger.py for tasks to queue
[2023-10-14T11:04:24.037+0000] {logging_mixin.py:151} INFO - [2023-10-14T11:04:24.037+0000] {dagbag.py:536} INFO - Filling up the DagBag from /home/airflow/.local/lib/python3.8/site-packages/airflow/example_dags/example_latest_only_with_trigger.py
[2023-10-14T11:04:24.041+0000] {processor.py:839} INFO - DAG(s) dict_keys(['latest_only_with_trigger']) retrieved from /home/airflow/.local/lib/python3.8/site-packages/airflow/example_dags/example_latest_only_with_trigger.py
[2023-10-14T11:04:24.054+0000] {logging_mixin.py:151} INFO - [2023-10-14T11:04:24.054+0000] {dag.py:2941} INFO - Sync 1 DAGs
[2023-10-14T11:04:24.065+0000] {logging_mixin.py:151} INFO - [2023-10-14T11:04:24.065+0000] {dag.py:3722} INFO - Setting next_dagrun for latest_only_with_trigger to 2023-10-14T07:04:24.065666+00:00, run_after=2023-10-14T11:04:24.065666+00:00
[2023-10-14T11:04:24.075+0000] {processor.py:179} INFO - Processing /home/airflow/.local/lib/python3.8/site-packages/airflow/example_dags/example_latest_only_with_trigger.py took 0.042 seconds
[2023-10-14T11:04:54.281+0000] {processor.py:157} INFO - Started process (PID=1116) to work on /home/airflow/.local/lib/python3.8/site-packages/airflow/example_dags/example_latest_only_with_trigger.py
[2023-10-14T11:04:54.282+0000] {processor.py:829} INFO - Processing file /home/airflow/.local/lib/python3.8/site-packages/airflow/example_dags/example_latest_only_with_trigger.py for tasks to queue
[2023-10-14T11:04:54.283+0000] {logging_mixin.py:151} INFO - [2023-10-14T11:04:54.283+0000] {dagbag.py:536} INFO - Filling up the DagBag from /home/airflow/.local/lib/python3.8/site-packages/airflow/example_dags/example_latest_only_with_trigger.py
[2023-10-14T11:04:54.287+0000] {processor.py:839} INFO - DAG(s) dict_keys(['latest_only_with_trigger']) retrieved from /home/airflow/.local/lib/python3.8/site-packages/airflow/example_dags/example_latest_only_with_trigger.py
[2023-10-14T11:04:54.299+0000] {logging_mixin.py:151} INFO - [2023-10-14T11:04:54.299+0000] {dag.py:2941} INFO - Sync 1 DAGs
[2023-10-14T11:04:54.311+0000] {logging_mixin.py:151} INFO - [2023-10-14T11:04:54.310+0000] {dag.py:3722} INFO - Setting next_dagrun for latest_only_with_trigger to 2023-10-14T07:04:54.310834+00:00, run_after=2023-10-14T11:04:54.310834+00:00
[2023-10-14T11:04:54.320+0000] {processor.py:179} INFO - Processing /home/airflow/.local/lib/python3.8/site-packages/airflow/example_dags/example_latest_only_with_trigger.py took 0.042 seconds
[2023-10-14T11:05:24.400+0000] {processor.py:157} INFO - Started process (PID=1171) to work on /home/airflow/.local/lib/python3.8/site-packages/airflow/example_dags/example_latest_only_with_trigger.py
[2023-10-14T11:05:24.401+0000] {processor.py:829} INFO - Processing file /home/airflow/.local/lib/python3.8/site-packages/airflow/example_dags/example_latest_only_with_trigger.py for tasks to queue
[2023-10-14T11:05:24.402+0000] {logging_mixin.py:151} INFO - [2023-10-14T11:05:24.402+0000] {dagbag.py:536} INFO - Filling up the DagBag from /home/airflow/.local/lib/python3.8/site-packages/airflow/example_dags/example_latest_only_with_trigger.py
[2023-10-14T11:05:24.406+0000] {processor.py:839} INFO - DAG(s) dict_keys(['latest_only_with_trigger']) retrieved from /home/airflow/.local/lib/python3.8/site-packages/airflow/example_dags/example_latest_only_with_trigger.py
[2023-10-14T11:05:24.418+0000] {logging_mixin.py:151} INFO - [2023-10-14T11:05:24.418+0000] {dag.py:2941} INFO - Sync 1 DAGs
[2023-10-14T11:05:24.429+0000] {logging_mixin.py:151} INFO - [2023-10-14T11:05:24.429+0000] {dag.py:3722} INFO - Setting next_dagrun for latest_only_with_trigger to 2023-10-14T07:05:24.429032+00:00, run_after=2023-10-14T11:05:24.429032+00:00
[2023-10-14T11:05:24.438+0000] {processor.py:179} INFO - Processing /home/airflow/.local/lib/python3.8/site-packages/airflow/example_dags/example_latest_only_with_trigger.py took 0.040 seconds
[2023-10-14T11:05:55.501+0000] {processor.py:157} INFO - Started process (PID=1226) to work on /home/airflow/.local/lib/python3.8/site-packages/airflow/example_dags/example_latest_only_with_trigger.py
[2023-10-14T11:05:55.502+0000] {processor.py:829} INFO - Processing file /home/airflow/.local/lib/python3.8/site-packages/airflow/example_dags/example_latest_only_with_trigger.py for tasks to queue
[2023-10-14T11:05:55.503+0000] {logging_mixin.py:151} INFO - [2023-10-14T11:05:55.503+0000] {dagbag.py:536} INFO - Filling up the DagBag from /home/airflow/.local/lib/python3.8/site-packages/airflow/example_dags/example_latest_only_with_trigger.py
[2023-10-14T11:05:55.507+0000] {processor.py:839} INFO - DAG(s) dict_keys(['latest_only_with_trigger']) retrieved from /home/airflow/.local/lib/python3.8/site-packages/airflow/example_dags/example_latest_only_with_trigger.py
[2023-10-14T11:05:55.522+0000] {logging_mixin.py:151} INFO - [2023-10-14T11:05:55.522+0000] {dag.py:2941} INFO - Sync 1 DAGs
[2023-10-14T11:05:55.535+0000] {logging_mixin.py:151} INFO - [2023-10-14T11:05:55.535+0000] {dag.py:3722} INFO - Setting next_dagrun for latest_only_with_trigger to 2023-10-14T07:05:55.534939+00:00, run_after=2023-10-14T11:05:55.534939+00:00
[2023-10-14T11:05:55.546+0000] {processor.py:179} INFO - Processing /home/airflow/.local/lib/python3.8/site-packages/airflow/example_dags/example_latest_only_with_trigger.py took 0.048 seconds
[2023-10-14T11:06:25.820+0000] {processor.py:157} INFO - Started process (PID=1282) to work on /home/airflow/.local/lib/python3.8/site-packages/airflow/example_dags/example_latest_only_with_trigger.py
[2023-10-14T11:06:25.821+0000] {processor.py:829} INFO - Processing file /home/airflow/.local/lib/python3.8/site-packages/airflow/example_dags/example_latest_only_with_trigger.py for tasks to queue
[2023-10-14T11:06:25.823+0000] {logging_mixin.py:151} INFO - [2023-10-14T11:06:25.823+0000] {dagbag.py:536} INFO - Filling up the DagBag from /home/airflow/.local/lib/python3.8/site-packages/airflow/example_dags/example_latest_only_with_trigger.py
[2023-10-14T11:06:25.826+0000] {processor.py:839} INFO - DAG(s) dict_keys(['latest_only_with_trigger']) retrieved from /home/airflow/.local/lib/python3.8/site-packages/airflow/example_dags/example_latest_only_with_trigger.py
[2023-10-14T11:06:25.839+0000] {logging_mixin.py:151} INFO - [2023-10-14T11:06:25.839+0000] {dag.py:2941} INFO - Sync 1 DAGs
[2023-10-14T11:06:25.851+0000] {logging_mixin.py:151} INFO - [2023-10-14T11:06:25.851+0000] {dag.py:3722} INFO - Setting next_dagrun for latest_only_with_trigger to 2023-10-14T07:06:25.851185+00:00, run_after=2023-10-14T11:06:25.851185+00:00
[2023-10-14T11:06:25.860+0000] {processor.py:179} INFO - Processing /home/airflow/.local/lib/python3.8/site-packages/airflow/example_dags/example_latest_only_with_trigger.py took 0.042 seconds
[2023-10-14T11:06:56.230+0000] {processor.py:157} INFO - Started process (PID=1337) to work on /home/airflow/.local/lib/python3.8/site-packages/airflow/example_dags/example_latest_only_with_trigger.py
[2023-10-14T11:06:56.230+0000] {processor.py:829} INFO - Processing file /home/airflow/.local/lib/python3.8/site-packages/airflow/example_dags/example_latest_only_with_trigger.py for tasks to queue
[2023-10-14T11:06:56.232+0000] {logging_mixin.py:151} INFO - [2023-10-14T11:06:56.232+0000] {dagbag.py:536} INFO - Filling up the DagBag from /home/airflow/.local/lib/python3.8/site-packages/airflow/example_dags/example_latest_only_with_trigger.py
[2023-10-14T11:06:56.236+0000] {processor.py:839} INFO - DAG(s) dict_keys(['latest_only_with_trigger']) retrieved from /home/airflow/.local/lib/python3.8/site-packages/airflow/example_dags/example_latest_only_with_trigger.py
[2023-10-14T11:06:56.249+0000] {logging_mixin.py:151} INFO - [2023-10-14T11:06:56.249+0000] {dag.py:2941} INFO - Sync 1 DAGs
[2023-10-14T11:06:56.260+0000] {logging_mixin.py:151} INFO - [2023-10-14T11:06:56.260+0000] {dag.py:3722} INFO - Setting next_dagrun for latest_only_with_trigger to 2023-10-14T07:06:56.260124+00:00, run_after=2023-10-14T11:06:56.260124+00:00
[2023-10-14T11:06:56.270+0000] {processor.py:179} INFO - Processing /home/airflow/.local/lib/python3.8/site-packages/airflow/example_dags/example_latest_only_with_trigger.py took 0.042 seconds
[2023-10-14T11:07:32.021+0000] {processor.py:157} INFO - Started process (PID=1396) to work on /home/airflow/.local/lib/python3.8/site-packages/airflow/example_dags/example_latest_only_with_trigger.py
[2023-10-14T11:07:32.025+0000] {processor.py:829} INFO - Processing file /home/airflow/.local/lib/python3.8/site-packages/airflow/example_dags/example_latest_only_with_trigger.py for tasks to queue
[2023-10-14T11:07:32.039+0000] {logging_mixin.py:151} INFO - [2023-10-14T11:07:32.038+0000] {dagbag.py:536} INFO - Filling up the DagBag from /home/airflow/.local/lib/python3.8/site-packages/airflow/example_dags/example_latest_only_with_trigger.py
[2023-10-14T11:07:32.077+0000] {processor.py:839} INFO - DAG(s) dict_keys(['latest_only_with_trigger']) retrieved from /home/airflow/.local/lib/python3.8/site-packages/airflow/example_dags/example_latest_only_with_trigger.py
[2023-10-14T11:07:32.119+0000] {logging_mixin.py:151} INFO - [2023-10-14T11:07:32.119+0000] {dag.py:2941} INFO - Sync 1 DAGs
[2023-10-14T11:07:32.155+0000] {logging_mixin.py:151} INFO - [2023-10-14T11:07:32.155+0000] {dag.py:3722} INFO - Setting next_dagrun for latest_only_with_trigger to 2023-10-14T07:07:32.154787+00:00, run_after=2023-10-14T11:07:32.154787+00:00
[2023-10-14T11:07:32.195+0000] {processor.py:179} INFO - Processing /home/airflow/.local/lib/python3.8/site-packages/airflow/example_dags/example_latest_only_with_trigger.py took 0.190 seconds
[2023-10-14T11:08:02.612+0000] {processor.py:157} INFO - Started process (PID=1451) to work on /home/airflow/.local/lib/python3.8/site-packages/airflow/example_dags/example_latest_only_with_trigger.py
[2023-10-14T11:08:02.613+0000] {processor.py:829} INFO - Processing file /home/airflow/.local/lib/python3.8/site-packages/airflow/example_dags/example_latest_only_with_trigger.py for tasks to queue
[2023-10-14T11:08:02.614+0000] {logging_mixin.py:151} INFO - [2023-10-14T11:08:02.614+0000] {dagbag.py:536} INFO - Filling up the DagBag from /home/airflow/.local/lib/python3.8/site-packages/airflow/example_dags/example_latest_only_with_trigger.py
[2023-10-14T11:08:02.618+0000] {processor.py:839} INFO - DAG(s) dict_keys(['latest_only_with_trigger']) retrieved from /home/airflow/.local/lib/python3.8/site-packages/airflow/example_dags/example_latest_only_with_trigger.py
[2023-10-14T11:08:02.633+0000] {logging_mixin.py:151} INFO - [2023-10-14T11:08:02.633+0000] {dag.py:2941} INFO - Sync 1 DAGs
[2023-10-14T11:08:02.654+0000] {logging_mixin.py:151} INFO - [2023-10-14T11:08:02.654+0000] {dag.py:3722} INFO - Setting next_dagrun for latest_only_with_trigger to 2023-10-14T07:08:02.652886+00:00, run_after=2023-10-14T11:08:02.652886+00:00
[2023-10-14T11:08:02.666+0000] {processor.py:179} INFO - Processing /home/airflow/.local/lib/python3.8/site-packages/airflow/example_dags/example_latest_only_with_trigger.py took 0.056 seconds
[2023-10-14T11:08:33.232+0000] {processor.py:157} INFO - Started process (PID=1506) to work on /home/airflow/.local/lib/python3.8/site-packages/airflow/example_dags/example_latest_only_with_trigger.py
[2023-10-14T11:08:33.233+0000] {processor.py:829} INFO - Processing file /home/airflow/.local/lib/python3.8/site-packages/airflow/example_dags/example_latest_only_with_trigger.py for tasks to queue
[2023-10-14T11:08:33.235+0000] {logging_mixin.py:151} INFO - [2023-10-14T11:08:33.235+0000] {dagbag.py:536} INFO - Filling up the DagBag from /home/airflow/.local/lib/python3.8/site-packages/airflow/example_dags/example_latest_only_with_trigger.py
[2023-10-14T11:08:33.239+0000] {processor.py:839} INFO - DAG(s) dict_keys(['latest_only_with_trigger']) retrieved from /home/airflow/.local/lib/python3.8/site-packages/airflow/example_dags/example_latest_only_with_trigger.py
[2023-10-14T11:08:33.254+0000] {logging_mixin.py:151} INFO - [2023-10-14T11:08:33.254+0000] {dag.py:2941} INFO - Sync 1 DAGs
[2023-10-14T11:08:33.266+0000] {logging_mixin.py:151} INFO - [2023-10-14T11:08:33.266+0000] {dag.py:3722} INFO - Setting next_dagrun for latest_only_with_trigger to 2023-10-14T07:08:33.266641+00:00, run_after=2023-10-14T11:08:33.266641+00:00
[2023-10-14T11:08:33.276+0000] {processor.py:179} INFO - Processing /home/airflow/.local/lib/python3.8/site-packages/airflow/example_dags/example_latest_only_with_trigger.py took 0.046 seconds
[2023-10-14T11:09:03.669+0000] {processor.py:157} INFO - Started process (PID=1561) to work on /home/airflow/.local/lib/python3.8/site-packages/airflow/example_dags/example_latest_only_with_trigger.py
[2023-10-14T11:09:03.670+0000] {processor.py:829} INFO - Processing file /home/airflow/.local/lib/python3.8/site-packages/airflow/example_dags/example_latest_only_with_trigger.py for tasks to queue
[2023-10-14T11:09:03.672+0000] {logging_mixin.py:151} INFO - [2023-10-14T11:09:03.672+0000] {dagbag.py:536} INFO - Filling up the DagBag from /home/airflow/.local/lib/python3.8/site-packages/airflow/example_dags/example_latest_only_with_trigger.py
[2023-10-14T11:09:03.676+0000] {processor.py:839} INFO - DAG(s) dict_keys(['latest_only_with_trigger']) retrieved from /home/airflow/.local/lib/python3.8/site-packages/airflow/example_dags/example_latest_only_with_trigger.py
[2023-10-14T11:09:03.691+0000] {logging_mixin.py:151} INFO - [2023-10-14T11:09:03.690+0000] {dag.py:2941} INFO - Sync 1 DAGs
[2023-10-14T11:09:03.704+0000] {logging_mixin.py:151} INFO - [2023-10-14T11:09:03.704+0000] {dag.py:3722} INFO - Setting next_dagrun for latest_only_with_trigger to 2023-10-14T07:09:03.704188+00:00, run_after=2023-10-14T11:09:03.704188+00:00
[2023-10-14T11:09:03.715+0000] {processor.py:179} INFO - Processing /home/airflow/.local/lib/python3.8/site-packages/airflow/example_dags/example_latest_only_with_trigger.py took 0.048 seconds
[2023-10-14T11:09:34.158+0000] {processor.py:157} INFO - Started process (PID=1616) to work on /home/airflow/.local/lib/python3.8/site-packages/airflow/example_dags/example_latest_only_with_trigger.py
[2023-10-14T11:09:34.159+0000] {processor.py:829} INFO - Processing file /home/airflow/.local/lib/python3.8/site-packages/airflow/example_dags/example_latest_only_with_trigger.py for tasks to queue
[2023-10-14T11:09:34.161+0000] {logging_mixin.py:151} INFO - [2023-10-14T11:09:34.160+0000] {dagbag.py:536} INFO - Filling up the DagBag from /home/airflow/.local/lib/python3.8/site-packages/airflow/example_dags/example_latest_only_with_trigger.py
[2023-10-14T11:09:34.164+0000] {processor.py:839} INFO - DAG(s) dict_keys(['latest_only_with_trigger']) retrieved from /home/airflow/.local/lib/python3.8/site-packages/airflow/example_dags/example_latest_only_with_trigger.py
[2023-10-14T11:09:34.179+0000] {logging_mixin.py:151} INFO - [2023-10-14T11:09:34.178+0000] {dag.py:2941} INFO - Sync 1 DAGs
[2023-10-14T11:09:34.194+0000] {logging_mixin.py:151} INFO - [2023-10-14T11:09:34.194+0000] {dag.py:3722} INFO - Setting next_dagrun for latest_only_with_trigger to 2023-10-14T07:09:34.194513+00:00, run_after=2023-10-14T11:09:34.194513+00:00
[2023-10-14T11:09:34.207+0000] {processor.py:179} INFO - Processing /home/airflow/.local/lib/python3.8/site-packages/airflow/example_dags/example_latest_only_with_trigger.py took 0.051 seconds
