[2023-10-14T10:55:16.780+0000] {processor.py:157} INFO - Started process (PID=68) to work on /home/airflow/.local/lib/python3.8/site-packages/airflow/example_dags/example_xcomargs.py
[2023-10-14T10:55:16.784+0000] {processor.py:829} INFO - Processing file /home/airflow/.local/lib/python3.8/site-packages/airflow/example_dags/example_xcomargs.py for tasks to queue
[2023-10-14T10:55:16.790+0000] {logging_mixin.py:151} INFO - [2023-10-14T10:55:16.789+0000] {dagbag.py:536} INFO - Filling up the DagBag from /home/airflow/.local/lib/python3.8/site-packages/airflow/example_dags/example_xcomargs.py
[2023-10-14T10:55:16.800+0000] {processor.py:839} INFO - DAG(s) dict_keys(['example_xcom_args', 'example_xcom_args_with_operators']) retrieved from /home/airflow/.local/lib/python3.8/site-packages/airflow/example_dags/example_xcomargs.py
[2023-10-14T10:55:16.821+0000] {logging_mixin.py:151} INFO - [2023-10-14T10:55:16.820+0000] {dag.py:2941} INFO - Sync 2 DAGs
[2023-10-14T10:55:16.831+0000] {logging_mixin.py:151} INFO - [2023-10-14T10:55:16.831+0000] {dag.py:3722} INFO - Setting next_dagrun for example_xcom_args to None, run_after=None
[2023-10-14T10:55:16.834+0000] {logging_mixin.py:151} INFO - [2023-10-14T10:55:16.834+0000] {dag.py:3722} INFO - Setting next_dagrun for example_xcom_args_with_operators to None, run_after=None
[2023-10-14T10:55:16.850+0000] {processor.py:179} INFO - Processing /home/airflow/.local/lib/python3.8/site-packages/airflow/example_dags/example_xcomargs.py took 0.072 seconds
[2023-10-14T10:55:47.005+0000] {processor.py:157} INFO - Started process (PID=123) to work on /home/airflow/.local/lib/python3.8/site-packages/airflow/example_dags/example_xcomargs.py
[2023-10-14T10:55:47.006+0000] {processor.py:829} INFO - Processing file /home/airflow/.local/lib/python3.8/site-packages/airflow/example_dags/example_xcomargs.py for tasks to queue
[2023-10-14T10:55:47.007+0000] {logging_mixin.py:151} INFO - [2023-10-14T10:55:47.007+0000] {dagbag.py:536} INFO - Filling up the DagBag from /home/airflow/.local/lib/python3.8/site-packages/airflow/example_dags/example_xcomargs.py
[2023-10-14T10:55:47.013+0000] {processor.py:839} INFO - DAG(s) dict_keys(['example_xcom_args_with_operators', 'example_xcom_args']) retrieved from /home/airflow/.local/lib/python3.8/site-packages/airflow/example_dags/example_xcomargs.py
[2023-10-14T10:55:47.028+0000] {logging_mixin.py:151} INFO - [2023-10-14T10:55:47.028+0000] {dag.py:2941} INFO - Sync 2 DAGs
[2023-10-14T10:55:47.036+0000] {logging_mixin.py:151} INFO - [2023-10-14T10:55:47.035+0000] {dag.py:3722} INFO - Setting next_dagrun for example_xcom_args to None, run_after=None
[2023-10-14T10:55:47.038+0000] {logging_mixin.py:151} INFO - [2023-10-14T10:55:47.038+0000] {dag.py:3722} INFO - Setting next_dagrun for example_xcom_args_with_operators to None, run_after=None
[2023-10-14T10:55:47.047+0000] {processor.py:179} INFO - Processing /home/airflow/.local/lib/python3.8/site-packages/airflow/example_dags/example_xcomargs.py took 0.045 seconds
[2023-10-14T10:56:17.489+0000] {processor.py:157} INFO - Started process (PID=178) to work on /home/airflow/.local/lib/python3.8/site-packages/airflow/example_dags/example_xcomargs.py
[2023-10-14T10:56:17.490+0000] {processor.py:829} INFO - Processing file /home/airflow/.local/lib/python3.8/site-packages/airflow/example_dags/example_xcomargs.py for tasks to queue
[2023-10-14T10:56:17.491+0000] {logging_mixin.py:151} INFO - [2023-10-14T10:56:17.491+0000] {dagbag.py:536} INFO - Filling up the DagBag from /home/airflow/.local/lib/python3.8/site-packages/airflow/example_dags/example_xcomargs.py
[2023-10-14T10:56:17.497+0000] {processor.py:839} INFO - DAG(s) dict_keys(['example_xcom_args_with_operators', 'example_xcom_args']) retrieved from /home/airflow/.local/lib/python3.8/site-packages/airflow/example_dags/example_xcomargs.py
[2023-10-14T10:56:17.513+0000] {logging_mixin.py:151} INFO - [2023-10-14T10:56:17.513+0000] {dag.py:2941} INFO - Sync 2 DAGs
[2023-10-14T10:56:17.522+0000] {logging_mixin.py:151} INFO - [2023-10-14T10:56:17.522+0000] {dag.py:3722} INFO - Setting next_dagrun for example_xcom_args to None, run_after=None
[2023-10-14T10:56:17.526+0000] {logging_mixin.py:151} INFO - [2023-10-14T10:56:17.525+0000] {dag.py:3722} INFO - Setting next_dagrun for example_xcom_args_with_operators to None, run_after=None
[2023-10-14T10:56:17.537+0000] {processor.py:179} INFO - Processing /home/airflow/.local/lib/python3.8/site-packages/airflow/example_dags/example_xcomargs.py took 0.050 seconds
[2023-10-14T10:56:47.826+0000] {processor.py:157} INFO - Started process (PID=233) to work on /home/airflow/.local/lib/python3.8/site-packages/airflow/example_dags/example_xcomargs.py
[2023-10-14T10:56:47.827+0000] {processor.py:829} INFO - Processing file /home/airflow/.local/lib/python3.8/site-packages/airflow/example_dags/example_xcomargs.py for tasks to queue
[2023-10-14T10:56:47.829+0000] {logging_mixin.py:151} INFO - [2023-10-14T10:56:47.829+0000] {dagbag.py:536} INFO - Filling up the DagBag from /home/airflow/.local/lib/python3.8/site-packages/airflow/example_dags/example_xcomargs.py
[2023-10-14T10:56:47.834+0000] {processor.py:839} INFO - DAG(s) dict_keys(['example_xcom_args_with_operators', 'example_xcom_args']) retrieved from /home/airflow/.local/lib/python3.8/site-packages/airflow/example_dags/example_xcomargs.py
[2023-10-14T10:56:47.848+0000] {logging_mixin.py:151} INFO - [2023-10-14T10:56:47.848+0000] {dag.py:2941} INFO - Sync 2 DAGs
[2023-10-14T10:56:47.855+0000] {logging_mixin.py:151} INFO - [2023-10-14T10:56:47.855+0000] {dag.py:3722} INFO - Setting next_dagrun for example_xcom_args to None, run_after=None
[2023-10-14T10:56:47.857+0000] {logging_mixin.py:151} INFO - [2023-10-14T10:56:47.857+0000] {dag.py:3722} INFO - Setting next_dagrun for example_xcom_args_with_operators to None, run_after=None
[2023-10-14T10:56:47.867+0000] {processor.py:179} INFO - Processing /home/airflow/.local/lib/python3.8/site-packages/airflow/example_dags/example_xcomargs.py took 0.042 seconds
[2023-10-14T10:57:18.192+0000] {processor.py:157} INFO - Started process (PID=288) to work on /home/airflow/.local/lib/python3.8/site-packages/airflow/example_dags/example_xcomargs.py
[2023-10-14T10:57:18.193+0000] {processor.py:829} INFO - Processing file /home/airflow/.local/lib/python3.8/site-packages/airflow/example_dags/example_xcomargs.py for tasks to queue
[2023-10-14T10:57:18.195+0000] {logging_mixin.py:151} INFO - [2023-10-14T10:57:18.195+0000] {dagbag.py:536} INFO - Filling up the DagBag from /home/airflow/.local/lib/python3.8/site-packages/airflow/example_dags/example_xcomargs.py
[2023-10-14T10:57:18.200+0000] {processor.py:839} INFO - DAG(s) dict_keys(['example_xcom_args', 'example_xcom_args_with_operators']) retrieved from /home/airflow/.local/lib/python3.8/site-packages/airflow/example_dags/example_xcomargs.py
[2023-10-14T10:57:18.215+0000] {logging_mixin.py:151} INFO - [2023-10-14T10:57:18.215+0000] {dag.py:2941} INFO - Sync 2 DAGs
[2023-10-14T10:57:18.222+0000] {logging_mixin.py:151} INFO - [2023-10-14T10:57:18.222+0000] {dag.py:3722} INFO - Setting next_dagrun for example_xcom_args to None, run_after=None
[2023-10-14T10:57:18.224+0000] {logging_mixin.py:151} INFO - [2023-10-14T10:57:18.224+0000] {dag.py:3722} INFO - Setting next_dagrun for example_xcom_args_with_operators to None, run_after=None
[2023-10-14T10:57:18.233+0000] {processor.py:179} INFO - Processing /home/airflow/.local/lib/python3.8/site-packages/airflow/example_dags/example_xcomargs.py took 0.043 seconds
[2023-10-14T10:57:48.464+0000] {processor.py:157} INFO - Started process (PID=343) to work on /home/airflow/.local/lib/python3.8/site-packages/airflow/example_dags/example_xcomargs.py
[2023-10-14T10:57:48.465+0000] {processor.py:829} INFO - Processing file /home/airflow/.local/lib/python3.8/site-packages/airflow/example_dags/example_xcomargs.py for tasks to queue
[2023-10-14T10:57:48.467+0000] {logging_mixin.py:151} INFO - [2023-10-14T10:57:48.466+0000] {dagbag.py:536} INFO - Filling up the DagBag from /home/airflow/.local/lib/python3.8/site-packages/airflow/example_dags/example_xcomargs.py
[2023-10-14T10:57:48.472+0000] {processor.py:839} INFO - DAG(s) dict_keys(['example_xcom_args_with_operators', 'example_xcom_args']) retrieved from /home/airflow/.local/lib/python3.8/site-packages/airflow/example_dags/example_xcomargs.py
[2023-10-14T10:57:48.487+0000] {logging_mixin.py:151} INFO - [2023-10-14T10:57:48.487+0000] {dag.py:2941} INFO - Sync 2 DAGs
[2023-10-14T10:57:48.494+0000] {logging_mixin.py:151} INFO - [2023-10-14T10:57:48.494+0000] {dag.py:3722} INFO - Setting next_dagrun for example_xcom_args to None, run_after=None
[2023-10-14T10:57:48.496+0000] {logging_mixin.py:151} INFO - [2023-10-14T10:57:48.496+0000] {dag.py:3722} INFO - Setting next_dagrun for example_xcom_args_with_operators to None, run_after=None
[2023-10-14T10:57:48.504+0000] {processor.py:179} INFO - Processing /home/airflow/.local/lib/python3.8/site-packages/airflow/example_dags/example_xcomargs.py took 0.042 seconds
[2023-10-14T10:58:18.936+0000] {processor.py:157} INFO - Started process (PID=399) to work on /home/airflow/.local/lib/python3.8/site-packages/airflow/example_dags/example_xcomargs.py
[2023-10-14T10:58:18.937+0000] {processor.py:829} INFO - Processing file /home/airflow/.local/lib/python3.8/site-packages/airflow/example_dags/example_xcomargs.py for tasks to queue
[2023-10-14T10:58:18.938+0000] {logging_mixin.py:151} INFO - [2023-10-14T10:58:18.938+0000] {dagbag.py:536} INFO - Filling up the DagBag from /home/airflow/.local/lib/python3.8/site-packages/airflow/example_dags/example_xcomargs.py
[2023-10-14T10:58:18.944+0000] {processor.py:839} INFO - DAG(s) dict_keys(['example_xcom_args', 'example_xcom_args_with_operators']) retrieved from /home/airflow/.local/lib/python3.8/site-packages/airflow/example_dags/example_xcomargs.py
[2023-10-14T10:58:18.958+0000] {logging_mixin.py:151} INFO - [2023-10-14T10:58:18.958+0000] {dag.py:2941} INFO - Sync 2 DAGs
[2023-10-14T10:58:18.965+0000] {logging_mixin.py:151} INFO - [2023-10-14T10:58:18.964+0000] {dag.py:3722} INFO - Setting next_dagrun for example_xcom_args to None, run_after=None
[2023-10-14T10:58:18.967+0000] {logging_mixin.py:151} INFO - [2023-10-14T10:58:18.966+0000] {dag.py:3722} INFO - Setting next_dagrun for example_xcom_args_with_operators to None, run_after=None
[2023-10-14T10:58:18.975+0000] {processor.py:179} INFO - Processing /home/airflow/.local/lib/python3.8/site-packages/airflow/example_dags/example_xcomargs.py took 0.041 seconds
[2023-10-14T10:58:49.112+0000] {processor.py:157} INFO - Started process (PID=454) to work on /home/airflow/.local/lib/python3.8/site-packages/airflow/example_dags/example_xcomargs.py
[2023-10-14T10:58:49.113+0000] {processor.py:829} INFO - Processing file /home/airflow/.local/lib/python3.8/site-packages/airflow/example_dags/example_xcomargs.py for tasks to queue
[2023-10-14T10:58:49.115+0000] {logging_mixin.py:151} INFO - [2023-10-14T10:58:49.114+0000] {dagbag.py:536} INFO - Filling up the DagBag from /home/airflow/.local/lib/python3.8/site-packages/airflow/example_dags/example_xcomargs.py
[2023-10-14T10:58:49.119+0000] {processor.py:839} INFO - DAG(s) dict_keys(['example_xcom_args', 'example_xcom_args_with_operators']) retrieved from /home/airflow/.local/lib/python3.8/site-packages/airflow/example_dags/example_xcomargs.py
[2023-10-14T10:58:49.133+0000] {logging_mixin.py:151} INFO - [2023-10-14T10:58:49.132+0000] {dag.py:2941} INFO - Sync 2 DAGs
[2023-10-14T10:58:49.139+0000] {logging_mixin.py:151} INFO - [2023-10-14T10:58:49.139+0000] {dag.py:3722} INFO - Setting next_dagrun for example_xcom_args to None, run_after=None
[2023-10-14T10:58:49.141+0000] {logging_mixin.py:151} INFO - [2023-10-14T10:58:49.141+0000] {dag.py:3722} INFO - Setting next_dagrun for example_xcom_args_with_operators to None, run_after=None
[2023-10-14T10:58:49.149+0000] {processor.py:179} INFO - Processing /home/airflow/.local/lib/python3.8/site-packages/airflow/example_dags/example_xcomargs.py took 0.039 seconds
[2023-10-14T10:59:19.651+0000] {processor.py:157} INFO - Started process (PID=508) to work on /home/airflow/.local/lib/python3.8/site-packages/airflow/example_dags/example_xcomargs.py
[2023-10-14T10:59:19.651+0000] {processor.py:829} INFO - Processing file /home/airflow/.local/lib/python3.8/site-packages/airflow/example_dags/example_xcomargs.py for tasks to queue
[2023-10-14T10:59:19.653+0000] {logging_mixin.py:151} INFO - [2023-10-14T10:59:19.653+0000] {dagbag.py:536} INFO - Filling up the DagBag from /home/airflow/.local/lib/python3.8/site-packages/airflow/example_dags/example_xcomargs.py
[2023-10-14T10:59:19.659+0000] {processor.py:839} INFO - DAG(s) dict_keys(['example_xcom_args_with_operators', 'example_xcom_args']) retrieved from /home/airflow/.local/lib/python3.8/site-packages/airflow/example_dags/example_xcomargs.py
[2023-10-14T10:59:19.677+0000] {logging_mixin.py:151} INFO - [2023-10-14T10:59:19.677+0000] {dag.py:2941} INFO - Sync 2 DAGs
[2023-10-14T10:59:19.688+0000] {logging_mixin.py:151} INFO - [2023-10-14T10:59:19.688+0000] {dag.py:3722} INFO - Setting next_dagrun for example_xcom_args to None, run_after=None
[2023-10-14T10:59:19.690+0000] {logging_mixin.py:151} INFO - [2023-10-14T10:59:19.690+0000] {dag.py:3722} INFO - Setting next_dagrun for example_xcom_args_with_operators to None, run_after=None
[2023-10-14T10:59:19.699+0000] {processor.py:179} INFO - Processing /home/airflow/.local/lib/python3.8/site-packages/airflow/example_dags/example_xcomargs.py took 0.051 seconds
[2023-10-14T10:59:50.581+0000] {processor.py:157} INFO - Started process (PID=564) to work on /home/airflow/.local/lib/python3.8/site-packages/airflow/example_dags/example_xcomargs.py
[2023-10-14T10:59:50.582+0000] {processor.py:829} INFO - Processing file /home/airflow/.local/lib/python3.8/site-packages/airflow/example_dags/example_xcomargs.py for tasks to queue
[2023-10-14T10:59:50.583+0000] {logging_mixin.py:151} INFO - [2023-10-14T10:59:50.583+0000] {dagbag.py:536} INFO - Filling up the DagBag from /home/airflow/.local/lib/python3.8/site-packages/airflow/example_dags/example_xcomargs.py
[2023-10-14T10:59:50.588+0000] {processor.py:839} INFO - DAG(s) dict_keys(['example_xcom_args_with_operators', 'example_xcom_args']) retrieved from /home/airflow/.local/lib/python3.8/site-packages/airflow/example_dags/example_xcomargs.py
[2023-10-14T10:59:50.602+0000] {logging_mixin.py:151} INFO - [2023-10-14T10:59:50.602+0000] {dag.py:2941} INFO - Sync 2 DAGs
[2023-10-14T10:59:50.609+0000] {logging_mixin.py:151} INFO - [2023-10-14T10:59:50.609+0000] {dag.py:3722} INFO - Setting next_dagrun for example_xcom_args to None, run_after=None
[2023-10-14T10:59:50.611+0000] {logging_mixin.py:151} INFO - [2023-10-14T10:59:50.611+0000] {dag.py:3722} INFO - Setting next_dagrun for example_xcom_args_with_operators to None, run_after=None
[2023-10-14T10:59:50.620+0000] {processor.py:179} INFO - Processing /home/airflow/.local/lib/python3.8/site-packages/airflow/example_dags/example_xcomargs.py took 0.041 seconds
[2023-10-14T11:00:20.826+0000] {processor.py:157} INFO - Started process (PID=619) to work on /home/airflow/.local/lib/python3.8/site-packages/airflow/example_dags/example_xcomargs.py
[2023-10-14T11:00:20.827+0000] {processor.py:829} INFO - Processing file /home/airflow/.local/lib/python3.8/site-packages/airflow/example_dags/example_xcomargs.py for tasks to queue
[2023-10-14T11:00:20.828+0000] {logging_mixin.py:151} INFO - [2023-10-14T11:00:20.828+0000] {dagbag.py:536} INFO - Filling up the DagBag from /home/airflow/.local/lib/python3.8/site-packages/airflow/example_dags/example_xcomargs.py
[2023-10-14T11:00:20.833+0000] {processor.py:839} INFO - DAG(s) dict_keys(['example_xcom_args_with_operators', 'example_xcom_args']) retrieved from /home/airflow/.local/lib/python3.8/site-packages/airflow/example_dags/example_xcomargs.py
[2023-10-14T11:00:20.846+0000] {logging_mixin.py:151} INFO - [2023-10-14T11:00:20.846+0000] {dag.py:2941} INFO - Sync 2 DAGs
[2023-10-14T11:00:20.853+0000] {logging_mixin.py:151} INFO - [2023-10-14T11:00:20.853+0000] {dag.py:3722} INFO - Setting next_dagrun for example_xcom_args to None, run_after=None
[2023-10-14T11:00:20.855+0000] {logging_mixin.py:151} INFO - [2023-10-14T11:00:20.855+0000] {dag.py:3722} INFO - Setting next_dagrun for example_xcom_args_with_operators to None, run_after=None
[2023-10-14T11:00:20.864+0000] {processor.py:179} INFO - Processing /home/airflow/.local/lib/python3.8/site-packages/airflow/example_dags/example_xcomargs.py took 0.041 seconds
[2023-10-14T11:00:51.092+0000] {processor.py:157} INFO - Started process (PID=674) to work on /home/airflow/.local/lib/python3.8/site-packages/airflow/example_dags/example_xcomargs.py
[2023-10-14T11:00:51.092+0000] {processor.py:829} INFO - Processing file /home/airflow/.local/lib/python3.8/site-packages/airflow/example_dags/example_xcomargs.py for tasks to queue
[2023-10-14T11:00:51.094+0000] {logging_mixin.py:151} INFO - [2023-10-14T11:00:51.093+0000] {dagbag.py:536} INFO - Filling up the DagBag from /home/airflow/.local/lib/python3.8/site-packages/airflow/example_dags/example_xcomargs.py
[2023-10-14T11:00:51.098+0000] {processor.py:839} INFO - DAG(s) dict_keys(['example_xcom_args', 'example_xcom_args_with_operators']) retrieved from /home/airflow/.local/lib/python3.8/site-packages/airflow/example_dags/example_xcomargs.py
[2023-10-14T11:00:51.113+0000] {logging_mixin.py:151} INFO - [2023-10-14T11:00:51.113+0000] {dag.py:2941} INFO - Sync 2 DAGs
[2023-10-14T11:00:51.120+0000] {logging_mixin.py:151} INFO - [2023-10-14T11:00:51.120+0000] {dag.py:3722} INFO - Setting next_dagrun for example_xcom_args to None, run_after=None
[2023-10-14T11:00:51.122+0000] {logging_mixin.py:151} INFO - [2023-10-14T11:00:51.122+0000] {dag.py:3722} INFO - Setting next_dagrun for example_xcom_args_with_operators to None, run_after=None
[2023-10-14T11:00:51.131+0000] {processor.py:179} INFO - Processing /home/airflow/.local/lib/python3.8/site-packages/airflow/example_dags/example_xcomargs.py took 0.042 seconds
[2023-10-14T11:01:21.417+0000] {processor.py:157} INFO - Started process (PID=729) to work on /home/airflow/.local/lib/python3.8/site-packages/airflow/example_dags/example_xcomargs.py
[2023-10-14T11:01:21.418+0000] {processor.py:829} INFO - Processing file /home/airflow/.local/lib/python3.8/site-packages/airflow/example_dags/example_xcomargs.py for tasks to queue
[2023-10-14T11:01:21.420+0000] {logging_mixin.py:151} INFO - [2023-10-14T11:01:21.419+0000] {dagbag.py:536} INFO - Filling up the DagBag from /home/airflow/.local/lib/python3.8/site-packages/airflow/example_dags/example_xcomargs.py
[2023-10-14T11:01:21.425+0000] {processor.py:839} INFO - DAG(s) dict_keys(['example_xcom_args', 'example_xcom_args_with_operators']) retrieved from /home/airflow/.local/lib/python3.8/site-packages/airflow/example_dags/example_xcomargs.py
[2023-10-14T11:01:21.439+0000] {logging_mixin.py:151} INFO - [2023-10-14T11:01:21.439+0000] {dag.py:2941} INFO - Sync 2 DAGs
[2023-10-14T11:01:21.447+0000] {logging_mixin.py:151} INFO - [2023-10-14T11:01:21.447+0000] {dag.py:3722} INFO - Setting next_dagrun for example_xcom_args to None, run_after=None
[2023-10-14T11:01:21.449+0000] {logging_mixin.py:151} INFO - [2023-10-14T11:01:21.449+0000] {dag.py:3722} INFO - Setting next_dagrun for example_xcom_args_with_operators to None, run_after=None
[2023-10-14T11:01:21.459+0000] {processor.py:179} INFO - Processing /home/airflow/.local/lib/python3.8/site-packages/airflow/example_dags/example_xcomargs.py took 0.043 seconds
[2023-10-14T11:01:51.763+0000] {processor.py:157} INFO - Started process (PID=786) to work on /home/airflow/.local/lib/python3.8/site-packages/airflow/example_dags/example_xcomargs.py
[2023-10-14T11:01:51.764+0000] {processor.py:829} INFO - Processing file /home/airflow/.local/lib/python3.8/site-packages/airflow/example_dags/example_xcomargs.py for tasks to queue
[2023-10-14T11:01:51.766+0000] {logging_mixin.py:151} INFO - [2023-10-14T11:01:51.766+0000] {dagbag.py:536} INFO - Filling up the DagBag from /home/airflow/.local/lib/python3.8/site-packages/airflow/example_dags/example_xcomargs.py
[2023-10-14T11:01:51.771+0000] {processor.py:839} INFO - DAG(s) dict_keys(['example_xcom_args_with_operators', 'example_xcom_args']) retrieved from /home/airflow/.local/lib/python3.8/site-packages/airflow/example_dags/example_xcomargs.py
[2023-10-14T11:01:51.789+0000] {logging_mixin.py:151} INFO - [2023-10-14T11:01:51.789+0000] {dag.py:2941} INFO - Sync 2 DAGs
[2023-10-14T11:01:51.797+0000] {logging_mixin.py:151} INFO - [2023-10-14T11:01:51.797+0000] {dag.py:3722} INFO - Setting next_dagrun for example_xcom_args to None, run_after=None
[2023-10-14T11:01:51.800+0000] {logging_mixin.py:151} INFO - [2023-10-14T11:01:51.799+0000] {dag.py:3722} INFO - Setting next_dagrun for example_xcom_args_with_operators to None, run_after=None
[2023-10-14T11:01:51.810+0000] {processor.py:179} INFO - Processing /home/airflow/.local/lib/python3.8/site-packages/airflow/example_dags/example_xcomargs.py took 0.049 seconds
[2023-10-14T11:02:22.453+0000] {processor.py:157} INFO - Started process (PID=842) to work on /home/airflow/.local/lib/python3.8/site-packages/airflow/example_dags/example_xcomargs.py
[2023-10-14T11:02:22.454+0000] {processor.py:829} INFO - Processing file /home/airflow/.local/lib/python3.8/site-packages/airflow/example_dags/example_xcomargs.py for tasks to queue
[2023-10-14T11:02:22.456+0000] {logging_mixin.py:151} INFO - [2023-10-14T11:02:22.456+0000] {dagbag.py:536} INFO - Filling up the DagBag from /home/airflow/.local/lib/python3.8/site-packages/airflow/example_dags/example_xcomargs.py
[2023-10-14T11:02:22.463+0000] {processor.py:839} INFO - DAG(s) dict_keys(['example_xcom_args', 'example_xcom_args_with_operators']) retrieved from /home/airflow/.local/lib/python3.8/site-packages/airflow/example_dags/example_xcomargs.py
[2023-10-14T11:02:22.481+0000] {logging_mixin.py:151} INFO - [2023-10-14T11:02:22.481+0000] {dag.py:2941} INFO - Sync 2 DAGs
[2023-10-14T11:02:22.489+0000] {logging_mixin.py:151} INFO - [2023-10-14T11:02:22.489+0000] {dag.py:3722} INFO - Setting next_dagrun for example_xcom_args to None, run_after=None
[2023-10-14T11:02:22.492+0000] {logging_mixin.py:151} INFO - [2023-10-14T11:02:22.491+0000] {dag.py:3722} INFO - Setting next_dagrun for example_xcom_args_with_operators to None, run_after=None
[2023-10-14T11:02:22.502+0000] {processor.py:179} INFO - Processing /home/airflow/.local/lib/python3.8/site-packages/airflow/example_dags/example_xcomargs.py took 0.055 seconds
[2023-10-14T11:02:52.750+0000] {processor.py:157} INFO - Started process (PID=897) to work on /home/airflow/.local/lib/python3.8/site-packages/airflow/example_dags/example_xcomargs.py
[2023-10-14T11:02:52.751+0000] {processor.py:829} INFO - Processing file /home/airflow/.local/lib/python3.8/site-packages/airflow/example_dags/example_xcomargs.py for tasks to queue
[2023-10-14T11:02:52.752+0000] {logging_mixin.py:151} INFO - [2023-10-14T11:02:52.752+0000] {dagbag.py:536} INFO - Filling up the DagBag from /home/airflow/.local/lib/python3.8/site-packages/airflow/example_dags/example_xcomargs.py
[2023-10-14T11:02:52.758+0000] {processor.py:839} INFO - DAG(s) dict_keys(['example_xcom_args_with_operators', 'example_xcom_args']) retrieved from /home/airflow/.local/lib/python3.8/site-packages/airflow/example_dags/example_xcomargs.py
[2023-10-14T11:02:52.773+0000] {logging_mixin.py:151} INFO - [2023-10-14T11:02:52.772+0000] {dag.py:2941} INFO - Sync 2 DAGs
[2023-10-14T11:02:52.780+0000] {logging_mixin.py:151} INFO - [2023-10-14T11:02:52.780+0000] {dag.py:3722} INFO - Setting next_dagrun for example_xcom_args to None, run_after=None
[2023-10-14T11:02:52.781+0000] {logging_mixin.py:151} INFO - [2023-10-14T11:02:52.781+0000] {dag.py:3722} INFO - Setting next_dagrun for example_xcom_args_with_operators to None, run_after=None
[2023-10-14T11:02:52.790+0000] {processor.py:179} INFO - Processing /home/airflow/.local/lib/python3.8/site-packages/airflow/example_dags/example_xcomargs.py took 0.041 seconds
[2023-10-14T11:03:23.222+0000] {processor.py:157} INFO - Started process (PID=953) to work on /home/airflow/.local/lib/python3.8/site-packages/airflow/example_dags/example_xcomargs.py
[2023-10-14T11:03:23.223+0000] {processor.py:829} INFO - Processing file /home/airflow/.local/lib/python3.8/site-packages/airflow/example_dags/example_xcomargs.py for tasks to queue
[2023-10-14T11:03:23.225+0000] {logging_mixin.py:151} INFO - [2023-10-14T11:03:23.224+0000] {dagbag.py:536} INFO - Filling up the DagBag from /home/airflow/.local/lib/python3.8/site-packages/airflow/example_dags/example_xcomargs.py
[2023-10-14T11:03:23.230+0000] {processor.py:839} INFO - DAG(s) dict_keys(['example_xcom_args', 'example_xcom_args_with_operators']) retrieved from /home/airflow/.local/lib/python3.8/site-packages/airflow/example_dags/example_xcomargs.py
[2023-10-14T11:03:23.244+0000] {logging_mixin.py:151} INFO - [2023-10-14T11:03:23.244+0000] {dag.py:2941} INFO - Sync 2 DAGs
[2023-10-14T11:03:23.251+0000] {logging_mixin.py:151} INFO - [2023-10-14T11:03:23.251+0000] {dag.py:3722} INFO - Setting next_dagrun for example_xcom_args to None, run_after=None
[2023-10-14T11:03:23.253+0000] {logging_mixin.py:151} INFO - [2023-10-14T11:03:23.253+0000] {dag.py:3722} INFO - Setting next_dagrun for example_xcom_args_with_operators to None, run_after=None
[2023-10-14T11:03:23.264+0000] {processor.py:179} INFO - Processing /home/airflow/.local/lib/python3.8/site-packages/airflow/example_dags/example_xcomargs.py took 0.044 seconds
[2023-10-14T11:03:53.588+0000] {processor.py:157} INFO - Started process (PID=1008) to work on /home/airflow/.local/lib/python3.8/site-packages/airflow/example_dags/example_xcomargs.py
[2023-10-14T11:03:53.589+0000] {processor.py:829} INFO - Processing file /home/airflow/.local/lib/python3.8/site-packages/airflow/example_dags/example_xcomargs.py for tasks to queue
[2023-10-14T11:03:53.591+0000] {logging_mixin.py:151} INFO - [2023-10-14T11:03:53.590+0000] {dagbag.py:536} INFO - Filling up the DagBag from /home/airflow/.local/lib/python3.8/site-packages/airflow/example_dags/example_xcomargs.py
[2023-10-14T11:03:53.596+0000] {processor.py:839} INFO - DAG(s) dict_keys(['example_xcom_args_with_operators', 'example_xcom_args']) retrieved from /home/airflow/.local/lib/python3.8/site-packages/airflow/example_dags/example_xcomargs.py
[2023-10-14T11:03:53.611+0000] {logging_mixin.py:151} INFO - [2023-10-14T11:03:53.610+0000] {dag.py:2941} INFO - Sync 2 DAGs
[2023-10-14T11:03:53.617+0000] {logging_mixin.py:151} INFO - [2023-10-14T11:03:53.617+0000] {dag.py:3722} INFO - Setting next_dagrun for example_xcom_args to None, run_after=None
[2023-10-14T11:03:53.619+0000] {logging_mixin.py:151} INFO - [2023-10-14T11:03:53.619+0000] {dag.py:3722} INFO - Setting next_dagrun for example_xcom_args_with_operators to None, run_after=None
[2023-10-14T11:03:53.626+0000] {processor.py:179} INFO - Processing /home/airflow/.local/lib/python3.8/site-packages/airflow/example_dags/example_xcomargs.py took 0.041 seconds
[2023-10-14T11:04:24.104+0000] {processor.py:157} INFO - Started process (PID=1064) to work on /home/airflow/.local/lib/python3.8/site-packages/airflow/example_dags/example_xcomargs.py
[2023-10-14T11:04:24.105+0000] {processor.py:829} INFO - Processing file /home/airflow/.local/lib/python3.8/site-packages/airflow/example_dags/example_xcomargs.py for tasks to queue
[2023-10-14T11:04:24.107+0000] {logging_mixin.py:151} INFO - [2023-10-14T11:04:24.107+0000] {dagbag.py:536} INFO - Filling up the DagBag from /home/airflow/.local/lib/python3.8/site-packages/airflow/example_dags/example_xcomargs.py
[2023-10-14T11:04:24.112+0000] {processor.py:839} INFO - DAG(s) dict_keys(['example_xcom_args', 'example_xcom_args_with_operators']) retrieved from /home/airflow/.local/lib/python3.8/site-packages/airflow/example_dags/example_xcomargs.py
[2023-10-14T11:04:24.128+0000] {logging_mixin.py:151} INFO - [2023-10-14T11:04:24.128+0000] {dag.py:2941} INFO - Sync 2 DAGs
[2023-10-14T11:04:24.136+0000] {logging_mixin.py:151} INFO - [2023-10-14T11:04:24.136+0000] {dag.py:3722} INFO - Setting next_dagrun for example_xcom_args to None, run_after=None
[2023-10-14T11:04:24.139+0000] {logging_mixin.py:151} INFO - [2023-10-14T11:04:24.139+0000] {dag.py:3722} INFO - Setting next_dagrun for example_xcom_args_with_operators to None, run_after=None
[2023-10-14T11:04:24.150+0000] {processor.py:179} INFO - Processing /home/airflow/.local/lib/python3.8/site-packages/airflow/example_dags/example_xcomargs.py took 0.048 seconds
[2023-10-14T11:04:54.376+0000] {processor.py:157} INFO - Started process (PID=1119) to work on /home/airflow/.local/lib/python3.8/site-packages/airflow/example_dags/example_xcomargs.py
[2023-10-14T11:04:54.377+0000] {processor.py:829} INFO - Processing file /home/airflow/.local/lib/python3.8/site-packages/airflow/example_dags/example_xcomargs.py for tasks to queue
[2023-10-14T11:04:54.378+0000] {logging_mixin.py:151} INFO - [2023-10-14T11:04:54.378+0000] {dagbag.py:536} INFO - Filling up the DagBag from /home/airflow/.local/lib/python3.8/site-packages/airflow/example_dags/example_xcomargs.py
[2023-10-14T11:04:54.383+0000] {processor.py:839} INFO - DAG(s) dict_keys(['example_xcom_args_with_operators', 'example_xcom_args']) retrieved from /home/airflow/.local/lib/python3.8/site-packages/airflow/example_dags/example_xcomargs.py
[2023-10-14T11:04:54.397+0000] {logging_mixin.py:151} INFO - [2023-10-14T11:04:54.397+0000] {dag.py:2941} INFO - Sync 2 DAGs
[2023-10-14T11:04:54.404+0000] {logging_mixin.py:151} INFO - [2023-10-14T11:04:54.404+0000] {dag.py:3722} INFO - Setting next_dagrun for example_xcom_args to None, run_after=None
[2023-10-14T11:04:54.406+0000] {logging_mixin.py:151} INFO - [2023-10-14T11:04:54.405+0000] {dag.py:3722} INFO - Setting next_dagrun for example_xcom_args_with_operators to None, run_after=None
[2023-10-14T11:04:54.414+0000] {processor.py:179} INFO - Processing /home/airflow/.local/lib/python3.8/site-packages/airflow/example_dags/example_xcomargs.py took 0.040 seconds
[2023-10-14T11:05:24.502+0000] {processor.py:157} INFO - Started process (PID=1174) to work on /home/airflow/.local/lib/python3.8/site-packages/airflow/example_dags/example_xcomargs.py
[2023-10-14T11:05:24.504+0000] {processor.py:829} INFO - Processing file /home/airflow/.local/lib/python3.8/site-packages/airflow/example_dags/example_xcomargs.py for tasks to queue
[2023-10-14T11:05:24.505+0000] {logging_mixin.py:151} INFO - [2023-10-14T11:05:24.505+0000] {dagbag.py:536} INFO - Filling up the DagBag from /home/airflow/.local/lib/python3.8/site-packages/airflow/example_dags/example_xcomargs.py
[2023-10-14T11:05:24.510+0000] {processor.py:839} INFO - DAG(s) dict_keys(['example_xcom_args', 'example_xcom_args_with_operators']) retrieved from /home/airflow/.local/lib/python3.8/site-packages/airflow/example_dags/example_xcomargs.py
[2023-10-14T11:05:24.523+0000] {logging_mixin.py:151} INFO - [2023-10-14T11:05:24.523+0000] {dag.py:2941} INFO - Sync 2 DAGs
[2023-10-14T11:05:24.529+0000] {logging_mixin.py:151} INFO - [2023-10-14T11:05:24.529+0000] {dag.py:3722} INFO - Setting next_dagrun for example_xcom_args to None, run_after=None
[2023-10-14T11:05:24.531+0000] {logging_mixin.py:151} INFO - [2023-10-14T11:05:24.531+0000] {dag.py:3722} INFO - Setting next_dagrun for example_xcom_args_with_operators to None, run_after=None
[2023-10-14T11:05:24.538+0000] {processor.py:179} INFO - Processing /home/airflow/.local/lib/python3.8/site-packages/airflow/example_dags/example_xcomargs.py took 0.038 seconds
[2023-10-14T11:05:55.582+0000] {processor.py:157} INFO - Started process (PID=1229) to work on /home/airflow/.local/lib/python3.8/site-packages/airflow/example_dags/example_xcomargs.py
[2023-10-14T11:05:55.583+0000] {processor.py:829} INFO - Processing file /home/airflow/.local/lib/python3.8/site-packages/airflow/example_dags/example_xcomargs.py for tasks to queue
[2023-10-14T11:05:55.585+0000] {logging_mixin.py:151} INFO - [2023-10-14T11:05:55.585+0000] {dagbag.py:536} INFO - Filling up the DagBag from /home/airflow/.local/lib/python3.8/site-packages/airflow/example_dags/example_xcomargs.py
[2023-10-14T11:05:55.592+0000] {processor.py:839} INFO - DAG(s) dict_keys(['example_xcom_args', 'example_xcom_args_with_operators']) retrieved from /home/airflow/.local/lib/python3.8/site-packages/airflow/example_dags/example_xcomargs.py
[2023-10-14T11:05:55.611+0000] {logging_mixin.py:151} INFO - [2023-10-14T11:05:55.611+0000] {dag.py:2941} INFO - Sync 2 DAGs
[2023-10-14T11:05:55.620+0000] {logging_mixin.py:151} INFO - [2023-10-14T11:05:55.620+0000] {dag.py:3722} INFO - Setting next_dagrun for example_xcom_args to None, run_after=None
[2023-10-14T11:05:55.623+0000] {logging_mixin.py:151} INFO - [2023-10-14T11:05:55.623+0000] {dag.py:3722} INFO - Setting next_dagrun for example_xcom_args_with_operators to None, run_after=None
[2023-10-14T11:05:55.634+0000] {processor.py:179} INFO - Processing /home/airflow/.local/lib/python3.8/site-packages/airflow/example_dags/example_xcomargs.py took 0.056 seconds
[2023-10-14T11:06:25.912+0000] {processor.py:157} INFO - Started process (PID=1285) to work on /home/airflow/.local/lib/python3.8/site-packages/airflow/example_dags/example_xcomargs.py
[2023-10-14T11:06:25.913+0000] {processor.py:829} INFO - Processing file /home/airflow/.local/lib/python3.8/site-packages/airflow/example_dags/example_xcomargs.py for tasks to queue
[2023-10-14T11:06:25.915+0000] {logging_mixin.py:151} INFO - [2023-10-14T11:06:25.915+0000] {dagbag.py:536} INFO - Filling up the DagBag from /home/airflow/.local/lib/python3.8/site-packages/airflow/example_dags/example_xcomargs.py
[2023-10-14T11:06:25.920+0000] {processor.py:839} INFO - DAG(s) dict_keys(['example_xcom_args_with_operators', 'example_xcom_args']) retrieved from /home/airflow/.local/lib/python3.8/site-packages/airflow/example_dags/example_xcomargs.py
[2023-10-14T11:06:25.933+0000] {logging_mixin.py:151} INFO - [2023-10-14T11:06:25.933+0000] {dag.py:2941} INFO - Sync 2 DAGs
[2023-10-14T11:06:25.940+0000] {logging_mixin.py:151} INFO - [2023-10-14T11:06:25.940+0000] {dag.py:3722} INFO - Setting next_dagrun for example_xcom_args to None, run_after=None
[2023-10-14T11:06:25.942+0000] {logging_mixin.py:151} INFO - [2023-10-14T11:06:25.942+0000] {dag.py:3722} INFO - Setting next_dagrun for example_xcom_args_with_operators to None, run_after=None
[2023-10-14T11:06:25.950+0000] {processor.py:179} INFO - Processing /home/airflow/.local/lib/python3.8/site-packages/airflow/example_dags/example_xcomargs.py took 0.040 seconds
[2023-10-14T11:06:56.297+0000] {processor.py:157} INFO - Started process (PID=1340) to work on /home/airflow/.local/lib/python3.8/site-packages/airflow/example_dags/example_xcomargs.py
[2023-10-14T11:06:56.298+0000] {processor.py:829} INFO - Processing file /home/airflow/.local/lib/python3.8/site-packages/airflow/example_dags/example_xcomargs.py for tasks to queue
[2023-10-14T11:06:56.299+0000] {logging_mixin.py:151} INFO - [2023-10-14T11:06:56.299+0000] {dagbag.py:536} INFO - Filling up the DagBag from /home/airflow/.local/lib/python3.8/site-packages/airflow/example_dags/example_xcomargs.py
[2023-10-14T11:06:56.305+0000] {processor.py:839} INFO - DAG(s) dict_keys(['example_xcom_args_with_operators', 'example_xcom_args']) retrieved from /home/airflow/.local/lib/python3.8/site-packages/airflow/example_dags/example_xcomargs.py
[2023-10-14T11:06:56.321+0000] {logging_mixin.py:151} INFO - [2023-10-14T11:06:56.321+0000] {dag.py:2941} INFO - Sync 2 DAGs
[2023-10-14T11:06:56.328+0000] {logging_mixin.py:151} INFO - [2023-10-14T11:06:56.328+0000] {dag.py:3722} INFO - Setting next_dagrun for example_xcom_args to None, run_after=None
[2023-10-14T11:06:56.330+0000] {logging_mixin.py:151} INFO - [2023-10-14T11:06:56.330+0000] {dag.py:3722} INFO - Setting next_dagrun for example_xcom_args_with_operators to None, run_after=None
[2023-10-14T11:06:56.340+0000] {processor.py:179} INFO - Processing /home/airflow/.local/lib/python3.8/site-packages/airflow/example_dags/example_xcomargs.py took 0.046 seconds
[2023-10-14T11:07:32.390+0000] {processor.py:157} INFO - Started process (PID=1399) to work on /home/airflow/.local/lib/python3.8/site-packages/airflow/example_dags/example_xcomargs.py
[2023-10-14T11:07:32.391+0000] {processor.py:829} INFO - Processing file /home/airflow/.local/lib/python3.8/site-packages/airflow/example_dags/example_xcomargs.py for tasks to queue
[2023-10-14T11:07:32.393+0000] {logging_mixin.py:151} INFO - [2023-10-14T11:07:32.393+0000] {dagbag.py:536} INFO - Filling up the DagBag from /home/airflow/.local/lib/python3.8/site-packages/airflow/example_dags/example_xcomargs.py
[2023-10-14T11:07:32.405+0000] {processor.py:839} INFO - DAG(s) dict_keys(['example_xcom_args', 'example_xcom_args_with_operators']) retrieved from /home/airflow/.local/lib/python3.8/site-packages/airflow/example_dags/example_xcomargs.py
[2023-10-14T11:07:32.426+0000] {logging_mixin.py:151} INFO - [2023-10-14T11:07:32.426+0000] {dag.py:2941} INFO - Sync 2 DAGs
[2023-10-14T11:07:32.440+0000] {logging_mixin.py:151} INFO - [2023-10-14T11:07:32.440+0000] {dag.py:3722} INFO - Setting next_dagrun for example_xcom_args to None, run_after=None
[2023-10-14T11:07:32.445+0000] {logging_mixin.py:151} INFO - [2023-10-14T11:07:32.445+0000] {dag.py:3722} INFO - Setting next_dagrun for example_xcom_args_with_operators to None, run_after=None
[2023-10-14T11:07:32.472+0000] {processor.py:179} INFO - Processing /home/airflow/.local/lib/python3.8/site-packages/airflow/example_dags/example_xcomargs.py took 0.086 seconds
[2023-10-14T11:08:02.740+0000] {processor.py:157} INFO - Started process (PID=1454) to work on /home/airflow/.local/lib/python3.8/site-packages/airflow/example_dags/example_xcomargs.py
[2023-10-14T11:08:02.740+0000] {processor.py:829} INFO - Processing file /home/airflow/.local/lib/python3.8/site-packages/airflow/example_dags/example_xcomargs.py for tasks to queue
[2023-10-14T11:08:02.742+0000] {logging_mixin.py:151} INFO - [2023-10-14T11:08:02.742+0000] {dagbag.py:536} INFO - Filling up the DagBag from /home/airflow/.local/lib/python3.8/site-packages/airflow/example_dags/example_xcomargs.py
[2023-10-14T11:08:02.748+0000] {processor.py:839} INFO - DAG(s) dict_keys(['example_xcom_args', 'example_xcom_args_with_operators']) retrieved from /home/airflow/.local/lib/python3.8/site-packages/airflow/example_dags/example_xcomargs.py
[2023-10-14T11:08:02.764+0000] {logging_mixin.py:151} INFO - [2023-10-14T11:08:02.764+0000] {dag.py:2941} INFO - Sync 2 DAGs
[2023-10-14T11:08:02.772+0000] {logging_mixin.py:151} INFO - [2023-10-14T11:08:02.772+0000] {dag.py:3722} INFO - Setting next_dagrun for example_xcom_args to None, run_after=None
[2023-10-14T11:08:02.775+0000] {logging_mixin.py:151} INFO - [2023-10-14T11:08:02.775+0000] {dag.py:3722} INFO - Setting next_dagrun for example_xcom_args_with_operators to None, run_after=None
[2023-10-14T11:08:02.784+0000] {processor.py:179} INFO - Processing /home/airflow/.local/lib/python3.8/site-packages/airflow/example_dags/example_xcomargs.py took 0.047 seconds
[2023-10-14T11:08:33.307+0000] {processor.py:157} INFO - Started process (PID=1509) to work on /home/airflow/.local/lib/python3.8/site-packages/airflow/example_dags/example_xcomargs.py
[2023-10-14T11:08:33.308+0000] {processor.py:829} INFO - Processing file /home/airflow/.local/lib/python3.8/site-packages/airflow/example_dags/example_xcomargs.py for tasks to queue
[2023-10-14T11:08:33.309+0000] {logging_mixin.py:151} INFO - [2023-10-14T11:08:33.309+0000] {dagbag.py:536} INFO - Filling up the DagBag from /home/airflow/.local/lib/python3.8/site-packages/airflow/example_dags/example_xcomargs.py
[2023-10-14T11:08:33.315+0000] {processor.py:839} INFO - DAG(s) dict_keys(['example_xcom_args_with_operators', 'example_xcom_args']) retrieved from /home/airflow/.local/lib/python3.8/site-packages/airflow/example_dags/example_xcomargs.py
[2023-10-14T11:08:33.329+0000] {logging_mixin.py:151} INFO - [2023-10-14T11:08:33.329+0000] {dag.py:2941} INFO - Sync 2 DAGs
[2023-10-14T11:08:33.337+0000] {logging_mixin.py:151} INFO - [2023-10-14T11:08:33.337+0000] {dag.py:3722} INFO - Setting next_dagrun for example_xcom_args to None, run_after=None
[2023-10-14T11:08:33.339+0000] {logging_mixin.py:151} INFO - [2023-10-14T11:08:33.338+0000] {dag.py:3722} INFO - Setting next_dagrun for example_xcom_args_with_operators to None, run_after=None
[2023-10-14T11:08:33.348+0000] {processor.py:179} INFO - Processing /home/airflow/.local/lib/python3.8/site-packages/airflow/example_dags/example_xcomargs.py took 0.043 seconds
[2023-10-14T11:09:03.800+0000] {processor.py:157} INFO - Started process (PID=1564) to work on /home/airflow/.local/lib/python3.8/site-packages/airflow/example_dags/example_xcomargs.py
[2023-10-14T11:09:03.801+0000] {processor.py:829} INFO - Processing file /home/airflow/.local/lib/python3.8/site-packages/airflow/example_dags/example_xcomargs.py for tasks to queue
[2023-10-14T11:09:03.803+0000] {logging_mixin.py:151} INFO - [2023-10-14T11:09:03.803+0000] {dagbag.py:536} INFO - Filling up the DagBag from /home/airflow/.local/lib/python3.8/site-packages/airflow/example_dags/example_xcomargs.py
[2023-10-14T11:09:03.809+0000] {processor.py:839} INFO - DAG(s) dict_keys(['example_xcom_args', 'example_xcom_args_with_operators']) retrieved from /home/airflow/.local/lib/python3.8/site-packages/airflow/example_dags/example_xcomargs.py
[2023-10-14T11:09:03.826+0000] {logging_mixin.py:151} INFO - [2023-10-14T11:09:03.826+0000] {dag.py:2941} INFO - Sync 2 DAGs
[2023-10-14T11:09:03.833+0000] {logging_mixin.py:151} INFO - [2023-10-14T11:09:03.833+0000] {dag.py:3722} INFO - Setting next_dagrun for example_xcom_args to None, run_after=None
[2023-10-14T11:09:03.836+0000] {logging_mixin.py:151} INFO - [2023-10-14T11:09:03.835+0000] {dag.py:3722} INFO - Setting next_dagrun for example_xcom_args_with_operators to None, run_after=None
[2023-10-14T11:09:03.846+0000] {processor.py:179} INFO - Processing /home/airflow/.local/lib/python3.8/site-packages/airflow/example_dags/example_xcomargs.py took 0.048 seconds
[2023-10-14T11:09:34.245+0000] {processor.py:157} INFO - Started process (PID=1619) to work on /home/airflow/.local/lib/python3.8/site-packages/airflow/example_dags/example_xcomargs.py
[2023-10-14T11:09:34.246+0000] {processor.py:829} INFO - Processing file /home/airflow/.local/lib/python3.8/site-packages/airflow/example_dags/example_xcomargs.py for tasks to queue
[2023-10-14T11:09:34.248+0000] {logging_mixin.py:151} INFO - [2023-10-14T11:09:34.247+0000] {dagbag.py:536} INFO - Filling up the DagBag from /home/airflow/.local/lib/python3.8/site-packages/airflow/example_dags/example_xcomargs.py
[2023-10-14T11:09:34.253+0000] {processor.py:839} INFO - DAG(s) dict_keys(['example_xcom_args_with_operators', 'example_xcom_args']) retrieved from /home/airflow/.local/lib/python3.8/site-packages/airflow/example_dags/example_xcomargs.py
[2023-10-14T11:09:34.269+0000] {logging_mixin.py:151} INFO - [2023-10-14T11:09:34.269+0000] {dag.py:2941} INFO - Sync 2 DAGs
[2023-10-14T11:09:34.276+0000] {logging_mixin.py:151} INFO - [2023-10-14T11:09:34.276+0000] {dag.py:3722} INFO - Setting next_dagrun for example_xcom_args to None, run_after=None
[2023-10-14T11:09:34.278+0000] {logging_mixin.py:151} INFO - [2023-10-14T11:09:34.278+0000] {dag.py:3722} INFO - Setting next_dagrun for example_xcom_args_with_operators to None, run_after=None
[2023-10-14T11:09:34.287+0000] {processor.py:179} INFO - Processing /home/airflow/.local/lib/python3.8/site-packages/airflow/example_dags/example_xcomargs.py took 0.045 seconds
