[2023-10-14T10:55:11.704+0000] {processor.py:157} INFO - Started process (PID=35) to work on /home/airflow/.local/lib/python3.8/site-packages/airflow/example_dags/example_external_task_marker_dag.py
[2023-10-14T10:55:11.718+0000] {processor.py:829} INFO - Processing file /home/airflow/.local/lib/python3.8/site-packages/airflow/example_dags/example_external_task_marker_dag.py for tasks to queue
[2023-10-14T10:55:11.733+0000] {logging_mixin.py:151} INFO - [2023-10-14T10:55:11.733+0000] {dagbag.py:536} INFO - Filling up the DagBag from /home/airflow/.local/lib/python3.8/site-packages/airflow/example_dags/example_external_task_marker_dag.py
[2023-10-14T10:55:11.776+0000] {processor.py:839} INFO - DAG(s) dict_keys(['example_external_task_marker_child', 'example_external_task_marker_parent']) retrieved from /home/airflow/.local/lib/python3.8/site-packages/airflow/example_dags/example_external_task_marker_dag.py
[2023-10-14T10:55:11.879+0000] {logging_mixin.py:151} INFO - [2023-10-14T10:55:11.879+0000] {dag.py:2941} INFO - Sync 2 DAGs
[2023-10-14T10:55:11.960+0000] {logging_mixin.py:151} INFO - [2023-10-14T10:55:11.960+0000] {dag.py:3722} INFO - Setting next_dagrun for example_external_task_marker_child to None, run_after=None
[2023-10-14T10:55:11.966+0000] {logging_mixin.py:151} INFO - [2023-10-14T10:55:11.966+0000] {dag.py:3722} INFO - Setting next_dagrun for example_external_task_marker_parent to None, run_after=None
[2023-10-14T10:55:11.998+0000] {processor.py:179} INFO - Processing /home/airflow/.local/lib/python3.8/site-packages/airflow/example_dags/example_external_task_marker_dag.py took 0.297 seconds
[2023-10-14T10:55:42.816+0000] {processor.py:157} INFO - Started process (PID=90) to work on /home/airflow/.local/lib/python3.8/site-packages/airflow/example_dags/example_external_task_marker_dag.py
[2023-10-14T10:55:42.818+0000] {processor.py:829} INFO - Processing file /home/airflow/.local/lib/python3.8/site-packages/airflow/example_dags/example_external_task_marker_dag.py for tasks to queue
[2023-10-14T10:55:42.822+0000] {logging_mixin.py:151} INFO - [2023-10-14T10:55:42.822+0000] {dagbag.py:536} INFO - Filling up the DagBag from /home/airflow/.local/lib/python3.8/site-packages/airflow/example_dags/example_external_task_marker_dag.py
[2023-10-14T10:55:42.830+0000] {processor.py:839} INFO - DAG(s) dict_keys(['example_external_task_marker_parent', 'example_external_task_marker_child']) retrieved from /home/airflow/.local/lib/python3.8/site-packages/airflow/example_dags/example_external_task_marker_dag.py
[2023-10-14T10:55:42.853+0000] {logging_mixin.py:151} INFO - [2023-10-14T10:55:42.853+0000] {dag.py:2941} INFO - Sync 2 DAGs
[2023-10-14T10:55:42.863+0000] {logging_mixin.py:151} INFO - [2023-10-14T10:55:42.863+0000] {dag.py:3722} INFO - Setting next_dagrun for example_external_task_marker_child to None, run_after=None
[2023-10-14T10:55:42.865+0000] {logging_mixin.py:151} INFO - [2023-10-14T10:55:42.865+0000] {dag.py:3722} INFO - Setting next_dagrun for example_external_task_marker_parent to None, run_after=None
[2023-10-14T10:55:42.875+0000] {processor.py:179} INFO - Processing /home/airflow/.local/lib/python3.8/site-packages/airflow/example_dags/example_external_task_marker_dag.py took 0.067 seconds
[2023-10-14T10:56:13.374+0000] {processor.py:157} INFO - Started process (PID=145) to work on /home/airflow/.local/lib/python3.8/site-packages/airflow/example_dags/example_external_task_marker_dag.py
[2023-10-14T10:56:13.375+0000] {processor.py:829} INFO - Processing file /home/airflow/.local/lib/python3.8/site-packages/airflow/example_dags/example_external_task_marker_dag.py for tasks to queue
[2023-10-14T10:56:13.377+0000] {logging_mixin.py:151} INFO - [2023-10-14T10:56:13.376+0000] {dagbag.py:536} INFO - Filling up the DagBag from /home/airflow/.local/lib/python3.8/site-packages/airflow/example_dags/example_external_task_marker_dag.py
[2023-10-14T10:56:13.382+0000] {processor.py:839} INFO - DAG(s) dict_keys(['example_external_task_marker_child', 'example_external_task_marker_parent']) retrieved from /home/airflow/.local/lib/python3.8/site-packages/airflow/example_dags/example_external_task_marker_dag.py
[2023-10-14T10:56:13.401+0000] {logging_mixin.py:151} INFO - [2023-10-14T10:56:13.401+0000] {dag.py:2941} INFO - Sync 2 DAGs
[2023-10-14T10:56:13.408+0000] {logging_mixin.py:151} INFO - [2023-10-14T10:56:13.408+0000] {dag.py:3722} INFO - Setting next_dagrun for example_external_task_marker_child to None, run_after=None
[2023-10-14T10:56:13.411+0000] {logging_mixin.py:151} INFO - [2023-10-14T10:56:13.411+0000] {dag.py:3722} INFO - Setting next_dagrun for example_external_task_marker_parent to None, run_after=None
[2023-10-14T10:56:13.422+0000] {processor.py:179} INFO - Processing /home/airflow/.local/lib/python3.8/site-packages/airflow/example_dags/example_external_task_marker_dag.py took 0.052 seconds
[2023-10-14T10:56:43.579+0000] {processor.py:157} INFO - Started process (PID=200) to work on /home/airflow/.local/lib/python3.8/site-packages/airflow/example_dags/example_external_task_marker_dag.py
[2023-10-14T10:56:43.582+0000] {processor.py:829} INFO - Processing file /home/airflow/.local/lib/python3.8/site-packages/airflow/example_dags/example_external_task_marker_dag.py for tasks to queue
[2023-10-14T10:56:43.586+0000] {logging_mixin.py:151} INFO - [2023-10-14T10:56:43.586+0000] {dagbag.py:536} INFO - Filling up the DagBag from /home/airflow/.local/lib/python3.8/site-packages/airflow/example_dags/example_external_task_marker_dag.py
[2023-10-14T10:56:43.593+0000] {processor.py:839} INFO - DAG(s) dict_keys(['example_external_task_marker_parent', 'example_external_task_marker_child']) retrieved from /home/airflow/.local/lib/python3.8/site-packages/airflow/example_dags/example_external_task_marker_dag.py
[2023-10-14T10:56:43.617+0000] {logging_mixin.py:151} INFO - [2023-10-14T10:56:43.617+0000] {dag.py:2941} INFO - Sync 2 DAGs
[2023-10-14T10:56:43.630+0000] {logging_mixin.py:151} INFO - [2023-10-14T10:56:43.630+0000] {dag.py:3722} INFO - Setting next_dagrun for example_external_task_marker_child to None, run_after=None
[2023-10-14T10:56:43.632+0000] {logging_mixin.py:151} INFO - [2023-10-14T10:56:43.632+0000] {dag.py:3722} INFO - Setting next_dagrun for example_external_task_marker_parent to None, run_after=None
[2023-10-14T10:56:43.641+0000] {processor.py:179} INFO - Processing /home/airflow/.local/lib/python3.8/site-packages/airflow/example_dags/example_external_task_marker_dag.py took 0.069 seconds
[2023-10-14T10:57:13.988+0000] {processor.py:157} INFO - Started process (PID=255) to work on /home/airflow/.local/lib/python3.8/site-packages/airflow/example_dags/example_external_task_marker_dag.py
[2023-10-14T10:57:13.991+0000] {processor.py:829} INFO - Processing file /home/airflow/.local/lib/python3.8/site-packages/airflow/example_dags/example_external_task_marker_dag.py for tasks to queue
[2023-10-14T10:57:13.995+0000] {logging_mixin.py:151} INFO - [2023-10-14T10:57:13.995+0000] {dagbag.py:536} INFO - Filling up the DagBag from /home/airflow/.local/lib/python3.8/site-packages/airflow/example_dags/example_external_task_marker_dag.py
[2023-10-14T10:57:14.002+0000] {processor.py:839} INFO - DAG(s) dict_keys(['example_external_task_marker_child', 'example_external_task_marker_parent']) retrieved from /home/airflow/.local/lib/python3.8/site-packages/airflow/example_dags/example_external_task_marker_dag.py
[2023-10-14T10:57:14.023+0000] {logging_mixin.py:151} INFO - [2023-10-14T10:57:14.023+0000] {dag.py:2941} INFO - Sync 2 DAGs
[2023-10-14T10:57:14.031+0000] {logging_mixin.py:151} INFO - [2023-10-14T10:57:14.031+0000] {dag.py:3722} INFO - Setting next_dagrun for example_external_task_marker_child to None, run_after=None
[2023-10-14T10:57:14.033+0000] {logging_mixin.py:151} INFO - [2023-10-14T10:57:14.033+0000] {dag.py:3722} INFO - Setting next_dagrun for example_external_task_marker_parent to None, run_after=None
[2023-10-14T10:57:14.041+0000] {processor.py:179} INFO - Processing /home/airflow/.local/lib/python3.8/site-packages/airflow/example_dags/example_external_task_marker_dag.py took 0.060 seconds
[2023-10-14T10:57:44.263+0000] {processor.py:157} INFO - Started process (PID=310) to work on /home/airflow/.local/lib/python3.8/site-packages/airflow/example_dags/example_external_task_marker_dag.py
[2023-10-14T10:57:44.265+0000] {processor.py:829} INFO - Processing file /home/airflow/.local/lib/python3.8/site-packages/airflow/example_dags/example_external_task_marker_dag.py for tasks to queue
[2023-10-14T10:57:44.269+0000] {logging_mixin.py:151} INFO - [2023-10-14T10:57:44.268+0000] {dagbag.py:536} INFO - Filling up the DagBag from /home/airflow/.local/lib/python3.8/site-packages/airflow/example_dags/example_external_task_marker_dag.py
[2023-10-14T10:57:44.275+0000] {processor.py:839} INFO - DAG(s) dict_keys(['example_external_task_marker_child', 'example_external_task_marker_parent']) retrieved from /home/airflow/.local/lib/python3.8/site-packages/airflow/example_dags/example_external_task_marker_dag.py
[2023-10-14T10:57:44.308+0000] {logging_mixin.py:151} INFO - [2023-10-14T10:57:44.307+0000] {dag.py:2941} INFO - Sync 2 DAGs
[2023-10-14T10:57:44.315+0000] {logging_mixin.py:151} INFO - [2023-10-14T10:57:44.315+0000] {dag.py:3722} INFO - Setting next_dagrun for example_external_task_marker_child to None, run_after=None
[2023-10-14T10:57:44.317+0000] {logging_mixin.py:151} INFO - [2023-10-14T10:57:44.317+0000] {dag.py:3722} INFO - Setting next_dagrun for example_external_task_marker_parent to None, run_after=None
[2023-10-14T10:57:44.326+0000] {processor.py:179} INFO - Processing /home/airflow/.local/lib/python3.8/site-packages/airflow/example_dags/example_external_task_marker_dag.py took 0.071 seconds
[2023-10-14T10:58:14.775+0000] {processor.py:157} INFO - Started process (PID=366) to work on /home/airflow/.local/lib/python3.8/site-packages/airflow/example_dags/example_external_task_marker_dag.py
[2023-10-14T10:58:14.777+0000] {processor.py:829} INFO - Processing file /home/airflow/.local/lib/python3.8/site-packages/airflow/example_dags/example_external_task_marker_dag.py for tasks to queue
[2023-10-14T10:58:14.781+0000] {logging_mixin.py:151} INFO - [2023-10-14T10:58:14.780+0000] {dagbag.py:536} INFO - Filling up the DagBag from /home/airflow/.local/lib/python3.8/site-packages/airflow/example_dags/example_external_task_marker_dag.py
[2023-10-14T10:58:14.787+0000] {processor.py:839} INFO - DAG(s) dict_keys(['example_external_task_marker_child', 'example_external_task_marker_parent']) retrieved from /home/airflow/.local/lib/python3.8/site-packages/airflow/example_dags/example_external_task_marker_dag.py
[2023-10-14T10:58:14.806+0000] {logging_mixin.py:151} INFO - [2023-10-14T10:58:14.806+0000] {dag.py:2941} INFO - Sync 2 DAGs
[2023-10-14T10:58:14.814+0000] {logging_mixin.py:151} INFO - [2023-10-14T10:58:14.814+0000] {dag.py:3722} INFO - Setting next_dagrun for example_external_task_marker_child to None, run_after=None
[2023-10-14T10:58:14.817+0000] {logging_mixin.py:151} INFO - [2023-10-14T10:58:14.816+0000] {dag.py:3722} INFO - Setting next_dagrun for example_external_task_marker_parent to None, run_after=None
[2023-10-14T10:58:14.825+0000] {processor.py:179} INFO - Processing /home/airflow/.local/lib/python3.8/site-packages/airflow/example_dags/example_external_task_marker_dag.py took 0.056 seconds
[2023-10-14T10:58:45.074+0000] {processor.py:157} INFO - Started process (PID=421) to work on /home/airflow/.local/lib/python3.8/site-packages/airflow/example_dags/example_external_task_marker_dag.py
[2023-10-14T10:58:45.077+0000] {processor.py:829} INFO - Processing file /home/airflow/.local/lib/python3.8/site-packages/airflow/example_dags/example_external_task_marker_dag.py for tasks to queue
[2023-10-14T10:58:45.081+0000] {logging_mixin.py:151} INFO - [2023-10-14T10:58:45.081+0000] {dagbag.py:536} INFO - Filling up the DagBag from /home/airflow/.local/lib/python3.8/site-packages/airflow/example_dags/example_external_task_marker_dag.py
[2023-10-14T10:58:45.087+0000] {processor.py:839} INFO - DAG(s) dict_keys(['example_external_task_marker_parent', 'example_external_task_marker_child']) retrieved from /home/airflow/.local/lib/python3.8/site-packages/airflow/example_dags/example_external_task_marker_dag.py
[2023-10-14T10:58:45.108+0000] {logging_mixin.py:151} INFO - [2023-10-14T10:58:45.107+0000] {dag.py:2941} INFO - Sync 2 DAGs
[2023-10-14T10:58:45.115+0000] {logging_mixin.py:151} INFO - [2023-10-14T10:58:45.115+0000] {dag.py:3722} INFO - Setting next_dagrun for example_external_task_marker_child to None, run_after=None
[2023-10-14T10:58:45.117+0000] {logging_mixin.py:151} INFO - [2023-10-14T10:58:45.117+0000] {dag.py:3722} INFO - Setting next_dagrun for example_external_task_marker_parent to None, run_after=None
[2023-10-14T10:58:45.126+0000] {processor.py:179} INFO - Processing /home/airflow/.local/lib/python3.8/site-packages/airflow/example_dags/example_external_task_marker_dag.py took 0.059 seconds
[2023-10-14T10:59:15.214+0000] {processor.py:157} INFO - Started process (PID=475) to work on /home/airflow/.local/lib/python3.8/site-packages/airflow/example_dags/example_external_task_marker_dag.py
[2023-10-14T10:59:15.216+0000] {processor.py:829} INFO - Processing file /home/airflow/.local/lib/python3.8/site-packages/airflow/example_dags/example_external_task_marker_dag.py for tasks to queue
[2023-10-14T10:59:15.218+0000] {logging_mixin.py:151} INFO - [2023-10-14T10:59:15.218+0000] {dagbag.py:536} INFO - Filling up the DagBag from /home/airflow/.local/lib/python3.8/site-packages/airflow/example_dags/example_external_task_marker_dag.py
[2023-10-14T10:59:15.222+0000] {processor.py:839} INFO - DAG(s) dict_keys(['example_external_task_marker_child', 'example_external_task_marker_parent']) retrieved from /home/airflow/.local/lib/python3.8/site-packages/airflow/example_dags/example_external_task_marker_dag.py
[2023-10-14T10:59:15.239+0000] {logging_mixin.py:151} INFO - [2023-10-14T10:59:15.238+0000] {dag.py:2941} INFO - Sync 2 DAGs
[2023-10-14T10:59:15.246+0000] {logging_mixin.py:151} INFO - [2023-10-14T10:59:15.246+0000] {dag.py:3722} INFO - Setting next_dagrun for example_external_task_marker_child to None, run_after=None
[2023-10-14T10:59:15.248+0000] {logging_mixin.py:151} INFO - [2023-10-14T10:59:15.248+0000] {dag.py:3722} INFO - Setting next_dagrun for example_external_task_marker_parent to None, run_after=None
[2023-10-14T10:59:15.260+0000] {processor.py:179} INFO - Processing /home/airflow/.local/lib/python3.8/site-packages/airflow/example_dags/example_external_task_marker_dag.py took 0.048 seconds
[2023-10-14T10:59:45.470+0000] {processor.py:157} INFO - Started process (PID=531) to work on /home/airflow/.local/lib/python3.8/site-packages/airflow/example_dags/example_external_task_marker_dag.py
[2023-10-14T10:59:45.472+0000] {processor.py:829} INFO - Processing file /home/airflow/.local/lib/python3.8/site-packages/airflow/example_dags/example_external_task_marker_dag.py for tasks to queue
[2023-10-14T10:59:45.474+0000] {logging_mixin.py:151} INFO - [2023-10-14T10:59:45.474+0000] {dagbag.py:536} INFO - Filling up the DagBag from /home/airflow/.local/lib/python3.8/site-packages/airflow/example_dags/example_external_task_marker_dag.py
[2023-10-14T10:59:45.479+0000] {processor.py:839} INFO - DAG(s) dict_keys(['example_external_task_marker_child', 'example_external_task_marker_parent']) retrieved from /home/airflow/.local/lib/python3.8/site-packages/airflow/example_dags/example_external_task_marker_dag.py
[2023-10-14T10:59:45.500+0000] {logging_mixin.py:151} INFO - [2023-10-14T10:59:45.500+0000] {dag.py:2941} INFO - Sync 2 DAGs
[2023-10-14T10:59:45.510+0000] {logging_mixin.py:151} INFO - [2023-10-14T10:59:45.510+0000] {dag.py:3722} INFO - Setting next_dagrun for example_external_task_marker_child to None, run_after=None
[2023-10-14T10:59:45.512+0000] {logging_mixin.py:151} INFO - [2023-10-14T10:59:45.512+0000] {dag.py:3722} INFO - Setting next_dagrun for example_external_task_marker_parent to None, run_after=None
[2023-10-14T10:59:45.523+0000] {processor.py:179} INFO - Processing /home/airflow/.local/lib/python3.8/site-packages/airflow/example_dags/example_external_task_marker_dag.py took 0.056 seconds
[2023-10-14T11:00:15.683+0000] {processor.py:157} INFO - Started process (PID=586) to work on /home/airflow/.local/lib/python3.8/site-packages/airflow/example_dags/example_external_task_marker_dag.py
[2023-10-14T11:00:15.686+0000] {processor.py:829} INFO - Processing file /home/airflow/.local/lib/python3.8/site-packages/airflow/example_dags/example_external_task_marker_dag.py for tasks to queue
[2023-10-14T11:00:15.688+0000] {logging_mixin.py:151} INFO - [2023-10-14T11:00:15.688+0000] {dagbag.py:536} INFO - Filling up the DagBag from /home/airflow/.local/lib/python3.8/site-packages/airflow/example_dags/example_external_task_marker_dag.py
[2023-10-14T11:00:15.694+0000] {processor.py:839} INFO - DAG(s) dict_keys(['example_external_task_marker_child', 'example_external_task_marker_parent']) retrieved from /home/airflow/.local/lib/python3.8/site-packages/airflow/example_dags/example_external_task_marker_dag.py
[2023-10-14T11:00:15.718+0000] {logging_mixin.py:151} INFO - [2023-10-14T11:00:15.717+0000] {dag.py:2941} INFO - Sync 2 DAGs
[2023-10-14T11:00:15.726+0000] {logging_mixin.py:151} INFO - [2023-10-14T11:00:15.726+0000] {dag.py:3722} INFO - Setting next_dagrun for example_external_task_marker_child to None, run_after=None
[2023-10-14T11:00:15.728+0000] {logging_mixin.py:151} INFO - [2023-10-14T11:00:15.728+0000] {dag.py:3722} INFO - Setting next_dagrun for example_external_task_marker_parent to None, run_after=None
[2023-10-14T11:00:15.741+0000] {processor.py:179} INFO - Processing /home/airflow/.local/lib/python3.8/site-packages/airflow/example_dags/example_external_task_marker_dag.py took 0.060 seconds
[2023-10-14T11:00:45.855+0000] {processor.py:157} INFO - Started process (PID=641) to work on /home/airflow/.local/lib/python3.8/site-packages/airflow/example_dags/example_external_task_marker_dag.py
[2023-10-14T11:00:45.856+0000] {processor.py:829} INFO - Processing file /home/airflow/.local/lib/python3.8/site-packages/airflow/example_dags/example_external_task_marker_dag.py for tasks to queue
[2023-10-14T11:00:45.859+0000] {logging_mixin.py:151} INFO - [2023-10-14T11:00:45.858+0000] {dagbag.py:536} INFO - Filling up the DagBag from /home/airflow/.local/lib/python3.8/site-packages/airflow/example_dags/example_external_task_marker_dag.py
[2023-10-14T11:00:45.864+0000] {processor.py:839} INFO - DAG(s) dict_keys(['example_external_task_marker_child', 'example_external_task_marker_parent']) retrieved from /home/airflow/.local/lib/python3.8/site-packages/airflow/example_dags/example_external_task_marker_dag.py
[2023-10-14T11:00:45.887+0000] {logging_mixin.py:151} INFO - [2023-10-14T11:00:45.887+0000] {dag.py:2941} INFO - Sync 2 DAGs
[2023-10-14T11:00:45.897+0000] {logging_mixin.py:151} INFO - [2023-10-14T11:00:45.896+0000] {dag.py:3722} INFO - Setting next_dagrun for example_external_task_marker_child to None, run_after=None
[2023-10-14T11:00:45.899+0000] {logging_mixin.py:151} INFO - [2023-10-14T11:00:45.899+0000] {dag.py:3722} INFO - Setting next_dagrun for example_external_task_marker_parent to None, run_after=None
[2023-10-14T11:00:45.911+0000] {processor.py:179} INFO - Processing /home/airflow/.local/lib/python3.8/site-packages/airflow/example_dags/example_external_task_marker_dag.py took 0.059 seconds
[2023-10-14T11:01:16.272+0000] {processor.py:157} INFO - Started process (PID=696) to work on /home/airflow/.local/lib/python3.8/site-packages/airflow/example_dags/example_external_task_marker_dag.py
[2023-10-14T11:01:16.274+0000] {processor.py:829} INFO - Processing file /home/airflow/.local/lib/python3.8/site-packages/airflow/example_dags/example_external_task_marker_dag.py for tasks to queue
[2023-10-14T11:01:16.277+0000] {logging_mixin.py:151} INFO - [2023-10-14T11:01:16.277+0000] {dagbag.py:536} INFO - Filling up the DagBag from /home/airflow/.local/lib/python3.8/site-packages/airflow/example_dags/example_external_task_marker_dag.py
[2023-10-14T11:01:16.286+0000] {processor.py:839} INFO - DAG(s) dict_keys(['example_external_task_marker_parent', 'example_external_task_marker_child']) retrieved from /home/airflow/.local/lib/python3.8/site-packages/airflow/example_dags/example_external_task_marker_dag.py
[2023-10-14T11:01:16.313+0000] {logging_mixin.py:151} INFO - [2023-10-14T11:01:16.313+0000] {dag.py:2941} INFO - Sync 2 DAGs
[2023-10-14T11:01:16.320+0000] {logging_mixin.py:151} INFO - [2023-10-14T11:01:16.320+0000] {dag.py:3722} INFO - Setting next_dagrun for example_external_task_marker_child to None, run_after=None
[2023-10-14T11:01:16.322+0000] {logging_mixin.py:151} INFO - [2023-10-14T11:01:16.322+0000] {dag.py:3722} INFO - Setting next_dagrun for example_external_task_marker_parent to None, run_after=None
[2023-10-14T11:01:16.331+0000] {processor.py:179} INFO - Processing /home/airflow/.local/lib/python3.8/site-packages/airflow/example_dags/example_external_task_marker_dag.py took 0.066 seconds
[2023-10-14T11:01:46.509+0000] {processor.py:157} INFO - Started process (PID=752) to work on /home/airflow/.local/lib/python3.8/site-packages/airflow/example_dags/example_external_task_marker_dag.py
[2023-10-14T11:01:46.511+0000] {processor.py:829} INFO - Processing file /home/airflow/.local/lib/python3.8/site-packages/airflow/example_dags/example_external_task_marker_dag.py for tasks to queue
[2023-10-14T11:01:46.513+0000] {logging_mixin.py:151} INFO - [2023-10-14T11:01:46.513+0000] {dagbag.py:536} INFO - Filling up the DagBag from /home/airflow/.local/lib/python3.8/site-packages/airflow/example_dags/example_external_task_marker_dag.py
[2023-10-14T11:01:46.518+0000] {processor.py:839} INFO - DAG(s) dict_keys(['example_external_task_marker_child', 'example_external_task_marker_parent']) retrieved from /home/airflow/.local/lib/python3.8/site-packages/airflow/example_dags/example_external_task_marker_dag.py
[2023-10-14T11:01:46.538+0000] {logging_mixin.py:151} INFO - [2023-10-14T11:01:46.538+0000] {dag.py:2941} INFO - Sync 2 DAGs
[2023-10-14T11:01:46.546+0000] {logging_mixin.py:151} INFO - [2023-10-14T11:01:46.546+0000] {dag.py:3722} INFO - Setting next_dagrun for example_external_task_marker_child to None, run_after=None
[2023-10-14T11:01:46.549+0000] {logging_mixin.py:151} INFO - [2023-10-14T11:01:46.549+0000] {dag.py:3722} INFO - Setting next_dagrun for example_external_task_marker_parent to None, run_after=None
[2023-10-14T11:01:46.559+0000] {processor.py:179} INFO - Processing /home/airflow/.local/lib/python3.8/site-packages/airflow/example_dags/example_external_task_marker_dag.py took 0.054 seconds
[2023-10-14T11:02:17.108+0000] {processor.py:157} INFO - Started process (PID=809) to work on /home/airflow/.local/lib/python3.8/site-packages/airflow/example_dags/example_external_task_marker_dag.py
[2023-10-14T11:02:17.109+0000] {processor.py:829} INFO - Processing file /home/airflow/.local/lib/python3.8/site-packages/airflow/example_dags/example_external_task_marker_dag.py for tasks to queue
[2023-10-14T11:02:17.112+0000] {logging_mixin.py:151} INFO - [2023-10-14T11:02:17.112+0000] {dagbag.py:536} INFO - Filling up the DagBag from /home/airflow/.local/lib/python3.8/site-packages/airflow/example_dags/example_external_task_marker_dag.py
[2023-10-14T11:02:17.120+0000] {processor.py:839} INFO - DAG(s) dict_keys(['example_external_task_marker_parent', 'example_external_task_marker_child']) retrieved from /home/airflow/.local/lib/python3.8/site-packages/airflow/example_dags/example_external_task_marker_dag.py
[2023-10-14T11:02:17.143+0000] {logging_mixin.py:151} INFO - [2023-10-14T11:02:17.143+0000] {dag.py:2941} INFO - Sync 2 DAGs
[2023-10-14T11:02:17.154+0000] {logging_mixin.py:151} INFO - [2023-10-14T11:02:17.154+0000] {dag.py:3722} INFO - Setting next_dagrun for example_external_task_marker_child to None, run_after=None
[2023-10-14T11:02:17.156+0000] {logging_mixin.py:151} INFO - [2023-10-14T11:02:17.156+0000] {dag.py:3722} INFO - Setting next_dagrun for example_external_task_marker_parent to None, run_after=None
[2023-10-14T11:02:17.166+0000] {processor.py:179} INFO - Processing /home/airflow/.local/lib/python3.8/site-packages/airflow/example_dags/example_external_task_marker_dag.py took 0.062 seconds
[2023-10-14T11:02:47.533+0000] {processor.py:157} INFO - Started process (PID=864) to work on /home/airflow/.local/lib/python3.8/site-packages/airflow/example_dags/example_external_task_marker_dag.py
[2023-10-14T11:02:47.535+0000] {processor.py:829} INFO - Processing file /home/airflow/.local/lib/python3.8/site-packages/airflow/example_dags/example_external_task_marker_dag.py for tasks to queue
[2023-10-14T11:02:47.538+0000] {logging_mixin.py:151} INFO - [2023-10-14T11:02:47.538+0000] {dagbag.py:536} INFO - Filling up the DagBag from /home/airflow/.local/lib/python3.8/site-packages/airflow/example_dags/example_external_task_marker_dag.py
[2023-10-14T11:02:47.544+0000] {processor.py:839} INFO - DAG(s) dict_keys(['example_external_task_marker_child', 'example_external_task_marker_parent']) retrieved from /home/airflow/.local/lib/python3.8/site-packages/airflow/example_dags/example_external_task_marker_dag.py
[2023-10-14T11:02:47.563+0000] {logging_mixin.py:151} INFO - [2023-10-14T11:02:47.563+0000] {dag.py:2941} INFO - Sync 2 DAGs
[2023-10-14T11:02:47.570+0000] {logging_mixin.py:151} INFO - [2023-10-14T11:02:47.570+0000] {dag.py:3722} INFO - Setting next_dagrun for example_external_task_marker_child to None, run_after=None
[2023-10-14T11:02:47.572+0000] {logging_mixin.py:151} INFO - [2023-10-14T11:02:47.572+0000] {dag.py:3722} INFO - Setting next_dagrun for example_external_task_marker_parent to None, run_after=None
[2023-10-14T11:02:47.582+0000] {processor.py:179} INFO - Processing /home/airflow/.local/lib/python3.8/site-packages/airflow/example_dags/example_external_task_marker_dag.py took 0.055 seconds
[2023-10-14T11:03:17.933+0000] {processor.py:157} INFO - Started process (PID=920) to work on /home/airflow/.local/lib/python3.8/site-packages/airflow/example_dags/example_external_task_marker_dag.py
[2023-10-14T11:03:17.934+0000] {processor.py:829} INFO - Processing file /home/airflow/.local/lib/python3.8/site-packages/airflow/example_dags/example_external_task_marker_dag.py for tasks to queue
[2023-10-14T11:03:17.936+0000] {logging_mixin.py:151} INFO - [2023-10-14T11:03:17.936+0000] {dagbag.py:536} INFO - Filling up the DagBag from /home/airflow/.local/lib/python3.8/site-packages/airflow/example_dags/example_external_task_marker_dag.py
[2023-10-14T11:03:17.941+0000] {processor.py:839} INFO - DAG(s) dict_keys(['example_external_task_marker_parent', 'example_external_task_marker_child']) retrieved from /home/airflow/.local/lib/python3.8/site-packages/airflow/example_dags/example_external_task_marker_dag.py
[2023-10-14T11:03:17.958+0000] {logging_mixin.py:151} INFO - [2023-10-14T11:03:17.958+0000] {dag.py:2941} INFO - Sync 2 DAGs
[2023-10-14T11:03:17.966+0000] {logging_mixin.py:151} INFO - [2023-10-14T11:03:17.966+0000] {dag.py:3722} INFO - Setting next_dagrun for example_external_task_marker_child to None, run_after=None
[2023-10-14T11:03:17.968+0000] {logging_mixin.py:151} INFO - [2023-10-14T11:03:17.968+0000] {dag.py:3722} INFO - Setting next_dagrun for example_external_task_marker_parent to None, run_after=None
[2023-10-14T11:03:17.977+0000] {processor.py:179} INFO - Processing /home/airflow/.local/lib/python3.8/site-packages/airflow/example_dags/example_external_task_marker_dag.py took 0.048 seconds
[2023-10-14T11:03:48.275+0000] {processor.py:157} INFO - Started process (PID=975) to work on /home/airflow/.local/lib/python3.8/site-packages/airflow/example_dags/example_external_task_marker_dag.py
[2023-10-14T11:03:48.279+0000] {processor.py:829} INFO - Processing file /home/airflow/.local/lib/python3.8/site-packages/airflow/example_dags/example_external_task_marker_dag.py for tasks to queue
[2023-10-14T11:03:48.282+0000] {logging_mixin.py:151} INFO - [2023-10-14T11:03:48.282+0000] {dagbag.py:536} INFO - Filling up the DagBag from /home/airflow/.local/lib/python3.8/site-packages/airflow/example_dags/example_external_task_marker_dag.py
[2023-10-14T11:03:48.292+0000] {processor.py:839} INFO - DAG(s) dict_keys(['example_external_task_marker_parent', 'example_external_task_marker_child']) retrieved from /home/airflow/.local/lib/python3.8/site-packages/airflow/example_dags/example_external_task_marker_dag.py
[2023-10-14T11:03:48.319+0000] {logging_mixin.py:151} INFO - [2023-10-14T11:03:48.318+0000] {dag.py:2941} INFO - Sync 2 DAGs
[2023-10-14T11:03:48.327+0000] {logging_mixin.py:151} INFO - [2023-10-14T11:03:48.327+0000] {dag.py:3722} INFO - Setting next_dagrun for example_external_task_marker_child to None, run_after=None
[2023-10-14T11:03:48.329+0000] {logging_mixin.py:151} INFO - [2023-10-14T11:03:48.329+0000] {dag.py:3722} INFO - Setting next_dagrun for example_external_task_marker_parent to None, run_after=None
[2023-10-14T11:03:48.338+0000] {processor.py:179} INFO - Processing /home/airflow/.local/lib/python3.8/site-packages/airflow/example_dags/example_external_task_marker_dag.py took 0.070 seconds
[2023-10-14T11:04:18.801+0000] {processor.py:157} INFO - Started process (PID=1031) to work on /home/airflow/.local/lib/python3.8/site-packages/airflow/example_dags/example_external_task_marker_dag.py
[2023-10-14T11:04:18.804+0000] {processor.py:829} INFO - Processing file /home/airflow/.local/lib/python3.8/site-packages/airflow/example_dags/example_external_task_marker_dag.py for tasks to queue
[2023-10-14T11:04:18.806+0000] {logging_mixin.py:151} INFO - [2023-10-14T11:04:18.806+0000] {dagbag.py:536} INFO - Filling up the DagBag from /home/airflow/.local/lib/python3.8/site-packages/airflow/example_dags/example_external_task_marker_dag.py
[2023-10-14T11:04:18.816+0000] {processor.py:839} INFO - DAG(s) dict_keys(['example_external_task_marker_parent', 'example_external_task_marker_child']) retrieved from /home/airflow/.local/lib/python3.8/site-packages/airflow/example_dags/example_external_task_marker_dag.py
[2023-10-14T11:04:18.864+0000] {logging_mixin.py:151} INFO - [2023-10-14T11:04:18.864+0000] {dag.py:2941} INFO - Sync 2 DAGs
[2023-10-14T11:04:18.882+0000] {logging_mixin.py:151} INFO - [2023-10-14T11:04:18.881+0000] {dag.py:3722} INFO - Setting next_dagrun for example_external_task_marker_child to None, run_after=None
[2023-10-14T11:04:18.886+0000] {logging_mixin.py:151} INFO - [2023-10-14T11:04:18.886+0000] {dag.py:3722} INFO - Setting next_dagrun for example_external_task_marker_parent to None, run_after=None
[2023-10-14T11:04:18.903+0000] {processor.py:179} INFO - Processing /home/airflow/.local/lib/python3.8/site-packages/airflow/example_dags/example_external_task_marker_dag.py took 0.110 seconds
[2023-10-14T11:04:49.151+0000] {processor.py:157} INFO - Started process (PID=1086) to work on /home/airflow/.local/lib/python3.8/site-packages/airflow/example_dags/example_external_task_marker_dag.py
[2023-10-14T11:04:49.154+0000] {processor.py:829} INFO - Processing file /home/airflow/.local/lib/python3.8/site-packages/airflow/example_dags/example_external_task_marker_dag.py for tasks to queue
[2023-10-14T11:04:49.158+0000] {logging_mixin.py:151} INFO - [2023-10-14T11:04:49.157+0000] {dagbag.py:536} INFO - Filling up the DagBag from /home/airflow/.local/lib/python3.8/site-packages/airflow/example_dags/example_external_task_marker_dag.py
[2023-10-14T11:04:49.166+0000] {processor.py:839} INFO - DAG(s) dict_keys(['example_external_task_marker_child', 'example_external_task_marker_parent']) retrieved from /home/airflow/.local/lib/python3.8/site-packages/airflow/example_dags/example_external_task_marker_dag.py
[2023-10-14T11:04:49.186+0000] {logging_mixin.py:151} INFO - [2023-10-14T11:04:49.186+0000] {dag.py:2941} INFO - Sync 2 DAGs
[2023-10-14T11:04:49.194+0000] {logging_mixin.py:151} INFO - [2023-10-14T11:04:49.194+0000] {dag.py:3722} INFO - Setting next_dagrun for example_external_task_marker_child to None, run_after=None
[2023-10-14T11:04:49.196+0000] {logging_mixin.py:151} INFO - [2023-10-14T11:04:49.196+0000] {dag.py:3722} INFO - Setting next_dagrun for example_external_task_marker_parent to None, run_after=None
[2023-10-14T11:04:49.205+0000] {processor.py:179} INFO - Processing /home/airflow/.local/lib/python3.8/site-packages/airflow/example_dags/example_external_task_marker_dag.py took 0.060 seconds
[2023-10-14T11:05:19.440+0000] {processor.py:157} INFO - Started process (PID=1141) to work on /home/airflow/.local/lib/python3.8/site-packages/airflow/example_dags/example_external_task_marker_dag.py
[2023-10-14T11:05:19.442+0000] {processor.py:829} INFO - Processing file /home/airflow/.local/lib/python3.8/site-packages/airflow/example_dags/example_external_task_marker_dag.py for tasks to queue
[2023-10-14T11:05:19.444+0000] {logging_mixin.py:151} INFO - [2023-10-14T11:05:19.444+0000] {dagbag.py:536} INFO - Filling up the DagBag from /home/airflow/.local/lib/python3.8/site-packages/airflow/example_dags/example_external_task_marker_dag.py
[2023-10-14T11:05:19.448+0000] {processor.py:839} INFO - DAG(s) dict_keys(['example_external_task_marker_child', 'example_external_task_marker_parent']) retrieved from /home/airflow/.local/lib/python3.8/site-packages/airflow/example_dags/example_external_task_marker_dag.py
[2023-10-14T11:05:19.468+0000] {logging_mixin.py:151} INFO - [2023-10-14T11:05:19.468+0000] {dag.py:2941} INFO - Sync 2 DAGs
[2023-10-14T11:05:19.477+0000] {logging_mixin.py:151} INFO - [2023-10-14T11:05:19.477+0000] {dag.py:3722} INFO - Setting next_dagrun for example_external_task_marker_child to None, run_after=None
[2023-10-14T11:05:19.480+0000] {logging_mixin.py:151} INFO - [2023-10-14T11:05:19.479+0000] {dag.py:3722} INFO - Setting next_dagrun for example_external_task_marker_parent to None, run_after=None
[2023-10-14T11:05:19.489+0000] {processor.py:179} INFO - Processing /home/airflow/.local/lib/python3.8/site-packages/airflow/example_dags/example_external_task_marker_dag.py took 0.054 seconds
[2023-10-14T11:05:50.273+0000] {processor.py:157} INFO - Started process (PID=1196) to work on /home/airflow/.local/lib/python3.8/site-packages/airflow/example_dags/example_external_task_marker_dag.py
[2023-10-14T11:05:50.274+0000] {processor.py:829} INFO - Processing file /home/airflow/.local/lib/python3.8/site-packages/airflow/example_dags/example_external_task_marker_dag.py for tasks to queue
[2023-10-14T11:05:50.278+0000] {logging_mixin.py:151} INFO - [2023-10-14T11:05:50.278+0000] {dagbag.py:536} INFO - Filling up the DagBag from /home/airflow/.local/lib/python3.8/site-packages/airflow/example_dags/example_external_task_marker_dag.py
[2023-10-14T11:05:50.286+0000] {processor.py:839} INFO - DAG(s) dict_keys(['example_external_task_marker_child', 'example_external_task_marker_parent']) retrieved from /home/airflow/.local/lib/python3.8/site-packages/airflow/example_dags/example_external_task_marker_dag.py
[2023-10-14T11:05:50.308+0000] {logging_mixin.py:151} INFO - [2023-10-14T11:05:50.308+0000] {dag.py:2941} INFO - Sync 2 DAGs
[2023-10-14T11:05:50.319+0000] {logging_mixin.py:151} INFO - [2023-10-14T11:05:50.319+0000] {dag.py:3722} INFO - Setting next_dagrun for example_external_task_marker_child to None, run_after=None
[2023-10-14T11:05:50.321+0000] {logging_mixin.py:151} INFO - [2023-10-14T11:05:50.321+0000] {dag.py:3722} INFO - Setting next_dagrun for example_external_task_marker_parent to None, run_after=None
[2023-10-14T11:05:50.331+0000] {processor.py:179} INFO - Processing /home/airflow/.local/lib/python3.8/site-packages/airflow/example_dags/example_external_task_marker_dag.py took 0.066 seconds
[2023-10-14T11:06:20.733+0000] {processor.py:157} INFO - Started process (PID=1252) to work on /home/airflow/.local/lib/python3.8/site-packages/airflow/example_dags/example_external_task_marker_dag.py
[2023-10-14T11:06:20.734+0000] {processor.py:829} INFO - Processing file /home/airflow/.local/lib/python3.8/site-packages/airflow/example_dags/example_external_task_marker_dag.py for tasks to queue
[2023-10-14T11:06:20.736+0000] {logging_mixin.py:151} INFO - [2023-10-14T11:06:20.736+0000] {dagbag.py:536} INFO - Filling up the DagBag from /home/airflow/.local/lib/python3.8/site-packages/airflow/example_dags/example_external_task_marker_dag.py
[2023-10-14T11:06:20.740+0000] {processor.py:839} INFO - DAG(s) dict_keys(['example_external_task_marker_child', 'example_external_task_marker_parent']) retrieved from /home/airflow/.local/lib/python3.8/site-packages/airflow/example_dags/example_external_task_marker_dag.py
[2023-10-14T11:06:20.754+0000] {logging_mixin.py:151} INFO - [2023-10-14T11:06:20.754+0000] {dag.py:2941} INFO - Sync 2 DAGs
[2023-10-14T11:06:20.761+0000] {logging_mixin.py:151} INFO - [2023-10-14T11:06:20.761+0000] {dag.py:3722} INFO - Setting next_dagrun for example_external_task_marker_child to None, run_after=None
[2023-10-14T11:06:20.763+0000] {logging_mixin.py:151} INFO - [2023-10-14T11:06:20.763+0000] {dag.py:3722} INFO - Setting next_dagrun for example_external_task_marker_parent to None, run_after=None
[2023-10-14T11:06:20.771+0000] {processor.py:179} INFO - Processing /home/airflow/.local/lib/python3.8/site-packages/airflow/example_dags/example_external_task_marker_dag.py took 0.039 seconds
[2023-10-14T11:06:51.056+0000] {processor.py:157} INFO - Started process (PID=1307) to work on /home/airflow/.local/lib/python3.8/site-packages/airflow/example_dags/example_external_task_marker_dag.py
[2023-10-14T11:06:51.057+0000] {processor.py:829} INFO - Processing file /home/airflow/.local/lib/python3.8/site-packages/airflow/example_dags/example_external_task_marker_dag.py for tasks to queue
[2023-10-14T11:06:51.060+0000] {logging_mixin.py:151} INFO - [2023-10-14T11:06:51.060+0000] {dagbag.py:536} INFO - Filling up the DagBag from /home/airflow/.local/lib/python3.8/site-packages/airflow/example_dags/example_external_task_marker_dag.py
[2023-10-14T11:06:51.065+0000] {processor.py:839} INFO - DAG(s) dict_keys(['example_external_task_marker_child', 'example_external_task_marker_parent']) retrieved from /home/airflow/.local/lib/python3.8/site-packages/airflow/example_dags/example_external_task_marker_dag.py
[2023-10-14T11:06:51.081+0000] {logging_mixin.py:151} INFO - [2023-10-14T11:06:51.081+0000] {dag.py:2941} INFO - Sync 2 DAGs
[2023-10-14T11:06:51.088+0000] {logging_mixin.py:151} INFO - [2023-10-14T11:06:51.088+0000] {dag.py:3722} INFO - Setting next_dagrun for example_external_task_marker_child to None, run_after=None
[2023-10-14T11:06:51.090+0000] {logging_mixin.py:151} INFO - [2023-10-14T11:06:51.090+0000] {dag.py:3722} INFO - Setting next_dagrun for example_external_task_marker_parent to None, run_after=None
[2023-10-14T11:06:51.098+0000] {processor.py:179} INFO - Processing /home/airflow/.local/lib/python3.8/site-packages/airflow/example_dags/example_external_task_marker_dag.py took 0.047 seconds
[2023-10-14T11:07:23.123+0000] {processor.py:157} INFO - Started process (PID=1366) to work on /home/airflow/.local/lib/python3.8/site-packages/airflow/example_dags/example_external_task_marker_dag.py
[2023-10-14T11:07:23.125+0000] {processor.py:829} INFO - Processing file /home/airflow/.local/lib/python3.8/site-packages/airflow/example_dags/example_external_task_marker_dag.py for tasks to queue
[2023-10-14T11:07:23.135+0000] {logging_mixin.py:151} INFO - [2023-10-14T11:07:23.132+0000] {dagbag.py:536} INFO - Filling up the DagBag from /home/airflow/.local/lib/python3.8/site-packages/airflow/example_dags/example_external_task_marker_dag.py
[2023-10-14T11:07:23.159+0000] {processor.py:839} INFO - DAG(s) dict_keys(['example_external_task_marker_child', 'example_external_task_marker_parent']) retrieved from /home/airflow/.local/lib/python3.8/site-packages/airflow/example_dags/example_external_task_marker_dag.py
[2023-10-14T11:07:23.303+0000] {logging_mixin.py:151} INFO - [2023-10-14T11:07:23.303+0000] {dag.py:2941} INFO - Sync 2 DAGs
[2023-10-14T11:07:23.363+0000] {logging_mixin.py:151} INFO - [2023-10-14T11:07:23.363+0000] {dag.py:3722} INFO - Setting next_dagrun for example_external_task_marker_child to None, run_after=None
[2023-10-14T11:07:23.374+0000] {logging_mixin.py:151} INFO - [2023-10-14T11:07:23.374+0000] {dag.py:3722} INFO - Setting next_dagrun for example_external_task_marker_parent to None, run_after=None
[2023-10-14T11:07:23.437+0000] {processor.py:179} INFO - Processing /home/airflow/.local/lib/python3.8/site-packages/airflow/example_dags/example_external_task_marker_dag.py took 0.325 seconds
[2023-10-14T11:07:54.166+0000] {processor.py:157} INFO - Started process (PID=1421) to work on /home/airflow/.local/lib/python3.8/site-packages/airflow/example_dags/example_external_task_marker_dag.py
[2023-10-14T11:07:54.167+0000] {processor.py:829} INFO - Processing file /home/airflow/.local/lib/python3.8/site-packages/airflow/example_dags/example_external_task_marker_dag.py for tasks to queue
[2023-10-14T11:07:54.169+0000] {logging_mixin.py:151} INFO - [2023-10-14T11:07:54.169+0000] {dagbag.py:536} INFO - Filling up the DagBag from /home/airflow/.local/lib/python3.8/site-packages/airflow/example_dags/example_external_task_marker_dag.py
[2023-10-14T11:07:54.175+0000] {processor.py:839} INFO - DAG(s) dict_keys(['example_external_task_marker_child', 'example_external_task_marker_parent']) retrieved from /home/airflow/.local/lib/python3.8/site-packages/airflow/example_dags/example_external_task_marker_dag.py
[2023-10-14T11:07:54.193+0000] {logging_mixin.py:151} INFO - [2023-10-14T11:07:54.193+0000] {dag.py:2941} INFO - Sync 2 DAGs
[2023-10-14T11:07:54.202+0000] {logging_mixin.py:151} INFO - [2023-10-14T11:07:54.202+0000] {dag.py:3722} INFO - Setting next_dagrun for example_external_task_marker_child to None, run_after=None
[2023-10-14T11:07:54.204+0000] {logging_mixin.py:151} INFO - [2023-10-14T11:07:54.204+0000] {dag.py:3722} INFO - Setting next_dagrun for example_external_task_marker_parent to None, run_after=None
[2023-10-14T11:07:54.214+0000] {processor.py:179} INFO - Processing /home/airflow/.local/lib/python3.8/site-packages/airflow/example_dags/example_external_task_marker_dag.py took 0.052 seconds
[2023-10-14T11:08:24.871+0000] {processor.py:157} INFO - Started process (PID=1476) to work on /home/airflow/.local/lib/python3.8/site-packages/airflow/example_dags/example_external_task_marker_dag.py
[2023-10-14T11:08:24.871+0000] {processor.py:829} INFO - Processing file /home/airflow/.local/lib/python3.8/site-packages/airflow/example_dags/example_external_task_marker_dag.py for tasks to queue
[2023-10-14T11:08:24.873+0000] {logging_mixin.py:151} INFO - [2023-10-14T11:08:24.873+0000] {dagbag.py:536} INFO - Filling up the DagBag from /home/airflow/.local/lib/python3.8/site-packages/airflow/example_dags/example_external_task_marker_dag.py
[2023-10-14T11:08:24.878+0000] {processor.py:839} INFO - DAG(s) dict_keys(['example_external_task_marker_parent', 'example_external_task_marker_child']) retrieved from /home/airflow/.local/lib/python3.8/site-packages/airflow/example_dags/example_external_task_marker_dag.py
[2023-10-14T11:08:24.896+0000] {logging_mixin.py:151} INFO - [2023-10-14T11:08:24.895+0000] {dag.py:2941} INFO - Sync 2 DAGs
[2023-10-14T11:08:24.904+0000] {logging_mixin.py:151} INFO - [2023-10-14T11:08:24.903+0000] {dag.py:3722} INFO - Setting next_dagrun for example_external_task_marker_child to None, run_after=None
[2023-10-14T11:08:24.906+0000] {logging_mixin.py:151} INFO - [2023-10-14T11:08:24.906+0000] {dag.py:3722} INFO - Setting next_dagrun for example_external_task_marker_parent to None, run_after=None
[2023-10-14T11:08:24.915+0000] {processor.py:179} INFO - Processing /home/airflow/.local/lib/python3.8/site-packages/airflow/example_dags/example_external_task_marker_dag.py took 0.047 seconds
[2023-10-14T11:08:55.538+0000] {processor.py:157} INFO - Started process (PID=1531) to work on /home/airflow/.local/lib/python3.8/site-packages/airflow/example_dags/example_external_task_marker_dag.py
[2023-10-14T11:08:55.539+0000] {processor.py:829} INFO - Processing file /home/airflow/.local/lib/python3.8/site-packages/airflow/example_dags/example_external_task_marker_dag.py for tasks to queue
[2023-10-14T11:08:55.541+0000] {logging_mixin.py:151} INFO - [2023-10-14T11:08:55.541+0000] {dagbag.py:536} INFO - Filling up the DagBag from /home/airflow/.local/lib/python3.8/site-packages/airflow/example_dags/example_external_task_marker_dag.py
[2023-10-14T11:08:55.546+0000] {processor.py:839} INFO - DAG(s) dict_keys(['example_external_task_marker_child', 'example_external_task_marker_parent']) retrieved from /home/airflow/.local/lib/python3.8/site-packages/airflow/example_dags/example_external_task_marker_dag.py
[2023-10-14T11:08:55.563+0000] {logging_mixin.py:151} INFO - [2023-10-14T11:08:55.562+0000] {dag.py:2941} INFO - Sync 2 DAGs
[2023-10-14T11:08:55.571+0000] {logging_mixin.py:151} INFO - [2023-10-14T11:08:55.571+0000] {dag.py:3722} INFO - Setting next_dagrun for example_external_task_marker_child to None, run_after=None
[2023-10-14T11:08:55.573+0000] {logging_mixin.py:151} INFO - [2023-10-14T11:08:55.573+0000] {dag.py:3722} INFO - Setting next_dagrun for example_external_task_marker_parent to None, run_after=None
[2023-10-14T11:08:55.581+0000] {processor.py:179} INFO - Processing /home/airflow/.local/lib/python3.8/site-packages/airflow/example_dags/example_external_task_marker_dag.py took 0.046 seconds
[2023-10-14T11:09:26.457+0000] {processor.py:157} INFO - Started process (PID=1584) to work on /home/airflow/.local/lib/python3.8/site-packages/airflow/example_dags/example_external_task_marker_dag.py
[2023-10-14T11:09:26.458+0000] {processor.py:829} INFO - Processing file /home/airflow/.local/lib/python3.8/site-packages/airflow/example_dags/example_external_task_marker_dag.py for tasks to queue
[2023-10-14T11:09:26.460+0000] {logging_mixin.py:151} INFO - [2023-10-14T11:09:26.460+0000] {dagbag.py:536} INFO - Filling up the DagBag from /home/airflow/.local/lib/python3.8/site-packages/airflow/example_dags/example_external_task_marker_dag.py
[2023-10-14T11:09:26.465+0000] {processor.py:839} INFO - DAG(s) dict_keys(['example_external_task_marker_parent', 'example_external_task_marker_child']) retrieved from /home/airflow/.local/lib/python3.8/site-packages/airflow/example_dags/example_external_task_marker_dag.py
[2023-10-14T11:09:26.484+0000] {logging_mixin.py:151} INFO - [2023-10-14T11:09:26.484+0000] {dag.py:2941} INFO - Sync 2 DAGs
[2023-10-14T11:09:26.491+0000] {logging_mixin.py:151} INFO - [2023-10-14T11:09:26.491+0000] {dag.py:3722} INFO - Setting next_dagrun for example_external_task_marker_child to None, run_after=None
[2023-10-14T11:09:26.493+0000] {logging_mixin.py:151} INFO - [2023-10-14T11:09:26.493+0000] {dag.py:3722} INFO - Setting next_dagrun for example_external_task_marker_parent to None, run_after=None
[2023-10-14T11:09:26.502+0000] {processor.py:179} INFO - Processing /home/airflow/.local/lib/python3.8/site-packages/airflow/example_dags/example_external_task_marker_dag.py took 0.049 seconds
