[2023-10-14T10:55:11.254+0000] {processor.py:157} INFO - Started process (PID=32) to work on /home/airflow/.local/lib/python3.8/site-packages/airflow/example_dags/example_bash_operator.py
[2023-10-14T10:55:11.263+0000] {processor.py:829} INFO - Processing file /home/airflow/.local/lib/python3.8/site-packages/airflow/example_dags/example_bash_operator.py for tasks to queue
[2023-10-14T10:55:11.272+0000] {logging_mixin.py:151} INFO - [2023-10-14T10:55:11.272+0000] {dagbag.py:536} INFO - Filling up the DagBag from /home/airflow/.local/lib/python3.8/site-packages/airflow/example_dags/example_bash_operator.py
[2023-10-14T10:55:11.291+0000] {processor.py:839} INFO - DAG(s) dict_keys(['example_bash_operator']) retrieved from /home/airflow/.local/lib/python3.8/site-packages/airflow/example_dags/example_bash_operator.py
[2023-10-14T10:55:11.331+0000] {logging_mixin.py:151} INFO - [2023-10-14T10:55:11.331+0000] {dag.py:2941} INFO - Sync 1 DAGs
[2023-10-14T10:55:11.358+0000] {logging_mixin.py:151} INFO - [2023-10-14T10:55:11.358+0000] {dag.py:3722} INFO - Setting next_dagrun for example_bash_operator to 2023-10-13T00:00:00+00:00, run_after=2023-10-14T00:00:00+00:00
[2023-10-14T10:55:11.379+0000] {processor.py:179} INFO - Processing /home/airflow/.local/lib/python3.8/site-packages/airflow/example_dags/example_bash_operator.py took 0.141 seconds
[2023-10-14T10:55:41.533+0000] {processor.py:157} INFO - Started process (PID=87) to work on /home/airflow/.local/lib/python3.8/site-packages/airflow/example_dags/example_bash_operator.py
[2023-10-14T10:55:41.534+0000] {processor.py:829} INFO - Processing file /home/airflow/.local/lib/python3.8/site-packages/airflow/example_dags/example_bash_operator.py for tasks to queue
[2023-10-14T10:55:41.552+0000] {logging_mixin.py:151} INFO - [2023-10-14T10:55:41.547+0000] {dagbag.py:536} INFO - Filling up the DagBag from /home/airflow/.local/lib/python3.8/site-packages/airflow/example_dags/example_bash_operator.py
[2023-10-14T10:55:41.620+0000] {processor.py:839} INFO - DAG(s) dict_keys(['example_bash_operator']) retrieved from /home/airflow/.local/lib/python3.8/site-packages/airflow/example_dags/example_bash_operator.py
[2023-10-14T10:55:41.646+0000] {logging_mixin.py:151} INFO - [2023-10-14T10:55:41.646+0000] {dag.py:2941} INFO - Sync 1 DAGs
[2023-10-14T10:55:41.681+0000] {logging_mixin.py:151} INFO - [2023-10-14T10:55:41.680+0000] {dag.py:3722} INFO - Setting next_dagrun for example_bash_operator to 2023-10-13T00:00:00+00:00, run_after=2023-10-14T00:00:00+00:00
[2023-10-14T10:55:41.691+0000] {processor.py:179} INFO - Processing /home/airflow/.local/lib/python3.8/site-packages/airflow/example_dags/example_bash_operator.py took 0.168 seconds
[2023-10-14T10:56:12.243+0000] {processor.py:157} INFO - Started process (PID=142) to work on /home/airflow/.local/lib/python3.8/site-packages/airflow/example_dags/example_bash_operator.py
[2023-10-14T10:56:12.244+0000] {processor.py:829} INFO - Processing file /home/airflow/.local/lib/python3.8/site-packages/airflow/example_dags/example_bash_operator.py for tasks to queue
[2023-10-14T10:56:12.247+0000] {logging_mixin.py:151} INFO - [2023-10-14T10:56:12.246+0000] {dagbag.py:536} INFO - Filling up the DagBag from /home/airflow/.local/lib/python3.8/site-packages/airflow/example_dags/example_bash_operator.py
[2023-10-14T10:56:12.266+0000] {processor.py:839} INFO - DAG(s) dict_keys(['example_bash_operator']) retrieved from /home/airflow/.local/lib/python3.8/site-packages/airflow/example_dags/example_bash_operator.py
[2023-10-14T10:56:12.291+0000] {logging_mixin.py:151} INFO - [2023-10-14T10:56:12.290+0000] {dag.py:2941} INFO - Sync 1 DAGs
[2023-10-14T10:56:12.309+0000] {logging_mixin.py:151} INFO - [2023-10-14T10:56:12.309+0000] {dag.py:3722} INFO - Setting next_dagrun for example_bash_operator to 2023-10-13T00:00:00+00:00, run_after=2023-10-14T00:00:00+00:00
[2023-10-14T10:56:12.321+0000] {processor.py:179} INFO - Processing /home/airflow/.local/lib/python3.8/site-packages/airflow/example_dags/example_bash_operator.py took 0.083 seconds
[2023-10-14T10:56:42.427+0000] {processor.py:157} INFO - Started process (PID=197) to work on /home/airflow/.local/lib/python3.8/site-packages/airflow/example_dags/example_bash_operator.py
[2023-10-14T10:56:42.428+0000] {processor.py:829} INFO - Processing file /home/airflow/.local/lib/python3.8/site-packages/airflow/example_dags/example_bash_operator.py for tasks to queue
[2023-10-14T10:56:42.432+0000] {logging_mixin.py:151} INFO - [2023-10-14T10:56:42.431+0000] {dagbag.py:536} INFO - Filling up the DagBag from /home/airflow/.local/lib/python3.8/site-packages/airflow/example_dags/example_bash_operator.py
[2023-10-14T10:56:42.450+0000] {processor.py:839} INFO - DAG(s) dict_keys(['example_bash_operator']) retrieved from /home/airflow/.local/lib/python3.8/site-packages/airflow/example_dags/example_bash_operator.py
[2023-10-14T10:56:42.473+0000] {logging_mixin.py:151} INFO - [2023-10-14T10:56:42.473+0000] {dag.py:2941} INFO - Sync 1 DAGs
[2023-10-14T10:56:42.490+0000] {logging_mixin.py:151} INFO - [2023-10-14T10:56:42.490+0000] {dag.py:3722} INFO - Setting next_dagrun for example_bash_operator to 2023-10-13T00:00:00+00:00, run_after=2023-10-14T00:00:00+00:00
[2023-10-14T10:56:42.501+0000] {processor.py:179} INFO - Processing /home/airflow/.local/lib/python3.8/site-packages/airflow/example_dags/example_bash_operator.py took 0.079 seconds
[2023-10-14T10:57:12.841+0000] {processor.py:157} INFO - Started process (PID=252) to work on /home/airflow/.local/lib/python3.8/site-packages/airflow/example_dags/example_bash_operator.py
[2023-10-14T10:57:12.843+0000] {processor.py:829} INFO - Processing file /home/airflow/.local/lib/python3.8/site-packages/airflow/example_dags/example_bash_operator.py for tasks to queue
[2023-10-14T10:57:12.846+0000] {logging_mixin.py:151} INFO - [2023-10-14T10:57:12.846+0000] {dagbag.py:536} INFO - Filling up the DagBag from /home/airflow/.local/lib/python3.8/site-packages/airflow/example_dags/example_bash_operator.py
[2023-10-14T10:57:12.862+0000] {processor.py:839} INFO - DAG(s) dict_keys(['example_bash_operator']) retrieved from /home/airflow/.local/lib/python3.8/site-packages/airflow/example_dags/example_bash_operator.py
[2023-10-14T10:57:12.880+0000] {logging_mixin.py:151} INFO - [2023-10-14T10:57:12.880+0000] {dag.py:2941} INFO - Sync 1 DAGs
[2023-10-14T10:57:12.894+0000] {logging_mixin.py:151} INFO - [2023-10-14T10:57:12.894+0000] {dag.py:3722} INFO - Setting next_dagrun for example_bash_operator to 2023-10-13T00:00:00+00:00, run_after=2023-10-14T00:00:00+00:00
[2023-10-14T10:57:12.905+0000] {processor.py:179} INFO - Processing /home/airflow/.local/lib/python3.8/site-packages/airflow/example_dags/example_bash_operator.py took 0.069 seconds
[2023-10-14T10:57:43.087+0000] {processor.py:157} INFO - Started process (PID=307) to work on /home/airflow/.local/lib/python3.8/site-packages/airflow/example_dags/example_bash_operator.py
[2023-10-14T10:57:43.088+0000] {processor.py:829} INFO - Processing file /home/airflow/.local/lib/python3.8/site-packages/airflow/example_dags/example_bash_operator.py for tasks to queue
[2023-10-14T10:57:43.092+0000] {logging_mixin.py:151} INFO - [2023-10-14T10:57:43.092+0000] {dagbag.py:536} INFO - Filling up the DagBag from /home/airflow/.local/lib/python3.8/site-packages/airflow/example_dags/example_bash_operator.py
[2023-10-14T10:57:43.119+0000] {processor.py:839} INFO - DAG(s) dict_keys(['example_bash_operator']) retrieved from /home/airflow/.local/lib/python3.8/site-packages/airflow/example_dags/example_bash_operator.py
[2023-10-14T10:57:43.139+0000] {logging_mixin.py:151} INFO - [2023-10-14T10:57:43.139+0000] {dag.py:2941} INFO - Sync 1 DAGs
[2023-10-14T10:57:43.165+0000] {logging_mixin.py:151} INFO - [2023-10-14T10:57:43.164+0000] {dag.py:3722} INFO - Setting next_dagrun for example_bash_operator to 2023-10-13T00:00:00+00:00, run_after=2023-10-14T00:00:00+00:00
[2023-10-14T10:57:43.179+0000] {processor.py:179} INFO - Processing /home/airflow/.local/lib/python3.8/site-packages/airflow/example_dags/example_bash_operator.py took 0.097 seconds
[2023-10-14T10:58:13.621+0000] {processor.py:157} INFO - Started process (PID=363) to work on /home/airflow/.local/lib/python3.8/site-packages/airflow/example_dags/example_bash_operator.py
[2023-10-14T10:58:13.629+0000] {processor.py:829} INFO - Processing file /home/airflow/.local/lib/python3.8/site-packages/airflow/example_dags/example_bash_operator.py for tasks to queue
[2023-10-14T10:58:13.634+0000] {logging_mixin.py:151} INFO - [2023-10-14T10:58:13.634+0000] {dagbag.py:536} INFO - Filling up the DagBag from /home/airflow/.local/lib/python3.8/site-packages/airflow/example_dags/example_bash_operator.py
[2023-10-14T10:58:13.652+0000] {processor.py:839} INFO - DAG(s) dict_keys(['example_bash_operator']) retrieved from /home/airflow/.local/lib/python3.8/site-packages/airflow/example_dags/example_bash_operator.py
[2023-10-14T10:58:13.673+0000] {logging_mixin.py:151} INFO - [2023-10-14T10:58:13.673+0000] {dag.py:2941} INFO - Sync 1 DAGs
[2023-10-14T10:58:13.690+0000] {logging_mixin.py:151} INFO - [2023-10-14T10:58:13.690+0000] {dag.py:3722} INFO - Setting next_dagrun for example_bash_operator to 2023-10-13T00:00:00+00:00, run_after=2023-10-14T00:00:00+00:00
[2023-10-14T10:58:13.701+0000] {processor.py:179} INFO - Processing /home/airflow/.local/lib/python3.8/site-packages/airflow/example_dags/example_bash_operator.py took 0.102 seconds
[2023-10-14T10:58:43.907+0000] {processor.py:157} INFO - Started process (PID=418) to work on /home/airflow/.local/lib/python3.8/site-packages/airflow/example_dags/example_bash_operator.py
[2023-10-14T10:58:43.908+0000] {processor.py:829} INFO - Processing file /home/airflow/.local/lib/python3.8/site-packages/airflow/example_dags/example_bash_operator.py for tasks to queue
[2023-10-14T10:58:43.910+0000] {logging_mixin.py:151} INFO - [2023-10-14T10:58:43.910+0000] {dagbag.py:536} INFO - Filling up the DagBag from /home/airflow/.local/lib/python3.8/site-packages/airflow/example_dags/example_bash_operator.py
[2023-10-14T10:58:43.924+0000] {processor.py:839} INFO - DAG(s) dict_keys(['example_bash_operator']) retrieved from /home/airflow/.local/lib/python3.8/site-packages/airflow/example_dags/example_bash_operator.py
[2023-10-14T10:58:43.944+0000] {logging_mixin.py:151} INFO - [2023-10-14T10:58:43.944+0000] {dag.py:2941} INFO - Sync 1 DAGs
[2023-10-14T10:58:43.968+0000] {logging_mixin.py:151} INFO - [2023-10-14T10:58:43.967+0000] {dag.py:3722} INFO - Setting next_dagrun for example_bash_operator to 2023-10-13T00:00:00+00:00, run_after=2023-10-14T00:00:00+00:00
[2023-10-14T10:58:43.991+0000] {processor.py:179} INFO - Processing /home/airflow/.local/lib/python3.8/site-packages/airflow/example_dags/example_bash_operator.py took 0.086 seconds
[2023-10-14T10:59:14.067+0000] {processor.py:157} INFO - Started process (PID=472) to work on /home/airflow/.local/lib/python3.8/site-packages/airflow/example_dags/example_bash_operator.py
[2023-10-14T10:59:14.068+0000] {processor.py:829} INFO - Processing file /home/airflow/.local/lib/python3.8/site-packages/airflow/example_dags/example_bash_operator.py for tasks to queue
[2023-10-14T10:59:14.072+0000] {logging_mixin.py:151} INFO - [2023-10-14T10:59:14.072+0000] {dagbag.py:536} INFO - Filling up the DagBag from /home/airflow/.local/lib/python3.8/site-packages/airflow/example_dags/example_bash_operator.py
[2023-10-14T10:59:14.092+0000] {processor.py:839} INFO - DAG(s) dict_keys(['example_bash_operator']) retrieved from /home/airflow/.local/lib/python3.8/site-packages/airflow/example_dags/example_bash_operator.py
[2023-10-14T10:59:14.133+0000] {logging_mixin.py:151} INFO - [2023-10-14T10:59:14.133+0000] {dag.py:2941} INFO - Sync 1 DAGs
[2023-10-14T10:59:14.155+0000] {logging_mixin.py:151} INFO - [2023-10-14T10:59:14.155+0000] {dag.py:3722} INFO - Setting next_dagrun for example_bash_operator to 2023-10-13T00:00:00+00:00, run_after=2023-10-14T00:00:00+00:00
[2023-10-14T10:59:14.168+0000] {processor.py:179} INFO - Processing /home/airflow/.local/lib/python3.8/site-packages/airflow/example_dags/example_bash_operator.py took 0.105 seconds
[2023-10-14T10:59:44.343+0000] {processor.py:157} INFO - Started process (PID=528) to work on /home/airflow/.local/lib/python3.8/site-packages/airflow/example_dags/example_bash_operator.py
[2023-10-14T10:59:44.345+0000] {processor.py:829} INFO - Processing file /home/airflow/.local/lib/python3.8/site-packages/airflow/example_dags/example_bash_operator.py for tasks to queue
[2023-10-14T10:59:44.350+0000] {logging_mixin.py:151} INFO - [2023-10-14T10:59:44.349+0000] {dagbag.py:536} INFO - Filling up the DagBag from /home/airflow/.local/lib/python3.8/site-packages/airflow/example_dags/example_bash_operator.py
[2023-10-14T10:59:44.370+0000] {processor.py:839} INFO - DAG(s) dict_keys(['example_bash_operator']) retrieved from /home/airflow/.local/lib/python3.8/site-packages/airflow/example_dags/example_bash_operator.py
[2023-10-14T10:59:44.411+0000] {logging_mixin.py:151} INFO - [2023-10-14T10:59:44.411+0000] {dag.py:2941} INFO - Sync 1 DAGs
[2023-10-14T10:59:44.428+0000] {logging_mixin.py:151} INFO - [2023-10-14T10:59:44.428+0000] {dag.py:3722} INFO - Setting next_dagrun for example_bash_operator to 2023-10-13T00:00:00+00:00, run_after=2023-10-14T00:00:00+00:00
[2023-10-14T10:59:44.441+0000] {processor.py:179} INFO - Processing /home/airflow/.local/lib/python3.8/site-packages/airflow/example_dags/example_bash_operator.py took 0.107 seconds
[2023-10-14T11:00:14.546+0000] {processor.py:157} INFO - Started process (PID=583) to work on /home/airflow/.local/lib/python3.8/site-packages/airflow/example_dags/example_bash_operator.py
[2023-10-14T11:00:14.549+0000] {processor.py:829} INFO - Processing file /home/airflow/.local/lib/python3.8/site-packages/airflow/example_dags/example_bash_operator.py for tasks to queue
[2023-10-14T11:00:14.554+0000] {logging_mixin.py:151} INFO - [2023-10-14T11:00:14.553+0000] {dagbag.py:536} INFO - Filling up the DagBag from /home/airflow/.local/lib/python3.8/site-packages/airflow/example_dags/example_bash_operator.py
[2023-10-14T11:00:14.569+0000] {processor.py:839} INFO - DAG(s) dict_keys(['example_bash_operator']) retrieved from /home/airflow/.local/lib/python3.8/site-packages/airflow/example_dags/example_bash_operator.py
[2023-10-14T11:00:14.613+0000] {logging_mixin.py:151} INFO - [2023-10-14T11:00:14.613+0000] {dag.py:2941} INFO - Sync 1 DAGs
[2023-10-14T11:00:14.631+0000] {logging_mixin.py:151} INFO - [2023-10-14T11:00:14.631+0000] {dag.py:3722} INFO - Setting next_dagrun for example_bash_operator to 2023-10-13T00:00:00+00:00, run_after=2023-10-14T00:00:00+00:00
[2023-10-14T11:00:14.643+0000] {processor.py:179} INFO - Processing /home/airflow/.local/lib/python3.8/site-packages/airflow/example_dags/example_bash_operator.py took 0.109 seconds
[2023-10-14T11:00:44.713+0000] {processor.py:157} INFO - Started process (PID=638) to work on /home/airflow/.local/lib/python3.8/site-packages/airflow/example_dags/example_bash_operator.py
[2023-10-14T11:00:44.715+0000] {processor.py:829} INFO - Processing file /home/airflow/.local/lib/python3.8/site-packages/airflow/example_dags/example_bash_operator.py for tasks to queue
[2023-10-14T11:00:44.720+0000] {logging_mixin.py:151} INFO - [2023-10-14T11:00:44.719+0000] {dagbag.py:536} INFO - Filling up the DagBag from /home/airflow/.local/lib/python3.8/site-packages/airflow/example_dags/example_bash_operator.py
[2023-10-14T11:00:44.745+0000] {processor.py:839} INFO - DAG(s) dict_keys(['example_bash_operator']) retrieved from /home/airflow/.local/lib/python3.8/site-packages/airflow/example_dags/example_bash_operator.py
[2023-10-14T11:00:44.784+0000] {logging_mixin.py:151} INFO - [2023-10-14T11:00:44.784+0000] {dag.py:2941} INFO - Sync 1 DAGs
[2023-10-14T11:00:44.802+0000] {logging_mixin.py:151} INFO - [2023-10-14T11:00:44.802+0000] {dag.py:3722} INFO - Setting next_dagrun for example_bash_operator to 2023-10-13T00:00:00+00:00, run_after=2023-10-14T00:00:00+00:00
[2023-10-14T11:00:44.814+0000] {processor.py:179} INFO - Processing /home/airflow/.local/lib/python3.8/site-packages/airflow/example_dags/example_bash_operator.py took 0.107 seconds
[2023-10-14T11:01:15.114+0000] {processor.py:157} INFO - Started process (PID=693) to work on /home/airflow/.local/lib/python3.8/site-packages/airflow/example_dags/example_bash_operator.py
[2023-10-14T11:01:15.118+0000] {processor.py:829} INFO - Processing file /home/airflow/.local/lib/python3.8/site-packages/airflow/example_dags/example_bash_operator.py for tasks to queue
[2023-10-14T11:01:15.124+0000] {logging_mixin.py:151} INFO - [2023-10-14T11:01:15.123+0000] {dagbag.py:536} INFO - Filling up the DagBag from /home/airflow/.local/lib/python3.8/site-packages/airflow/example_dags/example_bash_operator.py
[2023-10-14T11:01:15.148+0000] {processor.py:839} INFO - DAG(s) dict_keys(['example_bash_operator']) retrieved from /home/airflow/.local/lib/python3.8/site-packages/airflow/example_dags/example_bash_operator.py
[2023-10-14T11:01:15.174+0000] {logging_mixin.py:151} INFO - [2023-10-14T11:01:15.173+0000] {dag.py:2941} INFO - Sync 1 DAGs
[2023-10-14T11:01:15.197+0000] {logging_mixin.py:151} INFO - [2023-10-14T11:01:15.197+0000] {dag.py:3722} INFO - Setting next_dagrun for example_bash_operator to 2023-10-13T00:00:00+00:00, run_after=2023-10-14T00:00:00+00:00
[2023-10-14T11:01:15.210+0000] {processor.py:179} INFO - Processing /home/airflow/.local/lib/python3.8/site-packages/airflow/example_dags/example_bash_operator.py took 0.106 seconds
[2023-10-14T11:01:45.369+0000] {processor.py:157} INFO - Started process (PID=749) to work on /home/airflow/.local/lib/python3.8/site-packages/airflow/example_dags/example_bash_operator.py
[2023-10-14T11:01:45.372+0000] {processor.py:829} INFO - Processing file /home/airflow/.local/lib/python3.8/site-packages/airflow/example_dags/example_bash_operator.py for tasks to queue
[2023-10-14T11:01:45.375+0000] {logging_mixin.py:151} INFO - [2023-10-14T11:01:45.374+0000] {dagbag.py:536} INFO - Filling up the DagBag from /home/airflow/.local/lib/python3.8/site-packages/airflow/example_dags/example_bash_operator.py
[2023-10-14T11:01:45.388+0000] {processor.py:839} INFO - DAG(s) dict_keys(['example_bash_operator']) retrieved from /home/airflow/.local/lib/python3.8/site-packages/airflow/example_dags/example_bash_operator.py
[2023-10-14T11:01:45.415+0000] {logging_mixin.py:151} INFO - [2023-10-14T11:01:45.415+0000] {dag.py:2941} INFO - Sync 1 DAGs
[2023-10-14T11:01:45.430+0000] {logging_mixin.py:151} INFO - [2023-10-14T11:01:45.430+0000] {dag.py:3722} INFO - Setting next_dagrun for example_bash_operator to 2023-10-13T00:00:00+00:00, run_after=2023-10-14T00:00:00+00:00
[2023-10-14T11:01:45.452+0000] {processor.py:179} INFO - Processing /home/airflow/.local/lib/python3.8/site-packages/airflow/example_dags/example_bash_operator.py took 0.088 seconds
[2023-10-14T11:02:16.003+0000] {processor.py:157} INFO - Started process (PID=806) to work on /home/airflow/.local/lib/python3.8/site-packages/airflow/example_dags/example_bash_operator.py
[2023-10-14T11:02:16.006+0000] {processor.py:829} INFO - Processing file /home/airflow/.local/lib/python3.8/site-packages/airflow/example_dags/example_bash_operator.py for tasks to queue
[2023-10-14T11:02:16.009+0000] {logging_mixin.py:151} INFO - [2023-10-14T11:02:16.009+0000] {dagbag.py:536} INFO - Filling up the DagBag from /home/airflow/.local/lib/python3.8/site-packages/airflow/example_dags/example_bash_operator.py
[2023-10-14T11:02:16.022+0000] {processor.py:839} INFO - DAG(s) dict_keys(['example_bash_operator']) retrieved from /home/airflow/.local/lib/python3.8/site-packages/airflow/example_dags/example_bash_operator.py
[2023-10-14T11:02:16.041+0000] {logging_mixin.py:151} INFO - [2023-10-14T11:02:16.041+0000] {dag.py:2941} INFO - Sync 1 DAGs
[2023-10-14T11:02:16.053+0000] {logging_mixin.py:151} INFO - [2023-10-14T11:02:16.052+0000] {dag.py:3722} INFO - Setting next_dagrun for example_bash_operator to 2023-10-13T00:00:00+00:00, run_after=2023-10-14T00:00:00+00:00
[2023-10-14T11:02:16.062+0000] {processor.py:179} INFO - Processing /home/airflow/.local/lib/python3.8/site-packages/airflow/example_dags/example_bash_operator.py took 0.068 seconds
[2023-10-14T11:02:46.364+0000] {processor.py:157} INFO - Started process (PID=861) to work on /home/airflow/.local/lib/python3.8/site-packages/airflow/example_dags/example_bash_operator.py
[2023-10-14T11:02:46.367+0000] {processor.py:829} INFO - Processing file /home/airflow/.local/lib/python3.8/site-packages/airflow/example_dags/example_bash_operator.py for tasks to queue
[2023-10-14T11:02:46.375+0000] {logging_mixin.py:151} INFO - [2023-10-14T11:02:46.374+0000] {dagbag.py:536} INFO - Filling up the DagBag from /home/airflow/.local/lib/python3.8/site-packages/airflow/example_dags/example_bash_operator.py
[2023-10-14T11:02:46.395+0000] {processor.py:839} INFO - DAG(s) dict_keys(['example_bash_operator']) retrieved from /home/airflow/.local/lib/python3.8/site-packages/airflow/example_dags/example_bash_operator.py
[2023-10-14T11:02:46.428+0000] {logging_mixin.py:151} INFO - [2023-10-14T11:02:46.428+0000] {dag.py:2941} INFO - Sync 1 DAGs
[2023-10-14T11:02:46.447+0000] {logging_mixin.py:151} INFO - [2023-10-14T11:02:46.447+0000] {dag.py:3722} INFO - Setting next_dagrun for example_bash_operator to 2023-10-13T00:00:00+00:00, run_after=2023-10-14T00:00:00+00:00
[2023-10-14T11:02:46.459+0000] {processor.py:179} INFO - Processing /home/airflow/.local/lib/python3.8/site-packages/airflow/example_dags/example_bash_operator.py took 0.103 seconds
[2023-10-14T11:03:16.849+0000] {processor.py:157} INFO - Started process (PID=917) to work on /home/airflow/.local/lib/python3.8/site-packages/airflow/example_dags/example_bash_operator.py
[2023-10-14T11:03:16.850+0000] {processor.py:829} INFO - Processing file /home/airflow/.local/lib/python3.8/site-packages/airflow/example_dags/example_bash_operator.py for tasks to queue
[2023-10-14T11:03:16.852+0000] {logging_mixin.py:151} INFO - [2023-10-14T11:03:16.852+0000] {dagbag.py:536} INFO - Filling up the DagBag from /home/airflow/.local/lib/python3.8/site-packages/airflow/example_dags/example_bash_operator.py
[2023-10-14T11:03:16.862+0000] {processor.py:839} INFO - DAG(s) dict_keys(['example_bash_operator']) retrieved from /home/airflow/.local/lib/python3.8/site-packages/airflow/example_dags/example_bash_operator.py
[2023-10-14T11:03:16.881+0000] {logging_mixin.py:151} INFO - [2023-10-14T11:03:16.881+0000] {dag.py:2941} INFO - Sync 1 DAGs
[2023-10-14T11:03:16.894+0000] {logging_mixin.py:151} INFO - [2023-10-14T11:03:16.894+0000] {dag.py:3722} INFO - Setting next_dagrun for example_bash_operator to 2023-10-13T00:00:00+00:00, run_after=2023-10-14T00:00:00+00:00
[2023-10-14T11:03:16.903+0000] {processor.py:179} INFO - Processing /home/airflow/.local/lib/python3.8/site-packages/airflow/example_dags/example_bash_operator.py took 0.058 seconds
[2023-10-14T11:03:47.147+0000] {processor.py:157} INFO - Started process (PID=972) to work on /home/airflow/.local/lib/python3.8/site-packages/airflow/example_dags/example_bash_operator.py
[2023-10-14T11:03:47.148+0000] {processor.py:829} INFO - Processing file /home/airflow/.local/lib/python3.8/site-packages/airflow/example_dags/example_bash_operator.py for tasks to queue
[2023-10-14T11:03:47.152+0000] {logging_mixin.py:151} INFO - [2023-10-14T11:03:47.152+0000] {dagbag.py:536} INFO - Filling up the DagBag from /home/airflow/.local/lib/python3.8/site-packages/airflow/example_dags/example_bash_operator.py
[2023-10-14T11:03:47.166+0000] {processor.py:839} INFO - DAG(s) dict_keys(['example_bash_operator']) retrieved from /home/airflow/.local/lib/python3.8/site-packages/airflow/example_dags/example_bash_operator.py
[2023-10-14T11:03:47.192+0000] {logging_mixin.py:151} INFO - [2023-10-14T11:03:47.192+0000] {dag.py:2941} INFO - Sync 1 DAGs
[2023-10-14T11:03:47.205+0000] {logging_mixin.py:151} INFO - [2023-10-14T11:03:47.205+0000] {dag.py:3722} INFO - Setting next_dagrun for example_bash_operator to 2023-10-13T00:00:00+00:00, run_after=2023-10-14T00:00:00+00:00
[2023-10-14T11:03:47.215+0000] {processor.py:179} INFO - Processing /home/airflow/.local/lib/python3.8/site-packages/airflow/example_dags/example_bash_operator.py took 0.074 seconds
[2023-10-14T11:04:17.694+0000] {processor.py:157} INFO - Started process (PID=1028) to work on /home/airflow/.local/lib/python3.8/site-packages/airflow/example_dags/example_bash_operator.py
[2023-10-14T11:04:17.696+0000] {processor.py:829} INFO - Processing file /home/airflow/.local/lib/python3.8/site-packages/airflow/example_dags/example_bash_operator.py for tasks to queue
[2023-10-14T11:04:17.701+0000] {logging_mixin.py:151} INFO - [2023-10-14T11:04:17.701+0000] {dagbag.py:536} INFO - Filling up the DagBag from /home/airflow/.local/lib/python3.8/site-packages/airflow/example_dags/example_bash_operator.py
[2023-10-14T11:04:17.717+0000] {processor.py:839} INFO - DAG(s) dict_keys(['example_bash_operator']) retrieved from /home/airflow/.local/lib/python3.8/site-packages/airflow/example_dags/example_bash_operator.py
[2023-10-14T11:04:17.737+0000] {logging_mixin.py:151} INFO - [2023-10-14T11:04:17.737+0000] {dag.py:2941} INFO - Sync 1 DAGs
[2023-10-14T11:04:17.750+0000] {logging_mixin.py:151} INFO - [2023-10-14T11:04:17.750+0000] {dag.py:3722} INFO - Setting next_dagrun for example_bash_operator to 2023-10-13T00:00:00+00:00, run_after=2023-10-14T00:00:00+00:00
[2023-10-14T11:04:17.760+0000] {processor.py:179} INFO - Processing /home/airflow/.local/lib/python3.8/site-packages/airflow/example_dags/example_bash_operator.py took 0.074 seconds
[2023-10-14T11:04:48.021+0000] {processor.py:157} INFO - Started process (PID=1083) to work on /home/airflow/.local/lib/python3.8/site-packages/airflow/example_dags/example_bash_operator.py
[2023-10-14T11:04:48.024+0000] {processor.py:829} INFO - Processing file /home/airflow/.local/lib/python3.8/site-packages/airflow/example_dags/example_bash_operator.py for tasks to queue
[2023-10-14T11:04:48.029+0000] {logging_mixin.py:151} INFO - [2023-10-14T11:04:48.029+0000] {dagbag.py:536} INFO - Filling up the DagBag from /home/airflow/.local/lib/python3.8/site-packages/airflow/example_dags/example_bash_operator.py
[2023-10-14T11:04:48.042+0000] {processor.py:839} INFO - DAG(s) dict_keys(['example_bash_operator']) retrieved from /home/airflow/.local/lib/python3.8/site-packages/airflow/example_dags/example_bash_operator.py
[2023-10-14T11:04:48.062+0000] {logging_mixin.py:151} INFO - [2023-10-14T11:04:48.062+0000] {dag.py:2941} INFO - Sync 1 DAGs
[2023-10-14T11:04:48.076+0000] {logging_mixin.py:151} INFO - [2023-10-14T11:04:48.076+0000] {dag.py:3722} INFO - Setting next_dagrun for example_bash_operator to 2023-10-13T00:00:00+00:00, run_after=2023-10-14T00:00:00+00:00
[2023-10-14T11:04:48.086+0000] {processor.py:179} INFO - Processing /home/airflow/.local/lib/python3.8/site-packages/airflow/example_dags/example_bash_operator.py took 0.071 seconds
[2023-10-14T11:05:18.361+0000] {processor.py:157} INFO - Started process (PID=1138) to work on /home/airflow/.local/lib/python3.8/site-packages/airflow/example_dags/example_bash_operator.py
[2023-10-14T11:05:18.364+0000] {processor.py:829} INFO - Processing file /home/airflow/.local/lib/python3.8/site-packages/airflow/example_dags/example_bash_operator.py for tasks to queue
[2023-10-14T11:05:18.366+0000] {logging_mixin.py:151} INFO - [2023-10-14T11:05:18.366+0000] {dagbag.py:536} INFO - Filling up the DagBag from /home/airflow/.local/lib/python3.8/site-packages/airflow/example_dags/example_bash_operator.py
[2023-10-14T11:05:18.374+0000] {processor.py:839} INFO - DAG(s) dict_keys(['example_bash_operator']) retrieved from /home/airflow/.local/lib/python3.8/site-packages/airflow/example_dags/example_bash_operator.py
[2023-10-14T11:05:18.392+0000] {logging_mixin.py:151} INFO - [2023-10-14T11:05:18.392+0000] {dag.py:2941} INFO - Sync 1 DAGs
[2023-10-14T11:05:18.404+0000] {logging_mixin.py:151} INFO - [2023-10-14T11:05:18.404+0000] {dag.py:3722} INFO - Setting next_dagrun for example_bash_operator to 2023-10-13T00:00:00+00:00, run_after=2023-10-14T00:00:00+00:00
[2023-10-14T11:05:18.413+0000] {processor.py:179} INFO - Processing /home/airflow/.local/lib/python3.8/site-packages/airflow/example_dags/example_bash_operator.py took 0.055 seconds
[2023-10-14T11:05:49.138+0000] {processor.py:157} INFO - Started process (PID=1193) to work on /home/airflow/.local/lib/python3.8/site-packages/airflow/example_dags/example_bash_operator.py
[2023-10-14T11:05:49.141+0000] {processor.py:829} INFO - Processing file /home/airflow/.local/lib/python3.8/site-packages/airflow/example_dags/example_bash_operator.py for tasks to queue
[2023-10-14T11:05:49.145+0000] {logging_mixin.py:151} INFO - [2023-10-14T11:05:49.145+0000] {dagbag.py:536} INFO - Filling up the DagBag from /home/airflow/.local/lib/python3.8/site-packages/airflow/example_dags/example_bash_operator.py
[2023-10-14T11:05:49.161+0000] {processor.py:839} INFO - DAG(s) dict_keys(['example_bash_operator']) retrieved from /home/airflow/.local/lib/python3.8/site-packages/airflow/example_dags/example_bash_operator.py
[2023-10-14T11:05:49.184+0000] {logging_mixin.py:151} INFO - [2023-10-14T11:05:49.184+0000] {dag.py:2941} INFO - Sync 1 DAGs
[2023-10-14T11:05:49.198+0000] {logging_mixin.py:151} INFO - [2023-10-14T11:05:49.197+0000] {dag.py:3722} INFO - Setting next_dagrun for example_bash_operator to 2023-10-13T00:00:00+00:00, run_after=2023-10-14T00:00:00+00:00
[2023-10-14T11:05:49.207+0000] {processor.py:179} INFO - Processing /home/airflow/.local/lib/python3.8/site-packages/airflow/example_dags/example_bash_operator.py took 0.076 seconds
[2023-10-14T11:06:19.652+0000] {processor.py:157} INFO - Started process (PID=1249) to work on /home/airflow/.local/lib/python3.8/site-packages/airflow/example_dags/example_bash_operator.py
[2023-10-14T11:06:19.654+0000] {processor.py:829} INFO - Processing file /home/airflow/.local/lib/python3.8/site-packages/airflow/example_dags/example_bash_operator.py for tasks to queue
[2023-10-14T11:06:19.656+0000] {logging_mixin.py:151} INFO - [2023-10-14T11:06:19.656+0000] {dagbag.py:536} INFO - Filling up the DagBag from /home/airflow/.local/lib/python3.8/site-packages/airflow/example_dags/example_bash_operator.py
[2023-10-14T11:06:19.671+0000] {processor.py:839} INFO - DAG(s) dict_keys(['example_bash_operator']) retrieved from /home/airflow/.local/lib/python3.8/site-packages/airflow/example_dags/example_bash_operator.py
[2023-10-14T11:06:19.696+0000] {logging_mixin.py:151} INFO - [2023-10-14T11:06:19.696+0000] {dag.py:2941} INFO - Sync 1 DAGs
[2023-10-14T11:06:19.708+0000] {logging_mixin.py:151} INFO - [2023-10-14T11:06:19.708+0000] {dag.py:3722} INFO - Setting next_dagrun for example_bash_operator to 2023-10-13T00:00:00+00:00, run_after=2023-10-14T00:00:00+00:00
[2023-10-14T11:06:19.717+0000] {processor.py:179} INFO - Processing /home/airflow/.local/lib/python3.8/site-packages/airflow/example_dags/example_bash_operator.py took 0.071 seconds
[2023-10-14T11:06:50.021+0000] {processor.py:157} INFO - Started process (PID=1304) to work on /home/airflow/.local/lib/python3.8/site-packages/airflow/example_dags/example_bash_operator.py
[2023-10-14T11:06:50.024+0000] {processor.py:829} INFO - Processing file /home/airflow/.local/lib/python3.8/site-packages/airflow/example_dags/example_bash_operator.py for tasks to queue
[2023-10-14T11:06:50.028+0000] {logging_mixin.py:151} INFO - [2023-10-14T11:06:50.028+0000] {dagbag.py:536} INFO - Filling up the DagBag from /home/airflow/.local/lib/python3.8/site-packages/airflow/example_dags/example_bash_operator.py
[2023-10-14T11:06:50.044+0000] {processor.py:839} INFO - DAG(s) dict_keys(['example_bash_operator']) retrieved from /home/airflow/.local/lib/python3.8/site-packages/airflow/example_dags/example_bash_operator.py
[2023-10-14T11:06:50.073+0000] {logging_mixin.py:151} INFO - [2023-10-14T11:06:50.073+0000] {dag.py:2941} INFO - Sync 1 DAGs
[2023-10-14T11:06:50.088+0000] {logging_mixin.py:151} INFO - [2023-10-14T11:06:50.088+0000] {dag.py:3722} INFO - Setting next_dagrun for example_bash_operator to 2023-10-13T00:00:00+00:00, run_after=2023-10-14T00:00:00+00:00
[2023-10-14T11:06:50.099+0000] {processor.py:179} INFO - Processing /home/airflow/.local/lib/python3.8/site-packages/airflow/example_dags/example_bash_operator.py took 0.085 seconds
[2023-10-14T11:07:20.559+0000] {processor.py:157} INFO - Started process (PID=1363) to work on /home/airflow/.local/lib/python3.8/site-packages/airflow/example_dags/example_bash_operator.py
[2023-10-14T11:07:20.571+0000] {processor.py:829} INFO - Processing file /home/airflow/.local/lib/python3.8/site-packages/airflow/example_dags/example_bash_operator.py for tasks to queue
[2023-10-14T11:07:20.700+0000] {logging_mixin.py:151} INFO - [2023-10-14T11:07:20.675+0000] {dagbag.py:536} INFO - Filling up the DagBag from /home/airflow/.local/lib/python3.8/site-packages/airflow/example_dags/example_bash_operator.py
[2023-10-14T11:07:20.840+0000] {processor.py:839} INFO - DAG(s) dict_keys(['example_bash_operator']) retrieved from /home/airflow/.local/lib/python3.8/site-packages/airflow/example_dags/example_bash_operator.py
[2023-10-14T11:07:21.347+0000] {logging_mixin.py:151} INFO - [2023-10-14T11:07:21.314+0000] {dag.py:2941} INFO - Sync 1 DAGs
[2023-10-14T11:07:22.170+0000] {logging_mixin.py:151} INFO - [2023-10-14T11:07:22.163+0000] {dag.py:3722} INFO - Setting next_dagrun for example_bash_operator to 2023-10-13T00:00:00+00:00, run_after=2023-10-14T00:00:00+00:00
[2023-10-14T11:07:22.285+0000] {processor.py:179} INFO - Processing /home/airflow/.local/lib/python3.8/site-packages/airflow/example_dags/example_bash_operator.py took 1.807 seconds
[2023-10-14T11:07:53.172+0000] {processor.py:157} INFO - Started process (PID=1416) to work on /home/airflow/.local/lib/python3.8/site-packages/airflow/example_dags/example_bash_operator.py
[2023-10-14T11:07:53.174+0000] {processor.py:829} INFO - Processing file /home/airflow/.local/lib/python3.8/site-packages/airflow/example_dags/example_bash_operator.py for tasks to queue
[2023-10-14T11:07:53.181+0000] {logging_mixin.py:151} INFO - [2023-10-14T11:07:53.180+0000] {dagbag.py:536} INFO - Filling up the DagBag from /home/airflow/.local/lib/python3.8/site-packages/airflow/example_dags/example_bash_operator.py
[2023-10-14T11:07:53.201+0000] {processor.py:839} INFO - DAG(s) dict_keys(['example_bash_operator']) retrieved from /home/airflow/.local/lib/python3.8/site-packages/airflow/example_dags/example_bash_operator.py
[2023-10-14T11:07:53.238+0000] {logging_mixin.py:151} INFO - [2023-10-14T11:07:53.237+0000] {dag.py:2941} INFO - Sync 1 DAGs
[2023-10-14T11:07:53.261+0000] {logging_mixin.py:151} INFO - [2023-10-14T11:07:53.261+0000] {dag.py:3722} INFO - Setting next_dagrun for example_bash_operator to 2023-10-13T00:00:00+00:00, run_after=2023-10-14T00:00:00+00:00
[2023-10-14T11:07:53.276+0000] {processor.py:179} INFO - Processing /home/airflow/.local/lib/python3.8/site-packages/airflow/example_dags/example_bash_operator.py took 0.114 seconds
[2023-10-14T11:08:24.268+0000] {processor.py:157} INFO - Started process (PID=1471) to work on /home/airflow/.local/lib/python3.8/site-packages/airflow/example_dags/example_bash_operator.py
[2023-10-14T11:08:24.271+0000] {processor.py:829} INFO - Processing file /home/airflow/.local/lib/python3.8/site-packages/airflow/example_dags/example_bash_operator.py for tasks to queue
[2023-10-14T11:08:24.276+0000] {logging_mixin.py:151} INFO - [2023-10-14T11:08:24.276+0000] {dagbag.py:536} INFO - Filling up the DagBag from /home/airflow/.local/lib/python3.8/site-packages/airflow/example_dags/example_bash_operator.py
[2023-10-14T11:08:24.295+0000] {processor.py:839} INFO - DAG(s) dict_keys(['example_bash_operator']) retrieved from /home/airflow/.local/lib/python3.8/site-packages/airflow/example_dags/example_bash_operator.py
[2023-10-14T11:08:24.331+0000] {logging_mixin.py:151} INFO - [2023-10-14T11:08:24.331+0000] {dag.py:2941} INFO - Sync 1 DAGs
[2023-10-14T11:08:24.347+0000] {logging_mixin.py:151} INFO - [2023-10-14T11:08:24.347+0000] {dag.py:3722} INFO - Setting next_dagrun for example_bash_operator to 2023-10-13T00:00:00+00:00, run_after=2023-10-14T00:00:00+00:00
[2023-10-14T11:08:24.358+0000] {processor.py:179} INFO - Processing /home/airflow/.local/lib/python3.8/site-packages/airflow/example_dags/example_bash_operator.py took 0.099 seconds
[2023-10-14T11:08:54.902+0000] {processor.py:157} INFO - Started process (PID=1526) to work on /home/airflow/.local/lib/python3.8/site-packages/airflow/example_dags/example_bash_operator.py
[2023-10-14T11:08:54.911+0000] {processor.py:829} INFO - Processing file /home/airflow/.local/lib/python3.8/site-packages/airflow/example_dags/example_bash_operator.py for tasks to queue
[2023-10-14T11:08:54.923+0000] {logging_mixin.py:151} INFO - [2023-10-14T11:08:54.922+0000] {dagbag.py:536} INFO - Filling up the DagBag from /home/airflow/.local/lib/python3.8/site-packages/airflow/example_dags/example_bash_operator.py
[2023-10-14T11:08:54.948+0000] {processor.py:839} INFO - DAG(s) dict_keys(['example_bash_operator']) retrieved from /home/airflow/.local/lib/python3.8/site-packages/airflow/example_dags/example_bash_operator.py
[2023-10-14T11:08:54.975+0000] {logging_mixin.py:151} INFO - [2023-10-14T11:08:54.975+0000] {dag.py:2941} INFO - Sync 1 DAGs
[2023-10-14T11:08:54.996+0000] {logging_mixin.py:151} INFO - [2023-10-14T11:08:54.996+0000] {dag.py:3722} INFO - Setting next_dagrun for example_bash_operator to 2023-10-13T00:00:00+00:00, run_after=2023-10-14T00:00:00+00:00
[2023-10-14T11:08:55.007+0000] {processor.py:179} INFO - Processing /home/airflow/.local/lib/python3.8/site-packages/airflow/example_dags/example_bash_operator.py took 0.120 seconds
[2023-10-14T11:09:25.344+0000] {processor.py:157} INFO - Started process (PID=1581) to work on /home/airflow/.local/lib/python3.8/site-packages/airflow/example_dags/example_bash_operator.py
[2023-10-14T11:09:25.346+0000] {processor.py:829} INFO - Processing file /home/airflow/.local/lib/python3.8/site-packages/airflow/example_dags/example_bash_operator.py for tasks to queue
[2023-10-14T11:09:25.351+0000] {logging_mixin.py:151} INFO - [2023-10-14T11:09:25.350+0000] {dagbag.py:536} INFO - Filling up the DagBag from /home/airflow/.local/lib/python3.8/site-packages/airflow/example_dags/example_bash_operator.py
[2023-10-14T11:09:25.368+0000] {processor.py:839} INFO - DAG(s) dict_keys(['example_bash_operator']) retrieved from /home/airflow/.local/lib/python3.8/site-packages/airflow/example_dags/example_bash_operator.py
[2023-10-14T11:09:25.385+0000] {logging_mixin.py:151} INFO - [2023-10-14T11:09:25.385+0000] {dag.py:2941} INFO - Sync 1 DAGs
[2023-10-14T11:09:25.402+0000] {logging_mixin.py:151} INFO - [2023-10-14T11:09:25.402+0000] {dag.py:3722} INFO - Setting next_dagrun for example_bash_operator to 2023-10-13T00:00:00+00:00, run_after=2023-10-14T00:00:00+00:00
[2023-10-14T11:09:25.412+0000] {processor.py:179} INFO - Processing /home/airflow/.local/lib/python3.8/site-packages/airflow/example_dags/example_bash_operator.py took 0.073 seconds
