[2023-10-14T10:55:16.218+0000] {processor.py:157} INFO - Started process (PID=60) to work on /home/airflow/.local/lib/python3.8/site-packages/airflow/example_dags/example_branch_labels.py
[2023-10-14T10:55:16.232+0000] {processor.py:829} INFO - Processing file /home/airflow/.local/lib/python3.8/site-packages/airflow/example_dags/example_branch_labels.py for tasks to queue
[2023-10-14T10:55:16.266+0000] {logging_mixin.py:151} INFO - [2023-10-14T10:55:16.265+0000] {dagbag.py:536} INFO - Filling up the DagBag from /home/airflow/.local/lib/python3.8/site-packages/airflow/example_dags/example_branch_labels.py
[2023-10-14T10:55:16.290+0000] {processor.py:839} INFO - DAG(s) dict_keys(['example_branch_labels']) retrieved from /home/airflow/.local/lib/python3.8/site-packages/airflow/example_dags/example_branch_labels.py
[2023-10-14T10:55:16.317+0000] {logging_mixin.py:151} INFO - [2023-10-14T10:55:16.317+0000] {dag.py:2941} INFO - Sync 1 DAGs
[2023-10-14T10:55:16.351+0000] {logging_mixin.py:151} INFO - [2023-10-14T10:55:16.350+0000] {dag.py:3722} INFO - Setting next_dagrun for example_branch_labels to 2023-10-13T00:00:00+00:00, run_after=2023-10-14T00:00:00+00:00
[2023-10-14T10:55:16.367+0000] {processor.py:179} INFO - Processing /home/airflow/.local/lib/python3.8/site-packages/airflow/example_dags/example_branch_labels.py took 0.153 seconds
[2023-10-14T10:55:46.746+0000] {processor.py:157} INFO - Started process (PID=115) to work on /home/airflow/.local/lib/python3.8/site-packages/airflow/example_dags/example_branch_labels.py
[2023-10-14T10:55:46.747+0000] {processor.py:829} INFO - Processing file /home/airflow/.local/lib/python3.8/site-packages/airflow/example_dags/example_branch_labels.py for tasks to queue
[2023-10-14T10:55:46.749+0000] {logging_mixin.py:151} INFO - [2023-10-14T10:55:46.749+0000] {dagbag.py:536} INFO - Filling up the DagBag from /home/airflow/.local/lib/python3.8/site-packages/airflow/example_dags/example_branch_labels.py
[2023-10-14T10:55:46.754+0000] {processor.py:839} INFO - DAG(s) dict_keys(['example_branch_labels']) retrieved from /home/airflow/.local/lib/python3.8/site-packages/airflow/example_dags/example_branch_labels.py
[2023-10-14T10:55:46.768+0000] {logging_mixin.py:151} INFO - [2023-10-14T10:55:46.767+0000] {dag.py:2941} INFO - Sync 1 DAGs
[2023-10-14T10:55:46.780+0000] {logging_mixin.py:151} INFO - [2023-10-14T10:55:46.780+0000] {dag.py:3722} INFO - Setting next_dagrun for example_branch_labels to 2023-10-13T00:00:00+00:00, run_after=2023-10-14T00:00:00+00:00
[2023-10-14T10:55:46.789+0000] {processor.py:179} INFO - Processing /home/airflow/.local/lib/python3.8/site-packages/airflow/example_dags/example_branch_labels.py took 0.045 seconds
[2023-10-14T10:56:17.212+0000] {processor.py:157} INFO - Started process (PID=170) to work on /home/airflow/.local/lib/python3.8/site-packages/airflow/example_dags/example_branch_labels.py
[2023-10-14T10:56:17.213+0000] {processor.py:829} INFO - Processing file /home/airflow/.local/lib/python3.8/site-packages/airflow/example_dags/example_branch_labels.py for tasks to queue
[2023-10-14T10:56:17.214+0000] {logging_mixin.py:151} INFO - [2023-10-14T10:56:17.214+0000] {dagbag.py:536} INFO - Filling up the DagBag from /home/airflow/.local/lib/python3.8/site-packages/airflow/example_dags/example_branch_labels.py
[2023-10-14T10:56:17.219+0000] {processor.py:839} INFO - DAG(s) dict_keys(['example_branch_labels']) retrieved from /home/airflow/.local/lib/python3.8/site-packages/airflow/example_dags/example_branch_labels.py
[2023-10-14T10:56:17.232+0000] {logging_mixin.py:151} INFO - [2023-10-14T10:56:17.232+0000] {dag.py:2941} INFO - Sync 1 DAGs
[2023-10-14T10:56:17.243+0000] {logging_mixin.py:151} INFO - [2023-10-14T10:56:17.243+0000] {dag.py:3722} INFO - Setting next_dagrun for example_branch_labels to 2023-10-13T00:00:00+00:00, run_after=2023-10-14T00:00:00+00:00
[2023-10-14T10:56:17.252+0000] {processor.py:179} INFO - Processing /home/airflow/.local/lib/python3.8/site-packages/airflow/example_dags/example_branch_labels.py took 0.042 seconds
[2023-10-14T10:56:47.537+0000] {processor.py:157} INFO - Started process (PID=225) to work on /home/airflow/.local/lib/python3.8/site-packages/airflow/example_dags/example_branch_labels.py
[2023-10-14T10:56:47.538+0000] {processor.py:829} INFO - Processing file /home/airflow/.local/lib/python3.8/site-packages/airflow/example_dags/example_branch_labels.py for tasks to queue
[2023-10-14T10:56:47.540+0000] {logging_mixin.py:151} INFO - [2023-10-14T10:56:47.539+0000] {dagbag.py:536} INFO - Filling up the DagBag from /home/airflow/.local/lib/python3.8/site-packages/airflow/example_dags/example_branch_labels.py
[2023-10-14T10:56:47.545+0000] {processor.py:839} INFO - DAG(s) dict_keys(['example_branch_labels']) retrieved from /home/airflow/.local/lib/python3.8/site-packages/airflow/example_dags/example_branch_labels.py
[2023-10-14T10:56:47.558+0000] {logging_mixin.py:151} INFO - [2023-10-14T10:56:47.558+0000] {dag.py:2941} INFO - Sync 1 DAGs
[2023-10-14T10:56:47.570+0000] {logging_mixin.py:151} INFO - [2023-10-14T10:56:47.570+0000] {dag.py:3722} INFO - Setting next_dagrun for example_branch_labels to 2023-10-13T00:00:00+00:00, run_after=2023-10-14T00:00:00+00:00
[2023-10-14T10:56:47.579+0000] {processor.py:179} INFO - Processing /home/airflow/.local/lib/python3.8/site-packages/airflow/example_dags/example_branch_labels.py took 0.044 seconds
[2023-10-14T10:57:17.844+0000] {processor.py:157} INFO - Started process (PID=280) to work on /home/airflow/.local/lib/python3.8/site-packages/airflow/example_dags/example_branch_labels.py
[2023-10-14T10:57:17.845+0000] {processor.py:829} INFO - Processing file /home/airflow/.local/lib/python3.8/site-packages/airflow/example_dags/example_branch_labels.py for tasks to queue
[2023-10-14T10:57:17.846+0000] {logging_mixin.py:151} INFO - [2023-10-14T10:57:17.846+0000] {dagbag.py:536} INFO - Filling up the DagBag from /home/airflow/.local/lib/python3.8/site-packages/airflow/example_dags/example_branch_labels.py
[2023-10-14T10:57:17.851+0000] {processor.py:839} INFO - DAG(s) dict_keys(['example_branch_labels']) retrieved from /home/airflow/.local/lib/python3.8/site-packages/airflow/example_dags/example_branch_labels.py
[2023-10-14T10:57:17.865+0000] {logging_mixin.py:151} INFO - [2023-10-14T10:57:17.865+0000] {dag.py:2941} INFO - Sync 1 DAGs
[2023-10-14T10:57:17.878+0000] {logging_mixin.py:151} INFO - [2023-10-14T10:57:17.878+0000] {dag.py:3722} INFO - Setting next_dagrun for example_branch_labels to 2023-10-13T00:00:00+00:00, run_after=2023-10-14T00:00:00+00:00
[2023-10-14T10:57:17.888+0000] {processor.py:179} INFO - Processing /home/airflow/.local/lib/python3.8/site-packages/airflow/example_dags/example_branch_labels.py took 0.047 seconds
[2023-10-14T10:57:48.093+0000] {processor.py:157} INFO - Started process (PID=335) to work on /home/airflow/.local/lib/python3.8/site-packages/airflow/example_dags/example_branch_labels.py
[2023-10-14T10:57:48.094+0000] {processor.py:829} INFO - Processing file /home/airflow/.local/lib/python3.8/site-packages/airflow/example_dags/example_branch_labels.py for tasks to queue
[2023-10-14T10:57:48.095+0000] {logging_mixin.py:151} INFO - [2023-10-14T10:57:48.095+0000] {dagbag.py:536} INFO - Filling up the DagBag from /home/airflow/.local/lib/python3.8/site-packages/airflow/example_dags/example_branch_labels.py
[2023-10-14T10:57:48.102+0000] {processor.py:839} INFO - DAG(s) dict_keys(['example_branch_labels']) retrieved from /home/airflow/.local/lib/python3.8/site-packages/airflow/example_dags/example_branch_labels.py
[2023-10-14T10:57:48.120+0000] {logging_mixin.py:151} INFO - [2023-10-14T10:57:48.120+0000] {dag.py:2941} INFO - Sync 1 DAGs
[2023-10-14T10:57:48.133+0000] {logging_mixin.py:151} INFO - [2023-10-14T10:57:48.133+0000] {dag.py:3722} INFO - Setting next_dagrun for example_branch_labels to 2023-10-13T00:00:00+00:00, run_after=2023-10-14T00:00:00+00:00
[2023-10-14T10:57:48.144+0000] {processor.py:179} INFO - Processing /home/airflow/.local/lib/python3.8/site-packages/airflow/example_dags/example_branch_labels.py took 0.054 seconds
[2023-10-14T10:58:18.625+0000] {processor.py:157} INFO - Started process (PID=391) to work on /home/airflow/.local/lib/python3.8/site-packages/airflow/example_dags/example_branch_labels.py
[2023-10-14T10:58:18.626+0000] {processor.py:829} INFO - Processing file /home/airflow/.local/lib/python3.8/site-packages/airflow/example_dags/example_branch_labels.py for tasks to queue
[2023-10-14T10:58:18.628+0000] {logging_mixin.py:151} INFO - [2023-10-14T10:58:18.628+0000] {dagbag.py:536} INFO - Filling up the DagBag from /home/airflow/.local/lib/python3.8/site-packages/airflow/example_dags/example_branch_labels.py
[2023-10-14T10:58:18.633+0000] {processor.py:839} INFO - DAG(s) dict_keys(['example_branch_labels']) retrieved from /home/airflow/.local/lib/python3.8/site-packages/airflow/example_dags/example_branch_labels.py
[2023-10-14T10:58:18.646+0000] {logging_mixin.py:151} INFO - [2023-10-14T10:58:18.645+0000] {dag.py:2941} INFO - Sync 1 DAGs
[2023-10-14T10:58:18.657+0000] {logging_mixin.py:151} INFO - [2023-10-14T10:58:18.657+0000] {dag.py:3722} INFO - Setting next_dagrun for example_branch_labels to 2023-10-13T00:00:00+00:00, run_after=2023-10-14T00:00:00+00:00
[2023-10-14T10:58:18.666+0000] {processor.py:179} INFO - Processing /home/airflow/.local/lib/python3.8/site-packages/airflow/example_dags/example_branch_labels.py took 0.043 seconds
[2023-10-14T10:58:48.881+0000] {processor.py:157} INFO - Started process (PID=446) to work on /home/airflow/.local/lib/python3.8/site-packages/airflow/example_dags/example_branch_labels.py
[2023-10-14T10:58:48.882+0000] {processor.py:829} INFO - Processing file /home/airflow/.local/lib/python3.8/site-packages/airflow/example_dags/example_branch_labels.py for tasks to queue
[2023-10-14T10:58:48.883+0000] {logging_mixin.py:151} INFO - [2023-10-14T10:58:48.883+0000] {dagbag.py:536} INFO - Filling up the DagBag from /home/airflow/.local/lib/python3.8/site-packages/airflow/example_dags/example_branch_labels.py
[2023-10-14T10:58:48.888+0000] {processor.py:839} INFO - DAG(s) dict_keys(['example_branch_labels']) retrieved from /home/airflow/.local/lib/python3.8/site-packages/airflow/example_dags/example_branch_labels.py
[2023-10-14T10:58:48.901+0000] {logging_mixin.py:151} INFO - [2023-10-14T10:58:48.901+0000] {dag.py:2941} INFO - Sync 1 DAGs
[2023-10-14T10:58:48.914+0000] {logging_mixin.py:151} INFO - [2023-10-14T10:58:48.914+0000] {dag.py:3722} INFO - Setting next_dagrun for example_branch_labels to 2023-10-13T00:00:00+00:00, run_after=2023-10-14T00:00:00+00:00
[2023-10-14T10:58:48.923+0000] {processor.py:179} INFO - Processing /home/airflow/.local/lib/python3.8/site-packages/airflow/example_dags/example_branch_labels.py took 0.044 seconds
[2023-10-14T10:59:19.341+0000] {processor.py:157} INFO - Started process (PID=500) to work on /home/airflow/.local/lib/python3.8/site-packages/airflow/example_dags/example_branch_labels.py
[2023-10-14T10:59:19.342+0000] {processor.py:829} INFO - Processing file /home/airflow/.local/lib/python3.8/site-packages/airflow/example_dags/example_branch_labels.py for tasks to queue
[2023-10-14T10:59:19.344+0000] {logging_mixin.py:151} INFO - [2023-10-14T10:59:19.344+0000] {dagbag.py:536} INFO - Filling up the DagBag from /home/airflow/.local/lib/python3.8/site-packages/airflow/example_dags/example_branch_labels.py
[2023-10-14T10:59:19.349+0000] {processor.py:839} INFO - DAG(s) dict_keys(['example_branch_labels']) retrieved from /home/airflow/.local/lib/python3.8/site-packages/airflow/example_dags/example_branch_labels.py
[2023-10-14T10:59:19.365+0000] {logging_mixin.py:151} INFO - [2023-10-14T10:59:19.364+0000] {dag.py:2941} INFO - Sync 1 DAGs
[2023-10-14T10:59:19.378+0000] {logging_mixin.py:151} INFO - [2023-10-14T10:59:19.378+0000] {dag.py:3722} INFO - Setting next_dagrun for example_branch_labels to 2023-10-13T00:00:00+00:00, run_after=2023-10-14T00:00:00+00:00
[2023-10-14T10:59:19.388+0000] {processor.py:179} INFO - Processing /home/airflow/.local/lib/python3.8/site-packages/airflow/example_dags/example_branch_labels.py took 0.050 seconds
[2023-10-14T10:59:50.308+0000] {processor.py:157} INFO - Started process (PID=556) to work on /home/airflow/.local/lib/python3.8/site-packages/airflow/example_dags/example_branch_labels.py
[2023-10-14T10:59:50.309+0000] {processor.py:829} INFO - Processing file /home/airflow/.local/lib/python3.8/site-packages/airflow/example_dags/example_branch_labels.py for tasks to queue
[2023-10-14T10:59:50.311+0000] {logging_mixin.py:151} INFO - [2023-10-14T10:59:50.311+0000] {dagbag.py:536} INFO - Filling up the DagBag from /home/airflow/.local/lib/python3.8/site-packages/airflow/example_dags/example_branch_labels.py
[2023-10-14T10:59:50.315+0000] {processor.py:839} INFO - DAG(s) dict_keys(['example_branch_labels']) retrieved from /home/airflow/.local/lib/python3.8/site-packages/airflow/example_dags/example_branch_labels.py
[2023-10-14T10:59:50.328+0000] {logging_mixin.py:151} INFO - [2023-10-14T10:59:50.328+0000] {dag.py:2941} INFO - Sync 1 DAGs
[2023-10-14T10:59:50.339+0000] {logging_mixin.py:151} INFO - [2023-10-14T10:59:50.339+0000] {dag.py:3722} INFO - Setting next_dagrun for example_branch_labels to 2023-10-13T00:00:00+00:00, run_after=2023-10-14T00:00:00+00:00
[2023-10-14T10:59:50.348+0000] {processor.py:179} INFO - Processing /home/airflow/.local/lib/python3.8/site-packages/airflow/example_dags/example_branch_labels.py took 0.042 seconds
[2023-10-14T11:00:20.577+0000] {processor.py:157} INFO - Started process (PID=611) to work on /home/airflow/.local/lib/python3.8/site-packages/airflow/example_dags/example_branch_labels.py
[2023-10-14T11:00:20.578+0000] {processor.py:829} INFO - Processing file /home/airflow/.local/lib/python3.8/site-packages/airflow/example_dags/example_branch_labels.py for tasks to queue
[2023-10-14T11:00:20.579+0000] {logging_mixin.py:151} INFO - [2023-10-14T11:00:20.579+0000] {dagbag.py:536} INFO - Filling up the DagBag from /home/airflow/.local/lib/python3.8/site-packages/airflow/example_dags/example_branch_labels.py
[2023-10-14T11:00:20.584+0000] {processor.py:839} INFO - DAG(s) dict_keys(['example_branch_labels']) retrieved from /home/airflow/.local/lib/python3.8/site-packages/airflow/example_dags/example_branch_labels.py
[2023-10-14T11:00:20.598+0000] {logging_mixin.py:151} INFO - [2023-10-14T11:00:20.598+0000] {dag.py:2941} INFO - Sync 1 DAGs
[2023-10-14T11:00:20.610+0000] {logging_mixin.py:151} INFO - [2023-10-14T11:00:20.610+0000] {dag.py:3722} INFO - Setting next_dagrun for example_branch_labels to 2023-10-13T00:00:00+00:00, run_after=2023-10-14T00:00:00+00:00
[2023-10-14T11:00:20.620+0000] {processor.py:179} INFO - Processing /home/airflow/.local/lib/python3.8/site-packages/airflow/example_dags/example_branch_labels.py took 0.045 seconds
[2023-10-14T11:00:50.795+0000] {processor.py:157} INFO - Started process (PID=666) to work on /home/airflow/.local/lib/python3.8/site-packages/airflow/example_dags/example_branch_labels.py
[2023-10-14T11:00:50.796+0000] {processor.py:829} INFO - Processing file /home/airflow/.local/lib/python3.8/site-packages/airflow/example_dags/example_branch_labels.py for tasks to queue
[2023-10-14T11:00:50.797+0000] {logging_mixin.py:151} INFO - [2023-10-14T11:00:50.797+0000] {dagbag.py:536} INFO - Filling up the DagBag from /home/airflow/.local/lib/python3.8/site-packages/airflow/example_dags/example_branch_labels.py
[2023-10-14T11:00:50.803+0000] {processor.py:839} INFO - DAG(s) dict_keys(['example_branch_labels']) retrieved from /home/airflow/.local/lib/python3.8/site-packages/airflow/example_dags/example_branch_labels.py
[2023-10-14T11:00:50.816+0000] {logging_mixin.py:151} INFO - [2023-10-14T11:00:50.816+0000] {dag.py:2941} INFO - Sync 1 DAGs
[2023-10-14T11:00:50.828+0000] {logging_mixin.py:151} INFO - [2023-10-14T11:00:50.828+0000] {dag.py:3722} INFO - Setting next_dagrun for example_branch_labels to 2023-10-13T00:00:00+00:00, run_after=2023-10-14T00:00:00+00:00
[2023-10-14T11:00:50.837+0000] {processor.py:179} INFO - Processing /home/airflow/.local/lib/python3.8/site-packages/airflow/example_dags/example_branch_labels.py took 0.045 seconds
[2023-10-14T11:01:21.107+0000] {processor.py:157} INFO - Started process (PID=721) to work on /home/airflow/.local/lib/python3.8/site-packages/airflow/example_dags/example_branch_labels.py
[2023-10-14T11:01:21.108+0000] {processor.py:829} INFO - Processing file /home/airflow/.local/lib/python3.8/site-packages/airflow/example_dags/example_branch_labels.py for tasks to queue
[2023-10-14T11:01:21.109+0000] {logging_mixin.py:151} INFO - [2023-10-14T11:01:21.109+0000] {dagbag.py:536} INFO - Filling up the DagBag from /home/airflow/.local/lib/python3.8/site-packages/airflow/example_dags/example_branch_labels.py
[2023-10-14T11:01:21.114+0000] {processor.py:839} INFO - DAG(s) dict_keys(['example_branch_labels']) retrieved from /home/airflow/.local/lib/python3.8/site-packages/airflow/example_dags/example_branch_labels.py
[2023-10-14T11:01:21.130+0000] {logging_mixin.py:151} INFO - [2023-10-14T11:01:21.129+0000] {dag.py:2941} INFO - Sync 1 DAGs
[2023-10-14T11:01:21.143+0000] {logging_mixin.py:151} INFO - [2023-10-14T11:01:21.143+0000] {dag.py:3722} INFO - Setting next_dagrun for example_branch_labels to 2023-10-13T00:00:00+00:00, run_after=2023-10-14T00:00:00+00:00
[2023-10-14T11:01:21.153+0000] {processor.py:179} INFO - Processing /home/airflow/.local/lib/python3.8/site-packages/airflow/example_dags/example_branch_labels.py took 0.048 seconds
[2023-10-14T11:01:51.490+0000] {processor.py:157} INFO - Started process (PID=778) to work on /home/airflow/.local/lib/python3.8/site-packages/airflow/example_dags/example_branch_labels.py
[2023-10-14T11:01:51.490+0000] {processor.py:829} INFO - Processing file /home/airflow/.local/lib/python3.8/site-packages/airflow/example_dags/example_branch_labels.py for tasks to queue
[2023-10-14T11:01:51.492+0000] {logging_mixin.py:151} INFO - [2023-10-14T11:01:51.492+0000] {dagbag.py:536} INFO - Filling up the DagBag from /home/airflow/.local/lib/python3.8/site-packages/airflow/example_dags/example_branch_labels.py
[2023-10-14T11:01:51.497+0000] {processor.py:839} INFO - DAG(s) dict_keys(['example_branch_labels']) retrieved from /home/airflow/.local/lib/python3.8/site-packages/airflow/example_dags/example_branch_labels.py
[2023-10-14T11:01:51.511+0000] {logging_mixin.py:151} INFO - [2023-10-14T11:01:51.511+0000] {dag.py:2941} INFO - Sync 1 DAGs
[2023-10-14T11:01:51.524+0000] {logging_mixin.py:151} INFO - [2023-10-14T11:01:51.524+0000] {dag.py:3722} INFO - Setting next_dagrun for example_branch_labels to 2023-10-13T00:00:00+00:00, run_after=2023-10-14T00:00:00+00:00
[2023-10-14T11:01:51.535+0000] {processor.py:179} INFO - Processing /home/airflow/.local/lib/python3.8/site-packages/airflow/example_dags/example_branch_labels.py took 0.047 seconds
[2023-10-14T11:02:22.107+0000] {processor.py:157} INFO - Started process (PID=834) to work on /home/airflow/.local/lib/python3.8/site-packages/airflow/example_dags/example_branch_labels.py
[2023-10-14T11:02:22.108+0000] {processor.py:829} INFO - Processing file /home/airflow/.local/lib/python3.8/site-packages/airflow/example_dags/example_branch_labels.py for tasks to queue
[2023-10-14T11:02:22.110+0000] {logging_mixin.py:151} INFO - [2023-10-14T11:02:22.110+0000] {dagbag.py:536} INFO - Filling up the DagBag from /home/airflow/.local/lib/python3.8/site-packages/airflow/example_dags/example_branch_labels.py
[2023-10-14T11:02:22.116+0000] {processor.py:839} INFO - DAG(s) dict_keys(['example_branch_labels']) retrieved from /home/airflow/.local/lib/python3.8/site-packages/airflow/example_dags/example_branch_labels.py
[2023-10-14T11:02:22.134+0000] {logging_mixin.py:151} INFO - [2023-10-14T11:02:22.133+0000] {dag.py:2941} INFO - Sync 1 DAGs
[2023-10-14T11:02:22.148+0000] {logging_mixin.py:151} INFO - [2023-10-14T11:02:22.148+0000] {dag.py:3722} INFO - Setting next_dagrun for example_branch_labels to 2023-10-13T00:00:00+00:00, run_after=2023-10-14T00:00:00+00:00
[2023-10-14T11:02:22.159+0000] {processor.py:179} INFO - Processing /home/airflow/.local/lib/python3.8/site-packages/airflow/example_dags/example_branch_labels.py took 0.055 seconds
[2023-10-14T11:02:52.436+0000] {processor.py:157} INFO - Started process (PID=888) to work on /home/airflow/.local/lib/python3.8/site-packages/airflow/example_dags/example_branch_labels.py
[2023-10-14T11:02:52.438+0000] {processor.py:829} INFO - Processing file /home/airflow/.local/lib/python3.8/site-packages/airflow/example_dags/example_branch_labels.py for tasks to queue
[2023-10-14T11:02:52.439+0000] {logging_mixin.py:151} INFO - [2023-10-14T11:02:52.439+0000] {dagbag.py:536} INFO - Filling up the DagBag from /home/airflow/.local/lib/python3.8/site-packages/airflow/example_dags/example_branch_labels.py
[2023-10-14T11:02:52.444+0000] {processor.py:839} INFO - DAG(s) dict_keys(['example_branch_labels']) retrieved from /home/airflow/.local/lib/python3.8/site-packages/airflow/example_dags/example_branch_labels.py
[2023-10-14T11:02:52.457+0000] {logging_mixin.py:151} INFO - [2023-10-14T11:02:52.457+0000] {dag.py:2941} INFO - Sync 1 DAGs
[2023-10-14T11:02:52.469+0000] {logging_mixin.py:151} INFO - [2023-10-14T11:02:52.469+0000] {dag.py:3722} INFO - Setting next_dagrun for example_branch_labels to 2023-10-13T00:00:00+00:00, run_after=2023-10-14T00:00:00+00:00
[2023-10-14T11:02:52.478+0000] {processor.py:179} INFO - Processing /home/airflow/.local/lib/python3.8/site-packages/airflow/example_dags/example_branch_labels.py took 0.044 seconds
[2023-10-14T11:03:22.905+0000] {processor.py:157} INFO - Started process (PID=945) to work on /home/airflow/.local/lib/python3.8/site-packages/airflow/example_dags/example_branch_labels.py
[2023-10-14T11:03:22.906+0000] {processor.py:829} INFO - Processing file /home/airflow/.local/lib/python3.8/site-packages/airflow/example_dags/example_branch_labels.py for tasks to queue
[2023-10-14T11:03:22.908+0000] {logging_mixin.py:151} INFO - [2023-10-14T11:03:22.908+0000] {dagbag.py:536} INFO - Filling up the DagBag from /home/airflow/.local/lib/python3.8/site-packages/airflow/example_dags/example_branch_labels.py
[2023-10-14T11:03:22.914+0000] {processor.py:839} INFO - DAG(s) dict_keys(['example_branch_labels']) retrieved from /home/airflow/.local/lib/python3.8/site-packages/airflow/example_dags/example_branch_labels.py
[2023-10-14T11:03:22.932+0000] {logging_mixin.py:151} INFO - [2023-10-14T11:03:22.932+0000] {dag.py:2941} INFO - Sync 1 DAGs
[2023-10-14T11:03:22.944+0000] {logging_mixin.py:151} INFO - [2023-10-14T11:03:22.944+0000] {dag.py:3722} INFO - Setting next_dagrun for example_branch_labels to 2023-10-13T00:00:00+00:00, run_after=2023-10-14T00:00:00+00:00
[2023-10-14T11:03:22.961+0000] {processor.py:179} INFO - Processing /home/airflow/.local/lib/python3.8/site-packages/airflow/example_dags/example_branch_labels.py took 0.059 seconds
[2023-10-14T11:03:53.337+0000] {processor.py:157} INFO - Started process (PID=1000) to work on /home/airflow/.local/lib/python3.8/site-packages/airflow/example_dags/example_branch_labels.py
[2023-10-14T11:03:53.338+0000] {processor.py:829} INFO - Processing file /home/airflow/.local/lib/python3.8/site-packages/airflow/example_dags/example_branch_labels.py for tasks to queue
[2023-10-14T11:03:53.339+0000] {logging_mixin.py:151} INFO - [2023-10-14T11:03:53.339+0000] {dagbag.py:536} INFO - Filling up the DagBag from /home/airflow/.local/lib/python3.8/site-packages/airflow/example_dags/example_branch_labels.py
[2023-10-14T11:03:53.343+0000] {processor.py:839} INFO - DAG(s) dict_keys(['example_branch_labels']) retrieved from /home/airflow/.local/lib/python3.8/site-packages/airflow/example_dags/example_branch_labels.py
[2023-10-14T11:03:53.354+0000] {logging_mixin.py:151} INFO - [2023-10-14T11:03:53.354+0000] {dag.py:2941} INFO - Sync 1 DAGs
[2023-10-14T11:03:53.366+0000] {logging_mixin.py:151} INFO - [2023-10-14T11:03:53.365+0000] {dag.py:3722} INFO - Setting next_dagrun for example_branch_labels to 2023-10-13T00:00:00+00:00, run_after=2023-10-14T00:00:00+00:00
[2023-10-14T11:03:53.374+0000] {processor.py:179} INFO - Processing /home/airflow/.local/lib/python3.8/site-packages/airflow/example_dags/example_branch_labels.py took 0.040 seconds
[2023-10-14T11:04:23.816+0000] {processor.py:157} INFO - Started process (PID=1056) to work on /home/airflow/.local/lib/python3.8/site-packages/airflow/example_dags/example_branch_labels.py
[2023-10-14T11:04:23.817+0000] {processor.py:829} INFO - Processing file /home/airflow/.local/lib/python3.8/site-packages/airflow/example_dags/example_branch_labels.py for tasks to queue
[2023-10-14T11:04:23.819+0000] {logging_mixin.py:151} INFO - [2023-10-14T11:04:23.818+0000] {dagbag.py:536} INFO - Filling up the DagBag from /home/airflow/.local/lib/python3.8/site-packages/airflow/example_dags/example_branch_labels.py
[2023-10-14T11:04:23.824+0000] {processor.py:839} INFO - DAG(s) dict_keys(['example_branch_labels']) retrieved from /home/airflow/.local/lib/python3.8/site-packages/airflow/example_dags/example_branch_labels.py
[2023-10-14T11:04:23.837+0000] {logging_mixin.py:151} INFO - [2023-10-14T11:04:23.837+0000] {dag.py:2941} INFO - Sync 1 DAGs
[2023-10-14T11:04:23.849+0000] {logging_mixin.py:151} INFO - [2023-10-14T11:04:23.849+0000] {dag.py:3722} INFO - Setting next_dagrun for example_branch_labels to 2023-10-13T00:00:00+00:00, run_after=2023-10-14T00:00:00+00:00
[2023-10-14T11:04:23.858+0000] {processor.py:179} INFO - Processing /home/airflow/.local/lib/python3.8/site-packages/airflow/example_dags/example_branch_labels.py took 0.044 seconds
[2023-10-14T11:04:54.125+0000] {processor.py:157} INFO - Started process (PID=1111) to work on /home/airflow/.local/lib/python3.8/site-packages/airflow/example_dags/example_branch_labels.py
[2023-10-14T11:04:54.126+0000] {processor.py:829} INFO - Processing file /home/airflow/.local/lib/python3.8/site-packages/airflow/example_dags/example_branch_labels.py for tasks to queue
[2023-10-14T11:04:54.127+0000] {logging_mixin.py:151} INFO - [2023-10-14T11:04:54.127+0000] {dagbag.py:536} INFO - Filling up the DagBag from /home/airflow/.local/lib/python3.8/site-packages/airflow/example_dags/example_branch_labels.py
[2023-10-14T11:04:54.131+0000] {processor.py:839} INFO - DAG(s) dict_keys(['example_branch_labels']) retrieved from /home/airflow/.local/lib/python3.8/site-packages/airflow/example_dags/example_branch_labels.py
[2023-10-14T11:04:54.143+0000] {logging_mixin.py:151} INFO - [2023-10-14T11:04:54.143+0000] {dag.py:2941} INFO - Sync 1 DAGs
[2023-10-14T11:04:54.155+0000] {logging_mixin.py:151} INFO - [2023-10-14T11:04:54.155+0000] {dag.py:3722} INFO - Setting next_dagrun for example_branch_labels to 2023-10-13T00:00:00+00:00, run_after=2023-10-14T00:00:00+00:00
[2023-10-14T11:04:54.164+0000] {processor.py:179} INFO - Processing /home/airflow/.local/lib/python3.8/site-packages/airflow/example_dags/example_branch_labels.py took 0.041 seconds
[2023-10-14T11:05:24.240+0000] {processor.py:157} INFO - Started process (PID=1165) to work on /home/airflow/.local/lib/python3.8/site-packages/airflow/example_dags/example_branch_labels.py
[2023-10-14T11:05:24.241+0000] {processor.py:829} INFO - Processing file /home/airflow/.local/lib/python3.8/site-packages/airflow/example_dags/example_branch_labels.py for tasks to queue
[2023-10-14T11:05:24.242+0000] {logging_mixin.py:151} INFO - [2023-10-14T11:05:24.242+0000] {dagbag.py:536} INFO - Filling up the DagBag from /home/airflow/.local/lib/python3.8/site-packages/airflow/example_dags/example_branch_labels.py
[2023-10-14T11:05:24.247+0000] {processor.py:839} INFO - DAG(s) dict_keys(['example_branch_labels']) retrieved from /home/airflow/.local/lib/python3.8/site-packages/airflow/example_dags/example_branch_labels.py
[2023-10-14T11:05:24.260+0000] {logging_mixin.py:151} INFO - [2023-10-14T11:05:24.260+0000] {dag.py:2941} INFO - Sync 1 DAGs
[2023-10-14T11:05:24.272+0000] {logging_mixin.py:151} INFO - [2023-10-14T11:05:24.272+0000] {dag.py:3722} INFO - Setting next_dagrun for example_branch_labels to 2023-10-13T00:00:00+00:00, run_after=2023-10-14T00:00:00+00:00
[2023-10-14T11:05:24.280+0000] {processor.py:179} INFO - Processing /home/airflow/.local/lib/python3.8/site-packages/airflow/example_dags/example_branch_labels.py took 0.043 seconds
[2023-10-14T11:05:55.238+0000] {processor.py:157} INFO - Started process (PID=1221) to work on /home/airflow/.local/lib/python3.8/site-packages/airflow/example_dags/example_branch_labels.py
[2023-10-14T11:05:55.239+0000] {processor.py:829} INFO - Processing file /home/airflow/.local/lib/python3.8/site-packages/airflow/example_dags/example_branch_labels.py for tasks to queue
[2023-10-14T11:05:55.241+0000] {logging_mixin.py:151} INFO - [2023-10-14T11:05:55.241+0000] {dagbag.py:536} INFO - Filling up the DagBag from /home/airflow/.local/lib/python3.8/site-packages/airflow/example_dags/example_branch_labels.py
[2023-10-14T11:05:55.247+0000] {processor.py:839} INFO - DAG(s) dict_keys(['example_branch_labels']) retrieved from /home/airflow/.local/lib/python3.8/site-packages/airflow/example_dags/example_branch_labels.py
[2023-10-14T11:05:55.263+0000] {logging_mixin.py:151} INFO - [2023-10-14T11:05:55.263+0000] {dag.py:2941} INFO - Sync 1 DAGs
[2023-10-14T11:05:55.277+0000] {logging_mixin.py:151} INFO - [2023-10-14T11:05:55.277+0000] {dag.py:3722} INFO - Setting next_dagrun for example_branch_labels to 2023-10-13T00:00:00+00:00, run_after=2023-10-14T00:00:00+00:00
[2023-10-14T11:05:55.288+0000] {processor.py:179} INFO - Processing /home/airflow/.local/lib/python3.8/site-packages/airflow/example_dags/example_branch_labels.py took 0.052 seconds
[2023-10-14T11:06:25.662+0000] {processor.py:157} INFO - Started process (PID=1277) to work on /home/airflow/.local/lib/python3.8/site-packages/airflow/example_dags/example_branch_labels.py
[2023-10-14T11:06:25.663+0000] {processor.py:829} INFO - Processing file /home/airflow/.local/lib/python3.8/site-packages/airflow/example_dags/example_branch_labels.py for tasks to queue
[2023-10-14T11:06:25.664+0000] {logging_mixin.py:151} INFO - [2023-10-14T11:06:25.664+0000] {dagbag.py:536} INFO - Filling up the DagBag from /home/airflow/.local/lib/python3.8/site-packages/airflow/example_dags/example_branch_labels.py
[2023-10-14T11:06:25.668+0000] {processor.py:839} INFO - DAG(s) dict_keys(['example_branch_labels']) retrieved from /home/airflow/.local/lib/python3.8/site-packages/airflow/example_dags/example_branch_labels.py
[2023-10-14T11:06:25.680+0000] {logging_mixin.py:151} INFO - [2023-10-14T11:06:25.680+0000] {dag.py:2941} INFO - Sync 1 DAGs
[2023-10-14T11:06:25.692+0000] {logging_mixin.py:151} INFO - [2023-10-14T11:06:25.692+0000] {dag.py:3722} INFO - Setting next_dagrun for example_branch_labels to 2023-10-13T00:00:00+00:00, run_after=2023-10-14T00:00:00+00:00
[2023-10-14T11:06:25.701+0000] {processor.py:179} INFO - Processing /home/airflow/.local/lib/python3.8/site-packages/airflow/example_dags/example_branch_labels.py took 0.042 seconds
[2023-10-14T11:06:56.010+0000] {processor.py:157} INFO - Started process (PID=1332) to work on /home/airflow/.local/lib/python3.8/site-packages/airflow/example_dags/example_branch_labels.py
[2023-10-14T11:06:56.011+0000] {processor.py:829} INFO - Processing file /home/airflow/.local/lib/python3.8/site-packages/airflow/example_dags/example_branch_labels.py for tasks to queue
[2023-10-14T11:06:56.012+0000] {logging_mixin.py:151} INFO - [2023-10-14T11:06:56.012+0000] {dagbag.py:536} INFO - Filling up the DagBag from /home/airflow/.local/lib/python3.8/site-packages/airflow/example_dags/example_branch_labels.py
[2023-10-14T11:06:56.017+0000] {processor.py:839} INFO - DAG(s) dict_keys(['example_branch_labels']) retrieved from /home/airflow/.local/lib/python3.8/site-packages/airflow/example_dags/example_branch_labels.py
[2023-10-14T11:06:56.034+0000] {logging_mixin.py:151} INFO - [2023-10-14T11:06:56.034+0000] {dag.py:2941} INFO - Sync 1 DAGs
[2023-10-14T11:06:56.047+0000] {logging_mixin.py:151} INFO - [2023-10-14T11:06:56.046+0000] {dag.py:3722} INFO - Setting next_dagrun for example_branch_labels to 2023-10-13T00:00:00+00:00, run_after=2023-10-14T00:00:00+00:00
[2023-10-14T11:06:56.056+0000] {processor.py:179} INFO - Processing /home/airflow/.local/lib/python3.8/site-packages/airflow/example_dags/example_branch_labels.py took 0.049 seconds
[2023-10-14T11:07:31.376+0000] {processor.py:157} INFO - Started process (PID=1391) to work on /home/airflow/.local/lib/python3.8/site-packages/airflow/example_dags/example_branch_labels.py
[2023-10-14T11:07:31.378+0000] {processor.py:829} INFO - Processing file /home/airflow/.local/lib/python3.8/site-packages/airflow/example_dags/example_branch_labels.py for tasks to queue
[2023-10-14T11:07:31.388+0000] {logging_mixin.py:151} INFO - [2023-10-14T11:07:31.387+0000] {dagbag.py:536} INFO - Filling up the DagBag from /home/airflow/.local/lib/python3.8/site-packages/airflow/example_dags/example_branch_labels.py
[2023-10-14T11:07:31.423+0000] {processor.py:839} INFO - DAG(s) dict_keys(['example_branch_labels']) retrieved from /home/airflow/.local/lib/python3.8/site-packages/airflow/example_dags/example_branch_labels.py
[2023-10-14T11:07:31.483+0000] {logging_mixin.py:151} INFO - [2023-10-14T11:07:31.483+0000] {dag.py:2941} INFO - Sync 1 DAGs
[2023-10-14T11:07:31.534+0000] {logging_mixin.py:151} INFO - [2023-10-14T11:07:31.533+0000] {dag.py:3722} INFO - Setting next_dagrun for example_branch_labels to 2023-10-13T00:00:00+00:00, run_after=2023-10-14T00:00:00+00:00
[2023-10-14T11:07:31.560+0000] {processor.py:179} INFO - Processing /home/airflow/.local/lib/python3.8/site-packages/airflow/example_dags/example_branch_labels.py took 0.205 seconds
[2023-10-14T11:08:02.384+0000] {processor.py:157} INFO - Started process (PID=1446) to work on /home/airflow/.local/lib/python3.8/site-packages/airflow/example_dags/example_branch_labels.py
[2023-10-14T11:08:02.386+0000] {processor.py:829} INFO - Processing file /home/airflow/.local/lib/python3.8/site-packages/airflow/example_dags/example_branch_labels.py for tasks to queue
[2023-10-14T11:08:02.388+0000] {logging_mixin.py:151} INFO - [2023-10-14T11:08:02.387+0000] {dagbag.py:536} INFO - Filling up the DagBag from /home/airflow/.local/lib/python3.8/site-packages/airflow/example_dags/example_branch_labels.py
[2023-10-14T11:08:02.395+0000] {processor.py:839} INFO - DAG(s) dict_keys(['example_branch_labels']) retrieved from /home/airflow/.local/lib/python3.8/site-packages/airflow/example_dags/example_branch_labels.py
[2023-10-14T11:08:02.417+0000] {logging_mixin.py:151} INFO - [2023-10-14T11:08:02.417+0000] {dag.py:2941} INFO - Sync 1 DAGs
[2023-10-14T11:08:02.435+0000] {logging_mixin.py:151} INFO - [2023-10-14T11:08:02.434+0000] {dag.py:3722} INFO - Setting next_dagrun for example_branch_labels to 2023-10-13T00:00:00+00:00, run_after=2023-10-14T00:00:00+00:00
[2023-10-14T11:08:02.445+0000] {processor.py:179} INFO - Processing /home/airflow/.local/lib/python3.8/site-packages/airflow/example_dags/example_branch_labels.py took 0.068 seconds
[2023-10-14T11:08:33.040+0000] {processor.py:157} INFO - Started process (PID=1501) to work on /home/airflow/.local/lib/python3.8/site-packages/airflow/example_dags/example_branch_labels.py
[2023-10-14T11:08:33.041+0000] {processor.py:829} INFO - Processing file /home/airflow/.local/lib/python3.8/site-packages/airflow/example_dags/example_branch_labels.py for tasks to queue
[2023-10-14T11:08:33.042+0000] {logging_mixin.py:151} INFO - [2023-10-14T11:08:33.042+0000] {dagbag.py:536} INFO - Filling up the DagBag from /home/airflow/.local/lib/python3.8/site-packages/airflow/example_dags/example_branch_labels.py
[2023-10-14T11:08:33.048+0000] {processor.py:839} INFO - DAG(s) dict_keys(['example_branch_labels']) retrieved from /home/airflow/.local/lib/python3.8/site-packages/airflow/example_dags/example_branch_labels.py
[2023-10-14T11:08:33.061+0000] {logging_mixin.py:151} INFO - [2023-10-14T11:08:33.061+0000] {dag.py:2941} INFO - Sync 1 DAGs
[2023-10-14T11:08:33.074+0000] {logging_mixin.py:151} INFO - [2023-10-14T11:08:33.074+0000] {dag.py:3722} INFO - Setting next_dagrun for example_branch_labels to 2023-10-13T00:00:00+00:00, run_after=2023-10-14T00:00:00+00:00
[2023-10-14T11:08:33.083+0000] {processor.py:179} INFO - Processing /home/airflow/.local/lib/python3.8/site-packages/airflow/example_dags/example_branch_labels.py took 0.046 seconds
[2023-10-14T11:09:03.524+0000] {processor.py:157} INFO - Started process (PID=1556) to work on /home/airflow/.local/lib/python3.8/site-packages/airflow/example_dags/example_branch_labels.py
[2023-10-14T11:09:03.525+0000] {processor.py:829} INFO - Processing file /home/airflow/.local/lib/python3.8/site-packages/airflow/example_dags/example_branch_labels.py for tasks to queue
[2023-10-14T11:09:03.527+0000] {logging_mixin.py:151} INFO - [2023-10-14T11:09:03.527+0000] {dagbag.py:536} INFO - Filling up the DagBag from /home/airflow/.local/lib/python3.8/site-packages/airflow/example_dags/example_branch_labels.py
[2023-10-14T11:09:03.533+0000] {processor.py:839} INFO - DAG(s) dict_keys(['example_branch_labels']) retrieved from /home/airflow/.local/lib/python3.8/site-packages/airflow/example_dags/example_branch_labels.py
[2023-10-14T11:09:03.549+0000] {logging_mixin.py:151} INFO - [2023-10-14T11:09:03.549+0000] {dag.py:2941} INFO - Sync 1 DAGs
[2023-10-14T11:09:03.564+0000] {logging_mixin.py:151} INFO - [2023-10-14T11:09:03.564+0000] {dag.py:3722} INFO - Setting next_dagrun for example_branch_labels to 2023-10-13T00:00:00+00:00, run_after=2023-10-14T00:00:00+00:00
[2023-10-14T11:09:03.573+0000] {processor.py:179} INFO - Processing /home/airflow/.local/lib/python3.8/site-packages/airflow/example_dags/example_branch_labels.py took 0.051 seconds
[2023-10-14T11:09:33.985+0000] {processor.py:157} INFO - Started process (PID=1611) to work on /home/airflow/.local/lib/python3.8/site-packages/airflow/example_dags/example_branch_labels.py
[2023-10-14T11:09:33.986+0000] {processor.py:829} INFO - Processing file /home/airflow/.local/lib/python3.8/site-packages/airflow/example_dags/example_branch_labels.py for tasks to queue
[2023-10-14T11:09:33.987+0000] {logging_mixin.py:151} INFO - [2023-10-14T11:09:33.987+0000] {dagbag.py:536} INFO - Filling up the DagBag from /home/airflow/.local/lib/python3.8/site-packages/airflow/example_dags/example_branch_labels.py
[2023-10-14T11:09:33.992+0000] {processor.py:839} INFO - DAG(s) dict_keys(['example_branch_labels']) retrieved from /home/airflow/.local/lib/python3.8/site-packages/airflow/example_dags/example_branch_labels.py
[2023-10-14T11:09:34.005+0000] {logging_mixin.py:151} INFO - [2023-10-14T11:09:34.005+0000] {dag.py:2941} INFO - Sync 1 DAGs
[2023-10-14T11:09:34.018+0000] {logging_mixin.py:151} INFO - [2023-10-14T11:09:34.018+0000] {dag.py:3722} INFO - Setting next_dagrun for example_branch_labels to 2023-10-13T00:00:00+00:00, run_after=2023-10-14T00:00:00+00:00
[2023-10-14T11:09:34.027+0000] {processor.py:179} INFO - Processing /home/airflow/.local/lib/python3.8/site-packages/airflow/example_dags/example_branch_labels.py took 0.045 seconds
