[2023-10-14T10:55:16.569+0000] {processor.py:157} INFO - Started process (PID=64) to work on /home/airflow/.local/lib/python3.8/site-packages/airflow/example_dags/example_sensors.py
[2023-10-14T10:55:16.570+0000] {processor.py:829} INFO - Processing file /home/airflow/.local/lib/python3.8/site-packages/airflow/example_dags/example_sensors.py for tasks to queue
[2023-10-14T10:55:16.572+0000] {logging_mixin.py:151} INFO - [2023-10-14T10:55:16.572+0000] {dagbag.py:536} INFO - Filling up the DagBag from /home/airflow/.local/lib/python3.8/site-packages/airflow/example_dags/example_sensors.py
[2023-10-14T10:55:16.581+0000] {processor.py:839} INFO - DAG(s) dict_keys(['example_sensors']) retrieved from /home/airflow/.local/lib/python3.8/site-packages/airflow/example_dags/example_sensors.py
[2023-10-14T10:55:16.592+0000] {logging_mixin.py:151} INFO - [2023-10-14T10:55:16.592+0000] {dag.py:2941} INFO - Sync 1 DAGs
[2023-10-14T10:55:16.599+0000] {logging_mixin.py:151} INFO - [2023-10-14T10:55:16.599+0000] {dag.py:3722} INFO - Setting next_dagrun for example_sensors to None, run_after=None
[2023-10-14T10:55:16.611+0000] {processor.py:179} INFO - Processing /home/airflow/.local/lib/python3.8/site-packages/airflow/example_dags/example_sensors.py took 0.045 seconds
[2023-10-14T10:55:46.880+0000] {processor.py:157} INFO - Started process (PID=119) to work on /home/airflow/.local/lib/python3.8/site-packages/airflow/example_dags/example_sensors.py
[2023-10-14T10:55:46.881+0000] {processor.py:829} INFO - Processing file /home/airflow/.local/lib/python3.8/site-packages/airflow/example_dags/example_sensors.py for tasks to queue
[2023-10-14T10:55:46.882+0000] {logging_mixin.py:151} INFO - [2023-10-14T10:55:46.882+0000] {dagbag.py:536} INFO - Filling up the DagBag from /home/airflow/.local/lib/python3.8/site-packages/airflow/example_dags/example_sensors.py
[2023-10-14T10:55:46.888+0000] {processor.py:839} INFO - DAG(s) dict_keys(['example_sensors']) retrieved from /home/airflow/.local/lib/python3.8/site-packages/airflow/example_dags/example_sensors.py
[2023-10-14T10:55:46.903+0000] {logging_mixin.py:151} INFO - [2023-10-14T10:55:46.903+0000] {dag.py:2941} INFO - Sync 1 DAGs
[2023-10-14T10:55:46.910+0000] {logging_mixin.py:151} INFO - [2023-10-14T10:55:46.910+0000] {dag.py:3722} INFO - Setting next_dagrun for example_sensors to None, run_after=None
[2023-10-14T10:55:46.919+0000] {processor.py:179} INFO - Processing /home/airflow/.local/lib/python3.8/site-packages/airflow/example_dags/example_sensors.py took 0.041 seconds
[2023-10-14T10:56:17.369+0000] {processor.py:157} INFO - Started process (PID=174) to work on /home/airflow/.local/lib/python3.8/site-packages/airflow/example_dags/example_sensors.py
[2023-10-14T10:56:17.370+0000] {processor.py:829} INFO - Processing file /home/airflow/.local/lib/python3.8/site-packages/airflow/example_dags/example_sensors.py for tasks to queue
[2023-10-14T10:56:17.371+0000] {logging_mixin.py:151} INFO - [2023-10-14T10:56:17.371+0000] {dagbag.py:536} INFO - Filling up the DagBag from /home/airflow/.local/lib/python3.8/site-packages/airflow/example_dags/example_sensors.py
[2023-10-14T10:56:17.376+0000] {processor.py:839} INFO - DAG(s) dict_keys(['example_sensors']) retrieved from /home/airflow/.local/lib/python3.8/site-packages/airflow/example_dags/example_sensors.py
[2023-10-14T10:56:17.391+0000] {logging_mixin.py:151} INFO - [2023-10-14T10:56:17.390+0000] {dag.py:2941} INFO - Sync 1 DAGs
[2023-10-14T10:56:17.397+0000] {logging_mixin.py:151} INFO - [2023-10-14T10:56:17.397+0000] {dag.py:3722} INFO - Setting next_dagrun for example_sensors to None, run_after=None
[2023-10-14T10:56:17.405+0000] {processor.py:179} INFO - Processing /home/airflow/.local/lib/python3.8/site-packages/airflow/example_dags/example_sensors.py took 0.038 seconds
[2023-10-14T10:56:47.705+0000] {processor.py:157} INFO - Started process (PID=229) to work on /home/airflow/.local/lib/python3.8/site-packages/airflow/example_dags/example_sensors.py
[2023-10-14T10:56:47.705+0000] {processor.py:829} INFO - Processing file /home/airflow/.local/lib/python3.8/site-packages/airflow/example_dags/example_sensors.py for tasks to queue
[2023-10-14T10:56:47.707+0000] {logging_mixin.py:151} INFO - [2023-10-14T10:56:47.707+0000] {dagbag.py:536} INFO - Filling up the DagBag from /home/airflow/.local/lib/python3.8/site-packages/airflow/example_dags/example_sensors.py
[2023-10-14T10:56:47.712+0000] {processor.py:839} INFO - DAG(s) dict_keys(['example_sensors']) retrieved from /home/airflow/.local/lib/python3.8/site-packages/airflow/example_dags/example_sensors.py
[2023-10-14T10:56:47.727+0000] {logging_mixin.py:151} INFO - [2023-10-14T10:56:47.727+0000] {dag.py:2941} INFO - Sync 1 DAGs
[2023-10-14T10:56:47.734+0000] {logging_mixin.py:151} INFO - [2023-10-14T10:56:47.734+0000] {dag.py:3722} INFO - Setting next_dagrun for example_sensors to None, run_after=None
[2023-10-14T10:56:47.742+0000] {processor.py:179} INFO - Processing /home/airflow/.local/lib/python3.8/site-packages/airflow/example_dags/example_sensors.py took 0.040 seconds
[2023-10-14T10:57:18.031+0000] {processor.py:157} INFO - Started process (PID=284) to work on /home/airflow/.local/lib/python3.8/site-packages/airflow/example_dags/example_sensors.py
[2023-10-14T10:57:18.032+0000] {processor.py:829} INFO - Processing file /home/airflow/.local/lib/python3.8/site-packages/airflow/example_dags/example_sensors.py for tasks to queue
[2023-10-14T10:57:18.033+0000] {logging_mixin.py:151} INFO - [2023-10-14T10:57:18.033+0000] {dagbag.py:536} INFO - Filling up the DagBag from /home/airflow/.local/lib/python3.8/site-packages/airflow/example_dags/example_sensors.py
[2023-10-14T10:57:18.039+0000] {processor.py:839} INFO - DAG(s) dict_keys(['example_sensors']) retrieved from /home/airflow/.local/lib/python3.8/site-packages/airflow/example_dags/example_sensors.py
[2023-10-14T10:57:18.056+0000] {logging_mixin.py:151} INFO - [2023-10-14T10:57:18.056+0000] {dag.py:2941} INFO - Sync 1 DAGs
[2023-10-14T10:57:18.063+0000] {logging_mixin.py:151} INFO - [2023-10-14T10:57:18.063+0000] {dag.py:3722} INFO - Setting next_dagrun for example_sensors to None, run_after=None
[2023-10-14T10:57:18.073+0000] {processor.py:179} INFO - Processing /home/airflow/.local/lib/python3.8/site-packages/airflow/example_dags/example_sensors.py took 0.044 seconds
[2023-10-14T10:57:48.274+0000] {processor.py:157} INFO - Started process (PID=339) to work on /home/airflow/.local/lib/python3.8/site-packages/airflow/example_dags/example_sensors.py
[2023-10-14T10:57:48.275+0000] {processor.py:829} INFO - Processing file /home/airflow/.local/lib/python3.8/site-packages/airflow/example_dags/example_sensors.py for tasks to queue
[2023-10-14T10:57:48.276+0000] {logging_mixin.py:151} INFO - [2023-10-14T10:57:48.276+0000] {dagbag.py:536} INFO - Filling up the DagBag from /home/airflow/.local/lib/python3.8/site-packages/airflow/example_dags/example_sensors.py
[2023-10-14T10:57:48.282+0000] {processor.py:839} INFO - DAG(s) dict_keys(['example_sensors']) retrieved from /home/airflow/.local/lib/python3.8/site-packages/airflow/example_dags/example_sensors.py
[2023-10-14T10:57:48.297+0000] {logging_mixin.py:151} INFO - [2023-10-14T10:57:48.296+0000] {dag.py:2941} INFO - Sync 1 DAGs
[2023-10-14T10:57:48.303+0000] {logging_mixin.py:151} INFO - [2023-10-14T10:57:48.303+0000] {dag.py:3722} INFO - Setting next_dagrun for example_sensors to None, run_after=None
[2023-10-14T10:57:48.312+0000] {processor.py:179} INFO - Processing /home/airflow/.local/lib/python3.8/site-packages/airflow/example_dags/example_sensors.py took 0.041 seconds
[2023-10-14T10:58:18.790+0000] {processor.py:157} INFO - Started process (PID=395) to work on /home/airflow/.local/lib/python3.8/site-packages/airflow/example_dags/example_sensors.py
[2023-10-14T10:58:18.791+0000] {processor.py:829} INFO - Processing file /home/airflow/.local/lib/python3.8/site-packages/airflow/example_dags/example_sensors.py for tasks to queue
[2023-10-14T10:58:18.792+0000] {logging_mixin.py:151} INFO - [2023-10-14T10:58:18.792+0000] {dagbag.py:536} INFO - Filling up the DagBag from /home/airflow/.local/lib/python3.8/site-packages/airflow/example_dags/example_sensors.py
[2023-10-14T10:58:18.798+0000] {processor.py:839} INFO - DAG(s) dict_keys(['example_sensors']) retrieved from /home/airflow/.local/lib/python3.8/site-packages/airflow/example_dags/example_sensors.py
[2023-10-14T10:58:18.811+0000] {logging_mixin.py:151} INFO - [2023-10-14T10:58:18.811+0000] {dag.py:2941} INFO - Sync 1 DAGs
[2023-10-14T10:58:18.818+0000] {logging_mixin.py:151} INFO - [2023-10-14T10:58:18.818+0000] {dag.py:3722} INFO - Setting next_dagrun for example_sensors to None, run_after=None
[2023-10-14T10:58:18.826+0000] {processor.py:179} INFO - Processing /home/airflow/.local/lib/python3.8/site-packages/airflow/example_dags/example_sensors.py took 0.038 seconds
[2023-10-14T10:58:48.999+0000] {processor.py:157} INFO - Started process (PID=450) to work on /home/airflow/.local/lib/python3.8/site-packages/airflow/example_dags/example_sensors.py
[2023-10-14T10:58:49.000+0000] {processor.py:829} INFO - Processing file /home/airflow/.local/lib/python3.8/site-packages/airflow/example_dags/example_sensors.py for tasks to queue
[2023-10-14T10:58:49.001+0000] {logging_mixin.py:151} INFO - [2023-10-14T10:58:49.001+0000] {dagbag.py:536} INFO - Filling up the DagBag from /home/airflow/.local/lib/python3.8/site-packages/airflow/example_dags/example_sensors.py
[2023-10-14T10:58:49.007+0000] {processor.py:839} INFO - DAG(s) dict_keys(['example_sensors']) retrieved from /home/airflow/.local/lib/python3.8/site-packages/airflow/example_dags/example_sensors.py
[2023-10-14T10:58:49.020+0000] {logging_mixin.py:151} INFO - [2023-10-14T10:58:49.020+0000] {dag.py:2941} INFO - Sync 1 DAGs
[2023-10-14T10:58:49.026+0000] {logging_mixin.py:151} INFO - [2023-10-14T10:58:49.026+0000] {dag.py:3722} INFO - Setting next_dagrun for example_sensors to None, run_after=None
[2023-10-14T10:58:49.034+0000] {processor.py:179} INFO - Processing /home/airflow/.local/lib/python3.8/site-packages/airflow/example_dags/example_sensors.py took 0.037 seconds
[2023-10-14T10:59:19.509+0000] {processor.py:157} INFO - Started process (PID=504) to work on /home/airflow/.local/lib/python3.8/site-packages/airflow/example_dags/example_sensors.py
[2023-10-14T10:59:19.509+0000] {processor.py:829} INFO - Processing file /home/airflow/.local/lib/python3.8/site-packages/airflow/example_dags/example_sensors.py for tasks to queue
[2023-10-14T10:59:19.511+0000] {logging_mixin.py:151} INFO - [2023-10-14T10:59:19.511+0000] {dagbag.py:536} INFO - Filling up the DagBag from /home/airflow/.local/lib/python3.8/site-packages/airflow/example_dags/example_sensors.py
[2023-10-14T10:59:19.517+0000] {processor.py:839} INFO - DAG(s) dict_keys(['example_sensors']) retrieved from /home/airflow/.local/lib/python3.8/site-packages/airflow/example_dags/example_sensors.py
[2023-10-14T10:59:19.535+0000] {logging_mixin.py:151} INFO - [2023-10-14T10:59:19.535+0000] {dag.py:2941} INFO - Sync 1 DAGs
[2023-10-14T10:59:19.544+0000] {logging_mixin.py:151} INFO - [2023-10-14T10:59:19.543+0000] {dag.py:3722} INFO - Setting next_dagrun for example_sensors to None, run_after=None
[2023-10-14T10:59:19.556+0000] {processor.py:179} INFO - Processing /home/airflow/.local/lib/python3.8/site-packages/airflow/example_dags/example_sensors.py took 0.050 seconds
[2023-10-14T10:59:50.466+0000] {processor.py:157} INFO - Started process (PID=560) to work on /home/airflow/.local/lib/python3.8/site-packages/airflow/example_dags/example_sensors.py
[2023-10-14T10:59:50.467+0000] {processor.py:829} INFO - Processing file /home/airflow/.local/lib/python3.8/site-packages/airflow/example_dags/example_sensors.py for tasks to queue
[2023-10-14T10:59:50.468+0000] {logging_mixin.py:151} INFO - [2023-10-14T10:59:50.468+0000] {dagbag.py:536} INFO - Filling up the DagBag from /home/airflow/.local/lib/python3.8/site-packages/airflow/example_dags/example_sensors.py
[2023-10-14T10:59:50.474+0000] {processor.py:839} INFO - DAG(s) dict_keys(['example_sensors']) retrieved from /home/airflow/.local/lib/python3.8/site-packages/airflow/example_dags/example_sensors.py
[2023-10-14T10:59:50.487+0000] {logging_mixin.py:151} INFO - [2023-10-14T10:59:50.487+0000] {dag.py:2941} INFO - Sync 1 DAGs
[2023-10-14T10:59:50.494+0000] {logging_mixin.py:151} INFO - [2023-10-14T10:59:50.494+0000] {dag.py:3722} INFO - Setting next_dagrun for example_sensors to None, run_after=None
[2023-10-14T10:59:50.502+0000] {processor.py:179} INFO - Processing /home/airflow/.local/lib/python3.8/site-packages/airflow/example_dags/example_sensors.py took 0.038 seconds
[2023-10-14T11:00:20.698+0000] {processor.py:157} INFO - Started process (PID=615) to work on /home/airflow/.local/lib/python3.8/site-packages/airflow/example_dags/example_sensors.py
[2023-10-14T11:00:20.699+0000] {processor.py:829} INFO - Processing file /home/airflow/.local/lib/python3.8/site-packages/airflow/example_dags/example_sensors.py for tasks to queue
[2023-10-14T11:00:20.700+0000] {logging_mixin.py:151} INFO - [2023-10-14T11:00:20.700+0000] {dagbag.py:536} INFO - Filling up the DagBag from /home/airflow/.local/lib/python3.8/site-packages/airflow/example_dags/example_sensors.py
[2023-10-14T11:00:20.706+0000] {processor.py:839} INFO - DAG(s) dict_keys(['example_sensors']) retrieved from /home/airflow/.local/lib/python3.8/site-packages/airflow/example_dags/example_sensors.py
[2023-10-14T11:00:20.719+0000] {logging_mixin.py:151} INFO - [2023-10-14T11:00:20.719+0000] {dag.py:2941} INFO - Sync 1 DAGs
[2023-10-14T11:00:20.726+0000] {logging_mixin.py:151} INFO - [2023-10-14T11:00:20.726+0000] {dag.py:3722} INFO - Setting next_dagrun for example_sensors to None, run_after=None
[2023-10-14T11:00:20.736+0000] {processor.py:179} INFO - Processing /home/airflow/.local/lib/python3.8/site-packages/airflow/example_dags/example_sensors.py took 0.040 seconds
[2023-10-14T11:00:50.971+0000] {processor.py:157} INFO - Started process (PID=670) to work on /home/airflow/.local/lib/python3.8/site-packages/airflow/example_dags/example_sensors.py
[2023-10-14T11:00:50.972+0000] {processor.py:829} INFO - Processing file /home/airflow/.local/lib/python3.8/site-packages/airflow/example_dags/example_sensors.py for tasks to queue
[2023-10-14T11:00:50.973+0000] {logging_mixin.py:151} INFO - [2023-10-14T11:00:50.973+0000] {dagbag.py:536} INFO - Filling up the DagBag from /home/airflow/.local/lib/python3.8/site-packages/airflow/example_dags/example_sensors.py
[2023-10-14T11:00:50.979+0000] {processor.py:839} INFO - DAG(s) dict_keys(['example_sensors']) retrieved from /home/airflow/.local/lib/python3.8/site-packages/airflow/example_dags/example_sensors.py
[2023-10-14T11:00:50.993+0000] {logging_mixin.py:151} INFO - [2023-10-14T11:00:50.993+0000] {dag.py:2941} INFO - Sync 1 DAGs
[2023-10-14T11:00:50.999+0000] {logging_mixin.py:151} INFO - [2023-10-14T11:00:50.999+0000] {dag.py:3722} INFO - Setting next_dagrun for example_sensors to None, run_after=None
[2023-10-14T11:00:51.008+0000] {processor.py:179} INFO - Processing /home/airflow/.local/lib/python3.8/site-packages/airflow/example_dags/example_sensors.py took 0.039 seconds
[2023-10-14T11:01:21.272+0000] {processor.py:157} INFO - Started process (PID=725) to work on /home/airflow/.local/lib/python3.8/site-packages/airflow/example_dags/example_sensors.py
[2023-10-14T11:01:21.273+0000] {processor.py:829} INFO - Processing file /home/airflow/.local/lib/python3.8/site-packages/airflow/example_dags/example_sensors.py for tasks to queue
[2023-10-14T11:01:21.274+0000] {logging_mixin.py:151} INFO - [2023-10-14T11:01:21.274+0000] {dagbag.py:536} INFO - Filling up the DagBag from /home/airflow/.local/lib/python3.8/site-packages/airflow/example_dags/example_sensors.py
[2023-10-14T11:01:21.279+0000] {processor.py:839} INFO - DAG(s) dict_keys(['example_sensors']) retrieved from /home/airflow/.local/lib/python3.8/site-packages/airflow/example_dags/example_sensors.py
[2023-10-14T11:01:21.293+0000] {logging_mixin.py:151} INFO - [2023-10-14T11:01:21.293+0000] {dag.py:2941} INFO - Sync 1 DAGs
[2023-10-14T11:01:21.299+0000] {logging_mixin.py:151} INFO - [2023-10-14T11:01:21.299+0000] {dag.py:3722} INFO - Setting next_dagrun for example_sensors to None, run_after=None
[2023-10-14T11:01:21.308+0000] {processor.py:179} INFO - Processing /home/airflow/.local/lib/python3.8/site-packages/airflow/example_dags/example_sensors.py took 0.037 seconds
[2023-10-14T11:01:51.624+0000] {processor.py:157} INFO - Started process (PID=782) to work on /home/airflow/.local/lib/python3.8/site-packages/airflow/example_dags/example_sensors.py
[2023-10-14T11:01:51.625+0000] {processor.py:829} INFO - Processing file /home/airflow/.local/lib/python3.8/site-packages/airflow/example_dags/example_sensors.py for tasks to queue
[2023-10-14T11:01:51.627+0000] {logging_mixin.py:151} INFO - [2023-10-14T11:01:51.626+0000] {dagbag.py:536} INFO - Filling up the DagBag from /home/airflow/.local/lib/python3.8/site-packages/airflow/example_dags/example_sensors.py
[2023-10-14T11:01:51.633+0000] {processor.py:839} INFO - DAG(s) dict_keys(['example_sensors']) retrieved from /home/airflow/.local/lib/python3.8/site-packages/airflow/example_dags/example_sensors.py
[2023-10-14T11:01:51.649+0000] {logging_mixin.py:151} INFO - [2023-10-14T11:01:51.649+0000] {dag.py:2941} INFO - Sync 1 DAGs
[2023-10-14T11:01:51.657+0000] {logging_mixin.py:151} INFO - [2023-10-14T11:01:51.657+0000] {dag.py:3722} INFO - Setting next_dagrun for example_sensors to None, run_after=None
[2023-10-14T11:01:51.668+0000] {processor.py:179} INFO - Processing /home/airflow/.local/lib/python3.8/site-packages/airflow/example_dags/example_sensors.py took 0.047 seconds
[2023-10-14T11:02:22.305+0000] {processor.py:157} INFO - Started process (PID=838) to work on /home/airflow/.local/lib/python3.8/site-packages/airflow/example_dags/example_sensors.py
[2023-10-14T11:02:22.306+0000] {processor.py:829} INFO - Processing file /home/airflow/.local/lib/python3.8/site-packages/airflow/example_dags/example_sensors.py for tasks to queue
[2023-10-14T11:02:22.308+0000] {logging_mixin.py:151} INFO - [2023-10-14T11:02:22.308+0000] {dagbag.py:536} INFO - Filling up the DagBag from /home/airflow/.local/lib/python3.8/site-packages/airflow/example_dags/example_sensors.py
[2023-10-14T11:02:22.314+0000] {processor.py:839} INFO - DAG(s) dict_keys(['example_sensors']) retrieved from /home/airflow/.local/lib/python3.8/site-packages/airflow/example_dags/example_sensors.py
[2023-10-14T11:02:22.328+0000] {logging_mixin.py:151} INFO - [2023-10-14T11:02:22.328+0000] {dag.py:2941} INFO - Sync 1 DAGs
[2023-10-14T11:02:22.335+0000] {logging_mixin.py:151} INFO - [2023-10-14T11:02:22.335+0000] {dag.py:3722} INFO - Setting next_dagrun for example_sensors to None, run_after=None
[2023-10-14T11:02:22.344+0000] {processor.py:179} INFO - Processing /home/airflow/.local/lib/python3.8/site-packages/airflow/example_dags/example_sensors.py took 0.042 seconds
[2023-10-14T11:02:52.621+0000] {processor.py:157} INFO - Started process (PID=893) to work on /home/airflow/.local/lib/python3.8/site-packages/airflow/example_dags/example_sensors.py
[2023-10-14T11:02:52.622+0000] {processor.py:829} INFO - Processing file /home/airflow/.local/lib/python3.8/site-packages/airflow/example_dags/example_sensors.py for tasks to queue
[2023-10-14T11:02:52.624+0000] {logging_mixin.py:151} INFO - [2023-10-14T11:02:52.623+0000] {dagbag.py:536} INFO - Filling up the DagBag from /home/airflow/.local/lib/python3.8/site-packages/airflow/example_dags/example_sensors.py
[2023-10-14T11:02:52.631+0000] {processor.py:839} INFO - DAG(s) dict_keys(['example_sensors']) retrieved from /home/airflow/.local/lib/python3.8/site-packages/airflow/example_dags/example_sensors.py
[2023-10-14T11:02:52.649+0000] {logging_mixin.py:151} INFO - [2023-10-14T11:02:52.649+0000] {dag.py:2941} INFO - Sync 1 DAGs
[2023-10-14T11:02:52.656+0000] {logging_mixin.py:151} INFO - [2023-10-14T11:02:52.656+0000] {dag.py:3722} INFO - Setting next_dagrun for example_sensors to None, run_after=None
[2023-10-14T11:02:52.667+0000] {processor.py:179} INFO - Processing /home/airflow/.local/lib/python3.8/site-packages/airflow/example_dags/example_sensors.py took 0.050 seconds
[2023-10-14T11:03:23.093+0000] {processor.py:157} INFO - Started process (PID=949) to work on /home/airflow/.local/lib/python3.8/site-packages/airflow/example_dags/example_sensors.py
[2023-10-14T11:03:23.094+0000] {processor.py:829} INFO - Processing file /home/airflow/.local/lib/python3.8/site-packages/airflow/example_dags/example_sensors.py for tasks to queue
[2023-10-14T11:03:23.097+0000] {logging_mixin.py:151} INFO - [2023-10-14T11:03:23.096+0000] {dagbag.py:536} INFO - Filling up the DagBag from /home/airflow/.local/lib/python3.8/site-packages/airflow/example_dags/example_sensors.py
[2023-10-14T11:03:23.103+0000] {processor.py:839} INFO - DAG(s) dict_keys(['example_sensors']) retrieved from /home/airflow/.local/lib/python3.8/site-packages/airflow/example_dags/example_sensors.py
[2023-10-14T11:03:23.120+0000] {logging_mixin.py:151} INFO - [2023-10-14T11:03:23.120+0000] {dag.py:2941} INFO - Sync 1 DAGs
[2023-10-14T11:03:23.127+0000] {logging_mixin.py:151} INFO - [2023-10-14T11:03:23.127+0000] {dag.py:3722} INFO - Setting next_dagrun for example_sensors to None, run_after=None
[2023-10-14T11:03:23.137+0000] {processor.py:179} INFO - Processing /home/airflow/.local/lib/python3.8/site-packages/airflow/example_dags/example_sensors.py took 0.046 seconds
[2023-10-14T11:03:53.471+0000] {processor.py:157} INFO - Started process (PID=1004) to work on /home/airflow/.local/lib/python3.8/site-packages/airflow/example_dags/example_sensors.py
[2023-10-14T11:03:53.472+0000] {processor.py:829} INFO - Processing file /home/airflow/.local/lib/python3.8/site-packages/airflow/example_dags/example_sensors.py for tasks to queue
[2023-10-14T11:03:53.474+0000] {logging_mixin.py:151} INFO - [2023-10-14T11:03:53.473+0000] {dagbag.py:536} INFO - Filling up the DagBag from /home/airflow/.local/lib/python3.8/site-packages/airflow/example_dags/example_sensors.py
[2023-10-14T11:03:53.479+0000] {processor.py:839} INFO - DAG(s) dict_keys(['example_sensors']) retrieved from /home/airflow/.local/lib/python3.8/site-packages/airflow/example_dags/example_sensors.py
[2023-10-14T11:03:53.493+0000] {logging_mixin.py:151} INFO - [2023-10-14T11:03:53.493+0000] {dag.py:2941} INFO - Sync 1 DAGs
[2023-10-14T11:03:53.500+0000] {logging_mixin.py:151} INFO - [2023-10-14T11:03:53.500+0000] {dag.py:3722} INFO - Setting next_dagrun for example_sensors to None, run_after=None
[2023-10-14T11:03:53.509+0000] {processor.py:179} INFO - Processing /home/airflow/.local/lib/python3.8/site-packages/airflow/example_dags/example_sensors.py took 0.040 seconds
[2023-10-14T11:04:23.985+0000] {processor.py:157} INFO - Started process (PID=1060) to work on /home/airflow/.local/lib/python3.8/site-packages/airflow/example_dags/example_sensors.py
[2023-10-14T11:04:23.986+0000] {processor.py:829} INFO - Processing file /home/airflow/.local/lib/python3.8/site-packages/airflow/example_dags/example_sensors.py for tasks to queue
[2023-10-14T11:04:23.987+0000] {logging_mixin.py:151} INFO - [2023-10-14T11:04:23.987+0000] {dagbag.py:536} INFO - Filling up the DagBag from /home/airflow/.local/lib/python3.8/site-packages/airflow/example_dags/example_sensors.py
[2023-10-14T11:04:23.993+0000] {processor.py:839} INFO - DAG(s) dict_keys(['example_sensors']) retrieved from /home/airflow/.local/lib/python3.8/site-packages/airflow/example_dags/example_sensors.py
[2023-10-14T11:04:24.007+0000] {logging_mixin.py:151} INFO - [2023-10-14T11:04:24.007+0000] {dag.py:2941} INFO - Sync 1 DAGs
[2023-10-14T11:04:24.013+0000] {logging_mixin.py:151} INFO - [2023-10-14T11:04:24.013+0000] {dag.py:3722} INFO - Setting next_dagrun for example_sensors to None, run_after=None
[2023-10-14T11:04:24.021+0000] {processor.py:179} INFO - Processing /home/airflow/.local/lib/python3.8/site-packages/airflow/example_dags/example_sensors.py took 0.039 seconds
[2023-10-14T11:04:54.257+0000] {processor.py:157} INFO - Started process (PID=1115) to work on /home/airflow/.local/lib/python3.8/site-packages/airflow/example_dags/example_sensors.py
[2023-10-14T11:04:54.258+0000] {processor.py:829} INFO - Processing file /home/airflow/.local/lib/python3.8/site-packages/airflow/example_dags/example_sensors.py for tasks to queue
[2023-10-14T11:04:54.260+0000] {logging_mixin.py:151} INFO - [2023-10-14T11:04:54.259+0000] {dagbag.py:536} INFO - Filling up the DagBag from /home/airflow/.local/lib/python3.8/site-packages/airflow/example_dags/example_sensors.py
[2023-10-14T11:04:54.265+0000] {processor.py:839} INFO - DAG(s) dict_keys(['example_sensors']) retrieved from /home/airflow/.local/lib/python3.8/site-packages/airflow/example_dags/example_sensors.py
[2023-10-14T11:04:54.279+0000] {logging_mixin.py:151} INFO - [2023-10-14T11:04:54.279+0000] {dag.py:2941} INFO - Sync 1 DAGs
[2023-10-14T11:04:54.286+0000] {logging_mixin.py:151} INFO - [2023-10-14T11:04:54.286+0000] {dag.py:3722} INFO - Setting next_dagrun for example_sensors to None, run_after=None
[2023-10-14T11:04:54.295+0000] {processor.py:179} INFO - Processing /home/airflow/.local/lib/python3.8/site-packages/airflow/example_dags/example_sensors.py took 0.040 seconds
[2023-10-14T11:05:24.387+0000] {processor.py:157} INFO - Started process (PID=1170) to work on /home/airflow/.local/lib/python3.8/site-packages/airflow/example_dags/example_sensors.py
[2023-10-14T11:05:24.388+0000] {processor.py:829} INFO - Processing file /home/airflow/.local/lib/python3.8/site-packages/airflow/example_dags/example_sensors.py for tasks to queue
[2023-10-14T11:05:24.389+0000] {logging_mixin.py:151} INFO - [2023-10-14T11:05:24.389+0000] {dagbag.py:536} INFO - Filling up the DagBag from /home/airflow/.local/lib/python3.8/site-packages/airflow/example_dags/example_sensors.py
[2023-10-14T11:05:24.395+0000] {processor.py:839} INFO - DAG(s) dict_keys(['example_sensors']) retrieved from /home/airflow/.local/lib/python3.8/site-packages/airflow/example_dags/example_sensors.py
[2023-10-14T11:05:24.409+0000] {logging_mixin.py:151} INFO - [2023-10-14T11:05:24.409+0000] {dag.py:2941} INFO - Sync 1 DAGs
[2023-10-14T11:05:24.415+0000] {logging_mixin.py:151} INFO - [2023-10-14T11:05:24.415+0000] {dag.py:3722} INFO - Setting next_dagrun for example_sensors to None, run_after=None
[2023-10-14T11:05:24.424+0000] {processor.py:179} INFO - Processing /home/airflow/.local/lib/python3.8/site-packages/airflow/example_dags/example_sensors.py took 0.039 seconds
[2023-10-14T11:05:55.438+0000] {processor.py:157} INFO - Started process (PID=1225) to work on /home/airflow/.local/lib/python3.8/site-packages/airflow/example_dags/example_sensors.py
[2023-10-14T11:05:55.439+0000] {processor.py:829} INFO - Processing file /home/airflow/.local/lib/python3.8/site-packages/airflow/example_dags/example_sensors.py for tasks to queue
[2023-10-14T11:05:55.441+0000] {logging_mixin.py:151} INFO - [2023-10-14T11:05:55.440+0000] {dagbag.py:536} INFO - Filling up the DagBag from /home/airflow/.local/lib/python3.8/site-packages/airflow/example_dags/example_sensors.py
[2023-10-14T11:05:55.447+0000] {processor.py:839} INFO - DAG(s) dict_keys(['example_sensors']) retrieved from /home/airflow/.local/lib/python3.8/site-packages/airflow/example_dags/example_sensors.py
[2023-10-14T11:05:55.464+0000] {logging_mixin.py:151} INFO - [2023-10-14T11:05:55.464+0000] {dag.py:2941} INFO - Sync 1 DAGs
[2023-10-14T11:05:55.472+0000] {logging_mixin.py:151} INFO - [2023-10-14T11:05:55.472+0000] {dag.py:3722} INFO - Setting next_dagrun for example_sensors to None, run_after=None
[2023-10-14T11:05:55.484+0000] {processor.py:179} INFO - Processing /home/airflow/.local/lib/python3.8/site-packages/airflow/example_dags/example_sensors.py took 0.049 seconds
[2023-10-14T11:06:25.795+0000] {processor.py:157} INFO - Started process (PID=1281) to work on /home/airflow/.local/lib/python3.8/site-packages/airflow/example_dags/example_sensors.py
[2023-10-14T11:06:25.796+0000] {processor.py:829} INFO - Processing file /home/airflow/.local/lib/python3.8/site-packages/airflow/example_dags/example_sensors.py for tasks to queue
[2023-10-14T11:06:25.797+0000] {logging_mixin.py:151} INFO - [2023-10-14T11:06:25.797+0000] {dagbag.py:536} INFO - Filling up the DagBag from /home/airflow/.local/lib/python3.8/site-packages/airflow/example_dags/example_sensors.py
[2023-10-14T11:06:25.802+0000] {processor.py:839} INFO - DAG(s) dict_keys(['example_sensors']) retrieved from /home/airflow/.local/lib/python3.8/site-packages/airflow/example_dags/example_sensors.py
[2023-10-14T11:06:25.817+0000] {logging_mixin.py:151} INFO - [2023-10-14T11:06:25.817+0000] {dag.py:2941} INFO - Sync 1 DAGs
[2023-10-14T11:06:25.824+0000] {logging_mixin.py:151} INFO - [2023-10-14T11:06:25.824+0000] {dag.py:3722} INFO - Setting next_dagrun for example_sensors to None, run_after=None
[2023-10-14T11:06:25.833+0000] {processor.py:179} INFO - Processing /home/airflow/.local/lib/python3.8/site-packages/airflow/example_dags/example_sensors.py took 0.041 seconds
[2023-10-14T11:06:56.180+0000] {processor.py:157} INFO - Started process (PID=1336) to work on /home/airflow/.local/lib/python3.8/site-packages/airflow/example_dags/example_sensors.py
[2023-10-14T11:06:56.180+0000] {processor.py:829} INFO - Processing file /home/airflow/.local/lib/python3.8/site-packages/airflow/example_dags/example_sensors.py for tasks to queue
[2023-10-14T11:06:56.182+0000] {logging_mixin.py:151} INFO - [2023-10-14T11:06:56.181+0000] {dagbag.py:536} INFO - Filling up the DagBag from /home/airflow/.local/lib/python3.8/site-packages/airflow/example_dags/example_sensors.py
[2023-10-14T11:06:56.187+0000] {processor.py:839} INFO - DAG(s) dict_keys(['example_sensors']) retrieved from /home/airflow/.local/lib/python3.8/site-packages/airflow/example_dags/example_sensors.py
[2023-10-14T11:06:56.201+0000] {logging_mixin.py:151} INFO - [2023-10-14T11:06:56.201+0000] {dag.py:2941} INFO - Sync 1 DAGs
[2023-10-14T11:06:56.207+0000] {logging_mixin.py:151} INFO - [2023-10-14T11:06:56.207+0000] {dag.py:3722} INFO - Setting next_dagrun for example_sensors to None, run_after=None
[2023-10-14T11:06:56.215+0000] {processor.py:179} INFO - Processing /home/airflow/.local/lib/python3.8/site-packages/airflow/example_dags/example_sensors.py took 0.038 seconds
[2023-10-14T11:07:31.938+0000] {processor.py:157} INFO - Started process (PID=1395) to work on /home/airflow/.local/lib/python3.8/site-packages/airflow/example_dags/example_sensors.py
[2023-10-14T11:07:31.939+0000] {processor.py:829} INFO - Processing file /home/airflow/.local/lib/python3.8/site-packages/airflow/example_dags/example_sensors.py for tasks to queue
[2023-10-14T11:07:31.945+0000] {logging_mixin.py:151} INFO - [2023-10-14T11:07:31.944+0000] {dagbag.py:536} INFO - Filling up the DagBag from /home/airflow/.local/lib/python3.8/site-packages/airflow/example_dags/example_sensors.py
[2023-10-14T11:07:31.969+0000] {processor.py:839} INFO - DAG(s) dict_keys(['example_sensors']) retrieved from /home/airflow/.local/lib/python3.8/site-packages/airflow/example_dags/example_sensors.py
[2023-10-14T11:07:32.057+0000] {logging_mixin.py:151} INFO - [2023-10-14T11:07:32.057+0000] {dag.py:2941} INFO - Sync 1 DAGs
[2023-10-14T11:07:32.096+0000] {logging_mixin.py:151} INFO - [2023-10-14T11:07:32.093+0000] {dag.py:3722} INFO - Setting next_dagrun for example_sensors to None, run_after=None
[2023-10-14T11:07:32.124+0000] {processor.py:179} INFO - Processing /home/airflow/.local/lib/python3.8/site-packages/airflow/example_dags/example_sensors.py took 0.193 seconds
[2023-10-14T11:08:02.554+0000] {processor.py:157} INFO - Started process (PID=1450) to work on /home/airflow/.local/lib/python3.8/site-packages/airflow/example_dags/example_sensors.py
[2023-10-14T11:08:02.555+0000] {processor.py:829} INFO - Processing file /home/airflow/.local/lib/python3.8/site-packages/airflow/example_dags/example_sensors.py for tasks to queue
[2023-10-14T11:08:02.557+0000] {logging_mixin.py:151} INFO - [2023-10-14T11:08:02.557+0000] {dagbag.py:536} INFO - Filling up the DagBag from /home/airflow/.local/lib/python3.8/site-packages/airflow/example_dags/example_sensors.py
[2023-10-14T11:08:02.563+0000] {processor.py:839} INFO - DAG(s) dict_keys(['example_sensors']) retrieved from /home/airflow/.local/lib/python3.8/site-packages/airflow/example_dags/example_sensors.py
[2023-10-14T11:08:02.580+0000] {logging_mixin.py:151} INFO - [2023-10-14T11:08:02.580+0000] {dag.py:2941} INFO - Sync 1 DAGs
[2023-10-14T11:08:02.587+0000] {logging_mixin.py:151} INFO - [2023-10-14T11:08:02.587+0000] {dag.py:3722} INFO - Setting next_dagrun for example_sensors to None, run_after=None
[2023-10-14T11:08:02.597+0000] {processor.py:179} INFO - Processing /home/airflow/.local/lib/python3.8/site-packages/airflow/example_dags/example_sensors.py took 0.046 seconds
[2023-10-14T11:08:33.172+0000] {processor.py:157} INFO - Started process (PID=1505) to work on /home/airflow/.local/lib/python3.8/site-packages/airflow/example_dags/example_sensors.py
[2023-10-14T11:08:33.173+0000] {processor.py:829} INFO - Processing file /home/airflow/.local/lib/python3.8/site-packages/airflow/example_dags/example_sensors.py for tasks to queue
[2023-10-14T11:08:33.174+0000] {logging_mixin.py:151} INFO - [2023-10-14T11:08:33.174+0000] {dagbag.py:536} INFO - Filling up the DagBag from /home/airflow/.local/lib/python3.8/site-packages/airflow/example_dags/example_sensors.py
[2023-10-14T11:08:33.181+0000] {processor.py:839} INFO - DAG(s) dict_keys(['example_sensors']) retrieved from /home/airflow/.local/lib/python3.8/site-packages/airflow/example_dags/example_sensors.py
[2023-10-14T11:08:33.198+0000] {logging_mixin.py:151} INFO - [2023-10-14T11:08:33.198+0000] {dag.py:2941} INFO - Sync 1 DAGs
[2023-10-14T11:08:33.206+0000] {logging_mixin.py:151} INFO - [2023-10-14T11:08:33.206+0000] {dag.py:3722} INFO - Setting next_dagrun for example_sensors to None, run_after=None
[2023-10-14T11:08:33.217+0000] {processor.py:179} INFO - Processing /home/airflow/.local/lib/python3.8/site-packages/airflow/example_dags/example_sensors.py took 0.048 seconds
[2023-10-14T11:09:03.661+0000] {processor.py:157} INFO - Started process (PID=1560) to work on /home/airflow/.local/lib/python3.8/site-packages/airflow/example_dags/example_sensors.py
[2023-10-14T11:09:03.662+0000] {processor.py:829} INFO - Processing file /home/airflow/.local/lib/python3.8/site-packages/airflow/example_dags/example_sensors.py for tasks to queue
[2023-10-14T11:09:03.663+0000] {logging_mixin.py:151} INFO - [2023-10-14T11:09:03.663+0000] {dagbag.py:536} INFO - Filling up the DagBag from /home/airflow/.local/lib/python3.8/site-packages/airflow/example_dags/example_sensors.py
[2023-10-14T11:09:03.669+0000] {processor.py:839} INFO - DAG(s) dict_keys(['example_sensors']) retrieved from /home/airflow/.local/lib/python3.8/site-packages/airflow/example_dags/example_sensors.py
[2023-10-14T11:09:03.685+0000] {logging_mixin.py:151} INFO - [2023-10-14T11:09:03.684+0000] {dag.py:2941} INFO - Sync 1 DAGs
[2023-10-14T11:09:03.693+0000] {logging_mixin.py:151} INFO - [2023-10-14T11:09:03.692+0000] {dag.py:3722} INFO - Setting next_dagrun for example_sensors to None, run_after=None
[2023-10-14T11:09:03.704+0000] {processor.py:179} INFO - Processing /home/airflow/.local/lib/python3.8/site-packages/airflow/example_dags/example_sensors.py took 0.045 seconds
[2023-10-14T11:09:34.109+0000] {processor.py:157} INFO - Started process (PID=1615) to work on /home/airflow/.local/lib/python3.8/site-packages/airflow/example_dags/example_sensors.py
[2023-10-14T11:09:34.109+0000] {processor.py:829} INFO - Processing file /home/airflow/.local/lib/python3.8/site-packages/airflow/example_dags/example_sensors.py for tasks to queue
[2023-10-14T11:09:34.111+0000] {logging_mixin.py:151} INFO - [2023-10-14T11:09:34.111+0000] {dagbag.py:536} INFO - Filling up the DagBag from /home/airflow/.local/lib/python3.8/site-packages/airflow/example_dags/example_sensors.py
[2023-10-14T11:09:34.116+0000] {processor.py:839} INFO - DAG(s) dict_keys(['example_sensors']) retrieved from /home/airflow/.local/lib/python3.8/site-packages/airflow/example_dags/example_sensors.py
[2023-10-14T11:09:34.130+0000] {logging_mixin.py:151} INFO - [2023-10-14T11:09:34.130+0000] {dag.py:2941} INFO - Sync 1 DAGs
[2023-10-14T11:09:34.136+0000] {logging_mixin.py:151} INFO - [2023-10-14T11:09:34.136+0000] {dag.py:3722} INFO - Setting next_dagrun for example_sensors to None, run_after=None
[2023-10-14T11:09:34.145+0000] {processor.py:179} INFO - Processing /home/airflow/.local/lib/python3.8/site-packages/airflow/example_dags/example_sensors.py took 0.038 seconds
