[2023-10-14T10:55:11.442+0000] {processor.py:157} INFO - Started process (PID=34) to work on /home/airflow/.local/lib/python3.8/site-packages/airflow/example_dags/example_trigger_target_dag.py
[2023-10-14T10:55:11.451+0000] {processor.py:829} INFO - Processing file /home/airflow/.local/lib/python3.8/site-packages/airflow/example_dags/example_trigger_target_dag.py for tasks to queue
[2023-10-14T10:55:11.454+0000] {logging_mixin.py:151} INFO - [2023-10-14T10:55:11.453+0000] {dagbag.py:536} INFO - Filling up the DagBag from /home/airflow/.local/lib/python3.8/site-packages/airflow/example_dags/example_trigger_target_dag.py
[2023-10-14T10:55:11.463+0000] {processor.py:839} INFO - DAG(s) dict_keys(['example_trigger_target_dag']) retrieved from /home/airflow/.local/lib/python3.8/site-packages/airflow/example_dags/example_trigger_target_dag.py
[2023-10-14T10:55:11.498+0000] {logging_mixin.py:151} INFO - [2023-10-14T10:55:11.497+0000] {dag.py:2941} INFO - Sync 1 DAGs
[2023-10-14T10:55:11.589+0000] {logging_mixin.py:151} INFO - [2023-10-14T10:55:11.588+0000] {dag.py:3722} INFO - Setting next_dagrun for example_trigger_target_dag to None, run_after=None
[2023-10-14T10:55:11.671+0000] {processor.py:179} INFO - Processing /home/airflow/.local/lib/python3.8/site-packages/airflow/example_dags/example_trigger_target_dag.py took 0.248 seconds
[2023-10-14T10:55:41.713+0000] {processor.py:157} INFO - Started process (PID=89) to work on /home/airflow/.local/lib/python3.8/site-packages/airflow/example_dags/example_trigger_target_dag.py
[2023-10-14T10:55:41.713+0000] {processor.py:829} INFO - Processing file /home/airflow/.local/lib/python3.8/site-packages/airflow/example_dags/example_trigger_target_dag.py for tasks to queue
[2023-10-14T10:55:41.715+0000] {logging_mixin.py:151} INFO - [2023-10-14T10:55:41.715+0000] {dagbag.py:536} INFO - Filling up the DagBag from /home/airflow/.local/lib/python3.8/site-packages/airflow/example_dags/example_trigger_target_dag.py
[2023-10-14T10:55:41.719+0000] {processor.py:839} INFO - DAG(s) dict_keys(['example_trigger_target_dag']) retrieved from /home/airflow/.local/lib/python3.8/site-packages/airflow/example_dags/example_trigger_target_dag.py
[2023-10-14T10:55:41.731+0000] {logging_mixin.py:151} INFO - [2023-10-14T10:55:41.731+0000] {dag.py:2941} INFO - Sync 1 DAGs
[2023-10-14T10:55:41.744+0000] {logging_mixin.py:151} INFO - [2023-10-14T10:55:41.744+0000] {dag.py:3722} INFO - Setting next_dagrun for example_trigger_target_dag to None, run_after=None
[2023-10-14T10:55:41.757+0000] {processor.py:179} INFO - Processing /home/airflow/.local/lib/python3.8/site-packages/airflow/example_dags/example_trigger_target_dag.py took 0.049 seconds
[2023-10-14T10:56:12.336+0000] {processor.py:157} INFO - Started process (PID=144) to work on /home/airflow/.local/lib/python3.8/site-packages/airflow/example_dags/example_trigger_target_dag.py
[2023-10-14T10:56:12.337+0000] {processor.py:829} INFO - Processing file /home/airflow/.local/lib/python3.8/site-packages/airflow/example_dags/example_trigger_target_dag.py for tasks to queue
[2023-10-14T10:56:12.339+0000] {logging_mixin.py:151} INFO - [2023-10-14T10:56:12.338+0000] {dagbag.py:536} INFO - Filling up the DagBag from /home/airflow/.local/lib/python3.8/site-packages/airflow/example_dags/example_trigger_target_dag.py
[2023-10-14T10:56:12.342+0000] {processor.py:839} INFO - DAG(s) dict_keys(['example_trigger_target_dag']) retrieved from /home/airflow/.local/lib/python3.8/site-packages/airflow/example_dags/example_trigger_target_dag.py
[2023-10-14T10:56:12.354+0000] {logging_mixin.py:151} INFO - [2023-10-14T10:56:12.354+0000] {dag.py:2941} INFO - Sync 1 DAGs
[2023-10-14T10:56:12.360+0000] {logging_mixin.py:151} INFO - [2023-10-14T10:56:12.360+0000] {dag.py:3722} INFO - Setting next_dagrun for example_trigger_target_dag to None, run_after=None
[2023-10-14T10:56:12.369+0000] {processor.py:179} INFO - Processing /home/airflow/.local/lib/python3.8/site-packages/airflow/example_dags/example_trigger_target_dag.py took 0.036 seconds
[2023-10-14T10:56:42.515+0000] {processor.py:157} INFO - Started process (PID=199) to work on /home/airflow/.local/lib/python3.8/site-packages/airflow/example_dags/example_trigger_target_dag.py
[2023-10-14T10:56:42.516+0000] {processor.py:829} INFO - Processing file /home/airflow/.local/lib/python3.8/site-packages/airflow/example_dags/example_trigger_target_dag.py for tasks to queue
[2023-10-14T10:56:42.518+0000] {logging_mixin.py:151} INFO - [2023-10-14T10:56:42.518+0000] {dagbag.py:536} INFO - Filling up the DagBag from /home/airflow/.local/lib/python3.8/site-packages/airflow/example_dags/example_trigger_target_dag.py
[2023-10-14T10:56:42.522+0000] {processor.py:839} INFO - DAG(s) dict_keys(['example_trigger_target_dag']) retrieved from /home/airflow/.local/lib/python3.8/site-packages/airflow/example_dags/example_trigger_target_dag.py
[2023-10-14T10:56:42.533+0000] {logging_mixin.py:151} INFO - [2023-10-14T10:56:42.533+0000] {dag.py:2941} INFO - Sync 1 DAGs
[2023-10-14T10:56:42.540+0000] {logging_mixin.py:151} INFO - [2023-10-14T10:56:42.540+0000] {dag.py:3722} INFO - Setting next_dagrun for example_trigger_target_dag to None, run_after=None
[2023-10-14T10:56:42.548+0000] {processor.py:179} INFO - Processing /home/airflow/.local/lib/python3.8/site-packages/airflow/example_dags/example_trigger_target_dag.py took 0.035 seconds
[2023-10-14T10:57:12.918+0000] {processor.py:157} INFO - Started process (PID=254) to work on /home/airflow/.local/lib/python3.8/site-packages/airflow/example_dags/example_trigger_target_dag.py
[2023-10-14T10:57:12.919+0000] {processor.py:829} INFO - Processing file /home/airflow/.local/lib/python3.8/site-packages/airflow/example_dags/example_trigger_target_dag.py for tasks to queue
[2023-10-14T10:57:12.921+0000] {logging_mixin.py:151} INFO - [2023-10-14T10:57:12.921+0000] {dagbag.py:536} INFO - Filling up the DagBag from /home/airflow/.local/lib/python3.8/site-packages/airflow/example_dags/example_trigger_target_dag.py
[2023-10-14T10:57:12.925+0000] {processor.py:839} INFO - DAG(s) dict_keys(['example_trigger_target_dag']) retrieved from /home/airflow/.local/lib/python3.8/site-packages/airflow/example_dags/example_trigger_target_dag.py
[2023-10-14T10:57:12.937+0000] {logging_mixin.py:151} INFO - [2023-10-14T10:57:12.937+0000] {dag.py:2941} INFO - Sync 1 DAGs
[2023-10-14T10:57:12.943+0000] {logging_mixin.py:151} INFO - [2023-10-14T10:57:12.943+0000] {dag.py:3722} INFO - Setting next_dagrun for example_trigger_target_dag to None, run_after=None
[2023-10-14T10:57:12.953+0000] {processor.py:179} INFO - Processing /home/airflow/.local/lib/python3.8/site-packages/airflow/example_dags/example_trigger_target_dag.py took 0.037 seconds
[2023-10-14T10:57:43.194+0000] {processor.py:157} INFO - Started process (PID=309) to work on /home/airflow/.local/lib/python3.8/site-packages/airflow/example_dags/example_trigger_target_dag.py
[2023-10-14T10:57:43.194+0000] {processor.py:829} INFO - Processing file /home/airflow/.local/lib/python3.8/site-packages/airflow/example_dags/example_trigger_target_dag.py for tasks to queue
[2023-10-14T10:57:43.197+0000] {logging_mixin.py:151} INFO - [2023-10-14T10:57:43.196+0000] {dagbag.py:536} INFO - Filling up the DagBag from /home/airflow/.local/lib/python3.8/site-packages/airflow/example_dags/example_trigger_target_dag.py
[2023-10-14T10:57:43.200+0000] {processor.py:839} INFO - DAG(s) dict_keys(['example_trigger_target_dag']) retrieved from /home/airflow/.local/lib/python3.8/site-packages/airflow/example_dags/example_trigger_target_dag.py
[2023-10-14T10:57:43.213+0000] {logging_mixin.py:151} INFO - [2023-10-14T10:57:43.213+0000] {dag.py:2941} INFO - Sync 1 DAGs
[2023-10-14T10:57:43.219+0000] {logging_mixin.py:151} INFO - [2023-10-14T10:57:43.219+0000] {dag.py:3722} INFO - Setting next_dagrun for example_trigger_target_dag to None, run_after=None
[2023-10-14T10:57:43.228+0000] {processor.py:179} INFO - Processing /home/airflow/.local/lib/python3.8/site-packages/airflow/example_dags/example_trigger_target_dag.py took 0.037 seconds
[2023-10-14T10:58:13.717+0000] {processor.py:157} INFO - Started process (PID=365) to work on /home/airflow/.local/lib/python3.8/site-packages/airflow/example_dags/example_trigger_target_dag.py
[2023-10-14T10:58:13.718+0000] {processor.py:829} INFO - Processing file /home/airflow/.local/lib/python3.8/site-packages/airflow/example_dags/example_trigger_target_dag.py for tasks to queue
[2023-10-14T10:58:13.720+0000] {logging_mixin.py:151} INFO - [2023-10-14T10:58:13.720+0000] {dagbag.py:536} INFO - Filling up the DagBag from /home/airflow/.local/lib/python3.8/site-packages/airflow/example_dags/example_trigger_target_dag.py
[2023-10-14T10:58:13.723+0000] {processor.py:839} INFO - DAG(s) dict_keys(['example_trigger_target_dag']) retrieved from /home/airflow/.local/lib/python3.8/site-packages/airflow/example_dags/example_trigger_target_dag.py
[2023-10-14T10:58:13.736+0000] {logging_mixin.py:151} INFO - [2023-10-14T10:58:13.736+0000] {dag.py:2941} INFO - Sync 1 DAGs
[2023-10-14T10:58:13.743+0000] {logging_mixin.py:151} INFO - [2023-10-14T10:58:13.742+0000] {dag.py:3722} INFO - Setting next_dagrun for example_trigger_target_dag to None, run_after=None
[2023-10-14T10:58:13.751+0000] {processor.py:179} INFO - Processing /home/airflow/.local/lib/python3.8/site-packages/airflow/example_dags/example_trigger_target_dag.py took 0.036 seconds
[2023-10-14T10:58:44.006+0000] {processor.py:157} INFO - Started process (PID=420) to work on /home/airflow/.local/lib/python3.8/site-packages/airflow/example_dags/example_trigger_target_dag.py
[2023-10-14T10:58:44.007+0000] {processor.py:829} INFO - Processing file /home/airflow/.local/lib/python3.8/site-packages/airflow/example_dags/example_trigger_target_dag.py for tasks to queue
[2023-10-14T10:58:44.009+0000] {logging_mixin.py:151} INFO - [2023-10-14T10:58:44.009+0000] {dagbag.py:536} INFO - Filling up the DagBag from /home/airflow/.local/lib/python3.8/site-packages/airflow/example_dags/example_trigger_target_dag.py
[2023-10-14T10:58:44.014+0000] {processor.py:839} INFO - DAG(s) dict_keys(['example_trigger_target_dag']) retrieved from /home/airflow/.local/lib/python3.8/site-packages/airflow/example_dags/example_trigger_target_dag.py
[2023-10-14T10:58:44.029+0000] {logging_mixin.py:151} INFO - [2023-10-14T10:58:44.029+0000] {dag.py:2941} INFO - Sync 1 DAGs
[2023-10-14T10:58:44.037+0000] {logging_mixin.py:151} INFO - [2023-10-14T10:58:44.037+0000] {dag.py:3722} INFO - Setting next_dagrun for example_trigger_target_dag to None, run_after=None
[2023-10-14T10:58:44.047+0000] {processor.py:179} INFO - Processing /home/airflow/.local/lib/python3.8/site-packages/airflow/example_dags/example_trigger_target_dag.py took 0.043 seconds
[2023-10-14T10:59:14.185+0000] {processor.py:157} INFO - Started process (PID=474) to work on /home/airflow/.local/lib/python3.8/site-packages/airflow/example_dags/example_trigger_target_dag.py
[2023-10-14T10:59:14.186+0000] {processor.py:829} INFO - Processing file /home/airflow/.local/lib/python3.8/site-packages/airflow/example_dags/example_trigger_target_dag.py for tasks to queue
[2023-10-14T10:59:14.188+0000] {logging_mixin.py:151} INFO - [2023-10-14T10:59:14.188+0000] {dagbag.py:536} INFO - Filling up the DagBag from /home/airflow/.local/lib/python3.8/site-packages/airflow/example_dags/example_trigger_target_dag.py
[2023-10-14T10:59:14.193+0000] {processor.py:839} INFO - DAG(s) dict_keys(['example_trigger_target_dag']) retrieved from /home/airflow/.local/lib/python3.8/site-packages/airflow/example_dags/example_trigger_target_dag.py
[2023-10-14T10:59:14.207+0000] {logging_mixin.py:151} INFO - [2023-10-14T10:59:14.206+0000] {dag.py:2941} INFO - Sync 1 DAGs
[2023-10-14T10:59:14.214+0000] {logging_mixin.py:151} INFO - [2023-10-14T10:59:14.214+0000] {dag.py:3722} INFO - Setting next_dagrun for example_trigger_target_dag to None, run_after=None
[2023-10-14T10:59:14.224+0000] {processor.py:179} INFO - Processing /home/airflow/.local/lib/python3.8/site-packages/airflow/example_dags/example_trigger_target_dag.py took 0.041 seconds
[2023-10-14T10:59:44.456+0000] {processor.py:157} INFO - Started process (PID=530) to work on /home/airflow/.local/lib/python3.8/site-packages/airflow/example_dags/example_trigger_target_dag.py
[2023-10-14T10:59:44.457+0000] {processor.py:829} INFO - Processing file /home/airflow/.local/lib/python3.8/site-packages/airflow/example_dags/example_trigger_target_dag.py for tasks to queue
[2023-10-14T10:59:44.459+0000] {logging_mixin.py:151} INFO - [2023-10-14T10:59:44.458+0000] {dagbag.py:536} INFO - Filling up the DagBag from /home/airflow/.local/lib/python3.8/site-packages/airflow/example_dags/example_trigger_target_dag.py
[2023-10-14T10:59:44.463+0000] {processor.py:839} INFO - DAG(s) dict_keys(['example_trigger_target_dag']) retrieved from /home/airflow/.local/lib/python3.8/site-packages/airflow/example_dags/example_trigger_target_dag.py
[2023-10-14T10:59:44.476+0000] {logging_mixin.py:151} INFO - [2023-10-14T10:59:44.476+0000] {dag.py:2941} INFO - Sync 1 DAGs
[2023-10-14T10:59:44.483+0000] {logging_mixin.py:151} INFO - [2023-10-14T10:59:44.483+0000] {dag.py:3722} INFO - Setting next_dagrun for example_trigger_target_dag to None, run_after=None
[2023-10-14T10:59:44.491+0000] {processor.py:179} INFO - Processing /home/airflow/.local/lib/python3.8/site-packages/airflow/example_dags/example_trigger_target_dag.py took 0.037 seconds
[2023-10-14T11:00:14.658+0000] {processor.py:157} INFO - Started process (PID=585) to work on /home/airflow/.local/lib/python3.8/site-packages/airflow/example_dags/example_trigger_target_dag.py
[2023-10-14T11:00:14.659+0000] {processor.py:829} INFO - Processing file /home/airflow/.local/lib/python3.8/site-packages/airflow/example_dags/example_trigger_target_dag.py for tasks to queue
[2023-10-14T11:00:14.660+0000] {logging_mixin.py:151} INFO - [2023-10-14T11:00:14.660+0000] {dagbag.py:536} INFO - Filling up the DagBag from /home/airflow/.local/lib/python3.8/site-packages/airflow/example_dags/example_trigger_target_dag.py
[2023-10-14T11:00:14.664+0000] {processor.py:839} INFO - DAG(s) dict_keys(['example_trigger_target_dag']) retrieved from /home/airflow/.local/lib/python3.8/site-packages/airflow/example_dags/example_trigger_target_dag.py
[2023-10-14T11:00:14.676+0000] {logging_mixin.py:151} INFO - [2023-10-14T11:00:14.676+0000] {dag.py:2941} INFO - Sync 1 DAGs
[2023-10-14T11:00:14.683+0000] {logging_mixin.py:151} INFO - [2023-10-14T11:00:14.682+0000] {dag.py:3722} INFO - Setting next_dagrun for example_trigger_target_dag to None, run_after=None
[2023-10-14T11:00:14.692+0000] {processor.py:179} INFO - Processing /home/airflow/.local/lib/python3.8/site-packages/airflow/example_dags/example_trigger_target_dag.py took 0.036 seconds
[2023-10-14T11:00:44.831+0000] {processor.py:157} INFO - Started process (PID=640) to work on /home/airflow/.local/lib/python3.8/site-packages/airflow/example_dags/example_trigger_target_dag.py
[2023-10-14T11:00:44.831+0000] {processor.py:829} INFO - Processing file /home/airflow/.local/lib/python3.8/site-packages/airflow/example_dags/example_trigger_target_dag.py for tasks to queue
[2023-10-14T11:00:44.833+0000] {logging_mixin.py:151} INFO - [2023-10-14T11:00:44.833+0000] {dagbag.py:536} INFO - Filling up the DagBag from /home/airflow/.local/lib/python3.8/site-packages/airflow/example_dags/example_trigger_target_dag.py
[2023-10-14T11:00:44.836+0000] {processor.py:839} INFO - DAG(s) dict_keys(['example_trigger_target_dag']) retrieved from /home/airflow/.local/lib/python3.8/site-packages/airflow/example_dags/example_trigger_target_dag.py
[2023-10-14T11:00:44.851+0000] {logging_mixin.py:151} INFO - [2023-10-14T11:00:44.851+0000] {dag.py:2941} INFO - Sync 1 DAGs
[2023-10-14T11:00:44.858+0000] {logging_mixin.py:151} INFO - [2023-10-14T11:00:44.858+0000] {dag.py:3722} INFO - Setting next_dagrun for example_trigger_target_dag to None, run_after=None
[2023-10-14T11:00:44.867+0000] {processor.py:179} INFO - Processing /home/airflow/.local/lib/python3.8/site-packages/airflow/example_dags/example_trigger_target_dag.py took 0.039 seconds
[2023-10-14T11:01:15.225+0000] {processor.py:157} INFO - Started process (PID=695) to work on /home/airflow/.local/lib/python3.8/site-packages/airflow/example_dags/example_trigger_target_dag.py
[2023-10-14T11:01:15.226+0000] {processor.py:829} INFO - Processing file /home/airflow/.local/lib/python3.8/site-packages/airflow/example_dags/example_trigger_target_dag.py for tasks to queue
[2023-10-14T11:01:15.227+0000] {logging_mixin.py:151} INFO - [2023-10-14T11:01:15.227+0000] {dagbag.py:536} INFO - Filling up the DagBag from /home/airflow/.local/lib/python3.8/site-packages/airflow/example_dags/example_trigger_target_dag.py
[2023-10-14T11:01:15.231+0000] {processor.py:839} INFO - DAG(s) dict_keys(['example_trigger_target_dag']) retrieved from /home/airflow/.local/lib/python3.8/site-packages/airflow/example_dags/example_trigger_target_dag.py
[2023-10-14T11:01:15.245+0000] {logging_mixin.py:151} INFO - [2023-10-14T11:01:15.244+0000] {dag.py:2941} INFO - Sync 1 DAGs
[2023-10-14T11:01:15.251+0000] {logging_mixin.py:151} INFO - [2023-10-14T11:01:15.251+0000] {dag.py:3722} INFO - Setting next_dagrun for example_trigger_target_dag to None, run_after=None
[2023-10-14T11:01:15.260+0000] {processor.py:179} INFO - Processing /home/airflow/.local/lib/python3.8/site-packages/airflow/example_dags/example_trigger_target_dag.py took 0.038 seconds
[2023-10-14T11:01:45.471+0000] {processor.py:157} INFO - Started process (PID=751) to work on /home/airflow/.local/lib/python3.8/site-packages/airflow/example_dags/example_trigger_target_dag.py
[2023-10-14T11:01:45.472+0000] {processor.py:829} INFO - Processing file /home/airflow/.local/lib/python3.8/site-packages/airflow/example_dags/example_trigger_target_dag.py for tasks to queue
[2023-10-14T11:01:45.474+0000] {logging_mixin.py:151} INFO - [2023-10-14T11:01:45.473+0000] {dagbag.py:536} INFO - Filling up the DagBag from /home/airflow/.local/lib/python3.8/site-packages/airflow/example_dags/example_trigger_target_dag.py
[2023-10-14T11:01:45.478+0000] {processor.py:839} INFO - DAG(s) dict_keys(['example_trigger_target_dag']) retrieved from /home/airflow/.local/lib/python3.8/site-packages/airflow/example_dags/example_trigger_target_dag.py
[2023-10-14T11:01:45.492+0000] {logging_mixin.py:151} INFO - [2023-10-14T11:01:45.492+0000] {dag.py:2941} INFO - Sync 1 DAGs
[2023-10-14T11:01:45.500+0000] {logging_mixin.py:151} INFO - [2023-10-14T11:01:45.500+0000] {dag.py:3722} INFO - Setting next_dagrun for example_trigger_target_dag to None, run_after=None
[2023-10-14T11:01:45.510+0000] {processor.py:179} INFO - Processing /home/airflow/.local/lib/python3.8/site-packages/airflow/example_dags/example_trigger_target_dag.py took 0.042 seconds
[2023-10-14T11:02:16.076+0000] {processor.py:157} INFO - Started process (PID=808) to work on /home/airflow/.local/lib/python3.8/site-packages/airflow/example_dags/example_trigger_target_dag.py
[2023-10-14T11:02:16.077+0000] {processor.py:829} INFO - Processing file /home/airflow/.local/lib/python3.8/site-packages/airflow/example_dags/example_trigger_target_dag.py for tasks to queue
[2023-10-14T11:02:16.079+0000] {logging_mixin.py:151} INFO - [2023-10-14T11:02:16.078+0000] {dagbag.py:536} INFO - Filling up the DagBag from /home/airflow/.local/lib/python3.8/site-packages/airflow/example_dags/example_trigger_target_dag.py
[2023-10-14T11:02:16.083+0000] {processor.py:839} INFO - DAG(s) dict_keys(['example_trigger_target_dag']) retrieved from /home/airflow/.local/lib/python3.8/site-packages/airflow/example_dags/example_trigger_target_dag.py
[2023-10-14T11:02:16.096+0000] {logging_mixin.py:151} INFO - [2023-10-14T11:02:16.095+0000] {dag.py:2941} INFO - Sync 1 DAGs
[2023-10-14T11:02:16.102+0000] {logging_mixin.py:151} INFO - [2023-10-14T11:02:16.102+0000] {dag.py:3722} INFO - Setting next_dagrun for example_trigger_target_dag to None, run_after=None
[2023-10-14T11:02:16.110+0000] {processor.py:179} INFO - Processing /home/airflow/.local/lib/python3.8/site-packages/airflow/example_dags/example_trigger_target_dag.py took 0.036 seconds
[2023-10-14T11:02:46.479+0000] {processor.py:157} INFO - Started process (PID=863) to work on /home/airflow/.local/lib/python3.8/site-packages/airflow/example_dags/example_trigger_target_dag.py
[2023-10-14T11:02:46.480+0000] {processor.py:829} INFO - Processing file /home/airflow/.local/lib/python3.8/site-packages/airflow/example_dags/example_trigger_target_dag.py for tasks to queue
[2023-10-14T11:02:46.481+0000] {logging_mixin.py:151} INFO - [2023-10-14T11:02:46.481+0000] {dagbag.py:536} INFO - Filling up the DagBag from /home/airflow/.local/lib/python3.8/site-packages/airflow/example_dags/example_trigger_target_dag.py
[2023-10-14T11:02:46.485+0000] {processor.py:839} INFO - DAG(s) dict_keys(['example_trigger_target_dag']) retrieved from /home/airflow/.local/lib/python3.8/site-packages/airflow/example_dags/example_trigger_target_dag.py
[2023-10-14T11:02:46.498+0000] {logging_mixin.py:151} INFO - [2023-10-14T11:02:46.497+0000] {dag.py:2941} INFO - Sync 1 DAGs
[2023-10-14T11:02:46.504+0000] {logging_mixin.py:151} INFO - [2023-10-14T11:02:46.504+0000] {dag.py:3722} INFO - Setting next_dagrun for example_trigger_target_dag to None, run_after=None
[2023-10-14T11:02:46.516+0000] {processor.py:179} INFO - Processing /home/airflow/.local/lib/python3.8/site-packages/airflow/example_dags/example_trigger_target_dag.py took 0.040 seconds
[2023-10-14T11:03:16.916+0000] {processor.py:157} INFO - Started process (PID=919) to work on /home/airflow/.local/lib/python3.8/site-packages/airflow/example_dags/example_trigger_target_dag.py
[2023-10-14T11:03:16.916+0000] {processor.py:829} INFO - Processing file /home/airflow/.local/lib/python3.8/site-packages/airflow/example_dags/example_trigger_target_dag.py for tasks to queue
[2023-10-14T11:03:16.918+0000] {logging_mixin.py:151} INFO - [2023-10-14T11:03:16.918+0000] {dagbag.py:536} INFO - Filling up the DagBag from /home/airflow/.local/lib/python3.8/site-packages/airflow/example_dags/example_trigger_target_dag.py
[2023-10-14T11:03:16.922+0000] {processor.py:839} INFO - DAG(s) dict_keys(['example_trigger_target_dag']) retrieved from /home/airflow/.local/lib/python3.8/site-packages/airflow/example_dags/example_trigger_target_dag.py
[2023-10-14T11:03:16.934+0000] {logging_mixin.py:151} INFO - [2023-10-14T11:03:16.934+0000] {dag.py:2941} INFO - Sync 1 DAGs
[2023-10-14T11:03:16.940+0000] {logging_mixin.py:151} INFO - [2023-10-14T11:03:16.940+0000] {dag.py:3722} INFO - Setting next_dagrun for example_trigger_target_dag to None, run_after=None
[2023-10-14T11:03:16.949+0000] {processor.py:179} INFO - Processing /home/airflow/.local/lib/python3.8/site-packages/airflow/example_dags/example_trigger_target_dag.py took 0.035 seconds
[2023-10-14T11:03:47.230+0000] {processor.py:157} INFO - Started process (PID=974) to work on /home/airflow/.local/lib/python3.8/site-packages/airflow/example_dags/example_trigger_target_dag.py
[2023-10-14T11:03:47.231+0000] {processor.py:829} INFO - Processing file /home/airflow/.local/lib/python3.8/site-packages/airflow/example_dags/example_trigger_target_dag.py for tasks to queue
[2023-10-14T11:03:47.233+0000] {logging_mixin.py:151} INFO - [2023-10-14T11:03:47.232+0000] {dagbag.py:536} INFO - Filling up the DagBag from /home/airflow/.local/lib/python3.8/site-packages/airflow/example_dags/example_trigger_target_dag.py
[2023-10-14T11:03:47.237+0000] {processor.py:839} INFO - DAG(s) dict_keys(['example_trigger_target_dag']) retrieved from /home/airflow/.local/lib/python3.8/site-packages/airflow/example_dags/example_trigger_target_dag.py
[2023-10-14T11:03:47.249+0000] {logging_mixin.py:151} INFO - [2023-10-14T11:03:47.249+0000] {dag.py:2941} INFO - Sync 1 DAGs
[2023-10-14T11:03:47.255+0000] {logging_mixin.py:151} INFO - [2023-10-14T11:03:47.255+0000] {dag.py:3722} INFO - Setting next_dagrun for example_trigger_target_dag to None, run_after=None
[2023-10-14T11:03:47.264+0000] {processor.py:179} INFO - Processing /home/airflow/.local/lib/python3.8/site-packages/airflow/example_dags/example_trigger_target_dag.py took 0.035 seconds
[2023-10-14T11:04:17.774+0000] {processor.py:157} INFO - Started process (PID=1030) to work on /home/airflow/.local/lib/python3.8/site-packages/airflow/example_dags/example_trigger_target_dag.py
[2023-10-14T11:04:17.774+0000] {processor.py:829} INFO - Processing file /home/airflow/.local/lib/python3.8/site-packages/airflow/example_dags/example_trigger_target_dag.py for tasks to queue
[2023-10-14T11:04:17.776+0000] {logging_mixin.py:151} INFO - [2023-10-14T11:04:17.776+0000] {dagbag.py:536} INFO - Filling up the DagBag from /home/airflow/.local/lib/python3.8/site-packages/airflow/example_dags/example_trigger_target_dag.py
[2023-10-14T11:04:17.780+0000] {processor.py:839} INFO - DAG(s) dict_keys(['example_trigger_target_dag']) retrieved from /home/airflow/.local/lib/python3.8/site-packages/airflow/example_dags/example_trigger_target_dag.py
[2023-10-14T11:04:17.794+0000] {logging_mixin.py:151} INFO - [2023-10-14T11:04:17.794+0000] {dag.py:2941} INFO - Sync 1 DAGs
[2023-10-14T11:04:17.801+0000] {logging_mixin.py:151} INFO - [2023-10-14T11:04:17.801+0000] {dag.py:3722} INFO - Setting next_dagrun for example_trigger_target_dag to None, run_after=None
[2023-10-14T11:04:17.810+0000] {processor.py:179} INFO - Processing /home/airflow/.local/lib/python3.8/site-packages/airflow/example_dags/example_trigger_target_dag.py took 0.039 seconds
[2023-10-14T11:04:48.099+0000] {processor.py:157} INFO - Started process (PID=1085) to work on /home/airflow/.local/lib/python3.8/site-packages/airflow/example_dags/example_trigger_target_dag.py
[2023-10-14T11:04:48.100+0000] {processor.py:829} INFO - Processing file /home/airflow/.local/lib/python3.8/site-packages/airflow/example_dags/example_trigger_target_dag.py for tasks to queue
[2023-10-14T11:04:48.102+0000] {logging_mixin.py:151} INFO - [2023-10-14T11:04:48.102+0000] {dagbag.py:536} INFO - Filling up the DagBag from /home/airflow/.local/lib/python3.8/site-packages/airflow/example_dags/example_trigger_target_dag.py
[2023-10-14T11:04:48.106+0000] {processor.py:839} INFO - DAG(s) dict_keys(['example_trigger_target_dag']) retrieved from /home/airflow/.local/lib/python3.8/site-packages/airflow/example_dags/example_trigger_target_dag.py
[2023-10-14T11:04:48.119+0000] {logging_mixin.py:151} INFO - [2023-10-14T11:04:48.119+0000] {dag.py:2941} INFO - Sync 1 DAGs
[2023-10-14T11:04:48.126+0000] {logging_mixin.py:151} INFO - [2023-10-14T11:04:48.125+0000] {dag.py:3722} INFO - Setting next_dagrun for example_trigger_target_dag to None, run_after=None
[2023-10-14T11:04:48.135+0000] {processor.py:179} INFO - Processing /home/airflow/.local/lib/python3.8/site-packages/airflow/example_dags/example_trigger_target_dag.py took 0.039 seconds
[2023-10-14T11:05:18.426+0000] {processor.py:157} INFO - Started process (PID=1140) to work on /home/airflow/.local/lib/python3.8/site-packages/airflow/example_dags/example_trigger_target_dag.py
[2023-10-14T11:05:18.426+0000] {processor.py:829} INFO - Processing file /home/airflow/.local/lib/python3.8/site-packages/airflow/example_dags/example_trigger_target_dag.py for tasks to queue
[2023-10-14T11:05:18.428+0000] {logging_mixin.py:151} INFO - [2023-10-14T11:05:18.428+0000] {dagbag.py:536} INFO - Filling up the DagBag from /home/airflow/.local/lib/python3.8/site-packages/airflow/example_dags/example_trigger_target_dag.py
[2023-10-14T11:05:18.433+0000] {processor.py:839} INFO - DAG(s) dict_keys(['example_trigger_target_dag']) retrieved from /home/airflow/.local/lib/python3.8/site-packages/airflow/example_dags/example_trigger_target_dag.py
[2023-10-14T11:05:18.449+0000] {logging_mixin.py:151} INFO - [2023-10-14T11:05:18.449+0000] {dag.py:2941} INFO - Sync 1 DAGs
[2023-10-14T11:05:18.455+0000] {logging_mixin.py:151} INFO - [2023-10-14T11:05:18.455+0000] {dag.py:3722} INFO - Setting next_dagrun for example_trigger_target_dag to None, run_after=None
[2023-10-14T11:05:18.465+0000] {processor.py:179} INFO - Processing /home/airflow/.local/lib/python3.8/site-packages/airflow/example_dags/example_trigger_target_dag.py took 0.041 seconds
[2023-10-14T11:05:49.225+0000] {processor.py:157} INFO - Started process (PID=1195) to work on /home/airflow/.local/lib/python3.8/site-packages/airflow/example_dags/example_trigger_target_dag.py
[2023-10-14T11:05:49.225+0000] {processor.py:829} INFO - Processing file /home/airflow/.local/lib/python3.8/site-packages/airflow/example_dags/example_trigger_target_dag.py for tasks to queue
[2023-10-14T11:05:49.227+0000] {logging_mixin.py:151} INFO - [2023-10-14T11:05:49.227+0000] {dagbag.py:536} INFO - Filling up the DagBag from /home/airflow/.local/lib/python3.8/site-packages/airflow/example_dags/example_trigger_target_dag.py
[2023-10-14T11:05:49.232+0000] {processor.py:839} INFO - DAG(s) dict_keys(['example_trigger_target_dag']) retrieved from /home/airflow/.local/lib/python3.8/site-packages/airflow/example_dags/example_trigger_target_dag.py
[2023-10-14T11:05:49.244+0000] {logging_mixin.py:151} INFO - [2023-10-14T11:05:49.244+0000] {dag.py:2941} INFO - Sync 1 DAGs
[2023-10-14T11:05:49.252+0000] {logging_mixin.py:151} INFO - [2023-10-14T11:05:49.251+0000] {dag.py:3722} INFO - Setting next_dagrun for example_trigger_target_dag to None, run_after=None
[2023-10-14T11:05:49.261+0000] {processor.py:179} INFO - Processing /home/airflow/.local/lib/python3.8/site-packages/airflow/example_dags/example_trigger_target_dag.py took 0.039 seconds
[2023-10-14T11:06:20.676+0000] {processor.py:157} INFO - Started process (PID=1251) to work on /home/airflow/.local/lib/python3.8/site-packages/airflow/example_dags/example_trigger_target_dag.py
[2023-10-14T11:06:20.678+0000] {processor.py:829} INFO - Processing file /home/airflow/.local/lib/python3.8/site-packages/airflow/example_dags/example_trigger_target_dag.py for tasks to queue
[2023-10-14T11:06:20.682+0000] {logging_mixin.py:151} INFO - [2023-10-14T11:06:20.681+0000] {dagbag.py:536} INFO - Filling up the DagBag from /home/airflow/.local/lib/python3.8/site-packages/airflow/example_dags/example_trigger_target_dag.py
[2023-10-14T11:06:20.689+0000] {processor.py:839} INFO - DAG(s) dict_keys(['example_trigger_target_dag']) retrieved from /home/airflow/.local/lib/python3.8/site-packages/airflow/example_dags/example_trigger_target_dag.py
[2023-10-14T11:06:20.711+0000] {logging_mixin.py:151} INFO - [2023-10-14T11:06:20.711+0000] {dag.py:2941} INFO - Sync 1 DAGs
[2023-10-14T11:06:20.718+0000] {logging_mixin.py:151} INFO - [2023-10-14T11:06:20.718+0000] {dag.py:3722} INFO - Setting next_dagrun for example_trigger_target_dag to None, run_after=None
[2023-10-14T11:06:20.727+0000] {processor.py:179} INFO - Processing /home/airflow/.local/lib/python3.8/site-packages/airflow/example_dags/example_trigger_target_dag.py took 0.057 seconds
[2023-10-14T11:06:51.047+0000] {processor.py:157} INFO - Started process (PID=1306) to work on /home/airflow/.local/lib/python3.8/site-packages/airflow/example_dags/example_trigger_target_dag.py
[2023-10-14T11:06:51.050+0000] {processor.py:829} INFO - Processing file /home/airflow/.local/lib/python3.8/site-packages/airflow/example_dags/example_trigger_target_dag.py for tasks to queue
[2023-10-14T11:06:51.054+0000] {logging_mixin.py:151} INFO - [2023-10-14T11:06:51.054+0000] {dagbag.py:536} INFO - Filling up the DagBag from /home/airflow/.local/lib/python3.8/site-packages/airflow/example_dags/example_trigger_target_dag.py
[2023-10-14T11:06:51.061+0000] {processor.py:839} INFO - DAG(s) dict_keys(['example_trigger_target_dag']) retrieved from /home/airflow/.local/lib/python3.8/site-packages/airflow/example_dags/example_trigger_target_dag.py
[2023-10-14T11:06:51.077+0000] {logging_mixin.py:151} INFO - [2023-10-14T11:06:51.077+0000] {dag.py:2941} INFO - Sync 1 DAGs
[2023-10-14T11:06:51.085+0000] {logging_mixin.py:151} INFO - [2023-10-14T11:06:51.085+0000] {dag.py:3722} INFO - Setting next_dagrun for example_trigger_target_dag to None, run_after=None
[2023-10-14T11:06:51.094+0000] {processor.py:179} INFO - Processing /home/airflow/.local/lib/python3.8/site-packages/airflow/example_dags/example_trigger_target_dag.py took 0.053 seconds
[2023-10-14T11:07:22.646+0000] {processor.py:157} INFO - Started process (PID=1365) to work on /home/airflow/.local/lib/python3.8/site-packages/airflow/example_dags/example_trigger_target_dag.py
[2023-10-14T11:07:22.649+0000] {processor.py:829} INFO - Processing file /home/airflow/.local/lib/python3.8/site-packages/airflow/example_dags/example_trigger_target_dag.py for tasks to queue
[2023-10-14T11:07:22.664+0000] {logging_mixin.py:151} INFO - [2023-10-14T11:07:22.664+0000] {dagbag.py:536} INFO - Filling up the DagBag from /home/airflow/.local/lib/python3.8/site-packages/airflow/example_dags/example_trigger_target_dag.py
[2023-10-14T11:07:22.703+0000] {processor.py:839} INFO - DAG(s) dict_keys(['example_trigger_target_dag']) retrieved from /home/airflow/.local/lib/python3.8/site-packages/airflow/example_dags/example_trigger_target_dag.py
[2023-10-14T11:07:22.828+0000] {logging_mixin.py:151} INFO - [2023-10-14T11:07:22.828+0000] {dag.py:2941} INFO - Sync 1 DAGs
[2023-10-14T11:07:22.871+0000] {logging_mixin.py:151} INFO - [2023-10-14T11:07:22.871+0000] {dag.py:3722} INFO - Setting next_dagrun for example_trigger_target_dag to None, run_after=None
[2023-10-14T11:07:22.961+0000] {processor.py:179} INFO - Processing /home/airflow/.local/lib/python3.8/site-packages/airflow/example_dags/example_trigger_target_dag.py took 0.367 seconds
[2023-10-14T11:07:53.182+0000] {processor.py:157} INFO - Started process (PID=1417) to work on /home/airflow/.local/lib/python3.8/site-packages/airflow/example_dags/example_trigger_target_dag.py
[2023-10-14T11:07:53.184+0000] {processor.py:829} INFO - Processing file /home/airflow/.local/lib/python3.8/site-packages/airflow/example_dags/example_trigger_target_dag.py for tasks to queue
[2023-10-14T11:07:53.188+0000] {logging_mixin.py:151} INFO - [2023-10-14T11:07:53.188+0000] {dagbag.py:536} INFO - Filling up the DagBag from /home/airflow/.local/lib/python3.8/site-packages/airflow/example_dags/example_trigger_target_dag.py
[2023-10-14T11:07:53.199+0000] {processor.py:839} INFO - DAG(s) dict_keys(['example_trigger_target_dag']) retrieved from /home/airflow/.local/lib/python3.8/site-packages/airflow/example_dags/example_trigger_target_dag.py
[2023-10-14T11:07:53.236+0000] {logging_mixin.py:151} INFO - [2023-10-14T11:07:53.236+0000] {dag.py:2941} INFO - Sync 1 DAGs
[2023-10-14T11:07:53.251+0000] {logging_mixin.py:151} INFO - [2023-10-14T11:07:53.251+0000] {dag.py:3722} INFO - Setting next_dagrun for example_trigger_target_dag to None, run_after=None
[2023-10-14T11:07:53.268+0000] {processor.py:179} INFO - Processing /home/airflow/.local/lib/python3.8/site-packages/airflow/example_dags/example_trigger_target_dag.py took 0.092 seconds
[2023-10-14T11:08:24.274+0000] {processor.py:157} INFO - Started process (PID=1472) to work on /home/airflow/.local/lib/python3.8/site-packages/airflow/example_dags/example_trigger_target_dag.py
[2023-10-14T11:08:24.276+0000] {processor.py:829} INFO - Processing file /home/airflow/.local/lib/python3.8/site-packages/airflow/example_dags/example_trigger_target_dag.py for tasks to queue
[2023-10-14T11:08:24.281+0000] {logging_mixin.py:151} INFO - [2023-10-14T11:08:24.280+0000] {dagbag.py:536} INFO - Filling up the DagBag from /home/airflow/.local/lib/python3.8/site-packages/airflow/example_dags/example_trigger_target_dag.py
[2023-10-14T11:08:24.291+0000] {processor.py:839} INFO - DAG(s) dict_keys(['example_trigger_target_dag']) retrieved from /home/airflow/.local/lib/python3.8/site-packages/airflow/example_dags/example_trigger_target_dag.py
[2023-10-14T11:08:24.327+0000] {logging_mixin.py:151} INFO - [2023-10-14T11:08:24.327+0000] {dag.py:2941} INFO - Sync 1 DAGs
[2023-10-14T11:08:24.339+0000] {logging_mixin.py:151} INFO - [2023-10-14T11:08:24.339+0000] {dag.py:3722} INFO - Setting next_dagrun for example_trigger_target_dag to None, run_after=None
[2023-10-14T11:08:24.352+0000] {processor.py:179} INFO - Processing /home/airflow/.local/lib/python3.8/site-packages/airflow/example_dags/example_trigger_target_dag.py took 0.085 seconds
[2023-10-14T11:08:54.902+0000] {processor.py:157} INFO - Started process (PID=1527) to work on /home/airflow/.local/lib/python3.8/site-packages/airflow/example_dags/example_trigger_target_dag.py
[2023-10-14T11:08:54.911+0000] {processor.py:829} INFO - Processing file /home/airflow/.local/lib/python3.8/site-packages/airflow/example_dags/example_trigger_target_dag.py for tasks to queue
[2023-10-14T11:08:54.923+0000] {logging_mixin.py:151} INFO - [2023-10-14T11:08:54.922+0000] {dagbag.py:536} INFO - Filling up the DagBag from /home/airflow/.local/lib/python3.8/site-packages/airflow/example_dags/example_trigger_target_dag.py
[2023-10-14T11:08:54.940+0000] {processor.py:839} INFO - DAG(s) dict_keys(['example_trigger_target_dag']) retrieved from /home/airflow/.local/lib/python3.8/site-packages/airflow/example_dags/example_trigger_target_dag.py
[2023-10-14T11:08:54.972+0000] {logging_mixin.py:151} INFO - [2023-10-14T11:08:54.972+0000] {dag.py:2941} INFO - Sync 1 DAGs
[2023-10-14T11:08:54.987+0000] {logging_mixin.py:151} INFO - [2023-10-14T11:08:54.987+0000] {dag.py:3722} INFO - Setting next_dagrun for example_trigger_target_dag to None, run_after=None
[2023-10-14T11:08:55.002+0000] {processor.py:179} INFO - Processing /home/airflow/.local/lib/python3.8/site-packages/airflow/example_dags/example_trigger_target_dag.py took 0.111 seconds
[2023-10-14T11:09:25.351+0000] {processor.py:157} INFO - Started process (PID=1582) to work on /home/airflow/.local/lib/python3.8/site-packages/airflow/example_dags/example_trigger_target_dag.py
[2023-10-14T11:09:25.352+0000] {processor.py:829} INFO - Processing file /home/airflow/.local/lib/python3.8/site-packages/airflow/example_dags/example_trigger_target_dag.py for tasks to queue
[2023-10-14T11:09:25.355+0000] {logging_mixin.py:151} INFO - [2023-10-14T11:09:25.355+0000] {dagbag.py:536} INFO - Filling up the DagBag from /home/airflow/.local/lib/python3.8/site-packages/airflow/example_dags/example_trigger_target_dag.py
[2023-10-14T11:09:25.364+0000] {processor.py:839} INFO - DAG(s) dict_keys(['example_trigger_target_dag']) retrieved from /home/airflow/.local/lib/python3.8/site-packages/airflow/example_dags/example_trigger_target_dag.py
[2023-10-14T11:09:25.383+0000] {logging_mixin.py:151} INFO - [2023-10-14T11:09:25.383+0000] {dag.py:2941} INFO - Sync 1 DAGs
[2023-10-14T11:09:25.393+0000] {logging_mixin.py:151} INFO - [2023-10-14T11:09:25.393+0000] {dag.py:3722} INFO - Setting next_dagrun for example_trigger_target_dag to None, run_after=None
[2023-10-14T11:09:25.406+0000] {processor.py:179} INFO - Processing /home/airflow/.local/lib/python3.8/site-packages/airflow/example_dags/example_trigger_target_dag.py took 0.058 seconds
