[2023-10-14T10:55:16.929+0000] {processor.py:157} INFO - Started process (PID=70) to work on /home/airflow/.local/lib/python3.8/site-packages/airflow/example_dags/example_setup_teardown_taskflow.py
[2023-10-14T10:55:16.930+0000] {processor.py:829} INFO - Processing file /home/airflow/.local/lib/python3.8/site-packages/airflow/example_dags/example_setup_teardown_taskflow.py for tasks to queue
[2023-10-14T10:55:16.931+0000] {logging_mixin.py:151} INFO - [2023-10-14T10:55:16.931+0000] {dagbag.py:536} INFO - Filling up the DagBag from /home/airflow/.local/lib/python3.8/site-packages/airflow/example_dags/example_setup_teardown_taskflow.py
[2023-10-14T10:55:16.941+0000] {processor.py:839} INFO - DAG(s) dict_keys(['example_setup_teardown_taskflow']) retrieved from /home/airflow/.local/lib/python3.8/site-packages/airflow/example_dags/example_setup_teardown_taskflow.py
[2023-10-14T10:55:16.955+0000] {logging_mixin.py:151} INFO - [2023-10-14T10:55:16.955+0000] {dag.py:2941} INFO - Sync 1 DAGs
[2023-10-14T10:55:16.999+0000] {logging_mixin.py:151} INFO - [2023-10-14T10:55:16.999+0000] {dag.py:3722} INFO - Setting next_dagrun for example_setup_teardown_taskflow to 2023-10-13T10:55:16.999194+00:00, run_after=2023-10-14T10:55:16.999194+00:00
[2023-10-14T10:55:17.028+0000] {processor.py:179} INFO - Processing /home/airflow/.local/lib/python3.8/site-packages/airflow/example_dags/example_setup_teardown_taskflow.py took 0.102 seconds
[2023-10-14T10:55:47.063+0000] {processor.py:157} INFO - Started process (PID=125) to work on /home/airflow/.local/lib/python3.8/site-packages/airflow/example_dags/example_setup_teardown_taskflow.py
[2023-10-14T10:55:47.064+0000] {processor.py:829} INFO - Processing file /home/airflow/.local/lib/python3.8/site-packages/airflow/example_dags/example_setup_teardown_taskflow.py for tasks to queue
[2023-10-14T10:55:47.065+0000] {logging_mixin.py:151} INFO - [2023-10-14T10:55:47.065+0000] {dagbag.py:536} INFO - Filling up the DagBag from /home/airflow/.local/lib/python3.8/site-packages/airflow/example_dags/example_setup_teardown_taskflow.py
[2023-10-14T10:55:47.071+0000] {processor.py:839} INFO - DAG(s) dict_keys(['example_setup_teardown_taskflow']) retrieved from /home/airflow/.local/lib/python3.8/site-packages/airflow/example_dags/example_setup_teardown_taskflow.py
[2023-10-14T10:55:47.086+0000] {logging_mixin.py:151} INFO - [2023-10-14T10:55:47.086+0000] {dag.py:2941} INFO - Sync 1 DAGs
[2023-10-14T10:55:47.097+0000] {logging_mixin.py:151} INFO - [2023-10-14T10:55:47.097+0000] {dag.py:3722} INFO - Setting next_dagrun for example_setup_teardown_taskflow to 2023-10-13T10:55:47.096971+00:00, run_after=2023-10-14T10:55:47.096971+00:00
[2023-10-14T10:55:47.106+0000] {processor.py:179} INFO - Processing /home/airflow/.local/lib/python3.8/site-packages/airflow/example_dags/example_setup_teardown_taskflow.py took 0.045 seconds
[2023-10-14T10:56:17.555+0000] {processor.py:157} INFO - Started process (PID=180) to work on /home/airflow/.local/lib/python3.8/site-packages/airflow/example_dags/example_setup_teardown_taskflow.py
[2023-10-14T10:56:17.556+0000] {processor.py:829} INFO - Processing file /home/airflow/.local/lib/python3.8/site-packages/airflow/example_dags/example_setup_teardown_taskflow.py for tasks to queue
[2023-10-14T10:56:17.558+0000] {logging_mixin.py:151} INFO - [2023-10-14T10:56:17.558+0000] {dagbag.py:536} INFO - Filling up the DagBag from /home/airflow/.local/lib/python3.8/site-packages/airflow/example_dags/example_setup_teardown_taskflow.py
[2023-10-14T10:56:17.566+0000] {processor.py:839} INFO - DAG(s) dict_keys(['example_setup_teardown_taskflow']) retrieved from /home/airflow/.local/lib/python3.8/site-packages/airflow/example_dags/example_setup_teardown_taskflow.py
[2023-10-14T10:56:17.583+0000] {logging_mixin.py:151} INFO - [2023-10-14T10:56:17.583+0000] {dag.py:2941} INFO - Sync 1 DAGs
[2023-10-14T10:56:17.598+0000] {logging_mixin.py:151} INFO - [2023-10-14T10:56:17.598+0000] {dag.py:3722} INFO - Setting next_dagrun for example_setup_teardown_taskflow to 2023-10-13T10:56:17.597465+00:00, run_after=2023-10-14T10:56:17.597465+00:00
[2023-10-14T10:56:17.611+0000] {processor.py:179} INFO - Processing /home/airflow/.local/lib/python3.8/site-packages/airflow/example_dags/example_setup_teardown_taskflow.py took 0.059 seconds
[2023-10-14T10:56:47.882+0000] {processor.py:157} INFO - Started process (PID=235) to work on /home/airflow/.local/lib/python3.8/site-packages/airflow/example_dags/example_setup_teardown_taskflow.py
[2023-10-14T10:56:47.882+0000] {processor.py:829} INFO - Processing file /home/airflow/.local/lib/python3.8/site-packages/airflow/example_dags/example_setup_teardown_taskflow.py for tasks to queue
[2023-10-14T10:56:47.884+0000] {logging_mixin.py:151} INFO - [2023-10-14T10:56:47.884+0000] {dagbag.py:536} INFO - Filling up the DagBag from /home/airflow/.local/lib/python3.8/site-packages/airflow/example_dags/example_setup_teardown_taskflow.py
[2023-10-14T10:56:47.889+0000] {processor.py:839} INFO - DAG(s) dict_keys(['example_setup_teardown_taskflow']) retrieved from /home/airflow/.local/lib/python3.8/site-packages/airflow/example_dags/example_setup_teardown_taskflow.py
[2023-10-14T10:56:47.904+0000] {logging_mixin.py:151} INFO - [2023-10-14T10:56:47.903+0000] {dag.py:2941} INFO - Sync 1 DAGs
[2023-10-14T10:56:47.916+0000] {logging_mixin.py:151} INFO - [2023-10-14T10:56:47.916+0000] {dag.py:3722} INFO - Setting next_dagrun for example_setup_teardown_taskflow to 2023-10-13T10:56:47.916409+00:00, run_after=2023-10-14T10:56:47.916409+00:00
[2023-10-14T10:56:47.927+0000] {processor.py:179} INFO - Processing /home/airflow/.local/lib/python3.8/site-packages/airflow/example_dags/example_setup_teardown_taskflow.py took 0.048 seconds
[2023-10-14T10:57:18.247+0000] {processor.py:157} INFO - Started process (PID=290) to work on /home/airflow/.local/lib/python3.8/site-packages/airflow/example_dags/example_setup_teardown_taskflow.py
[2023-10-14T10:57:18.248+0000] {processor.py:829} INFO - Processing file /home/airflow/.local/lib/python3.8/site-packages/airflow/example_dags/example_setup_teardown_taskflow.py for tasks to queue
[2023-10-14T10:57:18.250+0000] {logging_mixin.py:151} INFO - [2023-10-14T10:57:18.249+0000] {dagbag.py:536} INFO - Filling up the DagBag from /home/airflow/.local/lib/python3.8/site-packages/airflow/example_dags/example_setup_teardown_taskflow.py
[2023-10-14T10:57:18.255+0000] {processor.py:839} INFO - DAG(s) dict_keys(['example_setup_teardown_taskflow']) retrieved from /home/airflow/.local/lib/python3.8/site-packages/airflow/example_dags/example_setup_teardown_taskflow.py
[2023-10-14T10:57:18.271+0000] {logging_mixin.py:151} INFO - [2023-10-14T10:57:18.270+0000] {dag.py:2941} INFO - Sync 1 DAGs
[2023-10-14T10:57:18.288+0000] {logging_mixin.py:151} INFO - [2023-10-14T10:57:18.288+0000] {dag.py:3722} INFO - Setting next_dagrun for example_setup_teardown_taskflow to 2023-10-13T10:57:18.288087+00:00, run_after=2023-10-14T10:57:18.288087+00:00
[2023-10-14T10:57:18.301+0000] {processor.py:179} INFO - Processing /home/airflow/.local/lib/python3.8/site-packages/airflow/example_dags/example_setup_teardown_taskflow.py took 0.056 seconds
[2023-10-14T10:57:48.516+0000] {processor.py:157} INFO - Started process (PID=345) to work on /home/airflow/.local/lib/python3.8/site-packages/airflow/example_dags/example_setup_teardown_taskflow.py
[2023-10-14T10:57:48.517+0000] {processor.py:829} INFO - Processing file /home/airflow/.local/lib/python3.8/site-packages/airflow/example_dags/example_setup_teardown_taskflow.py for tasks to queue
[2023-10-14T10:57:48.518+0000] {logging_mixin.py:151} INFO - [2023-10-14T10:57:48.518+0000] {dagbag.py:536} INFO - Filling up the DagBag from /home/airflow/.local/lib/python3.8/site-packages/airflow/example_dags/example_setup_teardown_taskflow.py
[2023-10-14T10:57:48.524+0000] {processor.py:839} INFO - DAG(s) dict_keys(['example_setup_teardown_taskflow']) retrieved from /home/airflow/.local/lib/python3.8/site-packages/airflow/example_dags/example_setup_teardown_taskflow.py
[2023-10-14T10:57:48.537+0000] {logging_mixin.py:151} INFO - [2023-10-14T10:57:48.537+0000] {dag.py:2941} INFO - Sync 1 DAGs
[2023-10-14T10:57:48.549+0000] {logging_mixin.py:151} INFO - [2023-10-14T10:57:48.548+0000] {dag.py:3722} INFO - Setting next_dagrun for example_setup_teardown_taskflow to 2023-10-13T10:57:48.548790+00:00, run_after=2023-10-14T10:57:48.548790+00:00
[2023-10-14T10:57:48.557+0000] {processor.py:179} INFO - Processing /home/airflow/.local/lib/python3.8/site-packages/airflow/example_dags/example_setup_teardown_taskflow.py took 0.043 seconds
[2023-10-14T10:58:18.989+0000] {processor.py:157} INFO - Started process (PID=401) to work on /home/airflow/.local/lib/python3.8/site-packages/airflow/example_dags/example_setup_teardown_taskflow.py
[2023-10-14T10:58:18.990+0000] {processor.py:829} INFO - Processing file /home/airflow/.local/lib/python3.8/site-packages/airflow/example_dags/example_setup_teardown_taskflow.py for tasks to queue
[2023-10-14T10:58:18.991+0000] {logging_mixin.py:151} INFO - [2023-10-14T10:58:18.991+0000] {dagbag.py:536} INFO - Filling up the DagBag from /home/airflow/.local/lib/python3.8/site-packages/airflow/example_dags/example_setup_teardown_taskflow.py
[2023-10-14T10:58:18.997+0000] {processor.py:839} INFO - DAG(s) dict_keys(['example_setup_teardown_taskflow']) retrieved from /home/airflow/.local/lib/python3.8/site-packages/airflow/example_dags/example_setup_teardown_taskflow.py
[2023-10-14T10:58:19.011+0000] {logging_mixin.py:151} INFO - [2023-10-14T10:58:19.011+0000] {dag.py:2941} INFO - Sync 1 DAGs
[2023-10-14T10:58:19.024+0000] {logging_mixin.py:151} INFO - [2023-10-14T10:58:19.024+0000] {dag.py:3722} INFO - Setting next_dagrun for example_setup_teardown_taskflow to 2023-10-13T10:58:19.023407+00:00, run_after=2023-10-14T10:58:19.023407+00:00
[2023-10-14T10:58:19.033+0000] {processor.py:179} INFO - Processing /home/airflow/.local/lib/python3.8/site-packages/airflow/example_dags/example_setup_teardown_taskflow.py took 0.046 seconds
[2023-10-14T10:58:49.164+0000] {processor.py:157} INFO - Started process (PID=456) to work on /home/airflow/.local/lib/python3.8/site-packages/airflow/example_dags/example_setup_teardown_taskflow.py
[2023-10-14T10:58:49.165+0000] {processor.py:829} INFO - Processing file /home/airflow/.local/lib/python3.8/site-packages/airflow/example_dags/example_setup_teardown_taskflow.py for tasks to queue
[2023-10-14T10:58:49.166+0000] {logging_mixin.py:151} INFO - [2023-10-14T10:58:49.166+0000] {dagbag.py:536} INFO - Filling up the DagBag from /home/airflow/.local/lib/python3.8/site-packages/airflow/example_dags/example_setup_teardown_taskflow.py
[2023-10-14T10:58:49.172+0000] {processor.py:839} INFO - DAG(s) dict_keys(['example_setup_teardown_taskflow']) retrieved from /home/airflow/.local/lib/python3.8/site-packages/airflow/example_dags/example_setup_teardown_taskflow.py
[2023-10-14T10:58:49.184+0000] {logging_mixin.py:151} INFO - [2023-10-14T10:58:49.184+0000] {dag.py:2941} INFO - Sync 1 DAGs
[2023-10-14T10:58:49.196+0000] {logging_mixin.py:151} INFO - [2023-10-14T10:58:49.196+0000] {dag.py:3722} INFO - Setting next_dagrun for example_setup_teardown_taskflow to 2023-10-13T10:58:49.196211+00:00, run_after=2023-10-14T10:58:49.196211+00:00
[2023-10-14T10:58:49.205+0000] {processor.py:179} INFO - Processing /home/airflow/.local/lib/python3.8/site-packages/airflow/example_dags/example_setup_teardown_taskflow.py took 0.043 seconds
[2023-10-14T10:59:19.714+0000] {processor.py:157} INFO - Started process (PID=510) to work on /home/airflow/.local/lib/python3.8/site-packages/airflow/example_dags/example_setup_teardown_taskflow.py
[2023-10-14T10:59:19.715+0000] {processor.py:829} INFO - Processing file /home/airflow/.local/lib/python3.8/site-packages/airflow/example_dags/example_setup_teardown_taskflow.py for tasks to queue
[2023-10-14T10:59:19.717+0000] {logging_mixin.py:151} INFO - [2023-10-14T10:59:19.717+0000] {dagbag.py:536} INFO - Filling up the DagBag from /home/airflow/.local/lib/python3.8/site-packages/airflow/example_dags/example_setup_teardown_taskflow.py
[2023-10-14T10:59:19.723+0000] {processor.py:839} INFO - DAG(s) dict_keys(['example_setup_teardown_taskflow']) retrieved from /home/airflow/.local/lib/python3.8/site-packages/airflow/example_dags/example_setup_teardown_taskflow.py
[2023-10-14T10:59:19.736+0000] {logging_mixin.py:151} INFO - [2023-10-14T10:59:19.736+0000] {dag.py:2941} INFO - Sync 1 DAGs
[2023-10-14T10:59:19.748+0000] {logging_mixin.py:151} INFO - [2023-10-14T10:59:19.748+0000] {dag.py:3722} INFO - Setting next_dagrun for example_setup_teardown_taskflow to 2023-10-13T10:59:19.748336+00:00, run_after=2023-10-14T10:59:19.748336+00:00
[2023-10-14T10:59:19.757+0000] {processor.py:179} INFO - Processing /home/airflow/.local/lib/python3.8/site-packages/airflow/example_dags/example_setup_teardown_taskflow.py took 0.045 seconds
[2023-10-14T10:59:50.634+0000] {processor.py:157} INFO - Started process (PID=566) to work on /home/airflow/.local/lib/python3.8/site-packages/airflow/example_dags/example_setup_teardown_taskflow.py
[2023-10-14T10:59:50.635+0000] {processor.py:829} INFO - Processing file /home/airflow/.local/lib/python3.8/site-packages/airflow/example_dags/example_setup_teardown_taskflow.py for tasks to queue
[2023-10-14T10:59:50.636+0000] {logging_mixin.py:151} INFO - [2023-10-14T10:59:50.636+0000] {dagbag.py:536} INFO - Filling up the DagBag from /home/airflow/.local/lib/python3.8/site-packages/airflow/example_dags/example_setup_teardown_taskflow.py
[2023-10-14T10:59:50.642+0000] {processor.py:839} INFO - DAG(s) dict_keys(['example_setup_teardown_taskflow']) retrieved from /home/airflow/.local/lib/python3.8/site-packages/airflow/example_dags/example_setup_teardown_taskflow.py
[2023-10-14T10:59:50.655+0000] {logging_mixin.py:151} INFO - [2023-10-14T10:59:50.655+0000] {dag.py:2941} INFO - Sync 1 DAGs
[2023-10-14T10:59:50.667+0000] {logging_mixin.py:151} INFO - [2023-10-14T10:59:50.667+0000] {dag.py:3722} INFO - Setting next_dagrun for example_setup_teardown_taskflow to 2023-10-13T10:59:50.667091+00:00, run_after=2023-10-14T10:59:50.667091+00:00
[2023-10-14T10:59:50.677+0000] {processor.py:179} INFO - Processing /home/airflow/.local/lib/python3.8/site-packages/airflow/example_dags/example_setup_teardown_taskflow.py took 0.045 seconds
[2023-10-14T11:00:20.879+0000] {processor.py:157} INFO - Started process (PID=621) to work on /home/airflow/.local/lib/python3.8/site-packages/airflow/example_dags/example_setup_teardown_taskflow.py
[2023-10-14T11:00:20.880+0000] {processor.py:829} INFO - Processing file /home/airflow/.local/lib/python3.8/site-packages/airflow/example_dags/example_setup_teardown_taskflow.py for tasks to queue
[2023-10-14T11:00:20.881+0000] {logging_mixin.py:151} INFO - [2023-10-14T11:00:20.881+0000] {dagbag.py:536} INFO - Filling up the DagBag from /home/airflow/.local/lib/python3.8/site-packages/airflow/example_dags/example_setup_teardown_taskflow.py
[2023-10-14T11:00:20.887+0000] {processor.py:839} INFO - DAG(s) dict_keys(['example_setup_teardown_taskflow']) retrieved from /home/airflow/.local/lib/python3.8/site-packages/airflow/example_dags/example_setup_teardown_taskflow.py
[2023-10-14T11:00:20.900+0000] {logging_mixin.py:151} INFO - [2023-10-14T11:00:20.900+0000] {dag.py:2941} INFO - Sync 1 DAGs
[2023-10-14T11:00:20.913+0000] {logging_mixin.py:151} INFO - [2023-10-14T11:00:20.912+0000] {dag.py:3722} INFO - Setting next_dagrun for example_setup_teardown_taskflow to 2023-10-13T11:00:20.912776+00:00, run_after=2023-10-14T11:00:20.912776+00:00
[2023-10-14T11:00:20.923+0000] {processor.py:179} INFO - Processing /home/airflow/.local/lib/python3.8/site-packages/airflow/example_dags/example_setup_teardown_taskflow.py took 0.047 seconds
[2023-10-14T11:00:51.146+0000] {processor.py:157} INFO - Started process (PID=676) to work on /home/airflow/.local/lib/python3.8/site-packages/airflow/example_dags/example_setup_teardown_taskflow.py
[2023-10-14T11:00:51.147+0000] {processor.py:829} INFO - Processing file /home/airflow/.local/lib/python3.8/site-packages/airflow/example_dags/example_setup_teardown_taskflow.py for tasks to queue
[2023-10-14T11:00:51.148+0000] {logging_mixin.py:151} INFO - [2023-10-14T11:00:51.148+0000] {dagbag.py:536} INFO - Filling up the DagBag from /home/airflow/.local/lib/python3.8/site-packages/airflow/example_dags/example_setup_teardown_taskflow.py
[2023-10-14T11:00:51.154+0000] {processor.py:839} INFO - DAG(s) dict_keys(['example_setup_teardown_taskflow']) retrieved from /home/airflow/.local/lib/python3.8/site-packages/airflow/example_dags/example_setup_teardown_taskflow.py
[2023-10-14T11:00:51.168+0000] {logging_mixin.py:151} INFO - [2023-10-14T11:00:51.168+0000] {dag.py:2941} INFO - Sync 1 DAGs
[2023-10-14T11:00:51.180+0000] {logging_mixin.py:151} INFO - [2023-10-14T11:00:51.180+0000] {dag.py:3722} INFO - Setting next_dagrun for example_setup_teardown_taskflow to 2023-10-13T11:00:51.180405+00:00, run_after=2023-10-14T11:00:51.180405+00:00
[2023-10-14T11:00:51.190+0000] {processor.py:179} INFO - Processing /home/airflow/.local/lib/python3.8/site-packages/airflow/example_dags/example_setup_teardown_taskflow.py took 0.047 seconds
[2023-10-14T11:01:21.473+0000] {processor.py:157} INFO - Started process (PID=731) to work on /home/airflow/.local/lib/python3.8/site-packages/airflow/example_dags/example_setup_teardown_taskflow.py
[2023-10-14T11:01:21.474+0000] {processor.py:829} INFO - Processing file /home/airflow/.local/lib/python3.8/site-packages/airflow/example_dags/example_setup_teardown_taskflow.py for tasks to queue
[2023-10-14T11:01:21.477+0000] {logging_mixin.py:151} INFO - [2023-10-14T11:01:21.477+0000] {dagbag.py:536} INFO - Filling up the DagBag from /home/airflow/.local/lib/python3.8/site-packages/airflow/example_dags/example_setup_teardown_taskflow.py
[2023-10-14T11:01:21.482+0000] {processor.py:839} INFO - DAG(s) dict_keys(['example_setup_teardown_taskflow']) retrieved from /home/airflow/.local/lib/python3.8/site-packages/airflow/example_dags/example_setup_teardown_taskflow.py
[2023-10-14T11:01:21.495+0000] {logging_mixin.py:151} INFO - [2023-10-14T11:01:21.495+0000] {dag.py:2941} INFO - Sync 1 DAGs
[2023-10-14T11:01:21.506+0000] {logging_mixin.py:151} INFO - [2023-10-14T11:01:21.506+0000] {dag.py:3722} INFO - Setting next_dagrun for example_setup_teardown_taskflow to 2023-10-13T11:01:21.506509+00:00, run_after=2023-10-14T11:01:21.506509+00:00
[2023-10-14T11:01:21.515+0000] {processor.py:179} INFO - Processing /home/airflow/.local/lib/python3.8/site-packages/airflow/example_dags/example_setup_teardown_taskflow.py took 0.044 seconds
[2023-10-14T11:01:51.829+0000] {processor.py:157} INFO - Started process (PID=788) to work on /home/airflow/.local/lib/python3.8/site-packages/airflow/example_dags/example_setup_teardown_taskflow.py
[2023-10-14T11:01:51.830+0000] {processor.py:829} INFO - Processing file /home/airflow/.local/lib/python3.8/site-packages/airflow/example_dags/example_setup_teardown_taskflow.py for tasks to queue
[2023-10-14T11:01:51.831+0000] {logging_mixin.py:151} INFO - [2023-10-14T11:01:51.831+0000] {dagbag.py:536} INFO - Filling up the DagBag from /home/airflow/.local/lib/python3.8/site-packages/airflow/example_dags/example_setup_teardown_taskflow.py
[2023-10-14T11:01:51.837+0000] {processor.py:839} INFO - DAG(s) dict_keys(['example_setup_teardown_taskflow']) retrieved from /home/airflow/.local/lib/python3.8/site-packages/airflow/example_dags/example_setup_teardown_taskflow.py
[2023-10-14T11:01:51.851+0000] {logging_mixin.py:151} INFO - [2023-10-14T11:01:51.851+0000] {dag.py:2941} INFO - Sync 1 DAGs
[2023-10-14T11:01:51.864+0000] {logging_mixin.py:151} INFO - [2023-10-14T11:01:51.864+0000] {dag.py:3722} INFO - Setting next_dagrun for example_setup_teardown_taskflow to 2023-10-13T11:01:51.864135+00:00, run_after=2023-10-14T11:01:51.864135+00:00
[2023-10-14T11:01:51.877+0000] {processor.py:179} INFO - Processing /home/airflow/.local/lib/python3.8/site-packages/airflow/example_dags/example_setup_teardown_taskflow.py took 0.051 seconds
[2023-10-14T11:02:22.519+0000] {processor.py:157} INFO - Started process (PID=844) to work on /home/airflow/.local/lib/python3.8/site-packages/airflow/example_dags/example_setup_teardown_taskflow.py
[2023-10-14T11:02:22.520+0000] {processor.py:829} INFO - Processing file /home/airflow/.local/lib/python3.8/site-packages/airflow/example_dags/example_setup_teardown_taskflow.py for tasks to queue
[2023-10-14T11:02:22.521+0000] {logging_mixin.py:151} INFO - [2023-10-14T11:02:22.521+0000] {dagbag.py:536} INFO - Filling up the DagBag from /home/airflow/.local/lib/python3.8/site-packages/airflow/example_dags/example_setup_teardown_taskflow.py
[2023-10-14T11:02:22.527+0000] {processor.py:839} INFO - DAG(s) dict_keys(['example_setup_teardown_taskflow']) retrieved from /home/airflow/.local/lib/python3.8/site-packages/airflow/example_dags/example_setup_teardown_taskflow.py
[2023-10-14T11:02:22.540+0000] {logging_mixin.py:151} INFO - [2023-10-14T11:02:22.540+0000] {dag.py:2941} INFO - Sync 1 DAGs
[2023-10-14T11:02:22.552+0000] {logging_mixin.py:151} INFO - [2023-10-14T11:02:22.552+0000] {dag.py:3722} INFO - Setting next_dagrun for example_setup_teardown_taskflow to 2023-10-13T11:02:22.552563+00:00, run_after=2023-10-14T11:02:22.552563+00:00
[2023-10-14T11:02:22.562+0000] {processor.py:179} INFO - Processing /home/airflow/.local/lib/python3.8/site-packages/airflow/example_dags/example_setup_teardown_taskflow.py took 0.046 seconds
[2023-10-14T11:02:52.807+0000] {processor.py:157} INFO - Started process (PID=899) to work on /home/airflow/.local/lib/python3.8/site-packages/airflow/example_dags/example_setup_teardown_taskflow.py
[2023-10-14T11:02:52.808+0000] {processor.py:829} INFO - Processing file /home/airflow/.local/lib/python3.8/site-packages/airflow/example_dags/example_setup_teardown_taskflow.py for tasks to queue
[2023-10-14T11:02:52.810+0000] {logging_mixin.py:151} INFO - [2023-10-14T11:02:52.810+0000] {dagbag.py:536} INFO - Filling up the DagBag from /home/airflow/.local/lib/python3.8/site-packages/airflow/example_dags/example_setup_teardown_taskflow.py
[2023-10-14T11:02:52.817+0000] {processor.py:839} INFO - DAG(s) dict_keys(['example_setup_teardown_taskflow']) retrieved from /home/airflow/.local/lib/python3.8/site-packages/airflow/example_dags/example_setup_teardown_taskflow.py
[2023-10-14T11:02:52.832+0000] {logging_mixin.py:151} INFO - [2023-10-14T11:02:52.832+0000] {dag.py:2941} INFO - Sync 1 DAGs
[2023-10-14T11:02:52.845+0000] {logging_mixin.py:151} INFO - [2023-10-14T11:02:52.845+0000] {dag.py:3722} INFO - Setting next_dagrun for example_setup_teardown_taskflow to 2023-10-13T11:02:52.845615+00:00, run_after=2023-10-14T11:02:52.845615+00:00
[2023-10-14T11:02:52.857+0000] {processor.py:179} INFO - Processing /home/airflow/.local/lib/python3.8/site-packages/airflow/example_dags/example_setup_teardown_taskflow.py took 0.052 seconds
[2023-10-14T11:03:23.280+0000] {processor.py:157} INFO - Started process (PID=955) to work on /home/airflow/.local/lib/python3.8/site-packages/airflow/example_dags/example_setup_teardown_taskflow.py
[2023-10-14T11:03:23.282+0000] {processor.py:829} INFO - Processing file /home/airflow/.local/lib/python3.8/site-packages/airflow/example_dags/example_setup_teardown_taskflow.py for tasks to queue
[2023-10-14T11:03:23.286+0000] {logging_mixin.py:151} INFO - [2023-10-14T11:03:23.286+0000] {dagbag.py:536} INFO - Filling up the DagBag from /home/airflow/.local/lib/python3.8/site-packages/airflow/example_dags/example_setup_teardown_taskflow.py
[2023-10-14T11:03:23.292+0000] {processor.py:839} INFO - DAG(s) dict_keys(['example_setup_teardown_taskflow']) retrieved from /home/airflow/.local/lib/python3.8/site-packages/airflow/example_dags/example_setup_teardown_taskflow.py
[2023-10-14T11:03:23.307+0000] {logging_mixin.py:151} INFO - [2023-10-14T11:03:23.306+0000] {dag.py:2941} INFO - Sync 1 DAGs
[2023-10-14T11:03:23.320+0000] {logging_mixin.py:151} INFO - [2023-10-14T11:03:23.320+0000] {dag.py:3722} INFO - Setting next_dagrun for example_setup_teardown_taskflow to 2023-10-13T11:03:23.319313+00:00, run_after=2023-10-14T11:03:23.319313+00:00
[2023-10-14T11:03:23.331+0000] {processor.py:179} INFO - Processing /home/airflow/.local/lib/python3.8/site-packages/airflow/example_dags/example_setup_teardown_taskflow.py took 0.053 seconds
[2023-10-14T11:03:53.643+0000] {processor.py:157} INFO - Started process (PID=1010) to work on /home/airflow/.local/lib/python3.8/site-packages/airflow/example_dags/example_setup_teardown_taskflow.py
[2023-10-14T11:03:53.644+0000] {processor.py:829} INFO - Processing file /home/airflow/.local/lib/python3.8/site-packages/airflow/example_dags/example_setup_teardown_taskflow.py for tasks to queue
[2023-10-14T11:03:53.645+0000] {logging_mixin.py:151} INFO - [2023-10-14T11:03:53.645+0000] {dagbag.py:536} INFO - Filling up the DagBag from /home/airflow/.local/lib/python3.8/site-packages/airflow/example_dags/example_setup_teardown_taskflow.py
[2023-10-14T11:03:53.651+0000] {processor.py:839} INFO - DAG(s) dict_keys(['example_setup_teardown_taskflow']) retrieved from /home/airflow/.local/lib/python3.8/site-packages/airflow/example_dags/example_setup_teardown_taskflow.py
[2023-10-14T11:03:53.663+0000] {logging_mixin.py:151} INFO - [2023-10-14T11:03:53.663+0000] {dag.py:2941} INFO - Sync 1 DAGs
[2023-10-14T11:03:53.674+0000] {logging_mixin.py:151} INFO - [2023-10-14T11:03:53.674+0000] {dag.py:3722} INFO - Setting next_dagrun for example_setup_teardown_taskflow to 2023-10-13T11:03:53.674189+00:00, run_after=2023-10-14T11:03:53.674189+00:00
[2023-10-14T11:03:53.684+0000] {processor.py:179} INFO - Processing /home/airflow/.local/lib/python3.8/site-packages/airflow/example_dags/example_setup_teardown_taskflow.py took 0.043 seconds
[2023-10-14T11:04:24.167+0000] {processor.py:157} INFO - Started process (PID=1066) to work on /home/airflow/.local/lib/python3.8/site-packages/airflow/example_dags/example_setup_teardown_taskflow.py
[2023-10-14T11:04:24.168+0000] {processor.py:829} INFO - Processing file /home/airflow/.local/lib/python3.8/site-packages/airflow/example_dags/example_setup_teardown_taskflow.py for tasks to queue
[2023-10-14T11:04:24.170+0000] {logging_mixin.py:151} INFO - [2023-10-14T11:04:24.169+0000] {dagbag.py:536} INFO - Filling up the DagBag from /home/airflow/.local/lib/python3.8/site-packages/airflow/example_dags/example_setup_teardown_taskflow.py
[2023-10-14T11:04:24.176+0000] {processor.py:839} INFO - DAG(s) dict_keys(['example_setup_teardown_taskflow']) retrieved from /home/airflow/.local/lib/python3.8/site-packages/airflow/example_dags/example_setup_teardown_taskflow.py
[2023-10-14T11:04:24.191+0000] {logging_mixin.py:151} INFO - [2023-10-14T11:04:24.191+0000] {dag.py:2941} INFO - Sync 1 DAGs
[2023-10-14T11:04:24.205+0000] {logging_mixin.py:151} INFO - [2023-10-14T11:04:24.205+0000] {dag.py:3722} INFO - Setting next_dagrun for example_setup_teardown_taskflow to 2023-10-13T11:04:24.204782+00:00, run_after=2023-10-14T11:04:24.204782+00:00
[2023-10-14T11:04:24.215+0000] {processor.py:179} INFO - Processing /home/airflow/.local/lib/python3.8/site-packages/airflow/example_dags/example_setup_teardown_taskflow.py took 0.051 seconds
[2023-10-14T11:04:54.427+0000] {processor.py:157} INFO - Started process (PID=1121) to work on /home/airflow/.local/lib/python3.8/site-packages/airflow/example_dags/example_setup_teardown_taskflow.py
[2023-10-14T11:04:54.428+0000] {processor.py:829} INFO - Processing file /home/airflow/.local/lib/python3.8/site-packages/airflow/example_dags/example_setup_teardown_taskflow.py for tasks to queue
[2023-10-14T11:04:54.430+0000] {logging_mixin.py:151} INFO - [2023-10-14T11:04:54.429+0000] {dagbag.py:536} INFO - Filling up the DagBag from /home/airflow/.local/lib/python3.8/site-packages/airflow/example_dags/example_setup_teardown_taskflow.py
[2023-10-14T11:04:54.435+0000] {processor.py:839} INFO - DAG(s) dict_keys(['example_setup_teardown_taskflow']) retrieved from /home/airflow/.local/lib/python3.8/site-packages/airflow/example_dags/example_setup_teardown_taskflow.py
[2023-10-14T11:04:54.447+0000] {logging_mixin.py:151} INFO - [2023-10-14T11:04:54.447+0000] {dag.py:2941} INFO - Sync 1 DAGs
[2023-10-14T11:04:54.458+0000] {logging_mixin.py:151} INFO - [2023-10-14T11:04:54.458+0000] {dag.py:3722} INFO - Setting next_dagrun for example_setup_teardown_taskflow to 2023-10-13T11:04:54.458086+00:00, run_after=2023-10-14T11:04:54.458086+00:00
[2023-10-14T11:04:54.467+0000] {processor.py:179} INFO - Processing /home/airflow/.local/lib/python3.8/site-packages/airflow/example_dags/example_setup_teardown_taskflow.py took 0.042 seconds
[2023-10-14T11:05:24.555+0000] {processor.py:157} INFO - Started process (PID=1176) to work on /home/airflow/.local/lib/python3.8/site-packages/airflow/example_dags/example_setup_teardown_taskflow.py
[2023-10-14T11:05:24.556+0000] {processor.py:829} INFO - Processing file /home/airflow/.local/lib/python3.8/site-packages/airflow/example_dags/example_setup_teardown_taskflow.py for tasks to queue
[2023-10-14T11:05:24.557+0000] {logging_mixin.py:151} INFO - [2023-10-14T11:05:24.557+0000] {dagbag.py:536} INFO - Filling up the DagBag from /home/airflow/.local/lib/python3.8/site-packages/airflow/example_dags/example_setup_teardown_taskflow.py
[2023-10-14T11:05:24.562+0000] {processor.py:839} INFO - DAG(s) dict_keys(['example_setup_teardown_taskflow']) retrieved from /home/airflow/.local/lib/python3.8/site-packages/airflow/example_dags/example_setup_teardown_taskflow.py
[2023-10-14T11:05:24.574+0000] {logging_mixin.py:151} INFO - [2023-10-14T11:05:24.574+0000] {dag.py:2941} INFO - Sync 1 DAGs
[2023-10-14T11:05:24.584+0000] {logging_mixin.py:151} INFO - [2023-10-14T11:05:24.584+0000] {dag.py:3722} INFO - Setting next_dagrun for example_setup_teardown_taskflow to 2023-10-13T11:05:24.584648+00:00, run_after=2023-10-14T11:05:24.584648+00:00
[2023-10-14T11:05:24.594+0000] {processor.py:179} INFO - Processing /home/airflow/.local/lib/python3.8/site-packages/airflow/example_dags/example_setup_teardown_taskflow.py took 0.042 seconds
[2023-10-14T11:05:55.651+0000] {processor.py:157} INFO - Started process (PID=1231) to work on /home/airflow/.local/lib/python3.8/site-packages/airflow/example_dags/example_setup_teardown_taskflow.py
[2023-10-14T11:05:55.652+0000] {processor.py:829} INFO - Processing file /home/airflow/.local/lib/python3.8/site-packages/airflow/example_dags/example_setup_teardown_taskflow.py for tasks to queue
[2023-10-14T11:05:55.653+0000] {logging_mixin.py:151} INFO - [2023-10-14T11:05:55.653+0000] {dagbag.py:536} INFO - Filling up the DagBag from /home/airflow/.local/lib/python3.8/site-packages/airflow/example_dags/example_setup_teardown_taskflow.py
[2023-10-14T11:05:55.659+0000] {processor.py:839} INFO - DAG(s) dict_keys(['example_setup_teardown_taskflow']) retrieved from /home/airflow/.local/lib/python3.8/site-packages/airflow/example_dags/example_setup_teardown_taskflow.py
[2023-10-14T11:05:55.676+0000] {logging_mixin.py:151} INFO - [2023-10-14T11:05:55.676+0000] {dag.py:2941} INFO - Sync 1 DAGs
[2023-10-14T11:05:55.689+0000] {logging_mixin.py:151} INFO - [2023-10-14T11:05:55.689+0000] {dag.py:3722} INFO - Setting next_dagrun for example_setup_teardown_taskflow to 2023-10-13T11:05:55.689594+00:00, run_after=2023-10-14T11:05:55.689594+00:00
[2023-10-14T11:05:55.707+0000] {processor.py:179} INFO - Processing /home/airflow/.local/lib/python3.8/site-packages/airflow/example_dags/example_setup_teardown_taskflow.py took 0.059 seconds
[2023-10-14T11:06:25.964+0000] {processor.py:157} INFO - Started process (PID=1287) to work on /home/airflow/.local/lib/python3.8/site-packages/airflow/example_dags/example_setup_teardown_taskflow.py
[2023-10-14T11:06:25.964+0000] {processor.py:829} INFO - Processing file /home/airflow/.local/lib/python3.8/site-packages/airflow/example_dags/example_setup_teardown_taskflow.py for tasks to queue
[2023-10-14T11:06:25.966+0000] {logging_mixin.py:151} INFO - [2023-10-14T11:06:25.966+0000] {dagbag.py:536} INFO - Filling up the DagBag from /home/airflow/.local/lib/python3.8/site-packages/airflow/example_dags/example_setup_teardown_taskflow.py
[2023-10-14T11:06:25.972+0000] {processor.py:839} INFO - DAG(s) dict_keys(['example_setup_teardown_taskflow']) retrieved from /home/airflow/.local/lib/python3.8/site-packages/airflow/example_dags/example_setup_teardown_taskflow.py
[2023-10-14T11:06:25.984+0000] {logging_mixin.py:151} INFO - [2023-10-14T11:06:25.984+0000] {dag.py:2941} INFO - Sync 1 DAGs
[2023-10-14T11:06:25.995+0000] {logging_mixin.py:151} INFO - [2023-10-14T11:06:25.995+0000] {dag.py:3722} INFO - Setting next_dagrun for example_setup_teardown_taskflow to 2023-10-13T11:06:25.995256+00:00, run_after=2023-10-14T11:06:25.995256+00:00
[2023-10-14T11:06:26.004+0000] {processor.py:179} INFO - Processing /home/airflow/.local/lib/python3.8/site-packages/airflow/example_dags/example_setup_teardown_taskflow.py took 0.042 seconds
[2023-10-14T11:06:56.356+0000] {processor.py:157} INFO - Started process (PID=1342) to work on /home/airflow/.local/lib/python3.8/site-packages/airflow/example_dags/example_setup_teardown_taskflow.py
[2023-10-14T11:06:56.357+0000] {processor.py:829} INFO - Processing file /home/airflow/.local/lib/python3.8/site-packages/airflow/example_dags/example_setup_teardown_taskflow.py for tasks to queue
[2023-10-14T11:06:56.358+0000] {logging_mixin.py:151} INFO - [2023-10-14T11:06:56.358+0000] {dagbag.py:536} INFO - Filling up the DagBag from /home/airflow/.local/lib/python3.8/site-packages/airflow/example_dags/example_setup_teardown_taskflow.py
[2023-10-14T11:06:56.365+0000] {processor.py:839} INFO - DAG(s) dict_keys(['example_setup_teardown_taskflow']) retrieved from /home/airflow/.local/lib/python3.8/site-packages/airflow/example_dags/example_setup_teardown_taskflow.py
[2023-10-14T11:06:56.386+0000] {logging_mixin.py:151} INFO - [2023-10-14T11:06:56.386+0000] {dag.py:2941} INFO - Sync 1 DAGs
[2023-10-14T11:06:56.399+0000] {logging_mixin.py:151} INFO - [2023-10-14T11:06:56.399+0000] {dag.py:3722} INFO - Setting next_dagrun for example_setup_teardown_taskflow to 2023-10-13T11:06:56.399533+00:00, run_after=2023-10-14T11:06:56.399533+00:00
[2023-10-14T11:06:56.411+0000] {processor.py:179} INFO - Processing /home/airflow/.local/lib/python3.8/site-packages/airflow/example_dags/example_setup_teardown_taskflow.py took 0.058 seconds
[2023-10-14T11:07:32.493+0000] {processor.py:157} INFO - Started process (PID=1401) to work on /home/airflow/.local/lib/python3.8/site-packages/airflow/example_dags/example_setup_teardown_taskflow.py
[2023-10-14T11:07:32.494+0000] {processor.py:829} INFO - Processing file /home/airflow/.local/lib/python3.8/site-packages/airflow/example_dags/example_setup_teardown_taskflow.py for tasks to queue
[2023-10-14T11:07:32.496+0000] {logging_mixin.py:151} INFO - [2023-10-14T11:07:32.496+0000] {dagbag.py:536} INFO - Filling up the DagBag from /home/airflow/.local/lib/python3.8/site-packages/airflow/example_dags/example_setup_teardown_taskflow.py
[2023-10-14T11:07:32.504+0000] {processor.py:839} INFO - DAG(s) dict_keys(['example_setup_teardown_taskflow']) retrieved from /home/airflow/.local/lib/python3.8/site-packages/airflow/example_dags/example_setup_teardown_taskflow.py
[2023-10-14T11:07:32.525+0000] {logging_mixin.py:151} INFO - [2023-10-14T11:07:32.525+0000] {dag.py:2941} INFO - Sync 1 DAGs
[2023-10-14T11:07:32.551+0000] {logging_mixin.py:151} INFO - [2023-10-14T11:07:32.551+0000] {dag.py:3722} INFO - Setting next_dagrun for example_setup_teardown_taskflow to 2023-10-13T11:07:32.550922+00:00, run_after=2023-10-14T11:07:32.550922+00:00
[2023-10-14T11:07:32.564+0000] {processor.py:179} INFO - Processing /home/airflow/.local/lib/python3.8/site-packages/airflow/example_dags/example_setup_teardown_taskflow.py took 0.074 seconds
[2023-10-14T11:08:02.800+0000] {processor.py:157} INFO - Started process (PID=1456) to work on /home/airflow/.local/lib/python3.8/site-packages/airflow/example_dags/example_setup_teardown_taskflow.py
[2023-10-14T11:08:02.801+0000] {processor.py:829} INFO - Processing file /home/airflow/.local/lib/python3.8/site-packages/airflow/example_dags/example_setup_teardown_taskflow.py for tasks to queue
[2023-10-14T11:08:02.803+0000] {logging_mixin.py:151} INFO - [2023-10-14T11:08:02.803+0000] {dagbag.py:536} INFO - Filling up the DagBag from /home/airflow/.local/lib/python3.8/site-packages/airflow/example_dags/example_setup_teardown_taskflow.py
[2023-10-14T11:08:02.809+0000] {processor.py:839} INFO - DAG(s) dict_keys(['example_setup_teardown_taskflow']) retrieved from /home/airflow/.local/lib/python3.8/site-packages/airflow/example_dags/example_setup_teardown_taskflow.py
[2023-10-14T11:08:02.825+0000] {logging_mixin.py:151} INFO - [2023-10-14T11:08:02.825+0000] {dag.py:2941} INFO - Sync 1 DAGs
[2023-10-14T11:08:02.843+0000] {logging_mixin.py:151} INFO - [2023-10-14T11:08:02.843+0000] {dag.py:3722} INFO - Setting next_dagrun for example_setup_teardown_taskflow to 2023-10-13T11:08:02.842859+00:00, run_after=2023-10-14T11:08:02.842859+00:00
[2023-10-14T11:08:02.853+0000] {processor.py:179} INFO - Processing /home/airflow/.local/lib/python3.8/site-packages/airflow/example_dags/example_setup_teardown_taskflow.py took 0.056 seconds
[2023-10-14T11:08:33.363+0000] {processor.py:157} INFO - Started process (PID=1511) to work on /home/airflow/.local/lib/python3.8/site-packages/airflow/example_dags/example_setup_teardown_taskflow.py
[2023-10-14T11:08:33.364+0000] {processor.py:829} INFO - Processing file /home/airflow/.local/lib/python3.8/site-packages/airflow/example_dags/example_setup_teardown_taskflow.py for tasks to queue
[2023-10-14T11:08:33.366+0000] {logging_mixin.py:151} INFO - [2023-10-14T11:08:33.366+0000] {dagbag.py:536} INFO - Filling up the DagBag from /home/airflow/.local/lib/python3.8/site-packages/airflow/example_dags/example_setup_teardown_taskflow.py
[2023-10-14T11:08:33.372+0000] {processor.py:839} INFO - DAG(s) dict_keys(['example_setup_teardown_taskflow']) retrieved from /home/airflow/.local/lib/python3.8/site-packages/airflow/example_dags/example_setup_teardown_taskflow.py
[2023-10-14T11:08:33.385+0000] {logging_mixin.py:151} INFO - [2023-10-14T11:08:33.385+0000] {dag.py:2941} INFO - Sync 1 DAGs
[2023-10-14T11:08:33.398+0000] {logging_mixin.py:151} INFO - [2023-10-14T11:08:33.398+0000] {dag.py:3722} INFO - Setting next_dagrun for example_setup_teardown_taskflow to 2023-10-13T11:08:33.398096+00:00, run_after=2023-10-14T11:08:33.398096+00:00
[2023-10-14T11:08:33.407+0000] {processor.py:179} INFO - Processing /home/airflow/.local/lib/python3.8/site-packages/airflow/example_dags/example_setup_teardown_taskflow.py took 0.046 seconds
[2023-10-14T11:09:03.862+0000] {processor.py:157} INFO - Started process (PID=1566) to work on /home/airflow/.local/lib/python3.8/site-packages/airflow/example_dags/example_setup_teardown_taskflow.py
[2023-10-14T11:09:03.863+0000] {processor.py:829} INFO - Processing file /home/airflow/.local/lib/python3.8/site-packages/airflow/example_dags/example_setup_teardown_taskflow.py for tasks to queue
[2023-10-14T11:09:03.865+0000] {logging_mixin.py:151} INFO - [2023-10-14T11:09:03.865+0000] {dagbag.py:536} INFO - Filling up the DagBag from /home/airflow/.local/lib/python3.8/site-packages/airflow/example_dags/example_setup_teardown_taskflow.py
[2023-10-14T11:09:03.871+0000] {processor.py:839} INFO - DAG(s) dict_keys(['example_setup_teardown_taskflow']) retrieved from /home/airflow/.local/lib/python3.8/site-packages/airflow/example_dags/example_setup_teardown_taskflow.py
[2023-10-14T11:09:03.887+0000] {logging_mixin.py:151} INFO - [2023-10-14T11:09:03.887+0000] {dag.py:2941} INFO - Sync 1 DAGs
[2023-10-14T11:09:03.902+0000] {logging_mixin.py:151} INFO - [2023-10-14T11:09:03.902+0000] {dag.py:3722} INFO - Setting next_dagrun for example_setup_teardown_taskflow to 2023-10-13T11:09:03.902635+00:00, run_after=2023-10-14T11:09:03.902635+00:00
[2023-10-14T11:09:03.915+0000] {processor.py:179} INFO - Processing /home/airflow/.local/lib/python3.8/site-packages/airflow/example_dags/example_setup_teardown_taskflow.py took 0.055 seconds
[2023-10-14T11:09:34.303+0000] {processor.py:157} INFO - Started process (PID=1621) to work on /home/airflow/.local/lib/python3.8/site-packages/airflow/example_dags/example_setup_teardown_taskflow.py
[2023-10-14T11:09:34.304+0000] {processor.py:829} INFO - Processing file /home/airflow/.local/lib/python3.8/site-packages/airflow/example_dags/example_setup_teardown_taskflow.py for tasks to queue
[2023-10-14T11:09:34.306+0000] {logging_mixin.py:151} INFO - [2023-10-14T11:09:34.305+0000] {dagbag.py:536} INFO - Filling up the DagBag from /home/airflow/.local/lib/python3.8/site-packages/airflow/example_dags/example_setup_teardown_taskflow.py
[2023-10-14T11:09:34.313+0000] {processor.py:839} INFO - DAG(s) dict_keys(['example_setup_teardown_taskflow']) retrieved from /home/airflow/.local/lib/python3.8/site-packages/airflow/example_dags/example_setup_teardown_taskflow.py
[2023-10-14T11:09:34.327+0000] {logging_mixin.py:151} INFO - [2023-10-14T11:09:34.327+0000] {dag.py:2941} INFO - Sync 1 DAGs
[2023-10-14T11:09:34.340+0000] {logging_mixin.py:151} INFO - [2023-10-14T11:09:34.340+0000] {dag.py:3722} INFO - Setting next_dagrun for example_setup_teardown_taskflow to 2023-10-13T11:09:34.339905+00:00, run_after=2023-10-14T11:09:34.339905+00:00
[2023-10-14T11:09:34.350+0000] {processor.py:179} INFO - Processing /home/airflow/.local/lib/python3.8/site-packages/airflow/example_dags/example_setup_teardown_taskflow.py took 0.050 seconds
