[2023-10-14T10:55:11.421+0000] {processor.py:157} INFO - Started process (PID=33) to work on /home/airflow/.local/lib/python3.8/site-packages/airflow/example_dags/example_sla_dag.py
[2023-10-14T10:55:11.428+0000] {processor.py:829} INFO - Processing file /home/airflow/.local/lib/python3.8/site-packages/airflow/example_dags/example_sla_dag.py for tasks to queue
[2023-10-14T10:55:11.439+0000] {logging_mixin.py:151} INFO - [2023-10-14T10:55:11.438+0000] {dagbag.py:536} INFO - Filling up the DagBag from /home/airflow/.local/lib/python3.8/site-packages/airflow/example_dags/example_sla_dag.py
[2023-10-14T10:55:11.469+0000] {processor.py:839} INFO - DAG(s) dict_keys(['example_sla_dag']) retrieved from /home/airflow/.local/lib/python3.8/site-packages/airflow/example_dags/example_sla_dag.py
[2023-10-14T10:55:11.498+0000] {logging_mixin.py:151} INFO - [2023-10-14T10:55:11.498+0000] {dag.py:2941} INFO - Sync 1 DAGs
[2023-10-14T10:55:11.599+0000] {logging_mixin.py:151} INFO - [2023-10-14T10:55:11.599+0000] {dag.py:3722} INFO - Setting next_dagrun for example_sla_dag to 2023-10-14T10:52:00+00:00, run_after=2023-10-14T10:54:00+00:00
[2023-10-14T10:55:11.647+0000] {processor.py:179} INFO - Processing /home/airflow/.local/lib/python3.8/site-packages/airflow/example_dags/example_sla_dag.py took 0.232 seconds
[2023-10-14T10:55:41.706+0000] {processor.py:157} INFO - Started process (PID=88) to work on /home/airflow/.local/lib/python3.8/site-packages/airflow/example_dags/example_sla_dag.py
[2023-10-14T10:55:41.707+0000] {processor.py:829} INFO - Processing file /home/airflow/.local/lib/python3.8/site-packages/airflow/example_dags/example_sla_dag.py for tasks to queue
[2023-10-14T10:55:41.709+0000] {logging_mixin.py:151} INFO - [2023-10-14T10:55:41.709+0000] {dagbag.py:536} INFO - Filling up the DagBag from /home/airflow/.local/lib/python3.8/site-packages/airflow/example_dags/example_sla_dag.py
[2023-10-14T10:55:41.716+0000] {processor.py:839} INFO - DAG(s) dict_keys(['example_sla_dag']) retrieved from /home/airflow/.local/lib/python3.8/site-packages/airflow/example_dags/example_sla_dag.py
[2023-10-14T10:55:41.729+0000] {logging_mixin.py:151} INFO - [2023-10-14T10:55:41.729+0000] {dag.py:2941} INFO - Sync 1 DAGs
[2023-10-14T10:55:41.752+0000] {logging_mixin.py:151} INFO - [2023-10-14T10:55:41.752+0000] {dag.py:3722} INFO - Setting next_dagrun for example_sla_dag to 2023-10-14T10:52:00+00:00, run_after=2023-10-14T10:54:00+00:00
[2023-10-14T10:55:41.768+0000] {processor.py:179} INFO - Processing /home/airflow/.local/lib/python3.8/site-packages/airflow/example_dags/example_sla_dag.py took 0.064 seconds
[2023-10-14T10:56:12.294+0000] {processor.py:157} INFO - Started process (PID=143) to work on /home/airflow/.local/lib/python3.8/site-packages/airflow/example_dags/example_sla_dag.py
[2023-10-14T10:56:12.295+0000] {processor.py:829} INFO - Processing file /home/airflow/.local/lib/python3.8/site-packages/airflow/example_dags/example_sla_dag.py for tasks to queue
[2023-10-14T10:56:12.296+0000] {logging_mixin.py:151} INFO - [2023-10-14T10:56:12.296+0000] {dagbag.py:536} INFO - Filling up the DagBag from /home/airflow/.local/lib/python3.8/site-packages/airflow/example_dags/example_sla_dag.py
[2023-10-14T10:56:12.303+0000] {processor.py:839} INFO - DAG(s) dict_keys(['example_sla_dag']) retrieved from /home/airflow/.local/lib/python3.8/site-packages/airflow/example_dags/example_sla_dag.py
[2023-10-14T10:56:12.319+0000] {logging_mixin.py:151} INFO - [2023-10-14T10:56:12.318+0000] {dag.py:2941} INFO - Sync 1 DAGs
[2023-10-14T10:56:12.333+0000] {logging_mixin.py:151} INFO - [2023-10-14T10:56:12.333+0000] {dag.py:3722} INFO - Setting next_dagrun for example_sla_dag to 2023-10-14T10:54:00+00:00, run_after=2023-10-14T10:56:00+00:00
[2023-10-14T10:56:12.343+0000] {processor.py:179} INFO - Processing /home/airflow/.local/lib/python3.8/site-packages/airflow/example_dags/example_sla_dag.py took 0.051 seconds
[2023-10-14T10:56:42.476+0000] {processor.py:157} INFO - Started process (PID=198) to work on /home/airflow/.local/lib/python3.8/site-packages/airflow/example_dags/example_sla_dag.py
[2023-10-14T10:56:42.477+0000] {processor.py:829} INFO - Processing file /home/airflow/.local/lib/python3.8/site-packages/airflow/example_dags/example_sla_dag.py for tasks to queue
[2023-10-14T10:56:42.479+0000] {logging_mixin.py:151} INFO - [2023-10-14T10:56:42.478+0000] {dagbag.py:536} INFO - Filling up the DagBag from /home/airflow/.local/lib/python3.8/site-packages/airflow/example_dags/example_sla_dag.py
[2023-10-14T10:56:42.484+0000] {processor.py:839} INFO - DAG(s) dict_keys(['example_sla_dag']) retrieved from /home/airflow/.local/lib/python3.8/site-packages/airflow/example_dags/example_sla_dag.py
[2023-10-14T10:56:42.497+0000] {logging_mixin.py:151} INFO - [2023-10-14T10:56:42.497+0000] {dag.py:2941} INFO - Sync 1 DAGs
[2023-10-14T10:56:42.511+0000] {logging_mixin.py:151} INFO - [2023-10-14T10:56:42.511+0000] {dag.py:3722} INFO - Setting next_dagrun for example_sla_dag to 2023-10-14T10:54:00+00:00, run_after=2023-10-14T10:56:00+00:00
[2023-10-14T10:56:42.520+0000] {processor.py:179} INFO - Processing /home/airflow/.local/lib/python3.8/site-packages/airflow/example_dags/example_sla_dag.py took 0.047 seconds
[2023-10-14T10:57:12.885+0000] {processor.py:157} INFO - Started process (PID=253) to work on /home/airflow/.local/lib/python3.8/site-packages/airflow/example_dags/example_sla_dag.py
[2023-10-14T10:57:12.886+0000] {processor.py:829} INFO - Processing file /home/airflow/.local/lib/python3.8/site-packages/airflow/example_dags/example_sla_dag.py for tasks to queue
[2023-10-14T10:57:12.887+0000] {logging_mixin.py:151} INFO - [2023-10-14T10:57:12.887+0000] {dagbag.py:536} INFO - Filling up the DagBag from /home/airflow/.local/lib/python3.8/site-packages/airflow/example_dags/example_sla_dag.py
[2023-10-14T10:57:12.892+0000] {processor.py:839} INFO - DAG(s) dict_keys(['example_sla_dag']) retrieved from /home/airflow/.local/lib/python3.8/site-packages/airflow/example_dags/example_sla_dag.py
[2023-10-14T10:57:12.905+0000] {logging_mixin.py:151} INFO - [2023-10-14T10:57:12.905+0000] {dag.py:2941} INFO - Sync 1 DAGs
[2023-10-14T10:57:12.919+0000] {logging_mixin.py:151} INFO - [2023-10-14T10:57:12.919+0000] {dag.py:3722} INFO - Setting next_dagrun for example_sla_dag to 2023-10-14T10:54:00+00:00, run_after=2023-10-14T10:56:00+00:00
[2023-10-14T10:57:12.929+0000] {processor.py:179} INFO - Processing /home/airflow/.local/lib/python3.8/site-packages/airflow/example_dags/example_sla_dag.py took 0.046 seconds
[2023-10-14T10:57:43.143+0000] {processor.py:157} INFO - Started process (PID=308) to work on /home/airflow/.local/lib/python3.8/site-packages/airflow/example_dags/example_sla_dag.py
[2023-10-14T10:57:43.143+0000] {processor.py:829} INFO - Processing file /home/airflow/.local/lib/python3.8/site-packages/airflow/example_dags/example_sla_dag.py for tasks to queue
[2023-10-14T10:57:43.145+0000] {logging_mixin.py:151} INFO - [2023-10-14T10:57:43.145+0000] {dagbag.py:536} INFO - Filling up the DagBag from /home/airflow/.local/lib/python3.8/site-packages/airflow/example_dags/example_sla_dag.py
[2023-10-14T10:57:43.154+0000] {processor.py:839} INFO - DAG(s) dict_keys(['example_sla_dag']) retrieved from /home/airflow/.local/lib/python3.8/site-packages/airflow/example_dags/example_sla_dag.py
[2023-10-14T10:57:43.177+0000] {logging_mixin.py:151} INFO - [2023-10-14T10:57:43.177+0000] {dag.py:2941} INFO - Sync 1 DAGs
[2023-10-14T10:57:43.190+0000] {logging_mixin.py:151} INFO - [2023-10-14T10:57:43.190+0000] {dag.py:3722} INFO - Setting next_dagrun for example_sla_dag to 2023-10-14T10:54:00+00:00, run_after=2023-10-14T10:56:00+00:00
[2023-10-14T10:57:43.200+0000] {processor.py:179} INFO - Processing /home/airflow/.local/lib/python3.8/site-packages/airflow/example_dags/example_sla_dag.py took 0.059 seconds
[2023-10-14T10:58:13.677+0000] {processor.py:157} INFO - Started process (PID=364) to work on /home/airflow/.local/lib/python3.8/site-packages/airflow/example_dags/example_sla_dag.py
[2023-10-14T10:58:13.678+0000] {processor.py:829} INFO - Processing file /home/airflow/.local/lib/python3.8/site-packages/airflow/example_dags/example_sla_dag.py for tasks to queue
[2023-10-14T10:58:13.680+0000] {logging_mixin.py:151} INFO - [2023-10-14T10:58:13.680+0000] {dagbag.py:536} INFO - Filling up the DagBag from /home/airflow/.local/lib/python3.8/site-packages/airflow/example_dags/example_sla_dag.py
[2023-10-14T10:58:13.685+0000] {processor.py:839} INFO - DAG(s) dict_keys(['example_sla_dag']) retrieved from /home/airflow/.local/lib/python3.8/site-packages/airflow/example_dags/example_sla_dag.py
[2023-10-14T10:58:13.699+0000] {logging_mixin.py:151} INFO - [2023-10-14T10:58:13.699+0000] {dag.py:2941} INFO - Sync 1 DAGs
[2023-10-14T10:58:13.715+0000] {logging_mixin.py:151} INFO - [2023-10-14T10:58:13.715+0000] {dag.py:3722} INFO - Setting next_dagrun for example_sla_dag to 2023-10-14T10:56:00+00:00, run_after=2023-10-14T10:58:00+00:00
[2023-10-14T10:58:13.724+0000] {processor.py:179} INFO - Processing /home/airflow/.local/lib/python3.8/site-packages/airflow/example_dags/example_sla_dag.py took 0.050 seconds
[2023-10-14T10:58:43.948+0000] {processor.py:157} INFO - Started process (PID=419) to work on /home/airflow/.local/lib/python3.8/site-packages/airflow/example_dags/example_sla_dag.py
[2023-10-14T10:58:43.949+0000] {processor.py:829} INFO - Processing file /home/airflow/.local/lib/python3.8/site-packages/airflow/example_dags/example_sla_dag.py for tasks to queue
[2023-10-14T10:58:43.951+0000] {logging_mixin.py:151} INFO - [2023-10-14T10:58:43.951+0000] {dagbag.py:536} INFO - Filling up the DagBag from /home/airflow/.local/lib/python3.8/site-packages/airflow/example_dags/example_sla_dag.py
[2023-10-14T10:58:43.958+0000] {processor.py:839} INFO - DAG(s) dict_keys(['example_sla_dag']) retrieved from /home/airflow/.local/lib/python3.8/site-packages/airflow/example_dags/example_sla_dag.py
[2023-10-14T10:58:43.991+0000] {logging_mixin.py:151} INFO - [2023-10-14T10:58:43.991+0000] {dag.py:2941} INFO - Sync 1 DAGs
[2023-10-14T10:58:44.007+0000] {logging_mixin.py:151} INFO - [2023-10-14T10:58:44.007+0000] {dag.py:3722} INFO - Setting next_dagrun for example_sla_dag to 2023-10-14T10:56:00+00:00, run_after=2023-10-14T10:58:00+00:00
[2023-10-14T10:58:44.018+0000] {processor.py:179} INFO - Processing /home/airflow/.local/lib/python3.8/site-packages/airflow/example_dags/example_sla_dag.py took 0.072 seconds
[2023-10-14T10:59:14.136+0000] {processor.py:157} INFO - Started process (PID=473) to work on /home/airflow/.local/lib/python3.8/site-packages/airflow/example_dags/example_sla_dag.py
[2023-10-14T10:59:14.138+0000] {processor.py:829} INFO - Processing file /home/airflow/.local/lib/python3.8/site-packages/airflow/example_dags/example_sla_dag.py for tasks to queue
[2023-10-14T10:59:14.140+0000] {logging_mixin.py:151} INFO - [2023-10-14T10:59:14.139+0000] {dagbag.py:536} INFO - Filling up the DagBag from /home/airflow/.local/lib/python3.8/site-packages/airflow/example_dags/example_sla_dag.py
[2023-10-14T10:59:14.148+0000] {processor.py:839} INFO - DAG(s) dict_keys(['example_sla_dag']) retrieved from /home/airflow/.local/lib/python3.8/site-packages/airflow/example_dags/example_sla_dag.py
[2023-10-14T10:59:14.164+0000] {logging_mixin.py:151} INFO - [2023-10-14T10:59:14.164+0000] {dag.py:2941} INFO - Sync 1 DAGs
[2023-10-14T10:59:14.181+0000] {logging_mixin.py:151} INFO - [2023-10-14T10:59:14.181+0000] {dag.py:3722} INFO - Setting next_dagrun for example_sla_dag to 2023-10-14T10:56:00+00:00, run_after=2023-10-14T10:58:00+00:00
[2023-10-14T10:59:14.192+0000] {processor.py:179} INFO - Processing /home/airflow/.local/lib/python3.8/site-packages/airflow/example_dags/example_sla_dag.py took 0.060 seconds
[2023-10-14T10:59:44.346+0000] {processor.py:157} INFO - Started process (PID=529) to work on /home/airflow/.local/lib/python3.8/site-packages/airflow/example_dags/example_sla_dag.py
[2023-10-14T10:59:44.348+0000] {processor.py:829} INFO - Processing file /home/airflow/.local/lib/python3.8/site-packages/airflow/example_dags/example_sla_dag.py for tasks to queue
[2023-10-14T10:59:44.350+0000] {logging_mixin.py:151} INFO - [2023-10-14T10:59:44.350+0000] {dagbag.py:536} INFO - Filling up the DagBag from /home/airflow/.local/lib/python3.8/site-packages/airflow/example_dags/example_sla_dag.py
[2023-10-14T10:59:44.363+0000] {processor.py:839} INFO - DAG(s) dict_keys(['example_sla_dag']) retrieved from /home/airflow/.local/lib/python3.8/site-packages/airflow/example_dags/example_sla_dag.py
[2023-10-14T10:59:44.408+0000] {logging_mixin.py:151} INFO - [2023-10-14T10:59:44.408+0000] {dag.py:2941} INFO - Sync 1 DAGs
[2023-10-14T10:59:44.429+0000] {logging_mixin.py:151} INFO - [2023-10-14T10:59:44.429+0000] {dag.py:3722} INFO - Setting next_dagrun for example_sla_dag to 2023-10-14T10:56:00+00:00, run_after=2023-10-14T10:58:00+00:00
[2023-10-14T10:59:44.441+0000] {processor.py:179} INFO - Processing /home/airflow/.local/lib/python3.8/site-packages/airflow/example_dags/example_sla_dag.py took 0.101 seconds
[2023-10-14T11:00:14.547+0000] {processor.py:157} INFO - Started process (PID=584) to work on /home/airflow/.local/lib/python3.8/site-packages/airflow/example_dags/example_sla_dag.py
[2023-10-14T11:00:14.549+0000] {processor.py:829} INFO - Processing file /home/airflow/.local/lib/python3.8/site-packages/airflow/example_dags/example_sla_dag.py for tasks to queue
[2023-10-14T11:00:14.554+0000] {logging_mixin.py:151} INFO - [2023-10-14T11:00:14.553+0000] {dagbag.py:536} INFO - Filling up the DagBag from /home/airflow/.local/lib/python3.8/site-packages/airflow/example_dags/example_sla_dag.py
[2023-10-14T11:00:14.567+0000] {processor.py:839} INFO - DAG(s) dict_keys(['example_sla_dag']) retrieved from /home/airflow/.local/lib/python3.8/site-packages/airflow/example_dags/example_sla_dag.py
[2023-10-14T11:00:14.613+0000] {logging_mixin.py:151} INFO - [2023-10-14T11:00:14.613+0000] {dag.py:2941} INFO - Sync 1 DAGs
[2023-10-14T11:00:14.632+0000] {logging_mixin.py:151} INFO - [2023-10-14T11:00:14.631+0000] {dag.py:3722} INFO - Setting next_dagrun for example_sla_dag to 2023-10-14T10:58:00+00:00, run_after=2023-10-14T11:00:00+00:00
[2023-10-14T11:00:14.643+0000] {processor.py:179} INFO - Processing /home/airflow/.local/lib/python3.8/site-packages/airflow/example_dags/example_sla_dag.py took 0.103 seconds
[2023-10-14T11:00:44.717+0000] {processor.py:157} INFO - Started process (PID=639) to work on /home/airflow/.local/lib/python3.8/site-packages/airflow/example_dags/example_sla_dag.py
[2023-10-14T11:00:44.718+0000] {processor.py:829} INFO - Processing file /home/airflow/.local/lib/python3.8/site-packages/airflow/example_dags/example_sla_dag.py for tasks to queue
[2023-10-14T11:00:44.720+0000] {logging_mixin.py:151} INFO - [2023-10-14T11:00:44.720+0000] {dagbag.py:536} INFO - Filling up the DagBag from /home/airflow/.local/lib/python3.8/site-packages/airflow/example_dags/example_sla_dag.py
[2023-10-14T11:00:44.741+0000] {processor.py:839} INFO - DAG(s) dict_keys(['example_sla_dag']) retrieved from /home/airflow/.local/lib/python3.8/site-packages/airflow/example_dags/example_sla_dag.py
[2023-10-14T11:00:44.781+0000] {logging_mixin.py:151} INFO - [2023-10-14T11:00:44.781+0000] {dag.py:2941} INFO - Sync 1 DAGs
[2023-10-14T11:00:44.803+0000] {logging_mixin.py:151} INFO - [2023-10-14T11:00:44.803+0000] {dag.py:3722} INFO - Setting next_dagrun for example_sla_dag to 2023-10-14T10:58:00+00:00, run_after=2023-10-14T11:00:00+00:00
[2023-10-14T11:00:44.814+0000] {processor.py:179} INFO - Processing /home/airflow/.local/lib/python3.8/site-packages/airflow/example_dags/example_sla_dag.py took 0.102 seconds
[2023-10-14T11:01:15.116+0000] {processor.py:157} INFO - Started process (PID=694) to work on /home/airflow/.local/lib/python3.8/site-packages/airflow/example_dags/example_sla_dag.py
[2023-10-14T11:01:15.118+0000] {processor.py:829} INFO - Processing file /home/airflow/.local/lib/python3.8/site-packages/airflow/example_dags/example_sla_dag.py for tasks to queue
[2023-10-14T11:01:15.124+0000] {logging_mixin.py:151} INFO - [2023-10-14T11:01:15.123+0000] {dagbag.py:536} INFO - Filling up the DagBag from /home/airflow/.local/lib/python3.8/site-packages/airflow/example_dags/example_sla_dag.py
[2023-10-14T11:01:15.145+0000] {processor.py:839} INFO - DAG(s) dict_keys(['example_sla_dag']) retrieved from /home/airflow/.local/lib/python3.8/site-packages/airflow/example_dags/example_sla_dag.py
[2023-10-14T11:01:15.168+0000] {logging_mixin.py:151} INFO - [2023-10-14T11:01:15.168+0000] {dag.py:2941} INFO - Sync 1 DAGs
[2023-10-14T11:01:15.198+0000] {logging_mixin.py:151} INFO - [2023-10-14T11:01:15.198+0000] {dag.py:3722} INFO - Setting next_dagrun for example_sla_dag to 2023-10-14T10:58:00+00:00, run_after=2023-10-14T11:00:00+00:00
[2023-10-14T11:01:15.210+0000] {processor.py:179} INFO - Processing /home/airflow/.local/lib/python3.8/site-packages/airflow/example_dags/example_sla_dag.py took 0.100 seconds
[2023-10-14T11:01:45.378+0000] {processor.py:157} INFO - Started process (PID=750) to work on /home/airflow/.local/lib/python3.8/site-packages/airflow/example_dags/example_sla_dag.py
[2023-10-14T11:01:45.379+0000] {processor.py:829} INFO - Processing file /home/airflow/.local/lib/python3.8/site-packages/airflow/example_dags/example_sla_dag.py for tasks to queue
[2023-10-14T11:01:45.382+0000] {logging_mixin.py:151} INFO - [2023-10-14T11:01:45.382+0000] {dagbag.py:536} INFO - Filling up the DagBag from /home/airflow/.local/lib/python3.8/site-packages/airflow/example_dags/example_sla_dag.py
[2023-10-14T11:01:45.391+0000] {processor.py:839} INFO - DAG(s) dict_keys(['example_sla_dag']) retrieved from /home/airflow/.local/lib/python3.8/site-packages/airflow/example_dags/example_sla_dag.py
[2023-10-14T11:01:45.411+0000] {logging_mixin.py:151} INFO - [2023-10-14T11:01:45.411+0000] {dag.py:2941} INFO - Sync 1 DAGs
[2023-10-14T11:01:45.431+0000] {logging_mixin.py:151} INFO - [2023-10-14T11:01:45.430+0000] {dag.py:3722} INFO - Setting next_dagrun for example_sla_dag to 2023-10-14T10:58:00+00:00, run_after=2023-10-14T11:00:00+00:00
[2023-10-14T11:01:45.452+0000] {processor.py:179} INFO - Processing /home/airflow/.local/lib/python3.8/site-packages/airflow/example_dags/example_sla_dag.py took 0.079 seconds
[2023-10-14T11:02:16.007+0000] {processor.py:157} INFO - Started process (PID=807) to work on /home/airflow/.local/lib/python3.8/site-packages/airflow/example_dags/example_sla_dag.py
[2023-10-14T11:02:16.008+0000] {processor.py:829} INFO - Processing file /home/airflow/.local/lib/python3.8/site-packages/airflow/example_dags/example_sla_dag.py for tasks to queue
[2023-10-14T11:02:16.011+0000] {logging_mixin.py:151} INFO - [2023-10-14T11:02:16.011+0000] {dagbag.py:536} INFO - Filling up the DagBag from /home/airflow/.local/lib/python3.8/site-packages/airflow/example_dags/example_sla_dag.py
[2023-10-14T11:02:16.020+0000] {processor.py:839} INFO - DAG(s) dict_keys(['example_sla_dag']) retrieved from /home/airflow/.local/lib/python3.8/site-packages/airflow/example_dags/example_sla_dag.py
[2023-10-14T11:02:16.037+0000] {logging_mixin.py:151} INFO - [2023-10-14T11:02:16.036+0000] {dag.py:2941} INFO - Sync 1 DAGs
[2023-10-14T11:02:16.052+0000] {logging_mixin.py:151} INFO - [2023-10-14T11:02:16.052+0000] {dag.py:3722} INFO - Setting next_dagrun for example_sla_dag to 2023-10-14T11:00:00+00:00, run_after=2023-10-14T11:02:00+00:00
[2023-10-14T11:02:16.062+0000] {processor.py:179} INFO - Processing /home/airflow/.local/lib/python3.8/site-packages/airflow/example_dags/example_sla_dag.py took 0.060 seconds
[2023-10-14T11:02:46.372+0000] {processor.py:157} INFO - Started process (PID=862) to work on /home/airflow/.local/lib/python3.8/site-packages/airflow/example_dags/example_sla_dag.py
[2023-10-14T11:02:46.374+0000] {processor.py:829} INFO - Processing file /home/airflow/.local/lib/python3.8/site-packages/airflow/example_dags/example_sla_dag.py for tasks to queue
[2023-10-14T11:02:46.377+0000] {logging_mixin.py:151} INFO - [2023-10-14T11:02:46.377+0000] {dagbag.py:536} INFO - Filling up the DagBag from /home/airflow/.local/lib/python3.8/site-packages/airflow/example_dags/example_sla_dag.py
[2023-10-14T11:02:46.392+0000] {processor.py:839} INFO - DAG(s) dict_keys(['example_sla_dag']) retrieved from /home/airflow/.local/lib/python3.8/site-packages/airflow/example_dags/example_sla_dag.py
[2023-10-14T11:02:46.427+0000] {logging_mixin.py:151} INFO - [2023-10-14T11:02:46.427+0000] {dag.py:2941} INFO - Sync 1 DAGs
[2023-10-14T11:02:46.448+0000] {logging_mixin.py:151} INFO - [2023-10-14T11:02:46.448+0000] {dag.py:3722} INFO - Setting next_dagrun for example_sla_dag to 2023-10-14T11:00:00+00:00, run_after=2023-10-14T11:02:00+00:00
[2023-10-14T11:02:46.460+0000] {processor.py:179} INFO - Processing /home/airflow/.local/lib/python3.8/site-packages/airflow/example_dags/example_sla_dag.py took 0.094 seconds
[2023-10-14T11:03:16.853+0000] {processor.py:157} INFO - Started process (PID=918) to work on /home/airflow/.local/lib/python3.8/site-packages/airflow/example_dags/example_sla_dag.py
[2023-10-14T11:03:16.854+0000] {processor.py:829} INFO - Processing file /home/airflow/.local/lib/python3.8/site-packages/airflow/example_dags/example_sla_dag.py for tasks to queue
[2023-10-14T11:03:16.856+0000] {logging_mixin.py:151} INFO - [2023-10-14T11:03:16.856+0000] {dagbag.py:536} INFO - Filling up the DagBag from /home/airflow/.local/lib/python3.8/site-packages/airflow/example_dags/example_sla_dag.py
[2023-10-14T11:03:16.863+0000] {processor.py:839} INFO - DAG(s) dict_keys(['example_sla_dag']) retrieved from /home/airflow/.local/lib/python3.8/site-packages/airflow/example_dags/example_sla_dag.py
[2023-10-14T11:03:16.877+0000] {logging_mixin.py:151} INFO - [2023-10-14T11:03:16.877+0000] {dag.py:2941} INFO - Sync 1 DAGs
[2023-10-14T11:03:16.891+0000] {logging_mixin.py:151} INFO - [2023-10-14T11:03:16.891+0000] {dag.py:3722} INFO - Setting next_dagrun for example_sla_dag to 2023-10-14T11:00:00+00:00, run_after=2023-10-14T11:02:00+00:00
[2023-10-14T11:03:16.902+0000] {processor.py:179} INFO - Processing /home/airflow/.local/lib/python3.8/site-packages/airflow/example_dags/example_sla_dag.py took 0.052 seconds
[2023-10-14T11:03:47.147+0000] {processor.py:157} INFO - Started process (PID=973) to work on /home/airflow/.local/lib/python3.8/site-packages/airflow/example_dags/example_sla_dag.py
[2023-10-14T11:03:47.148+0000] {processor.py:829} INFO - Processing file /home/airflow/.local/lib/python3.8/site-packages/airflow/example_dags/example_sla_dag.py for tasks to queue
[2023-10-14T11:03:47.152+0000] {logging_mixin.py:151} INFO - [2023-10-14T11:03:47.152+0000] {dagbag.py:536} INFO - Filling up the DagBag from /home/airflow/.local/lib/python3.8/site-packages/airflow/example_dags/example_sla_dag.py
[2023-10-14T11:03:47.164+0000] {processor.py:839} INFO - DAG(s) dict_keys(['example_sla_dag']) retrieved from /home/airflow/.local/lib/python3.8/site-packages/airflow/example_dags/example_sla_dag.py
[2023-10-14T11:03:47.189+0000] {logging_mixin.py:151} INFO - [2023-10-14T11:03:47.189+0000] {dag.py:2941} INFO - Sync 1 DAGs
[2023-10-14T11:03:47.205+0000] {logging_mixin.py:151} INFO - [2023-10-14T11:03:47.205+0000] {dag.py:3722} INFO - Setting next_dagrun for example_sla_dag to 2023-10-14T11:00:00+00:00, run_after=2023-10-14T11:02:00+00:00
[2023-10-14T11:03:47.215+0000] {processor.py:179} INFO - Processing /home/airflow/.local/lib/python3.8/site-packages/airflow/example_dags/example_sla_dag.py took 0.072 seconds
[2023-10-14T11:04:17.700+0000] {processor.py:157} INFO - Started process (PID=1029) to work on /home/airflow/.local/lib/python3.8/site-packages/airflow/example_dags/example_sla_dag.py
[2023-10-14T11:04:17.703+0000] {processor.py:829} INFO - Processing file /home/airflow/.local/lib/python3.8/site-packages/airflow/example_dags/example_sla_dag.py for tasks to queue
[2023-10-14T11:04:17.706+0000] {logging_mixin.py:151} INFO - [2023-10-14T11:04:17.705+0000] {dagbag.py:536} INFO - Filling up the DagBag from /home/airflow/.local/lib/python3.8/site-packages/airflow/example_dags/example_sla_dag.py
[2023-10-14T11:04:17.716+0000] {processor.py:839} INFO - DAG(s) dict_keys(['example_sla_dag']) retrieved from /home/airflow/.local/lib/python3.8/site-packages/airflow/example_dags/example_sla_dag.py
[2023-10-14T11:04:17.733+0000] {logging_mixin.py:151} INFO - [2023-10-14T11:04:17.733+0000] {dag.py:2941} INFO - Sync 1 DAGs
[2023-10-14T11:04:17.748+0000] {logging_mixin.py:151} INFO - [2023-10-14T11:04:17.748+0000] {dag.py:3722} INFO - Setting next_dagrun for example_sla_dag to 2023-10-14T11:02:00+00:00, run_after=2023-10-14T11:04:00+00:00
[2023-10-14T11:04:17.759+0000] {processor.py:179} INFO - Processing /home/airflow/.local/lib/python3.8/site-packages/airflow/example_dags/example_sla_dag.py took 0.065 seconds
[2023-10-14T11:04:48.027+0000] {processor.py:157} INFO - Started process (PID=1084) to work on /home/airflow/.local/lib/python3.8/site-packages/airflow/example_dags/example_sla_dag.py
[2023-10-14T11:04:48.029+0000] {processor.py:829} INFO - Processing file /home/airflow/.local/lib/python3.8/site-packages/airflow/example_dags/example_sla_dag.py for tasks to queue
[2023-10-14T11:04:48.033+0000] {logging_mixin.py:151} INFO - [2023-10-14T11:04:48.032+0000] {dagbag.py:536} INFO - Filling up the DagBag from /home/airflow/.local/lib/python3.8/site-packages/airflow/example_dags/example_sla_dag.py
[2023-10-14T11:04:48.041+0000] {processor.py:839} INFO - DAG(s) dict_keys(['example_sla_dag']) retrieved from /home/airflow/.local/lib/python3.8/site-packages/airflow/example_dags/example_sla_dag.py
[2023-10-14T11:04:48.058+0000] {logging_mixin.py:151} INFO - [2023-10-14T11:04:48.058+0000] {dag.py:2941} INFO - Sync 1 DAGs
[2023-10-14T11:04:48.074+0000] {logging_mixin.py:151} INFO - [2023-10-14T11:04:48.074+0000] {dag.py:3722} INFO - Setting next_dagrun for example_sla_dag to 2023-10-14T11:02:00+00:00, run_after=2023-10-14T11:04:00+00:00
[2023-10-14T11:04:48.085+0000] {processor.py:179} INFO - Processing /home/airflow/.local/lib/python3.8/site-packages/airflow/example_dags/example_sla_dag.py took 0.063 seconds
[2023-10-14T11:05:18.364+0000] {processor.py:157} INFO - Started process (PID=1139) to work on /home/airflow/.local/lib/python3.8/site-packages/airflow/example_dags/example_sla_dag.py
[2023-10-14T11:05:18.365+0000] {processor.py:829} INFO - Processing file /home/airflow/.local/lib/python3.8/site-packages/airflow/example_dags/example_sla_dag.py for tasks to queue
[2023-10-14T11:05:18.366+0000] {logging_mixin.py:151} INFO - [2023-10-14T11:05:18.366+0000] {dagbag.py:536} INFO - Filling up the DagBag from /home/airflow/.local/lib/python3.8/site-packages/airflow/example_dags/example_sla_dag.py
[2023-10-14T11:05:18.372+0000] {processor.py:839} INFO - DAG(s) dict_keys(['example_sla_dag']) retrieved from /home/airflow/.local/lib/python3.8/site-packages/airflow/example_dags/example_sla_dag.py
[2023-10-14T11:05:18.387+0000] {logging_mixin.py:151} INFO - [2023-10-14T11:05:18.387+0000] {dag.py:2941} INFO - Sync 1 DAGs
[2023-10-14T11:05:18.403+0000] {logging_mixin.py:151} INFO - [2023-10-14T11:05:18.402+0000] {dag.py:3722} INFO - Setting next_dagrun for example_sla_dag to 2023-10-14T11:02:00+00:00, run_after=2023-10-14T11:04:00+00:00
[2023-10-14T11:05:18.412+0000] {processor.py:179} INFO - Processing /home/airflow/.local/lib/python3.8/site-packages/airflow/example_dags/example_sla_dag.py took 0.051 seconds
[2023-10-14T11:05:49.150+0000] {processor.py:157} INFO - Started process (PID=1194) to work on /home/airflow/.local/lib/python3.8/site-packages/airflow/example_dags/example_sla_dag.py
[2023-10-14T11:05:49.152+0000] {processor.py:829} INFO - Processing file /home/airflow/.local/lib/python3.8/site-packages/airflow/example_dags/example_sla_dag.py for tasks to queue
[2023-10-14T11:05:49.156+0000] {logging_mixin.py:151} INFO - [2023-10-14T11:05:49.155+0000] {dagbag.py:536} INFO - Filling up the DagBag from /home/airflow/.local/lib/python3.8/site-packages/airflow/example_dags/example_sla_dag.py
[2023-10-14T11:05:49.164+0000] {processor.py:839} INFO - DAG(s) dict_keys(['example_sla_dag']) retrieved from /home/airflow/.local/lib/python3.8/site-packages/airflow/example_dags/example_sla_dag.py
[2023-10-14T11:05:49.179+0000] {logging_mixin.py:151} INFO - [2023-10-14T11:05:49.179+0000] {dag.py:2941} INFO - Sync 1 DAGs
[2023-10-14T11:05:49.196+0000] {logging_mixin.py:151} INFO - [2023-10-14T11:05:49.196+0000] {dag.py:3722} INFO - Setting next_dagrun for example_sla_dag to 2023-10-14T11:02:00+00:00, run_after=2023-10-14T11:04:00+00:00
[2023-10-14T11:05:49.207+0000] {processor.py:179} INFO - Processing /home/airflow/.local/lib/python3.8/site-packages/airflow/example_dags/example_sla_dag.py took 0.064 seconds
[2023-10-14T11:06:19.654+0000] {processor.py:157} INFO - Started process (PID=1250) to work on /home/airflow/.local/lib/python3.8/site-packages/airflow/example_dags/example_sla_dag.py
[2023-10-14T11:06:19.655+0000] {processor.py:829} INFO - Processing file /home/airflow/.local/lib/python3.8/site-packages/airflow/example_dags/example_sla_dag.py for tasks to queue
[2023-10-14T11:06:19.657+0000] {logging_mixin.py:151} INFO - [2023-10-14T11:06:19.657+0000] {dagbag.py:536} INFO - Filling up the DagBag from /home/airflow/.local/lib/python3.8/site-packages/airflow/example_dags/example_sla_dag.py
[2023-10-14T11:06:19.668+0000] {processor.py:839} INFO - DAG(s) dict_keys(['example_sla_dag']) retrieved from /home/airflow/.local/lib/python3.8/site-packages/airflow/example_dags/example_sla_dag.py
[2023-10-14T11:06:19.692+0000] {logging_mixin.py:151} INFO - [2023-10-14T11:06:19.692+0000] {dag.py:2941} INFO - Sync 1 DAGs
[2023-10-14T11:06:19.707+0000] {logging_mixin.py:151} INFO - [2023-10-14T11:06:19.707+0000] {dag.py:3722} INFO - Setting next_dagrun for example_sla_dag to 2023-10-14T11:04:00+00:00, run_after=2023-10-14T11:06:00+00:00
[2023-10-14T11:06:19.717+0000] {processor.py:179} INFO - Processing /home/airflow/.local/lib/python3.8/site-packages/airflow/example_dags/example_sla_dag.py took 0.066 seconds
[2023-10-14T11:06:50.026+0000] {processor.py:157} INFO - Started process (PID=1305) to work on /home/airflow/.local/lib/python3.8/site-packages/airflow/example_dags/example_sla_dag.py
[2023-10-14T11:06:50.027+0000] {processor.py:829} INFO - Processing file /home/airflow/.local/lib/python3.8/site-packages/airflow/example_dags/example_sla_dag.py for tasks to queue
[2023-10-14T11:06:50.031+0000] {logging_mixin.py:151} INFO - [2023-10-14T11:06:50.030+0000] {dagbag.py:536} INFO - Filling up the DagBag from /home/airflow/.local/lib/python3.8/site-packages/airflow/example_dags/example_sla_dag.py
[2023-10-14T11:06:50.041+0000] {processor.py:839} INFO - DAG(s) dict_keys(['example_sla_dag']) retrieved from /home/airflow/.local/lib/python3.8/site-packages/airflow/example_dags/example_sla_dag.py
[2023-10-14T11:06:50.068+0000] {logging_mixin.py:151} INFO - [2023-10-14T11:06:50.068+0000] {dag.py:2941} INFO - Sync 1 DAGs
[2023-10-14T11:06:50.087+0000] {logging_mixin.py:151} INFO - [2023-10-14T11:06:50.087+0000] {dag.py:3722} INFO - Setting next_dagrun for example_sla_dag to 2023-10-14T11:04:00+00:00, run_after=2023-10-14T11:06:00+00:00
[2023-10-14T11:06:50.099+0000] {processor.py:179} INFO - Processing /home/airflow/.local/lib/python3.8/site-packages/airflow/example_dags/example_sla_dag.py took 0.078 seconds
[2023-10-14T11:07:22.336+0000] {processor.py:157} INFO - Started process (PID=1364) to work on /home/airflow/.local/lib/python3.8/site-packages/airflow/example_dags/example_sla_dag.py
[2023-10-14T11:07:22.344+0000] {processor.py:829} INFO - Processing file /home/airflow/.local/lib/python3.8/site-packages/airflow/example_dags/example_sla_dag.py for tasks to queue
[2023-10-14T11:07:22.380+0000] {logging_mixin.py:151} INFO - [2023-10-14T11:07:22.378+0000] {dagbag.py:536} INFO - Filling up the DagBag from /home/airflow/.local/lib/python3.8/site-packages/airflow/example_dags/example_sla_dag.py
[2023-10-14T11:07:22.564+0000] {processor.py:839} INFO - DAG(s) dict_keys(['example_sla_dag']) retrieved from /home/airflow/.local/lib/python3.8/site-packages/airflow/example_dags/example_sla_dag.py
[2023-10-14T11:07:22.738+0000] {logging_mixin.py:151} INFO - [2023-10-14T11:07:22.738+0000] {dag.py:2941} INFO - Sync 1 DAGs
[2023-10-14T11:07:22.941+0000] {logging_mixin.py:151} INFO - [2023-10-14T11:07:22.941+0000] {dag.py:3722} INFO - Setting next_dagrun for example_sla_dag to 2023-10-14T11:04:00+00:00, run_after=2023-10-14T11:06:00+00:00
[2023-10-14T11:07:23.085+0000] {processor.py:179} INFO - Processing /home/airflow/.local/lib/python3.8/site-packages/airflow/example_dags/example_sla_dag.py took 0.769 seconds
[2023-10-14T11:07:54.159+0000] {processor.py:157} INFO - Started process (PID=1420) to work on /home/airflow/.local/lib/python3.8/site-packages/airflow/example_dags/example_sla_dag.py
[2023-10-14T11:07:54.160+0000] {processor.py:829} INFO - Processing file /home/airflow/.local/lib/python3.8/site-packages/airflow/example_dags/example_sla_dag.py for tasks to queue
[2023-10-14T11:07:54.164+0000] {logging_mixin.py:151} INFO - [2023-10-14T11:07:54.163+0000] {dagbag.py:536} INFO - Filling up the DagBag from /home/airflow/.local/lib/python3.8/site-packages/airflow/example_dags/example_sla_dag.py
[2023-10-14T11:07:54.172+0000] {processor.py:839} INFO - DAG(s) dict_keys(['example_sla_dag']) retrieved from /home/airflow/.local/lib/python3.8/site-packages/airflow/example_dags/example_sla_dag.py
[2023-10-14T11:07:54.190+0000] {logging_mixin.py:151} INFO - [2023-10-14T11:07:54.190+0000] {dag.py:2941} INFO - Sync 1 DAGs
[2023-10-14T11:07:54.207+0000] {logging_mixin.py:151} INFO - [2023-10-14T11:07:54.206+0000] {dag.py:3722} INFO - Setting next_dagrun for example_sla_dag to 2023-10-14T11:04:00+00:00, run_after=2023-10-14T11:06:00+00:00
[2023-10-14T11:07:54.218+0000] {processor.py:179} INFO - Processing /home/airflow/.local/lib/python3.8/site-packages/airflow/example_dags/example_sla_dag.py took 0.063 seconds
[2023-10-14T11:08:24.867+0000] {processor.py:157} INFO - Started process (PID=1475) to work on /home/airflow/.local/lib/python3.8/site-packages/airflow/example_dags/example_sla_dag.py
[2023-10-14T11:08:24.869+0000] {processor.py:829} INFO - Processing file /home/airflow/.local/lib/python3.8/site-packages/airflow/example_dags/example_sla_dag.py for tasks to queue
[2023-10-14T11:08:24.871+0000] {logging_mixin.py:151} INFO - [2023-10-14T11:08:24.870+0000] {dagbag.py:536} INFO - Filling up the DagBag from /home/airflow/.local/lib/python3.8/site-packages/airflow/example_dags/example_sla_dag.py
[2023-10-14T11:08:24.878+0000] {processor.py:839} INFO - DAG(s) dict_keys(['example_sla_dag']) retrieved from /home/airflow/.local/lib/python3.8/site-packages/airflow/example_dags/example_sla_dag.py
[2023-10-14T11:08:24.893+0000] {logging_mixin.py:151} INFO - [2023-10-14T11:08:24.893+0000] {dag.py:2941} INFO - Sync 1 DAGs
[2023-10-14T11:08:24.908+0000] {logging_mixin.py:151} INFO - [2023-10-14T11:08:24.908+0000] {dag.py:3722} INFO - Setting next_dagrun for example_sla_dag to 2023-10-14T11:06:00+00:00, run_after=2023-10-14T11:08:00+00:00
[2023-10-14T11:08:24.918+0000] {processor.py:179} INFO - Processing /home/airflow/.local/lib/python3.8/site-packages/airflow/example_dags/example_sla_dag.py took 0.054 seconds
[2023-10-14T11:08:55.533+0000] {processor.py:157} INFO - Started process (PID=1530) to work on /home/airflow/.local/lib/python3.8/site-packages/airflow/example_dags/example_sla_dag.py
[2023-10-14T11:08:55.534+0000] {processor.py:829} INFO - Processing file /home/airflow/.local/lib/python3.8/site-packages/airflow/example_dags/example_sla_dag.py for tasks to queue
[2023-10-14T11:08:55.536+0000] {logging_mixin.py:151} INFO - [2023-10-14T11:08:55.536+0000] {dagbag.py:536} INFO - Filling up the DagBag from /home/airflow/.local/lib/python3.8/site-packages/airflow/example_dags/example_sla_dag.py
[2023-10-14T11:08:55.543+0000] {processor.py:839} INFO - DAG(s) dict_keys(['example_sla_dag']) retrieved from /home/airflow/.local/lib/python3.8/site-packages/airflow/example_dags/example_sla_dag.py
[2023-10-14T11:08:55.558+0000] {logging_mixin.py:151} INFO - [2023-10-14T11:08:55.558+0000] {dag.py:2941} INFO - Sync 1 DAGs
[2023-10-14T11:08:55.573+0000] {logging_mixin.py:151} INFO - [2023-10-14T11:08:55.573+0000] {dag.py:3722} INFO - Setting next_dagrun for example_sla_dag to 2023-10-14T11:06:00+00:00, run_after=2023-10-14T11:08:00+00:00
[2023-10-14T11:08:55.582+0000] {processor.py:179} INFO - Processing /home/airflow/.local/lib/python3.8/site-packages/airflow/example_dags/example_sla_dag.py took 0.052 seconds
[2023-10-14T11:09:26.449+0000] {processor.py:157} INFO - Started process (PID=1583) to work on /home/airflow/.local/lib/python3.8/site-packages/airflow/example_dags/example_sla_dag.py
[2023-10-14T11:09:26.452+0000] {processor.py:829} INFO - Processing file /home/airflow/.local/lib/python3.8/site-packages/airflow/example_dags/example_sla_dag.py for tasks to queue
[2023-10-14T11:09:26.455+0000] {logging_mixin.py:151} INFO - [2023-10-14T11:09:26.455+0000] {dagbag.py:536} INFO - Filling up the DagBag from /home/airflow/.local/lib/python3.8/site-packages/airflow/example_dags/example_sla_dag.py
[2023-10-14T11:09:26.463+0000] {processor.py:839} INFO - DAG(s) dict_keys(['example_sla_dag']) retrieved from /home/airflow/.local/lib/python3.8/site-packages/airflow/example_dags/example_sla_dag.py
[2023-10-14T11:09:26.480+0000] {logging_mixin.py:151} INFO - [2023-10-14T11:09:26.480+0000] {dag.py:2941} INFO - Sync 1 DAGs
[2023-10-14T11:09:26.495+0000] {logging_mixin.py:151} INFO - [2023-10-14T11:09:26.494+0000] {dag.py:3722} INFO - Setting next_dagrun for example_sla_dag to 2023-10-14T11:06:00+00:00, run_after=2023-10-14T11:08:00+00:00
[2023-10-14T11:09:26.504+0000] {processor.py:179} INFO - Processing /home/airflow/.local/lib/python3.8/site-packages/airflow/example_dags/example_sla_dag.py took 0.061 seconds
