[2023-10-14T10:55:12.937+0000] {processor.py:157} INFO - Started process (PID=40) to work on /home/airflow/.local/lib/python3.8/site-packages/airflow/example_dags/example_branch_python_dop_operator_3.py
[2023-10-14T10:55:12.942+0000] {processor.py:829} INFO - Processing file /home/airflow/.local/lib/python3.8/site-packages/airflow/example_dags/example_branch_python_dop_operator_3.py for tasks to queue
[2023-10-14T10:55:12.945+0000] {logging_mixin.py:151} INFO - [2023-10-14T10:55:12.945+0000] {dagbag.py:536} INFO - Filling up the DagBag from /home/airflow/.local/lib/python3.8/site-packages/airflow/example_dags/example_branch_python_dop_operator_3.py
[2023-10-14T10:55:12.961+0000] {processor.py:839} INFO - DAG(s) dict_keys(['example_branch_dop_operator_v3']) retrieved from /home/airflow/.local/lib/python3.8/site-packages/airflow/example_dags/example_branch_python_dop_operator_3.py
[2023-10-14T10:55:12.996+0000] {logging_mixin.py:151} INFO - [2023-10-14T10:55:12.996+0000] {dag.py:2941} INFO - Sync 1 DAGs
[2023-10-14T10:55:13.078+0000] {logging_mixin.py:151} INFO - [2023-10-14T10:55:13.078+0000] {dag.py:3722} INFO - Setting next_dagrun for example_branch_dop_operator_v3 to 2023-10-14T10:54:00+00:00, run_after=2023-10-14T10:55:00+00:00
[2023-10-14T10:55:13.111+0000] {processor.py:179} INFO - Processing /home/airflow/.local/lib/python3.8/site-packages/airflow/example_dags/example_branch_python_dop_operator_3.py took 0.176 seconds
[2023-10-14T10:55:43.965+0000] {processor.py:157} INFO - Started process (PID=95) to work on /home/airflow/.local/lib/python3.8/site-packages/airflow/example_dags/example_branch_python_dop_operator_3.py
[2023-10-14T10:55:43.966+0000] {processor.py:829} INFO - Processing file /home/airflow/.local/lib/python3.8/site-packages/airflow/example_dags/example_branch_python_dop_operator_3.py for tasks to queue
[2023-10-14T10:55:43.968+0000] {logging_mixin.py:151} INFO - [2023-10-14T10:55:43.968+0000] {dagbag.py:536} INFO - Filling up the DagBag from /home/airflow/.local/lib/python3.8/site-packages/airflow/example_dags/example_branch_python_dop_operator_3.py
[2023-10-14T10:55:43.974+0000] {processor.py:839} INFO - DAG(s) dict_keys(['example_branch_dop_operator_v3']) retrieved from /home/airflow/.local/lib/python3.8/site-packages/airflow/example_dags/example_branch_python_dop_operator_3.py
[2023-10-14T10:55:43.990+0000] {logging_mixin.py:151} INFO - [2023-10-14T10:55:43.990+0000] {dag.py:2941} INFO - Sync 1 DAGs
[2023-10-14T10:55:44.005+0000] {logging_mixin.py:151} INFO - [2023-10-14T10:55:44.005+0000] {dag.py:3722} INFO - Setting next_dagrun for example_branch_dop_operator_v3 to 2023-10-14T10:54:00+00:00, run_after=2023-10-14T10:55:00+00:00
[2023-10-14T10:55:44.016+0000] {processor.py:179} INFO - Processing /home/airflow/.local/lib/python3.8/site-packages/airflow/example_dags/example_branch_python_dop_operator_3.py took 0.054 seconds
[2023-10-14T10:56:14.537+0000] {processor.py:157} INFO - Started process (PID=150) to work on /home/airflow/.local/lib/python3.8/site-packages/airflow/example_dags/example_branch_python_dop_operator_3.py
[2023-10-14T10:56:14.539+0000] {processor.py:829} INFO - Processing file /home/airflow/.local/lib/python3.8/site-packages/airflow/example_dags/example_branch_python_dop_operator_3.py for tasks to queue
[2023-10-14T10:56:14.541+0000] {logging_mixin.py:151} INFO - [2023-10-14T10:56:14.541+0000] {dagbag.py:536} INFO - Filling up the DagBag from /home/airflow/.local/lib/python3.8/site-packages/airflow/example_dags/example_branch_python_dop_operator_3.py
[2023-10-14T10:56:14.548+0000] {processor.py:839} INFO - DAG(s) dict_keys(['example_branch_dop_operator_v3']) retrieved from /home/airflow/.local/lib/python3.8/site-packages/airflow/example_dags/example_branch_python_dop_operator_3.py
[2023-10-14T10:56:14.565+0000] {logging_mixin.py:151} INFO - [2023-10-14T10:56:14.565+0000] {dag.py:2941} INFO - Sync 1 DAGs
[2023-10-14T10:56:14.584+0000] {logging_mixin.py:151} INFO - [2023-10-14T10:56:14.584+0000] {dag.py:3722} INFO - Setting next_dagrun for example_branch_dop_operator_v3 to 2023-10-14T10:55:00+00:00, run_after=2023-10-14T10:56:00+00:00
[2023-10-14T10:56:14.596+0000] {processor.py:179} INFO - Processing /home/airflow/.local/lib/python3.8/site-packages/airflow/example_dags/example_branch_python_dop_operator_3.py took 0.062 seconds
[2023-10-14T10:56:44.812+0000] {processor.py:157} INFO - Started process (PID=205) to work on /home/airflow/.local/lib/python3.8/site-packages/airflow/example_dags/example_branch_python_dop_operator_3.py
[2023-10-14T10:56:44.815+0000] {processor.py:829} INFO - Processing file /home/airflow/.local/lib/python3.8/site-packages/airflow/example_dags/example_branch_python_dop_operator_3.py for tasks to queue
[2023-10-14T10:56:44.818+0000] {logging_mixin.py:151} INFO - [2023-10-14T10:56:44.817+0000] {dagbag.py:536} INFO - Filling up the DagBag from /home/airflow/.local/lib/python3.8/site-packages/airflow/example_dags/example_branch_python_dop_operator_3.py
[2023-10-14T10:56:44.827+0000] {processor.py:839} INFO - DAG(s) dict_keys(['example_branch_dop_operator_v3']) retrieved from /home/airflow/.local/lib/python3.8/site-packages/airflow/example_dags/example_branch_python_dop_operator_3.py
[2023-10-14T10:56:44.844+0000] {logging_mixin.py:151} INFO - [2023-10-14T10:56:44.844+0000] {dag.py:2941} INFO - Sync 1 DAGs
[2023-10-14T10:56:44.863+0000] {logging_mixin.py:151} INFO - [2023-10-14T10:56:44.863+0000] {dag.py:3722} INFO - Setting next_dagrun for example_branch_dop_operator_v3 to 2023-10-14T10:55:00+00:00, run_after=2023-10-14T10:56:00+00:00
[2023-10-14T10:56:44.874+0000] {processor.py:179} INFO - Processing /home/airflow/.local/lib/python3.8/site-packages/airflow/example_dags/example_branch_python_dop_operator_3.py took 0.066 seconds
[2023-10-14T10:57:15.157+0000] {processor.py:157} INFO - Started process (PID=260) to work on /home/airflow/.local/lib/python3.8/site-packages/airflow/example_dags/example_branch_python_dop_operator_3.py
[2023-10-14T10:57:15.158+0000] {processor.py:829} INFO - Processing file /home/airflow/.local/lib/python3.8/site-packages/airflow/example_dags/example_branch_python_dop_operator_3.py for tasks to queue
[2023-10-14T10:57:15.161+0000] {logging_mixin.py:151} INFO - [2023-10-14T10:57:15.161+0000] {dagbag.py:536} INFO - Filling up the DagBag from /home/airflow/.local/lib/python3.8/site-packages/airflow/example_dags/example_branch_python_dop_operator_3.py
[2023-10-14T10:57:15.173+0000] {processor.py:839} INFO - DAG(s) dict_keys(['example_branch_dop_operator_v3']) retrieved from /home/airflow/.local/lib/python3.8/site-packages/airflow/example_dags/example_branch_python_dop_operator_3.py
[2023-10-14T10:57:15.189+0000] {logging_mixin.py:151} INFO - [2023-10-14T10:57:15.189+0000] {dag.py:2941} INFO - Sync 1 DAGs
[2023-10-14T10:57:15.204+0000] {logging_mixin.py:151} INFO - [2023-10-14T10:57:15.204+0000] {dag.py:3722} INFO - Setting next_dagrun for example_branch_dop_operator_v3 to 2023-10-14T10:56:00+00:00, run_after=2023-10-14T10:57:00+00:00
[2023-10-14T10:57:15.213+0000] {processor.py:179} INFO - Processing /home/airflow/.local/lib/python3.8/site-packages/airflow/example_dags/example_branch_python_dop_operator_3.py took 0.063 seconds
[2023-10-14T10:57:45.434+0000] {processor.py:157} INFO - Started process (PID=315) to work on /home/airflow/.local/lib/python3.8/site-packages/airflow/example_dags/example_branch_python_dop_operator_3.py
[2023-10-14T10:57:45.435+0000] {processor.py:829} INFO - Processing file /home/airflow/.local/lib/python3.8/site-packages/airflow/example_dags/example_branch_python_dop_operator_3.py for tasks to queue
[2023-10-14T10:57:45.437+0000] {logging_mixin.py:151} INFO - [2023-10-14T10:57:45.437+0000] {dagbag.py:536} INFO - Filling up the DagBag from /home/airflow/.local/lib/python3.8/site-packages/airflow/example_dags/example_branch_python_dop_operator_3.py
[2023-10-14T10:57:45.446+0000] {processor.py:839} INFO - DAG(s) dict_keys(['example_branch_dop_operator_v3']) retrieved from /home/airflow/.local/lib/python3.8/site-packages/airflow/example_dags/example_branch_python_dop_operator_3.py
[2023-10-14T10:57:45.462+0000] {logging_mixin.py:151} INFO - [2023-10-14T10:57:45.462+0000] {dag.py:2941} INFO - Sync 1 DAGs
[2023-10-14T10:57:45.478+0000] {logging_mixin.py:151} INFO - [2023-10-14T10:57:45.478+0000] {dag.py:3722} INFO - Setting next_dagrun for example_branch_dop_operator_v3 to 2023-10-14T10:56:00+00:00, run_after=2023-10-14T10:57:00+00:00
[2023-10-14T10:57:45.487+0000] {processor.py:179} INFO - Processing /home/airflow/.local/lib/python3.8/site-packages/airflow/example_dags/example_branch_python_dop_operator_3.py took 0.058 seconds
[2023-10-14T10:58:15.934+0000] {processor.py:157} INFO - Started process (PID=371) to work on /home/airflow/.local/lib/python3.8/site-packages/airflow/example_dags/example_branch_python_dop_operator_3.py
[2023-10-14T10:58:15.936+0000] {processor.py:829} INFO - Processing file /home/airflow/.local/lib/python3.8/site-packages/airflow/example_dags/example_branch_python_dop_operator_3.py for tasks to queue
[2023-10-14T10:58:15.939+0000] {logging_mixin.py:151} INFO - [2023-10-14T10:58:15.939+0000] {dagbag.py:536} INFO - Filling up the DagBag from /home/airflow/.local/lib/python3.8/site-packages/airflow/example_dags/example_branch_python_dop_operator_3.py
[2023-10-14T10:58:15.949+0000] {processor.py:839} INFO - DAG(s) dict_keys(['example_branch_dop_operator_v3']) retrieved from /home/airflow/.local/lib/python3.8/site-packages/airflow/example_dags/example_branch_python_dop_operator_3.py
[2023-10-14T10:58:15.966+0000] {logging_mixin.py:151} INFO - [2023-10-14T10:58:15.966+0000] {dag.py:2941} INFO - Sync 1 DAGs
[2023-10-14T10:58:15.981+0000] {logging_mixin.py:151} INFO - [2023-10-14T10:58:15.981+0000] {dag.py:3722} INFO - Setting next_dagrun for example_branch_dop_operator_v3 to 2023-10-14T10:57:00+00:00, run_after=2023-10-14T10:58:00+00:00
[2023-10-14T10:58:15.990+0000] {processor.py:179} INFO - Processing /home/airflow/.local/lib/python3.8/site-packages/airflow/example_dags/example_branch_python_dop_operator_3.py took 0.063 seconds
[2023-10-14T10:58:46.235+0000] {processor.py:157} INFO - Started process (PID=426) to work on /home/airflow/.local/lib/python3.8/site-packages/airflow/example_dags/example_branch_python_dop_operator_3.py
[2023-10-14T10:58:46.238+0000] {processor.py:829} INFO - Processing file /home/airflow/.local/lib/python3.8/site-packages/airflow/example_dags/example_branch_python_dop_operator_3.py for tasks to queue
[2023-10-14T10:58:46.241+0000] {logging_mixin.py:151} INFO - [2023-10-14T10:58:46.241+0000] {dagbag.py:536} INFO - Filling up the DagBag from /home/airflow/.local/lib/python3.8/site-packages/airflow/example_dags/example_branch_python_dop_operator_3.py
[2023-10-14T10:58:46.251+0000] {processor.py:839} INFO - DAG(s) dict_keys(['example_branch_dop_operator_v3']) retrieved from /home/airflow/.local/lib/python3.8/site-packages/airflow/example_dags/example_branch_python_dop_operator_3.py
[2023-10-14T10:58:46.268+0000] {logging_mixin.py:151} INFO - [2023-10-14T10:58:46.268+0000] {dag.py:2941} INFO - Sync 1 DAGs
[2023-10-14T10:58:46.284+0000] {logging_mixin.py:151} INFO - [2023-10-14T10:58:46.284+0000] {dag.py:3722} INFO - Setting next_dagrun for example_branch_dop_operator_v3 to 2023-10-14T10:57:00+00:00, run_after=2023-10-14T10:58:00+00:00
[2023-10-14T10:58:46.298+0000] {processor.py:179} INFO - Processing /home/airflow/.local/lib/python3.8/site-packages/airflow/example_dags/example_branch_python_dop_operator_3.py took 0.069 seconds
[2023-10-14T10:59:16.527+0000] {processor.py:157} INFO - Started process (PID=480) to work on /home/airflow/.local/lib/python3.8/site-packages/airflow/example_dags/example_branch_python_dop_operator_3.py
[2023-10-14T10:59:16.530+0000] {processor.py:829} INFO - Processing file /home/airflow/.local/lib/python3.8/site-packages/airflow/example_dags/example_branch_python_dop_operator_3.py for tasks to queue
[2023-10-14T10:59:16.534+0000] {logging_mixin.py:151} INFO - [2023-10-14T10:59:16.533+0000] {dagbag.py:536} INFO - Filling up the DagBag from /home/airflow/.local/lib/python3.8/site-packages/airflow/example_dags/example_branch_python_dop_operator_3.py
[2023-10-14T10:59:16.545+0000] {processor.py:839} INFO - DAG(s) dict_keys(['example_branch_dop_operator_v3']) retrieved from /home/airflow/.local/lib/python3.8/site-packages/airflow/example_dags/example_branch_python_dop_operator_3.py
[2023-10-14T10:59:16.566+0000] {logging_mixin.py:151} INFO - [2023-10-14T10:59:16.566+0000] {dag.py:2941} INFO - Sync 1 DAGs
[2023-10-14T10:59:16.585+0000] {logging_mixin.py:151} INFO - [2023-10-14T10:59:16.585+0000] {dag.py:3722} INFO - Setting next_dagrun for example_branch_dop_operator_v3 to 2023-10-14T10:58:00+00:00, run_after=2023-10-14T10:59:00+00:00
[2023-10-14T10:59:16.595+0000] {processor.py:179} INFO - Processing /home/airflow/.local/lib/python3.8/site-packages/airflow/example_dags/example_branch_python_dop_operator_3.py took 0.076 seconds
[2023-10-14T10:59:46.618+0000] {processor.py:157} INFO - Started process (PID=536) to work on /home/airflow/.local/lib/python3.8/site-packages/airflow/example_dags/example_branch_python_dop_operator_3.py
[2023-10-14T10:59:46.620+0000] {processor.py:829} INFO - Processing file /home/airflow/.local/lib/python3.8/site-packages/airflow/example_dags/example_branch_python_dop_operator_3.py for tasks to queue
[2023-10-14T10:59:46.622+0000] {logging_mixin.py:151} INFO - [2023-10-14T10:59:46.621+0000] {dagbag.py:536} INFO - Filling up the DagBag from /home/airflow/.local/lib/python3.8/site-packages/airflow/example_dags/example_branch_python_dop_operator_3.py
[2023-10-14T10:59:46.627+0000] {processor.py:839} INFO - DAG(s) dict_keys(['example_branch_dop_operator_v3']) retrieved from /home/airflow/.local/lib/python3.8/site-packages/airflow/example_dags/example_branch_python_dop_operator_3.py
[2023-10-14T10:59:46.642+0000] {logging_mixin.py:151} INFO - [2023-10-14T10:59:46.642+0000] {dag.py:2941} INFO - Sync 1 DAGs
[2023-10-14T10:59:46.661+0000] {logging_mixin.py:151} INFO - [2023-10-14T10:59:46.661+0000] {dag.py:3722} INFO - Setting next_dagrun for example_branch_dop_operator_v3 to 2023-10-14T10:58:00+00:00, run_after=2023-10-14T10:59:00+00:00
[2023-10-14T10:59:46.678+0000] {processor.py:179} INFO - Processing /home/airflow/.local/lib/python3.8/site-packages/airflow/example_dags/example_branch_python_dop_operator_3.py took 0.063 seconds
[2023-10-14T11:00:16.832+0000] {processor.py:157} INFO - Started process (PID=591) to work on /home/airflow/.local/lib/python3.8/site-packages/airflow/example_dags/example_branch_python_dop_operator_3.py
[2023-10-14T11:00:16.836+0000] {processor.py:829} INFO - Processing file /home/airflow/.local/lib/python3.8/site-packages/airflow/example_dags/example_branch_python_dop_operator_3.py for tasks to queue
[2023-10-14T11:00:16.839+0000] {logging_mixin.py:151} INFO - [2023-10-14T11:00:16.839+0000] {dagbag.py:536} INFO - Filling up the DagBag from /home/airflow/.local/lib/python3.8/site-packages/airflow/example_dags/example_branch_python_dop_operator_3.py
[2023-10-14T11:00:16.847+0000] {processor.py:839} INFO - DAG(s) dict_keys(['example_branch_dop_operator_v3']) retrieved from /home/airflow/.local/lib/python3.8/site-packages/airflow/example_dags/example_branch_python_dop_operator_3.py
[2023-10-14T11:00:16.864+0000] {logging_mixin.py:151} INFO - [2023-10-14T11:00:16.863+0000] {dag.py:2941} INFO - Sync 1 DAGs
[2023-10-14T11:00:16.881+0000] {logging_mixin.py:151} INFO - [2023-10-14T11:00:16.881+0000] {dag.py:3722} INFO - Setting next_dagrun for example_branch_dop_operator_v3 to 2023-10-14T10:59:00+00:00, run_after=2023-10-14T11:00:00+00:00
[2023-10-14T11:00:16.892+0000] {processor.py:179} INFO - Processing /home/airflow/.local/lib/python3.8/site-packages/airflow/example_dags/example_branch_python_dop_operator_3.py took 0.063 seconds
[2023-10-14T11:00:47.007+0000] {processor.py:157} INFO - Started process (PID=646) to work on /home/airflow/.local/lib/python3.8/site-packages/airflow/example_dags/example_branch_python_dop_operator_3.py
[2023-10-14T11:00:47.008+0000] {processor.py:829} INFO - Processing file /home/airflow/.local/lib/python3.8/site-packages/airflow/example_dags/example_branch_python_dop_operator_3.py for tasks to queue
[2023-10-14T11:00:47.010+0000] {logging_mixin.py:151} INFO - [2023-10-14T11:00:47.010+0000] {dagbag.py:536} INFO - Filling up the DagBag from /home/airflow/.local/lib/python3.8/site-packages/airflow/example_dags/example_branch_python_dop_operator_3.py
[2023-10-14T11:00:47.018+0000] {processor.py:839} INFO - DAG(s) dict_keys(['example_branch_dop_operator_v3']) retrieved from /home/airflow/.local/lib/python3.8/site-packages/airflow/example_dags/example_branch_python_dop_operator_3.py
[2023-10-14T11:00:47.035+0000] {logging_mixin.py:151} INFO - [2023-10-14T11:00:47.035+0000] {dag.py:2941} INFO - Sync 1 DAGs
[2023-10-14T11:00:47.051+0000] {logging_mixin.py:151} INFO - [2023-10-14T11:00:47.051+0000] {dag.py:3722} INFO - Setting next_dagrun for example_branch_dop_operator_v3 to 2023-10-14T10:59:00+00:00, run_after=2023-10-14T11:00:00+00:00
[2023-10-14T11:00:47.060+0000] {processor.py:179} INFO - Processing /home/airflow/.local/lib/python3.8/site-packages/airflow/example_dags/example_branch_python_dop_operator_3.py took 0.057 seconds
[2023-10-14T11:01:17.420+0000] {processor.py:157} INFO - Started process (PID=701) to work on /home/airflow/.local/lib/python3.8/site-packages/airflow/example_dags/example_branch_python_dop_operator_3.py
[2023-10-14T11:01:17.421+0000] {processor.py:829} INFO - Processing file /home/airflow/.local/lib/python3.8/site-packages/airflow/example_dags/example_branch_python_dop_operator_3.py for tasks to queue
[2023-10-14T11:01:17.422+0000] {logging_mixin.py:151} INFO - [2023-10-14T11:01:17.422+0000] {dagbag.py:536} INFO - Filling up the DagBag from /home/airflow/.local/lib/python3.8/site-packages/airflow/example_dags/example_branch_python_dop_operator_3.py
[2023-10-14T11:01:17.428+0000] {processor.py:839} INFO - DAG(s) dict_keys(['example_branch_dop_operator_v3']) retrieved from /home/airflow/.local/lib/python3.8/site-packages/airflow/example_dags/example_branch_python_dop_operator_3.py
[2023-10-14T11:01:17.441+0000] {logging_mixin.py:151} INFO - [2023-10-14T11:01:17.441+0000] {dag.py:2941} INFO - Sync 1 DAGs
[2023-10-14T11:01:17.455+0000] {logging_mixin.py:151} INFO - [2023-10-14T11:01:17.455+0000] {dag.py:3722} INFO - Setting next_dagrun for example_branch_dop_operator_v3 to 2023-10-14T11:00:00+00:00, run_after=2023-10-14T11:01:00+00:00
[2023-10-14T11:01:17.464+0000] {processor.py:179} INFO - Processing /home/airflow/.local/lib/python3.8/site-packages/airflow/example_dags/example_branch_python_dop_operator_3.py took 0.048 seconds
[2023-10-14T11:01:47.653+0000] {processor.py:157} INFO - Started process (PID=757) to work on /home/airflow/.local/lib/python3.8/site-packages/airflow/example_dags/example_branch_python_dop_operator_3.py
[2023-10-14T11:01:47.655+0000] {processor.py:829} INFO - Processing file /home/airflow/.local/lib/python3.8/site-packages/airflow/example_dags/example_branch_python_dop_operator_3.py for tasks to queue
[2023-10-14T11:01:47.658+0000] {logging_mixin.py:151} INFO - [2023-10-14T11:01:47.658+0000] {dagbag.py:536} INFO - Filling up the DagBag from /home/airflow/.local/lib/python3.8/site-packages/airflow/example_dags/example_branch_python_dop_operator_3.py
[2023-10-14T11:01:47.664+0000] {processor.py:839} INFO - DAG(s) dict_keys(['example_branch_dop_operator_v3']) retrieved from /home/airflow/.local/lib/python3.8/site-packages/airflow/example_dags/example_branch_python_dop_operator_3.py
[2023-10-14T11:01:47.681+0000] {logging_mixin.py:151} INFO - [2023-10-14T11:01:47.681+0000] {dag.py:2941} INFO - Sync 1 DAGs
[2023-10-14T11:01:47.696+0000] {logging_mixin.py:151} INFO - [2023-10-14T11:01:47.696+0000] {dag.py:3722} INFO - Setting next_dagrun for example_branch_dop_operator_v3 to 2023-10-14T11:00:00+00:00, run_after=2023-10-14T11:01:00+00:00
[2023-10-14T11:01:47.705+0000] {processor.py:179} INFO - Processing /home/airflow/.local/lib/python3.8/site-packages/airflow/example_dags/example_branch_python_dop_operator_3.py took 0.055 seconds
[2023-10-14T11:02:18.260+0000] {processor.py:157} INFO - Started process (PID=814) to work on /home/airflow/.local/lib/python3.8/site-packages/airflow/example_dags/example_branch_python_dop_operator_3.py
[2023-10-14T11:02:18.262+0000] {processor.py:829} INFO - Processing file /home/airflow/.local/lib/python3.8/site-packages/airflow/example_dags/example_branch_python_dop_operator_3.py for tasks to queue
[2023-10-14T11:02:18.264+0000] {logging_mixin.py:151} INFO - [2023-10-14T11:02:18.263+0000] {dagbag.py:536} INFO - Filling up the DagBag from /home/airflow/.local/lib/python3.8/site-packages/airflow/example_dags/example_branch_python_dop_operator_3.py
[2023-10-14T11:02:18.271+0000] {processor.py:839} INFO - DAG(s) dict_keys(['example_branch_dop_operator_v3']) retrieved from /home/airflow/.local/lib/python3.8/site-packages/airflow/example_dags/example_branch_python_dop_operator_3.py
[2023-10-14T11:02:18.290+0000] {logging_mixin.py:151} INFO - [2023-10-14T11:02:18.290+0000] {dag.py:2941} INFO - Sync 1 DAGs
[2023-10-14T11:02:18.308+0000] {logging_mixin.py:151} INFO - [2023-10-14T11:02:18.308+0000] {dag.py:3722} INFO - Setting next_dagrun for example_branch_dop_operator_v3 to 2023-10-14T11:01:00+00:00, run_after=2023-10-14T11:02:00+00:00
[2023-10-14T11:02:18.318+0000] {processor.py:179} INFO - Processing /home/airflow/.local/lib/python3.8/site-packages/airflow/example_dags/example_branch_python_dop_operator_3.py took 0.061 seconds
[2023-10-14T11:02:48.664+0000] {processor.py:157} INFO - Started process (PID=869) to work on /home/airflow/.local/lib/python3.8/site-packages/airflow/example_dags/example_branch_python_dop_operator_3.py
[2023-10-14T11:02:48.665+0000] {processor.py:829} INFO - Processing file /home/airflow/.local/lib/python3.8/site-packages/airflow/example_dags/example_branch_python_dop_operator_3.py for tasks to queue
[2023-10-14T11:02:48.668+0000] {logging_mixin.py:151} INFO - [2023-10-14T11:02:48.667+0000] {dagbag.py:536} INFO - Filling up the DagBag from /home/airflow/.local/lib/python3.8/site-packages/airflow/example_dags/example_branch_python_dop_operator_3.py
[2023-10-14T11:02:48.676+0000] {processor.py:839} INFO - DAG(s) dict_keys(['example_branch_dop_operator_v3']) retrieved from /home/airflow/.local/lib/python3.8/site-packages/airflow/example_dags/example_branch_python_dop_operator_3.py
[2023-10-14T11:02:48.693+0000] {logging_mixin.py:151} INFO - [2023-10-14T11:02:48.693+0000] {dag.py:2941} INFO - Sync 1 DAGs
[2023-10-14T11:02:48.710+0000] {logging_mixin.py:151} INFO - [2023-10-14T11:02:48.709+0000] {dag.py:3722} INFO - Setting next_dagrun for example_branch_dop_operator_v3 to 2023-10-14T11:01:00+00:00, run_after=2023-10-14T11:02:00+00:00
[2023-10-14T11:02:48.722+0000] {processor.py:179} INFO - Processing /home/airflow/.local/lib/python3.8/site-packages/airflow/example_dags/example_branch_python_dop_operator_3.py took 0.062 seconds
[2023-10-14T11:03:19.089+0000] {processor.py:157} INFO - Started process (PID=925) to work on /home/airflow/.local/lib/python3.8/site-packages/airflow/example_dags/example_branch_python_dop_operator_3.py
[2023-10-14T11:03:19.092+0000] {processor.py:829} INFO - Processing file /home/airflow/.local/lib/python3.8/site-packages/airflow/example_dags/example_branch_python_dop_operator_3.py for tasks to queue
[2023-10-14T11:03:19.096+0000] {logging_mixin.py:151} INFO - [2023-10-14T11:03:19.095+0000] {dagbag.py:536} INFO - Filling up the DagBag from /home/airflow/.local/lib/python3.8/site-packages/airflow/example_dags/example_branch_python_dop_operator_3.py
[2023-10-14T11:03:19.105+0000] {processor.py:839} INFO - DAG(s) dict_keys(['example_branch_dop_operator_v3']) retrieved from /home/airflow/.local/lib/python3.8/site-packages/airflow/example_dags/example_branch_python_dop_operator_3.py
[2023-10-14T11:03:19.121+0000] {logging_mixin.py:151} INFO - [2023-10-14T11:03:19.121+0000] {dag.py:2941} INFO - Sync 1 DAGs
[2023-10-14T11:03:19.136+0000] {logging_mixin.py:151} INFO - [2023-10-14T11:03:19.136+0000] {dag.py:3722} INFO - Setting next_dagrun for example_branch_dop_operator_v3 to 2023-10-14T11:02:00+00:00, run_after=2023-10-14T11:03:00+00:00
[2023-10-14T11:03:19.145+0000] {processor.py:179} INFO - Processing /home/airflow/.local/lib/python3.8/site-packages/airflow/example_dags/example_branch_python_dop_operator_3.py took 0.062 seconds
[2023-10-14T11:03:49.461+0000] {processor.py:157} INFO - Started process (PID=980) to work on /home/airflow/.local/lib/python3.8/site-packages/airflow/example_dags/example_branch_python_dop_operator_3.py
[2023-10-14T11:03:49.464+0000] {processor.py:829} INFO - Processing file /home/airflow/.local/lib/python3.8/site-packages/airflow/example_dags/example_branch_python_dop_operator_3.py for tasks to queue
[2023-10-14T11:03:49.470+0000] {logging_mixin.py:151} INFO - [2023-10-14T11:03:49.469+0000] {dagbag.py:536} INFO - Filling up the DagBag from /home/airflow/.local/lib/python3.8/site-packages/airflow/example_dags/example_branch_python_dop_operator_3.py
[2023-10-14T11:03:49.483+0000] {processor.py:839} INFO - DAG(s) dict_keys(['example_branch_dop_operator_v3']) retrieved from /home/airflow/.local/lib/python3.8/site-packages/airflow/example_dags/example_branch_python_dop_operator_3.py
[2023-10-14T11:03:49.499+0000] {logging_mixin.py:151} INFO - [2023-10-14T11:03:49.499+0000] {dag.py:2941} INFO - Sync 1 DAGs
[2023-10-14T11:03:49.515+0000] {logging_mixin.py:151} INFO - [2023-10-14T11:03:49.515+0000] {dag.py:3722} INFO - Setting next_dagrun for example_branch_dop_operator_v3 to 2023-10-14T11:02:00+00:00, run_after=2023-10-14T11:03:00+00:00
[2023-10-14T11:03:49.524+0000] {processor.py:179} INFO - Processing /home/airflow/.local/lib/python3.8/site-packages/airflow/example_dags/example_branch_python_dop_operator_3.py took 0.071 seconds
[2023-10-14T11:04:20.051+0000] {processor.py:157} INFO - Started process (PID=1036) to work on /home/airflow/.local/lib/python3.8/site-packages/airflow/example_dags/example_branch_python_dop_operator_3.py
[2023-10-14T11:04:20.053+0000] {processor.py:829} INFO - Processing file /home/airflow/.local/lib/python3.8/site-packages/airflow/example_dags/example_branch_python_dop_operator_3.py for tasks to queue
[2023-10-14T11:04:20.055+0000] {logging_mixin.py:151} INFO - [2023-10-14T11:04:20.055+0000] {dagbag.py:536} INFO - Filling up the DagBag from /home/airflow/.local/lib/python3.8/site-packages/airflow/example_dags/example_branch_python_dop_operator_3.py
[2023-10-14T11:04:20.066+0000] {processor.py:839} INFO - DAG(s) dict_keys(['example_branch_dop_operator_v3']) retrieved from /home/airflow/.local/lib/python3.8/site-packages/airflow/example_dags/example_branch_python_dop_operator_3.py
[2023-10-14T11:04:20.088+0000] {logging_mixin.py:151} INFO - [2023-10-14T11:04:20.088+0000] {dag.py:2941} INFO - Sync 1 DAGs
[2023-10-14T11:04:20.108+0000] {logging_mixin.py:151} INFO - [2023-10-14T11:04:20.108+0000] {dag.py:3722} INFO - Setting next_dagrun for example_branch_dop_operator_v3 to 2023-10-14T11:03:00+00:00, run_after=2023-10-14T11:04:00+00:00
[2023-10-14T11:04:20.119+0000] {processor.py:179} INFO - Processing /home/airflow/.local/lib/python3.8/site-packages/airflow/example_dags/example_branch_python_dop_operator_3.py took 0.073 seconds
[2023-10-14T11:04:50.321+0000] {processor.py:157} INFO - Started process (PID=1091) to work on /home/airflow/.local/lib/python3.8/site-packages/airflow/example_dags/example_branch_python_dop_operator_3.py
[2023-10-14T11:04:50.324+0000] {processor.py:829} INFO - Processing file /home/airflow/.local/lib/python3.8/site-packages/airflow/example_dags/example_branch_python_dop_operator_3.py for tasks to queue
[2023-10-14T11:04:50.327+0000] {logging_mixin.py:151} INFO - [2023-10-14T11:04:50.326+0000] {dagbag.py:536} INFO - Filling up the DagBag from /home/airflow/.local/lib/python3.8/site-packages/airflow/example_dags/example_branch_python_dop_operator_3.py
[2023-10-14T11:04:50.337+0000] {processor.py:839} INFO - DAG(s) dict_keys(['example_branch_dop_operator_v3']) retrieved from /home/airflow/.local/lib/python3.8/site-packages/airflow/example_dags/example_branch_python_dop_operator_3.py
[2023-10-14T11:04:50.354+0000] {logging_mixin.py:151} INFO - [2023-10-14T11:04:50.354+0000] {dag.py:2941} INFO - Sync 1 DAGs
[2023-10-14T11:04:50.370+0000] {logging_mixin.py:151} INFO - [2023-10-14T11:04:50.370+0000] {dag.py:3722} INFO - Setting next_dagrun for example_branch_dop_operator_v3 to 2023-10-14T11:03:00+00:00, run_after=2023-10-14T11:04:00+00:00
[2023-10-14T11:04:50.380+0000] {processor.py:179} INFO - Processing /home/airflow/.local/lib/python3.8/site-packages/airflow/example_dags/example_branch_python_dop_operator_3.py took 0.065 seconds
[2023-10-14T11:05:20.579+0000] {processor.py:157} INFO - Started process (PID=1146) to work on /home/airflow/.local/lib/python3.8/site-packages/airflow/example_dags/example_branch_python_dop_operator_3.py
[2023-10-14T11:05:20.581+0000] {processor.py:829} INFO - Processing file /home/airflow/.local/lib/python3.8/site-packages/airflow/example_dags/example_branch_python_dop_operator_3.py for tasks to queue
[2023-10-14T11:05:20.582+0000] {logging_mixin.py:151} INFO - [2023-10-14T11:05:20.582+0000] {dagbag.py:536} INFO - Filling up the DagBag from /home/airflow/.local/lib/python3.8/site-packages/airflow/example_dags/example_branch_python_dop_operator_3.py
[2023-10-14T11:05:20.588+0000] {processor.py:839} INFO - DAG(s) dict_keys(['example_branch_dop_operator_v3']) retrieved from /home/airflow/.local/lib/python3.8/site-packages/airflow/example_dags/example_branch_python_dop_operator_3.py
[2023-10-14T11:05:20.603+0000] {logging_mixin.py:151} INFO - [2023-10-14T11:05:20.603+0000] {dag.py:2941} INFO - Sync 1 DAGs
[2023-10-14T11:05:20.617+0000] {logging_mixin.py:151} INFO - [2023-10-14T11:05:20.617+0000] {dag.py:3722} INFO - Setting next_dagrun for example_branch_dop_operator_v3 to 2023-10-14T11:04:00+00:00, run_after=2023-10-14T11:05:00+00:00
[2023-10-14T11:05:20.627+0000] {processor.py:179} INFO - Processing /home/airflow/.local/lib/python3.8/site-packages/airflow/example_dags/example_branch_python_dop_operator_3.py took 0.051 seconds
[2023-10-14T11:05:51.432+0000] {processor.py:157} INFO - Started process (PID=1201) to work on /home/airflow/.local/lib/python3.8/site-packages/airflow/example_dags/example_branch_python_dop_operator_3.py
[2023-10-14T11:05:51.434+0000] {processor.py:829} INFO - Processing file /home/airflow/.local/lib/python3.8/site-packages/airflow/example_dags/example_branch_python_dop_operator_3.py for tasks to queue
[2023-10-14T11:05:51.436+0000] {logging_mixin.py:151} INFO - [2023-10-14T11:05:51.436+0000] {dagbag.py:536} INFO - Filling up the DagBag from /home/airflow/.local/lib/python3.8/site-packages/airflow/example_dags/example_branch_python_dop_operator_3.py
[2023-10-14T11:05:51.445+0000] {processor.py:839} INFO - DAG(s) dict_keys(['example_branch_dop_operator_v3']) retrieved from /home/airflow/.local/lib/python3.8/site-packages/airflow/example_dags/example_branch_python_dop_operator_3.py
[2023-10-14T11:05:51.463+0000] {logging_mixin.py:151} INFO - [2023-10-14T11:05:51.463+0000] {dag.py:2941} INFO - Sync 1 DAGs
[2023-10-14T11:05:51.477+0000] {logging_mixin.py:151} INFO - [2023-10-14T11:05:51.477+0000] {dag.py:3722} INFO - Setting next_dagrun for example_branch_dop_operator_v3 to 2023-10-14T11:04:00+00:00, run_after=2023-10-14T11:05:00+00:00
[2023-10-14T11:05:51.487+0000] {processor.py:179} INFO - Processing /home/airflow/.local/lib/python3.8/site-packages/airflow/example_dags/example_branch_python_dop_operator_3.py took 0.060 seconds
[2023-10-14T11:06:21.893+0000] {processor.py:157} INFO - Started process (PID=1257) to work on /home/airflow/.local/lib/python3.8/site-packages/airflow/example_dags/example_branch_python_dop_operator_3.py
[2023-10-14T11:06:21.897+0000] {processor.py:829} INFO - Processing file /home/airflow/.local/lib/python3.8/site-packages/airflow/example_dags/example_branch_python_dop_operator_3.py for tasks to queue
[2023-10-14T11:06:21.900+0000] {logging_mixin.py:151} INFO - [2023-10-14T11:06:21.900+0000] {dagbag.py:536} INFO - Filling up the DagBag from /home/airflow/.local/lib/python3.8/site-packages/airflow/example_dags/example_branch_python_dop_operator_3.py
[2023-10-14T11:06:21.910+0000] {processor.py:839} INFO - DAG(s) dict_keys(['example_branch_dop_operator_v3']) retrieved from /home/airflow/.local/lib/python3.8/site-packages/airflow/example_dags/example_branch_python_dop_operator_3.py
[2023-10-14T11:06:21.926+0000] {logging_mixin.py:151} INFO - [2023-10-14T11:06:21.925+0000] {dag.py:2941} INFO - Sync 1 DAGs
[2023-10-14T11:06:21.941+0000] {logging_mixin.py:151} INFO - [2023-10-14T11:06:21.941+0000] {dag.py:3722} INFO - Setting next_dagrun for example_branch_dop_operator_v3 to 2023-10-14T11:05:00+00:00, run_after=2023-10-14T11:06:00+00:00
[2023-10-14T11:06:21.950+0000] {processor.py:179} INFO - Processing /home/airflow/.local/lib/python3.8/site-packages/airflow/example_dags/example_branch_python_dop_operator_3.py took 0.063 seconds
[2023-10-14T11:06:52.245+0000] {processor.py:157} INFO - Started process (PID=1312) to work on /home/airflow/.local/lib/python3.8/site-packages/airflow/example_dags/example_branch_python_dop_operator_3.py
[2023-10-14T11:06:52.248+0000] {processor.py:829} INFO - Processing file /home/airflow/.local/lib/python3.8/site-packages/airflow/example_dags/example_branch_python_dop_operator_3.py for tasks to queue
[2023-10-14T11:06:52.252+0000] {logging_mixin.py:151} INFO - [2023-10-14T11:06:52.251+0000] {dagbag.py:536} INFO - Filling up the DagBag from /home/airflow/.local/lib/python3.8/site-packages/airflow/example_dags/example_branch_python_dop_operator_3.py
[2023-10-14T11:06:52.264+0000] {processor.py:839} INFO - DAG(s) dict_keys(['example_branch_dop_operator_v3']) retrieved from /home/airflow/.local/lib/python3.8/site-packages/airflow/example_dags/example_branch_python_dop_operator_3.py
[2023-10-14T11:06:52.282+0000] {logging_mixin.py:151} INFO - [2023-10-14T11:06:52.281+0000] {dag.py:2941} INFO - Sync 1 DAGs
[2023-10-14T11:06:52.296+0000] {logging_mixin.py:151} INFO - [2023-10-14T11:06:52.296+0000] {dag.py:3722} INFO - Setting next_dagrun for example_branch_dop_operator_v3 to 2023-10-14T11:05:00+00:00, run_after=2023-10-14T11:06:00+00:00
[2023-10-14T11:06:52.306+0000] {processor.py:179} INFO - Processing /home/airflow/.local/lib/python3.8/site-packages/airflow/example_dags/example_branch_python_dop_operator_3.py took 0.067 seconds
[2023-10-14T11:07:24.275+0000] {processor.py:157} INFO - Started process (PID=1371) to work on /home/airflow/.local/lib/python3.8/site-packages/airflow/example_dags/example_branch_python_dop_operator_3.py
[2023-10-14T11:07:24.281+0000] {processor.py:829} INFO - Processing file /home/airflow/.local/lib/python3.8/site-packages/airflow/example_dags/example_branch_python_dop_operator_3.py for tasks to queue
[2023-10-14T11:07:24.286+0000] {logging_mixin.py:151} INFO - [2023-10-14T11:07:24.286+0000] {dagbag.py:536} INFO - Filling up the DagBag from /home/airflow/.local/lib/python3.8/site-packages/airflow/example_dags/example_branch_python_dop_operator_3.py
[2023-10-14T11:07:24.308+0000] {processor.py:839} INFO - DAG(s) dict_keys(['example_branch_dop_operator_v3']) retrieved from /home/airflow/.local/lib/python3.8/site-packages/airflow/example_dags/example_branch_python_dop_operator_3.py
[2023-10-14T11:07:24.368+0000] {logging_mixin.py:151} INFO - [2023-10-14T11:07:24.368+0000] {dag.py:2941} INFO - Sync 1 DAGs
[2023-10-14T11:07:24.427+0000] {logging_mixin.py:151} INFO - [2023-10-14T11:07:24.427+0000] {dag.py:3722} INFO - Setting next_dagrun for example_branch_dop_operator_v3 to 2023-10-14T11:06:00+00:00, run_after=2023-10-14T11:07:00+00:00
[2023-10-14T11:07:24.493+0000] {processor.py:179} INFO - Processing /home/airflow/.local/lib/python3.8/site-packages/airflow/example_dags/example_branch_python_dop_operator_3.py took 0.227 seconds
[2023-10-14T11:07:55.390+0000] {processor.py:157} INFO - Started process (PID=1426) to work on /home/airflow/.local/lib/python3.8/site-packages/airflow/example_dags/example_branch_python_dop_operator_3.py
[2023-10-14T11:07:55.392+0000] {processor.py:829} INFO - Processing file /home/airflow/.local/lib/python3.8/site-packages/airflow/example_dags/example_branch_python_dop_operator_3.py for tasks to queue
[2023-10-14T11:07:55.396+0000] {logging_mixin.py:151} INFO - [2023-10-14T11:07:55.395+0000] {dagbag.py:536} INFO - Filling up the DagBag from /home/airflow/.local/lib/python3.8/site-packages/airflow/example_dags/example_branch_python_dop_operator_3.py
[2023-10-14T11:07:55.409+0000] {processor.py:839} INFO - DAG(s) dict_keys(['example_branch_dop_operator_v3']) retrieved from /home/airflow/.local/lib/python3.8/site-packages/airflow/example_dags/example_branch_python_dop_operator_3.py
[2023-10-14T11:07:55.426+0000] {logging_mixin.py:151} INFO - [2023-10-14T11:07:55.425+0000] {dag.py:2941} INFO - Sync 1 DAGs
[2023-10-14T11:07:55.441+0000] {logging_mixin.py:151} INFO - [2023-10-14T11:07:55.440+0000] {dag.py:3722} INFO - Setting next_dagrun for example_branch_dop_operator_v3 to 2023-10-14T11:06:00+00:00, run_after=2023-10-14T11:07:00+00:00
[2023-10-14T11:07:55.450+0000] {processor.py:179} INFO - Processing /home/airflow/.local/lib/python3.8/site-packages/airflow/example_dags/example_branch_python_dop_operator_3.py took 0.065 seconds
[2023-10-14T11:08:26.069+0000] {processor.py:157} INFO - Started process (PID=1481) to work on /home/airflow/.local/lib/python3.8/site-packages/airflow/example_dags/example_branch_python_dop_operator_3.py
[2023-10-14T11:08:26.071+0000] {processor.py:829} INFO - Processing file /home/airflow/.local/lib/python3.8/site-packages/airflow/example_dags/example_branch_python_dop_operator_3.py for tasks to queue
[2023-10-14T11:08:26.072+0000] {logging_mixin.py:151} INFO - [2023-10-14T11:08:26.072+0000] {dagbag.py:536} INFO - Filling up the DagBag from /home/airflow/.local/lib/python3.8/site-packages/airflow/example_dags/example_branch_python_dop_operator_3.py
[2023-10-14T11:08:26.079+0000] {processor.py:839} INFO - DAG(s) dict_keys(['example_branch_dop_operator_v3']) retrieved from /home/airflow/.local/lib/python3.8/site-packages/airflow/example_dags/example_branch_python_dop_operator_3.py
[2023-10-14T11:08:26.097+0000] {logging_mixin.py:151} INFO - [2023-10-14T11:08:26.097+0000] {dag.py:2941} INFO - Sync 1 DAGs
[2023-10-14T11:08:26.114+0000] {logging_mixin.py:151} INFO - [2023-10-14T11:08:26.114+0000] {dag.py:3722} INFO - Setting next_dagrun for example_branch_dop_operator_v3 to 2023-10-14T11:07:00+00:00, run_after=2023-10-14T11:08:00+00:00
[2023-10-14T11:08:26.125+0000] {processor.py:179} INFO - Processing /home/airflow/.local/lib/python3.8/site-packages/airflow/example_dags/example_branch_python_dop_operator_3.py took 0.060 seconds
[2023-10-14T11:08:56.756+0000] {processor.py:157} INFO - Started process (PID=1536) to work on /home/airflow/.local/lib/python3.8/site-packages/airflow/example_dags/example_branch_python_dop_operator_3.py
[2023-10-14T11:08:56.758+0000] {processor.py:829} INFO - Processing file /home/airflow/.local/lib/python3.8/site-packages/airflow/example_dags/example_branch_python_dop_operator_3.py for tasks to queue
[2023-10-14T11:08:56.760+0000] {logging_mixin.py:151} INFO - [2023-10-14T11:08:56.760+0000] {dagbag.py:536} INFO - Filling up the DagBag from /home/airflow/.local/lib/python3.8/site-packages/airflow/example_dags/example_branch_python_dop_operator_3.py
[2023-10-14T11:08:56.768+0000] {processor.py:839} INFO - DAG(s) dict_keys(['example_branch_dop_operator_v3']) retrieved from /home/airflow/.local/lib/python3.8/site-packages/airflow/example_dags/example_branch_python_dop_operator_3.py
[2023-10-14T11:08:56.786+0000] {logging_mixin.py:151} INFO - [2023-10-14T11:08:56.786+0000] {dag.py:2941} INFO - Sync 1 DAGs
[2023-10-14T11:08:56.805+0000] {logging_mixin.py:151} INFO - [2023-10-14T11:08:56.805+0000] {dag.py:3722} INFO - Setting next_dagrun for example_branch_dop_operator_v3 to 2023-10-14T11:07:00+00:00, run_after=2023-10-14T11:08:00+00:00
[2023-10-14T11:08:56.819+0000] {processor.py:179} INFO - Processing /home/airflow/.local/lib/python3.8/site-packages/airflow/example_dags/example_branch_python_dop_operator_3.py took 0.066 seconds
[2023-10-14T11:09:27.098+0000] {processor.py:157} INFO - Started process (PID=1591) to work on /home/airflow/.local/lib/python3.8/site-packages/airflow/example_dags/example_branch_python_dop_operator_3.py
[2023-10-14T11:09:27.099+0000] {processor.py:829} INFO - Processing file /home/airflow/.local/lib/python3.8/site-packages/airflow/example_dags/example_branch_python_dop_operator_3.py for tasks to queue
[2023-10-14T11:09:27.101+0000] {logging_mixin.py:151} INFO - [2023-10-14T11:09:27.101+0000] {dagbag.py:536} INFO - Filling up the DagBag from /home/airflow/.local/lib/python3.8/site-packages/airflow/example_dags/example_branch_python_dop_operator_3.py
[2023-10-14T11:09:27.107+0000] {processor.py:839} INFO - DAG(s) dict_keys(['example_branch_dop_operator_v3']) retrieved from /home/airflow/.local/lib/python3.8/site-packages/airflow/example_dags/example_branch_python_dop_operator_3.py
[2023-10-14T11:09:27.119+0000] {logging_mixin.py:151} INFO - [2023-10-14T11:09:27.119+0000] {dag.py:2941} INFO - Sync 1 DAGs
[2023-10-14T11:09:27.133+0000] {logging_mixin.py:151} INFO - [2023-10-14T11:09:27.132+0000] {dag.py:3722} INFO - Setting next_dagrun for example_branch_dop_operator_v3 to 2023-10-14T11:08:00+00:00, run_after=2023-10-14T11:09:00+00:00
[2023-10-14T11:09:27.141+0000] {processor.py:179} INFO - Processing /home/airflow/.local/lib/python3.8/site-packages/airflow/example_dags/example_branch_python_dop_operator_3.py took 0.045 seconds
