[2023-10-14T10:55:15.191+0000] {processor.py:157} INFO - Started process (PID=49) to work on /home/airflow/.local/lib/python3.8/site-packages/airflow/example_dags/example_task_group_decorator.py
[2023-10-14T10:55:15.197+0000] {processor.py:829} INFO - Processing file /home/airflow/.local/lib/python3.8/site-packages/airflow/example_dags/example_task_group_decorator.py for tasks to queue
[2023-10-14T10:55:15.204+0000] {logging_mixin.py:151} INFO - [2023-10-14T10:55:15.204+0000] {dagbag.py:536} INFO - Filling up the DagBag from /home/airflow/.local/lib/python3.8/site-packages/airflow/example_dags/example_task_group_decorator.py
[2023-10-14T10:55:15.250+0000] {processor.py:839} INFO - DAG(s) dict_keys(['example_task_group_decorator']) retrieved from /home/airflow/.local/lib/python3.8/site-packages/airflow/example_dags/example_task_group_decorator.py
[2023-10-14T10:55:15.268+0000] {logging_mixin.py:151} INFO - [2023-10-14T10:55:15.268+0000] {dag.py:2941} INFO - Sync 1 DAGs
[2023-10-14T10:55:15.295+0000] {logging_mixin.py:151} INFO - [2023-10-14T10:55:15.295+0000] {dag.py:3722} INFO - Setting next_dagrun for example_task_group_decorator to 2023-10-13T10:55:15.295090+00:00, run_after=2023-10-14T10:55:15.295090+00:00
[2023-10-14T10:55:15.318+0000] {processor.py:179} INFO - Processing /home/airflow/.local/lib/python3.8/site-packages/airflow/example_dags/example_task_group_decorator.py took 0.133 seconds
[2023-10-14T10:55:45.347+0000] {processor.py:157} INFO - Started process (PID=104) to work on /home/airflow/.local/lib/python3.8/site-packages/airflow/example_dags/example_task_group_decorator.py
[2023-10-14T10:55:45.348+0000] {processor.py:829} INFO - Processing file /home/airflow/.local/lib/python3.8/site-packages/airflow/example_dags/example_task_group_decorator.py for tasks to queue
[2023-10-14T10:55:45.350+0000] {logging_mixin.py:151} INFO - [2023-10-14T10:55:45.350+0000] {dagbag.py:536} INFO - Filling up the DagBag from /home/airflow/.local/lib/python3.8/site-packages/airflow/example_dags/example_task_group_decorator.py
[2023-10-14T10:55:45.361+0000] {processor.py:839} INFO - DAG(s) dict_keys(['example_task_group_decorator']) retrieved from /home/airflow/.local/lib/python3.8/site-packages/airflow/example_dags/example_task_group_decorator.py
[2023-10-14T10:55:45.379+0000] {logging_mixin.py:151} INFO - [2023-10-14T10:55:45.378+0000] {dag.py:2941} INFO - Sync 1 DAGs
[2023-10-14T10:55:45.391+0000] {logging_mixin.py:151} INFO - [2023-10-14T10:55:45.391+0000] {dag.py:3722} INFO - Setting next_dagrun for example_task_group_decorator to 2023-10-13T10:55:45.391213+00:00, run_after=2023-10-14T10:55:45.391213+00:00
[2023-10-14T10:55:45.403+0000] {processor.py:179} INFO - Processing /home/airflow/.local/lib/python3.8/site-packages/airflow/example_dags/example_task_group_decorator.py took 0.059 seconds
[2023-10-14T10:56:15.868+0000] {processor.py:157} INFO - Started process (PID=159) to work on /home/airflow/.local/lib/python3.8/site-packages/airflow/example_dags/example_task_group_decorator.py
[2023-10-14T10:56:15.869+0000] {processor.py:829} INFO - Processing file /home/airflow/.local/lib/python3.8/site-packages/airflow/example_dags/example_task_group_decorator.py for tasks to queue
[2023-10-14T10:56:15.871+0000] {logging_mixin.py:151} INFO - [2023-10-14T10:56:15.871+0000] {dagbag.py:536} INFO - Filling up the DagBag from /home/airflow/.local/lib/python3.8/site-packages/airflow/example_dags/example_task_group_decorator.py
[2023-10-14T10:56:15.879+0000] {processor.py:839} INFO - DAG(s) dict_keys(['example_task_group_decorator']) retrieved from /home/airflow/.local/lib/python3.8/site-packages/airflow/example_dags/example_task_group_decorator.py
[2023-10-14T10:56:15.893+0000] {logging_mixin.py:151} INFO - [2023-10-14T10:56:15.893+0000] {dag.py:2941} INFO - Sync 1 DAGs
[2023-10-14T10:56:15.905+0000] {logging_mixin.py:151} INFO - [2023-10-14T10:56:15.905+0000] {dag.py:3722} INFO - Setting next_dagrun for example_task_group_decorator to 2023-10-13T10:56:15.904842+00:00, run_after=2023-10-14T10:56:15.904842+00:00
[2023-10-14T10:56:15.915+0000] {processor.py:179} INFO - Processing /home/airflow/.local/lib/python3.8/site-packages/airflow/example_dags/example_task_group_decorator.py took 0.049 seconds
[2023-10-14T10:56:46.179+0000] {processor.py:157} INFO - Started process (PID=214) to work on /home/airflow/.local/lib/python3.8/site-packages/airflow/example_dags/example_task_group_decorator.py
[2023-10-14T10:56:46.180+0000] {processor.py:829} INFO - Processing file /home/airflow/.local/lib/python3.8/site-packages/airflow/example_dags/example_task_group_decorator.py for tasks to queue
[2023-10-14T10:56:46.181+0000] {logging_mixin.py:151} INFO - [2023-10-14T10:56:46.181+0000] {dagbag.py:536} INFO - Filling up the DagBag from /home/airflow/.local/lib/python3.8/site-packages/airflow/example_dags/example_task_group_decorator.py
[2023-10-14T10:56:46.190+0000] {processor.py:839} INFO - DAG(s) dict_keys(['example_task_group_decorator']) retrieved from /home/airflow/.local/lib/python3.8/site-packages/airflow/example_dags/example_task_group_decorator.py
[2023-10-14T10:56:46.205+0000] {logging_mixin.py:151} INFO - [2023-10-14T10:56:46.204+0000] {dag.py:2941} INFO - Sync 1 DAGs
[2023-10-14T10:56:46.217+0000] {logging_mixin.py:151} INFO - [2023-10-14T10:56:46.217+0000] {dag.py:3722} INFO - Setting next_dagrun for example_task_group_decorator to 2023-10-13T10:56:46.216983+00:00, run_after=2023-10-14T10:56:46.216983+00:00
[2023-10-14T10:56:46.227+0000] {processor.py:179} INFO - Processing /home/airflow/.local/lib/python3.8/site-packages/airflow/example_dags/example_task_group_decorator.py took 0.051 seconds
[2023-10-14T10:57:16.477+0000] {processor.py:157} INFO - Started process (PID=269) to work on /home/airflow/.local/lib/python3.8/site-packages/airflow/example_dags/example_task_group_decorator.py
[2023-10-14T10:57:16.478+0000] {processor.py:829} INFO - Processing file /home/airflow/.local/lib/python3.8/site-packages/airflow/example_dags/example_task_group_decorator.py for tasks to queue
[2023-10-14T10:57:16.479+0000] {logging_mixin.py:151} INFO - [2023-10-14T10:57:16.479+0000] {dagbag.py:536} INFO - Filling up the DagBag from /home/airflow/.local/lib/python3.8/site-packages/airflow/example_dags/example_task_group_decorator.py
[2023-10-14T10:57:16.486+0000] {processor.py:839} INFO - DAG(s) dict_keys(['example_task_group_decorator']) retrieved from /home/airflow/.local/lib/python3.8/site-packages/airflow/example_dags/example_task_group_decorator.py
[2023-10-14T10:57:16.500+0000] {logging_mixin.py:151} INFO - [2023-10-14T10:57:16.500+0000] {dag.py:2941} INFO - Sync 1 DAGs
[2023-10-14T10:57:16.512+0000] {logging_mixin.py:151} INFO - [2023-10-14T10:57:16.512+0000] {dag.py:3722} INFO - Setting next_dagrun for example_task_group_decorator to 2023-10-13T10:57:16.512028+00:00, run_after=2023-10-14T10:57:16.512028+00:00
[2023-10-14T10:57:16.521+0000] {processor.py:179} INFO - Processing /home/airflow/.local/lib/python3.8/site-packages/airflow/example_dags/example_task_group_decorator.py took 0.046 seconds
[2023-10-14T10:57:46.743+0000] {processor.py:157} INFO - Started process (PID=324) to work on /home/airflow/.local/lib/python3.8/site-packages/airflow/example_dags/example_task_group_decorator.py
[2023-10-14T10:57:46.744+0000] {processor.py:829} INFO - Processing file /home/airflow/.local/lib/python3.8/site-packages/airflow/example_dags/example_task_group_decorator.py for tasks to queue
[2023-10-14T10:57:46.746+0000] {logging_mixin.py:151} INFO - [2023-10-14T10:57:46.746+0000] {dagbag.py:536} INFO - Filling up the DagBag from /home/airflow/.local/lib/python3.8/site-packages/airflow/example_dags/example_task_group_decorator.py
[2023-10-14T10:57:46.754+0000] {processor.py:839} INFO - DAG(s) dict_keys(['example_task_group_decorator']) retrieved from /home/airflow/.local/lib/python3.8/site-packages/airflow/example_dags/example_task_group_decorator.py
[2023-10-14T10:57:46.768+0000] {logging_mixin.py:151} INFO - [2023-10-14T10:57:46.768+0000] {dag.py:2941} INFO - Sync 1 DAGs
[2023-10-14T10:57:46.780+0000] {logging_mixin.py:151} INFO - [2023-10-14T10:57:46.780+0000] {dag.py:3722} INFO - Setting next_dagrun for example_task_group_decorator to 2023-10-13T10:57:46.779943+00:00, run_after=2023-10-14T10:57:46.779943+00:00
[2023-10-14T10:57:46.788+0000] {processor.py:179} INFO - Processing /home/airflow/.local/lib/python3.8/site-packages/airflow/example_dags/example_task_group_decorator.py took 0.047 seconds
[2023-10-14T10:58:17.280+0000] {processor.py:157} INFO - Started process (PID=380) to work on /home/airflow/.local/lib/python3.8/site-packages/airflow/example_dags/example_task_group_decorator.py
[2023-10-14T10:58:17.281+0000] {processor.py:829} INFO - Processing file /home/airflow/.local/lib/python3.8/site-packages/airflow/example_dags/example_task_group_decorator.py for tasks to queue
[2023-10-14T10:58:17.282+0000] {logging_mixin.py:151} INFO - [2023-10-14T10:58:17.282+0000] {dagbag.py:536} INFO - Filling up the DagBag from /home/airflow/.local/lib/python3.8/site-packages/airflow/example_dags/example_task_group_decorator.py
[2023-10-14T10:58:17.290+0000] {processor.py:839} INFO - DAG(s) dict_keys(['example_task_group_decorator']) retrieved from /home/airflow/.local/lib/python3.8/site-packages/airflow/example_dags/example_task_group_decorator.py
[2023-10-14T10:58:17.304+0000] {logging_mixin.py:151} INFO - [2023-10-14T10:58:17.304+0000] {dag.py:2941} INFO - Sync 1 DAGs
[2023-10-14T10:58:17.316+0000] {logging_mixin.py:151} INFO - [2023-10-14T10:58:17.316+0000] {dag.py:3722} INFO - Setting next_dagrun for example_task_group_decorator to 2023-10-13T10:58:17.316263+00:00, run_after=2023-10-14T10:58:17.316263+00:00
[2023-10-14T10:58:17.325+0000] {processor.py:179} INFO - Processing /home/airflow/.local/lib/python3.8/site-packages/airflow/example_dags/example_task_group_decorator.py took 0.047 seconds
[2023-10-14T10:58:47.544+0000] {processor.py:157} INFO - Started process (PID=435) to work on /home/airflow/.local/lib/python3.8/site-packages/airflow/example_dags/example_task_group_decorator.py
[2023-10-14T10:58:47.545+0000] {processor.py:829} INFO - Processing file /home/airflow/.local/lib/python3.8/site-packages/airflow/example_dags/example_task_group_decorator.py for tasks to queue
[2023-10-14T10:58:47.547+0000] {logging_mixin.py:151} INFO - [2023-10-14T10:58:47.547+0000] {dagbag.py:536} INFO - Filling up the DagBag from /home/airflow/.local/lib/python3.8/site-packages/airflow/example_dags/example_task_group_decorator.py
[2023-10-14T10:58:47.555+0000] {processor.py:839} INFO - DAG(s) dict_keys(['example_task_group_decorator']) retrieved from /home/airflow/.local/lib/python3.8/site-packages/airflow/example_dags/example_task_group_decorator.py
[2023-10-14T10:58:47.568+0000] {logging_mixin.py:151} INFO - [2023-10-14T10:58:47.568+0000] {dag.py:2941} INFO - Sync 1 DAGs
[2023-10-14T10:58:47.580+0000] {logging_mixin.py:151} INFO - [2023-10-14T10:58:47.580+0000] {dag.py:3722} INFO - Setting next_dagrun for example_task_group_decorator to 2023-10-13T10:58:47.580301+00:00, run_after=2023-10-14T10:58:47.580301+00:00
[2023-10-14T10:58:47.589+0000] {processor.py:179} INFO - Processing /home/airflow/.local/lib/python3.8/site-packages/airflow/example_dags/example_task_group_decorator.py took 0.047 seconds
[2023-10-14T10:59:17.921+0000] {processor.py:157} INFO - Started process (PID=489) to work on /home/airflow/.local/lib/python3.8/site-packages/airflow/example_dags/example_task_group_decorator.py
[2023-10-14T10:59:17.922+0000] {processor.py:829} INFO - Processing file /home/airflow/.local/lib/python3.8/site-packages/airflow/example_dags/example_task_group_decorator.py for tasks to queue
[2023-10-14T10:59:17.924+0000] {logging_mixin.py:151} INFO - [2023-10-14T10:59:17.923+0000] {dagbag.py:536} INFO - Filling up the DagBag from /home/airflow/.local/lib/python3.8/site-packages/airflow/example_dags/example_task_group_decorator.py
[2023-10-14T10:59:17.932+0000] {processor.py:839} INFO - DAG(s) dict_keys(['example_task_group_decorator']) retrieved from /home/airflow/.local/lib/python3.8/site-packages/airflow/example_dags/example_task_group_decorator.py
[2023-10-14T10:59:17.951+0000] {logging_mixin.py:151} INFO - [2023-10-14T10:59:17.951+0000] {dag.py:2941} INFO - Sync 1 DAGs
[2023-10-14T10:59:17.967+0000] {logging_mixin.py:151} INFO - [2023-10-14T10:59:17.967+0000] {dag.py:3722} INFO - Setting next_dagrun for example_task_group_decorator to 2023-10-13T10:59:17.966852+00:00, run_after=2023-10-14T10:59:17.966852+00:00
[2023-10-14T10:59:17.978+0000] {processor.py:179} INFO - Processing /home/airflow/.local/lib/python3.8/site-packages/airflow/example_dags/example_task_group_decorator.py took 0.060 seconds
[2023-10-14T10:59:48.925+0000] {processor.py:157} INFO - Started process (PID=545) to work on /home/airflow/.local/lib/python3.8/site-packages/airflow/example_dags/example_task_group_decorator.py
[2023-10-14T10:59:48.926+0000] {processor.py:829} INFO - Processing file /home/airflow/.local/lib/python3.8/site-packages/airflow/example_dags/example_task_group_decorator.py for tasks to queue
[2023-10-14T10:59:48.927+0000] {logging_mixin.py:151} INFO - [2023-10-14T10:59:48.927+0000] {dagbag.py:536} INFO - Filling up the DagBag from /home/airflow/.local/lib/python3.8/site-packages/airflow/example_dags/example_task_group_decorator.py
[2023-10-14T10:59:48.938+0000] {processor.py:839} INFO - DAG(s) dict_keys(['example_task_group_decorator']) retrieved from /home/airflow/.local/lib/python3.8/site-packages/airflow/example_dags/example_task_group_decorator.py
[2023-10-14T10:59:48.955+0000] {logging_mixin.py:151} INFO - [2023-10-14T10:59:48.955+0000] {dag.py:2941} INFO - Sync 1 DAGs
[2023-10-14T10:59:48.968+0000] {logging_mixin.py:151} INFO - [2023-10-14T10:59:48.968+0000] {dag.py:3722} INFO - Setting next_dagrun for example_task_group_decorator to 2023-10-13T10:59:48.968316+00:00, run_after=2023-10-14T10:59:48.968316+00:00
[2023-10-14T10:59:48.979+0000] {processor.py:179} INFO - Processing /home/airflow/.local/lib/python3.8/site-packages/airflow/example_dags/example_task_group_decorator.py took 0.056 seconds
[2023-10-14T11:00:19.164+0000] {processor.py:157} INFO - Started process (PID=600) to work on /home/airflow/.local/lib/python3.8/site-packages/airflow/example_dags/example_task_group_decorator.py
[2023-10-14T11:00:19.165+0000] {processor.py:829} INFO - Processing file /home/airflow/.local/lib/python3.8/site-packages/airflow/example_dags/example_task_group_decorator.py for tasks to queue
[2023-10-14T11:00:19.167+0000] {logging_mixin.py:151} INFO - [2023-10-14T11:00:19.166+0000] {dagbag.py:536} INFO - Filling up the DagBag from /home/airflow/.local/lib/python3.8/site-packages/airflow/example_dags/example_task_group_decorator.py
[2023-10-14T11:00:19.176+0000] {processor.py:839} INFO - DAG(s) dict_keys(['example_task_group_decorator']) retrieved from /home/airflow/.local/lib/python3.8/site-packages/airflow/example_dags/example_task_group_decorator.py
[2023-10-14T11:00:19.193+0000] {logging_mixin.py:151} INFO - [2023-10-14T11:00:19.193+0000] {dag.py:2941} INFO - Sync 1 DAGs
[2023-10-14T11:00:19.207+0000] {logging_mixin.py:151} INFO - [2023-10-14T11:00:19.206+0000] {dag.py:3722} INFO - Setting next_dagrun for example_task_group_decorator to 2023-10-13T11:00:19.206693+00:00, run_after=2023-10-14T11:00:19.206693+00:00
[2023-10-14T11:00:19.218+0000] {processor.py:179} INFO - Processing /home/airflow/.local/lib/python3.8/site-packages/airflow/example_dags/example_task_group_decorator.py took 0.056 seconds
[2023-10-14T11:00:49.256+0000] {processor.py:157} INFO - Started process (PID=654) to work on /home/airflow/.local/lib/python3.8/site-packages/airflow/example_dags/example_task_group_decorator.py
[2023-10-14T11:00:49.257+0000] {processor.py:829} INFO - Processing file /home/airflow/.local/lib/python3.8/site-packages/airflow/example_dags/example_task_group_decorator.py for tasks to queue
[2023-10-14T11:00:49.259+0000] {logging_mixin.py:151} INFO - [2023-10-14T11:00:49.258+0000] {dagbag.py:536} INFO - Filling up the DagBag from /home/airflow/.local/lib/python3.8/site-packages/airflow/example_dags/example_task_group_decorator.py
[2023-10-14T11:00:49.266+0000] {processor.py:839} INFO - DAG(s) dict_keys(['example_task_group_decorator']) retrieved from /home/airflow/.local/lib/python3.8/site-packages/airflow/example_dags/example_task_group_decorator.py
[2023-10-14T11:00:49.288+0000] {logging_mixin.py:151} INFO - [2023-10-14T11:00:49.288+0000] {dag.py:2941} INFO - Sync 1 DAGs
[2023-10-14T11:00:49.310+0000] {logging_mixin.py:151} INFO - [2023-10-14T11:00:49.310+0000] {dag.py:3722} INFO - Setting next_dagrun for example_task_group_decorator to 2023-10-13T11:00:49.310239+00:00, run_after=2023-10-14T11:00:49.310239+00:00
[2023-10-14T11:00:49.322+0000] {processor.py:179} INFO - Processing /home/airflow/.local/lib/python3.8/site-packages/airflow/example_dags/example_task_group_decorator.py took 0.068 seconds
[2023-10-14T11:01:19.719+0000] {processor.py:157} INFO - Started process (PID=710) to work on /home/airflow/.local/lib/python3.8/site-packages/airflow/example_dags/example_task_group_decorator.py
[2023-10-14T11:01:19.721+0000] {processor.py:829} INFO - Processing file /home/airflow/.local/lib/python3.8/site-packages/airflow/example_dags/example_task_group_decorator.py for tasks to queue
[2023-10-14T11:01:19.723+0000] {logging_mixin.py:151} INFO - [2023-10-14T11:01:19.723+0000] {dagbag.py:536} INFO - Filling up the DagBag from /home/airflow/.local/lib/python3.8/site-packages/airflow/example_dags/example_task_group_decorator.py
[2023-10-14T11:01:19.733+0000] {processor.py:839} INFO - DAG(s) dict_keys(['example_task_group_decorator']) retrieved from /home/airflow/.local/lib/python3.8/site-packages/airflow/example_dags/example_task_group_decorator.py
[2023-10-14T11:01:19.755+0000] {logging_mixin.py:151} INFO - [2023-10-14T11:01:19.755+0000] {dag.py:2941} INFO - Sync 1 DAGs
[2023-10-14T11:01:19.772+0000] {logging_mixin.py:151} INFO - [2023-10-14T11:01:19.772+0000] {dag.py:3722} INFO - Setting next_dagrun for example_task_group_decorator to 2023-10-13T11:01:19.772339+00:00, run_after=2023-10-14T11:01:19.772339+00:00
[2023-10-14T11:01:19.785+0000] {processor.py:179} INFO - Processing /home/airflow/.local/lib/python3.8/site-packages/airflow/example_dags/example_task_group_decorator.py took 0.068 seconds
[2023-10-14T11:01:50.018+0000] {processor.py:157} INFO - Started process (PID=766) to work on /home/airflow/.local/lib/python3.8/site-packages/airflow/example_dags/example_task_group_decorator.py
[2023-10-14T11:01:50.019+0000] {processor.py:829} INFO - Processing file /home/airflow/.local/lib/python3.8/site-packages/airflow/example_dags/example_task_group_decorator.py for tasks to queue
[2023-10-14T11:01:50.021+0000] {logging_mixin.py:151} INFO - [2023-10-14T11:01:50.021+0000] {dagbag.py:536} INFO - Filling up the DagBag from /home/airflow/.local/lib/python3.8/site-packages/airflow/example_dags/example_task_group_decorator.py
[2023-10-14T11:01:50.035+0000] {processor.py:839} INFO - DAG(s) dict_keys(['example_task_group_decorator']) retrieved from /home/airflow/.local/lib/python3.8/site-packages/airflow/example_dags/example_task_group_decorator.py
[2023-10-14T11:01:50.055+0000] {logging_mixin.py:151} INFO - [2023-10-14T11:01:50.055+0000] {dag.py:2941} INFO - Sync 1 DAGs
[2023-10-14T11:01:50.071+0000] {logging_mixin.py:151} INFO - [2023-10-14T11:01:50.070+0000] {dag.py:3722} INFO - Setting next_dagrun for example_task_group_decorator to 2023-10-13T11:01:50.070685+00:00, run_after=2023-10-14T11:01:50.070685+00:00
[2023-10-14T11:01:50.083+0000] {processor.py:179} INFO - Processing /home/airflow/.local/lib/python3.8/site-packages/airflow/example_dags/example_task_group_decorator.py took 0.068 seconds
[2023-10-14T11:02:20.623+0000] {processor.py:157} INFO - Started process (PID=823) to work on /home/airflow/.local/lib/python3.8/site-packages/airflow/example_dags/example_task_group_decorator.py
[2023-10-14T11:02:20.624+0000] {processor.py:829} INFO - Processing file /home/airflow/.local/lib/python3.8/site-packages/airflow/example_dags/example_task_group_decorator.py for tasks to queue
[2023-10-14T11:02:20.627+0000] {logging_mixin.py:151} INFO - [2023-10-14T11:02:20.627+0000] {dagbag.py:536} INFO - Filling up the DagBag from /home/airflow/.local/lib/python3.8/site-packages/airflow/example_dags/example_task_group_decorator.py
[2023-10-14T11:02:20.636+0000] {processor.py:839} INFO - DAG(s) dict_keys(['example_task_group_decorator']) retrieved from /home/airflow/.local/lib/python3.8/site-packages/airflow/example_dags/example_task_group_decorator.py
[2023-10-14T11:02:20.652+0000] {logging_mixin.py:151} INFO - [2023-10-14T11:02:20.652+0000] {dag.py:2941} INFO - Sync 1 DAGs
[2023-10-14T11:02:20.669+0000] {logging_mixin.py:151} INFO - [2023-10-14T11:02:20.669+0000] {dag.py:3722} INFO - Setting next_dagrun for example_task_group_decorator to 2023-10-13T11:02:20.669435+00:00, run_after=2023-10-14T11:02:20.669435+00:00
[2023-10-14T11:02:20.680+0000] {processor.py:179} INFO - Processing /home/airflow/.local/lib/python3.8/site-packages/airflow/example_dags/example_task_group_decorator.py took 0.059 seconds
[2023-10-14T11:02:51.059+0000] {processor.py:157} INFO - Started process (PID=878) to work on /home/airflow/.local/lib/python3.8/site-packages/airflow/example_dags/example_task_group_decorator.py
[2023-10-14T11:02:51.059+0000] {processor.py:829} INFO - Processing file /home/airflow/.local/lib/python3.8/site-packages/airflow/example_dags/example_task_group_decorator.py for tasks to queue
[2023-10-14T11:02:51.061+0000] {logging_mixin.py:151} INFO - [2023-10-14T11:02:51.061+0000] {dagbag.py:536} INFO - Filling up the DagBag from /home/airflow/.local/lib/python3.8/site-packages/airflow/example_dags/example_task_group_decorator.py
[2023-10-14T11:02:51.069+0000] {processor.py:839} INFO - DAG(s) dict_keys(['example_task_group_decorator']) retrieved from /home/airflow/.local/lib/python3.8/site-packages/airflow/example_dags/example_task_group_decorator.py
[2023-10-14T11:02:51.084+0000] {logging_mixin.py:151} INFO - [2023-10-14T11:02:51.084+0000] {dag.py:2941} INFO - Sync 1 DAGs
[2023-10-14T11:02:51.097+0000] {logging_mixin.py:151} INFO - [2023-10-14T11:02:51.097+0000] {dag.py:3722} INFO - Setting next_dagrun for example_task_group_decorator to 2023-10-13T11:02:51.096871+00:00, run_after=2023-10-14T11:02:51.096871+00:00
[2023-10-14T11:02:51.111+0000] {processor.py:179} INFO - Processing /home/airflow/.local/lib/python3.8/site-packages/airflow/example_dags/example_task_group_decorator.py took 0.054 seconds
[2023-10-14T11:03:21.461+0000] {processor.py:157} INFO - Started process (PID=934) to work on /home/airflow/.local/lib/python3.8/site-packages/airflow/example_dags/example_task_group_decorator.py
[2023-10-14T11:03:21.462+0000] {processor.py:829} INFO - Processing file /home/airflow/.local/lib/python3.8/site-packages/airflow/example_dags/example_task_group_decorator.py for tasks to queue
[2023-10-14T11:03:21.465+0000] {logging_mixin.py:151} INFO - [2023-10-14T11:03:21.465+0000] {dagbag.py:536} INFO - Filling up the DagBag from /home/airflow/.local/lib/python3.8/site-packages/airflow/example_dags/example_task_group_decorator.py
[2023-10-14T11:03:21.474+0000] {processor.py:839} INFO - DAG(s) dict_keys(['example_task_group_decorator']) retrieved from /home/airflow/.local/lib/python3.8/site-packages/airflow/example_dags/example_task_group_decorator.py
[2023-10-14T11:03:21.490+0000] {logging_mixin.py:151} INFO - [2023-10-14T11:03:21.490+0000] {dag.py:2941} INFO - Sync 1 DAGs
[2023-10-14T11:03:21.543+0000] {logging_mixin.py:151} INFO - [2023-10-14T11:03:21.542+0000] {dag.py:3722} INFO - Setting next_dagrun for example_task_group_decorator to 2023-10-13T11:03:21.542361+00:00, run_after=2023-10-14T11:03:21.542361+00:00
[2023-10-14T11:03:21.562+0000] {processor.py:179} INFO - Processing /home/airflow/.local/lib/python3.8/site-packages/airflow/example_dags/example_task_group_decorator.py took 0.103 seconds
[2023-10-14T11:03:51.852+0000] {processor.py:157} INFO - Started process (PID=989) to work on /home/airflow/.local/lib/python3.8/site-packages/airflow/example_dags/example_task_group_decorator.py
[2023-10-14T11:03:51.853+0000] {processor.py:829} INFO - Processing file /home/airflow/.local/lib/python3.8/site-packages/airflow/example_dags/example_task_group_decorator.py for tasks to queue
[2023-10-14T11:03:51.854+0000] {logging_mixin.py:151} INFO - [2023-10-14T11:03:51.854+0000] {dagbag.py:536} INFO - Filling up the DagBag from /home/airflow/.local/lib/python3.8/site-packages/airflow/example_dags/example_task_group_decorator.py
[2023-10-14T11:03:51.864+0000] {processor.py:839} INFO - DAG(s) dict_keys(['example_task_group_decorator']) retrieved from /home/airflow/.local/lib/python3.8/site-packages/airflow/example_dags/example_task_group_decorator.py
[2023-10-14T11:03:51.881+0000] {logging_mixin.py:151} INFO - [2023-10-14T11:03:51.881+0000] {dag.py:2941} INFO - Sync 1 DAGs
[2023-10-14T11:03:51.895+0000] {logging_mixin.py:151} INFO - [2023-10-14T11:03:51.895+0000] {dag.py:3722} INFO - Setting next_dagrun for example_task_group_decorator to 2023-10-13T11:03:51.895648+00:00, run_after=2023-10-14T11:03:51.895648+00:00
[2023-10-14T11:03:51.906+0000] {processor.py:179} INFO - Processing /home/airflow/.local/lib/python3.8/site-packages/airflow/example_dags/example_task_group_decorator.py took 0.056 seconds
[2023-10-14T11:04:22.406+0000] {processor.py:157} INFO - Started process (PID=1045) to work on /home/airflow/.local/lib/python3.8/site-packages/airflow/example_dags/example_task_group_decorator.py
[2023-10-14T11:04:22.406+0000] {processor.py:829} INFO - Processing file /home/airflow/.local/lib/python3.8/site-packages/airflow/example_dags/example_task_group_decorator.py for tasks to queue
[2023-10-14T11:04:22.408+0000] {logging_mixin.py:151} INFO - [2023-10-14T11:04:22.408+0000] {dagbag.py:536} INFO - Filling up the DagBag from /home/airflow/.local/lib/python3.8/site-packages/airflow/example_dags/example_task_group_decorator.py
[2023-10-14T11:04:22.417+0000] {processor.py:839} INFO - DAG(s) dict_keys(['example_task_group_decorator']) retrieved from /home/airflow/.local/lib/python3.8/site-packages/airflow/example_dags/example_task_group_decorator.py
[2023-10-14T11:04:22.447+0000] {logging_mixin.py:151} INFO - [2023-10-14T11:04:22.447+0000] {dag.py:2941} INFO - Sync 1 DAGs
[2023-10-14T11:04:22.465+0000] {logging_mixin.py:151} INFO - [2023-10-14T11:04:22.465+0000] {dag.py:3722} INFO - Setting next_dagrun for example_task_group_decorator to 2023-10-13T11:04:22.465451+00:00, run_after=2023-10-14T11:04:22.465451+00:00
[2023-10-14T11:04:22.477+0000] {processor.py:179} INFO - Processing /home/airflow/.local/lib/python3.8/site-packages/airflow/example_dags/example_task_group_decorator.py took 0.074 seconds
[2023-10-14T11:04:52.663+0000] {processor.py:157} INFO - Started process (PID=1100) to work on /home/airflow/.local/lib/python3.8/site-packages/airflow/example_dags/example_task_group_decorator.py
[2023-10-14T11:04:52.663+0000] {processor.py:829} INFO - Processing file /home/airflow/.local/lib/python3.8/site-packages/airflow/example_dags/example_task_group_decorator.py for tasks to queue
[2023-10-14T11:04:52.665+0000] {logging_mixin.py:151} INFO - [2023-10-14T11:04:52.665+0000] {dagbag.py:536} INFO - Filling up the DagBag from /home/airflow/.local/lib/python3.8/site-packages/airflow/example_dags/example_task_group_decorator.py
[2023-10-14T11:04:52.673+0000] {processor.py:839} INFO - DAG(s) dict_keys(['example_task_group_decorator']) retrieved from /home/airflow/.local/lib/python3.8/site-packages/airflow/example_dags/example_task_group_decorator.py
[2023-10-14T11:04:52.690+0000] {logging_mixin.py:151} INFO - [2023-10-14T11:04:52.690+0000] {dag.py:2941} INFO - Sync 1 DAGs
[2023-10-14T11:04:52.704+0000] {logging_mixin.py:151} INFO - [2023-10-14T11:04:52.704+0000] {dag.py:3722} INFO - Setting next_dagrun for example_task_group_decorator to 2023-10-13T11:04:52.704254+00:00, run_after=2023-10-14T11:04:52.704254+00:00
[2023-10-14T11:04:52.714+0000] {processor.py:179} INFO - Processing /home/airflow/.local/lib/python3.8/site-packages/airflow/example_dags/example_task_group_decorator.py took 0.054 seconds
[2023-10-14T11:05:22.835+0000] {processor.py:157} INFO - Started process (PID=1154) to work on /home/airflow/.local/lib/python3.8/site-packages/airflow/example_dags/example_task_group_decorator.py
[2023-10-14T11:05:22.836+0000] {processor.py:829} INFO - Processing file /home/airflow/.local/lib/python3.8/site-packages/airflow/example_dags/example_task_group_decorator.py for tasks to queue
[2023-10-14T11:05:22.838+0000] {logging_mixin.py:151} INFO - [2023-10-14T11:05:22.838+0000] {dagbag.py:536} INFO - Filling up the DagBag from /home/airflow/.local/lib/python3.8/site-packages/airflow/example_dags/example_task_group_decorator.py
[2023-10-14T11:05:22.848+0000] {processor.py:839} INFO - DAG(s) dict_keys(['example_task_group_decorator']) retrieved from /home/airflow/.local/lib/python3.8/site-packages/airflow/example_dags/example_task_group_decorator.py
[2023-10-14T11:05:22.863+0000] {logging_mixin.py:151} INFO - [2023-10-14T11:05:22.863+0000] {dag.py:2941} INFO - Sync 1 DAGs
[2023-10-14T11:05:22.874+0000] {logging_mixin.py:151} INFO - [2023-10-14T11:05:22.874+0000] {dag.py:3722} INFO - Setting next_dagrun for example_task_group_decorator to 2023-10-13T11:05:22.874318+00:00, run_after=2023-10-14T11:05:22.874318+00:00
[2023-10-14T11:05:22.882+0000] {processor.py:179} INFO - Processing /home/airflow/.local/lib/python3.8/site-packages/airflow/example_dags/example_task_group_decorator.py took 0.051 seconds
[2023-10-14T11:05:53.775+0000] {processor.py:157} INFO - Started process (PID=1210) to work on /home/airflow/.local/lib/python3.8/site-packages/airflow/example_dags/example_task_group_decorator.py
[2023-10-14T11:05:53.776+0000] {processor.py:829} INFO - Processing file /home/airflow/.local/lib/python3.8/site-packages/airflow/example_dags/example_task_group_decorator.py for tasks to queue
[2023-10-14T11:05:53.779+0000] {logging_mixin.py:151} INFO - [2023-10-14T11:05:53.778+0000] {dagbag.py:536} INFO - Filling up the DagBag from /home/airflow/.local/lib/python3.8/site-packages/airflow/example_dags/example_task_group_decorator.py
[2023-10-14T11:05:53.790+0000] {processor.py:839} INFO - DAG(s) dict_keys(['example_task_group_decorator']) retrieved from /home/airflow/.local/lib/python3.8/site-packages/airflow/example_dags/example_task_group_decorator.py
[2023-10-14T11:05:53.816+0000] {logging_mixin.py:151} INFO - [2023-10-14T11:05:53.816+0000] {dag.py:2941} INFO - Sync 1 DAGs
[2023-10-14T11:05:53.831+0000] {logging_mixin.py:151} INFO - [2023-10-14T11:05:53.831+0000] {dag.py:3722} INFO - Setting next_dagrun for example_task_group_decorator to 2023-10-13T11:05:53.831309+00:00, run_after=2023-10-14T11:05:53.831309+00:00
[2023-10-14T11:05:53.842+0000] {processor.py:179} INFO - Processing /home/airflow/.local/lib/python3.8/site-packages/airflow/example_dags/example_task_group_decorator.py took 0.069 seconds
[2023-10-14T11:06:24.227+0000] {processor.py:157} INFO - Started process (PID=1266) to work on /home/airflow/.local/lib/python3.8/site-packages/airflow/example_dags/example_task_group_decorator.py
[2023-10-14T11:06:24.228+0000] {processor.py:829} INFO - Processing file /home/airflow/.local/lib/python3.8/site-packages/airflow/example_dags/example_task_group_decorator.py for tasks to queue
[2023-10-14T11:06:24.229+0000] {logging_mixin.py:151} INFO - [2023-10-14T11:06:24.229+0000] {dagbag.py:536} INFO - Filling up the DagBag from /home/airflow/.local/lib/python3.8/site-packages/airflow/example_dags/example_task_group_decorator.py
[2023-10-14T11:06:24.237+0000] {processor.py:839} INFO - DAG(s) dict_keys(['example_task_group_decorator']) retrieved from /home/airflow/.local/lib/python3.8/site-packages/airflow/example_dags/example_task_group_decorator.py
[2023-10-14T11:06:24.250+0000] {logging_mixin.py:151} INFO - [2023-10-14T11:06:24.250+0000] {dag.py:2941} INFO - Sync 1 DAGs
[2023-10-14T11:06:24.262+0000] {logging_mixin.py:151} INFO - [2023-10-14T11:06:24.262+0000] {dag.py:3722} INFO - Setting next_dagrun for example_task_group_decorator to 2023-10-13T11:06:24.262681+00:00, run_after=2023-10-14T11:06:24.262681+00:00
[2023-10-14T11:06:24.274+0000] {processor.py:179} INFO - Processing /home/airflow/.local/lib/python3.8/site-packages/airflow/example_dags/example_task_group_decorator.py took 0.049 seconds
[2023-10-14T11:06:54.642+0000] {processor.py:157} INFO - Started process (PID=1321) to work on /home/airflow/.local/lib/python3.8/site-packages/airflow/example_dags/example_task_group_decorator.py
[2023-10-14T11:06:54.643+0000] {processor.py:829} INFO - Processing file /home/airflow/.local/lib/python3.8/site-packages/airflow/example_dags/example_task_group_decorator.py for tasks to queue
[2023-10-14T11:06:54.644+0000] {logging_mixin.py:151} INFO - [2023-10-14T11:06:54.644+0000] {dagbag.py:536} INFO - Filling up the DagBag from /home/airflow/.local/lib/python3.8/site-packages/airflow/example_dags/example_task_group_decorator.py
[2023-10-14T11:06:54.652+0000] {processor.py:839} INFO - DAG(s) dict_keys(['example_task_group_decorator']) retrieved from /home/airflow/.local/lib/python3.8/site-packages/airflow/example_dags/example_task_group_decorator.py
[2023-10-14T11:06:54.666+0000] {logging_mixin.py:151} INFO - [2023-10-14T11:06:54.666+0000] {dag.py:2941} INFO - Sync 1 DAGs
[2023-10-14T11:06:54.678+0000] {logging_mixin.py:151} INFO - [2023-10-14T11:06:54.678+0000] {dag.py:3722} INFO - Setting next_dagrun for example_task_group_decorator to 2023-10-13T11:06:54.678648+00:00, run_after=2023-10-14T11:06:54.678648+00:00
[2023-10-14T11:06:54.688+0000] {processor.py:179} INFO - Processing /home/airflow/.local/lib/python3.8/site-packages/airflow/example_dags/example_task_group_decorator.py took 0.049 seconds
[2023-10-14T11:07:29.946+0000] {processor.py:157} INFO - Started process (PID=1380) to work on /home/airflow/.local/lib/python3.8/site-packages/airflow/example_dags/example_task_group_decorator.py
[2023-10-14T11:07:29.951+0000] {processor.py:829} INFO - Processing file /home/airflow/.local/lib/python3.8/site-packages/airflow/example_dags/example_task_group_decorator.py for tasks to queue
[2023-10-14T11:07:29.956+0000] {logging_mixin.py:151} INFO - [2023-10-14T11:07:29.956+0000] {dagbag.py:536} INFO - Filling up the DagBag from /home/airflow/.local/lib/python3.8/site-packages/airflow/example_dags/example_task_group_decorator.py
[2023-10-14T11:07:29.990+0000] {processor.py:839} INFO - DAG(s) dict_keys(['example_task_group_decorator']) retrieved from /home/airflow/.local/lib/python3.8/site-packages/airflow/example_dags/example_task_group_decorator.py
[2023-10-14T11:07:30.071+0000] {logging_mixin.py:151} INFO - [2023-10-14T11:07:30.070+0000] {dag.py:2941} INFO - Sync 1 DAGs
[2023-10-14T11:07:30.131+0000] {logging_mixin.py:151} INFO - [2023-10-14T11:07:30.131+0000] {dag.py:3722} INFO - Setting next_dagrun for example_task_group_decorator to 2023-10-13T11:07:30.131025+00:00, run_after=2023-10-14T11:07:30.131025+00:00
[2023-10-14T11:07:30.161+0000] {processor.py:179} INFO - Processing /home/airflow/.local/lib/python3.8/site-packages/airflow/example_dags/example_task_group_decorator.py took 0.221 seconds
[2023-10-14T11:08:00.818+0000] {processor.py:157} INFO - Started process (PID=1435) to work on /home/airflow/.local/lib/python3.8/site-packages/airflow/example_dags/example_task_group_decorator.py
[2023-10-14T11:08:00.819+0000] {processor.py:829} INFO - Processing file /home/airflow/.local/lib/python3.8/site-packages/airflow/example_dags/example_task_group_decorator.py for tasks to queue
[2023-10-14T11:08:00.821+0000] {logging_mixin.py:151} INFO - [2023-10-14T11:08:00.821+0000] {dagbag.py:536} INFO - Filling up the DagBag from /home/airflow/.local/lib/python3.8/site-packages/airflow/example_dags/example_task_group_decorator.py
[2023-10-14T11:08:00.830+0000] {processor.py:839} INFO - DAG(s) dict_keys(['example_task_group_decorator']) retrieved from /home/airflow/.local/lib/python3.8/site-packages/airflow/example_dags/example_task_group_decorator.py
[2023-10-14T11:08:00.847+0000] {logging_mixin.py:151} INFO - [2023-10-14T11:08:00.847+0000] {dag.py:2941} INFO - Sync 1 DAGs
[2023-10-14T11:08:00.865+0000] {logging_mixin.py:151} INFO - [2023-10-14T11:08:00.865+0000] {dag.py:3722} INFO - Setting next_dagrun for example_task_group_decorator to 2023-10-13T11:08:00.865137+00:00, run_after=2023-10-14T11:08:00.865137+00:00
[2023-10-14T11:08:00.880+0000] {processor.py:179} INFO - Processing /home/airflow/.local/lib/python3.8/site-packages/airflow/example_dags/example_task_group_decorator.py took 0.065 seconds
[2023-10-14T11:08:31.516+0000] {processor.py:157} INFO - Started process (PID=1490) to work on /home/airflow/.local/lib/python3.8/site-packages/airflow/example_dags/example_task_group_decorator.py
[2023-10-14T11:08:31.517+0000] {processor.py:829} INFO - Processing file /home/airflow/.local/lib/python3.8/site-packages/airflow/example_dags/example_task_group_decorator.py for tasks to queue
[2023-10-14T11:08:31.519+0000] {logging_mixin.py:151} INFO - [2023-10-14T11:08:31.519+0000] {dagbag.py:536} INFO - Filling up the DagBag from /home/airflow/.local/lib/python3.8/site-packages/airflow/example_dags/example_task_group_decorator.py
[2023-10-14T11:08:31.528+0000] {processor.py:839} INFO - DAG(s) dict_keys(['example_task_group_decorator']) retrieved from /home/airflow/.local/lib/python3.8/site-packages/airflow/example_dags/example_task_group_decorator.py
[2023-10-14T11:08:31.544+0000] {logging_mixin.py:151} INFO - [2023-10-14T11:08:31.544+0000] {dag.py:2941} INFO - Sync 1 DAGs
[2023-10-14T11:08:31.558+0000] {logging_mixin.py:151} INFO - [2023-10-14T11:08:31.558+0000] {dag.py:3722} INFO - Setting next_dagrun for example_task_group_decorator to 2023-10-13T11:08:31.558145+00:00, run_after=2023-10-14T11:08:31.558145+00:00
[2023-10-14T11:08:31.571+0000] {processor.py:179} INFO - Processing /home/airflow/.local/lib/python3.8/site-packages/airflow/example_dags/example_task_group_decorator.py took 0.057 seconds
[2023-10-14T11:09:02.069+0000] {processor.py:157} INFO - Started process (PID=1545) to work on /home/airflow/.local/lib/python3.8/site-packages/airflow/example_dags/example_task_group_decorator.py
[2023-10-14T11:09:02.070+0000] {processor.py:829} INFO - Processing file /home/airflow/.local/lib/python3.8/site-packages/airflow/example_dags/example_task_group_decorator.py for tasks to queue
[2023-10-14T11:09:02.072+0000] {logging_mixin.py:151} INFO - [2023-10-14T11:09:02.071+0000] {dagbag.py:536} INFO - Filling up the DagBag from /home/airflow/.local/lib/python3.8/site-packages/airflow/example_dags/example_task_group_decorator.py
[2023-10-14T11:09:02.081+0000] {processor.py:839} INFO - DAG(s) dict_keys(['example_task_group_decorator']) retrieved from /home/airflow/.local/lib/python3.8/site-packages/airflow/example_dags/example_task_group_decorator.py
[2023-10-14T11:09:02.097+0000] {logging_mixin.py:151} INFO - [2023-10-14T11:09:02.097+0000] {dag.py:2941} INFO - Sync 1 DAGs
[2023-10-14T11:09:02.109+0000] {logging_mixin.py:151} INFO - [2023-10-14T11:09:02.109+0000] {dag.py:3722} INFO - Setting next_dagrun for example_task_group_decorator to 2023-10-13T11:09:02.109030+00:00, run_after=2023-10-14T11:09:02.109030+00:00
[2023-10-14T11:09:02.118+0000] {processor.py:179} INFO - Processing /home/airflow/.local/lib/python3.8/site-packages/airflow/example_dags/example_task_group_decorator.py took 0.052 seconds
[2023-10-14T11:09:32.507+0000] {processor.py:157} INFO - Started process (PID=1600) to work on /home/airflow/.local/lib/python3.8/site-packages/airflow/example_dags/example_task_group_decorator.py
[2023-10-14T11:09:32.508+0000] {processor.py:829} INFO - Processing file /home/airflow/.local/lib/python3.8/site-packages/airflow/example_dags/example_task_group_decorator.py for tasks to queue
[2023-10-14T11:09:32.509+0000] {logging_mixin.py:151} INFO - [2023-10-14T11:09:32.509+0000] {dagbag.py:536} INFO - Filling up the DagBag from /home/airflow/.local/lib/python3.8/site-packages/airflow/example_dags/example_task_group_decorator.py
[2023-10-14T11:09:32.517+0000] {processor.py:839} INFO - DAG(s) dict_keys(['example_task_group_decorator']) retrieved from /home/airflow/.local/lib/python3.8/site-packages/airflow/example_dags/example_task_group_decorator.py
[2023-10-14T11:09:32.534+0000] {logging_mixin.py:151} INFO - [2023-10-14T11:09:32.534+0000] {dag.py:2941} INFO - Sync 1 DAGs
[2023-10-14T11:09:32.548+0000] {logging_mixin.py:151} INFO - [2023-10-14T11:09:32.547+0000] {dag.py:3722} INFO - Setting next_dagrun for example_task_group_decorator to 2023-10-13T11:09:32.547737+00:00, run_after=2023-10-14T11:09:32.547737+00:00
[2023-10-14T11:09:32.559+0000] {processor.py:179} INFO - Processing /home/airflow/.local/lib/python3.8/site-packages/airflow/example_dags/example_task_group_decorator.py took 0.054 seconds
