[2023-10-14T10:55:12.060+0000] {processor.py:157} INFO - Started process (PID=37) to work on /home/airflow/.local/lib/python3.8/site-packages/airflow/example_dags/example_short_circuit_decorator.py
[2023-10-14T10:55:12.063+0000] {processor.py:829} INFO - Processing file /home/airflow/.local/lib/python3.8/site-packages/airflow/example_dags/example_short_circuit_decorator.py for tasks to queue
[2023-10-14T10:55:12.069+0000] {logging_mixin.py:151} INFO - [2023-10-14T10:55:12.068+0000] {dagbag.py:536} INFO - Filling up the DagBag from /home/airflow/.local/lib/python3.8/site-packages/airflow/example_dags/example_short_circuit_decorator.py
[2023-10-14T10:55:12.117+0000] {processor.py:839} INFO - DAG(s) dict_keys(['example_short_circuit_decorator']) retrieved from /home/airflow/.local/lib/python3.8/site-packages/airflow/example_dags/example_short_circuit_decorator.py
[2023-10-14T10:55:12.255+0000] {logging_mixin.py:151} INFO - [2023-10-14T10:55:12.255+0000] {dag.py:2941} INFO - Sync 1 DAGs
[2023-10-14T10:55:12.401+0000] {logging_mixin.py:151} INFO - [2023-10-14T10:55:12.401+0000] {dag.py:3722} INFO - Setting next_dagrun for example_short_circuit_decorator to 2023-10-13T10:55:12.401212+00:00, run_after=2023-10-14T10:55:12.401212+00:00
[2023-10-14T10:55:12.439+0000] {processor.py:179} INFO - Processing /home/airflow/.local/lib/python3.8/site-packages/airflow/example_dags/example_short_circuit_decorator.py took 0.382 seconds
[2023-10-14T10:55:42.890+0000] {processor.py:157} INFO - Started process (PID=92) to work on /home/airflow/.local/lib/python3.8/site-packages/airflow/example_dags/example_short_circuit_decorator.py
[2023-10-14T10:55:42.891+0000] {processor.py:829} INFO - Processing file /home/airflow/.local/lib/python3.8/site-packages/airflow/example_dags/example_short_circuit_decorator.py for tasks to queue
[2023-10-14T10:55:42.893+0000] {logging_mixin.py:151} INFO - [2023-10-14T10:55:42.893+0000] {dagbag.py:536} INFO - Filling up the DagBag from /home/airflow/.local/lib/python3.8/site-packages/airflow/example_dags/example_short_circuit_decorator.py
[2023-10-14T10:55:42.898+0000] {processor.py:839} INFO - DAG(s) dict_keys(['example_short_circuit_decorator']) retrieved from /home/airflow/.local/lib/python3.8/site-packages/airflow/example_dags/example_short_circuit_decorator.py
[2023-10-14T10:55:42.911+0000] {logging_mixin.py:151} INFO - [2023-10-14T10:55:42.911+0000] {dag.py:2941} INFO - Sync 1 DAGs
[2023-10-14T10:55:42.922+0000] {logging_mixin.py:151} INFO - [2023-10-14T10:55:42.922+0000] {dag.py:3722} INFO - Setting next_dagrun for example_short_circuit_decorator to 2023-10-13T10:55:42.922216+00:00, run_after=2023-10-14T10:55:42.922216+00:00
[2023-10-14T10:55:42.931+0000] {processor.py:179} INFO - Processing /home/airflow/.local/lib/python3.8/site-packages/airflow/example_dags/example_short_circuit_decorator.py took 0.043 seconds
[2023-10-14T10:56:13.437+0000] {processor.py:157} INFO - Started process (PID=147) to work on /home/airflow/.local/lib/python3.8/site-packages/airflow/example_dags/example_short_circuit_decorator.py
[2023-10-14T10:56:13.438+0000] {processor.py:829} INFO - Processing file /home/airflow/.local/lib/python3.8/site-packages/airflow/example_dags/example_short_circuit_decorator.py for tasks to queue
[2023-10-14T10:56:13.440+0000] {logging_mixin.py:151} INFO - [2023-10-14T10:56:13.439+0000] {dagbag.py:536} INFO - Filling up the DagBag from /home/airflow/.local/lib/python3.8/site-packages/airflow/example_dags/example_short_circuit_decorator.py
[2023-10-14T10:56:13.446+0000] {processor.py:839} INFO - DAG(s) dict_keys(['example_short_circuit_decorator']) retrieved from /home/airflow/.local/lib/python3.8/site-packages/airflow/example_dags/example_short_circuit_decorator.py
[2023-10-14T10:56:13.461+0000] {logging_mixin.py:151} INFO - [2023-10-14T10:56:13.460+0000] {dag.py:2941} INFO - Sync 1 DAGs
[2023-10-14T10:56:13.474+0000] {logging_mixin.py:151} INFO - [2023-10-14T10:56:13.474+0000] {dag.py:3722} INFO - Setting next_dagrun for example_short_circuit_decorator to 2023-10-13T10:56:13.474258+00:00, run_after=2023-10-14T10:56:13.474258+00:00
[2023-10-14T10:56:13.489+0000] {processor.py:179} INFO - Processing /home/airflow/.local/lib/python3.8/site-packages/airflow/example_dags/example_short_circuit_decorator.py took 0.055 seconds
[2023-10-14T10:56:43.655+0000] {processor.py:157} INFO - Started process (PID=202) to work on /home/airflow/.local/lib/python3.8/site-packages/airflow/example_dags/example_short_circuit_decorator.py
[2023-10-14T10:56:43.656+0000] {processor.py:829} INFO - Processing file /home/airflow/.local/lib/python3.8/site-packages/airflow/example_dags/example_short_circuit_decorator.py for tasks to queue
[2023-10-14T10:56:43.657+0000] {logging_mixin.py:151} INFO - [2023-10-14T10:56:43.657+0000] {dagbag.py:536} INFO - Filling up the DagBag from /home/airflow/.local/lib/python3.8/site-packages/airflow/example_dags/example_short_circuit_decorator.py
[2023-10-14T10:56:43.664+0000] {processor.py:839} INFO - DAG(s) dict_keys(['example_short_circuit_decorator']) retrieved from /home/airflow/.local/lib/python3.8/site-packages/airflow/example_dags/example_short_circuit_decorator.py
[2023-10-14T10:56:43.684+0000] {logging_mixin.py:151} INFO - [2023-10-14T10:56:43.684+0000] {dag.py:2941} INFO - Sync 1 DAGs
[2023-10-14T10:56:43.697+0000] {logging_mixin.py:151} INFO - [2023-10-14T10:56:43.697+0000] {dag.py:3722} INFO - Setting next_dagrun for example_short_circuit_decorator to 2023-10-13T10:56:43.696898+00:00, run_after=2023-10-14T10:56:43.696898+00:00
[2023-10-14T10:56:43.707+0000] {processor.py:179} INFO - Processing /home/airflow/.local/lib/python3.8/site-packages/airflow/example_dags/example_short_circuit_decorator.py took 0.054 seconds
[2023-10-14T10:57:14.055+0000] {processor.py:157} INFO - Started process (PID=257) to work on /home/airflow/.local/lib/python3.8/site-packages/airflow/example_dags/example_short_circuit_decorator.py
[2023-10-14T10:57:14.056+0000] {processor.py:829} INFO - Processing file /home/airflow/.local/lib/python3.8/site-packages/airflow/example_dags/example_short_circuit_decorator.py for tasks to queue
[2023-10-14T10:57:14.058+0000] {logging_mixin.py:151} INFO - [2023-10-14T10:57:14.057+0000] {dagbag.py:536} INFO - Filling up the DagBag from /home/airflow/.local/lib/python3.8/site-packages/airflow/example_dags/example_short_circuit_decorator.py
[2023-10-14T10:57:14.064+0000] {processor.py:839} INFO - DAG(s) dict_keys(['example_short_circuit_decorator']) retrieved from /home/airflow/.local/lib/python3.8/site-packages/airflow/example_dags/example_short_circuit_decorator.py
[2023-10-14T10:57:14.079+0000] {logging_mixin.py:151} INFO - [2023-10-14T10:57:14.079+0000] {dag.py:2941} INFO - Sync 1 DAGs
[2023-10-14T10:57:14.093+0000] {logging_mixin.py:151} INFO - [2023-10-14T10:57:14.093+0000] {dag.py:3722} INFO - Setting next_dagrun for example_short_circuit_decorator to 2023-10-13T10:57:14.092945+00:00, run_after=2023-10-14T10:57:14.092945+00:00
[2023-10-14T10:57:14.101+0000] {processor.py:179} INFO - Processing /home/airflow/.local/lib/python3.8/site-packages/airflow/example_dags/example_short_circuit_decorator.py took 0.049 seconds
[2023-10-14T10:57:44.341+0000] {processor.py:157} INFO - Started process (PID=312) to work on /home/airflow/.local/lib/python3.8/site-packages/airflow/example_dags/example_short_circuit_decorator.py
[2023-10-14T10:57:44.342+0000] {processor.py:829} INFO - Processing file /home/airflow/.local/lib/python3.8/site-packages/airflow/example_dags/example_short_circuit_decorator.py for tasks to queue
[2023-10-14T10:57:44.344+0000] {logging_mixin.py:151} INFO - [2023-10-14T10:57:44.343+0000] {dagbag.py:536} INFO - Filling up the DagBag from /home/airflow/.local/lib/python3.8/site-packages/airflow/example_dags/example_short_circuit_decorator.py
[2023-10-14T10:57:44.349+0000] {processor.py:839} INFO - DAG(s) dict_keys(['example_short_circuit_decorator']) retrieved from /home/airflow/.local/lib/python3.8/site-packages/airflow/example_dags/example_short_circuit_decorator.py
[2023-10-14T10:57:44.363+0000] {logging_mixin.py:151} INFO - [2023-10-14T10:57:44.363+0000] {dag.py:2941} INFO - Sync 1 DAGs
[2023-10-14T10:57:44.375+0000] {logging_mixin.py:151} INFO - [2023-10-14T10:57:44.375+0000] {dag.py:3722} INFO - Setting next_dagrun for example_short_circuit_decorator to 2023-10-13T10:57:44.375030+00:00, run_after=2023-10-14T10:57:44.375030+00:00
[2023-10-14T10:57:44.384+0000] {processor.py:179} INFO - Processing /home/airflow/.local/lib/python3.8/site-packages/airflow/example_dags/example_short_circuit_decorator.py took 0.046 seconds
[2023-10-14T10:58:14.838+0000] {processor.py:157} INFO - Started process (PID=368) to work on /home/airflow/.local/lib/python3.8/site-packages/airflow/example_dags/example_short_circuit_decorator.py
[2023-10-14T10:58:14.838+0000] {processor.py:829} INFO - Processing file /home/airflow/.local/lib/python3.8/site-packages/airflow/example_dags/example_short_circuit_decorator.py for tasks to queue
[2023-10-14T10:58:14.840+0000] {logging_mixin.py:151} INFO - [2023-10-14T10:58:14.840+0000] {dagbag.py:536} INFO - Filling up the DagBag from /home/airflow/.local/lib/python3.8/site-packages/airflow/example_dags/example_short_circuit_decorator.py
[2023-10-14T10:58:14.845+0000] {processor.py:839} INFO - DAG(s) dict_keys(['example_short_circuit_decorator']) retrieved from /home/airflow/.local/lib/python3.8/site-packages/airflow/example_dags/example_short_circuit_decorator.py
[2023-10-14T10:58:14.858+0000] {logging_mixin.py:151} INFO - [2023-10-14T10:58:14.857+0000] {dag.py:2941} INFO - Sync 1 DAGs
[2023-10-14T10:58:14.868+0000] {logging_mixin.py:151} INFO - [2023-10-14T10:58:14.868+0000] {dag.py:3722} INFO - Setting next_dagrun for example_short_circuit_decorator to 2023-10-13T10:58:14.867985+00:00, run_after=2023-10-14T10:58:14.867985+00:00
[2023-10-14T10:58:14.876+0000] {processor.py:179} INFO - Processing /home/airflow/.local/lib/python3.8/site-packages/airflow/example_dags/example_short_circuit_decorator.py took 0.040 seconds
[2023-10-14T10:58:45.139+0000] {processor.py:157} INFO - Started process (PID=423) to work on /home/airflow/.local/lib/python3.8/site-packages/airflow/example_dags/example_short_circuit_decorator.py
[2023-10-14T10:58:45.139+0000] {processor.py:829} INFO - Processing file /home/airflow/.local/lib/python3.8/site-packages/airflow/example_dags/example_short_circuit_decorator.py for tasks to queue
[2023-10-14T10:58:45.141+0000] {logging_mixin.py:151} INFO - [2023-10-14T10:58:45.141+0000] {dagbag.py:536} INFO - Filling up the DagBag from /home/airflow/.local/lib/python3.8/site-packages/airflow/example_dags/example_short_circuit_decorator.py
[2023-10-14T10:58:45.146+0000] {processor.py:839} INFO - DAG(s) dict_keys(['example_short_circuit_decorator']) retrieved from /home/airflow/.local/lib/python3.8/site-packages/airflow/example_dags/example_short_circuit_decorator.py
[2023-10-14T10:58:45.159+0000] {logging_mixin.py:151} INFO - [2023-10-14T10:58:45.159+0000] {dag.py:2941} INFO - Sync 1 DAGs
[2023-10-14T10:58:45.169+0000] {logging_mixin.py:151} INFO - [2023-10-14T10:58:45.169+0000] {dag.py:3722} INFO - Setting next_dagrun for example_short_circuit_decorator to 2023-10-13T10:58:45.169146+00:00, run_after=2023-10-14T10:58:45.169146+00:00
[2023-10-14T10:58:45.177+0000] {processor.py:179} INFO - Processing /home/airflow/.local/lib/python3.8/site-packages/airflow/example_dags/example_short_circuit_decorator.py took 0.040 seconds
[2023-10-14T10:59:15.288+0000] {processor.py:157} INFO - Started process (PID=477) to work on /home/airflow/.local/lib/python3.8/site-packages/airflow/example_dags/example_short_circuit_decorator.py
[2023-10-14T10:59:15.289+0000] {processor.py:829} INFO - Processing file /home/airflow/.local/lib/python3.8/site-packages/airflow/example_dags/example_short_circuit_decorator.py for tasks to queue
[2023-10-14T10:59:15.296+0000] {logging_mixin.py:151} INFO - [2023-10-14T10:59:15.296+0000] {dagbag.py:536} INFO - Filling up the DagBag from /home/airflow/.local/lib/python3.8/site-packages/airflow/example_dags/example_short_circuit_decorator.py
[2023-10-14T10:59:15.324+0000] {processor.py:839} INFO - DAG(s) dict_keys(['example_short_circuit_decorator']) retrieved from /home/airflow/.local/lib/python3.8/site-packages/airflow/example_dags/example_short_circuit_decorator.py
[2023-10-14T10:59:15.371+0000] {logging_mixin.py:151} INFO - [2023-10-14T10:59:15.370+0000] {dag.py:2941} INFO - Sync 1 DAGs
[2023-10-14T10:59:15.410+0000] {logging_mixin.py:151} INFO - [2023-10-14T10:59:15.410+0000] {dag.py:3722} INFO - Setting next_dagrun for example_short_circuit_decorator to 2023-10-13T10:59:15.410323+00:00, run_after=2023-10-14T10:59:15.410323+00:00
[2023-10-14T10:59:15.427+0000] {processor.py:179} INFO - Processing /home/airflow/.local/lib/python3.8/site-packages/airflow/example_dags/example_short_circuit_decorator.py took 0.142 seconds
[2023-10-14T10:59:45.538+0000] {processor.py:157} INFO - Started process (PID=533) to work on /home/airflow/.local/lib/python3.8/site-packages/airflow/example_dags/example_short_circuit_decorator.py
[2023-10-14T10:59:45.538+0000] {processor.py:829} INFO - Processing file /home/airflow/.local/lib/python3.8/site-packages/airflow/example_dags/example_short_circuit_decorator.py for tasks to queue
[2023-10-14T10:59:45.541+0000] {logging_mixin.py:151} INFO - [2023-10-14T10:59:45.540+0000] {dagbag.py:536} INFO - Filling up the DagBag from /home/airflow/.local/lib/python3.8/site-packages/airflow/example_dags/example_short_circuit_decorator.py
[2023-10-14T10:59:45.547+0000] {processor.py:839} INFO - DAG(s) dict_keys(['example_short_circuit_decorator']) retrieved from /home/airflow/.local/lib/python3.8/site-packages/airflow/example_dags/example_short_circuit_decorator.py
[2023-10-14T10:59:45.563+0000] {logging_mixin.py:151} INFO - [2023-10-14T10:59:45.563+0000] {dag.py:2941} INFO - Sync 1 DAGs
[2023-10-14T10:59:45.578+0000] {logging_mixin.py:151} INFO - [2023-10-14T10:59:45.578+0000] {dag.py:3722} INFO - Setting next_dagrun for example_short_circuit_decorator to 2023-10-13T10:59:45.578304+00:00, run_after=2023-10-14T10:59:45.578304+00:00
[2023-10-14T10:59:45.588+0000] {processor.py:179} INFO - Processing /home/airflow/.local/lib/python3.8/site-packages/airflow/example_dags/example_short_circuit_decorator.py took 0.054 seconds
[2023-10-14T11:00:15.757+0000] {processor.py:157} INFO - Started process (PID=588) to work on /home/airflow/.local/lib/python3.8/site-packages/airflow/example_dags/example_short_circuit_decorator.py
[2023-10-14T11:00:15.758+0000] {processor.py:829} INFO - Processing file /home/airflow/.local/lib/python3.8/site-packages/airflow/example_dags/example_short_circuit_decorator.py for tasks to queue
[2023-10-14T11:00:15.760+0000] {logging_mixin.py:151} INFO - [2023-10-14T11:00:15.760+0000] {dagbag.py:536} INFO - Filling up the DagBag from /home/airflow/.local/lib/python3.8/site-packages/airflow/example_dags/example_short_circuit_decorator.py
[2023-10-14T11:00:15.766+0000] {processor.py:839} INFO - DAG(s) dict_keys(['example_short_circuit_decorator']) retrieved from /home/airflow/.local/lib/python3.8/site-packages/airflow/example_dags/example_short_circuit_decorator.py
[2023-10-14T11:00:15.781+0000] {logging_mixin.py:151} INFO - [2023-10-14T11:00:15.780+0000] {dag.py:2941} INFO - Sync 1 DAGs
[2023-10-14T11:00:15.793+0000] {logging_mixin.py:151} INFO - [2023-10-14T11:00:15.793+0000] {dag.py:3722} INFO - Setting next_dagrun for example_short_circuit_decorator to 2023-10-13T11:00:15.793274+00:00, run_after=2023-10-14T11:00:15.793274+00:00
[2023-10-14T11:00:15.804+0000] {processor.py:179} INFO - Processing /home/airflow/.local/lib/python3.8/site-packages/airflow/example_dags/example_short_circuit_decorator.py took 0.049 seconds
[2023-10-14T11:00:45.924+0000] {processor.py:157} INFO - Started process (PID=643) to work on /home/airflow/.local/lib/python3.8/site-packages/airflow/example_dags/example_short_circuit_decorator.py
[2023-10-14T11:00:45.925+0000] {processor.py:829} INFO - Processing file /home/airflow/.local/lib/python3.8/site-packages/airflow/example_dags/example_short_circuit_decorator.py for tasks to queue
[2023-10-14T11:00:45.926+0000] {logging_mixin.py:151} INFO - [2023-10-14T11:00:45.926+0000] {dagbag.py:536} INFO - Filling up the DagBag from /home/airflow/.local/lib/python3.8/site-packages/airflow/example_dags/example_short_circuit_decorator.py
[2023-10-14T11:00:45.932+0000] {processor.py:839} INFO - DAG(s) dict_keys(['example_short_circuit_decorator']) retrieved from /home/airflow/.local/lib/python3.8/site-packages/airflow/example_dags/example_short_circuit_decorator.py
[2023-10-14T11:00:45.947+0000] {logging_mixin.py:151} INFO - [2023-10-14T11:00:45.947+0000] {dag.py:2941} INFO - Sync 1 DAGs
[2023-10-14T11:00:45.957+0000] {logging_mixin.py:151} INFO - [2023-10-14T11:00:45.957+0000] {dag.py:3722} INFO - Setting next_dagrun for example_short_circuit_decorator to 2023-10-13T11:00:45.957710+00:00, run_after=2023-10-14T11:00:45.957710+00:00
[2023-10-14T11:00:45.968+0000] {processor.py:179} INFO - Processing /home/airflow/.local/lib/python3.8/site-packages/airflow/example_dags/example_short_circuit_decorator.py took 0.046 seconds
[2023-10-14T11:01:16.345+0000] {processor.py:157} INFO - Started process (PID=698) to work on /home/airflow/.local/lib/python3.8/site-packages/airflow/example_dags/example_short_circuit_decorator.py
[2023-10-14T11:01:16.346+0000] {processor.py:829} INFO - Processing file /home/airflow/.local/lib/python3.8/site-packages/airflow/example_dags/example_short_circuit_decorator.py for tasks to queue
[2023-10-14T11:01:16.347+0000] {logging_mixin.py:151} INFO - [2023-10-14T11:01:16.347+0000] {dagbag.py:536} INFO - Filling up the DagBag from /home/airflow/.local/lib/python3.8/site-packages/airflow/example_dags/example_short_circuit_decorator.py
[2023-10-14T11:01:16.353+0000] {processor.py:839} INFO - DAG(s) dict_keys(['example_short_circuit_decorator']) retrieved from /home/airflow/.local/lib/python3.8/site-packages/airflow/example_dags/example_short_circuit_decorator.py
[2023-10-14T11:01:16.367+0000] {logging_mixin.py:151} INFO - [2023-10-14T11:01:16.367+0000] {dag.py:2941} INFO - Sync 1 DAGs
[2023-10-14T11:01:16.380+0000] {logging_mixin.py:151} INFO - [2023-10-14T11:01:16.380+0000] {dag.py:3722} INFO - Setting next_dagrun for example_short_circuit_decorator to 2023-10-13T11:01:16.380674+00:00, run_after=2023-10-14T11:01:16.380674+00:00
[2023-10-14T11:01:16.391+0000] {processor.py:179} INFO - Processing /home/airflow/.local/lib/python3.8/site-packages/airflow/example_dags/example_short_circuit_decorator.py took 0.048 seconds
[2023-10-14T11:01:46.574+0000] {processor.py:157} INFO - Started process (PID=754) to work on /home/airflow/.local/lib/python3.8/site-packages/airflow/example_dags/example_short_circuit_decorator.py
[2023-10-14T11:01:46.575+0000] {processor.py:829} INFO - Processing file /home/airflow/.local/lib/python3.8/site-packages/airflow/example_dags/example_short_circuit_decorator.py for tasks to queue
[2023-10-14T11:01:46.577+0000] {logging_mixin.py:151} INFO - [2023-10-14T11:01:46.576+0000] {dagbag.py:536} INFO - Filling up the DagBag from /home/airflow/.local/lib/python3.8/site-packages/airflow/example_dags/example_short_circuit_decorator.py
[2023-10-14T11:01:46.582+0000] {processor.py:839} INFO - DAG(s) dict_keys(['example_short_circuit_decorator']) retrieved from /home/airflow/.local/lib/python3.8/site-packages/airflow/example_dags/example_short_circuit_decorator.py
[2023-10-14T11:01:46.596+0000] {logging_mixin.py:151} INFO - [2023-10-14T11:01:46.596+0000] {dag.py:2941} INFO - Sync 1 DAGs
[2023-10-14T11:01:46.608+0000] {logging_mixin.py:151} INFO - [2023-10-14T11:01:46.608+0000] {dag.py:3722} INFO - Setting next_dagrun for example_short_circuit_decorator to 2023-10-13T11:01:46.608187+00:00, run_after=2023-10-14T11:01:46.608187+00:00
[2023-10-14T11:01:46.618+0000] {processor.py:179} INFO - Processing /home/airflow/.local/lib/python3.8/site-packages/airflow/example_dags/example_short_circuit_decorator.py took 0.047 seconds
[2023-10-14T11:02:17.179+0000] {processor.py:157} INFO - Started process (PID=811) to work on /home/airflow/.local/lib/python3.8/site-packages/airflow/example_dags/example_short_circuit_decorator.py
[2023-10-14T11:02:17.180+0000] {processor.py:829} INFO - Processing file /home/airflow/.local/lib/python3.8/site-packages/airflow/example_dags/example_short_circuit_decorator.py for tasks to queue
[2023-10-14T11:02:17.182+0000] {logging_mixin.py:151} INFO - [2023-10-14T11:02:17.182+0000] {dagbag.py:536} INFO - Filling up the DagBag from /home/airflow/.local/lib/python3.8/site-packages/airflow/example_dags/example_short_circuit_decorator.py
[2023-10-14T11:02:17.188+0000] {processor.py:839} INFO - DAG(s) dict_keys(['example_short_circuit_decorator']) retrieved from /home/airflow/.local/lib/python3.8/site-packages/airflow/example_dags/example_short_circuit_decorator.py
[2023-10-14T11:02:17.201+0000] {logging_mixin.py:151} INFO - [2023-10-14T11:02:17.201+0000] {dag.py:2941} INFO - Sync 1 DAGs
[2023-10-14T11:02:17.212+0000] {logging_mixin.py:151} INFO - [2023-10-14T11:02:17.212+0000] {dag.py:3722} INFO - Setting next_dagrun for example_short_circuit_decorator to 2023-10-13T11:02:17.212607+00:00, run_after=2023-10-14T11:02:17.212607+00:00
[2023-10-14T11:02:17.221+0000] {processor.py:179} INFO - Processing /home/airflow/.local/lib/python3.8/site-packages/airflow/example_dags/example_short_circuit_decorator.py took 0.044 seconds
[2023-10-14T11:02:47.596+0000] {processor.py:157} INFO - Started process (PID=866) to work on /home/airflow/.local/lib/python3.8/site-packages/airflow/example_dags/example_short_circuit_decorator.py
[2023-10-14T11:02:47.597+0000] {processor.py:829} INFO - Processing file /home/airflow/.local/lib/python3.8/site-packages/airflow/example_dags/example_short_circuit_decorator.py for tasks to queue
[2023-10-14T11:02:47.598+0000] {logging_mixin.py:151} INFO - [2023-10-14T11:02:47.598+0000] {dagbag.py:536} INFO - Filling up the DagBag from /home/airflow/.local/lib/python3.8/site-packages/airflow/example_dags/example_short_circuit_decorator.py
[2023-10-14T11:02:47.603+0000] {processor.py:839} INFO - DAG(s) dict_keys(['example_short_circuit_decorator']) retrieved from /home/airflow/.local/lib/python3.8/site-packages/airflow/example_dags/example_short_circuit_decorator.py
[2023-10-14T11:02:47.617+0000] {logging_mixin.py:151} INFO - [2023-10-14T11:02:47.617+0000] {dag.py:2941} INFO - Sync 1 DAGs
[2023-10-14T11:02:47.627+0000] {logging_mixin.py:151} INFO - [2023-10-14T11:02:47.627+0000] {dag.py:3722} INFO - Setting next_dagrun for example_short_circuit_decorator to 2023-10-13T11:02:47.627759+00:00, run_after=2023-10-14T11:02:47.627759+00:00
[2023-10-14T11:02:47.637+0000] {processor.py:179} INFO - Processing /home/airflow/.local/lib/python3.8/site-packages/airflow/example_dags/example_short_circuit_decorator.py took 0.043 seconds
[2023-10-14T11:03:17.990+0000] {processor.py:157} INFO - Started process (PID=922) to work on /home/airflow/.local/lib/python3.8/site-packages/airflow/example_dags/example_short_circuit_decorator.py
[2023-10-14T11:03:17.991+0000] {processor.py:829} INFO - Processing file /home/airflow/.local/lib/python3.8/site-packages/airflow/example_dags/example_short_circuit_decorator.py for tasks to queue
[2023-10-14T11:03:17.992+0000] {logging_mixin.py:151} INFO - [2023-10-14T11:03:17.992+0000] {dagbag.py:536} INFO - Filling up the DagBag from /home/airflow/.local/lib/python3.8/site-packages/airflow/example_dags/example_short_circuit_decorator.py
[2023-10-14T11:03:17.998+0000] {processor.py:839} INFO - DAG(s) dict_keys(['example_short_circuit_decorator']) retrieved from /home/airflow/.local/lib/python3.8/site-packages/airflow/example_dags/example_short_circuit_decorator.py
[2023-10-14T11:03:18.011+0000] {logging_mixin.py:151} INFO - [2023-10-14T11:03:18.011+0000] {dag.py:2941} INFO - Sync 1 DAGs
[2023-10-14T11:03:18.021+0000] {logging_mixin.py:151} INFO - [2023-10-14T11:03:18.021+0000] {dag.py:3722} INFO - Setting next_dagrun for example_short_circuit_decorator to 2023-10-13T11:03:18.021404+00:00, run_after=2023-10-14T11:03:18.021404+00:00
[2023-10-14T11:03:18.030+0000] {processor.py:179} INFO - Processing /home/airflow/.local/lib/python3.8/site-packages/airflow/example_dags/example_short_circuit_decorator.py took 0.042 seconds
[2023-10-14T11:03:48.353+0000] {processor.py:157} INFO - Started process (PID=977) to work on /home/airflow/.local/lib/python3.8/site-packages/airflow/example_dags/example_short_circuit_decorator.py
[2023-10-14T11:03:48.354+0000] {processor.py:829} INFO - Processing file /home/airflow/.local/lib/python3.8/site-packages/airflow/example_dags/example_short_circuit_decorator.py for tasks to queue
[2023-10-14T11:03:48.356+0000] {logging_mixin.py:151} INFO - [2023-10-14T11:03:48.355+0000] {dagbag.py:536} INFO - Filling up the DagBag from /home/airflow/.local/lib/python3.8/site-packages/airflow/example_dags/example_short_circuit_decorator.py
[2023-10-14T11:03:48.361+0000] {processor.py:839} INFO - DAG(s) dict_keys(['example_short_circuit_decorator']) retrieved from /home/airflow/.local/lib/python3.8/site-packages/airflow/example_dags/example_short_circuit_decorator.py
[2023-10-14T11:03:48.376+0000] {logging_mixin.py:151} INFO - [2023-10-14T11:03:48.375+0000] {dag.py:2941} INFO - Sync 1 DAGs
[2023-10-14T11:03:48.386+0000] {logging_mixin.py:151} INFO - [2023-10-14T11:03:48.386+0000] {dag.py:3722} INFO - Setting next_dagrun for example_short_circuit_decorator to 2023-10-13T11:03:48.386214+00:00, run_after=2023-10-14T11:03:48.386214+00:00
[2023-10-14T11:03:48.395+0000] {processor.py:179} INFO - Processing /home/airflow/.local/lib/python3.8/site-packages/airflow/example_dags/example_short_circuit_decorator.py took 0.045 seconds
[2023-10-14T11:04:18.920+0000] {processor.py:157} INFO - Started process (PID=1033) to work on /home/airflow/.local/lib/python3.8/site-packages/airflow/example_dags/example_short_circuit_decorator.py
[2023-10-14T11:04:18.921+0000] {processor.py:829} INFO - Processing file /home/airflow/.local/lib/python3.8/site-packages/airflow/example_dags/example_short_circuit_decorator.py for tasks to queue
[2023-10-14T11:04:18.924+0000] {logging_mixin.py:151} INFO - [2023-10-14T11:04:18.923+0000] {dagbag.py:536} INFO - Filling up the DagBag from /home/airflow/.local/lib/python3.8/site-packages/airflow/example_dags/example_short_circuit_decorator.py
[2023-10-14T11:04:18.932+0000] {processor.py:839} INFO - DAG(s) dict_keys(['example_short_circuit_decorator']) retrieved from /home/airflow/.local/lib/python3.8/site-packages/airflow/example_dags/example_short_circuit_decorator.py
[2023-10-14T11:04:18.962+0000] {logging_mixin.py:151} INFO - [2023-10-14T11:04:18.961+0000] {dag.py:2941} INFO - Sync 1 DAGs
[2023-10-14T11:04:18.978+0000] {logging_mixin.py:151} INFO - [2023-10-14T11:04:18.978+0000] {dag.py:3722} INFO - Setting next_dagrun for example_short_circuit_decorator to 2023-10-13T11:04:18.978572+00:00, run_after=2023-10-14T11:04:18.978572+00:00
[2023-10-14T11:04:18.990+0000] {processor.py:179} INFO - Processing /home/airflow/.local/lib/python3.8/site-packages/airflow/example_dags/example_short_circuit_decorator.py took 0.073 seconds
[2023-10-14T11:04:49.218+0000] {processor.py:157} INFO - Started process (PID=1088) to work on /home/airflow/.local/lib/python3.8/site-packages/airflow/example_dags/example_short_circuit_decorator.py
[2023-10-14T11:04:49.218+0000] {processor.py:829} INFO - Processing file /home/airflow/.local/lib/python3.8/site-packages/airflow/example_dags/example_short_circuit_decorator.py for tasks to queue
[2023-10-14T11:04:49.220+0000] {logging_mixin.py:151} INFO - [2023-10-14T11:04:49.220+0000] {dagbag.py:536} INFO - Filling up the DagBag from /home/airflow/.local/lib/python3.8/site-packages/airflow/example_dags/example_short_circuit_decorator.py
[2023-10-14T11:04:49.225+0000] {processor.py:839} INFO - DAG(s) dict_keys(['example_short_circuit_decorator']) retrieved from /home/airflow/.local/lib/python3.8/site-packages/airflow/example_dags/example_short_circuit_decorator.py
[2023-10-14T11:04:49.238+0000] {logging_mixin.py:151} INFO - [2023-10-14T11:04:49.238+0000] {dag.py:2941} INFO - Sync 1 DAGs
[2023-10-14T11:04:49.250+0000] {logging_mixin.py:151} INFO - [2023-10-14T11:04:49.250+0000] {dag.py:3722} INFO - Setting next_dagrun for example_short_circuit_decorator to 2023-10-13T11:04:49.250178+00:00, run_after=2023-10-14T11:04:49.250178+00:00
[2023-10-14T11:04:49.259+0000] {processor.py:179} INFO - Processing /home/airflow/.local/lib/python3.8/site-packages/airflow/example_dags/example_short_circuit_decorator.py took 0.044 seconds
[2023-10-14T11:05:19.503+0000] {processor.py:157} INFO - Started process (PID=1143) to work on /home/airflow/.local/lib/python3.8/site-packages/airflow/example_dags/example_short_circuit_decorator.py
[2023-10-14T11:05:19.504+0000] {processor.py:829} INFO - Processing file /home/airflow/.local/lib/python3.8/site-packages/airflow/example_dags/example_short_circuit_decorator.py for tasks to queue
[2023-10-14T11:05:19.506+0000] {logging_mixin.py:151} INFO - [2023-10-14T11:05:19.506+0000] {dagbag.py:536} INFO - Filling up the DagBag from /home/airflow/.local/lib/python3.8/site-packages/airflow/example_dags/example_short_circuit_decorator.py
[2023-10-14T11:05:19.511+0000] {processor.py:839} INFO - DAG(s) dict_keys(['example_short_circuit_decorator']) retrieved from /home/airflow/.local/lib/python3.8/site-packages/airflow/example_dags/example_short_circuit_decorator.py
[2023-10-14T11:05:19.526+0000] {logging_mixin.py:151} INFO - [2023-10-14T11:05:19.525+0000] {dag.py:2941} INFO - Sync 1 DAGs
[2023-10-14T11:05:19.538+0000] {logging_mixin.py:151} INFO - [2023-10-14T11:05:19.538+0000] {dag.py:3722} INFO - Setting next_dagrun for example_short_circuit_decorator to 2023-10-13T11:05:19.538044+00:00, run_after=2023-10-14T11:05:19.538044+00:00
[2023-10-14T11:05:19.548+0000] {processor.py:179} INFO - Processing /home/airflow/.local/lib/python3.8/site-packages/airflow/example_dags/example_short_circuit_decorator.py took 0.047 seconds
[2023-10-14T11:05:50.344+0000] {processor.py:157} INFO - Started process (PID=1198) to work on /home/airflow/.local/lib/python3.8/site-packages/airflow/example_dags/example_short_circuit_decorator.py
[2023-10-14T11:05:50.345+0000] {processor.py:829} INFO - Processing file /home/airflow/.local/lib/python3.8/site-packages/airflow/example_dags/example_short_circuit_decorator.py for tasks to queue
[2023-10-14T11:05:50.346+0000] {logging_mixin.py:151} INFO - [2023-10-14T11:05:50.346+0000] {dagbag.py:536} INFO - Filling up the DagBag from /home/airflow/.local/lib/python3.8/site-packages/airflow/example_dags/example_short_circuit_decorator.py
[2023-10-14T11:05:50.352+0000] {processor.py:839} INFO - DAG(s) dict_keys(['example_short_circuit_decorator']) retrieved from /home/airflow/.local/lib/python3.8/site-packages/airflow/example_dags/example_short_circuit_decorator.py
[2023-10-14T11:05:50.366+0000] {logging_mixin.py:151} INFO - [2023-10-14T11:05:50.365+0000] {dag.py:2941} INFO - Sync 1 DAGs
[2023-10-14T11:05:50.377+0000] {logging_mixin.py:151} INFO - [2023-10-14T11:05:50.377+0000] {dag.py:3722} INFO - Setting next_dagrun for example_short_circuit_decorator to 2023-10-13T11:05:50.377290+00:00, run_after=2023-10-14T11:05:50.377290+00:00
[2023-10-14T11:05:50.386+0000] {processor.py:179} INFO - Processing /home/airflow/.local/lib/python3.8/site-packages/airflow/example_dags/example_short_circuit_decorator.py took 0.044 seconds
[2023-10-14T11:06:20.785+0000] {processor.py:157} INFO - Started process (PID=1254) to work on /home/airflow/.local/lib/python3.8/site-packages/airflow/example_dags/example_short_circuit_decorator.py
[2023-10-14T11:06:20.786+0000] {processor.py:829} INFO - Processing file /home/airflow/.local/lib/python3.8/site-packages/airflow/example_dags/example_short_circuit_decorator.py for tasks to queue
[2023-10-14T11:06:20.788+0000] {logging_mixin.py:151} INFO - [2023-10-14T11:06:20.787+0000] {dagbag.py:536} INFO - Filling up the DagBag from /home/airflow/.local/lib/python3.8/site-packages/airflow/example_dags/example_short_circuit_decorator.py
[2023-10-14T11:06:20.793+0000] {processor.py:839} INFO - DAG(s) dict_keys(['example_short_circuit_decorator']) retrieved from /home/airflow/.local/lib/python3.8/site-packages/airflow/example_dags/example_short_circuit_decorator.py
[2023-10-14T11:06:20.807+0000] {logging_mixin.py:151} INFO - [2023-10-14T11:06:20.806+0000] {dag.py:2941} INFO - Sync 1 DAGs
[2023-10-14T11:06:20.818+0000] {logging_mixin.py:151} INFO - [2023-10-14T11:06:20.818+0000] {dag.py:3722} INFO - Setting next_dagrun for example_short_circuit_decorator to 2023-10-13T11:06:20.818292+00:00, run_after=2023-10-14T11:06:20.818292+00:00
[2023-10-14T11:06:20.827+0000] {processor.py:179} INFO - Processing /home/airflow/.local/lib/python3.8/site-packages/airflow/example_dags/example_short_circuit_decorator.py took 0.045 seconds
[2023-10-14T11:06:51.162+0000] {processor.py:157} INFO - Started process (PID=1309) to work on /home/airflow/.local/lib/python3.8/site-packages/airflow/example_dags/example_short_circuit_decorator.py
[2023-10-14T11:06:51.163+0000] {processor.py:829} INFO - Processing file /home/airflow/.local/lib/python3.8/site-packages/airflow/example_dags/example_short_circuit_decorator.py for tasks to queue
[2023-10-14T11:06:51.165+0000] {logging_mixin.py:151} INFO - [2023-10-14T11:06:51.165+0000] {dagbag.py:536} INFO - Filling up the DagBag from /home/airflow/.local/lib/python3.8/site-packages/airflow/example_dags/example_short_circuit_decorator.py
[2023-10-14T11:06:51.170+0000] {processor.py:839} INFO - DAG(s) dict_keys(['example_short_circuit_decorator']) retrieved from /home/airflow/.local/lib/python3.8/site-packages/airflow/example_dags/example_short_circuit_decorator.py
[2023-10-14T11:06:51.184+0000] {logging_mixin.py:151} INFO - [2023-10-14T11:06:51.184+0000] {dag.py:2941} INFO - Sync 1 DAGs
[2023-10-14T11:06:51.195+0000] {logging_mixin.py:151} INFO - [2023-10-14T11:06:51.195+0000] {dag.py:3722} INFO - Setting next_dagrun for example_short_circuit_decorator to 2023-10-13T11:06:51.195313+00:00, run_after=2023-10-14T11:06:51.195313+00:00
[2023-10-14T11:06:51.205+0000] {processor.py:179} INFO - Processing /home/airflow/.local/lib/python3.8/site-packages/airflow/example_dags/example_short_circuit_decorator.py took 0.044 seconds
[2023-10-14T11:07:23.549+0000] {processor.py:157} INFO - Started process (PID=1368) to work on /home/airflow/.local/lib/python3.8/site-packages/airflow/example_dags/example_short_circuit_decorator.py
[2023-10-14T11:07:23.551+0000] {processor.py:829} INFO - Processing file /home/airflow/.local/lib/python3.8/site-packages/airflow/example_dags/example_short_circuit_decorator.py for tasks to queue
[2023-10-14T11:07:23.556+0000] {logging_mixin.py:151} INFO - [2023-10-14T11:07:23.555+0000] {dagbag.py:536} INFO - Filling up the DagBag from /home/airflow/.local/lib/python3.8/site-packages/airflow/example_dags/example_short_circuit_decorator.py
[2023-10-14T11:07:23.577+0000] {processor.py:839} INFO - DAG(s) dict_keys(['example_short_circuit_decorator']) retrieved from /home/airflow/.local/lib/python3.8/site-packages/airflow/example_dags/example_short_circuit_decorator.py
[2023-10-14T11:07:23.657+0000] {logging_mixin.py:151} INFO - [2023-10-14T11:07:23.656+0000] {dag.py:2941} INFO - Sync 1 DAGs
[2023-10-14T11:07:23.700+0000] {logging_mixin.py:151} INFO - [2023-10-14T11:07:23.700+0000] {dag.py:3722} INFO - Setting next_dagrun for example_short_circuit_decorator to 2023-10-13T11:07:23.698307+00:00, run_after=2023-10-14T11:07:23.698307+00:00
[2023-10-14T11:07:23.733+0000] {processor.py:179} INFO - Processing /home/airflow/.local/lib/python3.8/site-packages/airflow/example_dags/example_short_circuit_decorator.py took 0.204 seconds
[2023-10-14T11:07:54.288+0000] {processor.py:157} INFO - Started process (PID=1423) to work on /home/airflow/.local/lib/python3.8/site-packages/airflow/example_dags/example_short_circuit_decorator.py
[2023-10-14T11:07:54.289+0000] {processor.py:829} INFO - Processing file /home/airflow/.local/lib/python3.8/site-packages/airflow/example_dags/example_short_circuit_decorator.py for tasks to queue
[2023-10-14T11:07:54.291+0000] {logging_mixin.py:151} INFO - [2023-10-14T11:07:54.291+0000] {dagbag.py:536} INFO - Filling up the DagBag from /home/airflow/.local/lib/python3.8/site-packages/airflow/example_dags/example_short_circuit_decorator.py
[2023-10-14T11:07:54.297+0000] {processor.py:839} INFO - DAG(s) dict_keys(['example_short_circuit_decorator']) retrieved from /home/airflow/.local/lib/python3.8/site-packages/airflow/example_dags/example_short_circuit_decorator.py
[2023-10-14T11:07:54.310+0000] {logging_mixin.py:151} INFO - [2023-10-14T11:07:54.310+0000] {dag.py:2941} INFO - Sync 1 DAGs
[2023-10-14T11:07:54.321+0000] {logging_mixin.py:151} INFO - [2023-10-14T11:07:54.321+0000] {dag.py:3722} INFO - Setting next_dagrun for example_short_circuit_decorator to 2023-10-13T11:07:54.320883+00:00, run_after=2023-10-14T11:07:54.320883+00:00
[2023-10-14T11:07:54.330+0000] {processor.py:179} INFO - Processing /home/airflow/.local/lib/python3.8/site-packages/airflow/example_dags/example_short_circuit_decorator.py took 0.043 seconds
[2023-10-14T11:08:24.989+0000] {processor.py:157} INFO - Started process (PID=1478) to work on /home/airflow/.local/lib/python3.8/site-packages/airflow/example_dags/example_short_circuit_decorator.py
[2023-10-14T11:08:24.990+0000] {processor.py:829} INFO - Processing file /home/airflow/.local/lib/python3.8/site-packages/airflow/example_dags/example_short_circuit_decorator.py for tasks to queue
[2023-10-14T11:08:24.992+0000] {logging_mixin.py:151} INFO - [2023-10-14T11:08:24.991+0000] {dagbag.py:536} INFO - Filling up the DagBag from /home/airflow/.local/lib/python3.8/site-packages/airflow/example_dags/example_short_circuit_decorator.py
[2023-10-14T11:08:25.000+0000] {processor.py:839} INFO - DAG(s) dict_keys(['example_short_circuit_decorator']) retrieved from /home/airflow/.local/lib/python3.8/site-packages/airflow/example_dags/example_short_circuit_decorator.py
[2023-10-14T11:08:25.017+0000] {logging_mixin.py:151} INFO - [2023-10-14T11:08:25.017+0000] {dag.py:2941} INFO - Sync 1 DAGs
[2023-10-14T11:08:25.029+0000] {logging_mixin.py:151} INFO - [2023-10-14T11:08:25.028+0000] {dag.py:3722} INFO - Setting next_dagrun for example_short_circuit_decorator to 2023-10-13T11:08:25.028809+00:00, run_after=2023-10-14T11:08:25.028809+00:00
[2023-10-14T11:08:25.038+0000] {processor.py:179} INFO - Processing /home/airflow/.local/lib/python3.8/site-packages/airflow/example_dags/example_short_circuit_decorator.py took 0.052 seconds
[2023-10-14T11:08:55.655+0000] {processor.py:157} INFO - Started process (PID=1533) to work on /home/airflow/.local/lib/python3.8/site-packages/airflow/example_dags/example_short_circuit_decorator.py
[2023-10-14T11:08:55.656+0000] {processor.py:829} INFO - Processing file /home/airflow/.local/lib/python3.8/site-packages/airflow/example_dags/example_short_circuit_decorator.py for tasks to queue
[2023-10-14T11:08:55.658+0000] {logging_mixin.py:151} INFO - [2023-10-14T11:08:55.658+0000] {dagbag.py:536} INFO - Filling up the DagBag from /home/airflow/.local/lib/python3.8/site-packages/airflow/example_dags/example_short_circuit_decorator.py
[2023-10-14T11:08:55.664+0000] {processor.py:839} INFO - DAG(s) dict_keys(['example_short_circuit_decorator']) retrieved from /home/airflow/.local/lib/python3.8/site-packages/airflow/example_dags/example_short_circuit_decorator.py
[2023-10-14T11:08:55.680+0000] {logging_mixin.py:151} INFO - [2023-10-14T11:08:55.680+0000] {dag.py:2941} INFO - Sync 1 DAGs
[2023-10-14T11:08:55.694+0000] {logging_mixin.py:151} INFO - [2023-10-14T11:08:55.694+0000] {dag.py:3722} INFO - Setting next_dagrun for example_short_circuit_decorator to 2023-10-13T11:08:55.694467+00:00, run_after=2023-10-14T11:08:55.694467+00:00
[2023-10-14T11:08:55.705+0000] {processor.py:179} INFO - Processing /home/airflow/.local/lib/python3.8/site-packages/airflow/example_dags/example_short_circuit_decorator.py took 0.053 seconds
[2023-10-14T11:09:26.588+0000] {processor.py:157} INFO - Started process (PID=1586) to work on /home/airflow/.local/lib/python3.8/site-packages/airflow/example_dags/example_short_circuit_decorator.py
[2023-10-14T11:09:26.590+0000] {processor.py:829} INFO - Processing file /home/airflow/.local/lib/python3.8/site-packages/airflow/example_dags/example_short_circuit_decorator.py for tasks to queue
[2023-10-14T11:09:26.591+0000] {logging_mixin.py:151} INFO - [2023-10-14T11:09:26.591+0000] {dagbag.py:536} INFO - Filling up the DagBag from /home/airflow/.local/lib/python3.8/site-packages/airflow/example_dags/example_short_circuit_decorator.py
[2023-10-14T11:09:26.598+0000] {processor.py:839} INFO - DAG(s) dict_keys(['example_short_circuit_decorator']) retrieved from /home/airflow/.local/lib/python3.8/site-packages/airflow/example_dags/example_short_circuit_decorator.py
[2023-10-14T11:09:26.613+0000] {logging_mixin.py:151} INFO - [2023-10-14T11:09:26.613+0000] {dag.py:2941} INFO - Sync 1 DAGs
[2023-10-14T11:09:26.625+0000] {logging_mixin.py:151} INFO - [2023-10-14T11:09:26.625+0000] {dag.py:3722} INFO - Setting next_dagrun for example_short_circuit_decorator to 2023-10-13T11:09:26.625248+00:00, run_after=2023-10-14T11:09:26.625248+00:00
[2023-10-14T11:09:26.635+0000] {processor.py:179} INFO - Processing /home/airflow/.local/lib/python3.8/site-packages/airflow/example_dags/example_short_circuit_decorator.py took 0.049 seconds
