[2023-10-14T10:55:12.609+0000] {processor.py:157} INFO - Started process (PID=38) to work on /home/airflow/.local/lib/python3.8/site-packages/airflow/example_dags/example_branch_operator.py
[2023-10-14T10:55:12.627+0000] {processor.py:829} INFO - Processing file /home/airflow/.local/lib/python3.8/site-packages/airflow/example_dags/example_branch_operator.py for tasks to queue
[2023-10-14T10:55:12.657+0000] {logging_mixin.py:151} INFO - [2023-10-14T10:55:12.657+0000] {dagbag.py:536} INFO - Filling up the DagBag from /home/airflow/.local/lib/python3.8/site-packages/airflow/example_dags/example_branch_operator.py
[2023-10-14T10:55:12.711+0000] {processor.py:839} INFO - DAG(s) dict_keys(['example_branch_operator']) retrieved from /home/airflow/.local/lib/python3.8/site-packages/airflow/example_dags/example_branch_operator.py
[2023-10-14T10:55:12.749+0000] {logging_mixin.py:151} INFO - [2023-10-14T10:55:12.748+0000] {dag.py:2941} INFO - Sync 1 DAGs
[2023-10-14T10:55:12.838+0000] {logging_mixin.py:151} INFO - [2023-10-14T10:55:12.838+0000] {dag.py:3722} INFO - Setting next_dagrun for example_branch_operator to 2023-10-13T00:00:00+00:00, run_after=2023-10-14T00:00:00+00:00
[2023-10-14T10:55:12.901+0000] {processor.py:179} INFO - Processing /home/airflow/.local/lib/python3.8/site-packages/airflow/example_dags/example_branch_operator.py took 0.311 seconds
[2023-10-14T10:55:42.947+0000] {processor.py:157} INFO - Started process (PID=93) to work on /home/airflow/.local/lib/python3.8/site-packages/airflow/example_dags/example_branch_operator.py
[2023-10-14T10:55:42.947+0000] {processor.py:829} INFO - Processing file /home/airflow/.local/lib/python3.8/site-packages/airflow/example_dags/example_branch_operator.py for tasks to queue
[2023-10-14T10:55:42.949+0000] {logging_mixin.py:151} INFO - [2023-10-14T10:55:42.949+0000] {dagbag.py:536} INFO - Filling up the DagBag from /home/airflow/.local/lib/python3.8/site-packages/airflow/example_dags/example_branch_operator.py
[2023-10-14T10:55:42.955+0000] {processor.py:839} INFO - DAG(s) dict_keys(['example_branch_operator']) retrieved from /home/airflow/.local/lib/python3.8/site-packages/airflow/example_dags/example_branch_operator.py
[2023-10-14T10:55:42.968+0000] {logging_mixin.py:151} INFO - [2023-10-14T10:55:42.968+0000] {dag.py:2941} INFO - Sync 1 DAGs
[2023-10-14T10:55:42.979+0000] {logging_mixin.py:151} INFO - [2023-10-14T10:55:42.979+0000] {dag.py:3722} INFO - Setting next_dagrun for example_branch_operator to 2023-10-13T00:00:00+00:00, run_after=2023-10-14T00:00:00+00:00
[2023-10-14T10:55:42.988+0000] {processor.py:179} INFO - Processing /home/airflow/.local/lib/python3.8/site-packages/airflow/example_dags/example_branch_operator.py took 0.044 seconds
[2023-10-14T10:56:13.445+0000] {processor.py:157} INFO - Started process (PID=148) to work on /home/airflow/.local/lib/python3.8/site-packages/airflow/example_dags/example_branch_operator.py
[2023-10-14T10:56:13.446+0000] {processor.py:829} INFO - Processing file /home/airflow/.local/lib/python3.8/site-packages/airflow/example_dags/example_branch_operator.py for tasks to queue
[2023-10-14T10:56:13.448+0000] {logging_mixin.py:151} INFO - [2023-10-14T10:56:13.447+0000] {dagbag.py:536} INFO - Filling up the DagBag from /home/airflow/.local/lib/python3.8/site-packages/airflow/example_dags/example_branch_operator.py
[2023-10-14T10:56:13.454+0000] {processor.py:839} INFO - DAG(s) dict_keys(['example_branch_operator']) retrieved from /home/airflow/.local/lib/python3.8/site-packages/airflow/example_dags/example_branch_operator.py
[2023-10-14T10:56:13.469+0000] {logging_mixin.py:151} INFO - [2023-10-14T10:56:13.469+0000] {dag.py:2941} INFO - Sync 1 DAGs
[2023-10-14T10:56:13.484+0000] {logging_mixin.py:151} INFO - [2023-10-14T10:56:13.484+0000] {dag.py:3722} INFO - Setting next_dagrun for example_branch_operator to 2023-10-13T00:00:00+00:00, run_after=2023-10-14T00:00:00+00:00
[2023-10-14T10:56:13.498+0000] {processor.py:179} INFO - Processing /home/airflow/.local/lib/python3.8/site-packages/airflow/example_dags/example_branch_operator.py took 0.056 seconds
[2023-10-14T10:56:43.721+0000] {processor.py:157} INFO - Started process (PID=203) to work on /home/airflow/.local/lib/python3.8/site-packages/airflow/example_dags/example_branch_operator.py
[2023-10-14T10:56:43.722+0000] {processor.py:829} INFO - Processing file /home/airflow/.local/lib/python3.8/site-packages/airflow/example_dags/example_branch_operator.py for tasks to queue
[2023-10-14T10:56:43.724+0000] {logging_mixin.py:151} INFO - [2023-10-14T10:56:43.723+0000] {dagbag.py:536} INFO - Filling up the DagBag from /home/airflow/.local/lib/python3.8/site-packages/airflow/example_dags/example_branch_operator.py
[2023-10-14T10:56:43.730+0000] {processor.py:839} INFO - DAG(s) dict_keys(['example_branch_operator']) retrieved from /home/airflow/.local/lib/python3.8/site-packages/airflow/example_dags/example_branch_operator.py
[2023-10-14T10:56:43.743+0000] {logging_mixin.py:151} INFO - [2023-10-14T10:56:43.743+0000] {dag.py:2941} INFO - Sync 1 DAGs
[2023-10-14T10:56:43.755+0000] {logging_mixin.py:151} INFO - [2023-10-14T10:56:43.755+0000] {dag.py:3722} INFO - Setting next_dagrun for example_branch_operator to 2023-10-13T00:00:00+00:00, run_after=2023-10-14T00:00:00+00:00
[2023-10-14T10:56:43.764+0000] {processor.py:179} INFO - Processing /home/airflow/.local/lib/python3.8/site-packages/airflow/example_dags/example_branch_operator.py took 0.045 seconds
[2023-10-14T10:57:14.115+0000] {processor.py:157} INFO - Started process (PID=258) to work on /home/airflow/.local/lib/python3.8/site-packages/airflow/example_dags/example_branch_operator.py
[2023-10-14T10:57:14.116+0000] {processor.py:829} INFO - Processing file /home/airflow/.local/lib/python3.8/site-packages/airflow/example_dags/example_branch_operator.py for tasks to queue
[2023-10-14T10:57:14.117+0000] {logging_mixin.py:151} INFO - [2023-10-14T10:57:14.117+0000] {dagbag.py:536} INFO - Filling up the DagBag from /home/airflow/.local/lib/python3.8/site-packages/airflow/example_dags/example_branch_operator.py
[2023-10-14T10:57:14.123+0000] {processor.py:839} INFO - DAG(s) dict_keys(['example_branch_operator']) retrieved from /home/airflow/.local/lib/python3.8/site-packages/airflow/example_dags/example_branch_operator.py
[2023-10-14T10:57:14.136+0000] {logging_mixin.py:151} INFO - [2023-10-14T10:57:14.136+0000] {dag.py:2941} INFO - Sync 1 DAGs
[2023-10-14T10:57:14.148+0000] {logging_mixin.py:151} INFO - [2023-10-14T10:57:14.148+0000] {dag.py:3722} INFO - Setting next_dagrun for example_branch_operator to 2023-10-13T00:00:00+00:00, run_after=2023-10-14T00:00:00+00:00
[2023-10-14T10:57:14.157+0000] {processor.py:179} INFO - Processing /home/airflow/.local/lib/python3.8/site-packages/airflow/example_dags/example_branch_operator.py took 0.044 seconds
[2023-10-14T10:57:44.399+0000] {processor.py:157} INFO - Started process (PID=313) to work on /home/airflow/.local/lib/python3.8/site-packages/airflow/example_dags/example_branch_operator.py
[2023-10-14T10:57:44.400+0000] {processor.py:829} INFO - Processing file /home/airflow/.local/lib/python3.8/site-packages/airflow/example_dags/example_branch_operator.py for tasks to queue
[2023-10-14T10:57:44.402+0000] {logging_mixin.py:151} INFO - [2023-10-14T10:57:44.401+0000] {dagbag.py:536} INFO - Filling up the DagBag from /home/airflow/.local/lib/python3.8/site-packages/airflow/example_dags/example_branch_operator.py
[2023-10-14T10:57:44.408+0000] {processor.py:839} INFO - DAG(s) dict_keys(['example_branch_operator']) retrieved from /home/airflow/.local/lib/python3.8/site-packages/airflow/example_dags/example_branch_operator.py
[2023-10-14T10:57:44.423+0000] {logging_mixin.py:151} INFO - [2023-10-14T10:57:44.423+0000] {dag.py:2941} INFO - Sync 1 DAGs
[2023-10-14T10:57:44.435+0000] {logging_mixin.py:151} INFO - [2023-10-14T10:57:44.435+0000] {dag.py:3722} INFO - Setting next_dagrun for example_branch_operator to 2023-10-13T00:00:00+00:00, run_after=2023-10-14T00:00:00+00:00
[2023-10-14T10:57:44.445+0000] {processor.py:179} INFO - Processing /home/airflow/.local/lib/python3.8/site-packages/airflow/example_dags/example_branch_operator.py took 0.049 seconds
[2023-10-14T10:58:14.889+0000] {processor.py:157} INFO - Started process (PID=369) to work on /home/airflow/.local/lib/python3.8/site-packages/airflow/example_dags/example_branch_operator.py
[2023-10-14T10:58:14.890+0000] {processor.py:829} INFO - Processing file /home/airflow/.local/lib/python3.8/site-packages/airflow/example_dags/example_branch_operator.py for tasks to queue
[2023-10-14T10:58:14.891+0000] {logging_mixin.py:151} INFO - [2023-10-14T10:58:14.891+0000] {dagbag.py:536} INFO - Filling up the DagBag from /home/airflow/.local/lib/python3.8/site-packages/airflow/example_dags/example_branch_operator.py
[2023-10-14T10:58:14.897+0000] {processor.py:839} INFO - DAG(s) dict_keys(['example_branch_operator']) retrieved from /home/airflow/.local/lib/python3.8/site-packages/airflow/example_dags/example_branch_operator.py
[2023-10-14T10:58:14.910+0000] {logging_mixin.py:151} INFO - [2023-10-14T10:58:14.910+0000] {dag.py:2941} INFO - Sync 1 DAGs
[2023-10-14T10:58:14.921+0000] {logging_mixin.py:151} INFO - [2023-10-14T10:58:14.921+0000] {dag.py:3722} INFO - Setting next_dagrun for example_branch_operator to 2023-10-13T00:00:00+00:00, run_after=2023-10-14T00:00:00+00:00
[2023-10-14T10:58:14.930+0000] {processor.py:179} INFO - Processing /home/airflow/.local/lib/python3.8/site-packages/airflow/example_dags/example_branch_operator.py took 0.043 seconds
[2023-10-14T10:58:45.189+0000] {processor.py:157} INFO - Started process (PID=424) to work on /home/airflow/.local/lib/python3.8/site-packages/airflow/example_dags/example_branch_operator.py
[2023-10-14T10:58:45.190+0000] {processor.py:829} INFO - Processing file /home/airflow/.local/lib/python3.8/site-packages/airflow/example_dags/example_branch_operator.py for tasks to queue
[2023-10-14T10:58:45.192+0000] {logging_mixin.py:151} INFO - [2023-10-14T10:58:45.191+0000] {dagbag.py:536} INFO - Filling up the DagBag from /home/airflow/.local/lib/python3.8/site-packages/airflow/example_dags/example_branch_operator.py
[2023-10-14T10:58:45.197+0000] {processor.py:839} INFO - DAG(s) dict_keys(['example_branch_operator']) retrieved from /home/airflow/.local/lib/python3.8/site-packages/airflow/example_dags/example_branch_operator.py
[2023-10-14T10:58:45.210+0000] {logging_mixin.py:151} INFO - [2023-10-14T10:58:45.210+0000] {dag.py:2941} INFO - Sync 1 DAGs
[2023-10-14T10:58:45.222+0000] {logging_mixin.py:151} INFO - [2023-10-14T10:58:45.221+0000] {dag.py:3722} INFO - Setting next_dagrun for example_branch_operator to 2023-10-13T00:00:00+00:00, run_after=2023-10-14T00:00:00+00:00
[2023-10-14T10:58:45.230+0000] {processor.py:179} INFO - Processing /home/airflow/.local/lib/python3.8/site-packages/airflow/example_dags/example_branch_operator.py took 0.043 seconds
[2023-10-14T10:59:15.334+0000] {processor.py:157} INFO - Started process (PID=478) to work on /home/airflow/.local/lib/python3.8/site-packages/airflow/example_dags/example_branch_operator.py
[2023-10-14T10:59:15.338+0000] {processor.py:829} INFO - Processing file /home/airflow/.local/lib/python3.8/site-packages/airflow/example_dags/example_branch_operator.py for tasks to queue
[2023-10-14T10:59:15.348+0000] {logging_mixin.py:151} INFO - [2023-10-14T10:59:15.348+0000] {dagbag.py:536} INFO - Filling up the DagBag from /home/airflow/.local/lib/python3.8/site-packages/airflow/example_dags/example_branch_operator.py
[2023-10-14T10:59:15.384+0000] {processor.py:839} INFO - DAG(s) dict_keys(['example_branch_operator']) retrieved from /home/airflow/.local/lib/python3.8/site-packages/airflow/example_dags/example_branch_operator.py
[2023-10-14T10:59:15.425+0000] {logging_mixin.py:151} INFO - [2023-10-14T10:59:15.425+0000] {dag.py:2941} INFO - Sync 1 DAGs
[2023-10-14T10:59:15.451+0000] {logging_mixin.py:151} INFO - [2023-10-14T10:59:15.450+0000] {dag.py:3722} INFO - Setting next_dagrun for example_branch_operator to 2023-10-13T00:00:00+00:00, run_after=2023-10-14T00:00:00+00:00
[2023-10-14T10:59:15.463+0000] {processor.py:179} INFO - Processing /home/airflow/.local/lib/python3.8/site-packages/airflow/example_dags/example_branch_operator.py took 0.141 seconds
[2023-10-14T10:59:45.549+0000] {processor.py:157} INFO - Started process (PID=534) to work on /home/airflow/.local/lib/python3.8/site-packages/airflow/example_dags/example_branch_operator.py
[2023-10-14T10:59:45.550+0000] {processor.py:829} INFO - Processing file /home/airflow/.local/lib/python3.8/site-packages/airflow/example_dags/example_branch_operator.py for tasks to queue
[2023-10-14T10:59:45.552+0000] {logging_mixin.py:151} INFO - [2023-10-14T10:59:45.552+0000] {dagbag.py:536} INFO - Filling up the DagBag from /home/airflow/.local/lib/python3.8/site-packages/airflow/example_dags/example_branch_operator.py
[2023-10-14T10:59:45.558+0000] {processor.py:839} INFO - DAG(s) dict_keys(['example_branch_operator']) retrieved from /home/airflow/.local/lib/python3.8/site-packages/airflow/example_dags/example_branch_operator.py
[2023-10-14T10:59:45.574+0000] {logging_mixin.py:151} INFO - [2023-10-14T10:59:45.574+0000] {dag.py:2941} INFO - Sync 1 DAGs
[2023-10-14T10:59:45.587+0000] {logging_mixin.py:151} INFO - [2023-10-14T10:59:45.587+0000] {dag.py:3722} INFO - Setting next_dagrun for example_branch_operator to 2023-10-13T00:00:00+00:00, run_after=2023-10-14T00:00:00+00:00
[2023-10-14T10:59:45.598+0000] {processor.py:179} INFO - Processing /home/airflow/.local/lib/python3.8/site-packages/airflow/example_dags/example_branch_operator.py took 0.052 seconds
[2023-10-14T11:00:15.819+0000] {processor.py:157} INFO - Started process (PID=589) to work on /home/airflow/.local/lib/python3.8/site-packages/airflow/example_dags/example_branch_operator.py
[2023-10-14T11:00:15.821+0000] {processor.py:829} INFO - Processing file /home/airflow/.local/lib/python3.8/site-packages/airflow/example_dags/example_branch_operator.py for tasks to queue
[2023-10-14T11:00:15.823+0000] {logging_mixin.py:151} INFO - [2023-10-14T11:00:15.823+0000] {dagbag.py:536} INFO - Filling up the DagBag from /home/airflow/.local/lib/python3.8/site-packages/airflow/example_dags/example_branch_operator.py
[2023-10-14T11:00:15.828+0000] {processor.py:839} INFO - DAG(s) dict_keys(['example_branch_operator']) retrieved from /home/airflow/.local/lib/python3.8/site-packages/airflow/example_dags/example_branch_operator.py
[2023-10-14T11:00:15.843+0000] {logging_mixin.py:151} INFO - [2023-10-14T11:00:15.843+0000] {dag.py:2941} INFO - Sync 1 DAGs
[2023-10-14T11:00:15.856+0000] {logging_mixin.py:151} INFO - [2023-10-14T11:00:15.856+0000] {dag.py:3722} INFO - Setting next_dagrun for example_branch_operator to 2023-10-13T00:00:00+00:00, run_after=2023-10-14T00:00:00+00:00
[2023-10-14T11:00:15.866+0000] {processor.py:179} INFO - Processing /home/airflow/.local/lib/python3.8/site-packages/airflow/example_dags/example_branch_operator.py took 0.050 seconds
[2023-10-14T11:00:45.932+0000] {processor.py:157} INFO - Started process (PID=644) to work on /home/airflow/.local/lib/python3.8/site-packages/airflow/example_dags/example_branch_operator.py
[2023-10-14T11:00:45.933+0000] {processor.py:829} INFO - Processing file /home/airflow/.local/lib/python3.8/site-packages/airflow/example_dags/example_branch_operator.py for tasks to queue
[2023-10-14T11:00:45.935+0000] {logging_mixin.py:151} INFO - [2023-10-14T11:00:45.935+0000] {dagbag.py:536} INFO - Filling up the DagBag from /home/airflow/.local/lib/python3.8/site-packages/airflow/example_dags/example_branch_operator.py
[2023-10-14T11:00:45.940+0000] {processor.py:839} INFO - DAG(s) dict_keys(['example_branch_operator']) retrieved from /home/airflow/.local/lib/python3.8/site-packages/airflow/example_dags/example_branch_operator.py
[2023-10-14T11:00:45.953+0000] {logging_mixin.py:151} INFO - [2023-10-14T11:00:45.953+0000] {dag.py:2941} INFO - Sync 1 DAGs
[2023-10-14T11:00:45.966+0000] {logging_mixin.py:151} INFO - [2023-10-14T11:00:45.966+0000] {dag.py:3722} INFO - Setting next_dagrun for example_branch_operator to 2023-10-13T00:00:00+00:00, run_after=2023-10-14T00:00:00+00:00
[2023-10-14T11:00:45.975+0000] {processor.py:179} INFO - Processing /home/airflow/.local/lib/python3.8/site-packages/airflow/example_dags/example_branch_operator.py took 0.045 seconds
[2023-10-14T11:01:16.405+0000] {processor.py:157} INFO - Started process (PID=699) to work on /home/airflow/.local/lib/python3.8/site-packages/airflow/example_dags/example_branch_operator.py
[2023-10-14T11:01:16.405+0000] {processor.py:829} INFO - Processing file /home/airflow/.local/lib/python3.8/site-packages/airflow/example_dags/example_branch_operator.py for tasks to queue
[2023-10-14T11:01:16.407+0000] {logging_mixin.py:151} INFO - [2023-10-14T11:01:16.407+0000] {dagbag.py:536} INFO - Filling up the DagBag from /home/airflow/.local/lib/python3.8/site-packages/airflow/example_dags/example_branch_operator.py
[2023-10-14T11:01:16.413+0000] {processor.py:839} INFO - DAG(s) dict_keys(['example_branch_operator']) retrieved from /home/airflow/.local/lib/python3.8/site-packages/airflow/example_dags/example_branch_operator.py
[2023-10-14T11:01:16.426+0000] {logging_mixin.py:151} INFO - [2023-10-14T11:01:16.426+0000] {dag.py:2941} INFO - Sync 1 DAGs
[2023-10-14T11:01:16.438+0000] {logging_mixin.py:151} INFO - [2023-10-14T11:01:16.438+0000] {dag.py:3722} INFO - Setting next_dagrun for example_branch_operator to 2023-10-13T00:00:00+00:00, run_after=2023-10-14T00:00:00+00:00
[2023-10-14T11:01:16.447+0000] {processor.py:179} INFO - Processing /home/airflow/.local/lib/python3.8/site-packages/airflow/example_dags/example_branch_operator.py took 0.044 seconds
[2023-10-14T11:01:46.583+0000] {processor.py:157} INFO - Started process (PID=755) to work on /home/airflow/.local/lib/python3.8/site-packages/airflow/example_dags/example_branch_operator.py
[2023-10-14T11:01:46.584+0000] {processor.py:829} INFO - Processing file /home/airflow/.local/lib/python3.8/site-packages/airflow/example_dags/example_branch_operator.py for tasks to queue
[2023-10-14T11:01:46.586+0000] {logging_mixin.py:151} INFO - [2023-10-14T11:01:46.585+0000] {dagbag.py:536} INFO - Filling up the DagBag from /home/airflow/.local/lib/python3.8/site-packages/airflow/example_dags/example_branch_operator.py
[2023-10-14T11:01:46.591+0000] {processor.py:839} INFO - DAG(s) dict_keys(['example_branch_operator']) retrieved from /home/airflow/.local/lib/python3.8/site-packages/airflow/example_dags/example_branch_operator.py
[2023-10-14T11:01:46.605+0000] {logging_mixin.py:151} INFO - [2023-10-14T11:01:46.605+0000] {dag.py:2941} INFO - Sync 1 DAGs
[2023-10-14T11:01:46.618+0000] {logging_mixin.py:151} INFO - [2023-10-14T11:01:46.618+0000] {dag.py:3722} INFO - Setting next_dagrun for example_branch_operator to 2023-10-13T00:00:00+00:00, run_after=2023-10-14T00:00:00+00:00
[2023-10-14T11:01:46.628+0000] {processor.py:179} INFO - Processing /home/airflow/.local/lib/python3.8/site-packages/airflow/example_dags/example_branch_operator.py took 0.047 seconds
[2023-10-14T11:02:17.188+0000] {processor.py:157} INFO - Started process (PID=812) to work on /home/airflow/.local/lib/python3.8/site-packages/airflow/example_dags/example_branch_operator.py
[2023-10-14T11:02:17.188+0000] {processor.py:829} INFO - Processing file /home/airflow/.local/lib/python3.8/site-packages/airflow/example_dags/example_branch_operator.py for tasks to queue
[2023-10-14T11:02:17.190+0000] {logging_mixin.py:151} INFO - [2023-10-14T11:02:17.190+0000] {dagbag.py:536} INFO - Filling up the DagBag from /home/airflow/.local/lib/python3.8/site-packages/airflow/example_dags/example_branch_operator.py
[2023-10-14T11:02:17.195+0000] {processor.py:839} INFO - DAG(s) dict_keys(['example_branch_operator']) retrieved from /home/airflow/.local/lib/python3.8/site-packages/airflow/example_dags/example_branch_operator.py
[2023-10-14T11:02:17.209+0000] {logging_mixin.py:151} INFO - [2023-10-14T11:02:17.209+0000] {dag.py:2941} INFO - Sync 1 DAGs
[2023-10-14T11:02:17.221+0000] {logging_mixin.py:151} INFO - [2023-10-14T11:02:17.221+0000] {dag.py:3722} INFO - Setting next_dagrun for example_branch_operator to 2023-10-13T00:00:00+00:00, run_after=2023-10-14T00:00:00+00:00
[2023-10-14T11:02:17.231+0000] {processor.py:179} INFO - Processing /home/airflow/.local/lib/python3.8/site-packages/airflow/example_dags/example_branch_operator.py took 0.046 seconds
[2023-10-14T11:02:47.651+0000] {processor.py:157} INFO - Started process (PID=867) to work on /home/airflow/.local/lib/python3.8/site-packages/airflow/example_dags/example_branch_operator.py
[2023-10-14T11:02:47.652+0000] {processor.py:829} INFO - Processing file /home/airflow/.local/lib/python3.8/site-packages/airflow/example_dags/example_branch_operator.py for tasks to queue
[2023-10-14T11:02:47.653+0000] {logging_mixin.py:151} INFO - [2023-10-14T11:02:47.653+0000] {dagbag.py:536} INFO - Filling up the DagBag from /home/airflow/.local/lib/python3.8/site-packages/airflow/example_dags/example_branch_operator.py
[2023-10-14T11:02:47.659+0000] {processor.py:839} INFO - DAG(s) dict_keys(['example_branch_operator']) retrieved from /home/airflow/.local/lib/python3.8/site-packages/airflow/example_dags/example_branch_operator.py
[2023-10-14T11:02:47.672+0000] {logging_mixin.py:151} INFO - [2023-10-14T11:02:47.672+0000] {dag.py:2941} INFO - Sync 1 DAGs
[2023-10-14T11:02:47.684+0000] {logging_mixin.py:151} INFO - [2023-10-14T11:02:47.684+0000] {dag.py:3722} INFO - Setting next_dagrun for example_branch_operator to 2023-10-13T00:00:00+00:00, run_after=2023-10-14T00:00:00+00:00
[2023-10-14T11:02:47.694+0000] {processor.py:179} INFO - Processing /home/airflow/.local/lib/python3.8/site-packages/airflow/example_dags/example_branch_operator.py took 0.046 seconds
[2023-10-14T11:03:18.043+0000] {processor.py:157} INFO - Started process (PID=923) to work on /home/airflow/.local/lib/python3.8/site-packages/airflow/example_dags/example_branch_operator.py
[2023-10-14T11:03:18.044+0000] {processor.py:829} INFO - Processing file /home/airflow/.local/lib/python3.8/site-packages/airflow/example_dags/example_branch_operator.py for tasks to queue
[2023-10-14T11:03:18.045+0000] {logging_mixin.py:151} INFO - [2023-10-14T11:03:18.045+0000] {dagbag.py:536} INFO - Filling up the DagBag from /home/airflow/.local/lib/python3.8/site-packages/airflow/example_dags/example_branch_operator.py
[2023-10-14T11:03:18.050+0000] {processor.py:839} INFO - DAG(s) dict_keys(['example_branch_operator']) retrieved from /home/airflow/.local/lib/python3.8/site-packages/airflow/example_dags/example_branch_operator.py
[2023-10-14T11:03:18.063+0000] {logging_mixin.py:151} INFO - [2023-10-14T11:03:18.063+0000] {dag.py:2941} INFO - Sync 1 DAGs
[2023-10-14T11:03:18.075+0000] {logging_mixin.py:151} INFO - [2023-10-14T11:03:18.075+0000] {dag.py:3722} INFO - Setting next_dagrun for example_branch_operator to 2023-10-13T00:00:00+00:00, run_after=2023-10-14T00:00:00+00:00
[2023-10-14T11:03:18.083+0000] {processor.py:179} INFO - Processing /home/airflow/.local/lib/python3.8/site-packages/airflow/example_dags/example_branch_operator.py took 0.042 seconds
[2023-10-14T11:03:48.409+0000] {processor.py:157} INFO - Started process (PID=978) to work on /home/airflow/.local/lib/python3.8/site-packages/airflow/example_dags/example_branch_operator.py
[2023-10-14T11:03:48.409+0000] {processor.py:829} INFO - Processing file /home/airflow/.local/lib/python3.8/site-packages/airflow/example_dags/example_branch_operator.py for tasks to queue
[2023-10-14T11:03:48.411+0000] {logging_mixin.py:151} INFO - [2023-10-14T11:03:48.411+0000] {dagbag.py:536} INFO - Filling up the DagBag from /home/airflow/.local/lib/python3.8/site-packages/airflow/example_dags/example_branch_operator.py
[2023-10-14T11:03:48.417+0000] {processor.py:839} INFO - DAG(s) dict_keys(['example_branch_operator']) retrieved from /home/airflow/.local/lib/python3.8/site-packages/airflow/example_dags/example_branch_operator.py
[2023-10-14T11:03:48.429+0000] {logging_mixin.py:151} INFO - [2023-10-14T11:03:48.429+0000] {dag.py:2941} INFO - Sync 1 DAGs
[2023-10-14T11:03:48.441+0000] {logging_mixin.py:151} INFO - [2023-10-14T11:03:48.441+0000] {dag.py:3722} INFO - Setting next_dagrun for example_branch_operator to 2023-10-13T00:00:00+00:00, run_after=2023-10-14T00:00:00+00:00
[2023-10-14T11:03:48.449+0000] {processor.py:179} INFO - Processing /home/airflow/.local/lib/python3.8/site-packages/airflow/example_dags/example_branch_operator.py took 0.043 seconds
[2023-10-14T11:04:18.926+0000] {processor.py:157} INFO - Started process (PID=1034) to work on /home/airflow/.local/lib/python3.8/site-packages/airflow/example_dags/example_branch_operator.py
[2023-10-14T11:04:18.927+0000] {processor.py:829} INFO - Processing file /home/airflow/.local/lib/python3.8/site-packages/airflow/example_dags/example_branch_operator.py for tasks to queue
[2023-10-14T11:04:18.933+0000] {logging_mixin.py:151} INFO - [2023-10-14T11:04:18.932+0000] {dagbag.py:536} INFO - Filling up the DagBag from /home/airflow/.local/lib/python3.8/site-packages/airflow/example_dags/example_branch_operator.py
[2023-10-14T11:04:18.944+0000] {processor.py:839} INFO - DAG(s) dict_keys(['example_branch_operator']) retrieved from /home/airflow/.local/lib/python3.8/site-packages/airflow/example_dags/example_branch_operator.py
[2023-10-14T11:04:18.970+0000] {logging_mixin.py:151} INFO - [2023-10-14T11:04:18.970+0000] {dag.py:2941} INFO - Sync 1 DAGs
[2023-10-14T11:04:18.984+0000] {logging_mixin.py:151} INFO - [2023-10-14T11:04:18.984+0000] {dag.py:3722} INFO - Setting next_dagrun for example_branch_operator to 2023-10-13T00:00:00+00:00, run_after=2023-10-14T00:00:00+00:00
[2023-10-14T11:04:18.996+0000] {processor.py:179} INFO - Processing /home/airflow/.local/lib/python3.8/site-packages/airflow/example_dags/example_branch_operator.py took 0.073 seconds
[2023-10-14T11:04:49.225+0000] {processor.py:157} INFO - Started process (PID=1089) to work on /home/airflow/.local/lib/python3.8/site-packages/airflow/example_dags/example_branch_operator.py
[2023-10-14T11:04:49.226+0000] {processor.py:829} INFO - Processing file /home/airflow/.local/lib/python3.8/site-packages/airflow/example_dags/example_branch_operator.py for tasks to queue
[2023-10-14T11:04:49.227+0000] {logging_mixin.py:151} INFO - [2023-10-14T11:04:49.227+0000] {dagbag.py:536} INFO - Filling up the DagBag from /home/airflow/.local/lib/python3.8/site-packages/airflow/example_dags/example_branch_operator.py
[2023-10-14T11:04:49.232+0000] {processor.py:839} INFO - DAG(s) dict_keys(['example_branch_operator']) retrieved from /home/airflow/.local/lib/python3.8/site-packages/airflow/example_dags/example_branch_operator.py
[2023-10-14T11:04:49.245+0000] {logging_mixin.py:151} INFO - [2023-10-14T11:04:49.245+0000] {dag.py:2941} INFO - Sync 1 DAGs
[2023-10-14T11:04:49.257+0000] {logging_mixin.py:151} INFO - [2023-10-14T11:04:49.257+0000] {dag.py:3722} INFO - Setting next_dagrun for example_branch_operator to 2023-10-13T00:00:00+00:00, run_after=2023-10-14T00:00:00+00:00
[2023-10-14T11:04:49.267+0000] {processor.py:179} INFO - Processing /home/airflow/.local/lib/python3.8/site-packages/airflow/example_dags/example_branch_operator.py took 0.044 seconds
[2023-10-14T11:05:19.564+0000] {processor.py:157} INFO - Started process (PID=1144) to work on /home/airflow/.local/lib/python3.8/site-packages/airflow/example_dags/example_branch_operator.py
[2023-10-14T11:05:19.565+0000] {processor.py:829} INFO - Processing file /home/airflow/.local/lib/python3.8/site-packages/airflow/example_dags/example_branch_operator.py for tasks to queue
[2023-10-14T11:05:19.567+0000] {logging_mixin.py:151} INFO - [2023-10-14T11:05:19.567+0000] {dagbag.py:536} INFO - Filling up the DagBag from /home/airflow/.local/lib/python3.8/site-packages/airflow/example_dags/example_branch_operator.py
[2023-10-14T11:05:19.573+0000] {processor.py:839} INFO - DAG(s) dict_keys(['example_branch_operator']) retrieved from /home/airflow/.local/lib/python3.8/site-packages/airflow/example_dags/example_branch_operator.py
[2023-10-14T11:05:19.587+0000] {logging_mixin.py:151} INFO - [2023-10-14T11:05:19.587+0000] {dag.py:2941} INFO - Sync 1 DAGs
[2023-10-14T11:05:19.601+0000] {logging_mixin.py:151} INFO - [2023-10-14T11:05:19.601+0000] {dag.py:3722} INFO - Setting next_dagrun for example_branch_operator to 2023-10-13T00:00:00+00:00, run_after=2023-10-14T00:00:00+00:00
[2023-10-14T11:05:19.611+0000] {processor.py:179} INFO - Processing /home/airflow/.local/lib/python3.8/site-packages/airflow/example_dags/example_branch_operator.py took 0.049 seconds
[2023-10-14T11:05:50.400+0000] {processor.py:157} INFO - Started process (PID=1199) to work on /home/airflow/.local/lib/python3.8/site-packages/airflow/example_dags/example_branch_operator.py
[2023-10-14T11:05:50.400+0000] {processor.py:829} INFO - Processing file /home/airflow/.local/lib/python3.8/site-packages/airflow/example_dags/example_branch_operator.py for tasks to queue
[2023-10-14T11:05:50.402+0000] {logging_mixin.py:151} INFO - [2023-10-14T11:05:50.402+0000] {dagbag.py:536} INFO - Filling up the DagBag from /home/airflow/.local/lib/python3.8/site-packages/airflow/example_dags/example_branch_operator.py
[2023-10-14T11:05:50.408+0000] {processor.py:839} INFO - DAG(s) dict_keys(['example_branch_operator']) retrieved from /home/airflow/.local/lib/python3.8/site-packages/airflow/example_dags/example_branch_operator.py
[2023-10-14T11:05:50.421+0000] {logging_mixin.py:151} INFO - [2023-10-14T11:05:50.421+0000] {dag.py:2941} INFO - Sync 1 DAGs
[2023-10-14T11:05:50.433+0000] {logging_mixin.py:151} INFO - [2023-10-14T11:05:50.433+0000] {dag.py:3722} INFO - Setting next_dagrun for example_branch_operator to 2023-10-13T00:00:00+00:00, run_after=2023-10-14T00:00:00+00:00
[2023-10-14T11:05:50.442+0000] {processor.py:179} INFO - Processing /home/airflow/.local/lib/python3.8/site-packages/airflow/example_dags/example_branch_operator.py took 0.044 seconds
[2023-10-14T11:06:20.799+0000] {processor.py:157} INFO - Started process (PID=1255) to work on /home/airflow/.local/lib/python3.8/site-packages/airflow/example_dags/example_branch_operator.py
[2023-10-14T11:06:20.800+0000] {processor.py:829} INFO - Processing file /home/airflow/.local/lib/python3.8/site-packages/airflow/example_dags/example_branch_operator.py for tasks to queue
[2023-10-14T11:06:20.801+0000] {logging_mixin.py:151} INFO - [2023-10-14T11:06:20.801+0000] {dagbag.py:536} INFO - Filling up the DagBag from /home/airflow/.local/lib/python3.8/site-packages/airflow/example_dags/example_branch_operator.py
[2023-10-14T11:06:20.806+0000] {processor.py:839} INFO - DAG(s) dict_keys(['example_branch_operator']) retrieved from /home/airflow/.local/lib/python3.8/site-packages/airflow/example_dags/example_branch_operator.py
[2023-10-14T11:06:20.820+0000] {logging_mixin.py:151} INFO - [2023-10-14T11:06:20.820+0000] {dag.py:2941} INFO - Sync 1 DAGs
[2023-10-14T11:06:20.831+0000] {logging_mixin.py:151} INFO - [2023-10-14T11:06:20.831+0000] {dag.py:3722} INFO - Setting next_dagrun for example_branch_operator to 2023-10-13T00:00:00+00:00, run_after=2023-10-14T00:00:00+00:00
[2023-10-14T11:06:20.840+0000] {processor.py:179} INFO - Processing /home/airflow/.local/lib/python3.8/site-packages/airflow/example_dags/example_branch_operator.py took 0.044 seconds
[2023-10-14T11:06:51.165+0000] {processor.py:157} INFO - Started process (PID=1310) to work on /home/airflow/.local/lib/python3.8/site-packages/airflow/example_dags/example_branch_operator.py
[2023-10-14T11:06:51.166+0000] {processor.py:829} INFO - Processing file /home/airflow/.local/lib/python3.8/site-packages/airflow/example_dags/example_branch_operator.py for tasks to queue
[2023-10-14T11:06:51.167+0000] {logging_mixin.py:151} INFO - [2023-10-14T11:06:51.167+0000] {dagbag.py:536} INFO - Filling up the DagBag from /home/airflow/.local/lib/python3.8/site-packages/airflow/example_dags/example_branch_operator.py
[2023-10-14T11:06:51.173+0000] {processor.py:839} INFO - DAG(s) dict_keys(['example_branch_operator']) retrieved from /home/airflow/.local/lib/python3.8/site-packages/airflow/example_dags/example_branch_operator.py
[2023-10-14T11:06:51.184+0000] {logging_mixin.py:151} INFO - [2023-10-14T11:06:51.184+0000] {dag.py:2941} INFO - Sync 1 DAGs
[2023-10-14T11:06:51.196+0000] {logging_mixin.py:151} INFO - [2023-10-14T11:06:51.196+0000] {dag.py:3722} INFO - Setting next_dagrun for example_branch_operator to 2023-10-13T00:00:00+00:00, run_after=2023-10-14T00:00:00+00:00
[2023-10-14T11:06:51.205+0000] {processor.py:179} INFO - Processing /home/airflow/.local/lib/python3.8/site-packages/airflow/example_dags/example_branch_operator.py took 0.042 seconds
[2023-10-14T11:07:23.792+0000] {processor.py:157} INFO - Started process (PID=1369) to work on /home/airflow/.local/lib/python3.8/site-packages/airflow/example_dags/example_branch_operator.py
[2023-10-14T11:07:23.794+0000] {processor.py:829} INFO - Processing file /home/airflow/.local/lib/python3.8/site-packages/airflow/example_dags/example_branch_operator.py for tasks to queue
[2023-10-14T11:07:23.797+0000] {logging_mixin.py:151} INFO - [2023-10-14T11:07:23.797+0000] {dagbag.py:536} INFO - Filling up the DagBag from /home/airflow/.local/lib/python3.8/site-packages/airflow/example_dags/example_branch_operator.py
[2023-10-14T11:07:23.850+0000] {processor.py:839} INFO - DAG(s) dict_keys(['example_branch_operator']) retrieved from /home/airflow/.local/lib/python3.8/site-packages/airflow/example_dags/example_branch_operator.py
[2023-10-14T11:07:24.044+0000] {logging_mixin.py:151} INFO - [2023-10-14T11:07:24.044+0000] {dag.py:2941} INFO - Sync 1 DAGs
[2023-10-14T11:07:24.134+0000] {logging_mixin.py:151} INFO - [2023-10-14T11:07:24.134+0000] {dag.py:3722} INFO - Setting next_dagrun for example_branch_operator to 2023-10-13T00:00:00+00:00, run_after=2023-10-14T00:00:00+00:00
[2023-10-14T11:07:24.185+0000] {processor.py:179} INFO - Processing /home/airflow/.local/lib/python3.8/site-packages/airflow/example_dags/example_branch_operator.py took 0.400 seconds
[2023-10-14T11:07:54.345+0000] {processor.py:157} INFO - Started process (PID=1424) to work on /home/airflow/.local/lib/python3.8/site-packages/airflow/example_dags/example_branch_operator.py
[2023-10-14T11:07:54.346+0000] {processor.py:829} INFO - Processing file /home/airflow/.local/lib/python3.8/site-packages/airflow/example_dags/example_branch_operator.py for tasks to queue
[2023-10-14T11:07:54.347+0000] {logging_mixin.py:151} INFO - [2023-10-14T11:07:54.347+0000] {dagbag.py:536} INFO - Filling up the DagBag from /home/airflow/.local/lib/python3.8/site-packages/airflow/example_dags/example_branch_operator.py
[2023-10-14T11:07:54.353+0000] {processor.py:839} INFO - DAG(s) dict_keys(['example_branch_operator']) retrieved from /home/airflow/.local/lib/python3.8/site-packages/airflow/example_dags/example_branch_operator.py
[2023-10-14T11:07:54.368+0000] {logging_mixin.py:151} INFO - [2023-10-14T11:07:54.368+0000] {dag.py:2941} INFO - Sync 1 DAGs
[2023-10-14T11:07:54.381+0000] {logging_mixin.py:151} INFO - [2023-10-14T11:07:54.381+0000] {dag.py:3722} INFO - Setting next_dagrun for example_branch_operator to 2023-10-13T00:00:00+00:00, run_after=2023-10-14T00:00:00+00:00
[2023-10-14T11:07:54.392+0000] {processor.py:179} INFO - Processing /home/airflow/.local/lib/python3.8/site-packages/airflow/example_dags/example_branch_operator.py took 0.050 seconds
[2023-10-14T11:08:24.993+0000] {processor.py:157} INFO - Started process (PID=1479) to work on /home/airflow/.local/lib/python3.8/site-packages/airflow/example_dags/example_branch_operator.py
[2023-10-14T11:08:24.994+0000] {processor.py:829} INFO - Processing file /home/airflow/.local/lib/python3.8/site-packages/airflow/example_dags/example_branch_operator.py for tasks to queue
[2023-10-14T11:08:24.996+0000] {logging_mixin.py:151} INFO - [2023-10-14T11:08:24.996+0000] {dagbag.py:536} INFO - Filling up the DagBag from /home/airflow/.local/lib/python3.8/site-packages/airflow/example_dags/example_branch_operator.py
[2023-10-14T11:08:25.004+0000] {processor.py:839} INFO - DAG(s) dict_keys(['example_branch_operator']) retrieved from /home/airflow/.local/lib/python3.8/site-packages/airflow/example_dags/example_branch_operator.py
[2023-10-14T11:08:25.017+0000] {logging_mixin.py:151} INFO - [2023-10-14T11:08:25.017+0000] {dag.py:2941} INFO - Sync 1 DAGs
[2023-10-14T11:08:25.029+0000] {logging_mixin.py:151} INFO - [2023-10-14T11:08:25.029+0000] {dag.py:3722} INFO - Setting next_dagrun for example_branch_operator to 2023-10-13T00:00:00+00:00, run_after=2023-10-14T00:00:00+00:00
[2023-10-14T11:08:25.038+0000] {processor.py:179} INFO - Processing /home/airflow/.local/lib/python3.8/site-packages/airflow/example_dags/example_branch_operator.py took 0.048 seconds
[2023-10-14T11:08:55.660+0000] {processor.py:157} INFO - Started process (PID=1534) to work on /home/airflow/.local/lib/python3.8/site-packages/airflow/example_dags/example_branch_operator.py
[2023-10-14T11:08:55.661+0000] {processor.py:829} INFO - Processing file /home/airflow/.local/lib/python3.8/site-packages/airflow/example_dags/example_branch_operator.py for tasks to queue
[2023-10-14T11:08:55.662+0000] {logging_mixin.py:151} INFO - [2023-10-14T11:08:55.662+0000] {dagbag.py:536} INFO - Filling up the DagBag from /home/airflow/.local/lib/python3.8/site-packages/airflow/example_dags/example_branch_operator.py
[2023-10-14T11:08:55.669+0000] {processor.py:839} INFO - DAG(s) dict_keys(['example_branch_operator']) retrieved from /home/airflow/.local/lib/python3.8/site-packages/airflow/example_dags/example_branch_operator.py
[2023-10-14T11:08:55.685+0000] {logging_mixin.py:151} INFO - [2023-10-14T11:08:55.685+0000] {dag.py:2941} INFO - Sync 1 DAGs
[2023-10-14T11:08:55.699+0000] {logging_mixin.py:151} INFO - [2023-10-14T11:08:55.699+0000] {dag.py:3722} INFO - Setting next_dagrun for example_branch_operator to 2023-10-13T00:00:00+00:00, run_after=2023-10-14T00:00:00+00:00
[2023-10-14T11:08:55.710+0000] {processor.py:179} INFO - Processing /home/airflow/.local/lib/python3.8/site-packages/airflow/example_dags/example_branch_operator.py took 0.053 seconds
[2023-10-14T11:09:26.593+0000] {processor.py:157} INFO - Started process (PID=1587) to work on /home/airflow/.local/lib/python3.8/site-packages/airflow/example_dags/example_branch_operator.py
[2023-10-14T11:09:26.594+0000] {processor.py:829} INFO - Processing file /home/airflow/.local/lib/python3.8/site-packages/airflow/example_dags/example_branch_operator.py for tasks to queue
[2023-10-14T11:09:26.595+0000] {logging_mixin.py:151} INFO - [2023-10-14T11:09:26.595+0000] {dagbag.py:536} INFO - Filling up the DagBag from /home/airflow/.local/lib/python3.8/site-packages/airflow/example_dags/example_branch_operator.py
[2023-10-14T11:09:26.601+0000] {processor.py:839} INFO - DAG(s) dict_keys(['example_branch_operator']) retrieved from /home/airflow/.local/lib/python3.8/site-packages/airflow/example_dags/example_branch_operator.py
[2023-10-14T11:09:26.615+0000] {logging_mixin.py:151} INFO - [2023-10-14T11:09:26.615+0000] {dag.py:2941} INFO - Sync 1 DAGs
[2023-10-14T11:09:26.626+0000] {logging_mixin.py:151} INFO - [2023-10-14T11:09:26.626+0000] {dag.py:3722} INFO - Setting next_dagrun for example_branch_operator to 2023-10-13T00:00:00+00:00, run_after=2023-10-14T00:00:00+00:00
[2023-10-14T11:09:26.635+0000] {processor.py:179} INFO - Processing /home/airflow/.local/lib/python3.8/site-packages/airflow/example_dags/example_branch_operator.py took 0.045 seconds
