[2023-10-14T10:55:16.954+0000] {processor.py:157} INFO - Started process (PID=71) to work on /home/airflow/.local/lib/python3.8/site-packages/airflow/example_dags/example_setup_teardown.py
[2023-10-14T10:55:16.959+0000] {processor.py:829} INFO - Processing file /home/airflow/.local/lib/python3.8/site-packages/airflow/example_dags/example_setup_teardown.py for tasks to queue
[2023-10-14T10:55:16.960+0000] {logging_mixin.py:151} INFO - [2023-10-14T10:55:16.960+0000] {dagbag.py:536} INFO - Filling up the DagBag from /home/airflow/.local/lib/python3.8/site-packages/airflow/example_dags/example_setup_teardown.py
[2023-10-14T10:55:16.972+0000] {processor.py:839} INFO - DAG(s) dict_keys(['example_setup_teardown']) retrieved from /home/airflow/.local/lib/python3.8/site-packages/airflow/example_dags/example_setup_teardown.py
[2023-10-14T10:55:17.005+0000] {logging_mixin.py:151} INFO - [2023-10-14T10:55:17.005+0000] {dag.py:2941} INFO - Sync 1 DAGs
[2023-10-14T10:55:17.032+0000] {logging_mixin.py:151} INFO - [2023-10-14T10:55:17.032+0000] {dag.py:3722} INFO - Setting next_dagrun for example_setup_teardown to 2023-10-13T10:55:17.031930+00:00, run_after=2023-10-14T10:55:17.031930+00:00
[2023-10-14T10:55:17.059+0000] {processor.py:179} INFO - Processing /home/airflow/.local/lib/python3.8/site-packages/airflow/example_dags/example_setup_teardown.py took 0.107 seconds
[2023-10-14T10:55:47.122+0000] {processor.py:157} INFO - Started process (PID=126) to work on /home/airflow/.local/lib/python3.8/site-packages/airflow/example_dags/example_setup_teardown.py
[2023-10-14T10:55:47.123+0000] {processor.py:829} INFO - Processing file /home/airflow/.local/lib/python3.8/site-packages/airflow/example_dags/example_setup_teardown.py for tasks to queue
[2023-10-14T10:55:47.125+0000] {logging_mixin.py:151} INFO - [2023-10-14T10:55:47.124+0000] {dagbag.py:536} INFO - Filling up the DagBag from /home/airflow/.local/lib/python3.8/site-packages/airflow/example_dags/example_setup_teardown.py
[2023-10-14T10:55:47.129+0000] {processor.py:839} INFO - DAG(s) dict_keys(['example_setup_teardown']) retrieved from /home/airflow/.local/lib/python3.8/site-packages/airflow/example_dags/example_setup_teardown.py
[2023-10-14T10:55:47.142+0000] {logging_mixin.py:151} INFO - [2023-10-14T10:55:47.142+0000] {dag.py:2941} INFO - Sync 1 DAGs
[2023-10-14T10:55:47.152+0000] {logging_mixin.py:151} INFO - [2023-10-14T10:55:47.152+0000] {dag.py:3722} INFO - Setting next_dagrun for example_setup_teardown to 2023-10-13T10:55:47.152735+00:00, run_after=2023-10-14T10:55:47.152735+00:00
[2023-10-14T10:55:47.161+0000] {processor.py:179} INFO - Processing /home/airflow/.local/lib/python3.8/site-packages/airflow/example_dags/example_setup_teardown.py took 0.041 seconds
[2023-10-14T10:56:17.594+0000] {processor.py:157} INFO - Started process (PID=181) to work on /home/airflow/.local/lib/python3.8/site-packages/airflow/example_dags/example_setup_teardown.py
[2023-10-14T10:56:17.595+0000] {processor.py:829} INFO - Processing file /home/airflow/.local/lib/python3.8/site-packages/airflow/example_dags/example_setup_teardown.py for tasks to queue
[2023-10-14T10:56:17.597+0000] {logging_mixin.py:151} INFO - [2023-10-14T10:56:17.597+0000] {dagbag.py:536} INFO - Filling up the DagBag from /home/airflow/.local/lib/python3.8/site-packages/airflow/example_dags/example_setup_teardown.py
[2023-10-14T10:56:17.602+0000] {processor.py:839} INFO - DAG(s) dict_keys(['example_setup_teardown']) retrieved from /home/airflow/.local/lib/python3.8/site-packages/airflow/example_dags/example_setup_teardown.py
[2023-10-14T10:56:17.619+0000] {logging_mixin.py:151} INFO - [2023-10-14T10:56:17.619+0000] {dag.py:2941} INFO - Sync 1 DAGs
[2023-10-14T10:56:17.635+0000] {logging_mixin.py:151} INFO - [2023-10-14T10:56:17.635+0000] {dag.py:3722} INFO - Setting next_dagrun for example_setup_teardown to 2023-10-13T10:56:17.634258+00:00, run_after=2023-10-14T10:56:17.634258+00:00
[2023-10-14T10:56:17.647+0000] {processor.py:179} INFO - Processing /home/airflow/.local/lib/python3.8/site-packages/airflow/example_dags/example_setup_teardown.py took 0.056 seconds
[2023-10-14T10:56:47.913+0000] {processor.py:157} INFO - Started process (PID=236) to work on /home/airflow/.local/lib/python3.8/site-packages/airflow/example_dags/example_setup_teardown.py
[2023-10-14T10:56:47.914+0000] {processor.py:829} INFO - Processing file /home/airflow/.local/lib/python3.8/site-packages/airflow/example_dags/example_setup_teardown.py for tasks to queue
[2023-10-14T10:56:47.916+0000] {logging_mixin.py:151} INFO - [2023-10-14T10:56:47.916+0000] {dagbag.py:536} INFO - Filling up the DagBag from /home/airflow/.local/lib/python3.8/site-packages/airflow/example_dags/example_setup_teardown.py
[2023-10-14T10:56:47.920+0000] {processor.py:839} INFO - DAG(s) dict_keys(['example_setup_teardown']) retrieved from /home/airflow/.local/lib/python3.8/site-packages/airflow/example_dags/example_setup_teardown.py
[2023-10-14T10:56:47.933+0000] {logging_mixin.py:151} INFO - [2023-10-14T10:56:47.933+0000] {dag.py:2941} INFO - Sync 1 DAGs
[2023-10-14T10:56:47.945+0000] {logging_mixin.py:151} INFO - [2023-10-14T10:56:47.945+0000] {dag.py:3722} INFO - Setting next_dagrun for example_setup_teardown to 2023-10-13T10:56:47.945551+00:00, run_after=2023-10-14T10:56:47.945551+00:00
[2023-10-14T10:56:47.954+0000] {processor.py:179} INFO - Processing /home/airflow/.local/lib/python3.8/site-packages/airflow/example_dags/example_setup_teardown.py took 0.043 seconds
[2023-10-14T10:57:18.258+0000] {processor.py:157} INFO - Started process (PID=291) to work on /home/airflow/.local/lib/python3.8/site-packages/airflow/example_dags/example_setup_teardown.py
[2023-10-14T10:57:18.259+0000] {processor.py:829} INFO - Processing file /home/airflow/.local/lib/python3.8/site-packages/airflow/example_dags/example_setup_teardown.py for tasks to queue
[2023-10-14T10:57:18.260+0000] {logging_mixin.py:151} INFO - [2023-10-14T10:57:18.260+0000] {dagbag.py:536} INFO - Filling up the DagBag from /home/airflow/.local/lib/python3.8/site-packages/airflow/example_dags/example_setup_teardown.py
[2023-10-14T10:57:18.265+0000] {processor.py:839} INFO - DAG(s) dict_keys(['example_setup_teardown']) retrieved from /home/airflow/.local/lib/python3.8/site-packages/airflow/example_dags/example_setup_teardown.py
[2023-10-14T10:57:18.284+0000] {logging_mixin.py:151} INFO - [2023-10-14T10:57:18.284+0000] {dag.py:2941} INFO - Sync 1 DAGs
[2023-10-14T10:57:18.304+0000] {logging_mixin.py:151} INFO - [2023-10-14T10:57:18.304+0000] {dag.py:3722} INFO - Setting next_dagrun for example_setup_teardown to 2023-10-13T10:57:18.304040+00:00, run_after=2023-10-14T10:57:18.304040+00:00
[2023-10-14T10:57:18.315+0000] {processor.py:179} INFO - Processing /home/airflow/.local/lib/python3.8/site-packages/airflow/example_dags/example_setup_teardown.py took 0.059 seconds
[2023-10-14T10:57:48.570+0000] {processor.py:157} INFO - Started process (PID=346) to work on /home/airflow/.local/lib/python3.8/site-packages/airflow/example_dags/example_setup_teardown.py
[2023-10-14T10:57:48.571+0000] {processor.py:829} INFO - Processing file /home/airflow/.local/lib/python3.8/site-packages/airflow/example_dags/example_setup_teardown.py for tasks to queue
[2023-10-14T10:57:48.572+0000] {logging_mixin.py:151} INFO - [2023-10-14T10:57:48.572+0000] {dagbag.py:536} INFO - Filling up the DagBag from /home/airflow/.local/lib/python3.8/site-packages/airflow/example_dags/example_setup_teardown.py
[2023-10-14T10:57:48.577+0000] {processor.py:839} INFO - DAG(s) dict_keys(['example_setup_teardown']) retrieved from /home/airflow/.local/lib/python3.8/site-packages/airflow/example_dags/example_setup_teardown.py
[2023-10-14T10:57:48.589+0000] {logging_mixin.py:151} INFO - [2023-10-14T10:57:48.589+0000] {dag.py:2941} INFO - Sync 1 DAGs
[2023-10-14T10:57:48.600+0000] {logging_mixin.py:151} INFO - [2023-10-14T10:57:48.600+0000] {dag.py:3722} INFO - Setting next_dagrun for example_setup_teardown to 2023-10-13T10:57:48.599926+00:00, run_after=2023-10-14T10:57:48.599926+00:00
[2023-10-14T10:57:48.608+0000] {processor.py:179} INFO - Processing /home/airflow/.local/lib/python3.8/site-packages/airflow/example_dags/example_setup_teardown.py took 0.040 seconds
[2023-10-14T10:58:19.001+0000] {processor.py:157} INFO - Started process (PID=402) to work on /home/airflow/.local/lib/python3.8/site-packages/airflow/example_dags/example_setup_teardown.py
[2023-10-14T10:58:19.002+0000] {processor.py:829} INFO - Processing file /home/airflow/.local/lib/python3.8/site-packages/airflow/example_dags/example_setup_teardown.py for tasks to queue
[2023-10-14T10:58:19.003+0000] {logging_mixin.py:151} INFO - [2023-10-14T10:58:19.003+0000] {dagbag.py:536} INFO - Filling up the DagBag from /home/airflow/.local/lib/python3.8/site-packages/airflow/example_dags/example_setup_teardown.py
[2023-10-14T10:58:19.008+0000] {processor.py:839} INFO - DAG(s) dict_keys(['example_setup_teardown']) retrieved from /home/airflow/.local/lib/python3.8/site-packages/airflow/example_dags/example_setup_teardown.py
[2023-10-14T10:58:19.022+0000] {logging_mixin.py:151} INFO - [2023-10-14T10:58:19.021+0000] {dag.py:2941} INFO - Sync 1 DAGs
[2023-10-14T10:58:19.033+0000] {logging_mixin.py:151} INFO - [2023-10-14T10:58:19.033+0000] {dag.py:3722} INFO - Setting next_dagrun for example_setup_teardown to 2023-10-13T10:58:19.033150+00:00, run_after=2023-10-14T10:58:19.033150+00:00
[2023-10-14T10:58:19.043+0000] {processor.py:179} INFO - Processing /home/airflow/.local/lib/python3.8/site-packages/airflow/example_dags/example_setup_teardown.py took 0.044 seconds
[2023-10-14T10:58:49.193+0000] {processor.py:157} INFO - Started process (PID=457) to work on /home/airflow/.local/lib/python3.8/site-packages/airflow/example_dags/example_setup_teardown.py
[2023-10-14T10:58:49.194+0000] {processor.py:829} INFO - Processing file /home/airflow/.local/lib/python3.8/site-packages/airflow/example_dags/example_setup_teardown.py for tasks to queue
[2023-10-14T10:58:49.196+0000] {logging_mixin.py:151} INFO - [2023-10-14T10:58:49.196+0000] {dagbag.py:536} INFO - Filling up the DagBag from /home/airflow/.local/lib/python3.8/site-packages/airflow/example_dags/example_setup_teardown.py
[2023-10-14T10:58:49.200+0000] {processor.py:839} INFO - DAG(s) dict_keys(['example_setup_teardown']) retrieved from /home/airflow/.local/lib/python3.8/site-packages/airflow/example_dags/example_setup_teardown.py
[2023-10-14T10:58:49.213+0000] {logging_mixin.py:151} INFO - [2023-10-14T10:58:49.213+0000] {dag.py:2941} INFO - Sync 1 DAGs
[2023-10-14T10:58:49.225+0000] {logging_mixin.py:151} INFO - [2023-10-14T10:58:49.225+0000] {dag.py:3722} INFO - Setting next_dagrun for example_setup_teardown to 2023-10-13T10:58:49.225444+00:00, run_after=2023-10-14T10:58:49.225444+00:00
[2023-10-14T10:58:49.235+0000] {processor.py:179} INFO - Processing /home/airflow/.local/lib/python3.8/site-packages/airflow/example_dags/example_setup_teardown.py took 0.044 seconds
[2023-10-14T10:59:19.731+0000] {processor.py:157} INFO - Started process (PID=511) to work on /home/airflow/.local/lib/python3.8/site-packages/airflow/example_dags/example_setup_teardown.py
[2023-10-14T10:59:19.732+0000] {processor.py:829} INFO - Processing file /home/airflow/.local/lib/python3.8/site-packages/airflow/example_dags/example_setup_teardown.py for tasks to queue
[2023-10-14T10:59:19.733+0000] {logging_mixin.py:151} INFO - [2023-10-14T10:59:19.733+0000] {dagbag.py:536} INFO - Filling up the DagBag from /home/airflow/.local/lib/python3.8/site-packages/airflow/example_dags/example_setup_teardown.py
[2023-10-14T10:59:19.738+0000] {processor.py:839} INFO - DAG(s) dict_keys(['example_setup_teardown']) retrieved from /home/airflow/.local/lib/python3.8/site-packages/airflow/example_dags/example_setup_teardown.py
[2023-10-14T10:59:19.750+0000] {logging_mixin.py:151} INFO - [2023-10-14T10:59:19.750+0000] {dag.py:2941} INFO - Sync 1 DAGs
[2023-10-14T10:59:19.762+0000] {logging_mixin.py:151} INFO - [2023-10-14T10:59:19.762+0000] {dag.py:3722} INFO - Setting next_dagrun for example_setup_teardown to 2023-10-13T10:59:19.762125+00:00, run_after=2023-10-14T10:59:19.762125+00:00
[2023-10-14T10:59:19.770+0000] {processor.py:179} INFO - Processing /home/airflow/.local/lib/python3.8/site-packages/airflow/example_dags/example_setup_teardown.py took 0.041 seconds
[2023-10-14T10:59:50.664+0000] {processor.py:157} INFO - Started process (PID=567) to work on /home/airflow/.local/lib/python3.8/site-packages/airflow/example_dags/example_setup_teardown.py
[2023-10-14T10:59:50.665+0000] {processor.py:829} INFO - Processing file /home/airflow/.local/lib/python3.8/site-packages/airflow/example_dags/example_setup_teardown.py for tasks to queue
[2023-10-14T10:59:50.666+0000] {logging_mixin.py:151} INFO - [2023-10-14T10:59:50.666+0000] {dagbag.py:536} INFO - Filling up the DagBag from /home/airflow/.local/lib/python3.8/site-packages/airflow/example_dags/example_setup_teardown.py
[2023-10-14T10:59:50.671+0000] {processor.py:839} INFO - DAG(s) dict_keys(['example_setup_teardown']) retrieved from /home/airflow/.local/lib/python3.8/site-packages/airflow/example_dags/example_setup_teardown.py
[2023-10-14T10:59:50.684+0000] {logging_mixin.py:151} INFO - [2023-10-14T10:59:50.684+0000] {dag.py:2941} INFO - Sync 1 DAGs
[2023-10-14T10:59:50.696+0000] {logging_mixin.py:151} INFO - [2023-10-14T10:59:50.696+0000] {dag.py:3722} INFO - Setting next_dagrun for example_setup_teardown to 2023-10-13T10:59:50.696273+00:00, run_after=2023-10-14T10:59:50.696273+00:00
[2023-10-14T10:59:50.705+0000] {processor.py:179} INFO - Processing /home/airflow/.local/lib/python3.8/site-packages/airflow/example_dags/example_setup_teardown.py took 0.043 seconds
[2023-10-14T11:00:20.908+0000] {processor.py:157} INFO - Started process (PID=622) to work on /home/airflow/.local/lib/python3.8/site-packages/airflow/example_dags/example_setup_teardown.py
[2023-10-14T11:00:20.909+0000] {processor.py:829} INFO - Processing file /home/airflow/.local/lib/python3.8/site-packages/airflow/example_dags/example_setup_teardown.py for tasks to queue
[2023-10-14T11:00:20.911+0000] {logging_mixin.py:151} INFO - [2023-10-14T11:00:20.911+0000] {dagbag.py:536} INFO - Filling up the DagBag from /home/airflow/.local/lib/python3.8/site-packages/airflow/example_dags/example_setup_teardown.py
[2023-10-14T11:00:20.916+0000] {processor.py:839} INFO - DAG(s) dict_keys(['example_setup_teardown']) retrieved from /home/airflow/.local/lib/python3.8/site-packages/airflow/example_dags/example_setup_teardown.py
[2023-10-14T11:00:20.929+0000] {logging_mixin.py:151} INFO - [2023-10-14T11:00:20.929+0000] {dag.py:2941} INFO - Sync 1 DAGs
[2023-10-14T11:00:20.941+0000] {logging_mixin.py:151} INFO - [2023-10-14T11:00:20.941+0000] {dag.py:3722} INFO - Setting next_dagrun for example_setup_teardown to 2023-10-13T11:00:20.940986+00:00, run_after=2023-10-14T11:00:20.940986+00:00
[2023-10-14T11:00:20.950+0000] {processor.py:179} INFO - Processing /home/airflow/.local/lib/python3.8/site-packages/airflow/example_dags/example_setup_teardown.py took 0.044 seconds
[2023-10-14T11:00:51.178+0000] {processor.py:157} INFO - Started process (PID=677) to work on /home/airflow/.local/lib/python3.8/site-packages/airflow/example_dags/example_setup_teardown.py
[2023-10-14T11:00:51.179+0000] {processor.py:829} INFO - Processing file /home/airflow/.local/lib/python3.8/site-packages/airflow/example_dags/example_setup_teardown.py for tasks to queue
[2023-10-14T11:00:51.181+0000] {logging_mixin.py:151} INFO - [2023-10-14T11:00:51.180+0000] {dagbag.py:536} INFO - Filling up the DagBag from /home/airflow/.local/lib/python3.8/site-packages/airflow/example_dags/example_setup_teardown.py
[2023-10-14T11:00:51.185+0000] {processor.py:839} INFO - DAG(s) dict_keys(['example_setup_teardown']) retrieved from /home/airflow/.local/lib/python3.8/site-packages/airflow/example_dags/example_setup_teardown.py
[2023-10-14T11:00:51.198+0000] {logging_mixin.py:151} INFO - [2023-10-14T11:00:51.198+0000] {dag.py:2941} INFO - Sync 1 DAGs
[2023-10-14T11:00:51.210+0000] {logging_mixin.py:151} INFO - [2023-10-14T11:00:51.209+0000] {dag.py:3722} INFO - Setting next_dagrun for example_setup_teardown to 2023-10-13T11:00:51.209827+00:00, run_after=2023-10-14T11:00:51.209827+00:00
[2023-10-14T11:00:51.218+0000] {processor.py:179} INFO - Processing /home/airflow/.local/lib/python3.8/site-packages/airflow/example_dags/example_setup_teardown.py took 0.042 seconds
[2023-10-14T11:01:21.486+0000] {processor.py:157} INFO - Started process (PID=732) to work on /home/airflow/.local/lib/python3.8/site-packages/airflow/example_dags/example_setup_teardown.py
[2023-10-14T11:01:21.487+0000] {processor.py:829} INFO - Processing file /home/airflow/.local/lib/python3.8/site-packages/airflow/example_dags/example_setup_teardown.py for tasks to queue
[2023-10-14T11:01:21.488+0000] {logging_mixin.py:151} INFO - [2023-10-14T11:01:21.488+0000] {dagbag.py:536} INFO - Filling up the DagBag from /home/airflow/.local/lib/python3.8/site-packages/airflow/example_dags/example_setup_teardown.py
[2023-10-14T11:01:21.493+0000] {processor.py:839} INFO - DAG(s) dict_keys(['example_setup_teardown']) retrieved from /home/airflow/.local/lib/python3.8/site-packages/airflow/example_dags/example_setup_teardown.py
[2023-10-14T11:01:21.505+0000] {logging_mixin.py:151} INFO - [2023-10-14T11:01:21.505+0000] {dag.py:2941} INFO - Sync 1 DAGs
[2023-10-14T11:01:21.515+0000] {logging_mixin.py:151} INFO - [2023-10-14T11:01:21.515+0000] {dag.py:3722} INFO - Setting next_dagrun for example_setup_teardown to 2023-10-13T11:01:21.515418+00:00, run_after=2023-10-14T11:01:21.515418+00:00
[2023-10-14T11:01:21.524+0000] {processor.py:179} INFO - Processing /home/airflow/.local/lib/python3.8/site-packages/airflow/example_dags/example_setup_teardown.py took 0.040 seconds
[2023-10-14T11:01:51.880+0000] {processor.py:157} INFO - Started process (PID=789) to work on /home/airflow/.local/lib/python3.8/site-packages/airflow/example_dags/example_setup_teardown.py
[2023-10-14T11:01:51.881+0000] {processor.py:829} INFO - Processing file /home/airflow/.local/lib/python3.8/site-packages/airflow/example_dags/example_setup_teardown.py for tasks to queue
[2023-10-14T11:01:51.883+0000] {logging_mixin.py:151} INFO - [2023-10-14T11:01:51.882+0000] {dagbag.py:536} INFO - Filling up the DagBag from /home/airflow/.local/lib/python3.8/site-packages/airflow/example_dags/example_setup_teardown.py
[2023-10-14T11:01:51.887+0000] {processor.py:839} INFO - DAG(s) dict_keys(['example_setup_teardown']) retrieved from /home/airflow/.local/lib/python3.8/site-packages/airflow/example_dags/example_setup_teardown.py
[2023-10-14T11:01:51.899+0000] {logging_mixin.py:151} INFO - [2023-10-14T11:01:51.899+0000] {dag.py:2941} INFO - Sync 1 DAGs
[2023-10-14T11:01:51.912+0000] {logging_mixin.py:151} INFO - [2023-10-14T11:01:51.912+0000] {dag.py:3722} INFO - Setting next_dagrun for example_setup_teardown to 2023-10-13T11:01:51.911464+00:00, run_after=2023-10-14T11:01:51.911464+00:00
[2023-10-14T11:01:51.921+0000] {processor.py:179} INFO - Processing /home/airflow/.local/lib/python3.8/site-packages/airflow/example_dags/example_setup_teardown.py took 0.044 seconds
[2023-10-14T11:02:22.551+0000] {processor.py:157} INFO - Started process (PID=845) to work on /home/airflow/.local/lib/python3.8/site-packages/airflow/example_dags/example_setup_teardown.py
[2023-10-14T11:02:22.552+0000] {processor.py:829} INFO - Processing file /home/airflow/.local/lib/python3.8/site-packages/airflow/example_dags/example_setup_teardown.py for tasks to queue
[2023-10-14T11:02:22.554+0000] {logging_mixin.py:151} INFO - [2023-10-14T11:02:22.554+0000] {dagbag.py:536} INFO - Filling up the DagBag from /home/airflow/.local/lib/python3.8/site-packages/airflow/example_dags/example_setup_teardown.py
[2023-10-14T11:02:22.558+0000] {processor.py:839} INFO - DAG(s) dict_keys(['example_setup_teardown']) retrieved from /home/airflow/.local/lib/python3.8/site-packages/airflow/example_dags/example_setup_teardown.py
[2023-10-14T11:02:22.571+0000] {logging_mixin.py:151} INFO - [2023-10-14T11:02:22.571+0000] {dag.py:2941} INFO - Sync 1 DAGs
[2023-10-14T11:02:22.582+0000] {logging_mixin.py:151} INFO - [2023-10-14T11:02:22.582+0000] {dag.py:3722} INFO - Setting next_dagrun for example_setup_teardown to 2023-10-13T11:02:22.582638+00:00, run_after=2023-10-14T11:02:22.582638+00:00
[2023-10-14T11:02:22.591+0000] {processor.py:179} INFO - Processing /home/airflow/.local/lib/python3.8/site-packages/airflow/example_dags/example_setup_teardown.py took 0.042 seconds
[2023-10-14T11:02:52.862+0000] {processor.py:157} INFO - Started process (PID=900) to work on /home/airflow/.local/lib/python3.8/site-packages/airflow/example_dags/example_setup_teardown.py
[2023-10-14T11:02:52.863+0000] {processor.py:829} INFO - Processing file /home/airflow/.local/lib/python3.8/site-packages/airflow/example_dags/example_setup_teardown.py for tasks to queue
[2023-10-14T11:02:52.864+0000] {logging_mixin.py:151} INFO - [2023-10-14T11:02:52.864+0000] {dagbag.py:536} INFO - Filling up the DagBag from /home/airflow/.local/lib/python3.8/site-packages/airflow/example_dags/example_setup_teardown.py
[2023-10-14T11:02:52.869+0000] {processor.py:839} INFO - DAG(s) dict_keys(['example_setup_teardown']) retrieved from /home/airflow/.local/lib/python3.8/site-packages/airflow/example_dags/example_setup_teardown.py
[2023-10-14T11:02:52.882+0000] {logging_mixin.py:151} INFO - [2023-10-14T11:02:52.882+0000] {dag.py:2941} INFO - Sync 1 DAGs
[2023-10-14T11:02:52.894+0000] {logging_mixin.py:151} INFO - [2023-10-14T11:02:52.894+0000] {dag.py:3722} INFO - Setting next_dagrun for example_setup_teardown to 2023-10-13T11:02:52.894343+00:00, run_after=2023-10-14T11:02:52.894343+00:00
[2023-10-14T11:02:52.904+0000] {processor.py:179} INFO - Processing /home/airflow/.local/lib/python3.8/site-packages/airflow/example_dags/example_setup_teardown.py took 0.045 seconds
[2023-10-14T11:03:23.319+0000] {processor.py:157} INFO - Started process (PID=956) to work on /home/airflow/.local/lib/python3.8/site-packages/airflow/example_dags/example_setup_teardown.py
[2023-10-14T11:03:23.321+0000] {processor.py:829} INFO - Processing file /home/airflow/.local/lib/python3.8/site-packages/airflow/example_dags/example_setup_teardown.py for tasks to queue
[2023-10-14T11:03:23.322+0000] {logging_mixin.py:151} INFO - [2023-10-14T11:03:23.322+0000] {dagbag.py:536} INFO - Filling up the DagBag from /home/airflow/.local/lib/python3.8/site-packages/airflow/example_dags/example_setup_teardown.py
[2023-10-14T11:03:23.327+0000] {processor.py:839} INFO - DAG(s) dict_keys(['example_setup_teardown']) retrieved from /home/airflow/.local/lib/python3.8/site-packages/airflow/example_dags/example_setup_teardown.py
[2023-10-14T11:03:23.342+0000] {logging_mixin.py:151} INFO - [2023-10-14T11:03:23.341+0000] {dag.py:2941} INFO - Sync 1 DAGs
[2023-10-14T11:03:23.357+0000] {logging_mixin.py:151} INFO - [2023-10-14T11:03:23.357+0000] {dag.py:3722} INFO - Setting next_dagrun for example_setup_teardown to 2023-10-13T11:03:23.356967+00:00, run_after=2023-10-14T11:03:23.356967+00:00
[2023-10-14T11:03:23.371+0000] {processor.py:179} INFO - Processing /home/airflow/.local/lib/python3.8/site-packages/airflow/example_dags/example_setup_teardown.py took 0.054 seconds
[2023-10-14T11:03:53.691+0000] {processor.py:157} INFO - Started process (PID=1011) to work on /home/airflow/.local/lib/python3.8/site-packages/airflow/example_dags/example_setup_teardown.py
[2023-10-14T11:03:53.692+0000] {processor.py:829} INFO - Processing file /home/airflow/.local/lib/python3.8/site-packages/airflow/example_dags/example_setup_teardown.py for tasks to queue
[2023-10-14T11:03:53.694+0000] {logging_mixin.py:151} INFO - [2023-10-14T11:03:53.694+0000] {dagbag.py:536} INFO - Filling up the DagBag from /home/airflow/.local/lib/python3.8/site-packages/airflow/example_dags/example_setup_teardown.py
[2023-10-14T11:03:53.699+0000] {processor.py:839} INFO - DAG(s) dict_keys(['example_setup_teardown']) retrieved from /home/airflow/.local/lib/python3.8/site-packages/airflow/example_dags/example_setup_teardown.py
[2023-10-14T11:03:53.713+0000] {logging_mixin.py:151} INFO - [2023-10-14T11:03:53.713+0000] {dag.py:2941} INFO - Sync 1 DAGs
[2023-10-14T11:03:53.726+0000] {logging_mixin.py:151} INFO - [2023-10-14T11:03:53.725+0000] {dag.py:3722} INFO - Setting next_dagrun for example_setup_teardown to 2023-10-13T11:03:53.725592+00:00, run_after=2023-10-14T11:03:53.725592+00:00
[2023-10-14T11:03:53.736+0000] {processor.py:179} INFO - Processing /home/airflow/.local/lib/python3.8/site-packages/airflow/example_dags/example_setup_teardown.py took 0.048 seconds
[2023-10-14T11:04:24.202+0000] {processor.py:157} INFO - Started process (PID=1067) to work on /home/airflow/.local/lib/python3.8/site-packages/airflow/example_dags/example_setup_teardown.py
[2023-10-14T11:04:24.203+0000] {processor.py:829} INFO - Processing file /home/airflow/.local/lib/python3.8/site-packages/airflow/example_dags/example_setup_teardown.py for tasks to queue
[2023-10-14T11:04:24.205+0000] {logging_mixin.py:151} INFO - [2023-10-14T11:04:24.205+0000] {dagbag.py:536} INFO - Filling up the DagBag from /home/airflow/.local/lib/python3.8/site-packages/airflow/example_dags/example_setup_teardown.py
[2023-10-14T11:04:24.210+0000] {processor.py:839} INFO - DAG(s) dict_keys(['example_setup_teardown']) retrieved from /home/airflow/.local/lib/python3.8/site-packages/airflow/example_dags/example_setup_teardown.py
[2023-10-14T11:04:24.224+0000] {logging_mixin.py:151} INFO - [2023-10-14T11:04:24.224+0000] {dag.py:2941} INFO - Sync 1 DAGs
[2023-10-14T11:04:24.236+0000] {logging_mixin.py:151} INFO - [2023-10-14T11:04:24.236+0000] {dag.py:3722} INFO - Setting next_dagrun for example_setup_teardown to 2023-10-13T11:04:24.236606+00:00, run_after=2023-10-14T11:04:24.236606+00:00
[2023-10-14T11:04:24.246+0000] {processor.py:179} INFO - Processing /home/airflow/.local/lib/python3.8/site-packages/airflow/example_dags/example_setup_teardown.py took 0.046 seconds
[2023-10-14T11:04:54.480+0000] {processor.py:157} INFO - Started process (PID=1122) to work on /home/airflow/.local/lib/python3.8/site-packages/airflow/example_dags/example_setup_teardown.py
[2023-10-14T11:04:54.481+0000] {processor.py:829} INFO - Processing file /home/airflow/.local/lib/python3.8/site-packages/airflow/example_dags/example_setup_teardown.py for tasks to queue
[2023-10-14T11:04:54.483+0000] {logging_mixin.py:151} INFO - [2023-10-14T11:04:54.482+0000] {dagbag.py:536} INFO - Filling up the DagBag from /home/airflow/.local/lib/python3.8/site-packages/airflow/example_dags/example_setup_teardown.py
[2023-10-14T11:04:54.487+0000] {processor.py:839} INFO - DAG(s) dict_keys(['example_setup_teardown']) retrieved from /home/airflow/.local/lib/python3.8/site-packages/airflow/example_dags/example_setup_teardown.py
[2023-10-14T11:04:54.499+0000] {logging_mixin.py:151} INFO - [2023-10-14T11:04:54.499+0000] {dag.py:2941} INFO - Sync 1 DAGs
[2023-10-14T11:04:54.511+0000] {logging_mixin.py:151} INFO - [2023-10-14T11:04:54.511+0000] {dag.py:3722} INFO - Setting next_dagrun for example_setup_teardown to 2023-10-13T11:04:54.510990+00:00, run_after=2023-10-14T11:04:54.510990+00:00
[2023-10-14T11:04:54.519+0000] {processor.py:179} INFO - Processing /home/airflow/.local/lib/python3.8/site-packages/airflow/example_dags/example_setup_teardown.py took 0.041 seconds
[2023-10-14T11:05:24.601+0000] {processor.py:157} INFO - Started process (PID=1177) to work on /home/airflow/.local/lib/python3.8/site-packages/airflow/example_dags/example_setup_teardown.py
[2023-10-14T11:05:24.601+0000] {processor.py:829} INFO - Processing file /home/airflow/.local/lib/python3.8/site-packages/airflow/example_dags/example_setup_teardown.py for tasks to queue
[2023-10-14T11:05:24.603+0000] {logging_mixin.py:151} INFO - [2023-10-14T11:05:24.603+0000] {dagbag.py:536} INFO - Filling up the DagBag from /home/airflow/.local/lib/python3.8/site-packages/airflow/example_dags/example_setup_teardown.py
[2023-10-14T11:05:24.607+0000] {processor.py:839} INFO - DAG(s) dict_keys(['example_setup_teardown']) retrieved from /home/airflow/.local/lib/python3.8/site-packages/airflow/example_dags/example_setup_teardown.py
[2023-10-14T11:05:24.619+0000] {logging_mixin.py:151} INFO - [2023-10-14T11:05:24.619+0000] {dag.py:2941} INFO - Sync 1 DAGs
[2023-10-14T11:05:24.630+0000] {logging_mixin.py:151} INFO - [2023-10-14T11:05:24.629+0000] {dag.py:3722} INFO - Setting next_dagrun for example_setup_teardown to 2023-10-13T11:05:24.629834+00:00, run_after=2023-10-14T11:05:24.629834+00:00
[2023-10-14T11:05:24.639+0000] {processor.py:179} INFO - Processing /home/airflow/.local/lib/python3.8/site-packages/airflow/example_dags/example_setup_teardown.py took 0.040 seconds
[2023-10-14T11:05:55.688+0000] {processor.py:157} INFO - Started process (PID=1232) to work on /home/airflow/.local/lib/python3.8/site-packages/airflow/example_dags/example_setup_teardown.py
[2023-10-14T11:05:55.691+0000] {processor.py:829} INFO - Processing file /home/airflow/.local/lib/python3.8/site-packages/airflow/example_dags/example_setup_teardown.py for tasks to queue
[2023-10-14T11:05:55.693+0000] {logging_mixin.py:151} INFO - [2023-10-14T11:05:55.693+0000] {dagbag.py:536} INFO - Filling up the DagBag from /home/airflow/.local/lib/python3.8/site-packages/airflow/example_dags/example_setup_teardown.py
[2023-10-14T11:05:55.697+0000] {processor.py:839} INFO - DAG(s) dict_keys(['example_setup_teardown']) retrieved from /home/airflow/.local/lib/python3.8/site-packages/airflow/example_dags/example_setup_teardown.py
[2023-10-14T11:05:55.717+0000] {logging_mixin.py:151} INFO - [2023-10-14T11:05:55.717+0000] {dag.py:2941} INFO - Sync 1 DAGs
[2023-10-14T11:05:55.731+0000] {logging_mixin.py:151} INFO - [2023-10-14T11:05:55.731+0000] {dag.py:3722} INFO - Setting next_dagrun for example_setup_teardown to 2023-10-13T11:05:55.730921+00:00, run_after=2023-10-14T11:05:55.730921+00:00
[2023-10-14T11:05:55.741+0000] {processor.py:179} INFO - Processing /home/airflow/.local/lib/python3.8/site-packages/airflow/example_dags/example_setup_teardown.py took 0.055 seconds
[2023-10-14T11:06:25.971+0000] {processor.py:157} INFO - Started process (PID=1288) to work on /home/airflow/.local/lib/python3.8/site-packages/airflow/example_dags/example_setup_teardown.py
[2023-10-14T11:06:25.972+0000] {processor.py:829} INFO - Processing file /home/airflow/.local/lib/python3.8/site-packages/airflow/example_dags/example_setup_teardown.py for tasks to queue
[2023-10-14T11:06:25.973+0000] {logging_mixin.py:151} INFO - [2023-10-14T11:06:25.973+0000] {dagbag.py:536} INFO - Filling up the DagBag from /home/airflow/.local/lib/python3.8/site-packages/airflow/example_dags/example_setup_teardown.py
[2023-10-14T11:06:25.977+0000] {processor.py:839} INFO - DAG(s) dict_keys(['example_setup_teardown']) retrieved from /home/airflow/.local/lib/python3.8/site-packages/airflow/example_dags/example_setup_teardown.py
[2023-10-14T11:06:25.989+0000] {logging_mixin.py:151} INFO - [2023-10-14T11:06:25.989+0000] {dag.py:2941} INFO - Sync 1 DAGs
[2023-10-14T11:06:25.999+0000] {logging_mixin.py:151} INFO - [2023-10-14T11:06:25.999+0000] {dag.py:3722} INFO - Setting next_dagrun for example_setup_teardown to 2023-10-13T11:06:25.999457+00:00, run_after=2023-10-14T11:06:25.999457+00:00
[2023-10-14T11:06:26.008+0000] {processor.py:179} INFO - Processing /home/airflow/.local/lib/python3.8/site-packages/airflow/example_dags/example_setup_teardown.py took 0.040 seconds
[2023-10-14T11:06:56.398+0000] {processor.py:157} INFO - Started process (PID=1343) to work on /home/airflow/.local/lib/python3.8/site-packages/airflow/example_dags/example_setup_teardown.py
[2023-10-14T11:06:56.399+0000] {processor.py:829} INFO - Processing file /home/airflow/.local/lib/python3.8/site-packages/airflow/example_dags/example_setup_teardown.py for tasks to queue
[2023-10-14T11:06:56.400+0000] {logging_mixin.py:151} INFO - [2023-10-14T11:06:56.400+0000] {dagbag.py:536} INFO - Filling up the DagBag from /home/airflow/.local/lib/python3.8/site-packages/airflow/example_dags/example_setup_teardown.py
[2023-10-14T11:06:56.405+0000] {processor.py:839} INFO - DAG(s) dict_keys(['example_setup_teardown']) retrieved from /home/airflow/.local/lib/python3.8/site-packages/airflow/example_dags/example_setup_teardown.py
[2023-10-14T11:06:56.418+0000] {logging_mixin.py:151} INFO - [2023-10-14T11:06:56.418+0000] {dag.py:2941} INFO - Sync 1 DAGs
[2023-10-14T11:06:56.431+0000] {logging_mixin.py:151} INFO - [2023-10-14T11:06:56.430+0000] {dag.py:3722} INFO - Setting next_dagrun for example_setup_teardown to 2023-10-13T11:06:56.430744+00:00, run_after=2023-10-14T11:06:56.430744+00:00
[2023-10-14T11:06:56.441+0000] {processor.py:179} INFO - Processing /home/airflow/.local/lib/python3.8/site-packages/airflow/example_dags/example_setup_teardown.py took 0.046 seconds
[2023-10-14T11:07:32.516+0000] {processor.py:157} INFO - Started process (PID=1402) to work on /home/airflow/.local/lib/python3.8/site-packages/airflow/example_dags/example_setup_teardown.py
[2023-10-14T11:07:32.517+0000] {processor.py:829} INFO - Processing file /home/airflow/.local/lib/python3.8/site-packages/airflow/example_dags/example_setup_teardown.py for tasks to queue
[2023-10-14T11:07:32.520+0000] {logging_mixin.py:151} INFO - [2023-10-14T11:07:32.520+0000] {dagbag.py:536} INFO - Filling up the DagBag from /home/airflow/.local/lib/python3.8/site-packages/airflow/example_dags/example_setup_teardown.py
[2023-10-14T11:07:32.528+0000] {processor.py:839} INFO - DAG(s) dict_keys(['example_setup_teardown']) retrieved from /home/airflow/.local/lib/python3.8/site-packages/airflow/example_dags/example_setup_teardown.py
[2023-10-14T11:07:32.556+0000] {logging_mixin.py:151} INFO - [2023-10-14T11:07:32.556+0000] {dag.py:2941} INFO - Sync 1 DAGs
[2023-10-14T11:07:32.576+0000] {logging_mixin.py:151} INFO - [2023-10-14T11:07:32.576+0000] {dag.py:3722} INFO - Setting next_dagrun for example_setup_teardown to 2023-10-13T11:07:32.576158+00:00, run_after=2023-10-14T11:07:32.576158+00:00
[2023-10-14T11:07:32.594+0000] {processor.py:179} INFO - Processing /home/airflow/.local/lib/python3.8/site-packages/airflow/example_dags/example_setup_teardown.py took 0.083 seconds
[2023-10-14T11:08:02.815+0000] {processor.py:157} INFO - Started process (PID=1457) to work on /home/airflow/.local/lib/python3.8/site-packages/airflow/example_dags/example_setup_teardown.py
[2023-10-14T11:08:02.817+0000] {processor.py:829} INFO - Processing file /home/airflow/.local/lib/python3.8/site-packages/airflow/example_dags/example_setup_teardown.py for tasks to queue
[2023-10-14T11:08:02.819+0000] {logging_mixin.py:151} INFO - [2023-10-14T11:08:02.819+0000] {dagbag.py:536} INFO - Filling up the DagBag from /home/airflow/.local/lib/python3.8/site-packages/airflow/example_dags/example_setup_teardown.py
[2023-10-14T11:08:02.824+0000] {processor.py:839} INFO - DAG(s) dict_keys(['example_setup_teardown']) retrieved from /home/airflow/.local/lib/python3.8/site-packages/airflow/example_dags/example_setup_teardown.py
[2023-10-14T11:08:02.842+0000] {logging_mixin.py:151} INFO - [2023-10-14T11:08:02.842+0000] {dag.py:2941} INFO - Sync 1 DAGs
[2023-10-14T11:08:02.854+0000] {logging_mixin.py:151} INFO - [2023-10-14T11:08:02.854+0000] {dag.py:3722} INFO - Setting next_dagrun for example_setup_teardown to 2023-10-13T11:08:02.854597+00:00, run_after=2023-10-14T11:08:02.854597+00:00
[2023-10-14T11:08:02.865+0000] {processor.py:179} INFO - Processing /home/airflow/.local/lib/python3.8/site-packages/airflow/example_dags/example_setup_teardown.py took 0.052 seconds
[2023-10-14T11:08:33.393+0000] {processor.py:157} INFO - Started process (PID=1512) to work on /home/airflow/.local/lib/python3.8/site-packages/airflow/example_dags/example_setup_teardown.py
[2023-10-14T11:08:33.394+0000] {processor.py:829} INFO - Processing file /home/airflow/.local/lib/python3.8/site-packages/airflow/example_dags/example_setup_teardown.py for tasks to queue
[2023-10-14T11:08:33.396+0000] {logging_mixin.py:151} INFO - [2023-10-14T11:08:33.396+0000] {dagbag.py:536} INFO - Filling up the DagBag from /home/airflow/.local/lib/python3.8/site-packages/airflow/example_dags/example_setup_teardown.py
[2023-10-14T11:08:33.400+0000] {processor.py:839} INFO - DAG(s) dict_keys(['example_setup_teardown']) retrieved from /home/airflow/.local/lib/python3.8/site-packages/airflow/example_dags/example_setup_teardown.py
[2023-10-14T11:08:33.413+0000] {logging_mixin.py:151} INFO - [2023-10-14T11:08:33.413+0000] {dag.py:2941} INFO - Sync 1 DAGs
[2023-10-14T11:08:33.425+0000] {logging_mixin.py:151} INFO - [2023-10-14T11:08:33.425+0000] {dag.py:3722} INFO - Setting next_dagrun for example_setup_teardown to 2023-10-13T11:08:33.425127+00:00, run_after=2023-10-14T11:08:33.425127+00:00
[2023-10-14T11:08:33.435+0000] {processor.py:179} INFO - Processing /home/airflow/.local/lib/python3.8/site-packages/airflow/example_dags/example_setup_teardown.py took 0.044 seconds
[2023-10-14T11:09:03.931+0000] {processor.py:157} INFO - Started process (PID=1567) to work on /home/airflow/.local/lib/python3.8/site-packages/airflow/example_dags/example_setup_teardown.py
[2023-10-14T11:09:03.932+0000] {processor.py:829} INFO - Processing file /home/airflow/.local/lib/python3.8/site-packages/airflow/example_dags/example_setup_teardown.py for tasks to queue
[2023-10-14T11:09:03.934+0000] {logging_mixin.py:151} INFO - [2023-10-14T11:09:03.934+0000] {dagbag.py:536} INFO - Filling up the DagBag from /home/airflow/.local/lib/python3.8/site-packages/airflow/example_dags/example_setup_teardown.py
[2023-10-14T11:09:03.939+0000] {processor.py:839} INFO - DAG(s) dict_keys(['example_setup_teardown']) retrieved from /home/airflow/.local/lib/python3.8/site-packages/airflow/example_dags/example_setup_teardown.py
[2023-10-14T11:09:03.953+0000] {logging_mixin.py:151} INFO - [2023-10-14T11:09:03.953+0000] {dag.py:2941} INFO - Sync 1 DAGs
[2023-10-14T11:09:03.966+0000] {logging_mixin.py:151} INFO - [2023-10-14T11:09:03.966+0000] {dag.py:3722} INFO - Setting next_dagrun for example_setup_teardown to 2023-10-13T11:09:03.966411+00:00, run_after=2023-10-14T11:09:03.966411+00:00
[2023-10-14T11:09:03.977+0000] {processor.py:179} INFO - Processing /home/airflow/.local/lib/python3.8/site-packages/airflow/example_dags/example_setup_teardown.py took 0.049 seconds
[2023-10-14T11:09:34.341+0000] {processor.py:157} INFO - Started process (PID=1622) to work on /home/airflow/.local/lib/python3.8/site-packages/airflow/example_dags/example_setup_teardown.py
[2023-10-14T11:09:34.341+0000] {processor.py:829} INFO - Processing file /home/airflow/.local/lib/python3.8/site-packages/airflow/example_dags/example_setup_teardown.py for tasks to queue
[2023-10-14T11:09:34.343+0000] {logging_mixin.py:151} INFO - [2023-10-14T11:09:34.343+0000] {dagbag.py:536} INFO - Filling up the DagBag from /home/airflow/.local/lib/python3.8/site-packages/airflow/example_dags/example_setup_teardown.py
[2023-10-14T11:09:34.347+0000] {processor.py:839} INFO - DAG(s) dict_keys(['example_setup_teardown']) retrieved from /home/airflow/.local/lib/python3.8/site-packages/airflow/example_dags/example_setup_teardown.py
[2023-10-14T11:09:34.361+0000] {logging_mixin.py:151} INFO - [2023-10-14T11:09:34.360+0000] {dag.py:2941} INFO - Sync 1 DAGs
[2023-10-14T11:09:34.373+0000] {logging_mixin.py:151} INFO - [2023-10-14T11:09:34.373+0000] {dag.py:3722} INFO - Setting next_dagrun for example_setup_teardown to 2023-10-13T11:09:34.373569+00:00, run_after=2023-10-14T11:09:34.373569+00:00
[2023-10-14T11:09:34.382+0000] {processor.py:179} INFO - Processing /home/airflow/.local/lib/python3.8/site-packages/airflow/example_dags/example_setup_teardown.py took 0.045 seconds
