[2023-10-14T10:55:13.173+0000] {processor.py:157} INFO - Started process (PID=41) to work on /home/airflow/.local/lib/python3.8/site-packages/airflow/example_dags/example_dynamic_task_mapping_with_no_taskflow_operators.py
[2023-10-14T10:55:13.178+0000] {processor.py:829} INFO - Processing file /home/airflow/.local/lib/python3.8/site-packages/airflow/example_dags/example_dynamic_task_mapping_with_no_taskflow_operators.py for tasks to queue
[2023-10-14T10:55:13.188+0000] {logging_mixin.py:151} INFO - [2023-10-14T10:55:13.188+0000] {dagbag.py:536} INFO - Filling up the DagBag from /home/airflow/.local/lib/python3.8/site-packages/airflow/example_dags/example_dynamic_task_mapping_with_no_taskflow_operators.py
[2023-10-14T10:55:13.210+0000] {processor.py:839} INFO - DAG(s) dict_keys(['example_dynamic_task_mapping_with_no_taskflow_operators']) retrieved from /home/airflow/.local/lib/python3.8/site-packages/airflow/example_dags/example_dynamic_task_mapping_with_no_taskflow_operators.py
[2023-10-14T10:55:13.253+0000] {logging_mixin.py:151} INFO - [2023-10-14T10:55:13.253+0000] {dag.py:2941} INFO - Sync 1 DAGs
[2023-10-14T10:55:13.342+0000] {logging_mixin.py:151} INFO - [2023-10-14T10:55:13.342+0000] {dag.py:3722} INFO - Setting next_dagrun for example_dynamic_task_mapping_with_no_taskflow_operators to 2023-10-13T10:55:13.340325+00:00, run_after=2023-10-14T10:55:13.340325+00:00
[2023-10-14T10:55:13.429+0000] {processor.py:179} INFO - Processing /home/airflow/.local/lib/python3.8/site-packages/airflow/example_dags/example_dynamic_task_mapping_with_no_taskflow_operators.py took 0.271 seconds
[2023-10-14T10:55:43.969+0000] {processor.py:157} INFO - Started process (PID=96) to work on /home/airflow/.local/lib/python3.8/site-packages/airflow/example_dags/example_dynamic_task_mapping_with_no_taskflow_operators.py
[2023-10-14T10:55:43.969+0000] {processor.py:829} INFO - Processing file /home/airflow/.local/lib/python3.8/site-packages/airflow/example_dags/example_dynamic_task_mapping_with_no_taskflow_operators.py for tasks to queue
[2023-10-14T10:55:43.972+0000] {logging_mixin.py:151} INFO - [2023-10-14T10:55:43.971+0000] {dagbag.py:536} INFO - Filling up the DagBag from /home/airflow/.local/lib/python3.8/site-packages/airflow/example_dags/example_dynamic_task_mapping_with_no_taskflow_operators.py
[2023-10-14T10:55:43.976+0000] {processor.py:839} INFO - DAG(s) dict_keys(['example_dynamic_task_mapping_with_no_taskflow_operators']) retrieved from /home/airflow/.local/lib/python3.8/site-packages/airflow/example_dags/example_dynamic_task_mapping_with_no_taskflow_operators.py
[2023-10-14T10:55:43.990+0000] {logging_mixin.py:151} INFO - [2023-10-14T10:55:43.990+0000] {dag.py:2941} INFO - Sync 1 DAGs
[2023-10-14T10:55:44.003+0000] {logging_mixin.py:151} INFO - [2023-10-14T10:55:44.003+0000] {dag.py:3722} INFO - Setting next_dagrun for example_dynamic_task_mapping_with_no_taskflow_operators to 2023-10-13T10:55:44.003011+00:00, run_after=2023-10-14T10:55:44.003011+00:00
[2023-10-14T10:55:44.014+0000] {processor.py:179} INFO - Processing /home/airflow/.local/lib/python3.8/site-packages/airflow/example_dags/example_dynamic_task_mapping_with_no_taskflow_operators.py took 0.048 seconds
[2023-10-14T10:56:14.542+0000] {processor.py:157} INFO - Started process (PID=151) to work on /home/airflow/.local/lib/python3.8/site-packages/airflow/example_dags/example_dynamic_task_mapping_with_no_taskflow_operators.py
[2023-10-14T10:56:14.543+0000] {processor.py:829} INFO - Processing file /home/airflow/.local/lib/python3.8/site-packages/airflow/example_dags/example_dynamic_task_mapping_with_no_taskflow_operators.py for tasks to queue
[2023-10-14T10:56:14.546+0000] {logging_mixin.py:151} INFO - [2023-10-14T10:56:14.545+0000] {dagbag.py:536} INFO - Filling up the DagBag from /home/airflow/.local/lib/python3.8/site-packages/airflow/example_dags/example_dynamic_task_mapping_with_no_taskflow_operators.py
[2023-10-14T10:56:14.550+0000] {processor.py:839} INFO - DAG(s) dict_keys(['example_dynamic_task_mapping_with_no_taskflow_operators']) retrieved from /home/airflow/.local/lib/python3.8/site-packages/airflow/example_dags/example_dynamic_task_mapping_with_no_taskflow_operators.py
[2023-10-14T10:56:14.571+0000] {logging_mixin.py:151} INFO - [2023-10-14T10:56:14.570+0000] {dag.py:2941} INFO - Sync 1 DAGs
[2023-10-14T10:56:14.585+0000] {logging_mixin.py:151} INFO - [2023-10-14T10:56:14.585+0000] {dag.py:3722} INFO - Setting next_dagrun for example_dynamic_task_mapping_with_no_taskflow_operators to 2023-10-13T10:56:14.585627+00:00, run_after=2023-10-14T10:56:14.585627+00:00
[2023-10-14T10:56:14.597+0000] {processor.py:179} INFO - Processing /home/airflow/.local/lib/python3.8/site-packages/airflow/example_dags/example_dynamic_task_mapping_with_no_taskflow_operators.py took 0.057 seconds
[2023-10-14T10:56:44.816+0000] {processor.py:157} INFO - Started process (PID=206) to work on /home/airflow/.local/lib/python3.8/site-packages/airflow/example_dags/example_dynamic_task_mapping_with_no_taskflow_operators.py
[2023-10-14T10:56:44.817+0000] {processor.py:829} INFO - Processing file /home/airflow/.local/lib/python3.8/site-packages/airflow/example_dags/example_dynamic_task_mapping_with_no_taskflow_operators.py for tasks to queue
[2023-10-14T10:56:44.820+0000] {logging_mixin.py:151} INFO - [2023-10-14T10:56:44.820+0000] {dagbag.py:536} INFO - Filling up the DagBag from /home/airflow/.local/lib/python3.8/site-packages/airflow/example_dags/example_dynamic_task_mapping_with_no_taskflow_operators.py
[2023-10-14T10:56:44.826+0000] {processor.py:839} INFO - DAG(s) dict_keys(['example_dynamic_task_mapping_with_no_taskflow_operators']) retrieved from /home/airflow/.local/lib/python3.8/site-packages/airflow/example_dags/example_dynamic_task_mapping_with_no_taskflow_operators.py
[2023-10-14T10:56:44.844+0000] {logging_mixin.py:151} INFO - [2023-10-14T10:56:44.844+0000] {dag.py:2941} INFO - Sync 1 DAGs
[2023-10-14T10:56:44.860+0000] {logging_mixin.py:151} INFO - [2023-10-14T10:56:44.860+0000] {dag.py:3722} INFO - Setting next_dagrun for example_dynamic_task_mapping_with_no_taskflow_operators to 2023-10-13T10:56:44.860436+00:00, run_after=2023-10-14T10:56:44.860436+00:00
[2023-10-14T10:56:44.872+0000] {processor.py:179} INFO - Processing /home/airflow/.local/lib/python3.8/site-packages/airflow/example_dags/example_dynamic_task_mapping_with_no_taskflow_operators.py took 0.059 seconds
[2023-10-14T10:57:15.163+0000] {processor.py:157} INFO - Started process (PID=261) to work on /home/airflow/.local/lib/python3.8/site-packages/airflow/example_dags/example_dynamic_task_mapping_with_no_taskflow_operators.py
[2023-10-14T10:57:15.164+0000] {processor.py:829} INFO - Processing file /home/airflow/.local/lib/python3.8/site-packages/airflow/example_dags/example_dynamic_task_mapping_with_no_taskflow_operators.py for tasks to queue
[2023-10-14T10:57:15.167+0000] {logging_mixin.py:151} INFO - [2023-10-14T10:57:15.166+0000] {dagbag.py:536} INFO - Filling up the DagBag from /home/airflow/.local/lib/python3.8/site-packages/airflow/example_dags/example_dynamic_task_mapping_with_no_taskflow_operators.py
[2023-10-14T10:57:15.174+0000] {processor.py:839} INFO - DAG(s) dict_keys(['example_dynamic_task_mapping_with_no_taskflow_operators']) retrieved from /home/airflow/.local/lib/python3.8/site-packages/airflow/example_dags/example_dynamic_task_mapping_with_no_taskflow_operators.py
[2023-10-14T10:57:15.189+0000] {logging_mixin.py:151} INFO - [2023-10-14T10:57:15.189+0000] {dag.py:2941} INFO - Sync 1 DAGs
[2023-10-14T10:57:15.202+0000] {logging_mixin.py:151} INFO - [2023-10-14T10:57:15.202+0000] {dag.py:3722} INFO - Setting next_dagrun for example_dynamic_task_mapping_with_no_taskflow_operators to 2023-10-13T10:57:15.202536+00:00, run_after=2023-10-14T10:57:15.202536+00:00
[2023-10-14T10:57:15.212+0000] {processor.py:179} INFO - Processing /home/airflow/.local/lib/python3.8/site-packages/airflow/example_dags/example_dynamic_task_mapping_with_no_taskflow_operators.py took 0.053 seconds
[2023-10-14T10:57:45.439+0000] {processor.py:157} INFO - Started process (PID=316) to work on /home/airflow/.local/lib/python3.8/site-packages/airflow/example_dags/example_dynamic_task_mapping_with_no_taskflow_operators.py
[2023-10-14T10:57:45.440+0000] {processor.py:829} INFO - Processing file /home/airflow/.local/lib/python3.8/site-packages/airflow/example_dags/example_dynamic_task_mapping_with_no_taskflow_operators.py for tasks to queue
[2023-10-14T10:57:45.442+0000] {logging_mixin.py:151} INFO - [2023-10-14T10:57:45.442+0000] {dagbag.py:536} INFO - Filling up the DagBag from /home/airflow/.local/lib/python3.8/site-packages/airflow/example_dags/example_dynamic_task_mapping_with_no_taskflow_operators.py
[2023-10-14T10:57:45.448+0000] {processor.py:839} INFO - DAG(s) dict_keys(['example_dynamic_task_mapping_with_no_taskflow_operators']) retrieved from /home/airflow/.local/lib/python3.8/site-packages/airflow/example_dags/example_dynamic_task_mapping_with_no_taskflow_operators.py
[2023-10-14T10:57:45.462+0000] {logging_mixin.py:151} INFO - [2023-10-14T10:57:45.462+0000] {dag.py:2941} INFO - Sync 1 DAGs
[2023-10-14T10:57:45.475+0000] {logging_mixin.py:151} INFO - [2023-10-14T10:57:45.475+0000] {dag.py:3722} INFO - Setting next_dagrun for example_dynamic_task_mapping_with_no_taskflow_operators to 2023-10-13T10:57:45.475668+00:00, run_after=2023-10-14T10:57:45.475668+00:00
[2023-10-14T10:57:45.485+0000] {processor.py:179} INFO - Processing /home/airflow/.local/lib/python3.8/site-packages/airflow/example_dags/example_dynamic_task_mapping_with_no_taskflow_operators.py took 0.050 seconds
[2023-10-14T10:58:15.940+0000] {processor.py:157} INFO - Started process (PID=372) to work on /home/airflow/.local/lib/python3.8/site-packages/airflow/example_dags/example_dynamic_task_mapping_with_no_taskflow_operators.py
[2023-10-14T10:58:15.942+0000] {processor.py:829} INFO - Processing file /home/airflow/.local/lib/python3.8/site-packages/airflow/example_dags/example_dynamic_task_mapping_with_no_taskflow_operators.py for tasks to queue
[2023-10-14T10:58:15.944+0000] {logging_mixin.py:151} INFO - [2023-10-14T10:58:15.944+0000] {dagbag.py:536} INFO - Filling up the DagBag from /home/airflow/.local/lib/python3.8/site-packages/airflow/example_dags/example_dynamic_task_mapping_with_no_taskflow_operators.py
[2023-10-14T10:58:15.951+0000] {processor.py:839} INFO - DAG(s) dict_keys(['example_dynamic_task_mapping_with_no_taskflow_operators']) retrieved from /home/airflow/.local/lib/python3.8/site-packages/airflow/example_dags/example_dynamic_task_mapping_with_no_taskflow_operators.py
[2023-10-14T10:58:15.966+0000] {logging_mixin.py:151} INFO - [2023-10-14T10:58:15.966+0000] {dag.py:2941} INFO - Sync 1 DAGs
[2023-10-14T10:58:15.979+0000] {logging_mixin.py:151} INFO - [2023-10-14T10:58:15.978+0000] {dag.py:3722} INFO - Setting next_dagrun for example_dynamic_task_mapping_with_no_taskflow_operators to 2023-10-13T10:58:15.978825+00:00, run_after=2023-10-14T10:58:15.978825+00:00
[2023-10-14T10:58:15.988+0000] {processor.py:179} INFO - Processing /home/airflow/.local/lib/python3.8/site-packages/airflow/example_dags/example_dynamic_task_mapping_with_no_taskflow_operators.py took 0.053 seconds
[2023-10-14T10:58:46.244+0000] {processor.py:157} INFO - Started process (PID=427) to work on /home/airflow/.local/lib/python3.8/site-packages/airflow/example_dags/example_dynamic_task_mapping_with_no_taskflow_operators.py
[2023-10-14T10:58:46.246+0000] {processor.py:829} INFO - Processing file /home/airflow/.local/lib/python3.8/site-packages/airflow/example_dags/example_dynamic_task_mapping_with_no_taskflow_operators.py for tasks to queue
[2023-10-14T10:58:46.248+0000] {logging_mixin.py:151} INFO - [2023-10-14T10:58:46.248+0000] {dagbag.py:536} INFO - Filling up the DagBag from /home/airflow/.local/lib/python3.8/site-packages/airflow/example_dags/example_dynamic_task_mapping_with_no_taskflow_operators.py
[2023-10-14T10:58:46.254+0000] {processor.py:839} INFO - DAG(s) dict_keys(['example_dynamic_task_mapping_with_no_taskflow_operators']) retrieved from /home/airflow/.local/lib/python3.8/site-packages/airflow/example_dags/example_dynamic_task_mapping_with_no_taskflow_operators.py
[2023-10-14T10:58:46.269+0000] {logging_mixin.py:151} INFO - [2023-10-14T10:58:46.268+0000] {dag.py:2941} INFO - Sync 1 DAGs
[2023-10-14T10:58:46.281+0000] {logging_mixin.py:151} INFO - [2023-10-14T10:58:46.281+0000] {dag.py:3722} INFO - Setting next_dagrun for example_dynamic_task_mapping_with_no_taskflow_operators to 2023-10-13T10:58:46.281625+00:00, run_after=2023-10-14T10:58:46.281625+00:00
[2023-10-14T10:58:46.291+0000] {processor.py:179} INFO - Processing /home/airflow/.local/lib/python3.8/site-packages/airflow/example_dags/example_dynamic_task_mapping_with_no_taskflow_operators.py took 0.052 seconds
[2023-10-14T10:59:16.538+0000] {processor.py:157} INFO - Started process (PID=481) to work on /home/airflow/.local/lib/python3.8/site-packages/airflow/example_dags/example_dynamic_task_mapping_with_no_taskflow_operators.py
[2023-10-14T10:59:16.540+0000] {processor.py:829} INFO - Processing file /home/airflow/.local/lib/python3.8/site-packages/airflow/example_dags/example_dynamic_task_mapping_with_no_taskflow_operators.py for tasks to queue
[2023-10-14T10:59:16.542+0000] {logging_mixin.py:151} INFO - [2023-10-14T10:59:16.541+0000] {dagbag.py:536} INFO - Filling up the DagBag from /home/airflow/.local/lib/python3.8/site-packages/airflow/example_dags/example_dynamic_task_mapping_with_no_taskflow_operators.py
[2023-10-14T10:59:16.549+0000] {processor.py:839} INFO - DAG(s) dict_keys(['example_dynamic_task_mapping_with_no_taskflow_operators']) retrieved from /home/airflow/.local/lib/python3.8/site-packages/airflow/example_dags/example_dynamic_task_mapping_with_no_taskflow_operators.py
[2023-10-14T10:59:16.568+0000] {logging_mixin.py:151} INFO - [2023-10-14T10:59:16.567+0000] {dag.py:2941} INFO - Sync 1 DAGs
[2023-10-14T10:59:16.583+0000] {logging_mixin.py:151} INFO - [2023-10-14T10:59:16.583+0000] {dag.py:3722} INFO - Setting next_dagrun for example_dynamic_task_mapping_with_no_taskflow_operators to 2023-10-13T10:59:16.582805+00:00, run_after=2023-10-14T10:59:16.582805+00:00
[2023-10-14T10:59:16.594+0000] {processor.py:179} INFO - Processing /home/airflow/.local/lib/python3.8/site-packages/airflow/example_dags/example_dynamic_task_mapping_with_no_taskflow_operators.py took 0.061 seconds
[2023-10-14T10:59:46.620+0000] {processor.py:157} INFO - Started process (PID=537) to work on /home/airflow/.local/lib/python3.8/site-packages/airflow/example_dags/example_dynamic_task_mapping_with_no_taskflow_operators.py
[2023-10-14T10:59:46.621+0000] {processor.py:829} INFO - Processing file /home/airflow/.local/lib/python3.8/site-packages/airflow/example_dags/example_dynamic_task_mapping_with_no_taskflow_operators.py for tasks to queue
[2023-10-14T10:59:46.623+0000] {logging_mixin.py:151} INFO - [2023-10-14T10:59:46.623+0000] {dagbag.py:536} INFO - Filling up the DagBag from /home/airflow/.local/lib/python3.8/site-packages/airflow/example_dags/example_dynamic_task_mapping_with_no_taskflow_operators.py
[2023-10-14T10:59:46.627+0000] {processor.py:839} INFO - DAG(s) dict_keys(['example_dynamic_task_mapping_with_no_taskflow_operators']) retrieved from /home/airflow/.local/lib/python3.8/site-packages/airflow/example_dags/example_dynamic_task_mapping_with_no_taskflow_operators.py
[2023-10-14T10:59:46.642+0000] {logging_mixin.py:151} INFO - [2023-10-14T10:59:46.642+0000] {dag.py:2941} INFO - Sync 1 DAGs
[2023-10-14T10:59:46.658+0000] {logging_mixin.py:151} INFO - [2023-10-14T10:59:46.658+0000] {dag.py:3722} INFO - Setting next_dagrun for example_dynamic_task_mapping_with_no_taskflow_operators to 2023-10-13T10:59:46.658479+00:00, run_after=2023-10-14T10:59:46.658479+00:00
[2023-10-14T10:59:46.674+0000] {processor.py:179} INFO - Processing /home/airflow/.local/lib/python3.8/site-packages/airflow/example_dags/example_dynamic_task_mapping_with_no_taskflow_operators.py took 0.056 seconds
[2023-10-14T11:00:16.835+0000] {processor.py:157} INFO - Started process (PID=592) to work on /home/airflow/.local/lib/python3.8/site-packages/airflow/example_dags/example_dynamic_task_mapping_with_no_taskflow_operators.py
[2023-10-14T11:00:16.836+0000] {processor.py:829} INFO - Processing file /home/airflow/.local/lib/python3.8/site-packages/airflow/example_dags/example_dynamic_task_mapping_with_no_taskflow_operators.py for tasks to queue
[2023-10-14T11:00:16.839+0000] {logging_mixin.py:151} INFO - [2023-10-14T11:00:16.839+0000] {dagbag.py:536} INFO - Filling up the DagBag from /home/airflow/.local/lib/python3.8/site-packages/airflow/example_dags/example_dynamic_task_mapping_with_no_taskflow_operators.py
[2023-10-14T11:00:16.846+0000] {processor.py:839} INFO - DAG(s) dict_keys(['example_dynamic_task_mapping_with_no_taskflow_operators']) retrieved from /home/airflow/.local/lib/python3.8/site-packages/airflow/example_dags/example_dynamic_task_mapping_with_no_taskflow_operators.py
[2023-10-14T11:00:16.863+0000] {logging_mixin.py:151} INFO - [2023-10-14T11:00:16.863+0000] {dag.py:2941} INFO - Sync 1 DAGs
[2023-10-14T11:00:16.878+0000] {logging_mixin.py:151} INFO - [2023-10-14T11:00:16.878+0000] {dag.py:3722} INFO - Setting next_dagrun for example_dynamic_task_mapping_with_no_taskflow_operators to 2023-10-13T11:00:16.878369+00:00, run_after=2023-10-14T11:00:16.878369+00:00
[2023-10-14T11:00:16.889+0000] {processor.py:179} INFO - Processing /home/airflow/.local/lib/python3.8/site-packages/airflow/example_dags/example_dynamic_task_mapping_with_no_taskflow_operators.py took 0.056 seconds
[2023-10-14T11:00:47.018+0000] {processor.py:157} INFO - Started process (PID=647) to work on /home/airflow/.local/lib/python3.8/site-packages/airflow/example_dags/example_dynamic_task_mapping_with_no_taskflow_operators.py
[2023-10-14T11:00:47.019+0000] {processor.py:829} INFO - Processing file /home/airflow/.local/lib/python3.8/site-packages/airflow/example_dags/example_dynamic_task_mapping_with_no_taskflow_operators.py for tasks to queue
[2023-10-14T11:00:47.021+0000] {logging_mixin.py:151} INFO - [2023-10-14T11:00:47.021+0000] {dagbag.py:536} INFO - Filling up the DagBag from /home/airflow/.local/lib/python3.8/site-packages/airflow/example_dags/example_dynamic_task_mapping_with_no_taskflow_operators.py
[2023-10-14T11:00:47.026+0000] {processor.py:839} INFO - DAG(s) dict_keys(['example_dynamic_task_mapping_with_no_taskflow_operators']) retrieved from /home/airflow/.local/lib/python3.8/site-packages/airflow/example_dags/example_dynamic_task_mapping_with_no_taskflow_operators.py
[2023-10-14T11:00:47.040+0000] {logging_mixin.py:151} INFO - [2023-10-14T11:00:47.040+0000] {dag.py:2941} INFO - Sync 1 DAGs
[2023-10-14T11:00:47.052+0000] {logging_mixin.py:151} INFO - [2023-10-14T11:00:47.051+0000] {dag.py:3722} INFO - Setting next_dagrun for example_dynamic_task_mapping_with_no_taskflow_operators to 2023-10-13T11:00:47.051864+00:00, run_after=2023-10-14T11:00:47.051864+00:00
[2023-10-14T11:00:47.060+0000] {processor.py:179} INFO - Processing /home/airflow/.local/lib/python3.8/site-packages/airflow/example_dags/example_dynamic_task_mapping_with_no_taskflow_operators.py took 0.045 seconds
[2023-10-14T11:01:17.422+0000] {processor.py:157} INFO - Started process (PID=702) to work on /home/airflow/.local/lib/python3.8/site-packages/airflow/example_dags/example_dynamic_task_mapping_with_no_taskflow_operators.py
[2023-10-14T11:01:17.423+0000] {processor.py:829} INFO - Processing file /home/airflow/.local/lib/python3.8/site-packages/airflow/example_dags/example_dynamic_task_mapping_with_no_taskflow_operators.py for tasks to queue
[2023-10-14T11:01:17.424+0000] {logging_mixin.py:151} INFO - [2023-10-14T11:01:17.424+0000] {dagbag.py:536} INFO - Filling up the DagBag from /home/airflow/.local/lib/python3.8/site-packages/airflow/example_dags/example_dynamic_task_mapping_with_no_taskflow_operators.py
[2023-10-14T11:01:17.428+0000] {processor.py:839} INFO - DAG(s) dict_keys(['example_dynamic_task_mapping_with_no_taskflow_operators']) retrieved from /home/airflow/.local/lib/python3.8/site-packages/airflow/example_dags/example_dynamic_task_mapping_with_no_taskflow_operators.py
[2023-10-14T11:01:17.441+0000] {logging_mixin.py:151} INFO - [2023-10-14T11:01:17.441+0000] {dag.py:2941} INFO - Sync 1 DAGs
[2023-10-14T11:01:17.453+0000] {logging_mixin.py:151} INFO - [2023-10-14T11:01:17.453+0000] {dag.py:3722} INFO - Setting next_dagrun for example_dynamic_task_mapping_with_no_taskflow_operators to 2023-10-13T11:01:17.453112+00:00, run_after=2023-10-14T11:01:17.453112+00:00
[2023-10-14T11:01:17.462+0000] {processor.py:179} INFO - Processing /home/airflow/.local/lib/python3.8/site-packages/airflow/example_dags/example_dynamic_task_mapping_with_no_taskflow_operators.py took 0.043 seconds
[2023-10-14T11:01:47.656+0000] {processor.py:157} INFO - Started process (PID=758) to work on /home/airflow/.local/lib/python3.8/site-packages/airflow/example_dags/example_dynamic_task_mapping_with_no_taskflow_operators.py
[2023-10-14T11:01:47.658+0000] {processor.py:829} INFO - Processing file /home/airflow/.local/lib/python3.8/site-packages/airflow/example_dags/example_dynamic_task_mapping_with_no_taskflow_operators.py for tasks to queue
[2023-10-14T11:01:47.660+0000] {logging_mixin.py:151} INFO - [2023-10-14T11:01:47.660+0000] {dagbag.py:536} INFO - Filling up the DagBag from /home/airflow/.local/lib/python3.8/site-packages/airflow/example_dags/example_dynamic_task_mapping_with_no_taskflow_operators.py
[2023-10-14T11:01:47.665+0000] {processor.py:839} INFO - DAG(s) dict_keys(['example_dynamic_task_mapping_with_no_taskflow_operators']) retrieved from /home/airflow/.local/lib/python3.8/site-packages/airflow/example_dags/example_dynamic_task_mapping_with_no_taskflow_operators.py
[2023-10-14T11:01:47.681+0000] {logging_mixin.py:151} INFO - [2023-10-14T11:01:47.681+0000] {dag.py:2941} INFO - Sync 1 DAGs
[2023-10-14T11:01:47.694+0000] {logging_mixin.py:151} INFO - [2023-10-14T11:01:47.693+0000] {dag.py:3722} INFO - Setting next_dagrun for example_dynamic_task_mapping_with_no_taskflow_operators to 2023-10-13T11:01:47.693807+00:00, run_after=2023-10-14T11:01:47.693807+00:00
[2023-10-14T11:01:47.704+0000] {processor.py:179} INFO - Processing /home/airflow/.local/lib/python3.8/site-packages/airflow/example_dags/example_dynamic_task_mapping_with_no_taskflow_operators.py took 0.050 seconds
[2023-10-14T11:02:18.265+0000] {processor.py:157} INFO - Started process (PID=815) to work on /home/airflow/.local/lib/python3.8/site-packages/airflow/example_dags/example_dynamic_task_mapping_with_no_taskflow_operators.py
[2023-10-14T11:02:18.266+0000] {processor.py:829} INFO - Processing file /home/airflow/.local/lib/python3.8/site-packages/airflow/example_dags/example_dynamic_task_mapping_with_no_taskflow_operators.py for tasks to queue
[2023-10-14T11:02:18.269+0000] {logging_mixin.py:151} INFO - [2023-10-14T11:02:18.268+0000] {dagbag.py:536} INFO - Filling up the DagBag from /home/airflow/.local/lib/python3.8/site-packages/airflow/example_dags/example_dynamic_task_mapping_with_no_taskflow_operators.py
[2023-10-14T11:02:18.274+0000] {processor.py:839} INFO - DAG(s) dict_keys(['example_dynamic_task_mapping_with_no_taskflow_operators']) retrieved from /home/airflow/.local/lib/python3.8/site-packages/airflow/example_dags/example_dynamic_task_mapping_with_no_taskflow_operators.py
[2023-10-14T11:02:18.292+0000] {logging_mixin.py:151} INFO - [2023-10-14T11:02:18.291+0000] {dag.py:2941} INFO - Sync 1 DAGs
[2023-10-14T11:02:18.306+0000] {logging_mixin.py:151} INFO - [2023-10-14T11:02:18.306+0000] {dag.py:3722} INFO - Setting next_dagrun for example_dynamic_task_mapping_with_no_taskflow_operators to 2023-10-13T11:02:18.305998+00:00, run_after=2023-10-14T11:02:18.305998+00:00
[2023-10-14T11:02:18.317+0000] {processor.py:179} INFO - Processing /home/airflow/.local/lib/python3.8/site-packages/airflow/example_dags/example_dynamic_task_mapping_with_no_taskflow_operators.py took 0.055 seconds
[2023-10-14T11:02:48.667+0000] {processor.py:157} INFO - Started process (PID=870) to work on /home/airflow/.local/lib/python3.8/site-packages/airflow/example_dags/example_dynamic_task_mapping_with_no_taskflow_operators.py
[2023-10-14T11:02:48.668+0000] {processor.py:829} INFO - Processing file /home/airflow/.local/lib/python3.8/site-packages/airflow/example_dags/example_dynamic_task_mapping_with_no_taskflow_operators.py for tasks to queue
[2023-10-14T11:02:48.671+0000] {logging_mixin.py:151} INFO - [2023-10-14T11:02:48.670+0000] {dagbag.py:536} INFO - Filling up the DagBag from /home/airflow/.local/lib/python3.8/site-packages/airflow/example_dags/example_dynamic_task_mapping_with_no_taskflow_operators.py
[2023-10-14T11:02:48.678+0000] {processor.py:839} INFO - DAG(s) dict_keys(['example_dynamic_task_mapping_with_no_taskflow_operators']) retrieved from /home/airflow/.local/lib/python3.8/site-packages/airflow/example_dags/example_dynamic_task_mapping_with_no_taskflow_operators.py
[2023-10-14T11:02:48.693+0000] {logging_mixin.py:151} INFO - [2023-10-14T11:02:48.693+0000] {dag.py:2941} INFO - Sync 1 DAGs
[2023-10-14T11:02:48.707+0000] {logging_mixin.py:151} INFO - [2023-10-14T11:02:48.707+0000] {dag.py:3722} INFO - Setting next_dagrun for example_dynamic_task_mapping_with_no_taskflow_operators to 2023-10-13T11:02:48.707514+00:00, run_after=2023-10-14T11:02:48.707514+00:00
[2023-10-14T11:02:48.718+0000] {processor.py:179} INFO - Processing /home/airflow/.local/lib/python3.8/site-packages/airflow/example_dags/example_dynamic_task_mapping_with_no_taskflow_operators.py took 0.055 seconds
[2023-10-14T11:03:19.097+0000] {processor.py:157} INFO - Started process (PID=926) to work on /home/airflow/.local/lib/python3.8/site-packages/airflow/example_dags/example_dynamic_task_mapping_with_no_taskflow_operators.py
[2023-10-14T11:03:19.099+0000] {processor.py:829} INFO - Processing file /home/airflow/.local/lib/python3.8/site-packages/airflow/example_dags/example_dynamic_task_mapping_with_no_taskflow_operators.py for tasks to queue
[2023-10-14T11:03:19.101+0000] {logging_mixin.py:151} INFO - [2023-10-14T11:03:19.100+0000] {dagbag.py:536} INFO - Filling up the DagBag from /home/airflow/.local/lib/python3.8/site-packages/airflow/example_dags/example_dynamic_task_mapping_with_no_taskflow_operators.py
[2023-10-14T11:03:19.106+0000] {processor.py:839} INFO - DAG(s) dict_keys(['example_dynamic_task_mapping_with_no_taskflow_operators']) retrieved from /home/airflow/.local/lib/python3.8/site-packages/airflow/example_dags/example_dynamic_task_mapping_with_no_taskflow_operators.py
[2023-10-14T11:03:19.121+0000] {logging_mixin.py:151} INFO - [2023-10-14T11:03:19.121+0000] {dag.py:2941} INFO - Sync 1 DAGs
[2023-10-14T11:03:19.134+0000] {logging_mixin.py:151} INFO - [2023-10-14T11:03:19.134+0000] {dag.py:3722} INFO - Setting next_dagrun for example_dynamic_task_mapping_with_no_taskflow_operators to 2023-10-13T11:03:19.133979+00:00, run_after=2023-10-14T11:03:19.133979+00:00
[2023-10-14T11:03:19.142+0000] {processor.py:179} INFO - Processing /home/airflow/.local/lib/python3.8/site-packages/airflow/example_dags/example_dynamic_task_mapping_with_no_taskflow_operators.py took 0.050 seconds
[2023-10-14T11:03:49.468+0000] {processor.py:157} INFO - Started process (PID=981) to work on /home/airflow/.local/lib/python3.8/site-packages/airflow/example_dags/example_dynamic_task_mapping_with_no_taskflow_operators.py
[2023-10-14T11:03:49.470+0000] {processor.py:829} INFO - Processing file /home/airflow/.local/lib/python3.8/site-packages/airflow/example_dags/example_dynamic_task_mapping_with_no_taskflow_operators.py for tasks to queue
[2023-10-14T11:03:49.473+0000] {logging_mixin.py:151} INFO - [2023-10-14T11:03:49.472+0000] {dagbag.py:536} INFO - Filling up the DagBag from /home/airflow/.local/lib/python3.8/site-packages/airflow/example_dags/example_dynamic_task_mapping_with_no_taskflow_operators.py
[2023-10-14T11:03:49.481+0000] {processor.py:839} INFO - DAG(s) dict_keys(['example_dynamic_task_mapping_with_no_taskflow_operators']) retrieved from /home/airflow/.local/lib/python3.8/site-packages/airflow/example_dags/example_dynamic_task_mapping_with_no_taskflow_operators.py
[2023-10-14T11:03:49.499+0000] {logging_mixin.py:151} INFO - [2023-10-14T11:03:49.499+0000] {dag.py:2941} INFO - Sync 1 DAGs
[2023-10-14T11:03:49.513+0000] {logging_mixin.py:151} INFO - [2023-10-14T11:03:49.513+0000] {dag.py:3722} INFO - Setting next_dagrun for example_dynamic_task_mapping_with_no_taskflow_operators to 2023-10-13T11:03:49.512965+00:00, run_after=2023-10-14T11:03:49.512965+00:00
[2023-10-14T11:03:49.523+0000] {processor.py:179} INFO - Processing /home/airflow/.local/lib/python3.8/site-packages/airflow/example_dags/example_dynamic_task_mapping_with_no_taskflow_operators.py took 0.060 seconds
[2023-10-14T11:04:20.052+0000] {processor.py:157} INFO - Started process (PID=1037) to work on /home/airflow/.local/lib/python3.8/site-packages/airflow/example_dags/example_dynamic_task_mapping_with_no_taskflow_operators.py
[2023-10-14T11:04:20.053+0000] {processor.py:829} INFO - Processing file /home/airflow/.local/lib/python3.8/site-packages/airflow/example_dags/example_dynamic_task_mapping_with_no_taskflow_operators.py for tasks to queue
[2023-10-14T11:04:20.055+0000] {logging_mixin.py:151} INFO - [2023-10-14T11:04:20.055+0000] {dagbag.py:536} INFO - Filling up the DagBag from /home/airflow/.local/lib/python3.8/site-packages/airflow/example_dags/example_dynamic_task_mapping_with_no_taskflow_operators.py
[2023-10-14T11:04:20.065+0000] {processor.py:839} INFO - DAG(s) dict_keys(['example_dynamic_task_mapping_with_no_taskflow_operators']) retrieved from /home/airflow/.local/lib/python3.8/site-packages/airflow/example_dags/example_dynamic_task_mapping_with_no_taskflow_operators.py
[2023-10-14T11:04:20.088+0000] {logging_mixin.py:151} INFO - [2023-10-14T11:04:20.088+0000] {dag.py:2941} INFO - Sync 1 DAGs
[2023-10-14T11:04:20.105+0000] {logging_mixin.py:151} INFO - [2023-10-14T11:04:20.105+0000] {dag.py:3722} INFO - Setting next_dagrun for example_dynamic_task_mapping_with_no_taskflow_operators to 2023-10-13T11:04:20.105530+00:00, run_after=2023-10-14T11:04:20.105530+00:00
[2023-10-14T11:04:20.118+0000] {processor.py:179} INFO - Processing /home/airflow/.local/lib/python3.8/site-packages/airflow/example_dags/example_dynamic_task_mapping_with_no_taskflow_operators.py took 0.068 seconds
[2023-10-14T11:04:50.326+0000] {processor.py:157} INFO - Started process (PID=1092) to work on /home/airflow/.local/lib/python3.8/site-packages/airflow/example_dags/example_dynamic_task_mapping_with_no_taskflow_operators.py
[2023-10-14T11:04:50.327+0000] {processor.py:829} INFO - Processing file /home/airflow/.local/lib/python3.8/site-packages/airflow/example_dags/example_dynamic_task_mapping_with_no_taskflow_operators.py for tasks to queue
[2023-10-14T11:04:50.330+0000] {logging_mixin.py:151} INFO - [2023-10-14T11:04:50.330+0000] {dagbag.py:536} INFO - Filling up the DagBag from /home/airflow/.local/lib/python3.8/site-packages/airflow/example_dags/example_dynamic_task_mapping_with_no_taskflow_operators.py
[2023-10-14T11:04:50.336+0000] {processor.py:839} INFO - DAG(s) dict_keys(['example_dynamic_task_mapping_with_no_taskflow_operators']) retrieved from /home/airflow/.local/lib/python3.8/site-packages/airflow/example_dags/example_dynamic_task_mapping_with_no_taskflow_operators.py
[2023-10-14T11:04:50.354+0000] {logging_mixin.py:151} INFO - [2023-10-14T11:04:50.354+0000] {dag.py:2941} INFO - Sync 1 DAGs
[2023-10-14T11:04:50.367+0000] {logging_mixin.py:151} INFO - [2023-10-14T11:04:50.367+0000] {dag.py:3722} INFO - Setting next_dagrun for example_dynamic_task_mapping_with_no_taskflow_operators to 2023-10-13T11:04:50.367346+00:00, run_after=2023-10-14T11:04:50.367346+00:00
[2023-10-14T11:04:50.377+0000] {processor.py:179} INFO - Processing /home/airflow/.local/lib/python3.8/site-packages/airflow/example_dags/example_dynamic_task_mapping_with_no_taskflow_operators.py took 0.056 seconds
[2023-10-14T11:05:20.581+0000] {processor.py:157} INFO - Started process (PID=1147) to work on /home/airflow/.local/lib/python3.8/site-packages/airflow/example_dags/example_dynamic_task_mapping_with_no_taskflow_operators.py
[2023-10-14T11:05:20.582+0000] {processor.py:829} INFO - Processing file /home/airflow/.local/lib/python3.8/site-packages/airflow/example_dags/example_dynamic_task_mapping_with_no_taskflow_operators.py for tasks to queue
[2023-10-14T11:05:20.584+0000] {logging_mixin.py:151} INFO - [2023-10-14T11:05:20.583+0000] {dagbag.py:536} INFO - Filling up the DagBag from /home/airflow/.local/lib/python3.8/site-packages/airflow/example_dags/example_dynamic_task_mapping_with_no_taskflow_operators.py
[2023-10-14T11:05:20.588+0000] {processor.py:839} INFO - DAG(s) dict_keys(['example_dynamic_task_mapping_with_no_taskflow_operators']) retrieved from /home/airflow/.local/lib/python3.8/site-packages/airflow/example_dags/example_dynamic_task_mapping_with_no_taskflow_operators.py
[2023-10-14T11:05:20.602+0000] {logging_mixin.py:151} INFO - [2023-10-14T11:05:20.602+0000] {dag.py:2941} INFO - Sync 1 DAGs
[2023-10-14T11:05:20.615+0000] {logging_mixin.py:151} INFO - [2023-10-14T11:05:20.615+0000] {dag.py:3722} INFO - Setting next_dagrun for example_dynamic_task_mapping_with_no_taskflow_operators to 2023-10-13T11:05:20.615496+00:00, run_after=2023-10-14T11:05:20.615496+00:00
[2023-10-14T11:05:20.625+0000] {processor.py:179} INFO - Processing /home/airflow/.local/lib/python3.8/site-packages/airflow/example_dags/example_dynamic_task_mapping_with_no_taskflow_operators.py took 0.046 seconds
[2023-10-14T11:05:51.437+0000] {processor.py:157} INFO - Started process (PID=1202) to work on /home/airflow/.local/lib/python3.8/site-packages/airflow/example_dags/example_dynamic_task_mapping_with_no_taskflow_operators.py
[2023-10-14T11:05:51.438+0000] {processor.py:829} INFO - Processing file /home/airflow/.local/lib/python3.8/site-packages/airflow/example_dags/example_dynamic_task_mapping_with_no_taskflow_operators.py for tasks to queue
[2023-10-14T11:05:51.440+0000] {logging_mixin.py:151} INFO - [2023-10-14T11:05:51.440+0000] {dagbag.py:536} INFO - Filling up the DagBag from /home/airflow/.local/lib/python3.8/site-packages/airflow/example_dags/example_dynamic_task_mapping_with_no_taskflow_operators.py
[2023-10-14T11:05:51.446+0000] {processor.py:839} INFO - DAG(s) dict_keys(['example_dynamic_task_mapping_with_no_taskflow_operators']) retrieved from /home/airflow/.local/lib/python3.8/site-packages/airflow/example_dags/example_dynamic_task_mapping_with_no_taskflow_operators.py
[2023-10-14T11:05:51.463+0000] {logging_mixin.py:151} INFO - [2023-10-14T11:05:51.463+0000] {dag.py:2941} INFO - Sync 1 DAGs
[2023-10-14T11:05:51.475+0000] {logging_mixin.py:151} INFO - [2023-10-14T11:05:51.475+0000] {dag.py:3722} INFO - Setting next_dagrun for example_dynamic_task_mapping_with_no_taskflow_operators to 2023-10-13T11:05:51.475613+00:00, run_after=2023-10-14T11:05:51.475613+00:00
[2023-10-14T11:05:51.485+0000] {processor.py:179} INFO - Processing /home/airflow/.local/lib/python3.8/site-packages/airflow/example_dags/example_dynamic_task_mapping_with_no_taskflow_operators.py took 0.052 seconds
[2023-10-14T11:06:21.902+0000] {processor.py:157} INFO - Started process (PID=1258) to work on /home/airflow/.local/lib/python3.8/site-packages/airflow/example_dags/example_dynamic_task_mapping_with_no_taskflow_operators.py
[2023-10-14T11:06:21.904+0000] {processor.py:829} INFO - Processing file /home/airflow/.local/lib/python3.8/site-packages/airflow/example_dags/example_dynamic_task_mapping_with_no_taskflow_operators.py for tasks to queue
[2023-10-14T11:06:21.906+0000] {logging_mixin.py:151} INFO - [2023-10-14T11:06:21.905+0000] {dagbag.py:536} INFO - Filling up the DagBag from /home/airflow/.local/lib/python3.8/site-packages/airflow/example_dags/example_dynamic_task_mapping_with_no_taskflow_operators.py
[2023-10-14T11:06:21.911+0000] {processor.py:839} INFO - DAG(s) dict_keys(['example_dynamic_task_mapping_with_no_taskflow_operators']) retrieved from /home/airflow/.local/lib/python3.8/site-packages/airflow/example_dags/example_dynamic_task_mapping_with_no_taskflow_operators.py
[2023-10-14T11:06:21.926+0000] {logging_mixin.py:151} INFO - [2023-10-14T11:06:21.925+0000] {dag.py:2941} INFO - Sync 1 DAGs
[2023-10-14T11:06:21.939+0000] {logging_mixin.py:151} INFO - [2023-10-14T11:06:21.939+0000] {dag.py:3722} INFO - Setting next_dagrun for example_dynamic_task_mapping_with_no_taskflow_operators to 2023-10-13T11:06:21.939058+00:00, run_after=2023-10-14T11:06:21.939058+00:00
[2023-10-14T11:06:21.948+0000] {processor.py:179} INFO - Processing /home/airflow/.local/lib/python3.8/site-packages/airflow/example_dags/example_dynamic_task_mapping_with_no_taskflow_operators.py took 0.050 seconds
[2023-10-14T11:06:52.252+0000] {processor.py:157} INFO - Started process (PID=1313) to work on /home/airflow/.local/lib/python3.8/site-packages/airflow/example_dags/example_dynamic_task_mapping_with_no_taskflow_operators.py
[2023-10-14T11:06:52.254+0000] {processor.py:829} INFO - Processing file /home/airflow/.local/lib/python3.8/site-packages/airflow/example_dags/example_dynamic_task_mapping_with_no_taskflow_operators.py for tasks to queue
[2023-10-14T11:06:52.257+0000] {logging_mixin.py:151} INFO - [2023-10-14T11:06:52.257+0000] {dagbag.py:536} INFO - Filling up the DagBag from /home/airflow/.local/lib/python3.8/site-packages/airflow/example_dags/example_dynamic_task_mapping_with_no_taskflow_operators.py
[2023-10-14T11:06:52.266+0000] {processor.py:839} INFO - DAG(s) dict_keys(['example_dynamic_task_mapping_with_no_taskflow_operators']) retrieved from /home/airflow/.local/lib/python3.8/site-packages/airflow/example_dags/example_dynamic_task_mapping_with_no_taskflow_operators.py
[2023-10-14T11:06:52.282+0000] {logging_mixin.py:151} INFO - [2023-10-14T11:06:52.281+0000] {dag.py:2941} INFO - Sync 1 DAGs
[2023-10-14T11:06:52.294+0000] {logging_mixin.py:151} INFO - [2023-10-14T11:06:52.294+0000] {dag.py:3722} INFO - Setting next_dagrun for example_dynamic_task_mapping_with_no_taskflow_operators to 2023-10-13T11:06:52.294431+00:00, run_after=2023-10-14T11:06:52.294431+00:00
[2023-10-14T11:06:52.304+0000] {processor.py:179} INFO - Processing /home/airflow/.local/lib/python3.8/site-packages/airflow/example_dags/example_dynamic_task_mapping_with_no_taskflow_operators.py took 0.057 seconds
[2023-10-14T11:07:24.602+0000] {processor.py:157} INFO - Started process (PID=1372) to work on /home/airflow/.local/lib/python3.8/site-packages/airflow/example_dags/example_dynamic_task_mapping_with_no_taskflow_operators.py
[2023-10-14T11:07:24.613+0000] {processor.py:829} INFO - Processing file /home/airflow/.local/lib/python3.8/site-packages/airflow/example_dags/example_dynamic_task_mapping_with_no_taskflow_operators.py for tasks to queue
[2023-10-14T11:07:24.618+0000] {logging_mixin.py:151} INFO - [2023-10-14T11:07:24.618+0000] {dagbag.py:536} INFO - Filling up the DagBag from /home/airflow/.local/lib/python3.8/site-packages/airflow/example_dags/example_dynamic_task_mapping_with_no_taskflow_operators.py
[2023-10-14T11:07:24.693+0000] {processor.py:839} INFO - DAG(s) dict_keys(['example_dynamic_task_mapping_with_no_taskflow_operators']) retrieved from /home/airflow/.local/lib/python3.8/site-packages/airflow/example_dags/example_dynamic_task_mapping_with_no_taskflow_operators.py
[2023-10-14T11:07:24.901+0000] {logging_mixin.py:151} INFO - [2023-10-14T11:07:24.897+0000] {dag.py:2941} INFO - Sync 1 DAGs
[2023-10-14T11:07:25.640+0000] {logging_mixin.py:151} INFO - [2023-10-14T11:07:25.639+0000] {dag.py:3722} INFO - Setting next_dagrun for example_dynamic_task_mapping_with_no_taskflow_operators to 2023-10-13T11:07:25.636137+00:00, run_after=2023-10-14T11:07:25.636137+00:00
[2023-10-14T11:07:25.968+0000] {processor.py:179} INFO - Processing /home/airflow/.local/lib/python3.8/site-packages/airflow/example_dags/example_dynamic_task_mapping_with_no_taskflow_operators.py took 1.386 seconds
[2023-10-14T11:07:56.432+0000] {processor.py:157} INFO - Started process (PID=1427) to work on /home/airflow/.local/lib/python3.8/site-packages/airflow/example_dags/example_dynamic_task_mapping_with_no_taskflow_operators.py
[2023-10-14T11:07:56.433+0000] {processor.py:829} INFO - Processing file /home/airflow/.local/lib/python3.8/site-packages/airflow/example_dags/example_dynamic_task_mapping_with_no_taskflow_operators.py for tasks to queue
[2023-10-14T11:07:56.435+0000] {logging_mixin.py:151} INFO - [2023-10-14T11:07:56.434+0000] {dagbag.py:536} INFO - Filling up the DagBag from /home/airflow/.local/lib/python3.8/site-packages/airflow/example_dags/example_dynamic_task_mapping_with_no_taskflow_operators.py
[2023-10-14T11:07:56.440+0000] {processor.py:839} INFO - DAG(s) dict_keys(['example_dynamic_task_mapping_with_no_taskflow_operators']) retrieved from /home/airflow/.local/lib/python3.8/site-packages/airflow/example_dags/example_dynamic_task_mapping_with_no_taskflow_operators.py
[2023-10-14T11:07:56.455+0000] {logging_mixin.py:151} INFO - [2023-10-14T11:07:56.455+0000] {dag.py:2941} INFO - Sync 1 DAGs
[2023-10-14T11:07:56.467+0000] {logging_mixin.py:151} INFO - [2023-10-14T11:07:56.467+0000] {dag.py:3722} INFO - Setting next_dagrun for example_dynamic_task_mapping_with_no_taskflow_operators to 2023-10-13T11:07:56.467407+00:00, run_after=2023-10-14T11:07:56.467407+00:00
[2023-10-14T11:07:56.476+0000] {processor.py:179} INFO - Processing /home/airflow/.local/lib/python3.8/site-packages/airflow/example_dags/example_dynamic_task_mapping_with_no_taskflow_operators.py took 0.048 seconds
[2023-10-14T11:08:27.188+0000] {processor.py:157} INFO - Started process (PID=1482) to work on /home/airflow/.local/lib/python3.8/site-packages/airflow/example_dags/example_dynamic_task_mapping_with_no_taskflow_operators.py
[2023-10-14T11:08:27.191+0000] {processor.py:829} INFO - Processing file /home/airflow/.local/lib/python3.8/site-packages/airflow/example_dags/example_dynamic_task_mapping_with_no_taskflow_operators.py for tasks to queue
[2023-10-14T11:08:27.194+0000] {logging_mixin.py:151} INFO - [2023-10-14T11:08:27.194+0000] {dagbag.py:536} INFO - Filling up the DagBag from /home/airflow/.local/lib/python3.8/site-packages/airflow/example_dags/example_dynamic_task_mapping_with_no_taskflow_operators.py
[2023-10-14T11:08:27.205+0000] {processor.py:839} INFO - DAG(s) dict_keys(['example_dynamic_task_mapping_with_no_taskflow_operators']) retrieved from /home/airflow/.local/lib/python3.8/site-packages/airflow/example_dags/example_dynamic_task_mapping_with_no_taskflow_operators.py
[2023-10-14T11:08:27.230+0000] {logging_mixin.py:151} INFO - [2023-10-14T11:08:27.230+0000] {dag.py:2941} INFO - Sync 1 DAGs
[2023-10-14T11:08:27.249+0000] {logging_mixin.py:151} INFO - [2023-10-14T11:08:27.249+0000] {dag.py:3722} INFO - Setting next_dagrun for example_dynamic_task_mapping_with_no_taskflow_operators to 2023-10-13T11:08:27.249663+00:00, run_after=2023-10-14T11:08:27.249663+00:00
[2023-10-14T11:08:27.262+0000] {processor.py:179} INFO - Processing /home/airflow/.local/lib/python3.8/site-packages/airflow/example_dags/example_dynamic_task_mapping_with_no_taskflow_operators.py took 0.081 seconds
[2023-10-14T11:08:57.833+0000] {processor.py:157} INFO - Started process (PID=1537) to work on /home/airflow/.local/lib/python3.8/site-packages/airflow/example_dags/example_dynamic_task_mapping_with_no_taskflow_operators.py
[2023-10-14T11:08:57.837+0000] {processor.py:829} INFO - Processing file /home/airflow/.local/lib/python3.8/site-packages/airflow/example_dags/example_dynamic_task_mapping_with_no_taskflow_operators.py for tasks to queue
[2023-10-14T11:08:57.841+0000] {logging_mixin.py:151} INFO - [2023-10-14T11:08:57.840+0000] {dagbag.py:536} INFO - Filling up the DagBag from /home/airflow/.local/lib/python3.8/site-packages/airflow/example_dags/example_dynamic_task_mapping_with_no_taskflow_operators.py
[2023-10-14T11:08:57.852+0000] {processor.py:839} INFO - DAG(s) dict_keys(['example_dynamic_task_mapping_with_no_taskflow_operators']) retrieved from /home/airflow/.local/lib/python3.8/site-packages/airflow/example_dags/example_dynamic_task_mapping_with_no_taskflow_operators.py
[2023-10-14T11:08:57.870+0000] {logging_mixin.py:151} INFO - [2023-10-14T11:08:57.869+0000] {dag.py:2941} INFO - Sync 1 DAGs
[2023-10-14T11:08:57.883+0000] {logging_mixin.py:151} INFO - [2023-10-14T11:08:57.883+0000] {dag.py:3722} INFO - Setting next_dagrun for example_dynamic_task_mapping_with_no_taskflow_operators to 2023-10-13T11:08:57.883065+00:00, run_after=2023-10-14T11:08:57.883065+00:00
[2023-10-14T11:08:57.893+0000] {processor.py:179} INFO - Processing /home/airflow/.local/lib/python3.8/site-packages/airflow/example_dags/example_dynamic_task_mapping_with_no_taskflow_operators.py took 0.066 seconds
[2023-10-14T11:09:28.135+0000] {processor.py:157} INFO - Started process (PID=1592) to work on /home/airflow/.local/lib/python3.8/site-packages/airflow/example_dags/example_dynamic_task_mapping_with_no_taskflow_operators.py
[2023-10-14T11:09:28.138+0000] {processor.py:829} INFO - Processing file /home/airflow/.local/lib/python3.8/site-packages/airflow/example_dags/example_dynamic_task_mapping_with_no_taskflow_operators.py for tasks to queue
[2023-10-14T11:09:28.141+0000] {logging_mixin.py:151} INFO - [2023-10-14T11:09:28.140+0000] {dagbag.py:536} INFO - Filling up the DagBag from /home/airflow/.local/lib/python3.8/site-packages/airflow/example_dags/example_dynamic_task_mapping_with_no_taskflow_operators.py
[2023-10-14T11:09:28.148+0000] {processor.py:839} INFO - DAG(s) dict_keys(['example_dynamic_task_mapping_with_no_taskflow_operators']) retrieved from /home/airflow/.local/lib/python3.8/site-packages/airflow/example_dags/example_dynamic_task_mapping_with_no_taskflow_operators.py
[2023-10-14T11:09:28.165+0000] {logging_mixin.py:151} INFO - [2023-10-14T11:09:28.165+0000] {dag.py:2941} INFO - Sync 1 DAGs
[2023-10-14T11:09:28.182+0000] {logging_mixin.py:151} INFO - [2023-10-14T11:09:28.181+0000] {dag.py:3722} INFO - Setting next_dagrun for example_dynamic_task_mapping_with_no_taskflow_operators to 2023-10-13T11:09:28.181499+00:00, run_after=2023-10-14T11:09:28.181499+00:00
[2023-10-14T11:09:28.195+0000] {processor.py:179} INFO - Processing /home/airflow/.local/lib/python3.8/site-packages/airflow/example_dags/example_dynamic_task_mapping_with_no_taskflow_operators.py took 0.064 seconds
