[2023-10-14T10:55:15.521+0000] {processor.py:157} INFO - Started process (PID=53) to work on /home/airflow/.local/lib/python3.8/site-packages/airflow/example_dags/example_short_circuit_operator.py
[2023-10-14T10:55:15.528+0000] {processor.py:829} INFO - Processing file /home/airflow/.local/lib/python3.8/site-packages/airflow/example_dags/example_short_circuit_operator.py for tasks to queue
[2023-10-14T10:55:15.534+0000] {logging_mixin.py:151} INFO - [2023-10-14T10:55:15.533+0000] {dagbag.py:536} INFO - Filling up the DagBag from /home/airflow/.local/lib/python3.8/site-packages/airflow/example_dags/example_short_circuit_operator.py
[2023-10-14T10:55:15.547+0000] {processor.py:839} INFO - DAG(s) dict_keys(['example_short_circuit_operator']) retrieved from /home/airflow/.local/lib/python3.8/site-packages/airflow/example_dags/example_short_circuit_operator.py
[2023-10-14T10:55:15.590+0000] {logging_mixin.py:151} INFO - [2023-10-14T10:55:15.590+0000] {dag.py:2941} INFO - Sync 1 DAGs
[2023-10-14T10:55:15.626+0000] {logging_mixin.py:151} INFO - [2023-10-14T10:55:15.626+0000] {dag.py:3722} INFO - Setting next_dagrun for example_short_circuit_operator to 2023-10-13T10:55:15.626100+00:00, run_after=2023-10-14T10:55:15.626100+00:00
[2023-10-14T10:55:15.653+0000] {processor.py:179} INFO - Processing /home/airflow/.local/lib/python3.8/site-packages/airflow/example_dags/example_short_circuit_operator.py took 0.135 seconds
[2023-10-14T10:55:46.499+0000] {processor.py:157} INFO - Started process (PID=108) to work on /home/airflow/.local/lib/python3.8/site-packages/airflow/example_dags/example_short_circuit_operator.py
[2023-10-14T10:55:46.499+0000] {processor.py:829} INFO - Processing file /home/airflow/.local/lib/python3.8/site-packages/airflow/example_dags/example_short_circuit_operator.py for tasks to queue
[2023-10-14T10:55:46.501+0000] {logging_mixin.py:151} INFO - [2023-10-14T10:55:46.501+0000] {dagbag.py:536} INFO - Filling up the DagBag from /home/airflow/.local/lib/python3.8/site-packages/airflow/example_dags/example_short_circuit_operator.py
[2023-10-14T10:55:46.506+0000] {processor.py:839} INFO - DAG(s) dict_keys(['example_short_circuit_operator']) retrieved from /home/airflow/.local/lib/python3.8/site-packages/airflow/example_dags/example_short_circuit_operator.py
[2023-10-14T10:55:46.520+0000] {logging_mixin.py:151} INFO - [2023-10-14T10:55:46.520+0000] {dag.py:2941} INFO - Sync 1 DAGs
[2023-10-14T10:55:46.532+0000] {logging_mixin.py:151} INFO - [2023-10-14T10:55:46.532+0000] {dag.py:3722} INFO - Setting next_dagrun for example_short_circuit_operator to 2023-10-13T10:55:46.532691+00:00, run_after=2023-10-14T10:55:46.532691+00:00
[2023-10-14T10:55:46.541+0000] {processor.py:179} INFO - Processing /home/airflow/.local/lib/python3.8/site-packages/airflow/example_dags/example_short_circuit_operator.py took 0.045 seconds
[2023-10-14T10:56:17.037+0000] {processor.py:157} INFO - Started process (PID=163) to work on /home/airflow/.local/lib/python3.8/site-packages/airflow/example_dags/example_short_circuit_operator.py
[2023-10-14T10:56:17.038+0000] {processor.py:829} INFO - Processing file /home/airflow/.local/lib/python3.8/site-packages/airflow/example_dags/example_short_circuit_operator.py for tasks to queue
[2023-10-14T10:56:17.040+0000] {logging_mixin.py:151} INFO - [2023-10-14T10:56:17.040+0000] {dagbag.py:536} INFO - Filling up the DagBag from /home/airflow/.local/lib/python3.8/site-packages/airflow/example_dags/example_short_circuit_operator.py
[2023-10-14T10:56:17.045+0000] {processor.py:839} INFO - DAG(s) dict_keys(['example_short_circuit_operator']) retrieved from /home/airflow/.local/lib/python3.8/site-packages/airflow/example_dags/example_short_circuit_operator.py
[2023-10-14T10:56:17.058+0000] {logging_mixin.py:151} INFO - [2023-10-14T10:56:17.058+0000] {dag.py:2941} INFO - Sync 1 DAGs
[2023-10-14T10:56:17.070+0000] {logging_mixin.py:151} INFO - [2023-10-14T10:56:17.069+0000] {dag.py:3722} INFO - Setting next_dagrun for example_short_circuit_operator to 2023-10-13T10:56:17.069729+00:00, run_after=2023-10-14T10:56:17.069729+00:00
[2023-10-14T10:56:17.079+0000] {processor.py:179} INFO - Processing /home/airflow/.local/lib/python3.8/site-packages/airflow/example_dags/example_short_circuit_operator.py took 0.044 seconds
[2023-10-14T10:56:47.353+0000] {processor.py:157} INFO - Started process (PID=218) to work on /home/airflow/.local/lib/python3.8/site-packages/airflow/example_dags/example_short_circuit_operator.py
[2023-10-14T10:56:47.353+0000] {processor.py:829} INFO - Processing file /home/airflow/.local/lib/python3.8/site-packages/airflow/example_dags/example_short_circuit_operator.py for tasks to queue
[2023-10-14T10:56:47.355+0000] {logging_mixin.py:151} INFO - [2023-10-14T10:56:47.355+0000] {dagbag.py:536} INFO - Filling up the DagBag from /home/airflow/.local/lib/python3.8/site-packages/airflow/example_dags/example_short_circuit_operator.py
[2023-10-14T10:56:47.359+0000] {processor.py:839} INFO - DAG(s) dict_keys(['example_short_circuit_operator']) retrieved from /home/airflow/.local/lib/python3.8/site-packages/airflow/example_dags/example_short_circuit_operator.py
[2023-10-14T10:56:47.373+0000] {logging_mixin.py:151} INFO - [2023-10-14T10:56:47.373+0000] {dag.py:2941} INFO - Sync 1 DAGs
[2023-10-14T10:56:47.385+0000] {logging_mixin.py:151} INFO - [2023-10-14T10:56:47.384+0000] {dag.py:3722} INFO - Setting next_dagrun for example_short_circuit_operator to 2023-10-13T10:56:47.384684+00:00, run_after=2023-10-14T10:56:47.384684+00:00
[2023-10-14T10:56:47.395+0000] {processor.py:179} INFO - Processing /home/airflow/.local/lib/python3.8/site-packages/airflow/example_dags/example_short_circuit_operator.py took 0.044 seconds
[2023-10-14T10:57:17.640+0000] {processor.py:157} INFO - Started process (PID=273) to work on /home/airflow/.local/lib/python3.8/site-packages/airflow/example_dags/example_short_circuit_operator.py
[2023-10-14T10:57:17.641+0000] {processor.py:829} INFO - Processing file /home/airflow/.local/lib/python3.8/site-packages/airflow/example_dags/example_short_circuit_operator.py for tasks to queue
[2023-10-14T10:57:17.642+0000] {logging_mixin.py:151} INFO - [2023-10-14T10:57:17.642+0000] {dagbag.py:536} INFO - Filling up the DagBag from /home/airflow/.local/lib/python3.8/site-packages/airflow/example_dags/example_short_circuit_operator.py
[2023-10-14T10:57:17.647+0000] {processor.py:839} INFO - DAG(s) dict_keys(['example_short_circuit_operator']) retrieved from /home/airflow/.local/lib/python3.8/site-packages/airflow/example_dags/example_short_circuit_operator.py
[2023-10-14T10:57:17.661+0000] {logging_mixin.py:151} INFO - [2023-10-14T10:57:17.661+0000] {dag.py:2941} INFO - Sync 1 DAGs
[2023-10-14T10:57:17.673+0000] {logging_mixin.py:151} INFO - [2023-10-14T10:57:17.673+0000] {dag.py:3722} INFO - Setting next_dagrun for example_short_circuit_operator to 2023-10-13T10:57:17.672929+00:00, run_after=2023-10-14T10:57:17.672929+00:00
[2023-10-14T10:57:17.683+0000] {processor.py:179} INFO - Processing /home/airflow/.local/lib/python3.8/site-packages/airflow/example_dags/example_short_circuit_operator.py took 0.045 seconds
[2023-10-14T10:57:47.910+0000] {processor.py:157} INFO - Started process (PID=328) to work on /home/airflow/.local/lib/python3.8/site-packages/airflow/example_dags/example_short_circuit_operator.py
[2023-10-14T10:57:47.911+0000] {processor.py:829} INFO - Processing file /home/airflow/.local/lib/python3.8/site-packages/airflow/example_dags/example_short_circuit_operator.py for tasks to queue
[2023-10-14T10:57:47.913+0000] {logging_mixin.py:151} INFO - [2023-10-14T10:57:47.913+0000] {dagbag.py:536} INFO - Filling up the DagBag from /home/airflow/.local/lib/python3.8/site-packages/airflow/example_dags/example_short_circuit_operator.py
[2023-10-14T10:57:47.918+0000] {processor.py:839} INFO - DAG(s) dict_keys(['example_short_circuit_operator']) retrieved from /home/airflow/.local/lib/python3.8/site-packages/airflow/example_dags/example_short_circuit_operator.py
[2023-10-14T10:57:47.932+0000] {logging_mixin.py:151} INFO - [2023-10-14T10:57:47.931+0000] {dag.py:2941} INFO - Sync 1 DAGs
[2023-10-14T10:57:47.944+0000] {logging_mixin.py:151} INFO - [2023-10-14T10:57:47.944+0000] {dag.py:3722} INFO - Setting next_dagrun for example_short_circuit_operator to 2023-10-13T10:57:47.943884+00:00, run_after=2023-10-14T10:57:47.943884+00:00
[2023-10-14T10:57:47.953+0000] {processor.py:179} INFO - Processing /home/airflow/.local/lib/python3.8/site-packages/airflow/example_dags/example_short_circuit_operator.py took 0.045 seconds
[2023-10-14T10:58:18.443+0000] {processor.py:157} INFO - Started process (PID=384) to work on /home/airflow/.local/lib/python3.8/site-packages/airflow/example_dags/example_short_circuit_operator.py
[2023-10-14T10:58:18.445+0000] {processor.py:829} INFO - Processing file /home/airflow/.local/lib/python3.8/site-packages/airflow/example_dags/example_short_circuit_operator.py for tasks to queue
[2023-10-14T10:58:18.448+0000] {logging_mixin.py:151} INFO - [2023-10-14T10:58:18.447+0000] {dagbag.py:536} INFO - Filling up the DagBag from /home/airflow/.local/lib/python3.8/site-packages/airflow/example_dags/example_short_circuit_operator.py
[2023-10-14T10:58:18.455+0000] {processor.py:839} INFO - DAG(s) dict_keys(['example_short_circuit_operator']) retrieved from /home/airflow/.local/lib/python3.8/site-packages/airflow/example_dags/example_short_circuit_operator.py
[2023-10-14T10:58:18.470+0000] {logging_mixin.py:151} INFO - [2023-10-14T10:58:18.470+0000] {dag.py:2941} INFO - Sync 1 DAGs
[2023-10-14T10:58:18.482+0000] {logging_mixin.py:151} INFO - [2023-10-14T10:58:18.482+0000] {dag.py:3722} INFO - Setting next_dagrun for example_short_circuit_operator to 2023-10-13T10:58:18.481914+00:00, run_after=2023-10-14T10:58:18.481914+00:00
[2023-10-14T10:58:18.491+0000] {processor.py:179} INFO - Processing /home/airflow/.local/lib/python3.8/site-packages/airflow/example_dags/example_short_circuit_operator.py took 0.051 seconds
[2023-10-14T10:58:48.673+0000] {processor.py:157} INFO - Started process (PID=439) to work on /home/airflow/.local/lib/python3.8/site-packages/airflow/example_dags/example_short_circuit_operator.py
[2023-10-14T10:58:48.674+0000] {processor.py:829} INFO - Processing file /home/airflow/.local/lib/python3.8/site-packages/airflow/example_dags/example_short_circuit_operator.py for tasks to queue
[2023-10-14T10:58:48.675+0000] {logging_mixin.py:151} INFO - [2023-10-14T10:58:48.675+0000] {dagbag.py:536} INFO - Filling up the DagBag from /home/airflow/.local/lib/python3.8/site-packages/airflow/example_dags/example_short_circuit_operator.py
[2023-10-14T10:58:48.680+0000] {processor.py:839} INFO - DAG(s) dict_keys(['example_short_circuit_operator']) retrieved from /home/airflow/.local/lib/python3.8/site-packages/airflow/example_dags/example_short_circuit_operator.py
[2023-10-14T10:58:48.693+0000] {logging_mixin.py:151} INFO - [2023-10-14T10:58:48.693+0000] {dag.py:2941} INFO - Sync 1 DAGs
[2023-10-14T10:58:48.705+0000] {logging_mixin.py:151} INFO - [2023-10-14T10:58:48.704+0000] {dag.py:3722} INFO - Setting next_dagrun for example_short_circuit_operator to 2023-10-13T10:58:48.704749+00:00, run_after=2023-10-14T10:58:48.704749+00:00
[2023-10-14T10:58:48.713+0000] {processor.py:179} INFO - Processing /home/airflow/.local/lib/python3.8/site-packages/airflow/example_dags/example_short_circuit_operator.py took 0.043 seconds
[2023-10-14T10:59:19.107+0000] {processor.py:157} INFO - Started process (PID=493) to work on /home/airflow/.local/lib/python3.8/site-packages/airflow/example_dags/example_short_circuit_operator.py
[2023-10-14T10:59:19.108+0000] {processor.py:829} INFO - Processing file /home/airflow/.local/lib/python3.8/site-packages/airflow/example_dags/example_short_circuit_operator.py for tasks to queue
[2023-10-14T10:59:19.110+0000] {logging_mixin.py:151} INFO - [2023-10-14T10:59:19.110+0000] {dagbag.py:536} INFO - Filling up the DagBag from /home/airflow/.local/lib/python3.8/site-packages/airflow/example_dags/example_short_circuit_operator.py
[2023-10-14T10:59:19.115+0000] {processor.py:839} INFO - DAG(s) dict_keys(['example_short_circuit_operator']) retrieved from /home/airflow/.local/lib/python3.8/site-packages/airflow/example_dags/example_short_circuit_operator.py
[2023-10-14T10:59:19.130+0000] {logging_mixin.py:151} INFO - [2023-10-14T10:59:19.130+0000] {dag.py:2941} INFO - Sync 1 DAGs
[2023-10-14T10:59:19.141+0000] {logging_mixin.py:151} INFO - [2023-10-14T10:59:19.141+0000] {dag.py:3722} INFO - Setting next_dagrun for example_short_circuit_operator to 2023-10-13T10:59:19.141230+00:00, run_after=2023-10-14T10:59:19.141230+00:00
[2023-10-14T10:59:19.151+0000] {processor.py:179} INFO - Processing /home/airflow/.local/lib/python3.8/site-packages/airflow/example_dags/example_short_circuit_operator.py took 0.046 seconds
[2023-10-14T10:59:50.134+0000] {processor.py:157} INFO - Started process (PID=549) to work on /home/airflow/.local/lib/python3.8/site-packages/airflow/example_dags/example_short_circuit_operator.py
[2023-10-14T10:59:50.135+0000] {processor.py:829} INFO - Processing file /home/airflow/.local/lib/python3.8/site-packages/airflow/example_dags/example_short_circuit_operator.py for tasks to queue
[2023-10-14T10:59:50.137+0000] {logging_mixin.py:151} INFO - [2023-10-14T10:59:50.137+0000] {dagbag.py:536} INFO - Filling up the DagBag from /home/airflow/.local/lib/python3.8/site-packages/airflow/example_dags/example_short_circuit_operator.py
[2023-10-14T10:59:50.141+0000] {processor.py:839} INFO - DAG(s) dict_keys(['example_short_circuit_operator']) retrieved from /home/airflow/.local/lib/python3.8/site-packages/airflow/example_dags/example_short_circuit_operator.py
[2023-10-14T10:59:50.155+0000] {logging_mixin.py:151} INFO - [2023-10-14T10:59:50.155+0000] {dag.py:2941} INFO - Sync 1 DAGs
[2023-10-14T10:59:50.167+0000] {logging_mixin.py:151} INFO - [2023-10-14T10:59:50.167+0000] {dag.py:3722} INFO - Setting next_dagrun for example_short_circuit_operator to 2023-10-13T10:59:50.167482+00:00, run_after=2023-10-14T10:59:50.167482+00:00
[2023-10-14T10:59:50.177+0000] {processor.py:179} INFO - Processing /home/airflow/.local/lib/python3.8/site-packages/airflow/example_dags/example_short_circuit_operator.py took 0.045 seconds
[2023-10-14T11:00:20.367+0000] {processor.py:157} INFO - Started process (PID=604) to work on /home/airflow/.local/lib/python3.8/site-packages/airflow/example_dags/example_short_circuit_operator.py
[2023-10-14T11:00:20.368+0000] {processor.py:829} INFO - Processing file /home/airflow/.local/lib/python3.8/site-packages/airflow/example_dags/example_short_circuit_operator.py for tasks to queue
[2023-10-14T11:00:20.370+0000] {logging_mixin.py:151} INFO - [2023-10-14T11:00:20.369+0000] {dagbag.py:536} INFO - Filling up the DagBag from /home/airflow/.local/lib/python3.8/site-packages/airflow/example_dags/example_short_circuit_operator.py
[2023-10-14T11:00:20.374+0000] {processor.py:839} INFO - DAG(s) dict_keys(['example_short_circuit_operator']) retrieved from /home/airflow/.local/lib/python3.8/site-packages/airflow/example_dags/example_short_circuit_operator.py
[2023-10-14T11:00:20.388+0000] {logging_mixin.py:151} INFO - [2023-10-14T11:00:20.388+0000] {dag.py:2941} INFO - Sync 1 DAGs
[2023-10-14T11:00:20.399+0000] {logging_mixin.py:151} INFO - [2023-10-14T11:00:20.399+0000] {dag.py:3722} INFO - Setting next_dagrun for example_short_circuit_operator to 2023-10-13T11:00:20.399334+00:00, run_after=2023-10-14T11:00:20.399334+00:00
[2023-10-14T11:00:20.408+0000] {processor.py:179} INFO - Processing /home/airflow/.local/lib/python3.8/site-packages/airflow/example_dags/example_short_circuit_operator.py took 0.043 seconds
[2023-10-14T11:00:50.609+0000] {processor.py:157} INFO - Started process (PID=659) to work on /home/airflow/.local/lib/python3.8/site-packages/airflow/example_dags/example_short_circuit_operator.py
[2023-10-14T11:00:50.610+0000] {processor.py:829} INFO - Processing file /home/airflow/.local/lib/python3.8/site-packages/airflow/example_dags/example_short_circuit_operator.py for tasks to queue
[2023-10-14T11:00:50.612+0000] {logging_mixin.py:151} INFO - [2023-10-14T11:00:50.612+0000] {dagbag.py:536} INFO - Filling up the DagBag from /home/airflow/.local/lib/python3.8/site-packages/airflow/example_dags/example_short_circuit_operator.py
[2023-10-14T11:00:50.617+0000] {processor.py:839} INFO - DAG(s) dict_keys(['example_short_circuit_operator']) retrieved from /home/airflow/.local/lib/python3.8/site-packages/airflow/example_dags/example_short_circuit_operator.py
[2023-10-14T11:00:50.632+0000] {logging_mixin.py:151} INFO - [2023-10-14T11:00:50.632+0000] {dag.py:2941} INFO - Sync 1 DAGs
[2023-10-14T11:00:50.643+0000] {logging_mixin.py:151} INFO - [2023-10-14T11:00:50.643+0000] {dag.py:3722} INFO - Setting next_dagrun for example_short_circuit_operator to 2023-10-13T11:00:50.643481+00:00, run_after=2023-10-14T11:00:50.643481+00:00
[2023-10-14T11:00:50.652+0000] {processor.py:179} INFO - Processing /home/airflow/.local/lib/python3.8/site-packages/airflow/example_dags/example_short_circuit_operator.py took 0.046 seconds
[2023-10-14T11:01:20.904+0000] {processor.py:157} INFO - Started process (PID=714) to work on /home/airflow/.local/lib/python3.8/site-packages/airflow/example_dags/example_short_circuit_operator.py
[2023-10-14T11:01:20.905+0000] {processor.py:829} INFO - Processing file /home/airflow/.local/lib/python3.8/site-packages/airflow/example_dags/example_short_circuit_operator.py for tasks to queue
[2023-10-14T11:01:20.907+0000] {logging_mixin.py:151} INFO - [2023-10-14T11:01:20.907+0000] {dagbag.py:536} INFO - Filling up the DagBag from /home/airflow/.local/lib/python3.8/site-packages/airflow/example_dags/example_short_circuit_operator.py
[2023-10-14T11:01:20.911+0000] {processor.py:839} INFO - DAG(s) dict_keys(['example_short_circuit_operator']) retrieved from /home/airflow/.local/lib/python3.8/site-packages/airflow/example_dags/example_short_circuit_operator.py
[2023-10-14T11:01:20.926+0000] {logging_mixin.py:151} INFO - [2023-10-14T11:01:20.926+0000] {dag.py:2941} INFO - Sync 1 DAGs
[2023-10-14T11:01:20.939+0000] {logging_mixin.py:151} INFO - [2023-10-14T11:01:20.939+0000] {dag.py:3722} INFO - Setting next_dagrun for example_short_circuit_operator to 2023-10-13T11:01:20.939082+00:00, run_after=2023-10-14T11:01:20.939082+00:00
[2023-10-14T11:01:20.949+0000] {processor.py:179} INFO - Processing /home/airflow/.local/lib/python3.8/site-packages/airflow/example_dags/example_short_circuit_operator.py took 0.048 seconds
[2023-10-14T11:01:51.249+0000] {processor.py:157} INFO - Started process (PID=771) to work on /home/airflow/.local/lib/python3.8/site-packages/airflow/example_dags/example_short_circuit_operator.py
[2023-10-14T11:01:51.250+0000] {processor.py:829} INFO - Processing file /home/airflow/.local/lib/python3.8/site-packages/airflow/example_dags/example_short_circuit_operator.py for tasks to queue
[2023-10-14T11:01:51.252+0000] {logging_mixin.py:151} INFO - [2023-10-14T11:01:51.252+0000] {dagbag.py:536} INFO - Filling up the DagBag from /home/airflow/.local/lib/python3.8/site-packages/airflow/example_dags/example_short_circuit_operator.py
[2023-10-14T11:01:51.257+0000] {processor.py:839} INFO - DAG(s) dict_keys(['example_short_circuit_operator']) retrieved from /home/airflow/.local/lib/python3.8/site-packages/airflow/example_dags/example_short_circuit_operator.py
[2023-10-14T11:01:51.272+0000] {logging_mixin.py:151} INFO - [2023-10-14T11:01:51.272+0000] {dag.py:2941} INFO - Sync 1 DAGs
[2023-10-14T11:01:51.284+0000] {logging_mixin.py:151} INFO - [2023-10-14T11:01:51.284+0000] {dag.py:3722} INFO - Setting next_dagrun for example_short_circuit_operator to 2023-10-13T11:01:51.284543+00:00, run_after=2023-10-14T11:01:51.284543+00:00
[2023-10-14T11:01:51.294+0000] {processor.py:179} INFO - Processing /home/airflow/.local/lib/python3.8/site-packages/airflow/example_dags/example_short_circuit_operator.py took 0.048 seconds
[2023-10-14T11:02:21.855+0000] {processor.py:157} INFO - Started process (PID=827) to work on /home/airflow/.local/lib/python3.8/site-packages/airflow/example_dags/example_short_circuit_operator.py
[2023-10-14T11:02:21.856+0000] {processor.py:829} INFO - Processing file /home/airflow/.local/lib/python3.8/site-packages/airflow/example_dags/example_short_circuit_operator.py for tasks to queue
[2023-10-14T11:02:21.858+0000] {logging_mixin.py:151} INFO - [2023-10-14T11:02:21.858+0000] {dagbag.py:536} INFO - Filling up the DagBag from /home/airflow/.local/lib/python3.8/site-packages/airflow/example_dags/example_short_circuit_operator.py
[2023-10-14T11:02:21.862+0000] {processor.py:839} INFO - DAG(s) dict_keys(['example_short_circuit_operator']) retrieved from /home/airflow/.local/lib/python3.8/site-packages/airflow/example_dags/example_short_circuit_operator.py
[2023-10-14T11:02:21.876+0000] {logging_mixin.py:151} INFO - [2023-10-14T11:02:21.876+0000] {dag.py:2941} INFO - Sync 1 DAGs
[2023-10-14T11:02:21.887+0000] {logging_mixin.py:151} INFO - [2023-10-14T11:02:21.887+0000] {dag.py:3722} INFO - Setting next_dagrun for example_short_circuit_operator to 2023-10-13T11:02:21.887494+00:00, run_after=2023-10-14T11:02:21.887494+00:00
[2023-10-14T11:02:21.896+0000] {processor.py:179} INFO - Processing /home/airflow/.local/lib/python3.8/site-packages/airflow/example_dags/example_short_circuit_operator.py took 0.044 seconds
[2023-10-14T11:02:52.262+0000] {processor.py:157} INFO - Started process (PID=882) to work on /home/airflow/.local/lib/python3.8/site-packages/airflow/example_dags/example_short_circuit_operator.py
[2023-10-14T11:02:52.263+0000] {processor.py:829} INFO - Processing file /home/airflow/.local/lib/python3.8/site-packages/airflow/example_dags/example_short_circuit_operator.py for tasks to queue
[2023-10-14T11:02:52.265+0000] {logging_mixin.py:151} INFO - [2023-10-14T11:02:52.264+0000] {dagbag.py:536} INFO - Filling up the DagBag from /home/airflow/.local/lib/python3.8/site-packages/airflow/example_dags/example_short_circuit_operator.py
[2023-10-14T11:02:52.274+0000] {processor.py:839} INFO - DAG(s) dict_keys(['example_short_circuit_operator']) retrieved from /home/airflow/.local/lib/python3.8/site-packages/airflow/example_dags/example_short_circuit_operator.py
[2023-10-14T11:02:52.288+0000] {logging_mixin.py:151} INFO - [2023-10-14T11:02:52.288+0000] {dag.py:2941} INFO - Sync 1 DAGs
[2023-10-14T11:02:52.301+0000] {logging_mixin.py:151} INFO - [2023-10-14T11:02:52.301+0000] {dag.py:3722} INFO - Setting next_dagrun for example_short_circuit_operator to 2023-10-13T11:02:52.301033+00:00, run_after=2023-10-14T11:02:52.301033+00:00
[2023-10-14T11:02:52.313+0000] {processor.py:179} INFO - Processing /home/airflow/.local/lib/python3.8/site-packages/airflow/example_dags/example_short_circuit_operator.py took 0.054 seconds
[2023-10-14T11:03:22.704+0000] {processor.py:157} INFO - Started process (PID=938) to work on /home/airflow/.local/lib/python3.8/site-packages/airflow/example_dags/example_short_circuit_operator.py
[2023-10-14T11:03:22.705+0000] {processor.py:829} INFO - Processing file /home/airflow/.local/lib/python3.8/site-packages/airflow/example_dags/example_short_circuit_operator.py for tasks to queue
[2023-10-14T11:03:22.707+0000] {logging_mixin.py:151} INFO - [2023-10-14T11:03:22.707+0000] {dagbag.py:536} INFO - Filling up the DagBag from /home/airflow/.local/lib/python3.8/site-packages/airflow/example_dags/example_short_circuit_operator.py
[2023-10-14T11:03:22.711+0000] {processor.py:839} INFO - DAG(s) dict_keys(['example_short_circuit_operator']) retrieved from /home/airflow/.local/lib/python3.8/site-packages/airflow/example_dags/example_short_circuit_operator.py
[2023-10-14T11:03:22.725+0000] {logging_mixin.py:151} INFO - [2023-10-14T11:03:22.724+0000] {dag.py:2941} INFO - Sync 1 DAGs
[2023-10-14T11:03:22.735+0000] {logging_mixin.py:151} INFO - [2023-10-14T11:03:22.735+0000] {dag.py:3722} INFO - Setting next_dagrun for example_short_circuit_operator to 2023-10-13T11:03:22.735594+00:00, run_after=2023-10-14T11:03:22.735594+00:00
[2023-10-14T11:03:22.744+0000] {processor.py:179} INFO - Processing /home/airflow/.local/lib/python3.8/site-packages/airflow/example_dags/example_short_circuit_operator.py took 0.042 seconds
[2023-10-14T11:03:53.128+0000] {processor.py:157} INFO - Started process (PID=993) to work on /home/airflow/.local/lib/python3.8/site-packages/airflow/example_dags/example_short_circuit_operator.py
[2023-10-14T11:03:53.129+0000] {processor.py:829} INFO - Processing file /home/airflow/.local/lib/python3.8/site-packages/airflow/example_dags/example_short_circuit_operator.py for tasks to queue
[2023-10-14T11:03:53.131+0000] {logging_mixin.py:151} INFO - [2023-10-14T11:03:53.131+0000] {dagbag.py:536} INFO - Filling up the DagBag from /home/airflow/.local/lib/python3.8/site-packages/airflow/example_dags/example_short_circuit_operator.py
[2023-10-14T11:03:53.135+0000] {processor.py:839} INFO - DAG(s) dict_keys(['example_short_circuit_operator']) retrieved from /home/airflow/.local/lib/python3.8/site-packages/airflow/example_dags/example_short_circuit_operator.py
[2023-10-14T11:03:53.149+0000] {logging_mixin.py:151} INFO - [2023-10-14T11:03:53.149+0000] {dag.py:2941} INFO - Sync 1 DAGs
[2023-10-14T11:03:53.160+0000] {logging_mixin.py:151} INFO - [2023-10-14T11:03:53.160+0000] {dag.py:3722} INFO - Setting next_dagrun for example_short_circuit_operator to 2023-10-13T11:03:53.160645+00:00, run_after=2023-10-14T11:03:53.160645+00:00
[2023-10-14T11:03:53.170+0000] {processor.py:179} INFO - Processing /home/airflow/.local/lib/python3.8/site-packages/airflow/example_dags/example_short_circuit_operator.py took 0.044 seconds
[2023-10-14T11:04:23.603+0000] {processor.py:157} INFO - Started process (PID=1049) to work on /home/airflow/.local/lib/python3.8/site-packages/airflow/example_dags/example_short_circuit_operator.py
[2023-10-14T11:04:23.604+0000] {processor.py:829} INFO - Processing file /home/airflow/.local/lib/python3.8/site-packages/airflow/example_dags/example_short_circuit_operator.py for tasks to queue
[2023-10-14T11:04:23.606+0000] {logging_mixin.py:151} INFO - [2023-10-14T11:04:23.606+0000] {dagbag.py:536} INFO - Filling up the DagBag from /home/airflow/.local/lib/python3.8/site-packages/airflow/example_dags/example_short_circuit_operator.py
[2023-10-14T11:04:23.611+0000] {processor.py:839} INFO - DAG(s) dict_keys(['example_short_circuit_operator']) retrieved from /home/airflow/.local/lib/python3.8/site-packages/airflow/example_dags/example_short_circuit_operator.py
[2023-10-14T11:04:23.626+0000] {logging_mixin.py:151} INFO - [2023-10-14T11:04:23.626+0000] {dag.py:2941} INFO - Sync 1 DAGs
[2023-10-14T11:04:23.638+0000] {logging_mixin.py:151} INFO - [2023-10-14T11:04:23.638+0000] {dag.py:3722} INFO - Setting next_dagrun for example_short_circuit_operator to 2023-10-13T11:04:23.638465+00:00, run_after=2023-10-14T11:04:23.638465+00:00
[2023-10-14T11:04:23.649+0000] {processor.py:179} INFO - Processing /home/airflow/.local/lib/python3.8/site-packages/airflow/example_dags/example_short_circuit_operator.py took 0.049 seconds
[2023-10-14T11:04:53.919+0000] {processor.py:157} INFO - Started process (PID=1104) to work on /home/airflow/.local/lib/python3.8/site-packages/airflow/example_dags/example_short_circuit_operator.py
[2023-10-14T11:04:53.919+0000] {processor.py:829} INFO - Processing file /home/airflow/.local/lib/python3.8/site-packages/airflow/example_dags/example_short_circuit_operator.py for tasks to queue
[2023-10-14T11:04:53.921+0000] {logging_mixin.py:151} INFO - [2023-10-14T11:04:53.921+0000] {dagbag.py:536} INFO - Filling up the DagBag from /home/airflow/.local/lib/python3.8/site-packages/airflow/example_dags/example_short_circuit_operator.py
[2023-10-14T11:04:53.925+0000] {processor.py:839} INFO - DAG(s) dict_keys(['example_short_circuit_operator']) retrieved from /home/airflow/.local/lib/python3.8/site-packages/airflow/example_dags/example_short_circuit_operator.py
[2023-10-14T11:04:53.939+0000] {logging_mixin.py:151} INFO - [2023-10-14T11:04:53.939+0000] {dag.py:2941} INFO - Sync 1 DAGs
[2023-10-14T11:04:53.949+0000] {logging_mixin.py:151} INFO - [2023-10-14T11:04:53.949+0000] {dag.py:3722} INFO - Setting next_dagrun for example_short_circuit_operator to 2023-10-13T11:04:53.949563+00:00, run_after=2023-10-14T11:04:53.949563+00:00
[2023-10-14T11:04:53.958+0000] {processor.py:179} INFO - Processing /home/airflow/.local/lib/python3.8/site-packages/airflow/example_dags/example_short_circuit_operator.py took 0.042 seconds
[2023-10-14T11:05:24.039+0000] {processor.py:157} INFO - Started process (PID=1159) to work on /home/airflow/.local/lib/python3.8/site-packages/airflow/example_dags/example_short_circuit_operator.py
[2023-10-14T11:05:24.040+0000] {processor.py:829} INFO - Processing file /home/airflow/.local/lib/python3.8/site-packages/airflow/example_dags/example_short_circuit_operator.py for tasks to queue
[2023-10-14T11:05:24.042+0000] {logging_mixin.py:151} INFO - [2023-10-14T11:05:24.041+0000] {dagbag.py:536} INFO - Filling up the DagBag from /home/airflow/.local/lib/python3.8/site-packages/airflow/example_dags/example_short_circuit_operator.py
[2023-10-14T11:05:24.046+0000] {processor.py:839} INFO - DAG(s) dict_keys(['example_short_circuit_operator']) retrieved from /home/airflow/.local/lib/python3.8/site-packages/airflow/example_dags/example_short_circuit_operator.py
[2023-10-14T11:05:24.060+0000] {logging_mixin.py:151} INFO - [2023-10-14T11:05:24.060+0000] {dag.py:2941} INFO - Sync 1 DAGs
[2023-10-14T11:05:24.070+0000] {logging_mixin.py:151} INFO - [2023-10-14T11:05:24.070+0000] {dag.py:3722} INFO - Setting next_dagrun for example_short_circuit_operator to 2023-10-13T11:05:24.070396+00:00, run_after=2023-10-14T11:05:24.070396+00:00
[2023-10-14T11:05:24.079+0000] {processor.py:179} INFO - Processing /home/airflow/.local/lib/python3.8/site-packages/airflow/example_dags/example_short_circuit_operator.py took 0.042 seconds
[2023-10-14T11:05:54.993+0000] {processor.py:157} INFO - Started process (PID=1214) to work on /home/airflow/.local/lib/python3.8/site-packages/airflow/example_dags/example_short_circuit_operator.py
[2023-10-14T11:05:54.994+0000] {processor.py:829} INFO - Processing file /home/airflow/.local/lib/python3.8/site-packages/airflow/example_dags/example_short_circuit_operator.py for tasks to queue
[2023-10-14T11:05:54.996+0000] {logging_mixin.py:151} INFO - [2023-10-14T11:05:54.995+0000] {dagbag.py:536} INFO - Filling up the DagBag from /home/airflow/.local/lib/python3.8/site-packages/airflow/example_dags/example_short_circuit_operator.py
[2023-10-14T11:05:55.001+0000] {processor.py:839} INFO - DAG(s) dict_keys(['example_short_circuit_operator']) retrieved from /home/airflow/.local/lib/python3.8/site-packages/airflow/example_dags/example_short_circuit_operator.py
[2023-10-14T11:05:55.018+0000] {logging_mixin.py:151} INFO - [2023-10-14T11:05:55.018+0000] {dag.py:2941} INFO - Sync 1 DAGs
[2023-10-14T11:05:55.032+0000] {logging_mixin.py:151} INFO - [2023-10-14T11:05:55.032+0000] {dag.py:3722} INFO - Setting next_dagrun for example_short_circuit_operator to 2023-10-13T11:05:55.032004+00:00, run_after=2023-10-14T11:05:55.032004+00:00
[2023-10-14T11:05:55.043+0000] {processor.py:179} INFO - Processing /home/airflow/.local/lib/python3.8/site-packages/airflow/example_dags/example_short_circuit_operator.py took 0.053 seconds
[2023-10-14T11:06:25.455+0000] {processor.py:157} INFO - Started process (PID=1270) to work on /home/airflow/.local/lib/python3.8/site-packages/airflow/example_dags/example_short_circuit_operator.py
[2023-10-14T11:06:25.455+0000] {processor.py:829} INFO - Processing file /home/airflow/.local/lib/python3.8/site-packages/airflow/example_dags/example_short_circuit_operator.py for tasks to queue
[2023-10-14T11:06:25.457+0000] {logging_mixin.py:151} INFO - [2023-10-14T11:06:25.457+0000] {dagbag.py:536} INFO - Filling up the DagBag from /home/airflow/.local/lib/python3.8/site-packages/airflow/example_dags/example_short_circuit_operator.py
[2023-10-14T11:06:25.461+0000] {processor.py:839} INFO - DAG(s) dict_keys(['example_short_circuit_operator']) retrieved from /home/airflow/.local/lib/python3.8/site-packages/airflow/example_dags/example_short_circuit_operator.py
[2023-10-14T11:06:25.475+0000] {logging_mixin.py:151} INFO - [2023-10-14T11:06:25.475+0000] {dag.py:2941} INFO - Sync 1 DAGs
[2023-10-14T11:06:25.486+0000] {logging_mixin.py:151} INFO - [2023-10-14T11:06:25.486+0000] {dag.py:3722} INFO - Setting next_dagrun for example_short_circuit_operator to 2023-10-13T11:06:25.486043+00:00, run_after=2023-10-14T11:06:25.486043+00:00
[2023-10-14T11:06:25.495+0000] {processor.py:179} INFO - Processing /home/airflow/.local/lib/python3.8/site-packages/airflow/example_dags/example_short_circuit_operator.py took 0.043 seconds
[2023-10-14T11:06:55.807+0000] {processor.py:157} INFO - Started process (PID=1325) to work on /home/airflow/.local/lib/python3.8/site-packages/airflow/example_dags/example_short_circuit_operator.py
[2023-10-14T11:06:55.808+0000] {processor.py:829} INFO - Processing file /home/airflow/.local/lib/python3.8/site-packages/airflow/example_dags/example_short_circuit_operator.py for tasks to queue
[2023-10-14T11:06:55.810+0000] {logging_mixin.py:151} INFO - [2023-10-14T11:06:55.810+0000] {dagbag.py:536} INFO - Filling up the DagBag from /home/airflow/.local/lib/python3.8/site-packages/airflow/example_dags/example_short_circuit_operator.py
[2023-10-14T11:06:55.816+0000] {processor.py:839} INFO - DAG(s) dict_keys(['example_short_circuit_operator']) retrieved from /home/airflow/.local/lib/python3.8/site-packages/airflow/example_dags/example_short_circuit_operator.py
[2023-10-14T11:06:55.833+0000] {logging_mixin.py:151} INFO - [2023-10-14T11:06:55.833+0000] {dag.py:2941} INFO - Sync 1 DAGs
[2023-10-14T11:06:55.846+0000] {logging_mixin.py:151} INFO - [2023-10-14T11:06:55.846+0000] {dag.py:3722} INFO - Setting next_dagrun for example_short_circuit_operator to 2023-10-13T11:06:55.846107+00:00, run_after=2023-10-14T11:06:55.846107+00:00
[2023-10-14T11:06:55.857+0000] {processor.py:179} INFO - Processing /home/airflow/.local/lib/python3.8/site-packages/airflow/example_dags/example_short_circuit_operator.py took 0.054 seconds
[2023-10-14T11:07:30.570+0000] {processor.py:157} INFO - Started process (PID=1384) to work on /home/airflow/.local/lib/python3.8/site-packages/airflow/example_dags/example_short_circuit_operator.py
[2023-10-14T11:07:30.572+0000] {processor.py:829} INFO - Processing file /home/airflow/.local/lib/python3.8/site-packages/airflow/example_dags/example_short_circuit_operator.py for tasks to queue
[2023-10-14T11:07:30.574+0000] {logging_mixin.py:151} INFO - [2023-10-14T11:07:30.574+0000] {dagbag.py:536} INFO - Filling up the DagBag from /home/airflow/.local/lib/python3.8/site-packages/airflow/example_dags/example_short_circuit_operator.py
[2023-10-14T11:07:30.591+0000] {processor.py:839} INFO - DAG(s) dict_keys(['example_short_circuit_operator']) retrieved from /home/airflow/.local/lib/python3.8/site-packages/airflow/example_dags/example_short_circuit_operator.py
[2023-10-14T11:07:30.633+0000] {logging_mixin.py:151} INFO - [2023-10-14T11:07:30.633+0000] {dag.py:2941} INFO - Sync 1 DAGs
[2023-10-14T11:07:30.660+0000] {logging_mixin.py:151} INFO - [2023-10-14T11:07:30.660+0000] {dag.py:3722} INFO - Setting next_dagrun for example_short_circuit_operator to 2023-10-13T11:07:30.659820+00:00, run_after=2023-10-14T11:07:30.659820+00:00
[2023-10-14T11:07:30.680+0000] {processor.py:179} INFO - Processing /home/airflow/.local/lib/python3.8/site-packages/airflow/example_dags/example_short_circuit_operator.py took 0.113 seconds
[2023-10-14T11:08:01.049+0000] {processor.py:157} INFO - Started process (PID=1438) to work on /home/airflow/.local/lib/python3.8/site-packages/airflow/example_dags/example_short_circuit_operator.py
[2023-10-14T11:08:01.050+0000] {processor.py:829} INFO - Processing file /home/airflow/.local/lib/python3.8/site-packages/airflow/example_dags/example_short_circuit_operator.py for tasks to queue
[2023-10-14T11:08:01.052+0000] {logging_mixin.py:151} INFO - [2023-10-14T11:08:01.052+0000] {dagbag.py:536} INFO - Filling up the DagBag from /home/airflow/.local/lib/python3.8/site-packages/airflow/example_dags/example_short_circuit_operator.py
[2023-10-14T11:08:01.057+0000] {processor.py:839} INFO - DAG(s) dict_keys(['example_short_circuit_operator']) retrieved from /home/airflow/.local/lib/python3.8/site-packages/airflow/example_dags/example_short_circuit_operator.py
[2023-10-14T11:08:01.072+0000] {logging_mixin.py:151} INFO - [2023-10-14T11:08:01.071+0000] {dag.py:2941} INFO - Sync 1 DAGs
[2023-10-14T11:08:01.084+0000] {logging_mixin.py:151} INFO - [2023-10-14T11:08:01.084+0000] {dag.py:3722} INFO - Setting next_dagrun for example_short_circuit_operator to 2023-10-13T11:08:01.084465+00:00, run_after=2023-10-14T11:08:01.084465+00:00
[2023-10-14T11:08:01.094+0000] {processor.py:179} INFO - Processing /home/airflow/.local/lib/python3.8/site-packages/airflow/example_dags/example_short_circuit_operator.py took 0.047 seconds
[2023-10-14T11:08:31.759+0000] {processor.py:157} INFO - Started process (PID=1494) to work on /home/airflow/.local/lib/python3.8/site-packages/airflow/example_dags/example_short_circuit_operator.py
[2023-10-14T11:08:31.760+0000] {processor.py:829} INFO - Processing file /home/airflow/.local/lib/python3.8/site-packages/airflow/example_dags/example_short_circuit_operator.py for tasks to queue
[2023-10-14T11:08:31.761+0000] {logging_mixin.py:151} INFO - [2023-10-14T11:08:31.761+0000] {dagbag.py:536} INFO - Filling up the DagBag from /home/airflow/.local/lib/python3.8/site-packages/airflow/example_dags/example_short_circuit_operator.py
[2023-10-14T11:08:31.766+0000] {processor.py:839} INFO - DAG(s) dict_keys(['example_short_circuit_operator']) retrieved from /home/airflow/.local/lib/python3.8/site-packages/airflow/example_dags/example_short_circuit_operator.py
[2023-10-14T11:08:31.781+0000] {logging_mixin.py:151} INFO - [2023-10-14T11:08:31.781+0000] {dag.py:2941} INFO - Sync 1 DAGs
[2023-10-14T11:08:31.793+0000] {logging_mixin.py:151} INFO - [2023-10-14T11:08:31.793+0000] {dag.py:3722} INFO - Setting next_dagrun for example_short_circuit_operator to 2023-10-13T11:08:31.793555+00:00, run_after=2023-10-14T11:08:31.793555+00:00
[2023-10-14T11:08:31.803+0000] {processor.py:179} INFO - Processing /home/airflow/.local/lib/python3.8/site-packages/airflow/example_dags/example_short_circuit_operator.py took 0.047 seconds
[2023-10-14T11:09:02.266+0000] {processor.py:157} INFO - Started process (PID=1549) to work on /home/airflow/.local/lib/python3.8/site-packages/airflow/example_dags/example_short_circuit_operator.py
[2023-10-14T11:09:02.268+0000] {processor.py:829} INFO - Processing file /home/airflow/.local/lib/python3.8/site-packages/airflow/example_dags/example_short_circuit_operator.py for tasks to queue
[2023-10-14T11:09:02.269+0000] {logging_mixin.py:151} INFO - [2023-10-14T11:09:02.269+0000] {dagbag.py:536} INFO - Filling up the DagBag from /home/airflow/.local/lib/python3.8/site-packages/airflow/example_dags/example_short_circuit_operator.py
[2023-10-14T11:09:02.274+0000] {processor.py:839} INFO - DAG(s) dict_keys(['example_short_circuit_operator']) retrieved from /home/airflow/.local/lib/python3.8/site-packages/airflow/example_dags/example_short_circuit_operator.py
[2023-10-14T11:09:02.289+0000] {logging_mixin.py:151} INFO - [2023-10-14T11:09:02.289+0000] {dag.py:2941} INFO - Sync 1 DAGs
[2023-10-14T11:09:02.301+0000] {logging_mixin.py:151} INFO - [2023-10-14T11:09:02.301+0000] {dag.py:3722} INFO - Setting next_dagrun for example_short_circuit_operator to 2023-10-13T11:09:02.300861+00:00, run_after=2023-10-14T11:09:02.300861+00:00
[2023-10-14T11:09:02.309+0000] {processor.py:179} INFO - Processing /home/airflow/.local/lib/python3.8/site-packages/airflow/example_dags/example_short_circuit_operator.py took 0.046 seconds
[2023-10-14T11:09:32.708+0000] {processor.py:157} INFO - Started process (PID=1604) to work on /home/airflow/.local/lib/python3.8/site-packages/airflow/example_dags/example_short_circuit_operator.py
[2023-10-14T11:09:32.709+0000] {processor.py:829} INFO - Processing file /home/airflow/.local/lib/python3.8/site-packages/airflow/example_dags/example_short_circuit_operator.py for tasks to queue
[2023-10-14T11:09:32.712+0000] {logging_mixin.py:151} INFO - [2023-10-14T11:09:32.711+0000] {dagbag.py:536} INFO - Filling up the DagBag from /home/airflow/.local/lib/python3.8/site-packages/airflow/example_dags/example_short_circuit_operator.py
[2023-10-14T11:09:32.717+0000] {processor.py:839} INFO - DAG(s) dict_keys(['example_short_circuit_operator']) retrieved from /home/airflow/.local/lib/python3.8/site-packages/airflow/example_dags/example_short_circuit_operator.py
[2023-10-14T11:09:32.737+0000] {logging_mixin.py:151} INFO - [2023-10-14T11:09:32.737+0000] {dag.py:2941} INFO - Sync 1 DAGs
[2023-10-14T11:09:32.757+0000] {logging_mixin.py:151} INFO - [2023-10-14T11:09:32.756+0000] {dag.py:3722} INFO - Setting next_dagrun for example_short_circuit_operator to 2023-10-13T11:09:32.756665+00:00, run_after=2023-10-14T11:09:32.756665+00:00
[2023-10-14T11:09:32.768+0000] {processor.py:179} INFO - Processing /home/airflow/.local/lib/python3.8/site-packages/airflow/example_dags/example_short_circuit_operator.py took 0.063 seconds
