[2023-10-14T10:55:16.639+0000] {processor.py:157} INFO - Started process (PID=66) to work on /home/airflow/.local/lib/python3.8/site-packages/airflow/example_dags/example_subdag_operator.py
[2023-10-14T10:55:16.640+0000] {processor.py:829} INFO - Processing file /home/airflow/.local/lib/python3.8/site-packages/airflow/example_dags/example_subdag_operator.py for tasks to queue
[2023-10-14T10:55:16.643+0000] {logging_mixin.py:151} INFO - [2023-10-14T10:55:16.643+0000] {dagbag.py:536} INFO - Filling up the DagBag from /home/airflow/.local/lib/python3.8/site-packages/airflow/example_dags/example_subdag_operator.py
[2023-10-14T10:55:16.674+0000] {processor.py:839} INFO - DAG(s) dict_keys(['example_subdag_operator.section-1', 'example_subdag_operator.section-2', 'example_subdag_operator']) retrieved from /home/airflow/.local/lib/python3.8/site-packages/airflow/example_dags/example_subdag_operator.py
[2023-10-14T10:55:16.684+0000] {logging_mixin.py:151} INFO - [2023-10-14T10:55:16.684+0000] {dag.py:2941} INFO - Sync 3 DAGs
[2023-10-14T10:55:16.710+0000] {logging_mixin.py:151} INFO - [2023-10-14T10:55:16.710+0000] {dag.py:3722} INFO - Setting next_dagrun for example_subdag_operator to 2022-01-01T00:00:00+00:00, run_after=2022-01-01T00:00:00+00:00
[2023-10-14T10:55:16.712+0000] {logging_mixin.py:151} INFO - [2023-10-14T10:55:16.712+0000] {dag.py:3722} INFO - Setting next_dagrun for example_subdag_operator.section-1 to None, run_after=None
[2023-10-14T10:55:16.716+0000] {logging_mixin.py:151} INFO - [2023-10-14T10:55:16.716+0000] {dag.py:3722} INFO - Setting next_dagrun for example_subdag_operator.section-2 to None, run_after=None
[2023-10-14T10:55:16.729+0000] {logging_mixin.py:151} INFO - [2023-10-14T10:55:16.729+0000] {dag.py:2941} INFO - Sync 2 DAGs
[2023-10-14T10:55:16.741+0000] {logging_mixin.py:151} INFO - [2023-10-14T10:55:16.741+0000] {dag.py:3722} INFO - Setting next_dagrun for example_subdag_operator.section-1 to None, run_after=None
[2023-10-14T10:55:16.741+0000] {logging_mixin.py:151} INFO - [2023-10-14T10:55:16.741+0000] {dag.py:3722} INFO - Setting next_dagrun for example_subdag_operator.section-2 to None, run_after=None
[2023-10-14T10:55:16.751+0000] {processor.py:179} INFO - Processing /home/airflow/.local/lib/python3.8/site-packages/airflow/example_dags/example_subdag_operator.py took 0.115 seconds
[2023-10-14T10:55:46.933+0000] {processor.py:157} INFO - Started process (PID=121) to work on /home/airflow/.local/lib/python3.8/site-packages/airflow/example_dags/example_subdag_operator.py
[2023-10-14T10:55:46.934+0000] {processor.py:829} INFO - Processing file /home/airflow/.local/lib/python3.8/site-packages/airflow/example_dags/example_subdag_operator.py for tasks to queue
[2023-10-14T10:55:46.936+0000] {logging_mixin.py:151} INFO - [2023-10-14T10:55:46.935+0000] {dagbag.py:536} INFO - Filling up the DagBag from /home/airflow/.local/lib/python3.8/site-packages/airflow/example_dags/example_subdag_operator.py
[2023-10-14T10:55:46.951+0000] {processor.py:839} INFO - DAG(s) dict_keys(['example_subdag_operator.section-1', 'example_subdag_operator.section-2', 'example_subdag_operator']) retrieved from /home/airflow/.local/lib/python3.8/site-packages/airflow/example_dags/example_subdag_operator.py
[2023-10-14T10:55:46.963+0000] {logging_mixin.py:151} INFO - [2023-10-14T10:55:46.963+0000] {dag.py:2941} INFO - Sync 3 DAGs
[2023-10-14T10:55:46.975+0000] {logging_mixin.py:151} INFO - [2023-10-14T10:55:46.975+0000] {dag.py:3722} INFO - Setting next_dagrun for example_subdag_operator to 2022-01-01T00:00:00+00:00, run_after=2022-01-01T00:00:00+00:00
[2023-10-14T10:55:46.977+0000] {logging_mixin.py:151} INFO - [2023-10-14T10:55:46.977+0000] {dag.py:3722} INFO - Setting next_dagrun for example_subdag_operator.section-1 to None, run_after=None
[2023-10-14T10:55:46.978+0000] {logging_mixin.py:151} INFO - [2023-10-14T10:55:46.978+0000] {dag.py:3722} INFO - Setting next_dagrun for example_subdag_operator.section-2 to None, run_after=None
[2023-10-14T10:55:46.982+0000] {logging_mixin.py:151} INFO - [2023-10-14T10:55:46.982+0000] {dag.py:2941} INFO - Sync 2 DAGs
[2023-10-14T10:55:46.984+0000] {logging_mixin.py:151} INFO - [2023-10-14T10:55:46.984+0000] {dag.py:3722} INFO - Setting next_dagrun for example_subdag_operator.section-1 to None, run_after=None
[2023-10-14T10:55:46.985+0000] {logging_mixin.py:151} INFO - [2023-10-14T10:55:46.985+0000] {dag.py:3722} INFO - Setting next_dagrun for example_subdag_operator.section-2 to None, run_after=None
[2023-10-14T10:55:46.990+0000] {processor.py:179} INFO - Processing /home/airflow/.local/lib/python3.8/site-packages/airflow/example_dags/example_subdag_operator.py took 0.059 seconds
[2023-10-14T10:56:17.422+0000] {processor.py:157} INFO - Started process (PID=176) to work on /home/airflow/.local/lib/python3.8/site-packages/airflow/example_dags/example_subdag_operator.py
[2023-10-14T10:56:17.423+0000] {processor.py:829} INFO - Processing file /home/airflow/.local/lib/python3.8/site-packages/airflow/example_dags/example_subdag_operator.py for tasks to queue
[2023-10-14T10:56:17.424+0000] {logging_mixin.py:151} INFO - [2023-10-14T10:56:17.424+0000] {dagbag.py:536} INFO - Filling up the DagBag from /home/airflow/.local/lib/python3.8/site-packages/airflow/example_dags/example_subdag_operator.py
[2023-10-14T10:56:17.439+0000] {processor.py:839} INFO - DAG(s) dict_keys(['example_subdag_operator.section-1', 'example_subdag_operator.section-2', 'example_subdag_operator']) retrieved from /home/airflow/.local/lib/python3.8/site-packages/airflow/example_dags/example_subdag_operator.py
[2023-10-14T10:56:17.447+0000] {logging_mixin.py:151} INFO - [2023-10-14T10:56:17.447+0000] {dag.py:2941} INFO - Sync 3 DAGs
[2023-10-14T10:56:17.458+0000] {logging_mixin.py:151} INFO - [2023-10-14T10:56:17.458+0000] {dag.py:3722} INFO - Setting next_dagrun for example_subdag_operator to 2022-01-01T00:00:00+00:00, run_after=2022-01-01T00:00:00+00:00
[2023-10-14T10:56:17.460+0000] {logging_mixin.py:151} INFO - [2023-10-14T10:56:17.459+0000] {dag.py:3722} INFO - Setting next_dagrun for example_subdag_operator.section-1 to None, run_after=None
[2023-10-14T10:56:17.460+0000] {logging_mixin.py:151} INFO - [2023-10-14T10:56:17.460+0000] {dag.py:3722} INFO - Setting next_dagrun for example_subdag_operator.section-2 to None, run_after=None
[2023-10-14T10:56:17.464+0000] {logging_mixin.py:151} INFO - [2023-10-14T10:56:17.464+0000] {dag.py:2941} INFO - Sync 2 DAGs
[2023-10-14T10:56:17.467+0000] {logging_mixin.py:151} INFO - [2023-10-14T10:56:17.466+0000] {dag.py:3722} INFO - Setting next_dagrun for example_subdag_operator.section-1 to None, run_after=None
[2023-10-14T10:56:17.467+0000] {logging_mixin.py:151} INFO - [2023-10-14T10:56:17.467+0000] {dag.py:3722} INFO - Setting next_dagrun for example_subdag_operator.section-2 to None, run_after=None
[2023-10-14T10:56:17.473+0000] {processor.py:179} INFO - Processing /home/airflow/.local/lib/python3.8/site-packages/airflow/example_dags/example_subdag_operator.py took 0.053 seconds
[2023-10-14T10:56:47.760+0000] {processor.py:157} INFO - Started process (PID=231) to work on /home/airflow/.local/lib/python3.8/site-packages/airflow/example_dags/example_subdag_operator.py
[2023-10-14T10:56:47.760+0000] {processor.py:829} INFO - Processing file /home/airflow/.local/lib/python3.8/site-packages/airflow/example_dags/example_subdag_operator.py for tasks to queue
[2023-10-14T10:56:47.762+0000] {logging_mixin.py:151} INFO - [2023-10-14T10:56:47.762+0000] {dagbag.py:536} INFO - Filling up the DagBag from /home/airflow/.local/lib/python3.8/site-packages/airflow/example_dags/example_subdag_operator.py
[2023-10-14T10:56:47.777+0000] {processor.py:839} INFO - DAG(s) dict_keys(['example_subdag_operator.section-1', 'example_subdag_operator.section-2', 'example_subdag_operator']) retrieved from /home/airflow/.local/lib/python3.8/site-packages/airflow/example_dags/example_subdag_operator.py
[2023-10-14T10:56:47.785+0000] {logging_mixin.py:151} INFO - [2023-10-14T10:56:47.785+0000] {dag.py:2941} INFO - Sync 3 DAGs
[2023-10-14T10:56:47.796+0000] {logging_mixin.py:151} INFO - [2023-10-14T10:56:47.796+0000] {dag.py:3722} INFO - Setting next_dagrun for example_subdag_operator to 2022-01-01T00:00:00+00:00, run_after=2022-01-01T00:00:00+00:00
[2023-10-14T10:56:47.798+0000] {logging_mixin.py:151} INFO - [2023-10-14T10:56:47.798+0000] {dag.py:3722} INFO - Setting next_dagrun for example_subdag_operator.section-1 to None, run_after=None
[2023-10-14T10:56:47.799+0000] {logging_mixin.py:151} INFO - [2023-10-14T10:56:47.799+0000] {dag.py:3722} INFO - Setting next_dagrun for example_subdag_operator.section-2 to None, run_after=None
[2023-10-14T10:56:47.803+0000] {logging_mixin.py:151} INFO - [2023-10-14T10:56:47.803+0000] {dag.py:2941} INFO - Sync 2 DAGs
[2023-10-14T10:56:47.806+0000] {logging_mixin.py:151} INFO - [2023-10-14T10:56:47.805+0000] {dag.py:3722} INFO - Setting next_dagrun for example_subdag_operator.section-1 to None, run_after=None
[2023-10-14T10:56:47.806+0000] {logging_mixin.py:151} INFO - [2023-10-14T10:56:47.806+0000] {dag.py:3722} INFO - Setting next_dagrun for example_subdag_operator.section-2 to None, run_after=None
[2023-10-14T10:56:47.811+0000] {processor.py:179} INFO - Processing /home/airflow/.local/lib/python3.8/site-packages/airflow/example_dags/example_subdag_operator.py took 0.054 seconds
[2023-10-14T10:57:18.140+0000] {processor.py:157} INFO - Started process (PID=286) to work on /home/airflow/.local/lib/python3.8/site-packages/airflow/example_dags/example_subdag_operator.py
[2023-10-14T10:57:18.141+0000] {processor.py:829} INFO - Processing file /home/airflow/.local/lib/python3.8/site-packages/airflow/example_dags/example_subdag_operator.py for tasks to queue
[2023-10-14T10:57:18.143+0000] {logging_mixin.py:151} INFO - [2023-10-14T10:57:18.143+0000] {dagbag.py:536} INFO - Filling up the DagBag from /home/airflow/.local/lib/python3.8/site-packages/airflow/example_dags/example_subdag_operator.py
[2023-10-14T10:57:18.159+0000] {processor.py:839} INFO - DAG(s) dict_keys(['example_subdag_operator.section-1', 'example_subdag_operator.section-2', 'example_subdag_operator']) retrieved from /home/airflow/.local/lib/python3.8/site-packages/airflow/example_dags/example_subdag_operator.py
[2023-10-14T10:57:18.167+0000] {logging_mixin.py:151} INFO - [2023-10-14T10:57:18.167+0000] {dag.py:2941} INFO - Sync 3 DAGs
[2023-10-14T10:57:18.178+0000] {logging_mixin.py:151} INFO - [2023-10-14T10:57:18.178+0000] {dag.py:3722} INFO - Setting next_dagrun for example_subdag_operator to 2022-01-01T00:00:00+00:00, run_after=2022-01-01T00:00:00+00:00
[2023-10-14T10:57:18.180+0000] {logging_mixin.py:151} INFO - [2023-10-14T10:57:18.180+0000] {dag.py:3722} INFO - Setting next_dagrun for example_subdag_operator.section-1 to None, run_after=None
[2023-10-14T10:57:18.181+0000] {logging_mixin.py:151} INFO - [2023-10-14T10:57:18.181+0000] {dag.py:3722} INFO - Setting next_dagrun for example_subdag_operator.section-2 to None, run_after=None
[2023-10-14T10:57:18.184+0000] {logging_mixin.py:151} INFO - [2023-10-14T10:57:18.184+0000] {dag.py:2941} INFO - Sync 2 DAGs
[2023-10-14T10:57:18.187+0000] {logging_mixin.py:151} INFO - [2023-10-14T10:57:18.187+0000] {dag.py:3722} INFO - Setting next_dagrun for example_subdag_operator.section-1 to None, run_after=None
[2023-10-14T10:57:18.187+0000] {logging_mixin.py:151} INFO - [2023-10-14T10:57:18.187+0000] {dag.py:3722} INFO - Setting next_dagrun for example_subdag_operator.section-2 to None, run_after=None
[2023-10-14T10:57:18.193+0000] {processor.py:179} INFO - Processing /home/airflow/.local/lib/python3.8/site-packages/airflow/example_dags/example_subdag_operator.py took 0.055 seconds
[2023-10-14T10:57:48.331+0000] {processor.py:157} INFO - Started process (PID=341) to work on /home/airflow/.local/lib/python3.8/site-packages/airflow/example_dags/example_subdag_operator.py
[2023-10-14T10:57:48.332+0000] {processor.py:829} INFO - Processing file /home/airflow/.local/lib/python3.8/site-packages/airflow/example_dags/example_subdag_operator.py for tasks to queue
[2023-10-14T10:57:48.334+0000] {logging_mixin.py:151} INFO - [2023-10-14T10:57:48.333+0000] {dagbag.py:536} INFO - Filling up the DagBag from /home/airflow/.local/lib/python3.8/site-packages/airflow/example_dags/example_subdag_operator.py
[2023-10-14T10:57:48.353+0000] {processor.py:839} INFO - DAG(s) dict_keys(['example_subdag_operator.section-1', 'example_subdag_operator.section-2', 'example_subdag_operator']) retrieved from /home/airflow/.local/lib/python3.8/site-packages/airflow/example_dags/example_subdag_operator.py
[2023-10-14T10:57:48.364+0000] {logging_mixin.py:151} INFO - [2023-10-14T10:57:48.364+0000] {dag.py:2941} INFO - Sync 3 DAGs
[2023-10-14T10:57:48.379+0000] {logging_mixin.py:151} INFO - [2023-10-14T10:57:48.379+0000] {dag.py:3722} INFO - Setting next_dagrun for example_subdag_operator to 2022-01-01T00:00:00+00:00, run_after=2022-01-01T00:00:00+00:00
[2023-10-14T10:57:48.382+0000] {logging_mixin.py:151} INFO - [2023-10-14T10:57:48.382+0000] {dag.py:3722} INFO - Setting next_dagrun for example_subdag_operator.section-1 to None, run_after=None
[2023-10-14T10:57:48.382+0000] {logging_mixin.py:151} INFO - [2023-10-14T10:57:48.382+0000] {dag.py:3722} INFO - Setting next_dagrun for example_subdag_operator.section-2 to None, run_after=None
[2023-10-14T10:57:48.387+0000] {logging_mixin.py:151} INFO - [2023-10-14T10:57:48.387+0000] {dag.py:2941} INFO - Sync 2 DAGs
[2023-10-14T10:57:48.391+0000] {logging_mixin.py:151} INFO - [2023-10-14T10:57:48.391+0000] {dag.py:3722} INFO - Setting next_dagrun for example_subdag_operator.section-1 to None, run_after=None
[2023-10-14T10:57:48.391+0000] {logging_mixin.py:151} INFO - [2023-10-14T10:57:48.391+0000] {dag.py:3722} INFO - Setting next_dagrun for example_subdag_operator.section-2 to None, run_after=None
[2023-10-14T10:57:48.397+0000] {processor.py:179} INFO - Processing /home/airflow/.local/lib/python3.8/site-packages/airflow/example_dags/example_subdag_operator.py took 0.069 seconds
[2023-10-14T10:58:18.887+0000] {processor.py:157} INFO - Started process (PID=397) to work on /home/airflow/.local/lib/python3.8/site-packages/airflow/example_dags/example_subdag_operator.py
[2023-10-14T10:58:18.888+0000] {processor.py:829} INFO - Processing file /home/airflow/.local/lib/python3.8/site-packages/airflow/example_dags/example_subdag_operator.py for tasks to queue
[2023-10-14T10:58:18.889+0000] {logging_mixin.py:151} INFO - [2023-10-14T10:58:18.889+0000] {dagbag.py:536} INFO - Filling up the DagBag from /home/airflow/.local/lib/python3.8/site-packages/airflow/example_dags/example_subdag_operator.py
[2023-10-14T10:58:18.904+0000] {processor.py:839} INFO - DAG(s) dict_keys(['example_subdag_operator.section-1', 'example_subdag_operator.section-2', 'example_subdag_operator']) retrieved from /home/airflow/.local/lib/python3.8/site-packages/airflow/example_dags/example_subdag_operator.py
[2023-10-14T10:58:18.912+0000] {logging_mixin.py:151} INFO - [2023-10-14T10:58:18.912+0000] {dag.py:2941} INFO - Sync 3 DAGs
[2023-10-14T10:58:18.923+0000] {logging_mixin.py:151} INFO - [2023-10-14T10:58:18.923+0000] {dag.py:3722} INFO - Setting next_dagrun for example_subdag_operator to 2022-01-01T00:00:00+00:00, run_after=2022-01-01T00:00:00+00:00
[2023-10-14T10:58:18.924+0000] {logging_mixin.py:151} INFO - [2023-10-14T10:58:18.924+0000] {dag.py:3722} INFO - Setting next_dagrun for example_subdag_operator.section-1 to None, run_after=None
[2023-10-14T10:58:18.925+0000] {logging_mixin.py:151} INFO - [2023-10-14T10:58:18.925+0000] {dag.py:3722} INFO - Setting next_dagrun for example_subdag_operator.section-2 to None, run_after=None
[2023-10-14T10:58:18.929+0000] {logging_mixin.py:151} INFO - [2023-10-14T10:58:18.929+0000] {dag.py:2941} INFO - Sync 2 DAGs
[2023-10-14T10:58:18.931+0000] {logging_mixin.py:151} INFO - [2023-10-14T10:58:18.931+0000] {dag.py:3722} INFO - Setting next_dagrun for example_subdag_operator.section-1 to None, run_after=None
[2023-10-14T10:58:18.931+0000] {logging_mixin.py:151} INFO - [2023-10-14T10:58:18.931+0000] {dag.py:3722} INFO - Setting next_dagrun for example_subdag_operator.section-2 to None, run_after=None
[2023-10-14T10:58:18.936+0000] {processor.py:179} INFO - Processing /home/airflow/.local/lib/python3.8/site-packages/airflow/example_dags/example_subdag_operator.py took 0.052 seconds
[2023-10-14T10:58:49.049+0000] {processor.py:157} INFO - Started process (PID=452) to work on /home/airflow/.local/lib/python3.8/site-packages/airflow/example_dags/example_subdag_operator.py
[2023-10-14T10:58:49.050+0000] {processor.py:829} INFO - Processing file /home/airflow/.local/lib/python3.8/site-packages/airflow/example_dags/example_subdag_operator.py for tasks to queue
[2023-10-14T10:58:49.051+0000] {logging_mixin.py:151} INFO - [2023-10-14T10:58:49.051+0000] {dagbag.py:536} INFO - Filling up the DagBag from /home/airflow/.local/lib/python3.8/site-packages/airflow/example_dags/example_subdag_operator.py
[2023-10-14T10:58:49.065+0000] {processor.py:839} INFO - DAG(s) dict_keys(['example_subdag_operator.section-1', 'example_subdag_operator.section-2', 'example_subdag_operator']) retrieved from /home/airflow/.local/lib/python3.8/site-packages/airflow/example_dags/example_subdag_operator.py
[2023-10-14T10:58:49.072+0000] {logging_mixin.py:151} INFO - [2023-10-14T10:58:49.072+0000] {dag.py:2941} INFO - Sync 3 DAGs
[2023-10-14T10:58:49.082+0000] {logging_mixin.py:151} INFO - [2023-10-14T10:58:49.082+0000] {dag.py:3722} INFO - Setting next_dagrun for example_subdag_operator to 2022-01-01T00:00:00+00:00, run_after=2022-01-01T00:00:00+00:00
[2023-10-14T10:58:49.084+0000] {logging_mixin.py:151} INFO - [2023-10-14T10:58:49.084+0000] {dag.py:3722} INFO - Setting next_dagrun for example_subdag_operator.section-1 to None, run_after=None
[2023-10-14T10:58:49.085+0000] {logging_mixin.py:151} INFO - [2023-10-14T10:58:49.085+0000] {dag.py:3722} INFO - Setting next_dagrun for example_subdag_operator.section-2 to None, run_after=None
[2023-10-14T10:58:49.089+0000] {logging_mixin.py:151} INFO - [2023-10-14T10:58:49.088+0000] {dag.py:2941} INFO - Sync 2 DAGs
[2023-10-14T10:58:49.091+0000] {logging_mixin.py:151} INFO - [2023-10-14T10:58:49.091+0000] {dag.py:3722} INFO - Setting next_dagrun for example_subdag_operator.section-1 to None, run_after=None
[2023-10-14T10:58:49.092+0000] {logging_mixin.py:151} INFO - [2023-10-14T10:58:49.091+0000] {dag.py:3722} INFO - Setting next_dagrun for example_subdag_operator.section-2 to None, run_after=None
[2023-10-14T10:58:49.097+0000] {processor.py:179} INFO - Processing /home/airflow/.local/lib/python3.8/site-packages/airflow/example_dags/example_subdag_operator.py took 0.050 seconds
[2023-10-14T10:59:19.573+0000] {processor.py:157} INFO - Started process (PID=506) to work on /home/airflow/.local/lib/python3.8/site-packages/airflow/example_dags/example_subdag_operator.py
[2023-10-14T10:59:19.574+0000] {processor.py:829} INFO - Processing file /home/airflow/.local/lib/python3.8/site-packages/airflow/example_dags/example_subdag_operator.py for tasks to queue
[2023-10-14T10:59:19.576+0000] {logging_mixin.py:151} INFO - [2023-10-14T10:59:19.576+0000] {dagbag.py:536} INFO - Filling up the DagBag from /home/airflow/.local/lib/python3.8/site-packages/airflow/example_dags/example_subdag_operator.py
[2023-10-14T10:59:19.593+0000] {processor.py:839} INFO - DAG(s) dict_keys(['example_subdag_operator.section-1', 'example_subdag_operator.section-2', 'example_subdag_operator']) retrieved from /home/airflow/.local/lib/python3.8/site-packages/airflow/example_dags/example_subdag_operator.py
[2023-10-14T10:59:19.603+0000] {logging_mixin.py:151} INFO - [2023-10-14T10:59:19.603+0000] {dag.py:2941} INFO - Sync 3 DAGs
[2023-10-14T10:59:19.616+0000] {logging_mixin.py:151} INFO - [2023-10-14T10:59:19.616+0000] {dag.py:3722} INFO - Setting next_dagrun for example_subdag_operator to 2022-01-01T00:00:00+00:00, run_after=2022-01-01T00:00:00+00:00
[2023-10-14T10:59:19.619+0000] {logging_mixin.py:151} INFO - [2023-10-14T10:59:19.619+0000] {dag.py:3722} INFO - Setting next_dagrun for example_subdag_operator.section-1 to None, run_after=None
[2023-10-14T10:59:19.620+0000] {logging_mixin.py:151} INFO - [2023-10-14T10:59:19.620+0000] {dag.py:3722} INFO - Setting next_dagrun for example_subdag_operator.section-2 to None, run_after=None
[2023-10-14T10:59:19.624+0000] {logging_mixin.py:151} INFO - [2023-10-14T10:59:19.624+0000] {dag.py:2941} INFO - Sync 2 DAGs
[2023-10-14T10:59:19.628+0000] {logging_mixin.py:151} INFO - [2023-10-14T10:59:19.628+0000] {dag.py:3722} INFO - Setting next_dagrun for example_subdag_operator.section-1 to None, run_after=None
[2023-10-14T10:59:19.628+0000] {logging_mixin.py:151} INFO - [2023-10-14T10:59:19.628+0000] {dag.py:3722} INFO - Setting next_dagrun for example_subdag_operator.section-2 to None, run_after=None
[2023-10-14T10:59:19.635+0000] {processor.py:179} INFO - Processing /home/airflow/.local/lib/python3.8/site-packages/airflow/example_dags/example_subdag_operator.py took 0.065 seconds
[2023-10-14T10:59:50.517+0000] {processor.py:157} INFO - Started process (PID=562) to work on /home/airflow/.local/lib/python3.8/site-packages/airflow/example_dags/example_subdag_operator.py
[2023-10-14T10:59:50.518+0000] {processor.py:829} INFO - Processing file /home/airflow/.local/lib/python3.8/site-packages/airflow/example_dags/example_subdag_operator.py for tasks to queue
[2023-10-14T10:59:50.519+0000] {logging_mixin.py:151} INFO - [2023-10-14T10:59:50.519+0000] {dagbag.py:536} INFO - Filling up the DagBag from /home/airflow/.local/lib/python3.8/site-packages/airflow/example_dags/example_subdag_operator.py
[2023-10-14T10:59:50.533+0000] {processor.py:839} INFO - DAG(s) dict_keys(['example_subdag_operator.section-1', 'example_subdag_operator.section-2', 'example_subdag_operator']) retrieved from /home/airflow/.local/lib/python3.8/site-packages/airflow/example_dags/example_subdag_operator.py
[2023-10-14T10:59:50.541+0000] {logging_mixin.py:151} INFO - [2023-10-14T10:59:50.541+0000] {dag.py:2941} INFO - Sync 3 DAGs
[2023-10-14T10:59:50.552+0000] {logging_mixin.py:151} INFO - [2023-10-14T10:59:50.552+0000] {dag.py:3722} INFO - Setting next_dagrun for example_subdag_operator to 2022-01-01T00:00:00+00:00, run_after=2022-01-01T00:00:00+00:00
[2023-10-14T10:59:50.553+0000] {logging_mixin.py:151} INFO - [2023-10-14T10:59:50.553+0000] {dag.py:3722} INFO - Setting next_dagrun for example_subdag_operator.section-1 to None, run_after=None
[2023-10-14T10:59:50.554+0000] {logging_mixin.py:151} INFO - [2023-10-14T10:59:50.554+0000] {dag.py:3722} INFO - Setting next_dagrun for example_subdag_operator.section-2 to None, run_after=None
[2023-10-14T10:59:50.558+0000] {logging_mixin.py:151} INFO - [2023-10-14T10:59:50.558+0000] {dag.py:2941} INFO - Sync 2 DAGs
[2023-10-14T10:59:50.560+0000] {logging_mixin.py:151} INFO - [2023-10-14T10:59:50.560+0000] {dag.py:3722} INFO - Setting next_dagrun for example_subdag_operator.section-1 to None, run_after=None
[2023-10-14T10:59:50.560+0000] {logging_mixin.py:151} INFO - [2023-10-14T10:59:50.560+0000] {dag.py:3722} INFO - Setting next_dagrun for example_subdag_operator.section-2 to None, run_after=None
[2023-10-14T10:59:50.566+0000] {processor.py:179} INFO - Processing /home/airflow/.local/lib/python3.8/site-packages/airflow/example_dags/example_subdag_operator.py took 0.051 seconds
[2023-10-14T11:00:20.756+0000] {processor.py:157} INFO - Started process (PID=617) to work on /home/airflow/.local/lib/python3.8/site-packages/airflow/example_dags/example_subdag_operator.py
[2023-10-14T11:00:20.757+0000] {processor.py:829} INFO - Processing file /home/airflow/.local/lib/python3.8/site-packages/airflow/example_dags/example_subdag_operator.py for tasks to queue
[2023-10-14T11:00:20.758+0000] {logging_mixin.py:151} INFO - [2023-10-14T11:00:20.758+0000] {dagbag.py:536} INFO - Filling up the DagBag from /home/airflow/.local/lib/python3.8/site-packages/airflow/example_dags/example_subdag_operator.py
[2023-10-14T11:00:20.775+0000] {processor.py:839} INFO - DAG(s) dict_keys(['example_subdag_operator.section-1', 'example_subdag_operator.section-2', 'example_subdag_operator']) retrieved from /home/airflow/.local/lib/python3.8/site-packages/airflow/example_dags/example_subdag_operator.py
[2023-10-14T11:00:20.784+0000] {logging_mixin.py:151} INFO - [2023-10-14T11:00:20.784+0000] {dag.py:2941} INFO - Sync 3 DAGs
[2023-10-14T11:00:20.796+0000] {logging_mixin.py:151} INFO - [2023-10-14T11:00:20.795+0000] {dag.py:3722} INFO - Setting next_dagrun for example_subdag_operator to 2022-01-01T00:00:00+00:00, run_after=2022-01-01T00:00:00+00:00
[2023-10-14T11:00:20.797+0000] {logging_mixin.py:151} INFO - [2023-10-14T11:00:20.797+0000] {dag.py:3722} INFO - Setting next_dagrun for example_subdag_operator.section-1 to None, run_after=None
[2023-10-14T11:00:20.798+0000] {logging_mixin.py:151} INFO - [2023-10-14T11:00:20.798+0000] {dag.py:3722} INFO - Setting next_dagrun for example_subdag_operator.section-2 to None, run_after=None
[2023-10-14T11:00:20.802+0000] {logging_mixin.py:151} INFO - [2023-10-14T11:00:20.802+0000] {dag.py:2941} INFO - Sync 2 DAGs
[2023-10-14T11:00:20.805+0000] {logging_mixin.py:151} INFO - [2023-10-14T11:00:20.804+0000] {dag.py:3722} INFO - Setting next_dagrun for example_subdag_operator.section-1 to None, run_after=None
[2023-10-14T11:00:20.805+0000] {logging_mixin.py:151} INFO - [2023-10-14T11:00:20.805+0000] {dag.py:3722} INFO - Setting next_dagrun for example_subdag_operator.section-2 to None, run_after=None
[2023-10-14T11:00:20.810+0000] {processor.py:179} INFO - Processing /home/airflow/.local/lib/python3.8/site-packages/airflow/example_dags/example_subdag_operator.py took 0.057 seconds
[2023-10-14T11:00:51.025+0000] {processor.py:157} INFO - Started process (PID=672) to work on /home/airflow/.local/lib/python3.8/site-packages/airflow/example_dags/example_subdag_operator.py
[2023-10-14T11:00:51.026+0000] {processor.py:829} INFO - Processing file /home/airflow/.local/lib/python3.8/site-packages/airflow/example_dags/example_subdag_operator.py for tasks to queue
[2023-10-14T11:00:51.027+0000] {logging_mixin.py:151} INFO - [2023-10-14T11:00:51.027+0000] {dagbag.py:536} INFO - Filling up the DagBag from /home/airflow/.local/lib/python3.8/site-packages/airflow/example_dags/example_subdag_operator.py
[2023-10-14T11:00:51.042+0000] {processor.py:839} INFO - DAG(s) dict_keys(['example_subdag_operator.section-1', 'example_subdag_operator.section-2', 'example_subdag_operator']) retrieved from /home/airflow/.local/lib/python3.8/site-packages/airflow/example_dags/example_subdag_operator.py
[2023-10-14T11:00:51.050+0000] {logging_mixin.py:151} INFO - [2023-10-14T11:00:51.050+0000] {dag.py:2941} INFO - Sync 3 DAGs
[2023-10-14T11:00:51.061+0000] {logging_mixin.py:151} INFO - [2023-10-14T11:00:51.061+0000] {dag.py:3722} INFO - Setting next_dagrun for example_subdag_operator to 2022-01-01T00:00:00+00:00, run_after=2022-01-01T00:00:00+00:00
[2023-10-14T11:00:51.062+0000] {logging_mixin.py:151} INFO - [2023-10-14T11:00:51.062+0000] {dag.py:3722} INFO - Setting next_dagrun for example_subdag_operator.section-1 to None, run_after=None
[2023-10-14T11:00:51.063+0000] {logging_mixin.py:151} INFO - [2023-10-14T11:00:51.063+0000] {dag.py:3722} INFO - Setting next_dagrun for example_subdag_operator.section-2 to None, run_after=None
[2023-10-14T11:00:51.067+0000] {logging_mixin.py:151} INFO - [2023-10-14T11:00:51.067+0000] {dag.py:2941} INFO - Sync 2 DAGs
[2023-10-14T11:00:51.070+0000] {logging_mixin.py:151} INFO - [2023-10-14T11:00:51.070+0000] {dag.py:3722} INFO - Setting next_dagrun for example_subdag_operator.section-1 to None, run_after=None
[2023-10-14T11:00:51.070+0000] {logging_mixin.py:151} INFO - [2023-10-14T11:00:51.070+0000] {dag.py:3722} INFO - Setting next_dagrun for example_subdag_operator.section-2 to None, run_after=None
[2023-10-14T11:00:51.076+0000] {processor.py:179} INFO - Processing /home/airflow/.local/lib/python3.8/site-packages/airflow/example_dags/example_subdag_operator.py took 0.053 seconds
[2023-10-14T11:01:21.369+0000] {processor.py:157} INFO - Started process (PID=727) to work on /home/airflow/.local/lib/python3.8/site-packages/airflow/example_dags/example_subdag_operator.py
[2023-10-14T11:01:21.370+0000] {processor.py:829} INFO - Processing file /home/airflow/.local/lib/python3.8/site-packages/airflow/example_dags/example_subdag_operator.py for tasks to queue
[2023-10-14T11:01:21.372+0000] {logging_mixin.py:151} INFO - [2023-10-14T11:01:21.372+0000] {dagbag.py:536} INFO - Filling up the DagBag from /home/airflow/.local/lib/python3.8/site-packages/airflow/example_dags/example_subdag_operator.py
[2023-10-14T11:01:21.387+0000] {processor.py:839} INFO - DAG(s) dict_keys(['example_subdag_operator.section-1', 'example_subdag_operator.section-2', 'example_subdag_operator']) retrieved from /home/airflow/.local/lib/python3.8/site-packages/airflow/example_dags/example_subdag_operator.py
[2023-10-14T11:01:21.395+0000] {logging_mixin.py:151} INFO - [2023-10-14T11:01:21.395+0000] {dag.py:2941} INFO - Sync 3 DAGs
[2023-10-14T11:01:21.405+0000] {logging_mixin.py:151} INFO - [2023-10-14T11:01:21.405+0000] {dag.py:3722} INFO - Setting next_dagrun for example_subdag_operator to 2022-01-01T00:00:00+00:00, run_after=2022-01-01T00:00:00+00:00
[2023-10-14T11:01:21.407+0000] {logging_mixin.py:151} INFO - [2023-10-14T11:01:21.407+0000] {dag.py:3722} INFO - Setting next_dagrun for example_subdag_operator.section-1 to None, run_after=None
[2023-10-14T11:01:21.408+0000] {logging_mixin.py:151} INFO - [2023-10-14T11:01:21.408+0000] {dag.py:3722} INFO - Setting next_dagrun for example_subdag_operator.section-2 to None, run_after=None
[2023-10-14T11:01:21.411+0000] {logging_mixin.py:151} INFO - [2023-10-14T11:01:21.411+0000] {dag.py:2941} INFO - Sync 2 DAGs
[2023-10-14T11:01:21.414+0000] {logging_mixin.py:151} INFO - [2023-10-14T11:01:21.414+0000] {dag.py:3722} INFO - Setting next_dagrun for example_subdag_operator.section-1 to None, run_after=None
[2023-10-14T11:01:21.414+0000] {logging_mixin.py:151} INFO - [2023-10-14T11:01:21.414+0000] {dag.py:3722} INFO - Setting next_dagrun for example_subdag_operator.section-2 to None, run_after=None
[2023-10-14T11:01:21.420+0000] {processor.py:179} INFO - Processing /home/airflow/.local/lib/python3.8/site-packages/airflow/example_dags/example_subdag_operator.py took 0.053 seconds
[2023-10-14T11:01:51.683+0000] {processor.py:157} INFO - Started process (PID=784) to work on /home/airflow/.local/lib/python3.8/site-packages/airflow/example_dags/example_subdag_operator.py
[2023-10-14T11:01:51.684+0000] {processor.py:829} INFO - Processing file /home/airflow/.local/lib/python3.8/site-packages/airflow/example_dags/example_subdag_operator.py for tasks to queue
[2023-10-14T11:01:51.686+0000] {logging_mixin.py:151} INFO - [2023-10-14T11:01:51.686+0000] {dagbag.py:536} INFO - Filling up the DagBag from /home/airflow/.local/lib/python3.8/site-packages/airflow/example_dags/example_subdag_operator.py
[2023-10-14T11:01:51.701+0000] {processor.py:839} INFO - DAG(s) dict_keys(['example_subdag_operator.section-1', 'example_subdag_operator.section-2', 'example_subdag_operator']) retrieved from /home/airflow/.local/lib/python3.8/site-packages/airflow/example_dags/example_subdag_operator.py
[2023-10-14T11:01:51.710+0000] {logging_mixin.py:151} INFO - [2023-10-14T11:01:51.709+0000] {dag.py:2941} INFO - Sync 3 DAGs
[2023-10-14T11:01:51.725+0000] {logging_mixin.py:151} INFO - [2023-10-14T11:01:51.725+0000] {dag.py:3722} INFO - Setting next_dagrun for example_subdag_operator to 2022-01-01T00:00:00+00:00, run_after=2022-01-01T00:00:00+00:00
[2023-10-14T11:01:51.727+0000] {logging_mixin.py:151} INFO - [2023-10-14T11:01:51.727+0000] {dag.py:3722} INFO - Setting next_dagrun for example_subdag_operator.section-1 to None, run_after=None
[2023-10-14T11:01:51.728+0000] {logging_mixin.py:151} INFO - [2023-10-14T11:01:51.728+0000] {dag.py:3722} INFO - Setting next_dagrun for example_subdag_operator.section-2 to None, run_after=None
[2023-10-14T11:01:51.733+0000] {logging_mixin.py:151} INFO - [2023-10-14T11:01:51.733+0000] {dag.py:2941} INFO - Sync 2 DAGs
[2023-10-14T11:01:51.738+0000] {logging_mixin.py:151} INFO - [2023-10-14T11:01:51.737+0000] {dag.py:3722} INFO - Setting next_dagrun for example_subdag_operator.section-1 to None, run_after=None
[2023-10-14T11:01:51.738+0000] {logging_mixin.py:151} INFO - [2023-10-14T11:01:51.738+0000] {dag.py:3722} INFO - Setting next_dagrun for example_subdag_operator.section-2 to None, run_after=None
[2023-10-14T11:01:51.746+0000] {processor.py:179} INFO - Processing /home/airflow/.local/lib/python3.8/site-packages/airflow/example_dags/example_subdag_operator.py took 0.066 seconds
[2023-10-14T11:02:22.363+0000] {processor.py:157} INFO - Started process (PID=840) to work on /home/airflow/.local/lib/python3.8/site-packages/airflow/example_dags/example_subdag_operator.py
[2023-10-14T11:02:22.364+0000] {processor.py:829} INFO - Processing file /home/airflow/.local/lib/python3.8/site-packages/airflow/example_dags/example_subdag_operator.py for tasks to queue
[2023-10-14T11:02:22.365+0000] {logging_mixin.py:151} INFO - [2023-10-14T11:02:22.365+0000] {dagbag.py:536} INFO - Filling up the DagBag from /home/airflow/.local/lib/python3.8/site-packages/airflow/example_dags/example_subdag_operator.py
[2023-10-14T11:02:22.383+0000] {processor.py:839} INFO - DAG(s) dict_keys(['example_subdag_operator.section-1', 'example_subdag_operator.section-2', 'example_subdag_operator']) retrieved from /home/airflow/.local/lib/python3.8/site-packages/airflow/example_dags/example_subdag_operator.py
[2023-10-14T11:02:22.393+0000] {logging_mixin.py:151} INFO - [2023-10-14T11:02:22.392+0000] {dag.py:2941} INFO - Sync 3 DAGs
[2023-10-14T11:02:22.406+0000] {logging_mixin.py:151} INFO - [2023-10-14T11:02:22.406+0000] {dag.py:3722} INFO - Setting next_dagrun for example_subdag_operator to 2022-01-01T00:00:00+00:00, run_after=2022-01-01T00:00:00+00:00
[2023-10-14T11:02:22.408+0000] {logging_mixin.py:151} INFO - [2023-10-14T11:02:22.408+0000] {dag.py:3722} INFO - Setting next_dagrun for example_subdag_operator.section-1 to None, run_after=None
[2023-10-14T11:02:22.409+0000] {logging_mixin.py:151} INFO - [2023-10-14T11:02:22.409+0000] {dag.py:3722} INFO - Setting next_dagrun for example_subdag_operator.section-2 to None, run_after=None
[2023-10-14T11:02:22.414+0000] {logging_mixin.py:151} INFO - [2023-10-14T11:02:22.414+0000] {dag.py:2941} INFO - Sync 2 DAGs
[2023-10-14T11:02:22.419+0000] {logging_mixin.py:151} INFO - [2023-10-14T11:02:22.419+0000] {dag.py:3722} INFO - Setting next_dagrun for example_subdag_operator.section-1 to None, run_after=None
[2023-10-14T11:02:22.420+0000] {logging_mixin.py:151} INFO - [2023-10-14T11:02:22.420+0000] {dag.py:3722} INFO - Setting next_dagrun for example_subdag_operator.section-2 to None, run_after=None
[2023-10-14T11:02:22.427+0000] {processor.py:179} INFO - Processing /home/airflow/.local/lib/python3.8/site-packages/airflow/example_dags/example_subdag_operator.py took 0.067 seconds
[2023-10-14T11:02:52.681+0000] {processor.py:157} INFO - Started process (PID=895) to work on /home/airflow/.local/lib/python3.8/site-packages/airflow/example_dags/example_subdag_operator.py
[2023-10-14T11:02:52.682+0000] {processor.py:829} INFO - Processing file /home/airflow/.local/lib/python3.8/site-packages/airflow/example_dags/example_subdag_operator.py for tasks to queue
[2023-10-14T11:02:52.684+0000] {logging_mixin.py:151} INFO - [2023-10-14T11:02:52.684+0000] {dagbag.py:536} INFO - Filling up the DagBag from /home/airflow/.local/lib/python3.8/site-packages/airflow/example_dags/example_subdag_operator.py
[2023-10-14T11:02:52.700+0000] {processor.py:839} INFO - DAG(s) dict_keys(['example_subdag_operator.section-1', 'example_subdag_operator.section-2', 'example_subdag_operator']) retrieved from /home/airflow/.local/lib/python3.8/site-packages/airflow/example_dags/example_subdag_operator.py
[2023-10-14T11:02:52.709+0000] {logging_mixin.py:151} INFO - [2023-10-14T11:02:52.709+0000] {dag.py:2941} INFO - Sync 3 DAGs
[2023-10-14T11:02:52.721+0000] {logging_mixin.py:151} INFO - [2023-10-14T11:02:52.721+0000] {dag.py:3722} INFO - Setting next_dagrun for example_subdag_operator to 2022-01-01T00:00:00+00:00, run_after=2022-01-01T00:00:00+00:00
[2023-10-14T11:02:52.723+0000] {logging_mixin.py:151} INFO - [2023-10-14T11:02:52.723+0000] {dag.py:3722} INFO - Setting next_dagrun for example_subdag_operator.section-1 to None, run_after=None
[2023-10-14T11:02:52.723+0000] {logging_mixin.py:151} INFO - [2023-10-14T11:02:52.723+0000] {dag.py:3722} INFO - Setting next_dagrun for example_subdag_operator.section-2 to None, run_after=None
[2023-10-14T11:02:52.727+0000] {logging_mixin.py:151} INFO - [2023-10-14T11:02:52.727+0000] {dag.py:2941} INFO - Sync 2 DAGs
[2023-10-14T11:02:52.730+0000] {logging_mixin.py:151} INFO - [2023-10-14T11:02:52.730+0000] {dag.py:3722} INFO - Setting next_dagrun for example_subdag_operator.section-1 to None, run_after=None
[2023-10-14T11:02:52.731+0000] {logging_mixin.py:151} INFO - [2023-10-14T11:02:52.731+0000] {dag.py:3722} INFO - Setting next_dagrun for example_subdag_operator.section-2 to None, run_after=None
[2023-10-14T11:02:52.737+0000] {processor.py:179} INFO - Processing /home/airflow/.local/lib/python3.8/site-packages/airflow/example_dags/example_subdag_operator.py took 0.058 seconds
[2023-10-14T11:03:23.155+0000] {processor.py:157} INFO - Started process (PID=951) to work on /home/airflow/.local/lib/python3.8/site-packages/airflow/example_dags/example_subdag_operator.py
[2023-10-14T11:03:23.156+0000] {processor.py:829} INFO - Processing file /home/airflow/.local/lib/python3.8/site-packages/airflow/example_dags/example_subdag_operator.py for tasks to queue
[2023-10-14T11:03:23.157+0000] {logging_mixin.py:151} INFO - [2023-10-14T11:03:23.157+0000] {dagbag.py:536} INFO - Filling up the DagBag from /home/airflow/.local/lib/python3.8/site-packages/airflow/example_dags/example_subdag_operator.py
[2023-10-14T11:03:23.173+0000] {processor.py:839} INFO - DAG(s) dict_keys(['example_subdag_operator.section-1', 'example_subdag_operator.section-2', 'example_subdag_operator']) retrieved from /home/airflow/.local/lib/python3.8/site-packages/airflow/example_dags/example_subdag_operator.py
[2023-10-14T11:03:23.181+0000] {logging_mixin.py:151} INFO - [2023-10-14T11:03:23.181+0000] {dag.py:2941} INFO - Sync 3 DAGs
[2023-10-14T11:03:23.193+0000] {logging_mixin.py:151} INFO - [2023-10-14T11:03:23.193+0000] {dag.py:3722} INFO - Setting next_dagrun for example_subdag_operator to 2022-01-01T00:00:00+00:00, run_after=2022-01-01T00:00:00+00:00
[2023-10-14T11:03:23.195+0000] {logging_mixin.py:151} INFO - [2023-10-14T11:03:23.195+0000] {dag.py:3722} INFO - Setting next_dagrun for example_subdag_operator.section-1 to None, run_after=None
[2023-10-14T11:03:23.195+0000] {logging_mixin.py:151} INFO - [2023-10-14T11:03:23.195+0000] {dag.py:3722} INFO - Setting next_dagrun for example_subdag_operator.section-2 to None, run_after=None
[2023-10-14T11:03:23.199+0000] {logging_mixin.py:151} INFO - [2023-10-14T11:03:23.199+0000] {dag.py:2941} INFO - Sync 2 DAGs
[2023-10-14T11:03:23.202+0000] {logging_mixin.py:151} INFO - [2023-10-14T11:03:23.202+0000] {dag.py:3722} INFO - Setting next_dagrun for example_subdag_operator.section-1 to None, run_after=None
[2023-10-14T11:03:23.202+0000] {logging_mixin.py:151} INFO - [2023-10-14T11:03:23.202+0000] {dag.py:3722} INFO - Setting next_dagrun for example_subdag_operator.section-2 to None, run_after=None
[2023-10-14T11:03:23.208+0000] {processor.py:179} INFO - Processing /home/airflow/.local/lib/python3.8/site-packages/airflow/example_dags/example_subdag_operator.py took 0.056 seconds
[2023-10-14T11:03:53.523+0000] {processor.py:157} INFO - Started process (PID=1006) to work on /home/airflow/.local/lib/python3.8/site-packages/airflow/example_dags/example_subdag_operator.py
[2023-10-14T11:03:53.523+0000] {processor.py:829} INFO - Processing file /home/airflow/.local/lib/python3.8/site-packages/airflow/example_dags/example_subdag_operator.py for tasks to queue
[2023-10-14T11:03:53.525+0000] {logging_mixin.py:151} INFO - [2023-10-14T11:03:53.524+0000] {dagbag.py:536} INFO - Filling up the DagBag from /home/airflow/.local/lib/python3.8/site-packages/airflow/example_dags/example_subdag_operator.py
[2023-10-14T11:03:53.539+0000] {processor.py:839} INFO - DAG(s) dict_keys(['example_subdag_operator.section-1', 'example_subdag_operator.section-2', 'example_subdag_operator']) retrieved from /home/airflow/.local/lib/python3.8/site-packages/airflow/example_dags/example_subdag_operator.py
[2023-10-14T11:03:53.548+0000] {logging_mixin.py:151} INFO - [2023-10-14T11:03:53.548+0000] {dag.py:2941} INFO - Sync 3 DAGs
[2023-10-14T11:03:53.560+0000] {logging_mixin.py:151} INFO - [2023-10-14T11:03:53.560+0000] {dag.py:3722} INFO - Setting next_dagrun for example_subdag_operator to 2022-01-01T00:00:00+00:00, run_after=2022-01-01T00:00:00+00:00
[2023-10-14T11:03:53.562+0000] {logging_mixin.py:151} INFO - [2023-10-14T11:03:53.562+0000] {dag.py:3722} INFO - Setting next_dagrun for example_subdag_operator.section-1 to None, run_after=None
[2023-10-14T11:03:53.562+0000] {logging_mixin.py:151} INFO - [2023-10-14T11:03:53.562+0000] {dag.py:3722} INFO - Setting next_dagrun for example_subdag_operator.section-2 to None, run_after=None
[2023-10-14T11:03:53.566+0000] {logging_mixin.py:151} INFO - [2023-10-14T11:03:53.566+0000] {dag.py:2941} INFO - Sync 2 DAGs
[2023-10-14T11:03:53.568+0000] {logging_mixin.py:151} INFO - [2023-10-14T11:03:53.568+0000] {dag.py:3722} INFO - Setting next_dagrun for example_subdag_operator.section-1 to None, run_after=None
[2023-10-14T11:03:53.569+0000] {logging_mixin.py:151} INFO - [2023-10-14T11:03:53.568+0000] {dag.py:3722} INFO - Setting next_dagrun for example_subdag_operator.section-2 to None, run_after=None
[2023-10-14T11:03:53.574+0000] {processor.py:179} INFO - Processing /home/airflow/.local/lib/python3.8/site-packages/airflow/example_dags/example_subdag_operator.py took 0.053 seconds
[2023-10-14T11:04:24.038+0000] {processor.py:157} INFO - Started process (PID=1062) to work on /home/airflow/.local/lib/python3.8/site-packages/airflow/example_dags/example_subdag_operator.py
[2023-10-14T11:04:24.039+0000] {processor.py:829} INFO - Processing file /home/airflow/.local/lib/python3.8/site-packages/airflow/example_dags/example_subdag_operator.py for tasks to queue
[2023-10-14T11:04:24.040+0000] {logging_mixin.py:151} INFO - [2023-10-14T11:04:24.040+0000] {dagbag.py:536} INFO - Filling up the DagBag from /home/airflow/.local/lib/python3.8/site-packages/airflow/example_dags/example_subdag_operator.py
[2023-10-14T11:04:24.054+0000] {processor.py:839} INFO - DAG(s) dict_keys(['example_subdag_operator.section-1', 'example_subdag_operator.section-2', 'example_subdag_operator']) retrieved from /home/airflow/.local/lib/python3.8/site-packages/airflow/example_dags/example_subdag_operator.py
[2023-10-14T11:04:24.062+0000] {logging_mixin.py:151} INFO - [2023-10-14T11:04:24.062+0000] {dag.py:2941} INFO - Sync 3 DAGs
[2023-10-14T11:04:24.073+0000] {logging_mixin.py:151} INFO - [2023-10-14T11:04:24.073+0000] {dag.py:3722} INFO - Setting next_dagrun for example_subdag_operator to 2022-01-01T00:00:00+00:00, run_after=2022-01-01T00:00:00+00:00
[2023-10-14T11:04:24.075+0000] {logging_mixin.py:151} INFO - [2023-10-14T11:04:24.075+0000] {dag.py:3722} INFO - Setting next_dagrun for example_subdag_operator.section-1 to None, run_after=None
[2023-10-14T11:04:24.075+0000] {logging_mixin.py:151} INFO - [2023-10-14T11:04:24.075+0000] {dag.py:3722} INFO - Setting next_dagrun for example_subdag_operator.section-2 to None, run_after=None
[2023-10-14T11:04:24.079+0000] {logging_mixin.py:151} INFO - [2023-10-14T11:04:24.079+0000] {dag.py:2941} INFO - Sync 2 DAGs
[2023-10-14T11:04:24.081+0000] {logging_mixin.py:151} INFO - [2023-10-14T11:04:24.081+0000] {dag.py:3722} INFO - Setting next_dagrun for example_subdag_operator.section-1 to None, run_after=None
[2023-10-14T11:04:24.082+0000] {logging_mixin.py:151} INFO - [2023-10-14T11:04:24.082+0000] {dag.py:3722} INFO - Setting next_dagrun for example_subdag_operator.section-2 to None, run_after=None
[2023-10-14T11:04:24.088+0000] {processor.py:179} INFO - Processing /home/airflow/.local/lib/python3.8/site-packages/airflow/example_dags/example_subdag_operator.py took 0.053 seconds
[2023-10-14T11:04:54.309+0000] {processor.py:157} INFO - Started process (PID=1117) to work on /home/airflow/.local/lib/python3.8/site-packages/airflow/example_dags/example_subdag_operator.py
[2023-10-14T11:04:54.310+0000] {processor.py:829} INFO - Processing file /home/airflow/.local/lib/python3.8/site-packages/airflow/example_dags/example_subdag_operator.py for tasks to queue
[2023-10-14T11:04:54.311+0000] {logging_mixin.py:151} INFO - [2023-10-14T11:04:54.311+0000] {dagbag.py:536} INFO - Filling up the DagBag from /home/airflow/.local/lib/python3.8/site-packages/airflow/example_dags/example_subdag_operator.py
[2023-10-14T11:04:54.327+0000] {processor.py:839} INFO - DAG(s) dict_keys(['example_subdag_operator.section-1', 'example_subdag_operator.section-2', 'example_subdag_operator']) retrieved from /home/airflow/.local/lib/python3.8/site-packages/airflow/example_dags/example_subdag_operator.py
[2023-10-14T11:04:54.336+0000] {logging_mixin.py:151} INFO - [2023-10-14T11:04:54.336+0000] {dag.py:2941} INFO - Sync 3 DAGs
[2023-10-14T11:04:54.348+0000] {logging_mixin.py:151} INFO - [2023-10-14T11:04:54.348+0000] {dag.py:3722} INFO - Setting next_dagrun for example_subdag_operator to 2022-01-01T00:00:00+00:00, run_after=2022-01-01T00:00:00+00:00
[2023-10-14T11:04:54.350+0000] {logging_mixin.py:151} INFO - [2023-10-14T11:04:54.350+0000] {dag.py:3722} INFO - Setting next_dagrun for example_subdag_operator.section-1 to None, run_after=None
[2023-10-14T11:04:54.350+0000] {logging_mixin.py:151} INFO - [2023-10-14T11:04:54.350+0000] {dag.py:3722} INFO - Setting next_dagrun for example_subdag_operator.section-2 to None, run_after=None
[2023-10-14T11:04:54.354+0000] {logging_mixin.py:151} INFO - [2023-10-14T11:04:54.354+0000] {dag.py:2941} INFO - Sync 2 DAGs
[2023-10-14T11:04:54.356+0000] {logging_mixin.py:151} INFO - [2023-10-14T11:04:54.356+0000] {dag.py:3722} INFO - Setting next_dagrun for example_subdag_operator.section-1 to None, run_after=None
[2023-10-14T11:04:54.357+0000] {logging_mixin.py:151} INFO - [2023-10-14T11:04:54.357+0000] {dag.py:3722} INFO - Setting next_dagrun for example_subdag_operator.section-2 to None, run_after=None
[2023-10-14T11:04:54.362+0000] {processor.py:179} INFO - Processing /home/airflow/.local/lib/python3.8/site-packages/airflow/example_dags/example_subdag_operator.py took 0.055 seconds
[2023-10-14T11:05:24.437+0000] {processor.py:157} INFO - Started process (PID=1172) to work on /home/airflow/.local/lib/python3.8/site-packages/airflow/example_dags/example_subdag_operator.py
[2023-10-14T11:05:24.438+0000] {processor.py:829} INFO - Processing file /home/airflow/.local/lib/python3.8/site-packages/airflow/example_dags/example_subdag_operator.py for tasks to queue
[2023-10-14T11:05:24.440+0000] {logging_mixin.py:151} INFO - [2023-10-14T11:05:24.440+0000] {dagbag.py:536} INFO - Filling up the DagBag from /home/airflow/.local/lib/python3.8/site-packages/airflow/example_dags/example_subdag_operator.py
[2023-10-14T11:05:24.456+0000] {processor.py:839} INFO - DAG(s) dict_keys(['example_subdag_operator.section-1', 'example_subdag_operator.section-2', 'example_subdag_operator']) retrieved from /home/airflow/.local/lib/python3.8/site-packages/airflow/example_dags/example_subdag_operator.py
[2023-10-14T11:05:24.464+0000] {logging_mixin.py:151} INFO - [2023-10-14T11:05:24.464+0000] {dag.py:2941} INFO - Sync 3 DAGs
[2023-10-14T11:05:24.476+0000] {logging_mixin.py:151} INFO - [2023-10-14T11:05:24.476+0000] {dag.py:3722} INFO - Setting next_dagrun for example_subdag_operator to 2022-01-01T00:00:00+00:00, run_after=2022-01-01T00:00:00+00:00
[2023-10-14T11:05:24.478+0000] {logging_mixin.py:151} INFO - [2023-10-14T11:05:24.478+0000] {dag.py:3722} INFO - Setting next_dagrun for example_subdag_operator.section-1 to None, run_after=None
[2023-10-14T11:05:24.479+0000] {logging_mixin.py:151} INFO - [2023-10-14T11:05:24.478+0000] {dag.py:3722} INFO - Setting next_dagrun for example_subdag_operator.section-2 to None, run_after=None
[2023-10-14T11:05:24.482+0000] {logging_mixin.py:151} INFO - [2023-10-14T11:05:24.482+0000] {dag.py:2941} INFO - Sync 2 DAGs
[2023-10-14T11:05:24.485+0000] {logging_mixin.py:151} INFO - [2023-10-14T11:05:24.485+0000] {dag.py:3722} INFO - Setting next_dagrun for example_subdag_operator.section-1 to None, run_after=None
[2023-10-14T11:05:24.485+0000] {logging_mixin.py:151} INFO - [2023-10-14T11:05:24.485+0000] {dag.py:3722} INFO - Setting next_dagrun for example_subdag_operator.section-2 to None, run_after=None
[2023-10-14T11:05:24.491+0000] {processor.py:179} INFO - Processing /home/airflow/.local/lib/python3.8/site-packages/airflow/example_dags/example_subdag_operator.py took 0.055 seconds
[2023-10-14T11:05:55.504+0000] {processor.py:157} INFO - Started process (PID=1227) to work on /home/airflow/.local/lib/python3.8/site-packages/airflow/example_dags/example_subdag_operator.py
[2023-10-14T11:05:55.505+0000] {processor.py:829} INFO - Processing file /home/airflow/.local/lib/python3.8/site-packages/airflow/example_dags/example_subdag_operator.py for tasks to queue
[2023-10-14T11:05:55.507+0000] {logging_mixin.py:151} INFO - [2023-10-14T11:05:55.507+0000] {dagbag.py:536} INFO - Filling up the DagBag from /home/airflow/.local/lib/python3.8/site-packages/airflow/example_dags/example_subdag_operator.py
[2023-10-14T11:05:55.523+0000] {processor.py:839} INFO - DAG(s) dict_keys(['example_subdag_operator.section-1', 'example_subdag_operator.section-2', 'example_subdag_operator']) retrieved from /home/airflow/.local/lib/python3.8/site-packages/airflow/example_dags/example_subdag_operator.py
[2023-10-14T11:05:55.531+0000] {logging_mixin.py:151} INFO - [2023-10-14T11:05:55.531+0000] {dag.py:2941} INFO - Sync 3 DAGs
[2023-10-14T11:05:55.544+0000] {logging_mixin.py:151} INFO - [2023-10-14T11:05:55.544+0000] {dag.py:3722} INFO - Setting next_dagrun for example_subdag_operator to 2022-01-01T00:00:00+00:00, run_after=2022-01-01T00:00:00+00:00
[2023-10-14T11:05:55.546+0000] {logging_mixin.py:151} INFO - [2023-10-14T11:05:55.546+0000] {dag.py:3722} INFO - Setting next_dagrun for example_subdag_operator.section-1 to None, run_after=None
[2023-10-14T11:05:55.547+0000] {logging_mixin.py:151} INFO - [2023-10-14T11:05:55.546+0000] {dag.py:3722} INFO - Setting next_dagrun for example_subdag_operator.section-2 to None, run_after=None
[2023-10-14T11:05:55.552+0000] {logging_mixin.py:151} INFO - [2023-10-14T11:05:55.551+0000] {dag.py:2941} INFO - Sync 2 DAGs
[2023-10-14T11:05:55.555+0000] {logging_mixin.py:151} INFO - [2023-10-14T11:05:55.555+0000] {dag.py:3722} INFO - Setting next_dagrun for example_subdag_operator.section-1 to None, run_after=None
[2023-10-14T11:05:55.555+0000] {logging_mixin.py:151} INFO - [2023-10-14T11:05:55.555+0000] {dag.py:3722} INFO - Setting next_dagrun for example_subdag_operator.section-2 to None, run_after=None
[2023-10-14T11:05:55.563+0000] {processor.py:179} INFO - Processing /home/airflow/.local/lib/python3.8/site-packages/airflow/example_dags/example_subdag_operator.py took 0.061 seconds
[2023-10-14T11:06:25.847+0000] {processor.py:157} INFO - Started process (PID=1283) to work on /home/airflow/.local/lib/python3.8/site-packages/airflow/example_dags/example_subdag_operator.py
[2023-10-14T11:06:25.848+0000] {processor.py:829} INFO - Processing file /home/airflow/.local/lib/python3.8/site-packages/airflow/example_dags/example_subdag_operator.py for tasks to queue
[2023-10-14T11:06:25.849+0000] {logging_mixin.py:151} INFO - [2023-10-14T11:06:25.849+0000] {dagbag.py:536} INFO - Filling up the DagBag from /home/airflow/.local/lib/python3.8/site-packages/airflow/example_dags/example_subdag_operator.py
[2023-10-14T11:06:25.864+0000] {processor.py:839} INFO - DAG(s) dict_keys(['example_subdag_operator.section-1', 'example_subdag_operator.section-2', 'example_subdag_operator']) retrieved from /home/airflow/.local/lib/python3.8/site-packages/airflow/example_dags/example_subdag_operator.py
[2023-10-14T11:06:25.872+0000] {logging_mixin.py:151} INFO - [2023-10-14T11:06:25.872+0000] {dag.py:2941} INFO - Sync 3 DAGs
[2023-10-14T11:06:25.884+0000] {logging_mixin.py:151} INFO - [2023-10-14T11:06:25.884+0000] {dag.py:3722} INFO - Setting next_dagrun for example_subdag_operator to 2022-01-01T00:00:00+00:00, run_after=2022-01-01T00:00:00+00:00
[2023-10-14T11:06:25.886+0000] {logging_mixin.py:151} INFO - [2023-10-14T11:06:25.886+0000] {dag.py:3722} INFO - Setting next_dagrun for example_subdag_operator.section-1 to None, run_after=None
[2023-10-14T11:06:25.887+0000] {logging_mixin.py:151} INFO - [2023-10-14T11:06:25.886+0000] {dag.py:3722} INFO - Setting next_dagrun for example_subdag_operator.section-2 to None, run_after=None
[2023-10-14T11:06:25.890+0000] {logging_mixin.py:151} INFO - [2023-10-14T11:06:25.890+0000] {dag.py:2941} INFO - Sync 2 DAGs
[2023-10-14T11:06:25.893+0000] {logging_mixin.py:151} INFO - [2023-10-14T11:06:25.893+0000] {dag.py:3722} INFO - Setting next_dagrun for example_subdag_operator.section-1 to None, run_after=None
[2023-10-14T11:06:25.893+0000] {logging_mixin.py:151} INFO - [2023-10-14T11:06:25.893+0000] {dag.py:3722} INFO - Setting next_dagrun for example_subdag_operator.section-2 to None, run_after=None
[2023-10-14T11:06:25.898+0000] {processor.py:179} INFO - Processing /home/airflow/.local/lib/python3.8/site-packages/airflow/example_dags/example_subdag_operator.py took 0.053 seconds
[2023-10-14T11:06:56.233+0000] {processor.py:157} INFO - Started process (PID=1338) to work on /home/airflow/.local/lib/python3.8/site-packages/airflow/example_dags/example_subdag_operator.py
[2023-10-14T11:06:56.233+0000] {processor.py:829} INFO - Processing file /home/airflow/.local/lib/python3.8/site-packages/airflow/example_dags/example_subdag_operator.py for tasks to queue
[2023-10-14T11:06:56.235+0000] {logging_mixin.py:151} INFO - [2023-10-14T11:06:56.235+0000] {dagbag.py:536} INFO - Filling up the DagBag from /home/airflow/.local/lib/python3.8/site-packages/airflow/example_dags/example_subdag_operator.py
[2023-10-14T11:06:56.248+0000] {processor.py:839} INFO - DAG(s) dict_keys(['example_subdag_operator.section-1', 'example_subdag_operator.section-2', 'example_subdag_operator']) retrieved from /home/airflow/.local/lib/python3.8/site-packages/airflow/example_dags/example_subdag_operator.py
[2023-10-14T11:06:56.256+0000] {logging_mixin.py:151} INFO - [2023-10-14T11:06:56.256+0000] {dag.py:2941} INFO - Sync 3 DAGs
[2023-10-14T11:06:56.267+0000] {logging_mixin.py:151} INFO - [2023-10-14T11:06:56.267+0000] {dag.py:3722} INFO - Setting next_dagrun for example_subdag_operator to 2022-01-01T00:00:00+00:00, run_after=2022-01-01T00:00:00+00:00
[2023-10-14T11:06:56.268+0000] {logging_mixin.py:151} INFO - [2023-10-14T11:06:56.268+0000] {dag.py:3722} INFO - Setting next_dagrun for example_subdag_operator.section-1 to None, run_after=None
[2023-10-14T11:06:56.269+0000] {logging_mixin.py:151} INFO - [2023-10-14T11:06:56.269+0000] {dag.py:3722} INFO - Setting next_dagrun for example_subdag_operator.section-2 to None, run_after=None
[2023-10-14T11:06:56.273+0000] {logging_mixin.py:151} INFO - [2023-10-14T11:06:56.273+0000] {dag.py:2941} INFO - Sync 2 DAGs
[2023-10-14T11:06:56.276+0000] {logging_mixin.py:151} INFO - [2023-10-14T11:06:56.276+0000] {dag.py:3722} INFO - Setting next_dagrun for example_subdag_operator.section-1 to None, run_after=None
[2023-10-14T11:06:56.276+0000] {logging_mixin.py:151} INFO - [2023-10-14T11:06:56.276+0000] {dag.py:3722} INFO - Setting next_dagrun for example_subdag_operator.section-2 to None, run_after=None
[2023-10-14T11:06:56.281+0000] {processor.py:179} INFO - Processing /home/airflow/.local/lib/python3.8/site-packages/airflow/example_dags/example_subdag_operator.py took 0.051 seconds
[2023-10-14T11:07:32.196+0000] {processor.py:157} INFO - Started process (PID=1397) to work on /home/airflow/.local/lib/python3.8/site-packages/airflow/example_dags/example_subdag_operator.py
[2023-10-14T11:07:32.199+0000] {processor.py:829} INFO - Processing file /home/airflow/.local/lib/python3.8/site-packages/airflow/example_dags/example_subdag_operator.py for tasks to queue
[2023-10-14T11:07:32.207+0000] {logging_mixin.py:151} INFO - [2023-10-14T11:07:32.205+0000] {dagbag.py:536} INFO - Filling up the DagBag from /home/airflow/.local/lib/python3.8/site-packages/airflow/example_dags/example_subdag_operator.py
[2023-10-14T11:07:32.302+0000] {processor.py:839} INFO - DAG(s) dict_keys(['example_subdag_operator.section-1', 'example_subdag_operator.section-2', 'example_subdag_operator']) retrieved from /home/airflow/.local/lib/python3.8/site-packages/airflow/example_dags/example_subdag_operator.py
[2023-10-14T11:07:32.327+0000] {logging_mixin.py:151} INFO - [2023-10-14T11:07:32.327+0000] {dag.py:2941} INFO - Sync 3 DAGs
[2023-10-14T11:07:32.348+0000] {logging_mixin.py:151} INFO - [2023-10-14T11:07:32.348+0000] {dag.py:3722} INFO - Setting next_dagrun for example_subdag_operator to 2022-01-01T00:00:00+00:00, run_after=2022-01-01T00:00:00+00:00
[2023-10-14T11:07:32.353+0000] {logging_mixin.py:151} INFO - [2023-10-14T11:07:32.353+0000] {dag.py:3722} INFO - Setting next_dagrun for example_subdag_operator.section-1 to None, run_after=None
[2023-10-14T11:07:32.355+0000] {logging_mixin.py:151} INFO - [2023-10-14T11:07:32.354+0000] {dag.py:3722} INFO - Setting next_dagrun for example_subdag_operator.section-2 to None, run_after=None
[2023-10-14T11:07:32.362+0000] {logging_mixin.py:151} INFO - [2023-10-14T11:07:32.362+0000] {dag.py:2941} INFO - Sync 2 DAGs
[2023-10-14T11:07:32.366+0000] {logging_mixin.py:151} INFO - [2023-10-14T11:07:32.366+0000] {dag.py:3722} INFO - Setting next_dagrun for example_subdag_operator.section-1 to None, run_after=None
[2023-10-14T11:07:32.366+0000] {logging_mixin.py:151} INFO - [2023-10-14T11:07:32.366+0000] {dag.py:3722} INFO - Setting next_dagrun for example_subdag_operator.section-2 to None, run_after=None
[2023-10-14T11:07:32.380+0000] {processor.py:179} INFO - Processing /home/airflow/.local/lib/python3.8/site-packages/airflow/example_dags/example_subdag_operator.py took 0.200 seconds
[2023-10-14T11:08:02.682+0000] {processor.py:157} INFO - Started process (PID=1452) to work on /home/airflow/.local/lib/python3.8/site-packages/airflow/example_dags/example_subdag_operator.py
[2023-10-14T11:08:02.683+0000] {processor.py:829} INFO - Processing file /home/airflow/.local/lib/python3.8/site-packages/airflow/example_dags/example_subdag_operator.py for tasks to queue
[2023-10-14T11:08:02.685+0000] {logging_mixin.py:151} INFO - [2023-10-14T11:08:02.684+0000] {dagbag.py:536} INFO - Filling up the DagBag from /home/airflow/.local/lib/python3.8/site-packages/airflow/example_dags/example_subdag_operator.py
[2023-10-14T11:08:02.702+0000] {processor.py:839} INFO - DAG(s) dict_keys(['example_subdag_operator.section-1', 'example_subdag_operator.section-2', 'example_subdag_operator']) retrieved from /home/airflow/.local/lib/python3.8/site-packages/airflow/example_dags/example_subdag_operator.py
[2023-10-14T11:08:02.711+0000] {logging_mixin.py:151} INFO - [2023-10-14T11:08:02.710+0000] {dag.py:2941} INFO - Sync 3 DAGs
[2023-10-14T11:08:02.723+0000] {logging_mixin.py:151} INFO - [2023-10-14T11:08:02.723+0000] {dag.py:3722} INFO - Setting next_dagrun for example_subdag_operator to 2022-01-01T00:00:00+00:00, run_after=2022-01-01T00:00:00+00:00
[2023-10-14T11:08:02.725+0000] {logging_mixin.py:151} INFO - [2023-10-14T11:08:02.725+0000] {dag.py:3722} INFO - Setting next_dagrun for example_subdag_operator.section-1 to None, run_after=None
[2023-10-14T11:08:02.726+0000] {logging_mixin.py:151} INFO - [2023-10-14T11:08:02.726+0000] {dag.py:3722} INFO - Setting next_dagrun for example_subdag_operator.section-2 to None, run_after=None
[2023-10-14T11:08:02.730+0000] {logging_mixin.py:151} INFO - [2023-10-14T11:08:02.730+0000] {dag.py:2941} INFO - Sync 2 DAGs
[2023-10-14T11:08:02.733+0000] {logging_mixin.py:151} INFO - [2023-10-14T11:08:02.733+0000] {dag.py:3722} INFO - Setting next_dagrun for example_subdag_operator.section-1 to None, run_after=None
[2023-10-14T11:08:02.734+0000] {logging_mixin.py:151} INFO - [2023-10-14T11:08:02.734+0000] {dag.py:3722} INFO - Setting next_dagrun for example_subdag_operator.section-2 to None, run_after=None
[2023-10-14T11:08:02.740+0000] {processor.py:179} INFO - Processing /home/airflow/.local/lib/python3.8/site-packages/airflow/example_dags/example_subdag_operator.py took 0.061 seconds
[2023-10-14T11:08:33.237+0000] {processor.py:157} INFO - Started process (PID=1507) to work on /home/airflow/.local/lib/python3.8/site-packages/airflow/example_dags/example_subdag_operator.py
[2023-10-14T11:08:33.238+0000] {processor.py:829} INFO - Processing file /home/airflow/.local/lib/python3.8/site-packages/airflow/example_dags/example_subdag_operator.py for tasks to queue
[2023-10-14T11:08:33.239+0000] {logging_mixin.py:151} INFO - [2023-10-14T11:08:33.239+0000] {dagbag.py:536} INFO - Filling up the DagBag from /home/airflow/.local/lib/python3.8/site-packages/airflow/example_dags/example_subdag_operator.py
[2023-10-14T11:08:33.256+0000] {processor.py:839} INFO - DAG(s) dict_keys(['example_subdag_operator.section-1', 'example_subdag_operator.section-2', 'example_subdag_operator']) retrieved from /home/airflow/.local/lib/python3.8/site-packages/airflow/example_dags/example_subdag_operator.py
[2023-10-14T11:08:33.264+0000] {logging_mixin.py:151} INFO - [2023-10-14T11:08:33.264+0000] {dag.py:2941} INFO - Sync 3 DAGs
[2023-10-14T11:08:33.275+0000] {logging_mixin.py:151} INFO - [2023-10-14T11:08:33.275+0000] {dag.py:3722} INFO - Setting next_dagrun for example_subdag_operator to 2022-01-01T00:00:00+00:00, run_after=2022-01-01T00:00:00+00:00
[2023-10-14T11:08:33.277+0000] {logging_mixin.py:151} INFO - [2023-10-14T11:08:33.277+0000] {dag.py:3722} INFO - Setting next_dagrun for example_subdag_operator.section-1 to None, run_after=None
[2023-10-14T11:08:33.278+0000] {logging_mixin.py:151} INFO - [2023-10-14T11:08:33.278+0000] {dag.py:3722} INFO - Setting next_dagrun for example_subdag_operator.section-2 to None, run_after=None
[2023-10-14T11:08:33.282+0000] {logging_mixin.py:151} INFO - [2023-10-14T11:08:33.282+0000] {dag.py:2941} INFO - Sync 2 DAGs
[2023-10-14T11:08:33.285+0000] {logging_mixin.py:151} INFO - [2023-10-14T11:08:33.285+0000] {dag.py:3722} INFO - Setting next_dagrun for example_subdag_operator.section-1 to None, run_after=None
[2023-10-14T11:08:33.285+0000] {logging_mixin.py:151} INFO - [2023-10-14T11:08:33.285+0000] {dag.py:3722} INFO - Setting next_dagrun for example_subdag_operator.section-2 to None, run_after=None
[2023-10-14T11:08:33.290+0000] {processor.py:179} INFO - Processing /home/airflow/.local/lib/python3.8/site-packages/airflow/example_dags/example_subdag_operator.py took 0.056 seconds
[2023-10-14T11:09:03.721+0000] {processor.py:157} INFO - Started process (PID=1562) to work on /home/airflow/.local/lib/python3.8/site-packages/airflow/example_dags/example_subdag_operator.py
[2023-10-14T11:09:03.722+0000] {processor.py:829} INFO - Processing file /home/airflow/.local/lib/python3.8/site-packages/airflow/example_dags/example_subdag_operator.py for tasks to queue
[2023-10-14T11:09:03.724+0000] {logging_mixin.py:151} INFO - [2023-10-14T11:09:03.724+0000] {dagbag.py:536} INFO - Filling up the DagBag from /home/airflow/.local/lib/python3.8/site-packages/airflow/example_dags/example_subdag_operator.py
[2023-10-14T11:09:03.745+0000] {processor.py:839} INFO - DAG(s) dict_keys(['example_subdag_operator.section-1', 'example_subdag_operator.section-2', 'example_subdag_operator']) retrieved from /home/airflow/.local/lib/python3.8/site-packages/airflow/example_dags/example_subdag_operator.py
[2023-10-14T11:09:03.754+0000] {logging_mixin.py:151} INFO - [2023-10-14T11:09:03.754+0000] {dag.py:2941} INFO - Sync 3 DAGs
[2023-10-14T11:09:03.766+0000] {logging_mixin.py:151} INFO - [2023-10-14T11:09:03.766+0000] {dag.py:3722} INFO - Setting next_dagrun for example_subdag_operator to 2022-01-01T00:00:00+00:00, run_after=2022-01-01T00:00:00+00:00
[2023-10-14T11:09:03.768+0000] {logging_mixin.py:151} INFO - [2023-10-14T11:09:03.768+0000] {dag.py:3722} INFO - Setting next_dagrun for example_subdag_operator.section-1 to None, run_after=None
[2023-10-14T11:09:03.769+0000] {logging_mixin.py:151} INFO - [2023-10-14T11:09:03.769+0000] {dag.py:3722} INFO - Setting next_dagrun for example_subdag_operator.section-2 to None, run_after=None
[2023-10-14T11:09:03.774+0000] {logging_mixin.py:151} INFO - [2023-10-14T11:09:03.774+0000] {dag.py:2941} INFO - Sync 2 DAGs
[2023-10-14T11:09:03.777+0000] {logging_mixin.py:151} INFO - [2023-10-14T11:09:03.777+0000] {dag.py:3722} INFO - Setting next_dagrun for example_subdag_operator.section-1 to None, run_after=None
[2023-10-14T11:09:03.783+0000] {logging_mixin.py:151} INFO - [2023-10-14T11:09:03.783+0000] {dag.py:3722} INFO - Setting next_dagrun for example_subdag_operator.section-2 to None, run_after=None
[2023-10-14T11:09:03.791+0000] {processor.py:179} INFO - Processing /home/airflow/.local/lib/python3.8/site-packages/airflow/example_dags/example_subdag_operator.py took 0.072 seconds
[2023-10-14T11:09:34.162+0000] {processor.py:157} INFO - Started process (PID=1617) to work on /home/airflow/.local/lib/python3.8/site-packages/airflow/example_dags/example_subdag_operator.py
[2023-10-14T11:09:34.162+0000] {processor.py:829} INFO - Processing file /home/airflow/.local/lib/python3.8/site-packages/airflow/example_dags/example_subdag_operator.py for tasks to queue
[2023-10-14T11:09:34.164+0000] {logging_mixin.py:151} INFO - [2023-10-14T11:09:34.163+0000] {dagbag.py:536} INFO - Filling up the DagBag from /home/airflow/.local/lib/python3.8/site-packages/airflow/example_dags/example_subdag_operator.py
[2023-10-14T11:09:34.178+0000] {processor.py:839} INFO - DAG(s) dict_keys(['example_subdag_operator.section-1', 'example_subdag_operator.section-2', 'example_subdag_operator']) retrieved from /home/airflow/.local/lib/python3.8/site-packages/airflow/example_dags/example_subdag_operator.py
[2023-10-14T11:09:34.189+0000] {logging_mixin.py:151} INFO - [2023-10-14T11:09:34.189+0000] {dag.py:2941} INFO - Sync 3 DAGs
[2023-10-14T11:09:34.205+0000] {logging_mixin.py:151} INFO - [2023-10-14T11:09:34.205+0000] {dag.py:3722} INFO - Setting next_dagrun for example_subdag_operator to 2022-01-01T00:00:00+00:00, run_after=2022-01-01T00:00:00+00:00
[2023-10-14T11:09:34.207+0000] {logging_mixin.py:151} INFO - [2023-10-14T11:09:34.207+0000] {dag.py:3722} INFO - Setting next_dagrun for example_subdag_operator.section-1 to None, run_after=None
[2023-10-14T11:09:34.208+0000] {logging_mixin.py:151} INFO - [2023-10-14T11:09:34.208+0000] {dag.py:3722} INFO - Setting next_dagrun for example_subdag_operator.section-2 to None, run_after=None
[2023-10-14T11:09:34.213+0000] {logging_mixin.py:151} INFO - [2023-10-14T11:09:34.213+0000] {dag.py:2941} INFO - Sync 2 DAGs
[2023-10-14T11:09:34.220+0000] {logging_mixin.py:151} INFO - [2023-10-14T11:09:34.220+0000] {dag.py:3722} INFO - Setting next_dagrun for example_subdag_operator.section-1 to None, run_after=None
[2023-10-14T11:09:34.221+0000] {logging_mixin.py:151} INFO - [2023-10-14T11:09:34.221+0000] {dag.py:3722} INFO - Setting next_dagrun for example_subdag_operator.section-2 to None, run_after=None
[2023-10-14T11:09:34.228+0000] {processor.py:179} INFO - Processing /home/airflow/.local/lib/python3.8/site-packages/airflow/example_dags/example_subdag_operator.py took 0.068 seconds
