[2023-10-14T10:55:16.051+0000] {processor.py:157} INFO - Started process (PID=59) to work on /home/airflow/.local/lib/python3.8/site-packages/airflow/example_dags/example_datasets.py
[2023-10-14T10:55:16.055+0000] {processor.py:829} INFO - Processing file /home/airflow/.local/lib/python3.8/site-packages/airflow/example_dags/example_datasets.py for tasks to queue
[2023-10-14T10:55:16.063+0000] {logging_mixin.py:151} INFO - [2023-10-14T10:55:16.063+0000] {dagbag.py:536} INFO - Filling up the DagBag from /home/airflow/.local/lib/python3.8/site-packages/airflow/example_dags/example_datasets.py
[2023-10-14T10:55:16.104+0000] {processor.py:839} INFO - DAG(s) dict_keys(['dataset_consumes_1_and_2', 'dataset_produces_2', 'dataset_consumes_1_never_scheduled', 'dataset_consumes_1', 'dataset_consumes_unknown_never_scheduled', 'dataset_produces_1']) retrieved from /home/airflow/.local/lib/python3.8/site-packages/airflow/example_dags/example_datasets.py
[2023-10-14T10:55:16.131+0000] {logging_mixin.py:151} INFO - [2023-10-14T10:55:16.131+0000] {dag.py:2941} INFO - Sync 6 DAGs
[2023-10-14T10:55:16.152+0000] {logging_mixin.py:151} INFO - [2023-10-14T10:55:16.152+0000] {dag.py:3722} INFO - Setting next_dagrun for dataset_consumes_1 to None, run_after=None
[2023-10-14T10:55:16.158+0000] {logging_mixin.py:151} INFO - [2023-10-14T10:55:16.157+0000] {dag.py:3722} INFO - Setting next_dagrun for dataset_consumes_1_and_2 to None, run_after=None
[2023-10-14T10:55:16.164+0000] {logging_mixin.py:151} INFO - [2023-10-14T10:55:16.163+0000] {dag.py:3722} INFO - Setting next_dagrun for dataset_consumes_1_never_scheduled to None, run_after=None
[2023-10-14T10:55:16.165+0000] {logging_mixin.py:151} INFO - [2023-10-14T10:55:16.165+0000] {dag.py:3722} INFO - Setting next_dagrun for dataset_consumes_unknown_never_scheduled to None, run_after=None
[2023-10-14T10:55:16.187+0000] {logging_mixin.py:151} INFO - [2023-10-14T10:55:16.187+0000] {dag.py:3722} INFO - Setting next_dagrun for dataset_produces_1 to 2023-10-13T00:00:00+00:00, run_after=2023-10-14T00:00:00+00:00
[2023-10-14T10:55:16.189+0000] {logging_mixin.py:151} INFO - [2023-10-14T10:55:16.189+0000] {dag.py:3722} INFO - Setting next_dagrun for dataset_produces_2 to None, run_after=None
[2023-10-14T10:55:16.267+0000] {processor.py:179} INFO - Processing /home/airflow/.local/lib/python3.8/site-packages/airflow/example_dags/example_datasets.py took 0.233 seconds
[2023-10-14T10:55:46.736+0000] {processor.py:157} INFO - Started process (PID=114) to work on /home/airflow/.local/lib/python3.8/site-packages/airflow/example_dags/example_datasets.py
[2023-10-14T10:55:46.737+0000] {processor.py:829} INFO - Processing file /home/airflow/.local/lib/python3.8/site-packages/airflow/example_dags/example_datasets.py for tasks to queue
[2023-10-14T10:55:46.738+0000] {logging_mixin.py:151} INFO - [2023-10-14T10:55:46.738+0000] {dagbag.py:536} INFO - Filling up the DagBag from /home/airflow/.local/lib/python3.8/site-packages/airflow/example_dags/example_datasets.py
[2023-10-14T10:55:46.745+0000] {processor.py:839} INFO - DAG(s) dict_keys(['dataset_consumes_1', 'dataset_produces_2', 'dataset_consumes_unknown_never_scheduled', 'dataset_consumes_1_never_scheduled', 'dataset_produces_1', 'dataset_consumes_1_and_2']) retrieved from /home/airflow/.local/lib/python3.8/site-packages/airflow/example_dags/example_datasets.py
[2023-10-14T10:55:46.764+0000] {logging_mixin.py:151} INFO - [2023-10-14T10:55:46.764+0000] {dag.py:2941} INFO - Sync 6 DAGs
[2023-10-14T10:55:46.777+0000] {logging_mixin.py:151} INFO - [2023-10-14T10:55:46.777+0000] {dag.py:3722} INFO - Setting next_dagrun for dataset_consumes_1 to None, run_after=None
[2023-10-14T10:55:46.779+0000] {logging_mixin.py:151} INFO - [2023-10-14T10:55:46.779+0000] {dag.py:3722} INFO - Setting next_dagrun for dataset_consumes_1_and_2 to None, run_after=None
[2023-10-14T10:55:46.780+0000] {logging_mixin.py:151} INFO - [2023-10-14T10:55:46.780+0000] {dag.py:3722} INFO - Setting next_dagrun for dataset_consumes_1_never_scheduled to None, run_after=None
[2023-10-14T10:55:46.780+0000] {logging_mixin.py:151} INFO - [2023-10-14T10:55:46.780+0000] {dag.py:3722} INFO - Setting next_dagrun for dataset_consumes_unknown_never_scheduled to None, run_after=None
[2023-10-14T10:55:46.782+0000] {logging_mixin.py:151} INFO - [2023-10-14T10:55:46.782+0000] {dag.py:3722} INFO - Setting next_dagrun for dataset_produces_1 to 2023-10-13T00:00:00+00:00, run_after=2023-10-14T00:00:00+00:00
[2023-10-14T10:55:46.783+0000] {logging_mixin.py:151} INFO - [2023-10-14T10:55:46.782+0000] {dag.py:3722} INFO - Setting next_dagrun for dataset_produces_2 to None, run_after=None
[2023-10-14T10:55:46.798+0000] {processor.py:179} INFO - Processing /home/airflow/.local/lib/python3.8/site-packages/airflow/example_dags/example_datasets.py took 0.064 seconds
[2023-10-14T10:56:17.196+0000] {processor.py:157} INFO - Started process (PID=169) to work on /home/airflow/.local/lib/python3.8/site-packages/airflow/example_dags/example_datasets.py
[2023-10-14T10:56:17.198+0000] {processor.py:829} INFO - Processing file /home/airflow/.local/lib/python3.8/site-packages/airflow/example_dags/example_datasets.py for tasks to queue
[2023-10-14T10:56:17.199+0000] {logging_mixin.py:151} INFO - [2023-10-14T10:56:17.199+0000] {dagbag.py:536} INFO - Filling up the DagBag from /home/airflow/.local/lib/python3.8/site-packages/airflow/example_dags/example_datasets.py
[2023-10-14T10:56:17.205+0000] {processor.py:839} INFO - DAG(s) dict_keys(['dataset_consumes_unknown_never_scheduled', 'dataset_consumes_1', 'dataset_produces_1', 'dataset_produces_2', 'dataset_consumes_1_and_2', 'dataset_consumes_1_never_scheduled']) retrieved from /home/airflow/.local/lib/python3.8/site-packages/airflow/example_dags/example_datasets.py
[2023-10-14T10:56:17.224+0000] {logging_mixin.py:151} INFO - [2023-10-14T10:56:17.224+0000] {dag.py:2941} INFO - Sync 6 DAGs
[2023-10-14T10:56:17.236+0000] {logging_mixin.py:151} INFO - [2023-10-14T10:56:17.236+0000] {dag.py:3722} INFO - Setting next_dagrun for dataset_consumes_1 to None, run_after=None
[2023-10-14T10:56:17.238+0000] {logging_mixin.py:151} INFO - [2023-10-14T10:56:17.238+0000] {dag.py:3722} INFO - Setting next_dagrun for dataset_consumes_1_and_2 to None, run_after=None
[2023-10-14T10:56:17.239+0000] {logging_mixin.py:151} INFO - [2023-10-14T10:56:17.239+0000] {dag.py:3722} INFO - Setting next_dagrun for dataset_consumes_1_never_scheduled to None, run_after=None
[2023-10-14T10:56:17.240+0000] {logging_mixin.py:151} INFO - [2023-10-14T10:56:17.239+0000] {dag.py:3722} INFO - Setting next_dagrun for dataset_consumes_unknown_never_scheduled to None, run_after=None
[2023-10-14T10:56:17.241+0000] {logging_mixin.py:151} INFO - [2023-10-14T10:56:17.241+0000] {dag.py:3722} INFO - Setting next_dagrun for dataset_produces_1 to 2023-10-13T00:00:00+00:00, run_after=2023-10-14T00:00:00+00:00
[2023-10-14T10:56:17.242+0000] {logging_mixin.py:151} INFO - [2023-10-14T10:56:17.242+0000] {dag.py:3722} INFO - Setting next_dagrun for dataset_produces_2 to None, run_after=None
[2023-10-14T10:56:17.256+0000] {processor.py:179} INFO - Processing /home/airflow/.local/lib/python3.8/site-packages/airflow/example_dags/example_datasets.py took 0.062 seconds
[2023-10-14T10:56:47.522+0000] {processor.py:157} INFO - Started process (PID=224) to work on /home/airflow/.local/lib/python3.8/site-packages/airflow/example_dags/example_datasets.py
[2023-10-14T10:56:47.523+0000] {processor.py:829} INFO - Processing file /home/airflow/.local/lib/python3.8/site-packages/airflow/example_dags/example_datasets.py for tasks to queue
[2023-10-14T10:56:47.524+0000] {logging_mixin.py:151} INFO - [2023-10-14T10:56:47.524+0000] {dagbag.py:536} INFO - Filling up the DagBag from /home/airflow/.local/lib/python3.8/site-packages/airflow/example_dags/example_datasets.py
[2023-10-14T10:56:47.530+0000] {processor.py:839} INFO - DAG(s) dict_keys(['dataset_consumes_1_never_scheduled', 'dataset_consumes_unknown_never_scheduled', 'dataset_consumes_1', 'dataset_produces_1', 'dataset_produces_2', 'dataset_consumes_1_and_2']) retrieved from /home/airflow/.local/lib/python3.8/site-packages/airflow/example_dags/example_datasets.py
[2023-10-14T10:56:47.551+0000] {logging_mixin.py:151} INFO - [2023-10-14T10:56:47.551+0000] {dag.py:2941} INFO - Sync 6 DAGs
[2023-10-14T10:56:47.563+0000] {logging_mixin.py:151} INFO - [2023-10-14T10:56:47.563+0000] {dag.py:3722} INFO - Setting next_dagrun for dataset_consumes_1 to None, run_after=None
[2023-10-14T10:56:47.565+0000] {logging_mixin.py:151} INFO - [2023-10-14T10:56:47.565+0000] {dag.py:3722} INFO - Setting next_dagrun for dataset_consumes_1_and_2 to None, run_after=None
[2023-10-14T10:56:47.566+0000] {logging_mixin.py:151} INFO - [2023-10-14T10:56:47.566+0000] {dag.py:3722} INFO - Setting next_dagrun for dataset_consumes_1_never_scheduled to None, run_after=None
[2023-10-14T10:56:47.567+0000] {logging_mixin.py:151} INFO - [2023-10-14T10:56:47.567+0000] {dag.py:3722} INFO - Setting next_dagrun for dataset_consumes_unknown_never_scheduled to None, run_after=None
[2023-10-14T10:56:47.568+0000] {logging_mixin.py:151} INFO - [2023-10-14T10:56:47.568+0000] {dag.py:3722} INFO - Setting next_dagrun for dataset_produces_1 to 2023-10-13T00:00:00+00:00, run_after=2023-10-14T00:00:00+00:00
[2023-10-14T10:56:47.569+0000] {logging_mixin.py:151} INFO - [2023-10-14T10:56:47.569+0000] {dag.py:3722} INFO - Setting next_dagrun for dataset_produces_2 to None, run_after=None
[2023-10-14T10:56:47.584+0000] {processor.py:179} INFO - Processing /home/airflow/.local/lib/python3.8/site-packages/airflow/example_dags/example_datasets.py took 0.065 seconds
[2023-10-14T10:57:17.822+0000] {processor.py:157} INFO - Started process (PID=279) to work on /home/airflow/.local/lib/python3.8/site-packages/airflow/example_dags/example_datasets.py
[2023-10-14T10:57:17.823+0000] {processor.py:829} INFO - Processing file /home/airflow/.local/lib/python3.8/site-packages/airflow/example_dags/example_datasets.py for tasks to queue
[2023-10-14T10:57:17.825+0000] {logging_mixin.py:151} INFO - [2023-10-14T10:57:17.825+0000] {dagbag.py:536} INFO - Filling up the DagBag from /home/airflow/.local/lib/python3.8/site-packages/airflow/example_dags/example_datasets.py
[2023-10-14T10:57:17.831+0000] {processor.py:839} INFO - DAG(s) dict_keys(['dataset_consumes_unknown_never_scheduled', 'dataset_consumes_1', 'dataset_consumes_1_never_scheduled', 'dataset_produces_1', 'dataset_produces_2', 'dataset_consumes_1_and_2']) retrieved from /home/airflow/.local/lib/python3.8/site-packages/airflow/example_dags/example_datasets.py
[2023-10-14T10:57:17.853+0000] {logging_mixin.py:151} INFO - [2023-10-14T10:57:17.853+0000] {dag.py:2941} INFO - Sync 6 DAGs
[2023-10-14T10:57:17.866+0000] {logging_mixin.py:151} INFO - [2023-10-14T10:57:17.866+0000] {dag.py:3722} INFO - Setting next_dagrun for dataset_consumes_1 to None, run_after=None
[2023-10-14T10:57:17.868+0000] {logging_mixin.py:151} INFO - [2023-10-14T10:57:17.868+0000] {dag.py:3722} INFO - Setting next_dagrun for dataset_consumes_1_and_2 to None, run_after=None
[2023-10-14T10:57:17.869+0000] {logging_mixin.py:151} INFO - [2023-10-14T10:57:17.869+0000] {dag.py:3722} INFO - Setting next_dagrun for dataset_consumes_1_never_scheduled to None, run_after=None
[2023-10-14T10:57:17.870+0000] {logging_mixin.py:151} INFO - [2023-10-14T10:57:17.870+0000] {dag.py:3722} INFO - Setting next_dagrun for dataset_consumes_unknown_never_scheduled to None, run_after=None
[2023-10-14T10:57:17.871+0000] {logging_mixin.py:151} INFO - [2023-10-14T10:57:17.871+0000] {dag.py:3722} INFO - Setting next_dagrun for dataset_produces_1 to 2023-10-13T00:00:00+00:00, run_after=2023-10-14T00:00:00+00:00
[2023-10-14T10:57:17.872+0000] {logging_mixin.py:151} INFO - [2023-10-14T10:57:17.872+0000] {dag.py:3722} INFO - Setting next_dagrun for dataset_produces_2 to None, run_after=None
[2023-10-14T10:57:17.889+0000] {processor.py:179} INFO - Processing /home/airflow/.local/lib/python3.8/site-packages/airflow/example_dags/example_datasets.py took 0.069 seconds
[2023-10-14T10:57:48.073+0000] {processor.py:157} INFO - Started process (PID=334) to work on /home/airflow/.local/lib/python3.8/site-packages/airflow/example_dags/example_datasets.py
[2023-10-14T10:57:48.074+0000] {processor.py:829} INFO - Processing file /home/airflow/.local/lib/python3.8/site-packages/airflow/example_dags/example_datasets.py for tasks to queue
[2023-10-14T10:57:48.076+0000] {logging_mixin.py:151} INFO - [2023-10-14T10:57:48.076+0000] {dagbag.py:536} INFO - Filling up the DagBag from /home/airflow/.local/lib/python3.8/site-packages/airflow/example_dags/example_datasets.py
[2023-10-14T10:57:48.082+0000] {processor.py:839} INFO - DAG(s) dict_keys(['dataset_consumes_unknown_never_scheduled', 'dataset_produces_1', 'dataset_produces_2', 'dataset_consumes_1', 'dataset_consumes_1_never_scheduled', 'dataset_consumes_1_and_2']) retrieved from /home/airflow/.local/lib/python3.8/site-packages/airflow/example_dags/example_datasets.py
[2023-10-14T10:57:48.108+0000] {logging_mixin.py:151} INFO - [2023-10-14T10:57:48.107+0000] {dag.py:2941} INFO - Sync 6 DAGs
[2023-10-14T10:57:48.121+0000] {logging_mixin.py:151} INFO - [2023-10-14T10:57:48.121+0000] {dag.py:3722} INFO - Setting next_dagrun for dataset_consumes_1 to None, run_after=None
[2023-10-14T10:57:48.123+0000] {logging_mixin.py:151} INFO - [2023-10-14T10:57:48.123+0000] {dag.py:3722} INFO - Setting next_dagrun for dataset_consumes_1_and_2 to None, run_after=None
[2023-10-14T10:57:48.124+0000] {logging_mixin.py:151} INFO - [2023-10-14T10:57:48.124+0000] {dag.py:3722} INFO - Setting next_dagrun for dataset_consumes_1_never_scheduled to None, run_after=None
[2023-10-14T10:57:48.125+0000] {logging_mixin.py:151} INFO - [2023-10-14T10:57:48.125+0000] {dag.py:3722} INFO - Setting next_dagrun for dataset_consumes_unknown_never_scheduled to None, run_after=None
[2023-10-14T10:57:48.126+0000] {logging_mixin.py:151} INFO - [2023-10-14T10:57:48.126+0000] {dag.py:3722} INFO - Setting next_dagrun for dataset_produces_1 to 2023-10-13T00:00:00+00:00, run_after=2023-10-14T00:00:00+00:00
[2023-10-14T10:57:48.127+0000] {logging_mixin.py:151} INFO - [2023-10-14T10:57:48.127+0000] {dag.py:3722} INFO - Setting next_dagrun for dataset_produces_2 to None, run_after=None
[2023-10-14T10:57:48.144+0000] {processor.py:179} INFO - Processing /home/airflow/.local/lib/python3.8/site-packages/airflow/example_dags/example_datasets.py took 0.073 seconds
[2023-10-14T10:58:18.608+0000] {processor.py:157} INFO - Started process (PID=390) to work on /home/airflow/.local/lib/python3.8/site-packages/airflow/example_dags/example_datasets.py
[2023-10-14T10:58:18.609+0000] {processor.py:829} INFO - Processing file /home/airflow/.local/lib/python3.8/site-packages/airflow/example_dags/example_datasets.py for tasks to queue
[2023-10-14T10:58:18.610+0000] {logging_mixin.py:151} INFO - [2023-10-14T10:58:18.610+0000] {dagbag.py:536} INFO - Filling up the DagBag from /home/airflow/.local/lib/python3.8/site-packages/airflow/example_dags/example_datasets.py
[2023-10-14T10:58:18.616+0000] {processor.py:839} INFO - DAG(s) dict_keys(['dataset_consumes_1_and_2', 'dataset_produces_1', 'dataset_consumes_unknown_never_scheduled', 'dataset_produces_2', 'dataset_consumes_1', 'dataset_consumes_1_never_scheduled']) retrieved from /home/airflow/.local/lib/python3.8/site-packages/airflow/example_dags/example_datasets.py
[2023-10-14T10:58:18.635+0000] {logging_mixin.py:151} INFO - [2023-10-14T10:58:18.635+0000] {dag.py:2941} INFO - Sync 6 DAGs
[2023-10-14T10:58:18.647+0000] {logging_mixin.py:151} INFO - [2023-10-14T10:58:18.647+0000] {dag.py:3722} INFO - Setting next_dagrun for dataset_consumes_1 to None, run_after=None
[2023-10-14T10:58:18.649+0000] {logging_mixin.py:151} INFO - [2023-10-14T10:58:18.649+0000] {dag.py:3722} INFO - Setting next_dagrun for dataset_consumes_1_and_2 to None, run_after=None
[2023-10-14T10:58:18.650+0000] {logging_mixin.py:151} INFO - [2023-10-14T10:58:18.650+0000] {dag.py:3722} INFO - Setting next_dagrun for dataset_consumes_1_never_scheduled to None, run_after=None
[2023-10-14T10:58:18.651+0000] {logging_mixin.py:151} INFO - [2023-10-14T10:58:18.650+0000] {dag.py:3722} INFO - Setting next_dagrun for dataset_consumes_unknown_never_scheduled to None, run_after=None
[2023-10-14T10:58:18.652+0000] {logging_mixin.py:151} INFO - [2023-10-14T10:58:18.652+0000] {dag.py:3722} INFO - Setting next_dagrun for dataset_produces_1 to 2023-10-13T00:00:00+00:00, run_after=2023-10-14T00:00:00+00:00
[2023-10-14T10:58:18.653+0000] {logging_mixin.py:151} INFO - [2023-10-14T10:58:18.653+0000] {dag.py:3722} INFO - Setting next_dagrun for dataset_produces_2 to None, run_after=None
[2023-10-14T10:58:18.667+0000] {processor.py:179} INFO - Processing /home/airflow/.local/lib/python3.8/site-packages/airflow/example_dags/example_datasets.py took 0.061 seconds
[2023-10-14T10:58:48.829+0000] {processor.py:157} INFO - Started process (PID=445) to work on /home/airflow/.local/lib/python3.8/site-packages/airflow/example_dags/example_datasets.py
[2023-10-14T10:58:48.830+0000] {processor.py:829} INFO - Processing file /home/airflow/.local/lib/python3.8/site-packages/airflow/example_dags/example_datasets.py for tasks to queue
[2023-10-14T10:58:48.832+0000] {logging_mixin.py:151} INFO - [2023-10-14T10:58:48.831+0000] {dagbag.py:536} INFO - Filling up the DagBag from /home/airflow/.local/lib/python3.8/site-packages/airflow/example_dags/example_datasets.py
[2023-10-14T10:58:48.837+0000] {processor.py:839} INFO - DAG(s) dict_keys(['dataset_produces_2', 'dataset_consumes_unknown_never_scheduled', 'dataset_consumes_1_and_2', 'dataset_produces_1', 'dataset_consumes_1_never_scheduled', 'dataset_consumes_1']) retrieved from /home/airflow/.local/lib/python3.8/site-packages/airflow/example_dags/example_datasets.py
[2023-10-14T10:58:48.854+0000] {logging_mixin.py:151} INFO - [2023-10-14T10:58:48.854+0000] {dag.py:2941} INFO - Sync 6 DAGs
[2023-10-14T10:58:48.866+0000] {logging_mixin.py:151} INFO - [2023-10-14T10:58:48.866+0000] {dag.py:3722} INFO - Setting next_dagrun for dataset_consumes_1 to None, run_after=None
[2023-10-14T10:58:48.868+0000] {logging_mixin.py:151} INFO - [2023-10-14T10:58:48.868+0000] {dag.py:3722} INFO - Setting next_dagrun for dataset_consumes_1_and_2 to None, run_after=None
[2023-10-14T10:58:48.869+0000] {logging_mixin.py:151} INFO - [2023-10-14T10:58:48.869+0000] {dag.py:3722} INFO - Setting next_dagrun for dataset_consumes_1_never_scheduled to None, run_after=None
[2023-10-14T10:58:48.869+0000] {logging_mixin.py:151} INFO - [2023-10-14T10:58:48.869+0000] {dag.py:3722} INFO - Setting next_dagrun for dataset_consumes_unknown_never_scheduled to None, run_after=None
[2023-10-14T10:58:48.871+0000] {logging_mixin.py:151} INFO - [2023-10-14T10:58:48.871+0000] {dag.py:3722} INFO - Setting next_dagrun for dataset_produces_1 to 2023-10-13T00:00:00+00:00, run_after=2023-10-14T00:00:00+00:00
[2023-10-14T10:58:48.871+0000] {logging_mixin.py:151} INFO - [2023-10-14T10:58:48.871+0000] {dag.py:3722} INFO - Setting next_dagrun for dataset_produces_2 to None, run_after=None
[2023-10-14T10:58:48.886+0000] {processor.py:179} INFO - Processing /home/airflow/.local/lib/python3.8/site-packages/airflow/example_dags/example_datasets.py took 0.059 seconds
[2023-10-14T10:59:19.336+0000] {processor.py:157} INFO - Started process (PID=499) to work on /home/airflow/.local/lib/python3.8/site-packages/airflow/example_dags/example_datasets.py
[2023-10-14T10:59:19.337+0000] {processor.py:829} INFO - Processing file /home/airflow/.local/lib/python3.8/site-packages/airflow/example_dags/example_datasets.py for tasks to queue
[2023-10-14T10:59:19.339+0000] {logging_mixin.py:151} INFO - [2023-10-14T10:59:19.339+0000] {dagbag.py:536} INFO - Filling up the DagBag from /home/airflow/.local/lib/python3.8/site-packages/airflow/example_dags/example_datasets.py
[2023-10-14T10:59:19.346+0000] {processor.py:839} INFO - DAG(s) dict_keys(['dataset_produces_1', 'dataset_consumes_1_never_scheduled', 'dataset_consumes_1', 'dataset_produces_2', 'dataset_consumes_1_and_2', 'dataset_consumes_unknown_never_scheduled']) retrieved from /home/airflow/.local/lib/python3.8/site-packages/airflow/example_dags/example_datasets.py
[2023-10-14T10:59:19.370+0000] {logging_mixin.py:151} INFO - [2023-10-14T10:59:19.370+0000] {dag.py:2941} INFO - Sync 6 DAGs
[2023-10-14T10:59:19.383+0000] {logging_mixin.py:151} INFO - [2023-10-14T10:59:19.383+0000] {dag.py:3722} INFO - Setting next_dagrun for dataset_consumes_1 to None, run_after=None
[2023-10-14T10:59:19.385+0000] {logging_mixin.py:151} INFO - [2023-10-14T10:59:19.385+0000] {dag.py:3722} INFO - Setting next_dagrun for dataset_consumes_1_and_2 to None, run_after=None
[2023-10-14T10:59:19.386+0000] {logging_mixin.py:151} INFO - [2023-10-14T10:59:19.386+0000] {dag.py:3722} INFO - Setting next_dagrun for dataset_consumes_1_never_scheduled to None, run_after=None
[2023-10-14T10:59:19.386+0000] {logging_mixin.py:151} INFO - [2023-10-14T10:59:19.386+0000] {dag.py:3722} INFO - Setting next_dagrun for dataset_consumes_unknown_never_scheduled to None, run_after=None
[2023-10-14T10:59:19.388+0000] {logging_mixin.py:151} INFO - [2023-10-14T10:59:19.388+0000] {dag.py:3722} INFO - Setting next_dagrun for dataset_produces_1 to 2023-10-13T00:00:00+00:00, run_after=2023-10-14T00:00:00+00:00
[2023-10-14T10:59:19.389+0000] {logging_mixin.py:151} INFO - [2023-10-14T10:59:19.389+0000] {dag.py:3722} INFO - Setting next_dagrun for dataset_produces_2 to None, run_after=None
[2023-10-14T10:59:19.408+0000] {processor.py:179} INFO - Processing /home/airflow/.local/lib/python3.8/site-packages/airflow/example_dags/example_datasets.py took 0.074 seconds
[2023-10-14T10:59:50.293+0000] {processor.py:157} INFO - Started process (PID=555) to work on /home/airflow/.local/lib/python3.8/site-packages/airflow/example_dags/example_datasets.py
[2023-10-14T10:59:50.294+0000] {processor.py:829} INFO - Processing file /home/airflow/.local/lib/python3.8/site-packages/airflow/example_dags/example_datasets.py for tasks to queue
[2023-10-14T10:59:50.295+0000] {logging_mixin.py:151} INFO - [2023-10-14T10:59:50.295+0000] {dagbag.py:536} INFO - Filling up the DagBag from /home/airflow/.local/lib/python3.8/site-packages/airflow/example_dags/example_datasets.py
[2023-10-14T10:59:50.302+0000] {processor.py:839} INFO - DAG(s) dict_keys(['dataset_consumes_1', 'dataset_produces_2', 'dataset_produces_1', 'dataset_consumes_unknown_never_scheduled', 'dataset_consumes_1_never_scheduled', 'dataset_consumes_1_and_2']) retrieved from /home/airflow/.local/lib/python3.8/site-packages/airflow/example_dags/example_datasets.py
[2023-10-14T10:59:50.321+0000] {logging_mixin.py:151} INFO - [2023-10-14T10:59:50.321+0000] {dag.py:2941} INFO - Sync 6 DAGs
[2023-10-14T10:59:50.333+0000] {logging_mixin.py:151} INFO - [2023-10-14T10:59:50.333+0000] {dag.py:3722} INFO - Setting next_dagrun for dataset_consumes_1 to None, run_after=None
[2023-10-14T10:59:50.335+0000] {logging_mixin.py:151} INFO - [2023-10-14T10:59:50.335+0000] {dag.py:3722} INFO - Setting next_dagrun for dataset_consumes_1_and_2 to None, run_after=None
[2023-10-14T10:59:50.336+0000] {logging_mixin.py:151} INFO - [2023-10-14T10:59:50.336+0000] {dag.py:3722} INFO - Setting next_dagrun for dataset_consumes_1_never_scheduled to None, run_after=None
[2023-10-14T10:59:50.336+0000] {logging_mixin.py:151} INFO - [2023-10-14T10:59:50.336+0000] {dag.py:3722} INFO - Setting next_dagrun for dataset_consumes_unknown_never_scheduled to None, run_after=None
[2023-10-14T10:59:50.338+0000] {logging_mixin.py:151} INFO - [2023-10-14T10:59:50.338+0000] {dag.py:3722} INFO - Setting next_dagrun for dataset_produces_1 to 2023-10-13T00:00:00+00:00, run_after=2023-10-14T00:00:00+00:00
[2023-10-14T10:59:50.339+0000] {logging_mixin.py:151} INFO - [2023-10-14T10:59:50.338+0000] {dag.py:3722} INFO - Setting next_dagrun for dataset_produces_2 to None, run_after=None
[2023-10-14T10:59:50.353+0000] {processor.py:179} INFO - Processing /home/airflow/.local/lib/python3.8/site-packages/airflow/example_dags/example_datasets.py took 0.063 seconds
[2023-10-14T11:00:20.526+0000] {processor.py:157} INFO - Started process (PID=610) to work on /home/airflow/.local/lib/python3.8/site-packages/airflow/example_dags/example_datasets.py
[2023-10-14T11:00:20.527+0000] {processor.py:829} INFO - Processing file /home/airflow/.local/lib/python3.8/site-packages/airflow/example_dags/example_datasets.py for tasks to queue
[2023-10-14T11:00:20.529+0000] {logging_mixin.py:151} INFO - [2023-10-14T11:00:20.528+0000] {dagbag.py:536} INFO - Filling up the DagBag from /home/airflow/.local/lib/python3.8/site-packages/airflow/example_dags/example_datasets.py
[2023-10-14T11:00:20.534+0000] {processor.py:839} INFO - DAG(s) dict_keys(['dataset_consumes_1_never_scheduled', 'dataset_consumes_1', 'dataset_consumes_1_and_2', 'dataset_produces_1', 'dataset_consumes_unknown_never_scheduled', 'dataset_produces_2']) retrieved from /home/airflow/.local/lib/python3.8/site-packages/airflow/example_dags/example_datasets.py
[2023-10-14T11:00:20.551+0000] {logging_mixin.py:151} INFO - [2023-10-14T11:00:20.551+0000] {dag.py:2941} INFO - Sync 6 DAGs
[2023-10-14T11:00:20.562+0000] {logging_mixin.py:151} INFO - [2023-10-14T11:00:20.562+0000] {dag.py:3722} INFO - Setting next_dagrun for dataset_consumes_1 to None, run_after=None
[2023-10-14T11:00:20.565+0000] {logging_mixin.py:151} INFO - [2023-10-14T11:00:20.564+0000] {dag.py:3722} INFO - Setting next_dagrun for dataset_consumes_1_and_2 to None, run_after=None
[2023-10-14T11:00:20.565+0000] {logging_mixin.py:151} INFO - [2023-10-14T11:00:20.565+0000] {dag.py:3722} INFO - Setting next_dagrun for dataset_consumes_1_never_scheduled to None, run_after=None
[2023-10-14T11:00:20.566+0000] {logging_mixin.py:151} INFO - [2023-10-14T11:00:20.566+0000] {dag.py:3722} INFO - Setting next_dagrun for dataset_consumes_unknown_never_scheduled to None, run_after=None
[2023-10-14T11:00:20.567+0000] {logging_mixin.py:151} INFO - [2023-10-14T11:00:20.567+0000] {dag.py:3722} INFO - Setting next_dagrun for dataset_produces_1 to 2023-10-13T00:00:00+00:00, run_after=2023-10-14T00:00:00+00:00
[2023-10-14T11:00:20.568+0000] {logging_mixin.py:151} INFO - [2023-10-14T11:00:20.568+0000] {dag.py:3722} INFO - Setting next_dagrun for dataset_produces_2 to None, run_after=None
[2023-10-14T11:00:20.583+0000] {processor.py:179} INFO - Processing /home/airflow/.local/lib/python3.8/site-packages/airflow/example_dags/example_datasets.py took 0.059 seconds
[2023-10-14T11:00:50.774+0000] {processor.py:157} INFO - Started process (PID=665) to work on /home/airflow/.local/lib/python3.8/site-packages/airflow/example_dags/example_datasets.py
[2023-10-14T11:00:50.775+0000] {processor.py:829} INFO - Processing file /home/airflow/.local/lib/python3.8/site-packages/airflow/example_dags/example_datasets.py for tasks to queue
[2023-10-14T11:00:50.776+0000] {logging_mixin.py:151} INFO - [2023-10-14T11:00:50.776+0000] {dagbag.py:536} INFO - Filling up the DagBag from /home/airflow/.local/lib/python3.8/site-packages/airflow/example_dags/example_datasets.py
[2023-10-14T11:00:50.782+0000] {processor.py:839} INFO - DAG(s) dict_keys(['dataset_consumes_1_never_scheduled', 'dataset_consumes_unknown_never_scheduled', 'dataset_consumes_1', 'dataset_produces_2', 'dataset_produces_1', 'dataset_consumes_1_and_2']) retrieved from /home/airflow/.local/lib/python3.8/site-packages/airflow/example_dags/example_datasets.py
[2023-10-14T11:00:50.804+0000] {logging_mixin.py:151} INFO - [2023-10-14T11:00:50.804+0000] {dag.py:2941} INFO - Sync 6 DAGs
[2023-10-14T11:00:50.816+0000] {logging_mixin.py:151} INFO - [2023-10-14T11:00:50.816+0000] {dag.py:3722} INFO - Setting next_dagrun for dataset_consumes_1 to None, run_after=None
[2023-10-14T11:00:50.818+0000] {logging_mixin.py:151} INFO - [2023-10-14T11:00:50.818+0000] {dag.py:3722} INFO - Setting next_dagrun for dataset_consumes_1_and_2 to None, run_after=None
[2023-10-14T11:00:50.819+0000] {logging_mixin.py:151} INFO - [2023-10-14T11:00:50.819+0000] {dag.py:3722} INFO - Setting next_dagrun for dataset_consumes_1_never_scheduled to None, run_after=None
[2023-10-14T11:00:50.820+0000] {logging_mixin.py:151} INFO - [2023-10-14T11:00:50.820+0000] {dag.py:3722} INFO - Setting next_dagrun for dataset_consumes_unknown_never_scheduled to None, run_after=None
[2023-10-14T11:00:50.821+0000] {logging_mixin.py:151} INFO - [2023-10-14T11:00:50.821+0000] {dag.py:3722} INFO - Setting next_dagrun for dataset_produces_1 to 2023-10-13T00:00:00+00:00, run_after=2023-10-14T00:00:00+00:00
[2023-10-14T11:00:50.822+0000] {logging_mixin.py:151} INFO - [2023-10-14T11:00:50.822+0000] {dag.py:3722} INFO - Setting next_dagrun for dataset_produces_2 to None, run_after=None
[2023-10-14T11:00:50.838+0000] {processor.py:179} INFO - Processing /home/airflow/.local/lib/python3.8/site-packages/airflow/example_dags/example_datasets.py took 0.066 seconds
[2023-10-14T11:01:21.089+0000] {processor.py:157} INFO - Started process (PID=720) to work on /home/airflow/.local/lib/python3.8/site-packages/airflow/example_dags/example_datasets.py
[2023-10-14T11:01:21.090+0000] {processor.py:829} INFO - Processing file /home/airflow/.local/lib/python3.8/site-packages/airflow/example_dags/example_datasets.py for tasks to queue
[2023-10-14T11:01:21.091+0000] {logging_mixin.py:151} INFO - [2023-10-14T11:01:21.091+0000] {dagbag.py:536} INFO - Filling up the DagBag from /home/airflow/.local/lib/python3.8/site-packages/airflow/example_dags/example_datasets.py
[2023-10-14T11:01:21.098+0000] {processor.py:839} INFO - DAG(s) dict_keys(['dataset_consumes_1_and_2', 'dataset_consumes_1', 'dataset_consumes_unknown_never_scheduled', 'dataset_produces_1', 'dataset_consumes_1_never_scheduled', 'dataset_produces_2']) retrieved from /home/airflow/.local/lib/python3.8/site-packages/airflow/example_dags/example_datasets.py
[2023-10-14T11:01:21.120+0000] {logging_mixin.py:151} INFO - [2023-10-14T11:01:21.120+0000] {dag.py:2941} INFO - Sync 6 DAGs
[2023-10-14T11:01:21.135+0000] {logging_mixin.py:151} INFO - [2023-10-14T11:01:21.135+0000] {dag.py:3722} INFO - Setting next_dagrun for dataset_consumes_1 to None, run_after=None
[2023-10-14T11:01:21.137+0000] {logging_mixin.py:151} INFO - [2023-10-14T11:01:21.137+0000] {dag.py:3722} INFO - Setting next_dagrun for dataset_consumes_1_and_2 to None, run_after=None
[2023-10-14T11:01:21.138+0000] {logging_mixin.py:151} INFO - [2023-10-14T11:01:21.138+0000] {dag.py:3722} INFO - Setting next_dagrun for dataset_consumes_1_never_scheduled to None, run_after=None
[2023-10-14T11:01:21.139+0000] {logging_mixin.py:151} INFO - [2023-10-14T11:01:21.139+0000] {dag.py:3722} INFO - Setting next_dagrun for dataset_consumes_unknown_never_scheduled to None, run_after=None
[2023-10-14T11:01:21.140+0000] {logging_mixin.py:151} INFO - [2023-10-14T11:01:21.140+0000] {dag.py:3722} INFO - Setting next_dagrun for dataset_produces_1 to 2023-10-13T00:00:00+00:00, run_after=2023-10-14T00:00:00+00:00
[2023-10-14T11:01:21.141+0000] {logging_mixin.py:151} INFO - [2023-10-14T11:01:21.141+0000] {dag.py:3722} INFO - Setting next_dagrun for dataset_produces_2 to None, run_after=None
[2023-10-14T11:01:21.158+0000] {processor.py:179} INFO - Processing /home/airflow/.local/lib/python3.8/site-packages/airflow/example_dags/example_datasets.py took 0.071 seconds
[2023-10-14T11:01:51.443+0000] {processor.py:157} INFO - Started process (PID=777) to work on /home/airflow/.local/lib/python3.8/site-packages/airflow/example_dags/example_datasets.py
[2023-10-14T11:01:51.444+0000] {processor.py:829} INFO - Processing file /home/airflow/.local/lib/python3.8/site-packages/airflow/example_dags/example_datasets.py for tasks to queue
[2023-10-14T11:01:51.445+0000] {logging_mixin.py:151} INFO - [2023-10-14T11:01:51.445+0000] {dagbag.py:536} INFO - Filling up the DagBag from /home/airflow/.local/lib/python3.8/site-packages/airflow/example_dags/example_datasets.py
[2023-10-14T11:01:51.451+0000] {processor.py:839} INFO - DAG(s) dict_keys(['dataset_produces_1', 'dataset_consumes_1_and_2', 'dataset_consumes_1_never_scheduled', 'dataset_consumes_1', 'dataset_produces_2', 'dataset_consumes_unknown_never_scheduled']) retrieved from /home/airflow/.local/lib/python3.8/site-packages/airflow/example_dags/example_datasets.py
[2023-10-14T11:01:51.474+0000] {logging_mixin.py:151} INFO - [2023-10-14T11:01:51.474+0000] {dag.py:2941} INFO - Sync 6 DAGs
[2023-10-14T11:01:51.488+0000] {logging_mixin.py:151} INFO - [2023-10-14T11:01:51.488+0000] {dag.py:3722} INFO - Setting next_dagrun for dataset_consumes_1 to None, run_after=None
[2023-10-14T11:01:51.491+0000] {logging_mixin.py:151} INFO - [2023-10-14T11:01:51.491+0000] {dag.py:3722} INFO - Setting next_dagrun for dataset_consumes_1_and_2 to None, run_after=None
[2023-10-14T11:01:51.492+0000] {logging_mixin.py:151} INFO - [2023-10-14T11:01:51.492+0000] {dag.py:3722} INFO - Setting next_dagrun for dataset_consumes_1_never_scheduled to None, run_after=None
[2023-10-14T11:01:51.493+0000] {logging_mixin.py:151} INFO - [2023-10-14T11:01:51.493+0000] {dag.py:3722} INFO - Setting next_dagrun for dataset_consumes_unknown_never_scheduled to None, run_after=None
[2023-10-14T11:01:51.495+0000] {logging_mixin.py:151} INFO - [2023-10-14T11:01:51.495+0000] {dag.py:3722} INFO - Setting next_dagrun for dataset_produces_1 to 2023-10-13T00:00:00+00:00, run_after=2023-10-14T00:00:00+00:00
[2023-10-14T11:01:51.496+0000] {logging_mixin.py:151} INFO - [2023-10-14T11:01:51.496+0000] {dag.py:3722} INFO - Setting next_dagrun for dataset_produces_2 to None, run_after=None
[2023-10-14T11:01:51.513+0000] {processor.py:179} INFO - Processing /home/airflow/.local/lib/python3.8/site-packages/airflow/example_dags/example_datasets.py took 0.073 seconds
[2023-10-14T11:02:22.086+0000] {processor.py:157} INFO - Started process (PID=833) to work on /home/airflow/.local/lib/python3.8/site-packages/airflow/example_dags/example_datasets.py
[2023-10-14T11:02:22.087+0000] {processor.py:829} INFO - Processing file /home/airflow/.local/lib/python3.8/site-packages/airflow/example_dags/example_datasets.py for tasks to queue
[2023-10-14T11:02:22.089+0000] {logging_mixin.py:151} INFO - [2023-10-14T11:02:22.089+0000] {dagbag.py:536} INFO - Filling up the DagBag from /home/airflow/.local/lib/python3.8/site-packages/airflow/example_dags/example_datasets.py
[2023-10-14T11:02:22.096+0000] {processor.py:839} INFO - DAG(s) dict_keys(['dataset_consumes_unknown_never_scheduled', 'dataset_consumes_1', 'dataset_produces_1', 'dataset_produces_2', 'dataset_consumes_1_never_scheduled', 'dataset_consumes_1_and_2']) retrieved from /home/airflow/.local/lib/python3.8/site-packages/airflow/example_dags/example_datasets.py
[2023-10-14T11:02:22.122+0000] {logging_mixin.py:151} INFO - [2023-10-14T11:02:22.122+0000] {dag.py:2941} INFO - Sync 6 DAGs
[2023-10-14T11:02:22.138+0000] {logging_mixin.py:151} INFO - [2023-10-14T11:02:22.138+0000] {dag.py:3722} INFO - Setting next_dagrun for dataset_consumes_1 to None, run_after=None
[2023-10-14T11:02:22.140+0000] {logging_mixin.py:151} INFO - [2023-10-14T11:02:22.140+0000] {dag.py:3722} INFO - Setting next_dagrun for dataset_consumes_1_and_2 to None, run_after=None
[2023-10-14T11:02:22.141+0000] {logging_mixin.py:151} INFO - [2023-10-14T11:02:22.141+0000] {dag.py:3722} INFO - Setting next_dagrun for dataset_consumes_1_never_scheduled to None, run_after=None
[2023-10-14T11:02:22.142+0000] {logging_mixin.py:151} INFO - [2023-10-14T11:02:22.142+0000] {dag.py:3722} INFO - Setting next_dagrun for dataset_consumes_unknown_never_scheduled to None, run_after=None
[2023-10-14T11:02:22.143+0000] {logging_mixin.py:151} INFO - [2023-10-14T11:02:22.143+0000] {dag.py:3722} INFO - Setting next_dagrun for dataset_produces_1 to 2023-10-13T00:00:00+00:00, run_after=2023-10-14T00:00:00+00:00
[2023-10-14T11:02:22.144+0000] {logging_mixin.py:151} INFO - [2023-10-14T11:02:22.144+0000] {dag.py:3722} INFO - Setting next_dagrun for dataset_produces_2 to None, run_after=None
[2023-10-14T11:02:22.161+0000] {processor.py:179} INFO - Processing /home/airflow/.local/lib/python3.8/site-packages/airflow/example_dags/example_datasets.py took 0.078 seconds
[2023-10-14T11:02:52.453+0000] {processor.py:157} INFO - Started process (PID=889) to work on /home/airflow/.local/lib/python3.8/site-packages/airflow/example_dags/example_datasets.py
[2023-10-14T11:02:52.454+0000] {processor.py:829} INFO - Processing file /home/airflow/.local/lib/python3.8/site-packages/airflow/example_dags/example_datasets.py for tasks to queue
[2023-10-14T11:02:52.456+0000] {logging_mixin.py:151} INFO - [2023-10-14T11:02:52.456+0000] {dagbag.py:536} INFO - Filling up the DagBag from /home/airflow/.local/lib/python3.8/site-packages/airflow/example_dags/example_datasets.py
[2023-10-14T11:02:52.461+0000] {processor.py:839} INFO - DAG(s) dict_keys(['dataset_consumes_unknown_never_scheduled', 'dataset_produces_1', 'dataset_consumes_1', 'dataset_produces_2', 'dataset_consumes_1_and_2', 'dataset_consumes_1_never_scheduled']) retrieved from /home/airflow/.local/lib/python3.8/site-packages/airflow/example_dags/example_datasets.py
[2023-10-14T11:02:52.480+0000] {logging_mixin.py:151} INFO - [2023-10-14T11:02:52.480+0000] {dag.py:2941} INFO - Sync 6 DAGs
[2023-10-14T11:02:52.493+0000] {logging_mixin.py:151} INFO - [2023-10-14T11:02:52.493+0000] {dag.py:3722} INFO - Setting next_dagrun for dataset_consumes_1 to None, run_after=None
[2023-10-14T11:02:52.495+0000] {logging_mixin.py:151} INFO - [2023-10-14T11:02:52.495+0000] {dag.py:3722} INFO - Setting next_dagrun for dataset_consumes_1_and_2 to None, run_after=None
[2023-10-14T11:02:52.496+0000] {logging_mixin.py:151} INFO - [2023-10-14T11:02:52.496+0000] {dag.py:3722} INFO - Setting next_dagrun for dataset_consumes_1_never_scheduled to None, run_after=None
[2023-10-14T11:02:52.496+0000] {logging_mixin.py:151} INFO - [2023-10-14T11:02:52.496+0000] {dag.py:3722} INFO - Setting next_dagrun for dataset_consumes_unknown_never_scheduled to None, run_after=None
[2023-10-14T11:02:52.498+0000] {logging_mixin.py:151} INFO - [2023-10-14T11:02:52.498+0000] {dag.py:3722} INFO - Setting next_dagrun for dataset_produces_1 to 2023-10-13T00:00:00+00:00, run_after=2023-10-14T00:00:00+00:00
[2023-10-14T11:02:52.499+0000] {logging_mixin.py:151} INFO - [2023-10-14T11:02:52.498+0000] {dag.py:3722} INFO - Setting next_dagrun for dataset_produces_2 to None, run_after=None
[2023-10-14T11:02:52.514+0000] {processor.py:179} INFO - Processing /home/airflow/.local/lib/python3.8/site-packages/airflow/example_dags/example_datasets.py took 0.063 seconds
[2023-10-14T11:03:22.885+0000] {processor.py:157} INFO - Started process (PID=944) to work on /home/airflow/.local/lib/python3.8/site-packages/airflow/example_dags/example_datasets.py
[2023-10-14T11:03:22.886+0000] {processor.py:829} INFO - Processing file /home/airflow/.local/lib/python3.8/site-packages/airflow/example_dags/example_datasets.py for tasks to queue
[2023-10-14T11:03:22.887+0000] {logging_mixin.py:151} INFO - [2023-10-14T11:03:22.887+0000] {dagbag.py:536} INFO - Filling up the DagBag from /home/airflow/.local/lib/python3.8/site-packages/airflow/example_dags/example_datasets.py
[2023-10-14T11:03:22.893+0000] {processor.py:839} INFO - DAG(s) dict_keys(['dataset_produces_2', 'dataset_produces_1', 'dataset_consumes_1_and_2', 'dataset_consumes_1_never_scheduled', 'dataset_consumes_1', 'dataset_consumes_unknown_never_scheduled']) retrieved from /home/airflow/.local/lib/python3.8/site-packages/airflow/example_dags/example_datasets.py
[2023-10-14T11:03:22.918+0000] {logging_mixin.py:151} INFO - [2023-10-14T11:03:22.918+0000] {dag.py:2941} INFO - Sync 6 DAGs
[2023-10-14T11:03:22.933+0000] {logging_mixin.py:151} INFO - [2023-10-14T11:03:22.933+0000] {dag.py:3722} INFO - Setting next_dagrun for dataset_consumes_1 to None, run_after=None
[2023-10-14T11:03:22.936+0000] {logging_mixin.py:151} INFO - [2023-10-14T11:03:22.936+0000] {dag.py:3722} INFO - Setting next_dagrun for dataset_consumes_1_and_2 to None, run_after=None
[2023-10-14T11:03:22.937+0000] {logging_mixin.py:151} INFO - [2023-10-14T11:03:22.937+0000] {dag.py:3722} INFO - Setting next_dagrun for dataset_consumes_1_never_scheduled to None, run_after=None
[2023-10-14T11:03:22.938+0000] {logging_mixin.py:151} INFO - [2023-10-14T11:03:22.938+0000] {dag.py:3722} INFO - Setting next_dagrun for dataset_consumes_unknown_never_scheduled to None, run_after=None
[2023-10-14T11:03:22.939+0000] {logging_mixin.py:151} INFO - [2023-10-14T11:03:22.939+0000] {dag.py:3722} INFO - Setting next_dagrun for dataset_produces_1 to 2023-10-13T00:00:00+00:00, run_after=2023-10-14T00:00:00+00:00
[2023-10-14T11:03:22.940+0000] {logging_mixin.py:151} INFO - [2023-10-14T11:03:22.940+0000] {dag.py:3722} INFO - Setting next_dagrun for dataset_produces_2 to None, run_after=None
[2023-10-14T11:03:22.961+0000] {processor.py:179} INFO - Processing /home/airflow/.local/lib/python3.8/site-packages/airflow/example_dags/example_datasets.py took 0.078 seconds
[2023-10-14T11:03:53.334+0000] {processor.py:157} INFO - Started process (PID=999) to work on /home/airflow/.local/lib/python3.8/site-packages/airflow/example_dags/example_datasets.py
[2023-10-14T11:03:53.335+0000] {processor.py:829} INFO - Processing file /home/airflow/.local/lib/python3.8/site-packages/airflow/example_dags/example_datasets.py for tasks to queue
[2023-10-14T11:03:53.336+0000] {logging_mixin.py:151} INFO - [2023-10-14T11:03:53.336+0000] {dagbag.py:536} INFO - Filling up the DagBag from /home/airflow/.local/lib/python3.8/site-packages/airflow/example_dags/example_datasets.py
[2023-10-14T11:03:53.342+0000] {processor.py:839} INFO - DAG(s) dict_keys(['dataset_consumes_1', 'dataset_consumes_1_never_scheduled', 'dataset_consumes_unknown_never_scheduled', 'dataset_produces_1', 'dataset_consumes_1_and_2', 'dataset_produces_2']) retrieved from /home/airflow/.local/lib/python3.8/site-packages/airflow/example_dags/example_datasets.py
[2023-10-14T11:03:53.361+0000] {logging_mixin.py:151} INFO - [2023-10-14T11:03:53.360+0000] {dag.py:2941} INFO - Sync 6 DAGs
[2023-10-14T11:03:53.371+0000] {logging_mixin.py:151} INFO - [2023-10-14T11:03:53.371+0000] {dag.py:3722} INFO - Setting next_dagrun for dataset_consumes_1 to None, run_after=None
[2023-10-14T11:03:53.373+0000] {logging_mixin.py:151} INFO - [2023-10-14T11:03:53.373+0000] {dag.py:3722} INFO - Setting next_dagrun for dataset_consumes_1_and_2 to None, run_after=None
[2023-10-14T11:03:53.374+0000] {logging_mixin.py:151} INFO - [2023-10-14T11:03:53.374+0000] {dag.py:3722} INFO - Setting next_dagrun for dataset_consumes_1_never_scheduled to None, run_after=None
[2023-10-14T11:03:53.375+0000] {logging_mixin.py:151} INFO - [2023-10-14T11:03:53.375+0000] {dag.py:3722} INFO - Setting next_dagrun for dataset_consumes_unknown_never_scheduled to None, run_after=None
[2023-10-14T11:03:53.376+0000] {logging_mixin.py:151} INFO - [2023-10-14T11:03:53.376+0000] {dag.py:3722} INFO - Setting next_dagrun for dataset_produces_1 to 2023-10-13T00:00:00+00:00, run_after=2023-10-14T00:00:00+00:00
[2023-10-14T11:03:53.377+0000] {logging_mixin.py:151} INFO - [2023-10-14T11:03:53.377+0000] {dag.py:3722} INFO - Setting next_dagrun for dataset_produces_2 to None, run_after=None
[2023-10-14T11:03:53.391+0000] {processor.py:179} INFO - Processing /home/airflow/.local/lib/python3.8/site-packages/airflow/example_dags/example_datasets.py took 0.060 seconds
[2023-10-14T11:04:23.800+0000] {processor.py:157} INFO - Started process (PID=1055) to work on /home/airflow/.local/lib/python3.8/site-packages/airflow/example_dags/example_datasets.py
[2023-10-14T11:04:23.801+0000] {processor.py:829} INFO - Processing file /home/airflow/.local/lib/python3.8/site-packages/airflow/example_dags/example_datasets.py for tasks to queue
[2023-10-14T11:04:23.802+0000] {logging_mixin.py:151} INFO - [2023-10-14T11:04:23.802+0000] {dagbag.py:536} INFO - Filling up the DagBag from /home/airflow/.local/lib/python3.8/site-packages/airflow/example_dags/example_datasets.py
[2023-10-14T11:04:23.808+0000] {processor.py:839} INFO - DAG(s) dict_keys(['dataset_consumes_1_never_scheduled', 'dataset_produces_2', 'dataset_produces_1', 'dataset_consumes_unknown_never_scheduled', 'dataset_consumes_1_and_2', 'dataset_consumes_1']) retrieved from /home/airflow/.local/lib/python3.8/site-packages/airflow/example_dags/example_datasets.py
[2023-10-14T11:04:23.828+0000] {logging_mixin.py:151} INFO - [2023-10-14T11:04:23.828+0000] {dag.py:2941} INFO - Sync 6 DAGs
[2023-10-14T11:04:23.841+0000] {logging_mixin.py:151} INFO - [2023-10-14T11:04:23.840+0000] {dag.py:3722} INFO - Setting next_dagrun for dataset_consumes_1 to None, run_after=None
[2023-10-14T11:04:23.843+0000] {logging_mixin.py:151} INFO - [2023-10-14T11:04:23.843+0000] {dag.py:3722} INFO - Setting next_dagrun for dataset_consumes_1_and_2 to None, run_after=None
[2023-10-14T11:04:23.844+0000] {logging_mixin.py:151} INFO - [2023-10-14T11:04:23.844+0000] {dag.py:3722} INFO - Setting next_dagrun for dataset_consumes_1_never_scheduled to None, run_after=None
[2023-10-14T11:04:23.844+0000] {logging_mixin.py:151} INFO - [2023-10-14T11:04:23.844+0000] {dag.py:3722} INFO - Setting next_dagrun for dataset_consumes_unknown_never_scheduled to None, run_after=None
[2023-10-14T11:04:23.846+0000] {logging_mixin.py:151} INFO - [2023-10-14T11:04:23.846+0000] {dag.py:3722} INFO - Setting next_dagrun for dataset_produces_1 to 2023-10-13T00:00:00+00:00, run_after=2023-10-14T00:00:00+00:00
[2023-10-14T11:04:23.846+0000] {logging_mixin.py:151} INFO - [2023-10-14T11:04:23.846+0000] {dag.py:3722} INFO - Setting next_dagrun for dataset_produces_2 to None, run_after=None
[2023-10-14T11:04:23.861+0000] {processor.py:179} INFO - Processing /home/airflow/.local/lib/python3.8/site-packages/airflow/example_dags/example_datasets.py took 0.064 seconds
[2023-10-14T11:04:54.122+0000] {processor.py:157} INFO - Started process (PID=1110) to work on /home/airflow/.local/lib/python3.8/site-packages/airflow/example_dags/example_datasets.py
[2023-10-14T11:04:54.123+0000] {processor.py:829} INFO - Processing file /home/airflow/.local/lib/python3.8/site-packages/airflow/example_dags/example_datasets.py for tasks to queue
[2023-10-14T11:04:54.125+0000] {logging_mixin.py:151} INFO - [2023-10-14T11:04:54.125+0000] {dagbag.py:536} INFO - Filling up the DagBag from /home/airflow/.local/lib/python3.8/site-packages/airflow/example_dags/example_datasets.py
[2023-10-14T11:04:54.131+0000] {processor.py:839} INFO - DAG(s) dict_keys(['dataset_consumes_unknown_never_scheduled', 'dataset_produces_2', 'dataset_consumes_1', 'dataset_consumes_1_never_scheduled', 'dataset_produces_1', 'dataset_consumes_1_and_2']) retrieved from /home/airflow/.local/lib/python3.8/site-packages/airflow/example_dags/example_datasets.py
[2023-10-14T11:04:54.150+0000] {logging_mixin.py:151} INFO - [2023-10-14T11:04:54.149+0000] {dag.py:2941} INFO - Sync 6 DAGs
[2023-10-14T11:04:54.160+0000] {logging_mixin.py:151} INFO - [2023-10-14T11:04:54.160+0000] {dag.py:3722} INFO - Setting next_dagrun for dataset_consumes_1 to None, run_after=None
[2023-10-14T11:04:54.163+0000] {logging_mixin.py:151} INFO - [2023-10-14T11:04:54.163+0000] {dag.py:3722} INFO - Setting next_dagrun for dataset_consumes_1_and_2 to None, run_after=None
[2023-10-14T11:04:54.163+0000] {logging_mixin.py:151} INFO - [2023-10-14T11:04:54.163+0000] {dag.py:3722} INFO - Setting next_dagrun for dataset_consumes_1_never_scheduled to None, run_after=None
[2023-10-14T11:04:54.164+0000] {logging_mixin.py:151} INFO - [2023-10-14T11:04:54.164+0000] {dag.py:3722} INFO - Setting next_dagrun for dataset_consumes_unknown_never_scheduled to None, run_after=None
[2023-10-14T11:04:54.165+0000] {logging_mixin.py:151} INFO - [2023-10-14T11:04:54.165+0000] {dag.py:3722} INFO - Setting next_dagrun for dataset_produces_1 to 2023-10-13T00:00:00+00:00, run_after=2023-10-14T00:00:00+00:00
[2023-10-14T11:04:54.166+0000] {logging_mixin.py:151} INFO - [2023-10-14T11:04:54.166+0000] {dag.py:3722} INFO - Setting next_dagrun for dataset_produces_2 to None, run_after=None
[2023-10-14T11:04:54.180+0000] {processor.py:179} INFO - Processing /home/airflow/.local/lib/python3.8/site-packages/airflow/example_dags/example_datasets.py took 0.060 seconds
[2023-10-14T11:05:24.251+0000] {processor.py:157} INFO - Started process (PID=1166) to work on /home/airflow/.local/lib/python3.8/site-packages/airflow/example_dags/example_datasets.py
[2023-10-14T11:05:24.252+0000] {processor.py:829} INFO - Processing file /home/airflow/.local/lib/python3.8/site-packages/airflow/example_dags/example_datasets.py for tasks to queue
[2023-10-14T11:05:24.253+0000] {logging_mixin.py:151} INFO - [2023-10-14T11:05:24.253+0000] {dagbag.py:536} INFO - Filling up the DagBag from /home/airflow/.local/lib/python3.8/site-packages/airflow/example_dags/example_datasets.py
[2023-10-14T11:05:24.259+0000] {processor.py:839} INFO - DAG(s) dict_keys(['dataset_produces_2', 'dataset_consumes_1_and_2', 'dataset_produces_1', 'dataset_consumes_unknown_never_scheduled', 'dataset_consumes_1_never_scheduled', 'dataset_consumes_1']) retrieved from /home/airflow/.local/lib/python3.8/site-packages/airflow/example_dags/example_datasets.py
[2023-10-14T11:05:24.278+0000] {logging_mixin.py:151} INFO - [2023-10-14T11:05:24.278+0000] {dag.py:2941} INFO - Sync 6 DAGs
[2023-10-14T11:05:24.290+0000] {logging_mixin.py:151} INFO - [2023-10-14T11:05:24.290+0000] {dag.py:3722} INFO - Setting next_dagrun for dataset_consumes_1 to None, run_after=None
[2023-10-14T11:05:24.292+0000] {logging_mixin.py:151} INFO - [2023-10-14T11:05:24.292+0000] {dag.py:3722} INFO - Setting next_dagrun for dataset_consumes_1_and_2 to None, run_after=None
[2023-10-14T11:05:24.292+0000] {logging_mixin.py:151} INFO - [2023-10-14T11:05:24.292+0000] {dag.py:3722} INFO - Setting next_dagrun for dataset_consumes_1_never_scheduled to None, run_after=None
[2023-10-14T11:05:24.293+0000] {logging_mixin.py:151} INFO - [2023-10-14T11:05:24.293+0000] {dag.py:3722} INFO - Setting next_dagrun for dataset_consumes_unknown_never_scheduled to None, run_after=None
[2023-10-14T11:05:24.294+0000] {logging_mixin.py:151} INFO - [2023-10-14T11:05:24.294+0000] {dag.py:3722} INFO - Setting next_dagrun for dataset_produces_1 to 2023-10-13T00:00:00+00:00, run_after=2023-10-14T00:00:00+00:00
[2023-10-14T11:05:24.295+0000] {logging_mixin.py:151} INFO - [2023-10-14T11:05:24.295+0000] {dag.py:3722} INFO - Setting next_dagrun for dataset_produces_2 to None, run_after=None
[2023-10-14T11:05:24.309+0000] {processor.py:179} INFO - Processing /home/airflow/.local/lib/python3.8/site-packages/airflow/example_dags/example_datasets.py took 0.061 seconds
[2023-10-14T11:05:55.214+0000] {processor.py:157} INFO - Started process (PID=1220) to work on /home/airflow/.local/lib/python3.8/site-packages/airflow/example_dags/example_datasets.py
[2023-10-14T11:05:55.215+0000] {processor.py:829} INFO - Processing file /home/airflow/.local/lib/python3.8/site-packages/airflow/example_dags/example_datasets.py for tasks to queue
[2023-10-14T11:05:55.217+0000] {logging_mixin.py:151} INFO - [2023-10-14T11:05:55.217+0000] {dagbag.py:536} INFO - Filling up the DagBag from /home/airflow/.local/lib/python3.8/site-packages/airflow/example_dags/example_datasets.py
[2023-10-14T11:05:55.227+0000] {processor.py:839} INFO - DAG(s) dict_keys(['dataset_consumes_unknown_never_scheduled', 'dataset_produces_1', 'dataset_consumes_1_never_scheduled', 'dataset_consumes_1', 'dataset_produces_2', 'dataset_consumes_1_and_2']) retrieved from /home/airflow/.local/lib/python3.8/site-packages/airflow/example_dags/example_datasets.py
[2023-10-14T11:05:55.252+0000] {logging_mixin.py:151} INFO - [2023-10-14T11:05:55.252+0000] {dag.py:2941} INFO - Sync 6 DAGs
[2023-10-14T11:05:55.267+0000] {logging_mixin.py:151} INFO - [2023-10-14T11:05:55.267+0000] {dag.py:3722} INFO - Setting next_dagrun for dataset_consumes_1 to None, run_after=None
[2023-10-14T11:05:55.270+0000] {logging_mixin.py:151} INFO - [2023-10-14T11:05:55.270+0000] {dag.py:3722} INFO - Setting next_dagrun for dataset_consumes_1_and_2 to None, run_after=None
[2023-10-14T11:05:55.271+0000] {logging_mixin.py:151} INFO - [2023-10-14T11:05:55.271+0000] {dag.py:3722} INFO - Setting next_dagrun for dataset_consumes_1_never_scheduled to None, run_after=None
[2023-10-14T11:05:55.272+0000] {logging_mixin.py:151} INFO - [2023-10-14T11:05:55.272+0000] {dag.py:3722} INFO - Setting next_dagrun for dataset_consumes_unknown_never_scheduled to None, run_after=None
[2023-10-14T11:05:55.273+0000] {logging_mixin.py:151} INFO - [2023-10-14T11:05:55.273+0000] {dag.py:3722} INFO - Setting next_dagrun for dataset_produces_1 to 2023-10-13T00:00:00+00:00, run_after=2023-10-14T00:00:00+00:00
[2023-10-14T11:05:55.274+0000] {logging_mixin.py:151} INFO - [2023-10-14T11:05:55.274+0000] {dag.py:3722} INFO - Setting next_dagrun for dataset_produces_2 to None, run_after=None
[2023-10-14T11:05:55.292+0000] {processor.py:179} INFO - Processing /home/airflow/.local/lib/python3.8/site-packages/airflow/example_dags/example_datasets.py took 0.081 seconds
[2023-10-14T11:06:25.659+0000] {processor.py:157} INFO - Started process (PID=1276) to work on /home/airflow/.local/lib/python3.8/site-packages/airflow/example_dags/example_datasets.py
[2023-10-14T11:06:25.660+0000] {processor.py:829} INFO - Processing file /home/airflow/.local/lib/python3.8/site-packages/airflow/example_dags/example_datasets.py for tasks to queue
[2023-10-14T11:06:25.661+0000] {logging_mixin.py:151} INFO - [2023-10-14T11:06:25.661+0000] {dagbag.py:536} INFO - Filling up the DagBag from /home/airflow/.local/lib/python3.8/site-packages/airflow/example_dags/example_datasets.py
[2023-10-14T11:06:25.667+0000] {processor.py:839} INFO - DAG(s) dict_keys(['dataset_consumes_unknown_never_scheduled', 'dataset_consumes_1_and_2', 'dataset_consumes_1_never_scheduled', 'dataset_consumes_1', 'dataset_produces_2', 'dataset_produces_1']) retrieved from /home/airflow/.local/lib/python3.8/site-packages/airflow/example_dags/example_datasets.py
[2023-10-14T11:06:25.686+0000] {logging_mixin.py:151} INFO - [2023-10-14T11:06:25.685+0000] {dag.py:2941} INFO - Sync 6 DAGs
[2023-10-14T11:06:25.697+0000] {logging_mixin.py:151} INFO - [2023-10-14T11:06:25.697+0000] {dag.py:3722} INFO - Setting next_dagrun for dataset_consumes_1 to None, run_after=None
[2023-10-14T11:06:25.699+0000] {logging_mixin.py:151} INFO - [2023-10-14T11:06:25.698+0000] {dag.py:3722} INFO - Setting next_dagrun for dataset_consumes_1_and_2 to None, run_after=None
[2023-10-14T11:06:25.699+0000] {logging_mixin.py:151} INFO - [2023-10-14T11:06:25.699+0000] {dag.py:3722} INFO - Setting next_dagrun for dataset_consumes_1_never_scheduled to None, run_after=None
[2023-10-14T11:06:25.700+0000] {logging_mixin.py:151} INFO - [2023-10-14T11:06:25.700+0000] {dag.py:3722} INFO - Setting next_dagrun for dataset_consumes_unknown_never_scheduled to None, run_after=None
[2023-10-14T11:06:25.701+0000] {logging_mixin.py:151} INFO - [2023-10-14T11:06:25.701+0000] {dag.py:3722} INFO - Setting next_dagrun for dataset_produces_1 to 2023-10-13T00:00:00+00:00, run_after=2023-10-14T00:00:00+00:00
[2023-10-14T11:06:25.702+0000] {logging_mixin.py:151} INFO - [2023-10-14T11:06:25.702+0000] {dag.py:3722} INFO - Setting next_dagrun for dataset_produces_2 to None, run_after=None
[2023-10-14T11:06:25.716+0000] {processor.py:179} INFO - Processing /home/airflow/.local/lib/python3.8/site-packages/airflow/example_dags/example_datasets.py took 0.059 seconds
[2023-10-14T11:06:55.990+0000] {processor.py:157} INFO - Started process (PID=1331) to work on /home/airflow/.local/lib/python3.8/site-packages/airflow/example_dags/example_datasets.py
[2023-10-14T11:06:55.991+0000] {processor.py:829} INFO - Processing file /home/airflow/.local/lib/python3.8/site-packages/airflow/example_dags/example_datasets.py for tasks to queue
[2023-10-14T11:06:55.993+0000] {logging_mixin.py:151} INFO - [2023-10-14T11:06:55.993+0000] {dagbag.py:536} INFO - Filling up the DagBag from /home/airflow/.local/lib/python3.8/site-packages/airflow/example_dags/example_datasets.py
[2023-10-14T11:06:55.999+0000] {processor.py:839} INFO - DAG(s) dict_keys(['dataset_consumes_unknown_never_scheduled', 'dataset_produces_1', 'dataset_consumes_1_never_scheduled', 'dataset_consumes_1_and_2', 'dataset_produces_2', 'dataset_consumes_1']) retrieved from /home/airflow/.local/lib/python3.8/site-packages/airflow/example_dags/example_datasets.py
[2023-10-14T11:06:56.021+0000] {logging_mixin.py:151} INFO - [2023-10-14T11:06:56.021+0000] {dag.py:2941} INFO - Sync 6 DAGs
[2023-10-14T11:06:56.037+0000] {logging_mixin.py:151} INFO - [2023-10-14T11:06:56.037+0000] {dag.py:3722} INFO - Setting next_dagrun for dataset_consumes_1 to None, run_after=None
[2023-10-14T11:06:56.039+0000] {logging_mixin.py:151} INFO - [2023-10-14T11:06:56.039+0000] {dag.py:3722} INFO - Setting next_dagrun for dataset_consumes_1_and_2 to None, run_after=None
[2023-10-14T11:06:56.040+0000] {logging_mixin.py:151} INFO - [2023-10-14T11:06:56.040+0000] {dag.py:3722} INFO - Setting next_dagrun for dataset_consumes_1_never_scheduled to None, run_after=None
[2023-10-14T11:06:56.041+0000] {logging_mixin.py:151} INFO - [2023-10-14T11:06:56.041+0000] {dag.py:3722} INFO - Setting next_dagrun for dataset_consumes_unknown_never_scheduled to None, run_after=None
[2023-10-14T11:06:56.042+0000] {logging_mixin.py:151} INFO - [2023-10-14T11:06:56.042+0000] {dag.py:3722} INFO - Setting next_dagrun for dataset_produces_1 to 2023-10-13T00:00:00+00:00, run_after=2023-10-14T00:00:00+00:00
[2023-10-14T11:06:56.043+0000] {logging_mixin.py:151} INFO - [2023-10-14T11:06:56.043+0000] {dag.py:3722} INFO - Setting next_dagrun for dataset_produces_2 to None, run_after=None
[2023-10-14T11:06:56.058+0000] {processor.py:179} INFO - Processing /home/airflow/.local/lib/python3.8/site-packages/airflow/example_dags/example_datasets.py took 0.070 seconds
[2023-10-14T11:07:31.274+0000] {processor.py:157} INFO - Started process (PID=1390) to work on /home/airflow/.local/lib/python3.8/site-packages/airflow/example_dags/example_datasets.py
[2023-10-14T11:07:31.279+0000] {processor.py:829} INFO - Processing file /home/airflow/.local/lib/python3.8/site-packages/airflow/example_dags/example_datasets.py for tasks to queue
[2023-10-14T11:07:31.289+0000] {logging_mixin.py:151} INFO - [2023-10-14T11:07:31.288+0000] {dagbag.py:536} INFO - Filling up the DagBag from /home/airflow/.local/lib/python3.8/site-packages/airflow/example_dags/example_datasets.py
[2023-10-14T11:07:31.320+0000] {processor.py:839} INFO - DAG(s) dict_keys(['dataset_consumes_1', 'dataset_consumes_1_never_scheduled', 'dataset_produces_1', 'dataset_consumes_unknown_never_scheduled', 'dataset_consumes_1_and_2', 'dataset_produces_2']) retrieved from /home/airflow/.local/lib/python3.8/site-packages/airflow/example_dags/example_datasets.py
[2023-10-14T11:07:31.394+0000] {logging_mixin.py:151} INFO - [2023-10-14T11:07:31.394+0000] {dag.py:2941} INFO - Sync 6 DAGs
[2023-10-14T11:07:31.451+0000] {logging_mixin.py:151} INFO - [2023-10-14T11:07:31.451+0000] {dag.py:3722} INFO - Setting next_dagrun for dataset_consumes_1 to None, run_after=None
[2023-10-14T11:07:31.458+0000] {logging_mixin.py:151} INFO - [2023-10-14T11:07:31.458+0000] {dag.py:3722} INFO - Setting next_dagrun for dataset_consumes_1_and_2 to None, run_after=None
[2023-10-14T11:07:31.462+0000] {logging_mixin.py:151} INFO - [2023-10-14T11:07:31.462+0000] {dag.py:3722} INFO - Setting next_dagrun for dataset_consumes_1_never_scheduled to None, run_after=None
[2023-10-14T11:07:31.463+0000] {logging_mixin.py:151} INFO - [2023-10-14T11:07:31.463+0000] {dag.py:3722} INFO - Setting next_dagrun for dataset_consumes_unknown_never_scheduled to None, run_after=None
[2023-10-14T11:07:31.467+0000] {logging_mixin.py:151} INFO - [2023-10-14T11:07:31.467+0000] {dag.py:3722} INFO - Setting next_dagrun for dataset_produces_1 to 2023-10-13T00:00:00+00:00, run_after=2023-10-14T00:00:00+00:00
[2023-10-14T11:07:31.471+0000] {logging_mixin.py:151} INFO - [2023-10-14T11:07:31.471+0000] {dag.py:3722} INFO - Setting next_dagrun for dataset_produces_2 to None, run_after=None
[2023-10-14T11:07:31.523+0000] {processor.py:179} INFO - Processing /home/airflow/.local/lib/python3.8/site-packages/airflow/example_dags/example_datasets.py took 0.256 seconds
[2023-10-14T11:08:02.290+0000] {processor.py:157} INFO - Started process (PID=1445) to work on /home/airflow/.local/lib/python3.8/site-packages/airflow/example_dags/example_datasets.py
[2023-10-14T11:08:02.291+0000] {processor.py:829} INFO - Processing file /home/airflow/.local/lib/python3.8/site-packages/airflow/example_dags/example_datasets.py for tasks to queue
[2023-10-14T11:08:02.294+0000] {logging_mixin.py:151} INFO - [2023-10-14T11:08:02.294+0000] {dagbag.py:536} INFO - Filling up the DagBag from /home/airflow/.local/lib/python3.8/site-packages/airflow/example_dags/example_datasets.py
[2023-10-14T11:08:02.303+0000] {processor.py:839} INFO - DAG(s) dict_keys(['dataset_produces_1', 'dataset_produces_2', 'dataset_consumes_1_and_2', 'dataset_consumes_1', 'dataset_consumes_1_never_scheduled', 'dataset_consumes_unknown_never_scheduled']) retrieved from /home/airflow/.local/lib/python3.8/site-packages/airflow/example_dags/example_datasets.py
[2023-10-14T11:08:02.330+0000] {logging_mixin.py:151} INFO - [2023-10-14T11:08:02.330+0000] {dag.py:2941} INFO - Sync 6 DAGs
[2023-10-14T11:08:02.348+0000] {logging_mixin.py:151} INFO - [2023-10-14T11:08:02.348+0000] {dag.py:3722} INFO - Setting next_dagrun for dataset_consumes_1 to None, run_after=None
[2023-10-14T11:08:02.352+0000] {logging_mixin.py:151} INFO - [2023-10-14T11:08:02.351+0000] {dag.py:3722} INFO - Setting next_dagrun for dataset_consumes_1_and_2 to None, run_after=None
[2023-10-14T11:08:02.353+0000] {logging_mixin.py:151} INFO - [2023-10-14T11:08:02.353+0000] {dag.py:3722} INFO - Setting next_dagrun for dataset_consumes_1_never_scheduled to None, run_after=None
[2023-10-14T11:08:02.354+0000] {logging_mixin.py:151} INFO - [2023-10-14T11:08:02.354+0000] {dag.py:3722} INFO - Setting next_dagrun for dataset_consumes_unknown_never_scheduled to None, run_after=None
[2023-10-14T11:08:02.357+0000] {logging_mixin.py:151} INFO - [2023-10-14T11:08:02.357+0000] {dag.py:3722} INFO - Setting next_dagrun for dataset_produces_1 to 2023-10-13T00:00:00+00:00, run_after=2023-10-14T00:00:00+00:00
[2023-10-14T11:08:02.358+0000] {logging_mixin.py:151} INFO - [2023-10-14T11:08:02.358+0000] {dag.py:3722} INFO - Setting next_dagrun for dataset_produces_2 to None, run_after=None
[2023-10-14T11:08:02.395+0000] {processor.py:179} INFO - Processing /home/airflow/.local/lib/python3.8/site-packages/airflow/example_dags/example_datasets.py took 0.110 seconds
[2023-10-14T11:08:32.975+0000] {processor.py:157} INFO - Started process (PID=1500) to work on /home/airflow/.local/lib/python3.8/site-packages/airflow/example_dags/example_datasets.py
[2023-10-14T11:08:32.977+0000] {processor.py:829} INFO - Processing file /home/airflow/.local/lib/python3.8/site-packages/airflow/example_dags/example_datasets.py for tasks to queue
[2023-10-14T11:08:32.980+0000] {logging_mixin.py:151} INFO - [2023-10-14T11:08:32.979+0000] {dagbag.py:536} INFO - Filling up the DagBag from /home/airflow/.local/lib/python3.8/site-packages/airflow/example_dags/example_datasets.py
[2023-10-14T11:08:32.989+0000] {processor.py:839} INFO - DAG(s) dict_keys(['dataset_consumes_1', 'dataset_consumes_1_and_2', 'dataset_consumes_1_never_scheduled', 'dataset_produces_1', 'dataset_produces_2', 'dataset_consumes_unknown_never_scheduled']) retrieved from /home/airflow/.local/lib/python3.8/site-packages/airflow/example_dags/example_datasets.py
[2023-10-14T11:08:33.012+0000] {logging_mixin.py:151} INFO - [2023-10-14T11:08:33.012+0000] {dag.py:2941} INFO - Sync 6 DAGs
[2023-10-14T11:08:33.023+0000] {logging_mixin.py:151} INFO - [2023-10-14T11:08:33.023+0000] {dag.py:3722} INFO - Setting next_dagrun for dataset_consumes_1 to None, run_after=None
[2023-10-14T11:08:33.026+0000] {logging_mixin.py:151} INFO - [2023-10-14T11:08:33.025+0000] {dag.py:3722} INFO - Setting next_dagrun for dataset_consumes_1_and_2 to None, run_after=None
[2023-10-14T11:08:33.026+0000] {logging_mixin.py:151} INFO - [2023-10-14T11:08:33.026+0000] {dag.py:3722} INFO - Setting next_dagrun for dataset_consumes_1_never_scheduled to None, run_after=None
[2023-10-14T11:08:33.027+0000] {logging_mixin.py:151} INFO - [2023-10-14T11:08:33.027+0000] {dag.py:3722} INFO - Setting next_dagrun for dataset_consumes_unknown_never_scheduled to None, run_after=None
[2023-10-14T11:08:33.028+0000] {logging_mixin.py:151} INFO - [2023-10-14T11:08:33.028+0000] {dag.py:3722} INFO - Setting next_dagrun for dataset_produces_1 to 2023-10-13T00:00:00+00:00, run_after=2023-10-14T00:00:00+00:00
[2023-10-14T11:08:33.029+0000] {logging_mixin.py:151} INFO - [2023-10-14T11:08:33.029+0000] {dag.py:3722} INFO - Setting next_dagrun for dataset_produces_2 to None, run_after=None
[2023-10-14T11:08:33.045+0000] {processor.py:179} INFO - Processing /home/airflow/.local/lib/python3.8/site-packages/airflow/example_dags/example_datasets.py took 0.074 seconds
[2023-10-14T11:09:03.460+0000] {processor.py:157} INFO - Started process (PID=1555) to work on /home/airflow/.local/lib/python3.8/site-packages/airflow/example_dags/example_datasets.py
[2023-10-14T11:09:03.461+0000] {processor.py:829} INFO - Processing file /home/airflow/.local/lib/python3.8/site-packages/airflow/example_dags/example_datasets.py for tasks to queue
[2023-10-14T11:09:03.463+0000] {logging_mixin.py:151} INFO - [2023-10-14T11:09:03.463+0000] {dagbag.py:536} INFO - Filling up the DagBag from /home/airflow/.local/lib/python3.8/site-packages/airflow/example_dags/example_datasets.py
[2023-10-14T11:09:03.470+0000] {processor.py:839} INFO - DAG(s) dict_keys(['dataset_consumes_unknown_never_scheduled', 'dataset_consumes_1_and_2', 'dataset_produces_2', 'dataset_consumes_1', 'dataset_consumes_1_never_scheduled', 'dataset_produces_1']) retrieved from /home/airflow/.local/lib/python3.8/site-packages/airflow/example_dags/example_datasets.py
[2023-10-14T11:09:03.495+0000] {logging_mixin.py:151} INFO - [2023-10-14T11:09:03.495+0000] {dag.py:2941} INFO - Sync 6 DAGs
[2023-10-14T11:09:03.509+0000] {logging_mixin.py:151} INFO - [2023-10-14T11:09:03.509+0000] {dag.py:3722} INFO - Setting next_dagrun for dataset_consumes_1 to None, run_after=None
[2023-10-14T11:09:03.512+0000] {logging_mixin.py:151} INFO - [2023-10-14T11:09:03.512+0000] {dag.py:3722} INFO - Setting next_dagrun for dataset_consumes_1_and_2 to None, run_after=None
[2023-10-14T11:09:03.513+0000] {logging_mixin.py:151} INFO - [2023-10-14T11:09:03.513+0000] {dag.py:3722} INFO - Setting next_dagrun for dataset_consumes_1_never_scheduled to None, run_after=None
[2023-10-14T11:09:03.514+0000] {logging_mixin.py:151} INFO - [2023-10-14T11:09:03.513+0000] {dag.py:3722} INFO - Setting next_dagrun for dataset_consumes_unknown_never_scheduled to None, run_after=None
[2023-10-14T11:09:03.515+0000] {logging_mixin.py:151} INFO - [2023-10-14T11:09:03.515+0000] {dag.py:3722} INFO - Setting next_dagrun for dataset_produces_1 to 2023-10-13T00:00:00+00:00, run_after=2023-10-14T00:00:00+00:00
[2023-10-14T11:09:03.516+0000] {logging_mixin.py:151} INFO - [2023-10-14T11:09:03.516+0000] {dag.py:3722} INFO - Setting next_dagrun for dataset_produces_2 to None, run_after=None
[2023-10-14T11:09:03.532+0000] {processor.py:179} INFO - Processing /home/airflow/.local/lib/python3.8/site-packages/airflow/example_dags/example_datasets.py took 0.075 seconds
[2023-10-14T11:09:33.922+0000] {processor.py:157} INFO - Started process (PID=1610) to work on /home/airflow/.local/lib/python3.8/site-packages/airflow/example_dags/example_datasets.py
[2023-10-14T11:09:33.923+0000] {processor.py:829} INFO - Processing file /home/airflow/.local/lib/python3.8/site-packages/airflow/example_dags/example_datasets.py for tasks to queue
[2023-10-14T11:09:33.926+0000] {logging_mixin.py:151} INFO - [2023-10-14T11:09:33.925+0000] {dagbag.py:536} INFO - Filling up the DagBag from /home/airflow/.local/lib/python3.8/site-packages/airflow/example_dags/example_datasets.py
[2023-10-14T11:09:33.933+0000] {processor.py:839} INFO - DAG(s) dict_keys(['dataset_produces_2', 'dataset_consumes_unknown_never_scheduled', 'dataset_consumes_1', 'dataset_consumes_1_never_scheduled', 'dataset_produces_1', 'dataset_consumes_1_and_2']) retrieved from /home/airflow/.local/lib/python3.8/site-packages/airflow/example_dags/example_datasets.py
[2023-10-14T11:09:33.956+0000] {logging_mixin.py:151} INFO - [2023-10-14T11:09:33.956+0000] {dag.py:2941} INFO - Sync 6 DAGs
[2023-10-14T11:09:33.968+0000] {logging_mixin.py:151} INFO - [2023-10-14T11:09:33.968+0000] {dag.py:3722} INFO - Setting next_dagrun for dataset_consumes_1 to None, run_after=None
[2023-10-14T11:09:33.970+0000] {logging_mixin.py:151} INFO - [2023-10-14T11:09:33.970+0000] {dag.py:3722} INFO - Setting next_dagrun for dataset_consumes_1_and_2 to None, run_after=None
[2023-10-14T11:09:33.971+0000] {logging_mixin.py:151} INFO - [2023-10-14T11:09:33.971+0000] {dag.py:3722} INFO - Setting next_dagrun for dataset_consumes_1_never_scheduled to None, run_after=None
[2023-10-14T11:09:33.971+0000] {logging_mixin.py:151} INFO - [2023-10-14T11:09:33.971+0000] {dag.py:3722} INFO - Setting next_dagrun for dataset_consumes_unknown_never_scheduled to None, run_after=None
[2023-10-14T11:09:33.973+0000] {logging_mixin.py:151} INFO - [2023-10-14T11:09:33.973+0000] {dag.py:3722} INFO - Setting next_dagrun for dataset_produces_1 to 2023-10-13T00:00:00+00:00, run_after=2023-10-14T00:00:00+00:00
[2023-10-14T11:09:33.974+0000] {logging_mixin.py:151} INFO - [2023-10-14T11:09:33.973+0000] {dag.py:3722} INFO - Setting next_dagrun for dataset_produces_2 to None, run_after=None
[2023-10-14T11:09:33.988+0000] {processor.py:179} INFO - Processing /home/airflow/.local/lib/python3.8/site-packages/airflow/example_dags/example_datasets.py took 0.069 seconds
