[2023-10-14T10:55:12.638+0000] {processor.py:157} INFO - Started process (PID=39) to work on /home/airflow/.local/lib/python3.8/site-packages/airflow/example_dags/example_skip_dag.py
[2023-10-14T10:55:12.645+0000] {processor.py:829} INFO - Processing file /home/airflow/.local/lib/python3.8/site-packages/airflow/example_dags/example_skip_dag.py for tasks to queue
[2023-10-14T10:55:12.655+0000] {logging_mixin.py:151} INFO - [2023-10-14T10:55:12.654+0000] {dagbag.py:536} INFO - Filling up the DagBag from /home/airflow/.local/lib/python3.8/site-packages/airflow/example_dags/example_skip_dag.py
[2023-10-14T10:55:12.684+0000] {processor.py:839} INFO - DAG(s) dict_keys(['example_skip_dag']) retrieved from /home/airflow/.local/lib/python3.8/site-packages/airflow/example_dags/example_skip_dag.py
[2023-10-14T10:55:12.730+0000] {logging_mixin.py:151} INFO - [2023-10-14T10:55:12.730+0000] {dag.py:2941} INFO - Sync 1 DAGs
[2023-10-14T10:55:12.835+0000] {logging_mixin.py:151} INFO - [2023-10-14T10:55:12.834+0000] {dag.py:3722} INFO - Setting next_dagrun for example_skip_dag to 2023-10-13T10:55:12.834645+00:00, run_after=2023-10-14T10:55:12.834645+00:00
[2023-10-14T10:55:12.894+0000] {processor.py:179} INFO - Processing /home/airflow/.local/lib/python3.8/site-packages/airflow/example_dags/example_skip_dag.py took 0.302 seconds
[2023-10-14T10:55:42.950+0000] {processor.py:157} INFO - Started process (PID=94) to work on /home/airflow/.local/lib/python3.8/site-packages/airflow/example_dags/example_skip_dag.py
[2023-10-14T10:55:42.951+0000] {processor.py:829} INFO - Processing file /home/airflow/.local/lib/python3.8/site-packages/airflow/example_dags/example_skip_dag.py for tasks to queue
[2023-10-14T10:55:42.953+0000] {logging_mixin.py:151} INFO - [2023-10-14T10:55:42.953+0000] {dagbag.py:536} INFO - Filling up the DagBag from /home/airflow/.local/lib/python3.8/site-packages/airflow/example_dags/example_skip_dag.py
[2023-10-14T10:55:42.956+0000] {processor.py:839} INFO - DAG(s) dict_keys(['example_skip_dag']) retrieved from /home/airflow/.local/lib/python3.8/site-packages/airflow/example_dags/example_skip_dag.py
[2023-10-14T10:55:42.967+0000] {logging_mixin.py:151} INFO - [2023-10-14T10:55:42.967+0000] {dag.py:2941} INFO - Sync 1 DAGs
[2023-10-14T10:55:42.978+0000] {logging_mixin.py:151} INFO - [2023-10-14T10:55:42.978+0000] {dag.py:3722} INFO - Setting next_dagrun for example_skip_dag to 2023-10-13T10:55:42.978697+00:00, run_after=2023-10-14T10:55:42.978697+00:00
[2023-10-14T10:55:42.988+0000] {processor.py:179} INFO - Processing /home/airflow/.local/lib/python3.8/site-packages/airflow/example_dags/example_skip_dag.py took 0.040 seconds
[2023-10-14T10:56:13.507+0000] {processor.py:157} INFO - Started process (PID=149) to work on /home/airflow/.local/lib/python3.8/site-packages/airflow/example_dags/example_skip_dag.py
[2023-10-14T10:56:13.508+0000] {processor.py:829} INFO - Processing file /home/airflow/.local/lib/python3.8/site-packages/airflow/example_dags/example_skip_dag.py for tasks to queue
[2023-10-14T10:56:13.510+0000] {logging_mixin.py:151} INFO - [2023-10-14T10:56:13.510+0000] {dagbag.py:536} INFO - Filling up the DagBag from /home/airflow/.local/lib/python3.8/site-packages/airflow/example_dags/example_skip_dag.py
[2023-10-14T10:56:13.515+0000] {processor.py:839} INFO - DAG(s) dict_keys(['example_skip_dag']) retrieved from /home/airflow/.local/lib/python3.8/site-packages/airflow/example_dags/example_skip_dag.py
[2023-10-14T10:56:13.530+0000] {logging_mixin.py:151} INFO - [2023-10-14T10:56:13.530+0000] {dag.py:2941} INFO - Sync 1 DAGs
[2023-10-14T10:56:13.544+0000] {logging_mixin.py:151} INFO - [2023-10-14T10:56:13.543+0000] {dag.py:3722} INFO - Setting next_dagrun for example_skip_dag to 2023-10-13T10:56:13.543707+00:00, run_after=2023-10-14T10:56:13.543707+00:00
[2023-10-14T10:56:13.555+0000] {processor.py:179} INFO - Processing /home/airflow/.local/lib/python3.8/site-packages/airflow/example_dags/example_skip_dag.py took 0.050 seconds
[2023-10-14T10:56:43.776+0000] {processor.py:157} INFO - Started process (PID=204) to work on /home/airflow/.local/lib/python3.8/site-packages/airflow/example_dags/example_skip_dag.py
[2023-10-14T10:56:43.777+0000] {processor.py:829} INFO - Processing file /home/airflow/.local/lib/python3.8/site-packages/airflow/example_dags/example_skip_dag.py for tasks to queue
[2023-10-14T10:56:43.778+0000] {logging_mixin.py:151} INFO - [2023-10-14T10:56:43.778+0000] {dagbag.py:536} INFO - Filling up the DagBag from /home/airflow/.local/lib/python3.8/site-packages/airflow/example_dags/example_skip_dag.py
[2023-10-14T10:56:43.782+0000] {processor.py:839} INFO - DAG(s) dict_keys(['example_skip_dag']) retrieved from /home/airflow/.local/lib/python3.8/site-packages/airflow/example_dags/example_skip_dag.py
[2023-10-14T10:56:43.795+0000] {logging_mixin.py:151} INFO - [2023-10-14T10:56:43.794+0000] {dag.py:2941} INFO - Sync 1 DAGs
[2023-10-14T10:56:43.805+0000] {logging_mixin.py:151} INFO - [2023-10-14T10:56:43.805+0000] {dag.py:3722} INFO - Setting next_dagrun for example_skip_dag to 2023-10-13T10:56:43.805071+00:00, run_after=2023-10-14T10:56:43.805071+00:00
[2023-10-14T10:56:43.814+0000] {processor.py:179} INFO - Processing /home/airflow/.local/lib/python3.8/site-packages/airflow/example_dags/example_skip_dag.py took 0.040 seconds
[2023-10-14T10:57:14.119+0000] {processor.py:157} INFO - Started process (PID=259) to work on /home/airflow/.local/lib/python3.8/site-packages/airflow/example_dags/example_skip_dag.py
[2023-10-14T10:57:14.120+0000] {processor.py:829} INFO - Processing file /home/airflow/.local/lib/python3.8/site-packages/airflow/example_dags/example_skip_dag.py for tasks to queue
[2023-10-14T10:57:14.122+0000] {logging_mixin.py:151} INFO - [2023-10-14T10:57:14.121+0000] {dagbag.py:536} INFO - Filling up the DagBag from /home/airflow/.local/lib/python3.8/site-packages/airflow/example_dags/example_skip_dag.py
[2023-10-14T10:57:14.125+0000] {processor.py:839} INFO - DAG(s) dict_keys(['example_skip_dag']) retrieved from /home/airflow/.local/lib/python3.8/site-packages/airflow/example_dags/example_skip_dag.py
[2023-10-14T10:57:14.137+0000] {logging_mixin.py:151} INFO - [2023-10-14T10:57:14.137+0000] {dag.py:2941} INFO - Sync 1 DAGs
[2023-10-14T10:57:14.148+0000] {logging_mixin.py:151} INFO - [2023-10-14T10:57:14.147+0000] {dag.py:3722} INFO - Setting next_dagrun for example_skip_dag to 2023-10-13T10:57:14.147836+00:00, run_after=2023-10-14T10:57:14.147836+00:00
[2023-10-14T10:57:14.157+0000] {processor.py:179} INFO - Processing /home/airflow/.local/lib/python3.8/site-packages/airflow/example_dags/example_skip_dag.py took 0.040 seconds
[2023-10-14T10:57:44.402+0000] {processor.py:157} INFO - Started process (PID=314) to work on /home/airflow/.local/lib/python3.8/site-packages/airflow/example_dags/example_skip_dag.py
[2023-10-14T10:57:44.403+0000] {processor.py:829} INFO - Processing file /home/airflow/.local/lib/python3.8/site-packages/airflow/example_dags/example_skip_dag.py for tasks to queue
[2023-10-14T10:57:44.405+0000] {logging_mixin.py:151} INFO - [2023-10-14T10:57:44.405+0000] {dagbag.py:536} INFO - Filling up the DagBag from /home/airflow/.local/lib/python3.8/site-packages/airflow/example_dags/example_skip_dag.py
[2023-10-14T10:57:44.409+0000] {processor.py:839} INFO - DAG(s) dict_keys(['example_skip_dag']) retrieved from /home/airflow/.local/lib/python3.8/site-packages/airflow/example_dags/example_skip_dag.py
[2023-10-14T10:57:44.422+0000] {logging_mixin.py:151} INFO - [2023-10-14T10:57:44.422+0000] {dag.py:2941} INFO - Sync 1 DAGs
[2023-10-14T10:57:44.434+0000] {logging_mixin.py:151} INFO - [2023-10-14T10:57:44.434+0000] {dag.py:3722} INFO - Setting next_dagrun for example_skip_dag to 2023-10-13T10:57:44.434419+00:00, run_after=2023-10-14T10:57:44.434419+00:00
[2023-10-14T10:57:44.445+0000] {processor.py:179} INFO - Processing /home/airflow/.local/lib/python3.8/site-packages/airflow/example_dags/example_skip_dag.py took 0.045 seconds
[2023-10-14T10:58:14.892+0000] {processor.py:157} INFO - Started process (PID=370) to work on /home/airflow/.local/lib/python3.8/site-packages/airflow/example_dags/example_skip_dag.py
[2023-10-14T10:58:14.893+0000] {processor.py:829} INFO - Processing file /home/airflow/.local/lib/python3.8/site-packages/airflow/example_dags/example_skip_dag.py for tasks to queue
[2023-10-14T10:58:14.894+0000] {logging_mixin.py:151} INFO - [2023-10-14T10:58:14.894+0000] {dagbag.py:536} INFO - Filling up the DagBag from /home/airflow/.local/lib/python3.8/site-packages/airflow/example_dags/example_skip_dag.py
[2023-10-14T10:58:14.898+0000] {processor.py:839} INFO - DAG(s) dict_keys(['example_skip_dag']) retrieved from /home/airflow/.local/lib/python3.8/site-packages/airflow/example_dags/example_skip_dag.py
[2023-10-14T10:58:14.910+0000] {logging_mixin.py:151} INFO - [2023-10-14T10:58:14.910+0000] {dag.py:2941} INFO - Sync 1 DAGs
[2023-10-14T10:58:14.921+0000] {logging_mixin.py:151} INFO - [2023-10-14T10:58:14.921+0000] {dag.py:3722} INFO - Setting next_dagrun for example_skip_dag to 2023-10-13T10:58:14.921102+00:00, run_after=2023-10-14T10:58:14.921102+00:00
[2023-10-14T10:58:14.930+0000] {processor.py:179} INFO - Processing /home/airflow/.local/lib/python3.8/site-packages/airflow/example_dags/example_skip_dag.py took 0.040 seconds
[2023-10-14T10:58:45.193+0000] {processor.py:157} INFO - Started process (PID=425) to work on /home/airflow/.local/lib/python3.8/site-packages/airflow/example_dags/example_skip_dag.py
[2023-10-14T10:58:45.194+0000] {processor.py:829} INFO - Processing file /home/airflow/.local/lib/python3.8/site-packages/airflow/example_dags/example_skip_dag.py for tasks to queue
[2023-10-14T10:58:45.195+0000] {logging_mixin.py:151} INFO - [2023-10-14T10:58:45.195+0000] {dagbag.py:536} INFO - Filling up the DagBag from /home/airflow/.local/lib/python3.8/site-packages/airflow/example_dags/example_skip_dag.py
[2023-10-14T10:58:45.199+0000] {processor.py:839} INFO - DAG(s) dict_keys(['example_skip_dag']) retrieved from /home/airflow/.local/lib/python3.8/site-packages/airflow/example_dags/example_skip_dag.py
[2023-10-14T10:58:45.210+0000] {logging_mixin.py:151} INFO - [2023-10-14T10:58:45.210+0000] {dag.py:2941} INFO - Sync 1 DAGs
[2023-10-14T10:58:45.221+0000] {logging_mixin.py:151} INFO - [2023-10-14T10:58:45.221+0000] {dag.py:3722} INFO - Setting next_dagrun for example_skip_dag to 2023-10-13T10:58:45.221149+00:00, run_after=2023-10-14T10:58:45.221149+00:00
[2023-10-14T10:58:45.230+0000] {processor.py:179} INFO - Processing /home/airflow/.local/lib/python3.8/site-packages/airflow/example_dags/example_skip_dag.py took 0.040 seconds
[2023-10-14T10:59:15.454+0000] {processor.py:157} INFO - Started process (PID=479) to work on /home/airflow/.local/lib/python3.8/site-packages/airflow/example_dags/example_skip_dag.py
[2023-10-14T10:59:15.455+0000] {processor.py:829} INFO - Processing file /home/airflow/.local/lib/python3.8/site-packages/airflow/example_dags/example_skip_dag.py for tasks to queue
[2023-10-14T10:59:15.458+0000] {logging_mixin.py:151} INFO - [2023-10-14T10:59:15.457+0000] {dagbag.py:536} INFO - Filling up the DagBag from /home/airflow/.local/lib/python3.8/site-packages/airflow/example_dags/example_skip_dag.py
[2023-10-14T10:59:15.462+0000] {processor.py:839} INFO - DAG(s) dict_keys(['example_skip_dag']) retrieved from /home/airflow/.local/lib/python3.8/site-packages/airflow/example_dags/example_skip_dag.py
[2023-10-14T10:59:15.478+0000] {logging_mixin.py:151} INFO - [2023-10-14T10:59:15.478+0000] {dag.py:2941} INFO - Sync 1 DAGs
[2023-10-14T10:59:15.491+0000] {logging_mixin.py:151} INFO - [2023-10-14T10:59:15.491+0000] {dag.py:3722} INFO - Setting next_dagrun for example_skip_dag to 2023-10-13T10:59:15.491122+00:00, run_after=2023-10-14T10:59:15.491122+00:00
[2023-10-14T10:59:15.501+0000] {processor.py:179} INFO - Processing /home/airflow/.local/lib/python3.8/site-packages/airflow/example_dags/example_skip_dag.py took 0.050 seconds
[2023-10-14T10:59:45.604+0000] {processor.py:157} INFO - Started process (PID=535) to work on /home/airflow/.local/lib/python3.8/site-packages/airflow/example_dags/example_skip_dag.py
[2023-10-14T10:59:45.605+0000] {processor.py:829} INFO - Processing file /home/airflow/.local/lib/python3.8/site-packages/airflow/example_dags/example_skip_dag.py for tasks to queue
[2023-10-14T10:59:45.607+0000] {logging_mixin.py:151} INFO - [2023-10-14T10:59:45.606+0000] {dagbag.py:536} INFO - Filling up the DagBag from /home/airflow/.local/lib/python3.8/site-packages/airflow/example_dags/example_skip_dag.py
[2023-10-14T10:59:45.611+0000] {processor.py:839} INFO - DAG(s) dict_keys(['example_skip_dag']) retrieved from /home/airflow/.local/lib/python3.8/site-packages/airflow/example_dags/example_skip_dag.py
[2023-10-14T10:59:45.622+0000] {logging_mixin.py:151} INFO - [2023-10-14T10:59:45.622+0000] {dag.py:2941} INFO - Sync 1 DAGs
[2023-10-14T10:59:45.635+0000] {logging_mixin.py:151} INFO - [2023-10-14T10:59:45.635+0000] {dag.py:3722} INFO - Setting next_dagrun for example_skip_dag to 2023-10-13T10:59:45.635023+00:00, run_after=2023-10-14T10:59:45.635023+00:00
[2023-10-14T10:59:45.645+0000] {processor.py:179} INFO - Processing /home/airflow/.local/lib/python3.8/site-packages/airflow/example_dags/example_skip_dag.py took 0.043 seconds
[2023-10-14T11:00:15.824+0000] {processor.py:157} INFO - Started process (PID=590) to work on /home/airflow/.local/lib/python3.8/site-packages/airflow/example_dags/example_skip_dag.py
[2023-10-14T11:00:15.824+0000] {processor.py:829} INFO - Processing file /home/airflow/.local/lib/python3.8/site-packages/airflow/example_dags/example_skip_dag.py for tasks to queue
[2023-10-14T11:00:15.826+0000] {logging_mixin.py:151} INFO - [2023-10-14T11:00:15.826+0000] {dagbag.py:536} INFO - Filling up the DagBag from /home/airflow/.local/lib/python3.8/site-packages/airflow/example_dags/example_skip_dag.py
[2023-10-14T11:00:15.830+0000] {processor.py:839} INFO - DAG(s) dict_keys(['example_skip_dag']) retrieved from /home/airflow/.local/lib/python3.8/site-packages/airflow/example_dags/example_skip_dag.py
[2023-10-14T11:00:15.843+0000] {logging_mixin.py:151} INFO - [2023-10-14T11:00:15.843+0000] {dag.py:2941} INFO - Sync 1 DAGs
[2023-10-14T11:00:15.856+0000] {logging_mixin.py:151} INFO - [2023-10-14T11:00:15.855+0000] {dag.py:3722} INFO - Setting next_dagrun for example_skip_dag to 2023-10-13T11:00:15.855766+00:00, run_after=2023-10-14T11:00:15.855766+00:00
[2023-10-14T11:00:15.866+0000] {processor.py:179} INFO - Processing /home/airflow/.local/lib/python3.8/site-packages/airflow/example_dags/example_skip_dag.py took 0.045 seconds
[2023-10-14T11:00:45.983+0000] {processor.py:157} INFO - Started process (PID=645) to work on /home/airflow/.local/lib/python3.8/site-packages/airflow/example_dags/example_skip_dag.py
[2023-10-14T11:00:45.983+0000] {processor.py:829} INFO - Processing file /home/airflow/.local/lib/python3.8/site-packages/airflow/example_dags/example_skip_dag.py for tasks to queue
[2023-10-14T11:00:45.985+0000] {logging_mixin.py:151} INFO - [2023-10-14T11:00:45.985+0000] {dagbag.py:536} INFO - Filling up the DagBag from /home/airflow/.local/lib/python3.8/site-packages/airflow/example_dags/example_skip_dag.py
[2023-10-14T11:00:45.989+0000] {processor.py:839} INFO - DAG(s) dict_keys(['example_skip_dag']) retrieved from /home/airflow/.local/lib/python3.8/site-packages/airflow/example_dags/example_skip_dag.py
[2023-10-14T11:00:46.002+0000] {logging_mixin.py:151} INFO - [2023-10-14T11:00:46.002+0000] {dag.py:2941} INFO - Sync 1 DAGs
[2023-10-14T11:00:46.013+0000] {logging_mixin.py:151} INFO - [2023-10-14T11:00:46.013+0000] {dag.py:3722} INFO - Setting next_dagrun for example_skip_dag to 2023-10-13T11:00:46.013349+00:00, run_after=2023-10-14T11:00:46.013349+00:00
[2023-10-14T11:00:46.023+0000] {processor.py:179} INFO - Processing /home/airflow/.local/lib/python3.8/site-packages/airflow/example_dags/example_skip_dag.py took 0.043 seconds
[2023-10-14T11:01:16.408+0000] {processor.py:157} INFO - Started process (PID=700) to work on /home/airflow/.local/lib/python3.8/site-packages/airflow/example_dags/example_skip_dag.py
[2023-10-14T11:01:16.409+0000] {processor.py:829} INFO - Processing file /home/airflow/.local/lib/python3.8/site-packages/airflow/example_dags/example_skip_dag.py for tasks to queue
[2023-10-14T11:01:16.411+0000] {logging_mixin.py:151} INFO - [2023-10-14T11:01:16.411+0000] {dagbag.py:536} INFO - Filling up the DagBag from /home/airflow/.local/lib/python3.8/site-packages/airflow/example_dags/example_skip_dag.py
[2023-10-14T11:01:16.414+0000] {processor.py:839} INFO - DAG(s) dict_keys(['example_skip_dag']) retrieved from /home/airflow/.local/lib/python3.8/site-packages/airflow/example_dags/example_skip_dag.py
[2023-10-14T11:01:16.426+0000] {logging_mixin.py:151} INFO - [2023-10-14T11:01:16.426+0000] {dag.py:2941} INFO - Sync 1 DAGs
[2023-10-14T11:01:16.437+0000] {logging_mixin.py:151} INFO - [2023-10-14T11:01:16.437+0000] {dag.py:3722} INFO - Setting next_dagrun for example_skip_dag to 2023-10-13T11:01:16.437409+00:00, run_after=2023-10-14T11:01:16.437409+00:00
[2023-10-14T11:01:16.447+0000] {processor.py:179} INFO - Processing /home/airflow/.local/lib/python3.8/site-packages/airflow/example_dags/example_skip_dag.py took 0.041 seconds
[2023-10-14T11:01:46.633+0000] {processor.py:157} INFO - Started process (PID=756) to work on /home/airflow/.local/lib/python3.8/site-packages/airflow/example_dags/example_skip_dag.py
[2023-10-14T11:01:46.634+0000] {processor.py:829} INFO - Processing file /home/airflow/.local/lib/python3.8/site-packages/airflow/example_dags/example_skip_dag.py for tasks to queue
[2023-10-14T11:01:46.636+0000] {logging_mixin.py:151} INFO - [2023-10-14T11:01:46.636+0000] {dagbag.py:536} INFO - Filling up the DagBag from /home/airflow/.local/lib/python3.8/site-packages/airflow/example_dags/example_skip_dag.py
[2023-10-14T11:01:46.640+0000] {processor.py:839} INFO - DAG(s) dict_keys(['example_skip_dag']) retrieved from /home/airflow/.local/lib/python3.8/site-packages/airflow/example_dags/example_skip_dag.py
[2023-10-14T11:01:46.654+0000] {logging_mixin.py:151} INFO - [2023-10-14T11:01:46.653+0000] {dag.py:2941} INFO - Sync 1 DAGs
[2023-10-14T11:01:46.665+0000] {logging_mixin.py:151} INFO - [2023-10-14T11:01:46.665+0000] {dag.py:3722} INFO - Setting next_dagrun for example_skip_dag to 2023-10-13T11:01:46.665033+00:00, run_after=2023-10-14T11:01:46.665033+00:00
[2023-10-14T11:01:46.674+0000] {processor.py:179} INFO - Processing /home/airflow/.local/lib/python3.8/site-packages/airflow/example_dags/example_skip_dag.py took 0.043 seconds
[2023-10-14T11:02:17.236+0000] {processor.py:157} INFO - Started process (PID=813) to work on /home/airflow/.local/lib/python3.8/site-packages/airflow/example_dags/example_skip_dag.py
[2023-10-14T11:02:17.237+0000] {processor.py:829} INFO - Processing file /home/airflow/.local/lib/python3.8/site-packages/airflow/example_dags/example_skip_dag.py for tasks to queue
[2023-10-14T11:02:17.239+0000] {logging_mixin.py:151} INFO - [2023-10-14T11:02:17.239+0000] {dagbag.py:536} INFO - Filling up the DagBag from /home/airflow/.local/lib/python3.8/site-packages/airflow/example_dags/example_skip_dag.py
[2023-10-14T11:02:17.243+0000] {processor.py:839} INFO - DAG(s) dict_keys(['example_skip_dag']) retrieved from /home/airflow/.local/lib/python3.8/site-packages/airflow/example_dags/example_skip_dag.py
[2023-10-14T11:02:17.254+0000] {logging_mixin.py:151} INFO - [2023-10-14T11:02:17.254+0000] {dag.py:2941} INFO - Sync 1 DAGs
[2023-10-14T11:02:17.265+0000] {logging_mixin.py:151} INFO - [2023-10-14T11:02:17.265+0000] {dag.py:3722} INFO - Setting next_dagrun for example_skip_dag to 2023-10-13T11:02:17.265391+00:00, run_after=2023-10-14T11:02:17.265391+00:00
[2023-10-14T11:02:17.274+0000] {processor.py:179} INFO - Processing /home/airflow/.local/lib/python3.8/site-packages/airflow/example_dags/example_skip_dag.py took 0.040 seconds
[2023-10-14T11:02:47.653+0000] {processor.py:157} INFO - Started process (PID=868) to work on /home/airflow/.local/lib/python3.8/site-packages/airflow/example_dags/example_skip_dag.py
[2023-10-14T11:02:47.654+0000] {processor.py:829} INFO - Processing file /home/airflow/.local/lib/python3.8/site-packages/airflow/example_dags/example_skip_dag.py for tasks to queue
[2023-10-14T11:02:47.656+0000] {logging_mixin.py:151} INFO - [2023-10-14T11:02:47.655+0000] {dagbag.py:536} INFO - Filling up the DagBag from /home/airflow/.local/lib/python3.8/site-packages/airflow/example_dags/example_skip_dag.py
[2023-10-14T11:02:47.659+0000] {processor.py:839} INFO - DAG(s) dict_keys(['example_skip_dag']) retrieved from /home/airflow/.local/lib/python3.8/site-packages/airflow/example_dags/example_skip_dag.py
[2023-10-14T11:02:47.672+0000] {logging_mixin.py:151} INFO - [2023-10-14T11:02:47.672+0000] {dag.py:2941} INFO - Sync 1 DAGs
[2023-10-14T11:02:47.683+0000] {logging_mixin.py:151} INFO - [2023-10-14T11:02:47.683+0000] {dag.py:3722} INFO - Setting next_dagrun for example_skip_dag to 2023-10-13T11:02:47.683474+00:00, run_after=2023-10-14T11:02:47.683474+00:00
[2023-10-14T11:02:47.694+0000] {processor.py:179} INFO - Processing /home/airflow/.local/lib/python3.8/site-packages/airflow/example_dags/example_skip_dag.py took 0.043 seconds
[2023-10-14T11:03:18.046+0000] {processor.py:157} INFO - Started process (PID=924) to work on /home/airflow/.local/lib/python3.8/site-packages/airflow/example_dags/example_skip_dag.py
[2023-10-14T11:03:18.047+0000] {processor.py:829} INFO - Processing file /home/airflow/.local/lib/python3.8/site-packages/airflow/example_dags/example_skip_dag.py for tasks to queue
[2023-10-14T11:03:18.048+0000] {logging_mixin.py:151} INFO - [2023-10-14T11:03:18.048+0000] {dagbag.py:536} INFO - Filling up the DagBag from /home/airflow/.local/lib/python3.8/site-packages/airflow/example_dags/example_skip_dag.py
[2023-10-14T11:03:18.052+0000] {processor.py:839} INFO - DAG(s) dict_keys(['example_skip_dag']) retrieved from /home/airflow/.local/lib/python3.8/site-packages/airflow/example_dags/example_skip_dag.py
[2023-10-14T11:03:18.063+0000] {logging_mixin.py:151} INFO - [2023-10-14T11:03:18.063+0000] {dag.py:2941} INFO - Sync 1 DAGs
[2023-10-14T11:03:18.074+0000] {logging_mixin.py:151} INFO - [2023-10-14T11:03:18.074+0000] {dag.py:3722} INFO - Setting next_dagrun for example_skip_dag to 2023-10-13T11:03:18.074418+00:00, run_after=2023-10-14T11:03:18.074418+00:00
[2023-10-14T11:03:18.083+0000] {processor.py:179} INFO - Processing /home/airflow/.local/lib/python3.8/site-packages/airflow/example_dags/example_skip_dag.py took 0.039 seconds
[2023-10-14T11:03:48.412+0000] {processor.py:157} INFO - Started process (PID=979) to work on /home/airflow/.local/lib/python3.8/site-packages/airflow/example_dags/example_skip_dag.py
[2023-10-14T11:03:48.413+0000] {processor.py:829} INFO - Processing file /home/airflow/.local/lib/python3.8/site-packages/airflow/example_dags/example_skip_dag.py for tasks to queue
[2023-10-14T11:03:48.414+0000] {logging_mixin.py:151} INFO - [2023-10-14T11:03:48.414+0000] {dagbag.py:536} INFO - Filling up the DagBag from /home/airflow/.local/lib/python3.8/site-packages/airflow/example_dags/example_skip_dag.py
[2023-10-14T11:03:48.418+0000] {processor.py:839} INFO - DAG(s) dict_keys(['example_skip_dag']) retrieved from /home/airflow/.local/lib/python3.8/site-packages/airflow/example_dags/example_skip_dag.py
[2023-10-14T11:03:48.429+0000] {logging_mixin.py:151} INFO - [2023-10-14T11:03:48.429+0000] {dag.py:2941} INFO - Sync 1 DAGs
[2023-10-14T11:03:48.440+0000] {logging_mixin.py:151} INFO - [2023-10-14T11:03:48.440+0000] {dag.py:3722} INFO - Setting next_dagrun for example_skip_dag to 2023-10-13T11:03:48.440519+00:00, run_after=2023-10-14T11:03:48.440519+00:00
[2023-10-14T11:03:48.449+0000] {processor.py:179} INFO - Processing /home/airflow/.local/lib/python3.8/site-packages/airflow/example_dags/example_skip_dag.py took 0.039 seconds
[2023-10-14T11:04:19.009+0000] {processor.py:157} INFO - Started process (PID=1035) to work on /home/airflow/.local/lib/python3.8/site-packages/airflow/example_dags/example_skip_dag.py
[2023-10-14T11:04:19.011+0000] {processor.py:829} INFO - Processing file /home/airflow/.local/lib/python3.8/site-packages/airflow/example_dags/example_skip_dag.py for tasks to queue
[2023-10-14T11:04:19.013+0000] {logging_mixin.py:151} INFO - [2023-10-14T11:04:19.013+0000] {dagbag.py:536} INFO - Filling up the DagBag from /home/airflow/.local/lib/python3.8/site-packages/airflow/example_dags/example_skip_dag.py
[2023-10-14T11:04:19.021+0000] {processor.py:839} INFO - DAG(s) dict_keys(['example_skip_dag']) retrieved from /home/airflow/.local/lib/python3.8/site-packages/airflow/example_dags/example_skip_dag.py
[2023-10-14T11:04:19.035+0000] {logging_mixin.py:151} INFO - [2023-10-14T11:04:19.035+0000] {dag.py:2941} INFO - Sync 1 DAGs
[2023-10-14T11:04:19.048+0000] {logging_mixin.py:151} INFO - [2023-10-14T11:04:19.048+0000] {dag.py:3722} INFO - Setting next_dagrun for example_skip_dag to 2023-10-13T11:04:19.048310+00:00, run_after=2023-10-14T11:04:19.048310+00:00
[2023-10-14T11:04:19.065+0000] {processor.py:179} INFO - Processing /home/airflow/.local/lib/python3.8/site-packages/airflow/example_dags/example_skip_dag.py took 0.059 seconds
[2023-10-14T11:04:49.275+0000] {processor.py:157} INFO - Started process (PID=1090) to work on /home/airflow/.local/lib/python3.8/site-packages/airflow/example_dags/example_skip_dag.py
[2023-10-14T11:04:49.276+0000] {processor.py:829} INFO - Processing file /home/airflow/.local/lib/python3.8/site-packages/airflow/example_dags/example_skip_dag.py for tasks to queue
[2023-10-14T11:04:49.277+0000] {logging_mixin.py:151} INFO - [2023-10-14T11:04:49.277+0000] {dagbag.py:536} INFO - Filling up the DagBag from /home/airflow/.local/lib/python3.8/site-packages/airflow/example_dags/example_skip_dag.py
[2023-10-14T11:04:49.282+0000] {processor.py:839} INFO - DAG(s) dict_keys(['example_skip_dag']) retrieved from /home/airflow/.local/lib/python3.8/site-packages/airflow/example_dags/example_skip_dag.py
[2023-10-14T11:04:49.296+0000] {logging_mixin.py:151} INFO - [2023-10-14T11:04:49.296+0000] {dag.py:2941} INFO - Sync 1 DAGs
[2023-10-14T11:04:49.308+0000] {logging_mixin.py:151} INFO - [2023-10-14T11:04:49.308+0000] {dag.py:3722} INFO - Setting next_dagrun for example_skip_dag to 2023-10-13T11:04:49.308618+00:00, run_after=2023-10-14T11:04:49.308618+00:00
[2023-10-14T11:04:49.321+0000] {processor.py:179} INFO - Processing /home/airflow/.local/lib/python3.8/site-packages/airflow/example_dags/example_skip_dag.py took 0.047 seconds
[2023-10-14T11:05:19.568+0000] {processor.py:157} INFO - Started process (PID=1145) to work on /home/airflow/.local/lib/python3.8/site-packages/airflow/example_dags/example_skip_dag.py
[2023-10-14T11:05:19.568+0000] {processor.py:829} INFO - Processing file /home/airflow/.local/lib/python3.8/site-packages/airflow/example_dags/example_skip_dag.py for tasks to queue
[2023-10-14T11:05:19.570+0000] {logging_mixin.py:151} INFO - [2023-10-14T11:05:19.570+0000] {dagbag.py:536} INFO - Filling up the DagBag from /home/airflow/.local/lib/python3.8/site-packages/airflow/example_dags/example_skip_dag.py
[2023-10-14T11:05:19.574+0000] {processor.py:839} INFO - DAG(s) dict_keys(['example_skip_dag']) retrieved from /home/airflow/.local/lib/python3.8/site-packages/airflow/example_dags/example_skip_dag.py
[2023-10-14T11:05:19.587+0000] {logging_mixin.py:151} INFO - [2023-10-14T11:05:19.587+0000] {dag.py:2941} INFO - Sync 1 DAGs
[2023-10-14T11:05:19.601+0000] {logging_mixin.py:151} INFO - [2023-10-14T11:05:19.601+0000] {dag.py:3722} INFO - Setting next_dagrun for example_skip_dag to 2023-10-13T11:05:19.601535+00:00, run_after=2023-10-14T11:05:19.601535+00:00
[2023-10-14T11:05:19.611+0000] {processor.py:179} INFO - Processing /home/airflow/.local/lib/python3.8/site-packages/airflow/example_dags/example_skip_dag.py took 0.045 seconds
[2023-10-14T11:05:50.403+0000] {processor.py:157} INFO - Started process (PID=1200) to work on /home/airflow/.local/lib/python3.8/site-packages/airflow/example_dags/example_skip_dag.py
[2023-10-14T11:05:50.403+0000] {processor.py:829} INFO - Processing file /home/airflow/.local/lib/python3.8/site-packages/airflow/example_dags/example_skip_dag.py for tasks to queue
[2023-10-14T11:05:50.405+0000] {logging_mixin.py:151} INFO - [2023-10-14T11:05:50.405+0000] {dagbag.py:536} INFO - Filling up the DagBag from /home/airflow/.local/lib/python3.8/site-packages/airflow/example_dags/example_skip_dag.py
[2023-10-14T11:05:50.408+0000] {processor.py:839} INFO - DAG(s) dict_keys(['example_skip_dag']) retrieved from /home/airflow/.local/lib/python3.8/site-packages/airflow/example_dags/example_skip_dag.py
[2023-10-14T11:05:50.421+0000] {logging_mixin.py:151} INFO - [2023-10-14T11:05:50.421+0000] {dag.py:2941} INFO - Sync 1 DAGs
[2023-10-14T11:05:50.433+0000] {logging_mixin.py:151} INFO - [2023-10-14T11:05:50.432+0000] {dag.py:3722} INFO - Setting next_dagrun for example_skip_dag to 2023-10-13T11:05:50.432738+00:00, run_after=2023-10-14T11:05:50.432738+00:00
[2023-10-14T11:05:50.442+0000] {processor.py:179} INFO - Processing /home/airflow/.local/lib/python3.8/site-packages/airflow/example_dags/example_skip_dag.py took 0.041 seconds
[2023-10-14T11:06:20.842+0000] {processor.py:157} INFO - Started process (PID=1256) to work on /home/airflow/.local/lib/python3.8/site-packages/airflow/example_dags/example_skip_dag.py
[2023-10-14T11:06:20.843+0000] {processor.py:829} INFO - Processing file /home/airflow/.local/lib/python3.8/site-packages/airflow/example_dags/example_skip_dag.py for tasks to queue
[2023-10-14T11:06:20.844+0000] {logging_mixin.py:151} INFO - [2023-10-14T11:06:20.844+0000] {dagbag.py:536} INFO - Filling up the DagBag from /home/airflow/.local/lib/python3.8/site-packages/airflow/example_dags/example_skip_dag.py
[2023-10-14T11:06:20.848+0000] {processor.py:839} INFO - DAG(s) dict_keys(['example_skip_dag']) retrieved from /home/airflow/.local/lib/python3.8/site-packages/airflow/example_dags/example_skip_dag.py
[2023-10-14T11:06:20.861+0000] {logging_mixin.py:151} INFO - [2023-10-14T11:06:20.860+0000] {dag.py:2941} INFO - Sync 1 DAGs
[2023-10-14T11:06:20.871+0000] {logging_mixin.py:151} INFO - [2023-10-14T11:06:20.871+0000] {dag.py:3722} INFO - Setting next_dagrun for example_skip_dag to 2023-10-13T11:06:20.871573+00:00, run_after=2023-10-14T11:06:20.871573+00:00
[2023-10-14T11:06:20.880+0000] {processor.py:179} INFO - Processing /home/airflow/.local/lib/python3.8/site-packages/airflow/example_dags/example_skip_dag.py took 0.041 seconds
[2023-10-14T11:06:51.218+0000] {processor.py:157} INFO - Started process (PID=1311) to work on /home/airflow/.local/lib/python3.8/site-packages/airflow/example_dags/example_skip_dag.py
[2023-10-14T11:06:51.219+0000] {processor.py:829} INFO - Processing file /home/airflow/.local/lib/python3.8/site-packages/airflow/example_dags/example_skip_dag.py for tasks to queue
[2023-10-14T11:06:51.220+0000] {logging_mixin.py:151} INFO - [2023-10-14T11:06:51.220+0000] {dagbag.py:536} INFO - Filling up the DagBag from /home/airflow/.local/lib/python3.8/site-packages/airflow/example_dags/example_skip_dag.py
[2023-10-14T11:06:51.224+0000] {processor.py:839} INFO - DAG(s) dict_keys(['example_skip_dag']) retrieved from /home/airflow/.local/lib/python3.8/site-packages/airflow/example_dags/example_skip_dag.py
[2023-10-14T11:06:51.236+0000] {logging_mixin.py:151} INFO - [2023-10-14T11:06:51.236+0000] {dag.py:2941} INFO - Sync 1 DAGs
[2023-10-14T11:06:51.246+0000] {logging_mixin.py:151} INFO - [2023-10-14T11:06:51.246+0000] {dag.py:3722} INFO - Setting next_dagrun for example_skip_dag to 2023-10-13T11:06:51.246706+00:00, run_after=2023-10-14T11:06:51.246706+00:00
[2023-10-14T11:06:51.255+0000] {processor.py:179} INFO - Processing /home/airflow/.local/lib/python3.8/site-packages/airflow/example_dags/example_skip_dag.py took 0.039 seconds
[2023-10-14T11:07:23.846+0000] {processor.py:157} INFO - Started process (PID=1370) to work on /home/airflow/.local/lib/python3.8/site-packages/airflow/example_dags/example_skip_dag.py
[2023-10-14T11:07:23.850+0000] {processor.py:829} INFO - Processing file /home/airflow/.local/lib/python3.8/site-packages/airflow/example_dags/example_skip_dag.py for tasks to queue
[2023-10-14T11:07:23.865+0000] {logging_mixin.py:151} INFO - [2023-10-14T11:07:23.864+0000] {dagbag.py:536} INFO - Filling up the DagBag from /home/airflow/.local/lib/python3.8/site-packages/airflow/example_dags/example_skip_dag.py
[2023-10-14T11:07:23.893+0000] {processor.py:839} INFO - DAG(s) dict_keys(['example_skip_dag']) retrieved from /home/airflow/.local/lib/python3.8/site-packages/airflow/example_dags/example_skip_dag.py
[2023-10-14T11:07:24.076+0000] {logging_mixin.py:151} INFO - [2023-10-14T11:07:24.075+0000] {dag.py:2941} INFO - Sync 1 DAGs
[2023-10-14T11:07:24.136+0000] {logging_mixin.py:151} INFO - [2023-10-14T11:07:24.136+0000] {dag.py:3722} INFO - Setting next_dagrun for example_skip_dag to 2023-10-13T11:07:24.135748+00:00, run_after=2023-10-14T11:07:24.135748+00:00
[2023-10-14T11:07:24.184+0000] {processor.py:179} INFO - Processing /home/airflow/.local/lib/python3.8/site-packages/airflow/example_dags/example_skip_dag.py took 0.351 seconds
[2023-10-14T11:07:54.350+0000] {processor.py:157} INFO - Started process (PID=1425) to work on /home/airflow/.local/lib/python3.8/site-packages/airflow/example_dags/example_skip_dag.py
[2023-10-14T11:07:54.351+0000] {processor.py:829} INFO - Processing file /home/airflow/.local/lib/python3.8/site-packages/airflow/example_dags/example_skip_dag.py for tasks to queue
[2023-10-14T11:07:54.352+0000] {logging_mixin.py:151} INFO - [2023-10-14T11:07:54.352+0000] {dagbag.py:536} INFO - Filling up the DagBag from /home/airflow/.local/lib/python3.8/site-packages/airflow/example_dags/example_skip_dag.py
[2023-10-14T11:07:54.357+0000] {processor.py:839} INFO - DAG(s) dict_keys(['example_skip_dag']) retrieved from /home/airflow/.local/lib/python3.8/site-packages/airflow/example_dags/example_skip_dag.py
[2023-10-14T11:07:54.370+0000] {logging_mixin.py:151} INFO - [2023-10-14T11:07:54.369+0000] {dag.py:2941} INFO - Sync 1 DAGs
[2023-10-14T11:07:54.381+0000] {logging_mixin.py:151} INFO - [2023-10-14T11:07:54.381+0000] {dag.py:3722} INFO - Setting next_dagrun for example_skip_dag to 2023-10-13T11:07:54.380887+00:00, run_after=2023-10-14T11:07:54.380887+00:00
[2023-10-14T11:07:54.392+0000] {processor.py:179} INFO - Processing /home/airflow/.local/lib/python3.8/site-packages/airflow/example_dags/example_skip_dag.py took 0.045 seconds
[2023-10-14T11:08:25.054+0000] {processor.py:157} INFO - Started process (PID=1480) to work on /home/airflow/.local/lib/python3.8/site-packages/airflow/example_dags/example_skip_dag.py
[2023-10-14T11:08:25.055+0000] {processor.py:829} INFO - Processing file /home/airflow/.local/lib/python3.8/site-packages/airflow/example_dags/example_skip_dag.py for tasks to queue
[2023-10-14T11:08:25.057+0000] {logging_mixin.py:151} INFO - [2023-10-14T11:08:25.057+0000] {dagbag.py:536} INFO - Filling up the DagBag from /home/airflow/.local/lib/python3.8/site-packages/airflow/example_dags/example_skip_dag.py
[2023-10-14T11:08:25.062+0000] {processor.py:839} INFO - DAG(s) dict_keys(['example_skip_dag']) retrieved from /home/airflow/.local/lib/python3.8/site-packages/airflow/example_dags/example_skip_dag.py
[2023-10-14T11:08:25.077+0000] {logging_mixin.py:151} INFO - [2023-10-14T11:08:25.076+0000] {dag.py:2941} INFO - Sync 1 DAGs
[2023-10-14T11:08:25.089+0000] {logging_mixin.py:151} INFO - [2023-10-14T11:08:25.089+0000] {dag.py:3722} INFO - Setting next_dagrun for example_skip_dag to 2023-10-13T11:08:25.089225+00:00, run_after=2023-10-14T11:08:25.089225+00:00
[2023-10-14T11:08:25.099+0000] {processor.py:179} INFO - Processing /home/airflow/.local/lib/python3.8/site-packages/airflow/example_dags/example_skip_dag.py took 0.047 seconds
[2023-10-14T11:08:55.723+0000] {processor.py:157} INFO - Started process (PID=1535) to work on /home/airflow/.local/lib/python3.8/site-packages/airflow/example_dags/example_skip_dag.py
[2023-10-14T11:08:55.724+0000] {processor.py:829} INFO - Processing file /home/airflow/.local/lib/python3.8/site-packages/airflow/example_dags/example_skip_dag.py for tasks to queue
[2023-10-14T11:08:55.726+0000] {logging_mixin.py:151} INFO - [2023-10-14T11:08:55.725+0000] {dagbag.py:536} INFO - Filling up the DagBag from /home/airflow/.local/lib/python3.8/site-packages/airflow/example_dags/example_skip_dag.py
[2023-10-14T11:08:55.730+0000] {processor.py:839} INFO - DAG(s) dict_keys(['example_skip_dag']) retrieved from /home/airflow/.local/lib/python3.8/site-packages/airflow/example_dags/example_skip_dag.py
[2023-10-14T11:08:55.745+0000] {logging_mixin.py:151} INFO - [2023-10-14T11:08:55.745+0000] {dag.py:2941} INFO - Sync 1 DAGs
[2023-10-14T11:08:55.759+0000] {logging_mixin.py:151} INFO - [2023-10-14T11:08:55.759+0000] {dag.py:3722} INFO - Setting next_dagrun for example_skip_dag to 2023-10-13T11:08:55.758844+00:00, run_after=2023-10-14T11:08:55.758844+00:00
[2023-10-14T11:08:55.770+0000] {processor.py:179} INFO - Processing /home/airflow/.local/lib/python3.8/site-packages/airflow/example_dags/example_skip_dag.py took 0.050 seconds
[2023-10-14T11:09:26.650+0000] {processor.py:157} INFO - Started process (PID=1588) to work on /home/airflow/.local/lib/python3.8/site-packages/airflow/example_dags/example_skip_dag.py
[2023-10-14T11:09:26.651+0000] {processor.py:829} INFO - Processing file /home/airflow/.local/lib/python3.8/site-packages/airflow/example_dags/example_skip_dag.py for tasks to queue
[2023-10-14T11:09:26.652+0000] {logging_mixin.py:151} INFO - [2023-10-14T11:09:26.652+0000] {dagbag.py:536} INFO - Filling up the DagBag from /home/airflow/.local/lib/python3.8/site-packages/airflow/example_dags/example_skip_dag.py
[2023-10-14T11:09:26.657+0000] {processor.py:839} INFO - DAG(s) dict_keys(['example_skip_dag']) retrieved from /home/airflow/.local/lib/python3.8/site-packages/airflow/example_dags/example_skip_dag.py
[2023-10-14T11:09:26.671+0000] {logging_mixin.py:151} INFO - [2023-10-14T11:09:26.671+0000] {dag.py:2941} INFO - Sync 1 DAGs
[2023-10-14T11:09:26.684+0000] {logging_mixin.py:151} INFO - [2023-10-14T11:09:26.683+0000] {dag.py:3722} INFO - Setting next_dagrun for example_skip_dag to 2023-10-13T11:09:26.683749+00:00, run_after=2023-10-14T11:09:26.683749+00:00
[2023-10-14T11:09:26.694+0000] {processor.py:179} INFO - Processing /home/airflow/.local/lib/python3.8/site-packages/airflow/example_dags/example_skip_dag.py took 0.046 seconds
