[2023-10-14T10:55:13.179+0000] {processor.py:157} INFO - Started process (PID=42) to work on /home/airflow/.local/lib/python3.8/site-packages/airflow/example_dags/tutorial.py
[2023-10-14T10:55:13.189+0000] {processor.py:829} INFO - Processing file /home/airflow/.local/lib/python3.8/site-packages/airflow/example_dags/tutorial.py for tasks to queue
[2023-10-14T10:55:13.207+0000] {logging_mixin.py:151} INFO - [2023-10-14T10:55:13.202+0000] {dagbag.py:536} INFO - Filling up the DagBag from /home/airflow/.local/lib/python3.8/site-packages/airflow/example_dags/tutorial.py
[2023-10-14T10:55:13.228+0000] {processor.py:839} INFO - DAG(s) dict_keys(['tutorial']) retrieved from /home/airflow/.local/lib/python3.8/site-packages/airflow/example_dags/tutorial.py
[2023-10-14T10:55:13.268+0000] {logging_mixin.py:151} INFO - [2023-10-14T10:55:13.267+0000] {dag.py:2941} INFO - Sync 1 DAGs
[2023-10-14T10:55:13.337+0000] {logging_mixin.py:151} INFO - [2023-10-14T10:55:13.337+0000] {dag.py:3722} INFO - Setting next_dagrun for tutorial to 2023-10-13T10:55:13.337215+00:00, run_after=2023-10-14T10:55:13.337215+00:00
[2023-10-14T10:55:13.368+0000] {processor.py:179} INFO - Processing /home/airflow/.local/lib/python3.8/site-packages/airflow/example_dags/tutorial.py took 0.206 seconds
[2023-10-14T10:55:44.028+0000] {processor.py:157} INFO - Started process (PID=97) to work on /home/airflow/.local/lib/python3.8/site-packages/airflow/example_dags/tutorial.py
[2023-10-14T10:55:44.028+0000] {processor.py:829} INFO - Processing file /home/airflow/.local/lib/python3.8/site-packages/airflow/example_dags/tutorial.py for tasks to queue
[2023-10-14T10:55:44.030+0000] {logging_mixin.py:151} INFO - [2023-10-14T10:55:44.030+0000] {dagbag.py:536} INFO - Filling up the DagBag from /home/airflow/.local/lib/python3.8/site-packages/airflow/example_dags/tutorial.py
[2023-10-14T10:55:44.034+0000] {processor.py:839} INFO - DAG(s) dict_keys(['tutorial']) retrieved from /home/airflow/.local/lib/python3.8/site-packages/airflow/example_dags/tutorial.py
[2023-10-14T10:55:44.049+0000] {logging_mixin.py:151} INFO - [2023-10-14T10:55:44.049+0000] {dag.py:2941} INFO - Sync 1 DAGs
[2023-10-14T10:55:44.060+0000] {logging_mixin.py:151} INFO - [2023-10-14T10:55:44.060+0000] {dag.py:3722} INFO - Setting next_dagrun for tutorial to 2023-10-13T10:55:44.060296+00:00, run_after=2023-10-14T10:55:44.060296+00:00
[2023-10-14T10:55:44.069+0000] {processor.py:179} INFO - Processing /home/airflow/.local/lib/python3.8/site-packages/airflow/example_dags/tutorial.py took 0.043 seconds
[2023-10-14T10:56:14.611+0000] {processor.py:157} INFO - Started process (PID=152) to work on /home/airflow/.local/lib/python3.8/site-packages/airflow/example_dags/tutorial.py
[2023-10-14T10:56:14.612+0000] {processor.py:829} INFO - Processing file /home/airflow/.local/lib/python3.8/site-packages/airflow/example_dags/tutorial.py for tasks to queue
[2023-10-14T10:56:14.614+0000] {logging_mixin.py:151} INFO - [2023-10-14T10:56:14.614+0000] {dagbag.py:536} INFO - Filling up the DagBag from /home/airflow/.local/lib/python3.8/site-packages/airflow/example_dags/tutorial.py
[2023-10-14T10:56:14.618+0000] {processor.py:839} INFO - DAG(s) dict_keys(['tutorial']) retrieved from /home/airflow/.local/lib/python3.8/site-packages/airflow/example_dags/tutorial.py
[2023-10-14T10:56:14.630+0000] {logging_mixin.py:151} INFO - [2023-10-14T10:56:14.630+0000] {dag.py:2941} INFO - Sync 1 DAGs
[2023-10-14T10:56:14.641+0000] {logging_mixin.py:151} INFO - [2023-10-14T10:56:14.640+0000] {dag.py:3722} INFO - Setting next_dagrun for tutorial to 2023-10-13T10:56:14.640788+00:00, run_after=2023-10-14T10:56:14.640788+00:00
[2023-10-14T10:56:14.649+0000] {processor.py:179} INFO - Processing /home/airflow/.local/lib/python3.8/site-packages/airflow/example_dags/tutorial.py took 0.040 seconds
[2023-10-14T10:56:44.886+0000] {processor.py:157} INFO - Started process (PID=207) to work on /home/airflow/.local/lib/python3.8/site-packages/airflow/example_dags/tutorial.py
[2023-10-14T10:56:44.887+0000] {processor.py:829} INFO - Processing file /home/airflow/.local/lib/python3.8/site-packages/airflow/example_dags/tutorial.py for tasks to queue
[2023-10-14T10:56:44.889+0000] {logging_mixin.py:151} INFO - [2023-10-14T10:56:44.889+0000] {dagbag.py:536} INFO - Filling up the DagBag from /home/airflow/.local/lib/python3.8/site-packages/airflow/example_dags/tutorial.py
[2023-10-14T10:56:44.897+0000] {processor.py:839} INFO - DAG(s) dict_keys(['tutorial']) retrieved from /home/airflow/.local/lib/python3.8/site-packages/airflow/example_dags/tutorial.py
[2023-10-14T10:56:44.912+0000] {logging_mixin.py:151} INFO - [2023-10-14T10:56:44.912+0000] {dag.py:2941} INFO - Sync 1 DAGs
[2023-10-14T10:56:44.925+0000] {logging_mixin.py:151} INFO - [2023-10-14T10:56:44.925+0000] {dag.py:3722} INFO - Setting next_dagrun for tutorial to 2023-10-13T10:56:44.925333+00:00, run_after=2023-10-14T10:56:44.925333+00:00
[2023-10-14T10:56:44.935+0000] {processor.py:179} INFO - Processing /home/airflow/.local/lib/python3.8/site-packages/airflow/example_dags/tutorial.py took 0.051 seconds
[2023-10-14T10:57:15.223+0000] {processor.py:157} INFO - Started process (PID=262) to work on /home/airflow/.local/lib/python3.8/site-packages/airflow/example_dags/tutorial.py
[2023-10-14T10:57:15.224+0000] {processor.py:829} INFO - Processing file /home/airflow/.local/lib/python3.8/site-packages/airflow/example_dags/tutorial.py for tasks to queue
[2023-10-14T10:57:15.225+0000] {logging_mixin.py:151} INFO - [2023-10-14T10:57:15.225+0000] {dagbag.py:536} INFO - Filling up the DagBag from /home/airflow/.local/lib/python3.8/site-packages/airflow/example_dags/tutorial.py
[2023-10-14T10:57:15.229+0000] {processor.py:839} INFO - DAG(s) dict_keys(['tutorial']) retrieved from /home/airflow/.local/lib/python3.8/site-packages/airflow/example_dags/tutorial.py
[2023-10-14T10:57:15.241+0000] {logging_mixin.py:151} INFO - [2023-10-14T10:57:15.241+0000] {dag.py:2941} INFO - Sync 1 DAGs
[2023-10-14T10:57:15.251+0000] {logging_mixin.py:151} INFO - [2023-10-14T10:57:15.251+0000] {dag.py:3722} INFO - Setting next_dagrun for tutorial to 2023-10-13T10:57:15.251640+00:00, run_after=2023-10-14T10:57:15.251640+00:00
[2023-10-14T10:57:15.259+0000] {processor.py:179} INFO - Processing /home/airflow/.local/lib/python3.8/site-packages/airflow/example_dags/tutorial.py took 0.038 seconds
[2023-10-14T10:57:45.498+0000] {processor.py:157} INFO - Started process (PID=317) to work on /home/airflow/.local/lib/python3.8/site-packages/airflow/example_dags/tutorial.py
[2023-10-14T10:57:45.499+0000] {processor.py:829} INFO - Processing file /home/airflow/.local/lib/python3.8/site-packages/airflow/example_dags/tutorial.py for tasks to queue
[2023-10-14T10:57:45.500+0000] {logging_mixin.py:151} INFO - [2023-10-14T10:57:45.500+0000] {dagbag.py:536} INFO - Filling up the DagBag from /home/airflow/.local/lib/python3.8/site-packages/airflow/example_dags/tutorial.py
[2023-10-14T10:57:45.504+0000] {processor.py:839} INFO - DAG(s) dict_keys(['tutorial']) retrieved from /home/airflow/.local/lib/python3.8/site-packages/airflow/example_dags/tutorial.py
[2023-10-14T10:57:45.517+0000] {logging_mixin.py:151} INFO - [2023-10-14T10:57:45.517+0000] {dag.py:2941} INFO - Sync 1 DAGs
[2023-10-14T10:57:45.528+0000] {logging_mixin.py:151} INFO - [2023-10-14T10:57:45.528+0000] {dag.py:3722} INFO - Setting next_dagrun for tutorial to 2023-10-13T10:57:45.527840+00:00, run_after=2023-10-14T10:57:45.527840+00:00
[2023-10-14T10:57:45.536+0000] {processor.py:179} INFO - Processing /home/airflow/.local/lib/python3.8/site-packages/airflow/example_dags/tutorial.py took 0.041 seconds
[2023-10-14T10:58:16.001+0000] {processor.py:157} INFO - Started process (PID=373) to work on /home/airflow/.local/lib/python3.8/site-packages/airflow/example_dags/tutorial.py
[2023-10-14T10:58:16.001+0000] {processor.py:829} INFO - Processing file /home/airflow/.local/lib/python3.8/site-packages/airflow/example_dags/tutorial.py for tasks to queue
[2023-10-14T10:58:16.003+0000] {logging_mixin.py:151} INFO - [2023-10-14T10:58:16.003+0000] {dagbag.py:536} INFO - Filling up the DagBag from /home/airflow/.local/lib/python3.8/site-packages/airflow/example_dags/tutorial.py
[2023-10-14T10:58:16.007+0000] {processor.py:839} INFO - DAG(s) dict_keys(['tutorial']) retrieved from /home/airflow/.local/lib/python3.8/site-packages/airflow/example_dags/tutorial.py
[2023-10-14T10:58:16.019+0000] {logging_mixin.py:151} INFO - [2023-10-14T10:58:16.019+0000] {dag.py:2941} INFO - Sync 1 DAGs
[2023-10-14T10:58:16.029+0000] {logging_mixin.py:151} INFO - [2023-10-14T10:58:16.029+0000] {dag.py:3722} INFO - Setting next_dagrun for tutorial to 2023-10-13T10:58:16.029221+00:00, run_after=2023-10-14T10:58:16.029221+00:00
[2023-10-14T10:58:16.037+0000] {processor.py:179} INFO - Processing /home/airflow/.local/lib/python3.8/site-packages/airflow/example_dags/tutorial.py took 0.039 seconds
[2023-10-14T10:58:46.304+0000] {processor.py:157} INFO - Started process (PID=428) to work on /home/airflow/.local/lib/python3.8/site-packages/airflow/example_dags/tutorial.py
[2023-10-14T10:58:46.305+0000] {processor.py:829} INFO - Processing file /home/airflow/.local/lib/python3.8/site-packages/airflow/example_dags/tutorial.py for tasks to queue
[2023-10-14T10:58:46.307+0000] {logging_mixin.py:151} INFO - [2023-10-14T10:58:46.306+0000] {dagbag.py:536} INFO - Filling up the DagBag from /home/airflow/.local/lib/python3.8/site-packages/airflow/example_dags/tutorial.py
[2023-10-14T10:58:46.310+0000] {processor.py:839} INFO - DAG(s) dict_keys(['tutorial']) retrieved from /home/airflow/.local/lib/python3.8/site-packages/airflow/example_dags/tutorial.py
[2023-10-14T10:58:46.322+0000] {logging_mixin.py:151} INFO - [2023-10-14T10:58:46.322+0000] {dag.py:2941} INFO - Sync 1 DAGs
[2023-10-14T10:58:46.332+0000] {logging_mixin.py:151} INFO - [2023-10-14T10:58:46.332+0000] {dag.py:3722} INFO - Setting next_dagrun for tutorial to 2023-10-13T10:58:46.332153+00:00, run_after=2023-10-14T10:58:46.332153+00:00
[2023-10-14T10:58:46.340+0000] {processor.py:179} INFO - Processing /home/airflow/.local/lib/python3.8/site-packages/airflow/example_dags/tutorial.py took 0.038 seconds
[2023-10-14T10:59:16.607+0000] {processor.py:157} INFO - Started process (PID=482) to work on /home/airflow/.local/lib/python3.8/site-packages/airflow/example_dags/tutorial.py
[2023-10-14T10:59:16.607+0000] {processor.py:829} INFO - Processing file /home/airflow/.local/lib/python3.8/site-packages/airflow/example_dags/tutorial.py for tasks to queue
[2023-10-14T10:59:16.609+0000] {logging_mixin.py:151} INFO - [2023-10-14T10:59:16.608+0000] {dagbag.py:536} INFO - Filling up the DagBag from /home/airflow/.local/lib/python3.8/site-packages/airflow/example_dags/tutorial.py
[2023-10-14T10:59:16.613+0000] {processor.py:839} INFO - DAG(s) dict_keys(['tutorial']) retrieved from /home/airflow/.local/lib/python3.8/site-packages/airflow/example_dags/tutorial.py
[2023-10-14T10:59:16.624+0000] {logging_mixin.py:151} INFO - [2023-10-14T10:59:16.624+0000] {dag.py:2941} INFO - Sync 1 DAGs
[2023-10-14T10:59:16.635+0000] {logging_mixin.py:151} INFO - [2023-10-14T10:59:16.635+0000] {dag.py:3722} INFO - Setting next_dagrun for tutorial to 2023-10-13T10:59:16.635345+00:00, run_after=2023-10-14T10:59:16.635345+00:00
[2023-10-14T10:59:16.644+0000] {processor.py:179} INFO - Processing /home/airflow/.local/lib/python3.8/site-packages/airflow/example_dags/tutorial.py took 0.039 seconds
[2023-10-14T10:59:46.691+0000] {processor.py:157} INFO - Started process (PID=538) to work on /home/airflow/.local/lib/python3.8/site-packages/airflow/example_dags/tutorial.py
[2023-10-14T10:59:46.692+0000] {processor.py:829} INFO - Processing file /home/airflow/.local/lib/python3.8/site-packages/airflow/example_dags/tutorial.py for tasks to queue
[2023-10-14T10:59:46.694+0000] {logging_mixin.py:151} INFO - [2023-10-14T10:59:46.693+0000] {dagbag.py:536} INFO - Filling up the DagBag from /home/airflow/.local/lib/python3.8/site-packages/airflow/example_dags/tutorial.py
[2023-10-14T10:59:46.697+0000] {processor.py:839} INFO - DAG(s) dict_keys(['tutorial']) retrieved from /home/airflow/.local/lib/python3.8/site-packages/airflow/example_dags/tutorial.py
[2023-10-14T10:59:46.712+0000] {logging_mixin.py:151} INFO - [2023-10-14T10:59:46.712+0000] {dag.py:2941} INFO - Sync 1 DAGs
[2023-10-14T10:59:46.723+0000] {logging_mixin.py:151} INFO - [2023-10-14T10:59:46.723+0000] {dag.py:3722} INFO - Setting next_dagrun for tutorial to 2023-10-13T10:59:46.723424+00:00, run_after=2023-10-14T10:59:46.723424+00:00
[2023-10-14T10:59:46.733+0000] {processor.py:179} INFO - Processing /home/airflow/.local/lib/python3.8/site-packages/airflow/example_dags/tutorial.py took 0.045 seconds
[2023-10-14T11:00:16.904+0000] {processor.py:157} INFO - Started process (PID=593) to work on /home/airflow/.local/lib/python3.8/site-packages/airflow/example_dags/tutorial.py
[2023-10-14T11:00:16.905+0000] {processor.py:829} INFO - Processing file /home/airflow/.local/lib/python3.8/site-packages/airflow/example_dags/tutorial.py for tasks to queue
[2023-10-14T11:00:16.907+0000] {logging_mixin.py:151} INFO - [2023-10-14T11:00:16.907+0000] {dagbag.py:536} INFO - Filling up the DagBag from /home/airflow/.local/lib/python3.8/site-packages/airflow/example_dags/tutorial.py
[2023-10-14T11:00:16.911+0000] {processor.py:839} INFO - DAG(s) dict_keys(['tutorial']) retrieved from /home/airflow/.local/lib/python3.8/site-packages/airflow/example_dags/tutorial.py
[2023-10-14T11:00:16.926+0000] {logging_mixin.py:151} INFO - [2023-10-14T11:00:16.926+0000] {dag.py:2941} INFO - Sync 1 DAGs
[2023-10-14T11:00:16.944+0000] {logging_mixin.py:151} INFO - [2023-10-14T11:00:16.943+0000] {dag.py:3722} INFO - Setting next_dagrun for tutorial to 2023-10-13T11:00:16.943659+00:00, run_after=2023-10-14T11:00:16.943659+00:00
[2023-10-14T11:00:16.957+0000] {processor.py:179} INFO - Processing /home/airflow/.local/lib/python3.8/site-packages/airflow/example_dags/tutorial.py took 0.056 seconds
[2023-10-14T11:00:47.073+0000] {processor.py:157} INFO - Started process (PID=648) to work on /home/airflow/.local/lib/python3.8/site-packages/airflow/example_dags/tutorial.py
[2023-10-14T11:00:47.074+0000] {processor.py:829} INFO - Processing file /home/airflow/.local/lib/python3.8/site-packages/airflow/example_dags/tutorial.py for tasks to queue
[2023-10-14T11:00:47.076+0000] {logging_mixin.py:151} INFO - [2023-10-14T11:00:47.076+0000] {dagbag.py:536} INFO - Filling up the DagBag from /home/airflow/.local/lib/python3.8/site-packages/airflow/example_dags/tutorial.py
[2023-10-14T11:00:47.080+0000] {processor.py:839} INFO - DAG(s) dict_keys(['tutorial']) retrieved from /home/airflow/.local/lib/python3.8/site-packages/airflow/example_dags/tutorial.py
[2023-10-14T11:00:47.092+0000] {logging_mixin.py:151} INFO - [2023-10-14T11:00:47.092+0000] {dag.py:2941} INFO - Sync 1 DAGs
[2023-10-14T11:00:47.103+0000] {logging_mixin.py:151} INFO - [2023-10-14T11:00:47.103+0000] {dag.py:3722} INFO - Setting next_dagrun for tutorial to 2023-10-13T11:00:47.103024+00:00, run_after=2023-10-14T11:00:47.103024+00:00
[2023-10-14T11:00:47.111+0000] {processor.py:179} INFO - Processing /home/airflow/.local/lib/python3.8/site-packages/airflow/example_dags/tutorial.py took 0.040 seconds
[2023-10-14T11:01:17.474+0000] {processor.py:157} INFO - Started process (PID=703) to work on /home/airflow/.local/lib/python3.8/site-packages/airflow/example_dags/tutorial.py
[2023-10-14T11:01:17.475+0000] {processor.py:829} INFO - Processing file /home/airflow/.local/lib/python3.8/site-packages/airflow/example_dags/tutorial.py for tasks to queue
[2023-10-14T11:01:17.477+0000] {logging_mixin.py:151} INFO - [2023-10-14T11:01:17.477+0000] {dagbag.py:536} INFO - Filling up the DagBag from /home/airflow/.local/lib/python3.8/site-packages/airflow/example_dags/tutorial.py
[2023-10-14T11:01:17.481+0000] {processor.py:839} INFO - DAG(s) dict_keys(['tutorial']) retrieved from /home/airflow/.local/lib/python3.8/site-packages/airflow/example_dags/tutorial.py
[2023-10-14T11:01:17.493+0000] {logging_mixin.py:151} INFO - [2023-10-14T11:01:17.493+0000] {dag.py:2941} INFO - Sync 1 DAGs
[2023-10-14T11:01:17.504+0000] {logging_mixin.py:151} INFO - [2023-10-14T11:01:17.504+0000] {dag.py:3722} INFO - Setting next_dagrun for tutorial to 2023-10-13T11:01:17.504582+00:00, run_after=2023-10-14T11:01:17.504582+00:00
[2023-10-14T11:01:17.514+0000] {processor.py:179} INFO - Processing /home/airflow/.local/lib/python3.8/site-packages/airflow/example_dags/tutorial.py took 0.041 seconds
[2023-10-14T11:01:47.717+0000] {processor.py:157} INFO - Started process (PID=759) to work on /home/airflow/.local/lib/python3.8/site-packages/airflow/example_dags/tutorial.py
[2023-10-14T11:01:47.717+0000] {processor.py:829} INFO - Processing file /home/airflow/.local/lib/python3.8/site-packages/airflow/example_dags/tutorial.py for tasks to queue
[2023-10-14T11:01:47.719+0000] {logging_mixin.py:151} INFO - [2023-10-14T11:01:47.719+0000] {dagbag.py:536} INFO - Filling up the DagBag from /home/airflow/.local/lib/python3.8/site-packages/airflow/example_dags/tutorial.py
[2023-10-14T11:01:47.723+0000] {processor.py:839} INFO - DAG(s) dict_keys(['tutorial']) retrieved from /home/airflow/.local/lib/python3.8/site-packages/airflow/example_dags/tutorial.py
[2023-10-14T11:01:47.736+0000] {logging_mixin.py:151} INFO - [2023-10-14T11:01:47.736+0000] {dag.py:2941} INFO - Sync 1 DAGs
[2023-10-14T11:01:47.747+0000] {logging_mixin.py:151} INFO - [2023-10-14T11:01:47.747+0000] {dag.py:3722} INFO - Setting next_dagrun for tutorial to 2023-10-13T11:01:47.746970+00:00, run_after=2023-10-14T11:01:47.746970+00:00
[2023-10-14T11:01:47.756+0000] {processor.py:179} INFO - Processing /home/airflow/.local/lib/python3.8/site-packages/airflow/example_dags/tutorial.py took 0.042 seconds
[2023-10-14T11:02:18.332+0000] {processor.py:157} INFO - Started process (PID=816) to work on /home/airflow/.local/lib/python3.8/site-packages/airflow/example_dags/tutorial.py
[2023-10-14T11:02:18.333+0000] {processor.py:829} INFO - Processing file /home/airflow/.local/lib/python3.8/site-packages/airflow/example_dags/tutorial.py for tasks to queue
[2023-10-14T11:02:18.335+0000] {logging_mixin.py:151} INFO - [2023-10-14T11:02:18.335+0000] {dagbag.py:536} INFO - Filling up the DagBag from /home/airflow/.local/lib/python3.8/site-packages/airflow/example_dags/tutorial.py
[2023-10-14T11:02:18.340+0000] {processor.py:839} INFO - DAG(s) dict_keys(['tutorial']) retrieved from /home/airflow/.local/lib/python3.8/site-packages/airflow/example_dags/tutorial.py
[2023-10-14T11:02:18.356+0000] {logging_mixin.py:151} INFO - [2023-10-14T11:02:18.356+0000] {dag.py:2941} INFO - Sync 1 DAGs
[2023-10-14T11:02:18.370+0000] {logging_mixin.py:151} INFO - [2023-10-14T11:02:18.370+0000] {dag.py:3722} INFO - Setting next_dagrun for tutorial to 2023-10-13T11:02:18.369876+00:00, run_after=2023-10-14T11:02:18.369876+00:00
[2023-10-14T11:02:18.382+0000] {processor.py:179} INFO - Processing /home/airflow/.local/lib/python3.8/site-packages/airflow/example_dags/tutorial.py took 0.053 seconds
[2023-10-14T11:02:48.732+0000] {processor.py:157} INFO - Started process (PID=871) to work on /home/airflow/.local/lib/python3.8/site-packages/airflow/example_dags/tutorial.py
[2023-10-14T11:02:48.733+0000] {processor.py:829} INFO - Processing file /home/airflow/.local/lib/python3.8/site-packages/airflow/example_dags/tutorial.py for tasks to queue
[2023-10-14T11:02:48.735+0000] {logging_mixin.py:151} INFO - [2023-10-14T11:02:48.735+0000] {dagbag.py:536} INFO - Filling up the DagBag from /home/airflow/.local/lib/python3.8/site-packages/airflow/example_dags/tutorial.py
[2023-10-14T11:02:48.739+0000] {processor.py:839} INFO - DAG(s) dict_keys(['tutorial']) retrieved from /home/airflow/.local/lib/python3.8/site-packages/airflow/example_dags/tutorial.py
[2023-10-14T11:02:48.755+0000] {logging_mixin.py:151} INFO - [2023-10-14T11:02:48.755+0000] {dag.py:2941} INFO - Sync 1 DAGs
[2023-10-14T11:02:48.769+0000] {logging_mixin.py:151} INFO - [2023-10-14T11:02:48.769+0000] {dag.py:3722} INFO - Setting next_dagrun for tutorial to 2023-10-13T11:02:48.769255+00:00, run_after=2023-10-14T11:02:48.769255+00:00
[2023-10-14T11:02:48.779+0000] {processor.py:179} INFO - Processing /home/airflow/.local/lib/python3.8/site-packages/airflow/example_dags/tutorial.py took 0.049 seconds
[2023-10-14T11:03:19.155+0000] {processor.py:157} INFO - Started process (PID=927) to work on /home/airflow/.local/lib/python3.8/site-packages/airflow/example_dags/tutorial.py
[2023-10-14T11:03:19.155+0000] {processor.py:829} INFO - Processing file /home/airflow/.local/lib/python3.8/site-packages/airflow/example_dags/tutorial.py for tasks to queue
[2023-10-14T11:03:19.157+0000] {logging_mixin.py:151} INFO - [2023-10-14T11:03:19.157+0000] {dagbag.py:536} INFO - Filling up the DagBag from /home/airflow/.local/lib/python3.8/site-packages/airflow/example_dags/tutorial.py
[2023-10-14T11:03:19.160+0000] {processor.py:839} INFO - DAG(s) dict_keys(['tutorial']) retrieved from /home/airflow/.local/lib/python3.8/site-packages/airflow/example_dags/tutorial.py
[2023-10-14T11:03:19.172+0000] {logging_mixin.py:151} INFO - [2023-10-14T11:03:19.172+0000] {dag.py:2941} INFO - Sync 1 DAGs
[2023-10-14T11:03:19.182+0000] {logging_mixin.py:151} INFO - [2023-10-14T11:03:19.182+0000] {dag.py:3722} INFO - Setting next_dagrun for tutorial to 2023-10-13T11:03:19.182128+00:00, run_after=2023-10-14T11:03:19.182128+00:00
[2023-10-14T11:03:19.190+0000] {processor.py:179} INFO - Processing /home/airflow/.local/lib/python3.8/site-packages/airflow/example_dags/tutorial.py took 0.038 seconds
[2023-10-14T11:03:49.535+0000] {processor.py:157} INFO - Started process (PID=982) to work on /home/airflow/.local/lib/python3.8/site-packages/airflow/example_dags/tutorial.py
[2023-10-14T11:03:49.536+0000] {processor.py:829} INFO - Processing file /home/airflow/.local/lib/python3.8/site-packages/airflow/example_dags/tutorial.py for tasks to queue
[2023-10-14T11:03:49.537+0000] {logging_mixin.py:151} INFO - [2023-10-14T11:03:49.537+0000] {dagbag.py:536} INFO - Filling up the DagBag from /home/airflow/.local/lib/python3.8/site-packages/airflow/example_dags/tutorial.py
[2023-10-14T11:03:49.541+0000] {processor.py:839} INFO - DAG(s) dict_keys(['tutorial']) retrieved from /home/airflow/.local/lib/python3.8/site-packages/airflow/example_dags/tutorial.py
[2023-10-14T11:03:49.552+0000] {logging_mixin.py:151} INFO - [2023-10-14T11:03:49.552+0000] {dag.py:2941} INFO - Sync 1 DAGs
[2023-10-14T11:03:49.562+0000] {logging_mixin.py:151} INFO - [2023-10-14T11:03:49.562+0000] {dag.py:3722} INFO - Setting next_dagrun for tutorial to 2023-10-13T11:03:49.562689+00:00, run_after=2023-10-14T11:03:49.562689+00:00
[2023-10-14T11:03:49.570+0000] {processor.py:179} INFO - Processing /home/airflow/.local/lib/python3.8/site-packages/airflow/example_dags/tutorial.py took 0.038 seconds
[2023-10-14T11:04:20.131+0000] {processor.py:157} INFO - Started process (PID=1038) to work on /home/airflow/.local/lib/python3.8/site-packages/airflow/example_dags/tutorial.py
[2023-10-14T11:04:20.132+0000] {processor.py:829} INFO - Processing file /home/airflow/.local/lib/python3.8/site-packages/airflow/example_dags/tutorial.py for tasks to queue
[2023-10-14T11:04:20.134+0000] {logging_mixin.py:151} INFO - [2023-10-14T11:04:20.134+0000] {dagbag.py:536} INFO - Filling up the DagBag from /home/airflow/.local/lib/python3.8/site-packages/airflow/example_dags/tutorial.py
[2023-10-14T11:04:20.138+0000] {processor.py:839} INFO - DAG(s) dict_keys(['tutorial']) retrieved from /home/airflow/.local/lib/python3.8/site-packages/airflow/example_dags/tutorial.py
[2023-10-14T11:04:20.152+0000] {logging_mixin.py:151} INFO - [2023-10-14T11:04:20.151+0000] {dag.py:2941} INFO - Sync 1 DAGs
[2023-10-14T11:04:20.163+0000] {logging_mixin.py:151} INFO - [2023-10-14T11:04:20.163+0000] {dag.py:3722} INFO - Setting next_dagrun for tutorial to 2023-10-13T11:04:20.163470+00:00, run_after=2023-10-14T11:04:20.163470+00:00
[2023-10-14T11:04:20.174+0000] {processor.py:179} INFO - Processing /home/airflow/.local/lib/python3.8/site-packages/airflow/example_dags/tutorial.py took 0.045 seconds
[2023-10-14T11:04:50.390+0000] {processor.py:157} INFO - Started process (PID=1093) to work on /home/airflow/.local/lib/python3.8/site-packages/airflow/example_dags/tutorial.py
[2023-10-14T11:04:50.391+0000] {processor.py:829} INFO - Processing file /home/airflow/.local/lib/python3.8/site-packages/airflow/example_dags/tutorial.py for tasks to queue
[2023-10-14T11:04:50.393+0000] {logging_mixin.py:151} INFO - [2023-10-14T11:04:50.393+0000] {dagbag.py:536} INFO - Filling up the DagBag from /home/airflow/.local/lib/python3.8/site-packages/airflow/example_dags/tutorial.py
[2023-10-14T11:04:50.397+0000] {processor.py:839} INFO - DAG(s) dict_keys(['tutorial']) retrieved from /home/airflow/.local/lib/python3.8/site-packages/airflow/example_dags/tutorial.py
[2023-10-14T11:04:50.409+0000] {logging_mixin.py:151} INFO - [2023-10-14T11:04:50.409+0000] {dag.py:2941} INFO - Sync 1 DAGs
[2023-10-14T11:04:50.420+0000] {logging_mixin.py:151} INFO - [2023-10-14T11:04:50.420+0000] {dag.py:3722} INFO - Setting next_dagrun for tutorial to 2023-10-13T11:04:50.420228+00:00, run_after=2023-10-14T11:04:50.420228+00:00
[2023-10-14T11:04:50.429+0000] {processor.py:179} INFO - Processing /home/airflow/.local/lib/python3.8/site-packages/airflow/example_dags/tutorial.py took 0.041 seconds
[2023-10-14T11:05:20.638+0000] {processor.py:157} INFO - Started process (PID=1148) to work on /home/airflow/.local/lib/python3.8/site-packages/airflow/example_dags/tutorial.py
[2023-10-14T11:05:20.639+0000] {processor.py:829} INFO - Processing file /home/airflow/.local/lib/python3.8/site-packages/airflow/example_dags/tutorial.py for tasks to queue
[2023-10-14T11:05:20.640+0000] {logging_mixin.py:151} INFO - [2023-10-14T11:05:20.640+0000] {dagbag.py:536} INFO - Filling up the DagBag from /home/airflow/.local/lib/python3.8/site-packages/airflow/example_dags/tutorial.py
[2023-10-14T11:05:20.645+0000] {processor.py:839} INFO - DAG(s) dict_keys(['tutorial']) retrieved from /home/airflow/.local/lib/python3.8/site-packages/airflow/example_dags/tutorial.py
[2023-10-14T11:05:20.657+0000] {logging_mixin.py:151} INFO - [2023-10-14T11:05:20.657+0000] {dag.py:2941} INFO - Sync 1 DAGs
[2023-10-14T11:05:20.668+0000] {logging_mixin.py:151} INFO - [2023-10-14T11:05:20.668+0000] {dag.py:3722} INFO - Setting next_dagrun for tutorial to 2023-10-13T11:05:20.668121+00:00, run_after=2023-10-14T11:05:20.668121+00:00
[2023-10-14T11:05:20.677+0000] {processor.py:179} INFO - Processing /home/airflow/.local/lib/python3.8/site-packages/airflow/example_dags/tutorial.py took 0.041 seconds
[2023-10-14T11:05:51.498+0000] {processor.py:157} INFO - Started process (PID=1203) to work on /home/airflow/.local/lib/python3.8/site-packages/airflow/example_dags/tutorial.py
[2023-10-14T11:05:51.499+0000] {processor.py:829} INFO - Processing file /home/airflow/.local/lib/python3.8/site-packages/airflow/example_dags/tutorial.py for tasks to queue
[2023-10-14T11:05:51.500+0000] {logging_mixin.py:151} INFO - [2023-10-14T11:05:51.500+0000] {dagbag.py:536} INFO - Filling up the DagBag from /home/airflow/.local/lib/python3.8/site-packages/airflow/example_dags/tutorial.py
[2023-10-14T11:05:51.504+0000] {processor.py:839} INFO - DAG(s) dict_keys(['tutorial']) retrieved from /home/airflow/.local/lib/python3.8/site-packages/airflow/example_dags/tutorial.py
[2023-10-14T11:05:51.517+0000] {logging_mixin.py:151} INFO - [2023-10-14T11:05:51.517+0000] {dag.py:2941} INFO - Sync 1 DAGs
[2023-10-14T11:05:51.528+0000] {logging_mixin.py:151} INFO - [2023-10-14T11:05:51.528+0000] {dag.py:3722} INFO - Setting next_dagrun for tutorial to 2023-10-13T11:05:51.528210+00:00, run_after=2023-10-14T11:05:51.528210+00:00
[2023-10-14T11:05:51.537+0000] {processor.py:179} INFO - Processing /home/airflow/.local/lib/python3.8/site-packages/airflow/example_dags/tutorial.py took 0.041 seconds
[2023-10-14T11:06:21.960+0000] {processor.py:157} INFO - Started process (PID=1259) to work on /home/airflow/.local/lib/python3.8/site-packages/airflow/example_dags/tutorial.py
[2023-10-14T11:06:21.961+0000] {processor.py:829} INFO - Processing file /home/airflow/.local/lib/python3.8/site-packages/airflow/example_dags/tutorial.py for tasks to queue
[2023-10-14T11:06:21.962+0000] {logging_mixin.py:151} INFO - [2023-10-14T11:06:21.962+0000] {dagbag.py:536} INFO - Filling up the DagBag from /home/airflow/.local/lib/python3.8/site-packages/airflow/example_dags/tutorial.py
[2023-10-14T11:06:21.966+0000] {processor.py:839} INFO - DAG(s) dict_keys(['tutorial']) retrieved from /home/airflow/.local/lib/python3.8/site-packages/airflow/example_dags/tutorial.py
[2023-10-14T11:06:21.978+0000] {logging_mixin.py:151} INFO - [2023-10-14T11:06:21.978+0000] {dag.py:2941} INFO - Sync 1 DAGs
[2023-10-14T11:06:21.988+0000] {logging_mixin.py:151} INFO - [2023-10-14T11:06:21.988+0000] {dag.py:3722} INFO - Setting next_dagrun for tutorial to 2023-10-13T11:06:21.988197+00:00, run_after=2023-10-14T11:06:21.988197+00:00
[2023-10-14T11:06:21.996+0000] {processor.py:179} INFO - Processing /home/airflow/.local/lib/python3.8/site-packages/airflow/example_dags/tutorial.py took 0.038 seconds
[2023-10-14T11:06:52.318+0000] {processor.py:157} INFO - Started process (PID=1314) to work on /home/airflow/.local/lib/python3.8/site-packages/airflow/example_dags/tutorial.py
[2023-10-14T11:06:52.320+0000] {processor.py:829} INFO - Processing file /home/airflow/.local/lib/python3.8/site-packages/airflow/example_dags/tutorial.py for tasks to queue
[2023-10-14T11:06:52.321+0000] {logging_mixin.py:151} INFO - [2023-10-14T11:06:52.321+0000] {dagbag.py:536} INFO - Filling up the DagBag from /home/airflow/.local/lib/python3.8/site-packages/airflow/example_dags/tutorial.py
[2023-10-14T11:06:52.326+0000] {processor.py:839} INFO - DAG(s) dict_keys(['tutorial']) retrieved from /home/airflow/.local/lib/python3.8/site-packages/airflow/example_dags/tutorial.py
[2023-10-14T11:06:52.338+0000] {logging_mixin.py:151} INFO - [2023-10-14T11:06:52.338+0000] {dag.py:2941} INFO - Sync 1 DAGs
[2023-10-14T11:06:52.350+0000] {logging_mixin.py:151} INFO - [2023-10-14T11:06:52.350+0000] {dag.py:3722} INFO - Setting next_dagrun for tutorial to 2023-10-13T11:06:52.350555+00:00, run_after=2023-10-14T11:06:52.350555+00:00
[2023-10-14T11:06:52.360+0000] {processor.py:179} INFO - Processing /home/airflow/.local/lib/python3.8/site-packages/airflow/example_dags/tutorial.py took 0.044 seconds
[2023-10-14T11:07:24.631+0000] {processor.py:157} INFO - Started process (PID=1373) to work on /home/airflow/.local/lib/python3.8/site-packages/airflow/example_dags/tutorial.py
[2023-10-14T11:07:24.637+0000] {processor.py:829} INFO - Processing file /home/airflow/.local/lib/python3.8/site-packages/airflow/example_dags/tutorial.py for tasks to queue
[2023-10-14T11:07:24.645+0000] {logging_mixin.py:151} INFO - [2023-10-14T11:07:24.644+0000] {dagbag.py:536} INFO - Filling up the DagBag from /home/airflow/.local/lib/python3.8/site-packages/airflow/example_dags/tutorial.py
[2023-10-14T11:07:24.702+0000] {processor.py:839} INFO - DAG(s) dict_keys(['tutorial']) retrieved from /home/airflow/.local/lib/python3.8/site-packages/airflow/example_dags/tutorial.py
[2023-10-14T11:07:24.900+0000] {logging_mixin.py:151} INFO - [2023-10-14T11:07:24.897+0000] {dag.py:2941} INFO - Sync 1 DAGs
[2023-10-14T11:07:25.699+0000] {logging_mixin.py:151} INFO - [2023-10-14T11:07:25.699+0000] {dag.py:3722} INFO - Setting next_dagrun for tutorial to 2023-10-13T11:07:25.698543+00:00, run_after=2023-10-14T11:07:25.698543+00:00
[2023-10-14T11:07:26.059+0000] {processor.py:179} INFO - Processing /home/airflow/.local/lib/python3.8/site-packages/airflow/example_dags/tutorial.py took 1.439 seconds
[2023-10-14T11:07:56.436+0000] {processor.py:157} INFO - Started process (PID=1428) to work on /home/airflow/.local/lib/python3.8/site-packages/airflow/example_dags/tutorial.py
[2023-10-14T11:07:56.437+0000] {processor.py:829} INFO - Processing file /home/airflow/.local/lib/python3.8/site-packages/airflow/example_dags/tutorial.py for tasks to queue
[2023-10-14T11:07:56.439+0000] {logging_mixin.py:151} INFO - [2023-10-14T11:07:56.439+0000] {dagbag.py:536} INFO - Filling up the DagBag from /home/airflow/.local/lib/python3.8/site-packages/airflow/example_dags/tutorial.py
[2023-10-14T11:07:56.444+0000] {processor.py:839} INFO - DAG(s) dict_keys(['tutorial']) retrieved from /home/airflow/.local/lib/python3.8/site-packages/airflow/example_dags/tutorial.py
[2023-10-14T11:07:56.457+0000] {logging_mixin.py:151} INFO - [2023-10-14T11:07:56.456+0000] {dag.py:2941} INFO - Sync 1 DAGs
[2023-10-14T11:07:56.468+0000] {logging_mixin.py:151} INFO - [2023-10-14T11:07:56.468+0000] {dag.py:3722} INFO - Setting next_dagrun for tutorial to 2023-10-13T11:07:56.468586+00:00, run_after=2023-10-14T11:07:56.468586+00:00
[2023-10-14T11:07:56.477+0000] {processor.py:179} INFO - Processing /home/airflow/.local/lib/python3.8/site-packages/airflow/example_dags/tutorial.py took 0.044 seconds
[2023-10-14T11:08:27.192+0000] {processor.py:157} INFO - Started process (PID=1483) to work on /home/airflow/.local/lib/python3.8/site-packages/airflow/example_dags/tutorial.py
[2023-10-14T11:08:27.194+0000] {processor.py:829} INFO - Processing file /home/airflow/.local/lib/python3.8/site-packages/airflow/example_dags/tutorial.py for tasks to queue
[2023-10-14T11:08:27.197+0000] {logging_mixin.py:151} INFO - [2023-10-14T11:08:27.197+0000] {dagbag.py:536} INFO - Filling up the DagBag from /home/airflow/.local/lib/python3.8/site-packages/airflow/example_dags/tutorial.py
[2023-10-14T11:08:27.206+0000] {processor.py:839} INFO - DAG(s) dict_keys(['tutorial']) retrieved from /home/airflow/.local/lib/python3.8/site-packages/airflow/example_dags/tutorial.py
[2023-10-14T11:08:27.230+0000] {logging_mixin.py:151} INFO - [2023-10-14T11:08:27.230+0000] {dag.py:2941} INFO - Sync 1 DAGs
[2023-10-14T11:08:27.249+0000] {logging_mixin.py:151} INFO - [2023-10-14T11:08:27.249+0000] {dag.py:3722} INFO - Setting next_dagrun for tutorial to 2023-10-13T11:08:27.249598+00:00, run_after=2023-10-14T11:08:27.249598+00:00
[2023-10-14T11:08:27.262+0000] {processor.py:179} INFO - Processing /home/airflow/.local/lib/python3.8/site-packages/airflow/example_dags/tutorial.py took 0.074 seconds
[2023-10-14T11:08:57.841+0000] {processor.py:157} INFO - Started process (PID=1538) to work on /home/airflow/.local/lib/python3.8/site-packages/airflow/example_dags/tutorial.py
[2023-10-14T11:08:57.843+0000] {processor.py:829} INFO - Processing file /home/airflow/.local/lib/python3.8/site-packages/airflow/example_dags/tutorial.py for tasks to queue
[2023-10-14T11:08:57.847+0000] {logging_mixin.py:151} INFO - [2023-10-14T11:08:57.846+0000] {dagbag.py:536} INFO - Filling up the DagBag from /home/airflow/.local/lib/python3.8/site-packages/airflow/example_dags/tutorial.py
[2023-10-14T11:08:57.853+0000] {processor.py:839} INFO - DAG(s) dict_keys(['tutorial']) retrieved from /home/airflow/.local/lib/python3.8/site-packages/airflow/example_dags/tutorial.py
[2023-10-14T11:08:57.870+0000] {logging_mixin.py:151} INFO - [2023-10-14T11:08:57.869+0000] {dag.py:2941} INFO - Sync 1 DAGs
[2023-10-14T11:08:57.883+0000] {logging_mixin.py:151} INFO - [2023-10-14T11:08:57.883+0000] {dag.py:3722} INFO - Setting next_dagrun for tutorial to 2023-10-13T11:08:57.883055+00:00, run_after=2023-10-14T11:08:57.883055+00:00
[2023-10-14T11:08:57.893+0000] {processor.py:179} INFO - Processing /home/airflow/.local/lib/python3.8/site-packages/airflow/example_dags/tutorial.py took 0.058 seconds
[2023-10-14T11:09:28.143+0000] {processor.py:157} INFO - Started process (PID=1593) to work on /home/airflow/.local/lib/python3.8/site-packages/airflow/example_dags/tutorial.py
[2023-10-14T11:09:28.144+0000] {processor.py:829} INFO - Processing file /home/airflow/.local/lib/python3.8/site-packages/airflow/example_dags/tutorial.py for tasks to queue
[2023-10-14T11:09:28.146+0000] {logging_mixin.py:151} INFO - [2023-10-14T11:09:28.146+0000] {dagbag.py:536} INFO - Filling up the DagBag from /home/airflow/.local/lib/python3.8/site-packages/airflow/example_dags/tutorial.py
[2023-10-14T11:09:28.153+0000] {processor.py:839} INFO - DAG(s) dict_keys(['tutorial']) retrieved from /home/airflow/.local/lib/python3.8/site-packages/airflow/example_dags/tutorial.py
[2023-10-14T11:09:28.168+0000] {logging_mixin.py:151} INFO - [2023-10-14T11:09:28.168+0000] {dag.py:2941} INFO - Sync 1 DAGs
[2023-10-14T11:09:28.189+0000] {logging_mixin.py:151} INFO - [2023-10-14T11:09:28.189+0000] {dag.py:3722} INFO - Setting next_dagrun for tutorial to 2023-10-13T11:09:28.189141+00:00, run_after=2023-10-14T11:09:28.189141+00:00
[2023-10-14T11:09:28.199+0000] {processor.py:179} INFO - Processing /home/airflow/.local/lib/python3.8/site-packages/airflow/example_dags/tutorial.py took 0.060 seconds
