[2023-10-14T10:55:16.869+0000] {processor.py:157} INFO - Started process (PID=69) to work on /home/airflow/.local/lib/python3.8/site-packages/airflow/example_dags/tutorial_dag.py
[2023-10-14T10:55:16.872+0000] {processor.py:829} INFO - Processing file /home/airflow/.local/lib/python3.8/site-packages/airflow/example_dags/tutorial_dag.py for tasks to queue
[2023-10-14T10:55:16.874+0000] {logging_mixin.py:151} INFO - [2023-10-14T10:55:16.874+0000] {dagbag.py:536} INFO - Filling up the DagBag from /home/airflow/.local/lib/python3.8/site-packages/airflow/example_dags/tutorial_dag.py
[2023-10-14T10:55:16.879+0000] {processor.py:839} INFO - DAG(s) dict_keys(['tutorial_dag']) retrieved from /home/airflow/.local/lib/python3.8/site-packages/airflow/example_dags/tutorial_dag.py
[2023-10-14T10:55:16.890+0000] {logging_mixin.py:151} INFO - [2023-10-14T10:55:16.890+0000] {dag.py:2941} INFO - Sync 1 DAGs
[2023-10-14T10:55:16.900+0000] {logging_mixin.py:151} INFO - [2023-10-14T10:55:16.899+0000] {dag.py:3722} INFO - Setting next_dagrun for tutorial_dag to None, run_after=None
[2023-10-14T10:55:16.912+0000] {processor.py:179} INFO - Processing /home/airflow/.local/lib/python3.8/site-packages/airflow/example_dags/tutorial_dag.py took 0.046 seconds
[2023-10-14T10:55:47.020+0000] {processor.py:157} INFO - Started process (PID=124) to work on /home/airflow/.local/lib/python3.8/site-packages/airflow/example_dags/tutorial_dag.py
[2023-10-14T10:55:47.021+0000] {processor.py:829} INFO - Processing file /home/airflow/.local/lib/python3.8/site-packages/airflow/example_dags/tutorial_dag.py for tasks to queue
[2023-10-14T10:55:47.022+0000] {logging_mixin.py:151} INFO - [2023-10-14T10:55:47.022+0000] {dagbag.py:536} INFO - Filling up the DagBag from /home/airflow/.local/lib/python3.8/site-packages/airflow/example_dags/tutorial_dag.py
[2023-10-14T10:55:47.026+0000] {processor.py:839} INFO - DAG(s) dict_keys(['tutorial_dag']) retrieved from /home/airflow/.local/lib/python3.8/site-packages/airflow/example_dags/tutorial_dag.py
[2023-10-14T10:55:47.039+0000] {logging_mixin.py:151} INFO - [2023-10-14T10:55:47.039+0000] {dag.py:2941} INFO - Sync 1 DAGs
[2023-10-14T10:55:47.047+0000] {logging_mixin.py:151} INFO - [2023-10-14T10:55:47.047+0000] {dag.py:3722} INFO - Setting next_dagrun for tutorial_dag to None, run_after=None
[2023-10-14T10:55:47.057+0000] {processor.py:179} INFO - Processing /home/airflow/.local/lib/python3.8/site-packages/airflow/example_dags/tutorial_dag.py took 0.039 seconds
[2023-10-14T10:56:17.532+0000] {processor.py:157} INFO - Started process (PID=179) to work on /home/airflow/.local/lib/python3.8/site-packages/airflow/example_dags/tutorial_dag.py
[2023-10-14T10:56:17.533+0000] {processor.py:829} INFO - Processing file /home/airflow/.local/lib/python3.8/site-packages/airflow/example_dags/tutorial_dag.py for tasks to queue
[2023-10-14T10:56:17.535+0000] {logging_mixin.py:151} INFO - [2023-10-14T10:56:17.535+0000] {dagbag.py:536} INFO - Filling up the DagBag from /home/airflow/.local/lib/python3.8/site-packages/airflow/example_dags/tutorial_dag.py
[2023-10-14T10:56:17.539+0000] {processor.py:839} INFO - DAG(s) dict_keys(['tutorial_dag']) retrieved from /home/airflow/.local/lib/python3.8/site-packages/airflow/example_dags/tutorial_dag.py
[2023-10-14T10:56:17.555+0000] {logging_mixin.py:151} INFO - [2023-10-14T10:56:17.555+0000] {dag.py:2941} INFO - Sync 1 DAGs
[2023-10-14T10:56:17.565+0000] {logging_mixin.py:151} INFO - [2023-10-14T10:56:17.565+0000] {dag.py:3722} INFO - Setting next_dagrun for tutorial_dag to None, run_after=None
[2023-10-14T10:56:17.577+0000] {processor.py:179} INFO - Processing /home/airflow/.local/lib/python3.8/site-packages/airflow/example_dags/tutorial_dag.py took 0.048 seconds
[2023-10-14T10:56:47.861+0000] {processor.py:157} INFO - Started process (PID=234) to work on /home/airflow/.local/lib/python3.8/site-packages/airflow/example_dags/tutorial_dag.py
[2023-10-14T10:56:47.862+0000] {processor.py:829} INFO - Processing file /home/airflow/.local/lib/python3.8/site-packages/airflow/example_dags/tutorial_dag.py for tasks to queue
[2023-10-14T10:56:47.864+0000] {logging_mixin.py:151} INFO - [2023-10-14T10:56:47.864+0000] {dagbag.py:536} INFO - Filling up the DagBag from /home/airflow/.local/lib/python3.8/site-packages/airflow/example_dags/tutorial_dag.py
[2023-10-14T10:56:47.868+0000] {processor.py:839} INFO - DAG(s) dict_keys(['tutorial_dag']) retrieved from /home/airflow/.local/lib/python3.8/site-packages/airflow/example_dags/tutorial_dag.py
[2023-10-14T10:56:47.880+0000] {logging_mixin.py:151} INFO - [2023-10-14T10:56:47.880+0000] {dag.py:2941} INFO - Sync 1 DAGs
[2023-10-14T10:56:47.887+0000] {logging_mixin.py:151} INFO - [2023-10-14T10:56:47.887+0000] {dag.py:3722} INFO - Setting next_dagrun for tutorial_dag to None, run_after=None
[2023-10-14T10:56:47.898+0000] {processor.py:179} INFO - Processing /home/airflow/.local/lib/python3.8/site-packages/airflow/example_dags/tutorial_dag.py took 0.039 seconds
[2023-10-14T10:57:18.208+0000] {processor.py:157} INFO - Started process (PID=289) to work on /home/airflow/.local/lib/python3.8/site-packages/airflow/example_dags/tutorial_dag.py
[2023-10-14T10:57:18.209+0000] {processor.py:829} INFO - Processing file /home/airflow/.local/lib/python3.8/site-packages/airflow/example_dags/tutorial_dag.py for tasks to queue
[2023-10-14T10:57:18.211+0000] {logging_mixin.py:151} INFO - [2023-10-14T10:57:18.211+0000] {dagbag.py:536} INFO - Filling up the DagBag from /home/airflow/.local/lib/python3.8/site-packages/airflow/example_dags/tutorial_dag.py
[2023-10-14T10:57:18.214+0000] {processor.py:839} INFO - DAG(s) dict_keys(['tutorial_dag']) retrieved from /home/airflow/.local/lib/python3.8/site-packages/airflow/example_dags/tutorial_dag.py
[2023-10-14T10:57:18.227+0000] {logging_mixin.py:151} INFO - [2023-10-14T10:57:18.227+0000] {dag.py:2941} INFO - Sync 1 DAGs
[2023-10-14T10:57:18.234+0000] {logging_mixin.py:151} INFO - [2023-10-14T10:57:18.234+0000] {dag.py:3722} INFO - Setting next_dagrun for tutorial_dag to None, run_after=None
[2023-10-14T10:57:18.243+0000] {processor.py:179} INFO - Processing /home/airflow/.local/lib/python3.8/site-packages/airflow/example_dags/tutorial_dag.py took 0.037 seconds
[2023-10-14T10:57:48.468+0000] {processor.py:157} INFO - Started process (PID=344) to work on /home/airflow/.local/lib/python3.8/site-packages/airflow/example_dags/tutorial_dag.py
[2023-10-14T10:57:48.469+0000] {processor.py:829} INFO - Processing file /home/airflow/.local/lib/python3.8/site-packages/airflow/example_dags/tutorial_dag.py for tasks to queue
[2023-10-14T10:57:48.471+0000] {logging_mixin.py:151} INFO - [2023-10-14T10:57:48.470+0000] {dagbag.py:536} INFO - Filling up the DagBag from /home/airflow/.local/lib/python3.8/site-packages/airflow/example_dags/tutorial_dag.py
[2023-10-14T10:57:48.474+0000] {processor.py:839} INFO - DAG(s) dict_keys(['tutorial_dag']) retrieved from /home/airflow/.local/lib/python3.8/site-packages/airflow/example_dags/tutorial_dag.py
[2023-10-14T10:57:48.486+0000] {logging_mixin.py:151} INFO - [2023-10-14T10:57:48.485+0000] {dag.py:2941} INFO - Sync 1 DAGs
[2023-10-14T10:57:48.493+0000] {logging_mixin.py:151} INFO - [2023-10-14T10:57:48.493+0000] {dag.py:3722} INFO - Setting next_dagrun for tutorial_dag to None, run_after=None
[2023-10-14T10:57:48.502+0000] {processor.py:179} INFO - Processing /home/airflow/.local/lib/python3.8/site-packages/airflow/example_dags/tutorial_dag.py took 0.037 seconds
[2023-10-14T10:58:18.952+0000] {processor.py:157} INFO - Started process (PID=400) to work on /home/airflow/.local/lib/python3.8/site-packages/airflow/example_dags/tutorial_dag.py
[2023-10-14T10:58:18.952+0000] {processor.py:829} INFO - Processing file /home/airflow/.local/lib/python3.8/site-packages/airflow/example_dags/tutorial_dag.py for tasks to queue
[2023-10-14T10:58:18.954+0000] {logging_mixin.py:151} INFO - [2023-10-14T10:58:18.953+0000] {dagbag.py:536} INFO - Filling up the DagBag from /home/airflow/.local/lib/python3.8/site-packages/airflow/example_dags/tutorial_dag.py
[2023-10-14T10:58:18.957+0000] {processor.py:839} INFO - DAG(s) dict_keys(['tutorial_dag']) retrieved from /home/airflow/.local/lib/python3.8/site-packages/airflow/example_dags/tutorial_dag.py
[2023-10-14T10:58:18.970+0000] {logging_mixin.py:151} INFO - [2023-10-14T10:58:18.970+0000] {dag.py:2941} INFO - Sync 1 DAGs
[2023-10-14T10:58:18.977+0000] {logging_mixin.py:151} INFO - [2023-10-14T10:58:18.977+0000] {dag.py:3722} INFO - Setting next_dagrun for tutorial_dag to None, run_after=None
[2023-10-14T10:58:18.986+0000] {processor.py:179} INFO - Processing /home/airflow/.local/lib/python3.8/site-packages/airflow/example_dags/tutorial_dag.py took 0.036 seconds
[2023-10-14T10:58:49.146+0000] {processor.py:157} INFO - Started process (PID=455) to work on /home/airflow/.local/lib/python3.8/site-packages/airflow/example_dags/tutorial_dag.py
[2023-10-14T10:58:49.147+0000] {processor.py:829} INFO - Processing file /home/airflow/.local/lib/python3.8/site-packages/airflow/example_dags/tutorial_dag.py for tasks to queue
[2023-10-14T10:58:49.148+0000] {logging_mixin.py:151} INFO - [2023-10-14T10:58:49.148+0000] {dagbag.py:536} INFO - Filling up the DagBag from /home/airflow/.local/lib/python3.8/site-packages/airflow/example_dags/tutorial_dag.py
[2023-10-14T10:58:49.152+0000] {processor.py:839} INFO - DAG(s) dict_keys(['tutorial_dag']) retrieved from /home/airflow/.local/lib/python3.8/site-packages/airflow/example_dags/tutorial_dag.py
[2023-10-14T10:58:49.164+0000] {logging_mixin.py:151} INFO - [2023-10-14T10:58:49.164+0000] {dag.py:2941} INFO - Sync 1 DAGs
[2023-10-14T10:58:49.171+0000] {logging_mixin.py:151} INFO - [2023-10-14T10:58:49.171+0000] {dag.py:3722} INFO - Setting next_dagrun for tutorial_dag to None, run_after=None
[2023-10-14T10:58:49.180+0000] {processor.py:179} INFO - Processing /home/airflow/.local/lib/python3.8/site-packages/airflow/example_dags/tutorial_dag.py took 0.036 seconds
[2023-10-14T10:59:19.671+0000] {processor.py:157} INFO - Started process (PID=509) to work on /home/airflow/.local/lib/python3.8/site-packages/airflow/example_dags/tutorial_dag.py
[2023-10-14T10:59:19.672+0000] {processor.py:829} INFO - Processing file /home/airflow/.local/lib/python3.8/site-packages/airflow/example_dags/tutorial_dag.py for tasks to queue
[2023-10-14T10:59:19.675+0000] {logging_mixin.py:151} INFO - [2023-10-14T10:59:19.674+0000] {dagbag.py:536} INFO - Filling up the DagBag from /home/airflow/.local/lib/python3.8/site-packages/airflow/example_dags/tutorial_dag.py
[2023-10-14T10:59:19.682+0000] {processor.py:839} INFO - DAG(s) dict_keys(['tutorial_dag']) retrieved from /home/airflow/.local/lib/python3.8/site-packages/airflow/example_dags/tutorial_dag.py
[2023-10-14T10:59:19.698+0000] {logging_mixin.py:151} INFO - [2023-10-14T10:59:19.698+0000] {dag.py:2941} INFO - Sync 1 DAGs
[2023-10-14T10:59:19.705+0000] {logging_mixin.py:151} INFO - [2023-10-14T10:59:19.705+0000] {dag.py:3722} INFO - Setting next_dagrun for tutorial_dag to None, run_after=None
[2023-10-14T10:59:19.716+0000] {processor.py:179} INFO - Processing /home/airflow/.local/lib/python3.8/site-packages/airflow/example_dags/tutorial_dag.py took 0.049 seconds
[2023-10-14T10:59:50.615+0000] {processor.py:157} INFO - Started process (PID=565) to work on /home/airflow/.local/lib/python3.8/site-packages/airflow/example_dags/tutorial_dag.py
[2023-10-14T10:59:50.616+0000] {processor.py:829} INFO - Processing file /home/airflow/.local/lib/python3.8/site-packages/airflow/example_dags/tutorial_dag.py for tasks to queue
[2023-10-14T10:59:50.617+0000] {logging_mixin.py:151} INFO - [2023-10-14T10:59:50.617+0000] {dagbag.py:536} INFO - Filling up the DagBag from /home/airflow/.local/lib/python3.8/site-packages/airflow/example_dags/tutorial_dag.py
[2023-10-14T10:59:50.621+0000] {processor.py:839} INFO - DAG(s) dict_keys(['tutorial_dag']) retrieved from /home/airflow/.local/lib/python3.8/site-packages/airflow/example_dags/tutorial_dag.py
[2023-10-14T10:59:50.633+0000] {logging_mixin.py:151} INFO - [2023-10-14T10:59:50.633+0000] {dag.py:2941} INFO - Sync 1 DAGs
[2023-10-14T10:59:50.640+0000] {logging_mixin.py:151} INFO - [2023-10-14T10:59:50.640+0000] {dag.py:3722} INFO - Setting next_dagrun for tutorial_dag to None, run_after=None
[2023-10-14T10:59:50.650+0000] {processor.py:179} INFO - Processing /home/airflow/.local/lib/python3.8/site-packages/airflow/example_dags/tutorial_dag.py took 0.037 seconds
[2023-10-14T11:00:20.860+0000] {processor.py:157} INFO - Started process (PID=620) to work on /home/airflow/.local/lib/python3.8/site-packages/airflow/example_dags/tutorial_dag.py
[2023-10-14T11:00:20.861+0000] {processor.py:829} INFO - Processing file /home/airflow/.local/lib/python3.8/site-packages/airflow/example_dags/tutorial_dag.py for tasks to queue
[2023-10-14T11:00:20.863+0000] {logging_mixin.py:151} INFO - [2023-10-14T11:00:20.862+0000] {dagbag.py:536} INFO - Filling up the DagBag from /home/airflow/.local/lib/python3.8/site-packages/airflow/example_dags/tutorial_dag.py
[2023-10-14T11:00:20.866+0000] {processor.py:839} INFO - DAG(s) dict_keys(['tutorial_dag']) retrieved from /home/airflow/.local/lib/python3.8/site-packages/airflow/example_dags/tutorial_dag.py
[2023-10-14T11:00:20.878+0000] {logging_mixin.py:151} INFO - [2023-10-14T11:00:20.878+0000] {dag.py:2941} INFO - Sync 1 DAGs
[2023-10-14T11:00:20.885+0000] {logging_mixin.py:151} INFO - [2023-10-14T11:00:20.885+0000] {dag.py:3722} INFO - Setting next_dagrun for tutorial_dag to None, run_after=None
[2023-10-14T11:00:20.894+0000] {processor.py:179} INFO - Processing /home/airflow/.local/lib/python3.8/site-packages/airflow/example_dags/tutorial_dag.py took 0.037 seconds
[2023-10-14T11:00:51.127+0000] {processor.py:157} INFO - Started process (PID=675) to work on /home/airflow/.local/lib/python3.8/site-packages/airflow/example_dags/tutorial_dag.py
[2023-10-14T11:00:51.127+0000] {processor.py:829} INFO - Processing file /home/airflow/.local/lib/python3.8/site-packages/airflow/example_dags/tutorial_dag.py for tasks to queue
[2023-10-14T11:00:51.129+0000] {logging_mixin.py:151} INFO - [2023-10-14T11:00:51.129+0000] {dagbag.py:536} INFO - Filling up the DagBag from /home/airflow/.local/lib/python3.8/site-packages/airflow/example_dags/tutorial_dag.py
[2023-10-14T11:00:51.132+0000] {processor.py:839} INFO - DAG(s) dict_keys(['tutorial_dag']) retrieved from /home/airflow/.local/lib/python3.8/site-packages/airflow/example_dags/tutorial_dag.py
[2023-10-14T11:00:51.145+0000] {logging_mixin.py:151} INFO - [2023-10-14T11:00:51.145+0000] {dag.py:2941} INFO - Sync 1 DAGs
[2023-10-14T11:00:51.152+0000] {logging_mixin.py:151} INFO - [2023-10-14T11:00:51.152+0000] {dag.py:3722} INFO - Setting next_dagrun for tutorial_dag to None, run_after=None
[2023-10-14T11:00:51.163+0000] {processor.py:179} INFO - Processing /home/airflow/.local/lib/python3.8/site-packages/airflow/example_dags/tutorial_dag.py took 0.038 seconds
[2023-10-14T11:01:21.435+0000] {processor.py:157} INFO - Started process (PID=730) to work on /home/airflow/.local/lib/python3.8/site-packages/airflow/example_dags/tutorial_dag.py
[2023-10-14T11:01:21.435+0000] {processor.py:829} INFO - Processing file /home/airflow/.local/lib/python3.8/site-packages/airflow/example_dags/tutorial_dag.py for tasks to queue
[2023-10-14T11:01:21.437+0000] {logging_mixin.py:151} INFO - [2023-10-14T11:01:21.437+0000] {dagbag.py:536} INFO - Filling up the DagBag from /home/airflow/.local/lib/python3.8/site-packages/airflow/example_dags/tutorial_dag.py
[2023-10-14T11:01:21.441+0000] {processor.py:839} INFO - DAG(s) dict_keys(['tutorial_dag']) retrieved from /home/airflow/.local/lib/python3.8/site-packages/airflow/example_dags/tutorial_dag.py
[2023-10-14T11:01:21.454+0000] {logging_mixin.py:151} INFO - [2023-10-14T11:01:21.454+0000] {dag.py:2941} INFO - Sync 1 DAGs
[2023-10-14T11:01:21.461+0000] {logging_mixin.py:151} INFO - [2023-10-14T11:01:21.461+0000] {dag.py:3722} INFO - Setting next_dagrun for tutorial_dag to None, run_after=None
[2023-10-14T11:01:21.471+0000] {processor.py:179} INFO - Processing /home/airflow/.local/lib/python3.8/site-packages/airflow/example_dags/tutorial_dag.py took 0.039 seconds
[2023-10-14T11:01:51.824+0000] {processor.py:157} INFO - Started process (PID=787) to work on /home/airflow/.local/lib/python3.8/site-packages/airflow/example_dags/tutorial_dag.py
[2023-10-14T11:01:51.825+0000] {processor.py:829} INFO - Processing file /home/airflow/.local/lib/python3.8/site-packages/airflow/example_dags/tutorial_dag.py for tasks to queue
[2023-10-14T11:01:51.827+0000] {logging_mixin.py:151} INFO - [2023-10-14T11:01:51.827+0000] {dagbag.py:536} INFO - Filling up the DagBag from /home/airflow/.local/lib/python3.8/site-packages/airflow/example_dags/tutorial_dag.py
[2023-10-14T11:01:51.831+0000] {processor.py:839} INFO - DAG(s) dict_keys(['tutorial_dag']) retrieved from /home/airflow/.local/lib/python3.8/site-packages/airflow/example_dags/tutorial_dag.py
[2023-10-14T11:01:51.845+0000] {logging_mixin.py:151} INFO - [2023-10-14T11:01:51.845+0000] {dag.py:2941} INFO - Sync 1 DAGs
[2023-10-14T11:01:51.852+0000] {logging_mixin.py:151} INFO - [2023-10-14T11:01:51.852+0000] {dag.py:3722} INFO - Setting next_dagrun for tutorial_dag to None, run_after=None
[2023-10-14T11:01:51.863+0000] {processor.py:179} INFO - Processing /home/airflow/.local/lib/python3.8/site-packages/airflow/example_dags/tutorial_dag.py took 0.041 seconds
[2023-10-14T11:02:22.498+0000] {processor.py:157} INFO - Started process (PID=843) to work on /home/airflow/.local/lib/python3.8/site-packages/airflow/example_dags/tutorial_dag.py
[2023-10-14T11:02:22.499+0000] {processor.py:829} INFO - Processing file /home/airflow/.local/lib/python3.8/site-packages/airflow/example_dags/tutorial_dag.py for tasks to queue
[2023-10-14T11:02:22.500+0000] {logging_mixin.py:151} INFO - [2023-10-14T11:02:22.500+0000] {dagbag.py:536} INFO - Filling up the DagBag from /home/airflow/.local/lib/python3.8/site-packages/airflow/example_dags/tutorial_dag.py
[2023-10-14T11:02:22.504+0000] {processor.py:839} INFO - DAG(s) dict_keys(['tutorial_dag']) retrieved from /home/airflow/.local/lib/python3.8/site-packages/airflow/example_dags/tutorial_dag.py
[2023-10-14T11:02:22.519+0000] {logging_mixin.py:151} INFO - [2023-10-14T11:02:22.519+0000] {dag.py:2941} INFO - Sync 1 DAGs
[2023-10-14T11:02:22.527+0000] {logging_mixin.py:151} INFO - [2023-10-14T11:02:22.527+0000] {dag.py:3722} INFO - Setting next_dagrun for tutorial_dag to None, run_after=None
[2023-10-14T11:02:22.537+0000] {processor.py:179} INFO - Processing /home/airflow/.local/lib/python3.8/site-packages/airflow/example_dags/tutorial_dag.py took 0.042 seconds
[2023-10-14T11:02:52.804+0000] {processor.py:157} INFO - Started process (PID=898) to work on /home/airflow/.local/lib/python3.8/site-packages/airflow/example_dags/tutorial_dag.py
[2023-10-14T11:02:52.805+0000] {processor.py:829} INFO - Processing file /home/airflow/.local/lib/python3.8/site-packages/airflow/example_dags/tutorial_dag.py for tasks to queue
[2023-10-14T11:02:52.806+0000] {logging_mixin.py:151} INFO - [2023-10-14T11:02:52.806+0000] {dagbag.py:536} INFO - Filling up the DagBag from /home/airflow/.local/lib/python3.8/site-packages/airflow/example_dags/tutorial_dag.py
[2023-10-14T11:02:52.811+0000] {processor.py:839} INFO - DAG(s) dict_keys(['tutorial_dag']) retrieved from /home/airflow/.local/lib/python3.8/site-packages/airflow/example_dags/tutorial_dag.py
[2023-10-14T11:02:52.825+0000] {logging_mixin.py:151} INFO - [2023-10-14T11:02:52.825+0000] {dag.py:2941} INFO - Sync 1 DAGs
[2023-10-14T11:02:52.833+0000] {logging_mixin.py:151} INFO - [2023-10-14T11:02:52.833+0000] {dag.py:3722} INFO - Setting next_dagrun for tutorial_dag to None, run_after=None
[2023-10-14T11:02:52.846+0000] {processor.py:179} INFO - Processing /home/airflow/.local/lib/python3.8/site-packages/airflow/example_dags/tutorial_dag.py took 0.045 seconds
[2023-10-14T11:03:23.262+0000] {processor.py:157} INFO - Started process (PID=954) to work on /home/airflow/.local/lib/python3.8/site-packages/airflow/example_dags/tutorial_dag.py
[2023-10-14T11:03:23.263+0000] {processor.py:829} INFO - Processing file /home/airflow/.local/lib/python3.8/site-packages/airflow/example_dags/tutorial_dag.py for tasks to queue
[2023-10-14T11:03:23.265+0000] {logging_mixin.py:151} INFO - [2023-10-14T11:03:23.265+0000] {dagbag.py:536} INFO - Filling up the DagBag from /home/airflow/.local/lib/python3.8/site-packages/airflow/example_dags/tutorial_dag.py
[2023-10-14T11:03:23.269+0000] {processor.py:839} INFO - DAG(s) dict_keys(['tutorial_dag']) retrieved from /home/airflow/.local/lib/python3.8/site-packages/airflow/example_dags/tutorial_dag.py
[2023-10-14T11:03:23.285+0000] {logging_mixin.py:151} INFO - [2023-10-14T11:03:23.285+0000] {dag.py:2941} INFO - Sync 1 DAGs
[2023-10-14T11:03:23.293+0000] {logging_mixin.py:151} INFO - [2023-10-14T11:03:23.293+0000] {dag.py:3722} INFO - Setting next_dagrun for tutorial_dag to None, run_after=None
[2023-10-14T11:03:23.304+0000] {processor.py:179} INFO - Processing /home/airflow/.local/lib/python3.8/site-packages/airflow/example_dags/tutorial_dag.py took 0.044 seconds
[2023-10-14T11:03:53.640+0000] {processor.py:157} INFO - Started process (PID=1009) to work on /home/airflow/.local/lib/python3.8/site-packages/airflow/example_dags/tutorial_dag.py
[2023-10-14T11:03:53.640+0000] {processor.py:829} INFO - Processing file /home/airflow/.local/lib/python3.8/site-packages/airflow/example_dags/tutorial_dag.py for tasks to queue
[2023-10-14T11:03:53.642+0000] {logging_mixin.py:151} INFO - [2023-10-14T11:03:53.642+0000] {dagbag.py:536} INFO - Filling up the DagBag from /home/airflow/.local/lib/python3.8/site-packages/airflow/example_dags/tutorial_dag.py
[2023-10-14T11:03:53.646+0000] {processor.py:839} INFO - DAG(s) dict_keys(['tutorial_dag']) retrieved from /home/airflow/.local/lib/python3.8/site-packages/airflow/example_dags/tutorial_dag.py
[2023-10-14T11:03:53.659+0000] {logging_mixin.py:151} INFO - [2023-10-14T11:03:53.659+0000] {dag.py:2941} INFO - Sync 1 DAGs
[2023-10-14T11:03:53.667+0000] {logging_mixin.py:151} INFO - [2023-10-14T11:03:53.666+0000] {dag.py:3722} INFO - Setting next_dagrun for tutorial_dag to None, run_after=None
[2023-10-14T11:03:53.677+0000] {processor.py:179} INFO - Processing /home/airflow/.local/lib/python3.8/site-packages/airflow/example_dags/tutorial_dag.py took 0.039 seconds
[2023-10-14T11:04:24.144+0000] {processor.py:157} INFO - Started process (PID=1065) to work on /home/airflow/.local/lib/python3.8/site-packages/airflow/example_dags/tutorial_dag.py
[2023-10-14T11:04:24.145+0000] {processor.py:829} INFO - Processing file /home/airflow/.local/lib/python3.8/site-packages/airflow/example_dags/tutorial_dag.py for tasks to queue
[2023-10-14T11:04:24.147+0000] {logging_mixin.py:151} INFO - [2023-10-14T11:04:24.147+0000] {dagbag.py:536} INFO - Filling up the DagBag from /home/airflow/.local/lib/python3.8/site-packages/airflow/example_dags/tutorial_dag.py
[2023-10-14T11:04:24.152+0000] {processor.py:839} INFO - DAG(s) dict_keys(['tutorial_dag']) retrieved from /home/airflow/.local/lib/python3.8/site-packages/airflow/example_dags/tutorial_dag.py
[2023-10-14T11:04:24.167+0000] {logging_mixin.py:151} INFO - [2023-10-14T11:04:24.167+0000] {dag.py:2941} INFO - Sync 1 DAGs
[2023-10-14T11:04:24.175+0000] {logging_mixin.py:151} INFO - [2023-10-14T11:04:24.175+0000] {dag.py:3722} INFO - Setting next_dagrun for tutorial_dag to None, run_after=None
[2023-10-14T11:04:24.186+0000] {processor.py:179} INFO - Processing /home/airflow/.local/lib/python3.8/site-packages/airflow/example_dags/tutorial_dag.py took 0.045 seconds
[2023-10-14T11:04:54.384+0000] {processor.py:157} INFO - Started process (PID=1120) to work on /home/airflow/.local/lib/python3.8/site-packages/airflow/example_dags/tutorial_dag.py
[2023-10-14T11:04:54.384+0000] {processor.py:829} INFO - Processing file /home/airflow/.local/lib/python3.8/site-packages/airflow/example_dags/tutorial_dag.py for tasks to queue
[2023-10-14T11:04:54.386+0000] {logging_mixin.py:151} INFO - [2023-10-14T11:04:54.386+0000] {dagbag.py:536} INFO - Filling up the DagBag from /home/airflow/.local/lib/python3.8/site-packages/airflow/example_dags/tutorial_dag.py
[2023-10-14T11:04:54.389+0000] {processor.py:839} INFO - DAG(s) dict_keys(['tutorial_dag']) retrieved from /home/airflow/.local/lib/python3.8/site-packages/airflow/example_dags/tutorial_dag.py
[2023-10-14T11:04:54.401+0000] {logging_mixin.py:151} INFO - [2023-10-14T11:04:54.401+0000] {dag.py:2941} INFO - Sync 1 DAGs
[2023-10-14T11:04:54.407+0000] {logging_mixin.py:151} INFO - [2023-10-14T11:04:54.407+0000] {dag.py:3722} INFO - Setting next_dagrun for tutorial_dag to None, run_after=None
[2023-10-14T11:04:54.416+0000] {processor.py:179} INFO - Processing /home/airflow/.local/lib/python3.8/site-packages/airflow/example_dags/tutorial_dag.py took 0.035 seconds
[2023-10-14T11:05:24.551+0000] {processor.py:157} INFO - Started process (PID=1175) to work on /home/airflow/.local/lib/python3.8/site-packages/airflow/example_dags/tutorial_dag.py
[2023-10-14T11:05:24.552+0000] {processor.py:829} INFO - Processing file /home/airflow/.local/lib/python3.8/site-packages/airflow/example_dags/tutorial_dag.py for tasks to queue
[2023-10-14T11:05:24.554+0000] {logging_mixin.py:151} INFO - [2023-10-14T11:05:24.554+0000] {dagbag.py:536} INFO - Filling up the DagBag from /home/airflow/.local/lib/python3.8/site-packages/airflow/example_dags/tutorial_dag.py
[2023-10-14T11:05:24.557+0000] {processor.py:839} INFO - DAG(s) dict_keys(['tutorial_dag']) retrieved from /home/airflow/.local/lib/python3.8/site-packages/airflow/example_dags/tutorial_dag.py
[2023-10-14T11:05:24.570+0000] {logging_mixin.py:151} INFO - [2023-10-14T11:05:24.569+0000] {dag.py:2941} INFO - Sync 1 DAGs
[2023-10-14T11:05:24.576+0000] {logging_mixin.py:151} INFO - [2023-10-14T11:05:24.576+0000] {dag.py:3722} INFO - Setting next_dagrun for tutorial_dag to None, run_after=None
[2023-10-14T11:05:24.585+0000] {processor.py:179} INFO - Processing /home/airflow/.local/lib/python3.8/site-packages/airflow/example_dags/tutorial_dag.py took 0.037 seconds
[2023-10-14T11:05:55.629+0000] {processor.py:157} INFO - Started process (PID=1230) to work on /home/airflow/.local/lib/python3.8/site-packages/airflow/example_dags/tutorial_dag.py
[2023-10-14T11:05:55.630+0000] {processor.py:829} INFO - Processing file /home/airflow/.local/lib/python3.8/site-packages/airflow/example_dags/tutorial_dag.py for tasks to queue
[2023-10-14T11:05:55.632+0000] {logging_mixin.py:151} INFO - [2023-10-14T11:05:55.632+0000] {dagbag.py:536} INFO - Filling up the DagBag from /home/airflow/.local/lib/python3.8/site-packages/airflow/example_dags/tutorial_dag.py
[2023-10-14T11:05:55.636+0000] {processor.py:839} INFO - DAG(s) dict_keys(['tutorial_dag']) retrieved from /home/airflow/.local/lib/python3.8/site-packages/airflow/example_dags/tutorial_dag.py
[2023-10-14T11:05:55.651+0000] {logging_mixin.py:151} INFO - [2023-10-14T11:05:55.651+0000] {dag.py:2941} INFO - Sync 1 DAGs
[2023-10-14T11:05:55.658+0000] {logging_mixin.py:151} INFO - [2023-10-14T11:05:55.658+0000] {dag.py:3722} INFO - Setting next_dagrun for tutorial_dag to None, run_after=None
[2023-10-14T11:05:55.672+0000] {processor.py:179} INFO - Processing /home/airflow/.local/lib/python3.8/site-packages/airflow/example_dags/tutorial_dag.py took 0.046 seconds
[2023-10-14T11:06:25.924+0000] {processor.py:157} INFO - Started process (PID=1286) to work on /home/airflow/.local/lib/python3.8/site-packages/airflow/example_dags/tutorial_dag.py
[2023-10-14T11:06:25.924+0000] {processor.py:829} INFO - Processing file /home/airflow/.local/lib/python3.8/site-packages/airflow/example_dags/tutorial_dag.py for tasks to queue
[2023-10-14T11:06:25.926+0000] {logging_mixin.py:151} INFO - [2023-10-14T11:06:25.926+0000] {dagbag.py:536} INFO - Filling up the DagBag from /home/airflow/.local/lib/python3.8/site-packages/airflow/example_dags/tutorial_dag.py
[2023-10-14T11:06:25.929+0000] {processor.py:839} INFO - DAG(s) dict_keys(['tutorial_dag']) retrieved from /home/airflow/.local/lib/python3.8/site-packages/airflow/example_dags/tutorial_dag.py
[2023-10-14T11:06:25.941+0000] {logging_mixin.py:151} INFO - [2023-10-14T11:06:25.941+0000] {dag.py:2941} INFO - Sync 1 DAGs
[2023-10-14T11:06:25.947+0000] {logging_mixin.py:151} INFO - [2023-10-14T11:06:25.947+0000] {dag.py:3722} INFO - Setting next_dagrun for tutorial_dag to None, run_after=None
[2023-10-14T11:06:25.956+0000] {processor.py:179} INFO - Processing /home/airflow/.local/lib/python3.8/site-packages/airflow/example_dags/tutorial_dag.py took 0.035 seconds
[2023-10-14T11:06:56.336+0000] {processor.py:157} INFO - Started process (PID=1341) to work on /home/airflow/.local/lib/python3.8/site-packages/airflow/example_dags/tutorial_dag.py
[2023-10-14T11:06:56.337+0000] {processor.py:829} INFO - Processing file /home/airflow/.local/lib/python3.8/site-packages/airflow/example_dags/tutorial_dag.py for tasks to queue
[2023-10-14T11:06:56.339+0000] {logging_mixin.py:151} INFO - [2023-10-14T11:06:56.338+0000] {dagbag.py:536} INFO - Filling up the DagBag from /home/airflow/.local/lib/python3.8/site-packages/airflow/example_dags/tutorial_dag.py
[2023-10-14T11:06:56.342+0000] {processor.py:839} INFO - DAG(s) dict_keys(['tutorial_dag']) retrieved from /home/airflow/.local/lib/python3.8/site-packages/airflow/example_dags/tutorial_dag.py
[2023-10-14T11:06:56.355+0000] {logging_mixin.py:151} INFO - [2023-10-14T11:06:56.355+0000] {dag.py:2941} INFO - Sync 1 DAGs
[2023-10-14T11:06:56.364+0000] {logging_mixin.py:151} INFO - [2023-10-14T11:06:56.363+0000] {dag.py:3722} INFO - Setting next_dagrun for tutorial_dag to None, run_after=None
[2023-10-14T11:06:56.381+0000] {processor.py:179} INFO - Processing /home/airflow/.local/lib/python3.8/site-packages/airflow/example_dags/tutorial_dag.py took 0.048 seconds
[2023-10-14T11:07:32.411+0000] {processor.py:157} INFO - Started process (PID=1400) to work on /home/airflow/.local/lib/python3.8/site-packages/airflow/example_dags/tutorial_dag.py
[2023-10-14T11:07:32.412+0000] {processor.py:829} INFO - Processing file /home/airflow/.local/lib/python3.8/site-packages/airflow/example_dags/tutorial_dag.py for tasks to queue
[2023-10-14T11:07:32.415+0000] {logging_mixin.py:151} INFO - [2023-10-14T11:07:32.414+0000] {dagbag.py:536} INFO - Filling up the DagBag from /home/airflow/.local/lib/python3.8/site-packages/airflow/example_dags/tutorial_dag.py
[2023-10-14T11:07:32.420+0000] {processor.py:839} INFO - DAG(s) dict_keys(['tutorial_dag']) retrieved from /home/airflow/.local/lib/python3.8/site-packages/airflow/example_dags/tutorial_dag.py
[2023-10-14T11:07:32.440+0000] {logging_mixin.py:151} INFO - [2023-10-14T11:07:32.440+0000] {dag.py:2941} INFO - Sync 1 DAGs
[2023-10-14T11:07:32.468+0000] {logging_mixin.py:151} INFO - [2023-10-14T11:07:32.468+0000] {dag.py:3722} INFO - Setting next_dagrun for tutorial_dag to None, run_after=None
[2023-10-14T11:07:32.492+0000] {processor.py:179} INFO - Processing /home/airflow/.local/lib/python3.8/site-packages/airflow/example_dags/tutorial_dag.py took 0.085 seconds
[2023-10-14T11:08:02.758+0000] {processor.py:157} INFO - Started process (PID=1455) to work on /home/airflow/.local/lib/python3.8/site-packages/airflow/example_dags/tutorial_dag.py
[2023-10-14T11:08:02.759+0000] {processor.py:829} INFO - Processing file /home/airflow/.local/lib/python3.8/site-packages/airflow/example_dags/tutorial_dag.py for tasks to queue
[2023-10-14T11:08:02.761+0000] {logging_mixin.py:151} INFO - [2023-10-14T11:08:02.760+0000] {dagbag.py:536} INFO - Filling up the DagBag from /home/airflow/.local/lib/python3.8/site-packages/airflow/example_dags/tutorial_dag.py
[2023-10-14T11:08:02.765+0000] {processor.py:839} INFO - DAG(s) dict_keys(['tutorial_dag']) retrieved from /home/airflow/.local/lib/python3.8/site-packages/airflow/example_dags/tutorial_dag.py
[2023-10-14T11:08:02.779+0000] {logging_mixin.py:151} INFO - [2023-10-14T11:08:02.779+0000] {dag.py:2941} INFO - Sync 1 DAGs
[2023-10-14T11:08:02.787+0000] {logging_mixin.py:151} INFO - [2023-10-14T11:08:02.787+0000] {dag.py:3722} INFO - Setting next_dagrun for tutorial_dag to None, run_after=None
[2023-10-14T11:08:02.798+0000] {processor.py:179} INFO - Processing /home/airflow/.local/lib/python3.8/site-packages/airflow/example_dags/tutorial_dag.py took 0.043 seconds
[2023-10-14T11:08:33.343+0000] {processor.py:157} INFO - Started process (PID=1510) to work on /home/airflow/.local/lib/python3.8/site-packages/airflow/example_dags/tutorial_dag.py
[2023-10-14T11:08:33.344+0000] {processor.py:829} INFO - Processing file /home/airflow/.local/lib/python3.8/site-packages/airflow/example_dags/tutorial_dag.py for tasks to queue
[2023-10-14T11:08:33.346+0000] {logging_mixin.py:151} INFO - [2023-10-14T11:08:33.345+0000] {dagbag.py:536} INFO - Filling up the DagBag from /home/airflow/.local/lib/python3.8/site-packages/airflow/example_dags/tutorial_dag.py
[2023-10-14T11:08:33.350+0000] {processor.py:839} INFO - DAG(s) dict_keys(['tutorial_dag']) retrieved from /home/airflow/.local/lib/python3.8/site-packages/airflow/example_dags/tutorial_dag.py
[2023-10-14T11:08:33.362+0000] {logging_mixin.py:151} INFO - [2023-10-14T11:08:33.362+0000] {dag.py:2941} INFO - Sync 1 DAGs
[2023-10-14T11:08:33.370+0000] {logging_mixin.py:151} INFO - [2023-10-14T11:08:33.370+0000] {dag.py:3722} INFO - Setting next_dagrun for tutorial_dag to None, run_after=None
[2023-10-14T11:08:33.379+0000] {processor.py:179} INFO - Processing /home/airflow/.local/lib/python3.8/site-packages/airflow/example_dags/tutorial_dag.py took 0.038 seconds
[2023-10-14T11:09:03.810+0000] {processor.py:157} INFO - Started process (PID=1565) to work on /home/airflow/.local/lib/python3.8/site-packages/airflow/example_dags/tutorial_dag.py
[2023-10-14T11:09:03.811+0000] {processor.py:829} INFO - Processing file /home/airflow/.local/lib/python3.8/site-packages/airflow/example_dags/tutorial_dag.py for tasks to queue
[2023-10-14T11:09:03.813+0000] {logging_mixin.py:151} INFO - [2023-10-14T11:09:03.813+0000] {dagbag.py:536} INFO - Filling up the DagBag from /home/airflow/.local/lib/python3.8/site-packages/airflow/example_dags/tutorial_dag.py
[2023-10-14T11:09:03.817+0000] {processor.py:839} INFO - DAG(s) dict_keys(['tutorial_dag']) retrieved from /home/airflow/.local/lib/python3.8/site-packages/airflow/example_dags/tutorial_dag.py
[2023-10-14T11:09:03.832+0000] {logging_mixin.py:151} INFO - [2023-10-14T11:09:03.832+0000] {dag.py:2941} INFO - Sync 1 DAGs
[2023-10-14T11:09:03.839+0000] {logging_mixin.py:151} INFO - [2023-10-14T11:09:03.839+0000] {dag.py:3722} INFO - Setting next_dagrun for tutorial_dag to None, run_after=None
[2023-10-14T11:09:03.850+0000] {processor.py:179} INFO - Processing /home/airflow/.local/lib/python3.8/site-packages/airflow/example_dags/tutorial_dag.py took 0.042 seconds
[2023-10-14T11:09:34.281+0000] {processor.py:157} INFO - Started process (PID=1620) to work on /home/airflow/.local/lib/python3.8/site-packages/airflow/example_dags/tutorial_dag.py
[2023-10-14T11:09:34.282+0000] {processor.py:829} INFO - Processing file /home/airflow/.local/lib/python3.8/site-packages/airflow/example_dags/tutorial_dag.py for tasks to queue
[2023-10-14T11:09:34.283+0000] {logging_mixin.py:151} INFO - [2023-10-14T11:09:34.283+0000] {dagbag.py:536} INFO - Filling up the DagBag from /home/airflow/.local/lib/python3.8/site-packages/airflow/example_dags/tutorial_dag.py
[2023-10-14T11:09:34.287+0000] {processor.py:839} INFO - DAG(s) dict_keys(['tutorial_dag']) retrieved from /home/airflow/.local/lib/python3.8/site-packages/airflow/example_dags/tutorial_dag.py
[2023-10-14T11:09:34.300+0000] {logging_mixin.py:151} INFO - [2023-10-14T11:09:34.300+0000] {dag.py:2941} INFO - Sync 1 DAGs
[2023-10-14T11:09:34.309+0000] {logging_mixin.py:151} INFO - [2023-10-14T11:09:34.309+0000] {dag.py:3722} INFO - Setting next_dagrun for tutorial_dag to None, run_after=None
[2023-10-14T11:09:34.320+0000] {processor.py:179} INFO - Processing /home/airflow/.local/lib/python3.8/site-packages/airflow/example_dags/tutorial_dag.py took 0.041 seconds
